2021-04-15 21:16:54,809 Reading the input fasta file: /mnt/c/Users/ktmea/Projects/plague-phylogeography/results/snippy_multi/all/chromosome/snippy-multi.snps.aln
2021-04-15 21:16:54,816 Reading alignment length...
2021-04-15 21:16:54,816 Alignment length: 2435
2021-04-15 21:16:54,816 Reading alignment sample names...
2021-04-15 21:16:54,817 Number of samples: 28
2021-04-15 21:16:54,817 Analyzing alignment for sites with >=0.85 samples with data...
2021-04-15 21:16:54,828 5% Complete
2021-04-15 21:16:54,837 10% Complete
2021-04-15 21:16:54,850 15% Complete
2021-04-15 21:16:54,860 20% Complete
2021-04-15 21:16:54,876 25% Complete
2021-04-15 21:16:54,888 30% Complete
2021-04-15 21:16:54,906 35% Complete
2021-04-15 21:16:54,931 40% Complete
2021-04-15 21:16:54,946 45% Complete
2021-04-15 21:16:54,959 50% Complete
2021-04-15 21:16:54,978 55% Complete
2021-04-15 21:16:54,998 60% Complete
2021-04-15 21:16:55,031 65% Complete
2021-04-15 21:16:55,047 70% Complete
2021-04-15 21:16:55,070 75% Complete
2021-04-15 21:16:55,092 80% Complete
2021-04-15 21:16:55,155 85% Complete
2021-04-15 21:16:55,203 90% Complete
2021-04-15 21:16:55,266 95% Complete
2021-04-15 21:16:55,330 100% Complete
2021-04-15 21:16:55,340 Creating the filtered multiple alignment..
2021-04-15 21:16:55,370 Writing to the output fasta file: /mnt/c/Users/ktmea/Projects/plague-phylogeography/results/snippy_multi/all/chromosome/filter15/snippy-multi.snps.aln
2021-04-15 21:16:55,446 Parsimony informative sites: 394 (16%)
2021-04-15 21:16:55,453 Biallelic singleton sites: 2038 (83%)
2021-04-15 21:16:55,465 Multiallelic singleton sites: 1 (0%)
2021-04-15 21:16:55,469 Pseudo singleton sites: 2 (0%)
2021-04-15 21:16:55,480 Total singleton sites: 2041 (83%)
2021-04-15 21:16:55,481 Singleton sites passing missing data filter: 0
2021-04-15 21:16:55,481 Parsimony informative sites passing missing data filter: 359
2021-04-15 21:16:55,482 Total sites passing missing data filter: 359
2021-04-15 21:16:55,485 Total sites failing missing data filter: 35
2021-04-15 21:16:55,486 Wrote a multi-fasta alignment of length: 359
