2021-06-16 11:24:47,146 Reading the input fasta file: /2/scratch/keaton/plague-phylogeography/results/snippy_multi/all/chromosome/full/snippy-multi.snps.aln
2021-06-16 11:24:47,148 Reading alignment length...
2021-06-16 11:24:47,149 Alignment length: 483
2021-06-16 11:24:47,149 Reading alignment sample names...
2021-06-16 11:24:47,149 Number of samples: 50
2021-06-16 11:24:47,149 Analyzing alignment for sites with >=0.87 samples with data...
2021-06-16 11:24:47,155 5% Complete
2021-06-16 11:24:47,160 10% Complete
2021-06-16 11:24:47,164 15% Complete
2021-06-16 11:24:47,171 20% Complete
2021-06-16 11:24:47,176 25% Complete
2021-06-16 11:24:47,184 30% Complete
2021-06-16 11:24:47,194 35% Complete
2021-06-16 11:24:47,201 40% Complete
2021-06-16 11:24:47,207 45% Complete
2021-06-16 11:24:47,210 50% Complete
2021-06-16 11:24:47,221 55% Complete
2021-06-16 11:24:47,228 60% Complete
2021-06-16 11:24:47,237 65% Complete
2021-06-16 11:24:47,250 70% Complete
2021-06-16 11:24:47,261 75% Complete
2021-06-16 11:24:47,275 80% Complete
2021-06-16 11:24:47,310 85% Complete
2021-06-16 11:24:47,344 90% Complete
2021-06-16 11:24:47,375 95% Complete
2021-06-16 11:24:47,420 100% Complete
2021-06-16 11:24:47,420 Creating the filtered multiple alignment..
2021-06-16 11:24:47,432 Writing to the output fasta file: /2/scratch/keaton/plague-phylogeography/results/snippy_multi/all/chromosome/full/filter13/snippy-multi.snps.aln
2021-06-16 11:24:47,433 Constant sites: 0 (0%)
2021-06-16 11:24:47,433 Parsimony informative sites: 238 (49%)
2021-06-16 11:24:47,433 Biallelic singleton sites: 245 (50%)
2021-06-16 11:24:47,433 Multiallelic singleton sites: 0 (0%)
2021-06-16 11:24:47,433 Pseudo singleton sites: 0 (0%)
2021-06-16 11:24:47,433 Total singleton sites: 245 (50%)
2021-06-16 11:24:47,433 Singleton sites passing missing data filter: 91
2021-06-16 11:24:47,433 Parsimony informative sites passing missing data filter: 138
2021-06-16 11:24:47,433 Total sites passing missing data filter: 229
2021-06-16 11:24:47,434 Total sites failing missing data filter: 254
2021-06-16 11:24:47,434 Wrote a multi-fasta alignment of length: 229
