#
#model:
#
#<?xml version="1.0" encoding="UTF-8" standalone="no"?><input id="posterior" spec="beast.core.util.CompoundDistribution">
#    <distribution id="prior" spec="beast.core.util.CompoundDistribution">
#        <distribution id="YuleModel.t:tree" spec="beast.evolution.speciation.YuleModel">
#            <parameter id="birthRate.t:tree" name="birthDiffRate" spec="beast.core.parameter.RealParameter">1.0</parameter>
#            <tree id="Tree.t:template-tree" spec="beast.evolution.tree.Tree">
#                <taxonset id="TaxonSet.18S" spec="beast.evolution.alignment.TaxonSet">
#                    <alignment filter="1-798" id="18S" spec="beast.evolution.alignment.FilteredAlignment">
#                    </alignment>
#                </taxonset>
#            </tree>
#        </distribution>
#        <prior id="YuleBirthRatePrior.t:tree" name="distribution" x="@birthRate.t:tree">
#            <Gamma id="Gamma.0" name="distr">
#                <parameter estimate="false" id="RealParameter.0" name="alpha" spec="beast.core.parameter.RealParameter">0.001</parameter>
#                <parameter estimate="false" id="RealParameter.01" name="beta" spec="beast.core.parameter.RealParameter">1000.0</parameter>
#            </Gamma>
#        </prior>
#        <prior id="GammaShapePrior.s:18S" name="distribution">
#            <parameter id="gammaShape.s:18S" name="x" spec="beast.core.parameter.RealParameter">1.0</parameter>
#            <Exponential id="Exponential.0" name="distr">
#                <parameter id="RealParameter.02" lower="0.0" name="mean" spec="beast.core.parameter.RealParameter" upper="0.0">1.0</parameter>
#            </Exponential>
#        </prior>
#        <prior distr="@Exponential.0" id="GammaShapePrior.s:COII" name="distribution">
#            <parameter id="gammaShape.s:COII" name="x" spec="beast.core.parameter.RealParameter">1.0</parameter>
#        </prior>
#        <prior id="kappa1Prior.s:COII" name="distribution">
#            <parameter id="kappa1.s:COII" lower="0.0" name="x" spec="beast.core.parameter.RealParameter">2.0</parameter>
#            <LogNormal id="LogNormalDistributionModel.5" name="distr">
#                <parameter estimate="false" id="RealParameter.35" name="M" spec="beast.core.parameter.RealParameter">1.0</parameter>
#                <parameter estimate="false" id="RealParameter.36" name="S" spec="beast.core.parameter.RealParameter">1.25</parameter>
#            </LogNormal>
#        </prior>
#        <prior id="kappa2Prior.s:COII" name="distribution">
#            <parameter id="kappa2.s:COII" lower="0.0" name="x" spec="beast.core.parameter.RealParameter">2.0</parameter>
#            <LogNormal id="LogNormalDistributionModel.6" name="distr">
#                <parameter estimate="false" id="RealParameter.37" name="M" spec="beast.core.parameter.RealParameter">1.0</parameter>
#                <parameter estimate="false" id="RealParameter.38" name="S" spec="beast.core.parameter.RealParameter">1.25</parameter>
#            </LogNormal>
#        </prior>
#        <prior id="PropInvariantPrior.s:18S" name="distribution">
#            <parameter id="proportionInvariant.s:18S" lower="0.0" name="x" spec="beast.core.parameter.RealParameter" upper="1.0">0.9</parameter>
#            <Uniform id="Uniform.1" name="distr"/>
#        </prior>
#        <prior id="MeanRatePrior.c:clock" name="distribution">
#            <parameter id="ucldMean.c:clock" name="x" spec="beast.core.parameter.RealParameter">1.0</parameter>
#            <Uniform id="Uniform.3" name="distr" upper="Infinity"/>
#        </prior>
#        <prior id="ucldStdevPrior.c:clock" name="distribution">
#            <parameter id="ucldStdev.c:clock" lower="0.0" name="x" spec="beast.core.parameter.RealParameter">0.1</parameter>
#            <Gamma id="Gamma.06" name="distr">
#                <parameter estimate="false" id="RealParameter.013" name="alpha" spec="beast.core.parameter.RealParameter">0.5396</parameter>
#                <parameter estimate="false" id="RealParameter.014" name="beta" spec="beast.core.parameter.RealParameter">0.3819</parameter>
#            </Gamma>
#        </prior>
#        <distribution id="KapalaClade.prior" monophyletic="true" spec="beast.math.distributions.MRCAPrior" tree="@Tree.t:template-tree">
#            <taxonset id="KapalaClade" spec="beast.evolution.alignment.TaxonSet">
#                <taxon id="Colocharis.sp.D3843" spec="beast.evolution.alignment.Taxon"/>
#                <taxon id="Galearia.sp.D3922" spec="beast.evolution.alignment.Taxon"/>
#                <taxon id="Kapala.ivorensis.D2746" spec="beast.evolution.alignment.Taxon"/>
#                <taxon id="Kapala.sp.D3920" spec="beast.evolution.alignment.Taxon"/>
#                <taxon id="Lasiokapala.sp.D3598" spec="beast.evolution.alignment.Taxon"/>
#                <taxon id="Neolirata.alta.D3601" spec="beast.evolution.alignment.Taxon"/>
#            </taxonset>
#            <Normal id="Normal.2" name="distr" offset="23.0">
#                <parameter estimate="false" id="RealParameter.55" name="mean" spec="beast.core.parameter.RealParameter">0.0</parameter>
#                <parameter estimate="false" id="RealParameter.56" name="sigma" spec="beast.core.parameter.RealParameter">2.0</parameter>
#            </Normal>
#        </distribution>
#    </distribution>
#    <distribution id="likelihood" spec="beast.core.util.CompoundDistribution" useThreads="true">
#        <distribution data="@18S" id="treeLikelihood.18S" spec="beast.evolution.likelihood.ThreadedTreeLikelihood" tree="@Tree.t:template-tree">
#            <siteModel gammaCategoryCount="4" id="SiteModel.s:18S" proportionInvariant="@proportionInvariant.s:18S" shape="@gammaShape.s:18S" spec="beast.evolution.sitemodel.SiteModel">
#                <parameter id="mutationRate.s:18S" name="mutationRate" spec="beast.core.parameter.RealParameter">1.0</parameter>
#                <substModel id="JC69.s:18S" spec="beast.evolution.substitutionmodel.JukesCantor"/>
#            </siteModel>
#            <branchRateModel clock.rate="@ucldMean.c:clock" id="RelaxedClock.c:clock" spec="beast.evolution.branchratemodel.UCRelaxedClockModel" tree="@Tree.t:template-tree">
#                <LogNormal S="@ucldStdev.c:clock" id="LogNormalDistributionModel.c:clock" meanInRealSpace="true" name="distr">
#                    <parameter estimate="false" id="RealParameter.015" lower="0.0" name="M" spec="beast.core.parameter.RealParameter" upper="1.0">1.0</parameter>
#                </LogNormal>
#                <rateCategories dimension="18" id="rateCategories.c:clock" spec="beast.core.parameter.IntegerParameter">1</rateCategories>
#            </branchRateModel>
#        </distribution>
#        <distribution branchRateModel="@RelaxedClock.c:clock" id="treeLikelihood.COII" spec="beast.evolution.likelihood.ThreadedTreeLikelihood" tree="@Tree.t:template-tree">
#            <data data="@template-data" filter="799-1047" id="COII" spec="beast.evolution.alignment.FilteredAlignment"/>
#            <siteModel gammaCategoryCount="4" id="SiteModel.s:COII" shape="@gammaShape.s:COII" spec="beast.evolution.sitemodel.SiteModel">
#                <parameter id="mutationRate.s:COII" name="mutationRate" spec="beast.core.parameter.RealParameter">1.0</parameter>
#                <parameter estimate="false" id="proportionInvariant.s:COII" lower="0.0" name="proportionInvariant" spec="beast.core.parameter.RealParameter" upper="1.0">0.0</parameter>
#                <substModel id="tn93.s:COII" kappa1="@kappa1.s:COII" kappa2="@kappa2.s:COII" spec="beast.evolution.substitutionmodel.TN93">
#                    <frequencies id="estimatedFreqs.s:COII" spec="beast.evolution.substitutionmodel.Frequencies">
#                        <parameter dimension="4" id="freqParameter.s:COII" lower="0.0" name="frequencies" spec="beast.core.parameter.RealParameter" upper="1.0">0.25</parameter>
#                    </frequencies>
#                </substModel>
#            </siteModel>
#        </distribution>
#    </distribution>
#</input>
#
Sample	posterior	likelihood	prior	treeLikelihood.18S	treeLikelihood.COII	TreeHeight	YuleModel	birthRate	gammaShape.18S	gammaShape.COII	mutationRate.18S	mutationRate.COII	ucldStdev	rate.mean	rate.variance	rate.coefficientOfVariation	proportionInvariant.18S	kappa1.COII	kappa2.COII	logP(mrca(KapalaClade))	mrca.age(KapalaClade)	ucldMean	freqParameter.COII1	freqParameter.COII2	freqParameter.COII3	freqParameter.COII4
0	-2610.2997075303624	-2530.4716241673095	-79.82808336305268	-1276.5656691633455	-1253.905955003964	0.0750089122	-0.5583601220000001	1.0	1.0	1.0	1.0	1.0	0.1	1.0348213130925197	0.01401273168098636	0.11611441910039655	0.9	2.0	2.0	-67.44328067756207	0.0511534122	1.0	0.25	0.25	0.25	0.25
1000	-2513.4160310534626	-2434.3525164655885	-79.06351458787402	-1242.566924519894	-1191.7855919456943	0.0750089122	-0.5583601220000001	1.0	0.7128261006649663	0.5999540990624531	0.15182270227947736	3.7182549541404706	0.1458621363475682	0.7937436616390325	0.010372166208317468	0.13179250812240834	0.9	1.086431136639542	2.0	-67.44328067756207	0.0511534122	0.7661113295507694	0.25	0.25	0.25	0.25
2000	-2507.1744426395235	-2429.8912397684207	-77.28320287110293	-1241.587161780157	-1188.3040779882635	0.0750089122	-0.5583601220000001	1.0	0.6708986935773374	0.5999540990624531	0.13528770911133325	3.7712466189925955	0.004667127224771717	0.7374878517901898	8.839896740246622E-6	0.00402891809210012	0.9	1.5315706173353312	2.091295999626489	-67.44328067756207	0.0511534122	0.7381385973225173	0.25	0.25	0.2428889214925255	0.2571110785074745
3000	-2498.3260258069577	-2421.669617791494	-76.65640801546337	-1242.076572097125	-1179.593045694369	0.0750089122	-0.5583601220000001	1.0	0.39213797133683875	0.5166511658894292	0.16493318109447713	3.6762382389020383	0.0036753699532403273	0.841633838372092	1.0564062208080019E-5	0.003854171677351734	0.9	1.1574199852078326	2.091295999626489	-67.44328067756207	0.0511534122	0.8443355850215394	0.2690747368456071	0.25	0.22823010690708725	0.25269515624730565
4000	-2486.9787880748636	-2411.489878294671	-75.48890978019222	-1242.499349924477	-1168.9905283701942	0.0750089122	-0.5583601220000001	1.0	0.43190030926143	0.4059016668702133	0.17976810600524948	3.628694985573539	5.734119518314377E-4	0.8071707903723198	1.281568568561803E-7	4.4355371081204563E-4	0.9	1.738705063495012	0.9108076245130301	-67.44328067756207	0.0511534122	0.806966055379285	0.2690747368456071	0.2464305896798073	0.23179951722727996	0.25269515624730565
5000	-2481.990345390876	-2404.170340838146	-77.82000455273014	-1241.1979913762823	-1162.9723494618636	0.0750089122	-0.5583601220000001	1.0	0.5136607450809803	0.5377786196683205	0.08403386491306156	3.9355059269051296	0.048567301677383566	0.899405179503167	9.233085084147298E-4	0.03362052828503514	0.9	1.738705063495012	0.7243463857981418	-67.44328067756207	0.0511534122	0.9017540719678517	0.2908842206435007	0.23844130755999038	0.22114412817034673	0.24953034362616217
6000	-2485.145452454932	-2406.4061898649215	-78.7392625900106	-1242.6571857381757	-1163.7490041267456	0.0750089122	-0.5583601220000001	1.0	0.7912985019030933	0.5377786196683205	0.12458526814213325	3.805546008122804	0.12116363858725204	0.9123708574843721	0.008113523983638982	0.0990300923069453	0.9	1.8134843430249643	0.7243463857981418	-67.44328067756207	0.0511534122	0.9101816615081022	0.2908842206435007	0.23844130755999038	0.22114412817034673	0.24953034362616217
7000	-2485.4542947897935	-2407.072913065269	-78.38138172452462	-1245.1936962834477	-1161.8792167818212	0.0750089122	-0.5583601220000001	1.0	0.8158660373867307	0.5377786196683205	0.21642996576957899	3.5112003506661695	0.06336143494086621	0.825414388025365	0.0017850910140652077	0.050322438218750265	0.9	1.8134843430249643	0.9563243727831945	-67.44328067756207	0.0511534122	0.841486183310944	0.29577530820638304	0.22404658605824893	0.23064776210920587	0.24953034362616217
8000	-2478.9092235899925	-2400.5230425642276	-78.38618102576515	-1241.5380818688645	-1158.9849606953628	0.0750089122	-0.5583601220000001	1.0	0.5563375646105317	0.3627946845347671	0.15581230078414468	3.70546901194479	0.13113858320564428	0.7094346855931347	0.018213844890833608	0.17638602295470393	0.9	1.8134843430249643	0.6956884443105386	-67.44328067756207	0.0511534122	0.7556819175666145	0.29898616759959923	0.22404658605824893	0.22664725733019014	0.2503199890119617
9000	-2479.785074232142	-2402.204522025018	-77.58055220712431	-1240.8279207748308	-1161.3766012501872	0.0750089122	-0.5583601220000001	1.0	0.38143454261082604	0.19237268471226135	0.12958499898467893	3.7895227743382582	0.05156008753457772	0.7630829612536334	0.001547147678851122	0.051419511918126284	0.9	2.2055543044941834	0.7867970194723733	-67.44328067756207	0.0511534122	0.7443088487435114	0.29898616759959923	0.22404658605824893	0.22664725733019014	0.2503199890119617
10000	-2477.2289972557014	-2399.4656937235227	-77.76330353217882	-1241.604684434509	-1157.8610092890137	0.0750089122	-0.5583601220000001	1.0	0.412611790875854	0.289731459379341	0.16420105877844726	3.6785845586136516	0.07349092164020991	0.7033172845555364	0.0018871206469393451	0.06164027758637315	0.9	1.7222579761570858	0.8836669990560498	-67.44328067756207	0.0511534122	0.6876892406311875	0.29898616759959923	0.22404658605824893	0.22664725733019014	0.2503199890119617
11000	-2476.181749154641	-2398.95194522697	-77.22980392767077	-1241.7962561312481	-1157.155689095722	0.0750089122	-0.5583601220000001	1.0	0.5120750468947434	0.27956242579305196	0.08058264857077169	3.9465664515683705	0.020242764784860357	0.7393329888993001	2.4020615705460467E-4	0.02096811373572522	0.9	1.8520221375581094	1.0478266318103542	-67.44328067756207	0.0511534122	0.7376093100366352	0.29898616759959923	0.2265870991945225	0.22410674419391657	0.2503199890119617
12000	-2473.1013401092373	-2395.2372271646173	-77.86411294462023	-1240.7733058770305	-1154.4639212875866	0.0750089122	-0.5583601220000001	1.0	0.5120750468947434	0.27956242579305196	0.09941752805540954	3.8862040667139888	0.08647098663451976	0.687804119127088	0.0031422714986425334	0.08058935066744084	0.9	1.3473663445847168	1.0478266318103542	-67.44328067756207	0.0511534122	0.7052713153673815	0.3055287822275508	0.2254086922486169	0.21874253651187062	0.2503199890119617
13000	-2468.10285627955	-2392.1210110057436	-75.98184527380644	-1240.7684110461946	-1151.3525999595493	0.0750089122	-0.5583601220000001	1.0	0.4007826603430298	0.2958314174400594	0.11340267120694221	3.841384210348836	0.003018207484881843	0.7145293050526385	2.769012644253118E-6	0.0023307731573333846	0.9	1.3473663445847168	0.9818174822589553	-67.44328067756207	0.0511534122	0.7141293373266545	0.3055287822275508	0.22156806455425002	0.21874253651187062	0.25416061670632856
14000	-2469.1998035760867	-2392.610585893187	-76.58921768289989	-1240.7354803911785	-1151.8751055020082	0.0750089122	-0.5583601220000001	1.0	0.4007826603430298	0.268689594426331	0.13040241226981333	3.7869031124846946	0.013619960534811184	0.7104741051871208	9.23138606682588E-5	0.013495054376282564	0.9	1.3473663445847168	0.6656665430981171	-67.44328067756207	0.0511534122	0.712374495106434	0.3058791376834217	0.22121770909837918	0.21874253651187062	0.25416061670632856
15000	-2473.9185180433133	-2396.5986293661335	-77.31988867717983	-1242.9604435078616	-1153.6381858582722	0.0750089122	-0.5583601220000001	1.0	0.28082786390098263	0.3869502865353149	0.23342283207656656	3.4567412851522086	0.05413089121370122	0.7270314016583547	0.0015141412992797515	0.05338084452804734	0.9	1.325311373864273	0.6656665430981171	-67.44328067756207	0.0511534122	0.7151060678750726	0.3058791376834217	0.22121770909837918	0.21874253651187062	0.25416061670632856
16000	-2469.0313944908744	-2391.692324889125	-77.33906960174951	-1242.0139337097748	-1149.67839117935	0.0750089122	-0.5583601220000001	1.0	0.28082786390098263	0.3243823443980213	0.1289571696915444	3.791534853759629	0.06205317387342246	0.6961747054489144	0.0014696710755048516	0.05482463192145924	0.8259636151129361	1.325311373864273	0.6523561434351625	-67.44328067756207	0.0511534122	0.7172446481194317	0.3126407343301667	0.22121770909837918	0.2111530346785766	0.2549885218928776
17000	-2469.8507380199912	-2391.9046338662283	-77.94610415376275	-1242.0072937163009	-1149.8973401499277	0.0750089122	-0.5583601220000001	1.0	0.24117771038267374	0.28798196119193625	0.13514199344965871	3.7717136113541065	0.1387941170166483	0.8814130282859363	0.017300198489746524	0.14372919866396192	0.8259636151129361	1.5547809057775126	0.7447457452399983	-67.44328067756207	0.0511534122	0.8610721831654635	0.3126407343301667	0.22121770909837918	0.2111530346785766	0.2549885218928776
18000	-2462.1601346310104	-2385.4663418333057	-76.69379279770463	-1242.590439214757	-1142.8759026185485	0.0750089122	-0.5583601220000001	1.0	0.3318304135264006	0.28798196119193625	0.1194981320658306	3.821849359885411	0.015548961961243927	0.8386387448204699	9.309161699016434E-5	0.01149228473262404	0.8259636151129361	1.5547809057775126	0.6830133532204503	-67.44328067756207	0.0511534122	0.8434047442175218	0.3030689774998949	0.22121770909837918	0.20384406409532524	0.2718692493064007
19000	-2464.1581158380777	-2386.4714167180473	-77.68669912003021	-1243.2389586879995	-1143.2324580300478	0.0750089122	-0.5583601220000001	1.0	0.1998340942031387	0.28798196119193625	0.14455901435688995	3.7415337612176787	0.09843674128402957	0.9157122605990794	0.004574722387300807	0.07529289218602232	0.8259636151129361	1.6576743310925017	0.7587911673904194	-67.44328067756207	0.0511534122	0.8973201805423402	0.3030689774998949	0.22121770909837918	0.20384406409532524	0.2718692493064007
20000	-2456.4051674642765	-2378.4589800384138	-77.9461874258629	-1240.485762506532	-1137.973217531882	0.0750089122	-0.5583601220000001	1.0	0.18883091037584002	0.33563634511367585	0.0927218945252441	3.9076623621239164	0.12484584136492063	0.9671265855282484	0.01545883493487902	0.12778390479130228	0.933432196615363	1.6576743310925017	0.9111552264625306	-67.44328067756207	0.0511534122	0.9476278310491756	0.31037981469890474	0.21313549174409072	0.1999075213656856	0.276577172191319
21000	-2454.1689072840027	-2378.289551921635	-75.87935536236786	-1240.1821645419445	-1138.1073873796904	0.0750089122	-0.5583601220000001	1.0	0.22405076929697035	0.38115589756031726	0.12075596601468033	3.8178182293987355	0.0031350193570264563	0.8775474361733806	5.8885958270283214E-6	0.0027630171701357085	0.933432196615363	1.467177099391922	0.7156990267061916	-67.44328067756207	0.0511534122	0.8784844444962863	0.31037981469890474	0.21313549174409072	0.1999075213656856	0.276577172191319
22000	-2460.3125611416644	-2383.3073751049606	-77.00518603670406	-1240.5313290951362	-1142.7760460098243	0.0750089122	-0.5583601220000001	1.0	0.38431450383578736	0.45002827762395226	0.11988178383888565	3.820619825287426	0.019328019766427295	1.0057639964187153	3.868848569506788E-4	0.019613689842587365	0.933432196615363	1.4474665049128066	0.8172350385736747	-67.44328067756207	0.0511534122	0.9985268404592005	0.30352042649439087	0.226166400985637	0.19373600032865315	0.276577172191319
23000	-2453.315519907381	-2376.7436295038765	-76.57189040350414	-1240.5833919230972	-1136.1602375807793	0.0750089122	-0.5583601220000001	1.0	0.14848199897190018	0.2879725039806653	0.09041091215524188	3.9150686429723565	0.023433949221776093	0.8236190832568272	4.390959441334276E-4	0.025520606139897362	0.8656954901984718	1.2057769852177491	0.6465255167524226	-67.44328067756207	0.0511534122	0.8199092326355412	0.31350001103598873	0.226166400985637	0.18134019551450645	0.27899339246386784
24000	-2449.4035050583934	-2372.7888591522633	-76.61464590612997	-1239.9265291143506	-1132.8623300379127	0.0750089122	-0.5583601220000001	1.0	0.27031709387792624	0.33190852287841804	0.10195064462068702	3.878085885914424	0.006645842996829768	0.8791002027061335	3.328138348585495E-5	0.006570907165160652	0.9363843137504663	2.0125800497575317	1.19739023743838	-67.44328067756207	0.0511534122	0.8773567536543195	0.31350001103598873	0.226166400985637	0.17192023492897654	0.28841335304939775
25000	-2446.593886137705	-2369.865897567266	-76.72798857043898	-1240.541110772371	-1129.3247867948949	0.0750089122	-0.5583601220000001	1.0	0.10704579502904742	0.33190852287841804	0.1037121328974495	3.872440634328656	0.013386285024475074	0.8652118717744489	1.4661692456425254E-4	0.013979938251626594	0.9363843137504663	1.8557243801634569	1.19739023743838	-67.44328067756207	0.0511534122	0.8698200421252055	0.32331921740560715	0.21224136319639045	0.17758343328347845	0.286855986114524
26000	-2447.64626823647	-2371.5267898137527	-76.11947842271735	-1242.5828005012356	-1128.943989312517	0.0750089122	-0.5583601220000001	1.0	0.17196461288869466	0.33190852287841804	0.1927424580184649	3.587114532133595	0.004304481372439673	0.8650376654035947	1.1355774734879998E-5	0.003896662718487506	0.9363843137504663	1.5460788396733498	1.19739023743838	-67.44328067756207	0.0511534122	0.8661654759308717	0.3167437425397158	0.21224136319639045	0.17758343328347845	0.29343146098041534
27000	-2447.313890728098	-2372.7116949322744	-74.60219579582383	-1243.221547712989	-1129.4901472192857	0.0750089122	-0.5583601220000001	1.0	0.17196461288869466	0.33190852287841804	0.2161321718698504	3.5121547262966253	3.8971843037605543E-4	0.8342091415301569	6.782916109221196E-8	3.12191986953947E-4	0.8765382243193842	0.9797633386029675	0.5568383674653617	-67.44328067756207	0.0511534122	0.8341458778121699	0.3239342571999473	0.22017293879791952	0.1633740543685849	0.29251874963354835
28000	-2439.477729634228	-2362.7878097296293	-76.68991990459882	-1241.0960588546498	-1121.6917508749796	0.0750089122	-0.5583601220000001	1.0	0.12357849454315688	0.19464320777830318	0.1537382976180611	3.71211581727224	0.01627581248259205	0.8692334535979969	1.8204619230457965E-4	0.015508359780875116	0.8765382243193842	2.0670882466130482	0.9286720720853284	-67.44328067756207	0.0511534122	0.874068673790902	0.3456086059340683	0.22017293879791952	0.1416997056344639	0.29251874963354835
29000	-2437.5749576383864	-2361.5327542150912	-76.04220342329538	-1240.1755366178568	-1121.3572175972345	0.0750089122	-0.5583601220000001	1.0	0.06899723057284746	0.19464320777830318	0.11686218098116674	3.830297106735058	0.004790793584034038	0.8936663945818771	1.3618163138635873E-5	0.004128337614783814	0.8765382243193842	2.0670882466130482	0.9286720720853284	-67.44328067756207	0.0511534122	0.8919805566136073	0.3456086059340683	0.21304947187579032	0.1488231725565931	0.29251874963354835
30000	-2434.9460730205037	-2357.258884829187	-77.68718819131651	-1240.0422837663061	-1117.2166010628807	0.0750089122	-0.5583601220000001	1.0	0.08891476710171589	0.26573835208605756	0.11754611944803273	3.82810520755209	0.09814652253319295	0.9310330698694846	0.009086026671638926	0.10367374818163853	0.8765382243193842	1.86667759517153	0.9286720720853284	-67.44328067756207	0.0511534122	0.9126369491188242	0.3456086059340683	0.21304947187579032	0.14124531039382324	0.30009661179631825
31000	-2433.2741936993257	-2355.2963814902337	-77.97781220909198	-1239.825753355122	-1115.4706281351116	0.0750089122	-0.5583601220000001	1.0	0.08641161484090745	0.2933557518957945	0.06255135051736141	4.004353503161229	0.15188355012117638	1.0940259062059987	0.022000702224846996	0.12885169582053185	0.9361754086789172	1.86667759517153	0.5585148034339469	-67.44328067756207	0.0511534122	1.170091063246062	0.3526881519781522	0.2118902922227224	0.12717313583833625	0.3082484199607892
32000	-2430.2493927167657	-2352.5199461764932	-77.72944654027256	-1240.6908272508717	-1111.8291189256215	0.0750089122	-0.5583601220000001	1.0	0.028048872668227406	0.26650225672331057	0.08362406882902787	3.936819249294925	0.09358148372710397	0.9832875979975667	0.00627347723248442	0.0788963605440108	0.9361754086789172	2.200005263616756	0.9370235395245244	-67.44328067756207	0.0511534122	1.003114966408333	0.3530994810339016	0.21147896316697296	0.12717313583833625	0.3082484199607892
33000	-2436.969435712345	-2359.5208746685075	-77.44856104383716	-1245.649910174691	-1113.8709644938162	0.0750089122	-0.5583601220000001	1.0	0.03147027936165112	0.26650225672331057	0.16084524866000013	3.689339323571568	0.06222336919130628	1.0271405216396392	0.004522692687140802	0.067166249833081	0.9361754086789172	2.200005263616756	0.8938489005592778	-67.44328067756207	0.0511534122	0.9756069159356016	0.348173560468218	0.2164048837326565	0.12717313583833625	0.3082484199607892
34000	-2432.137246063079	-2355.1974854638556	-76.93976059922362	-1242.5404646283728	-1112.6570208354829	0.0750089122	-0.5583601220000001	1.0	0.03147027936165112	0.26650225672331057	0.13077490072553863	3.7857093543012885	0.020441880040259937	0.9077226023697365	2.1405976067303168E-4	0.01612866508343828	0.9361754086789172	2.4929825803905756	0.8938489005592778	-67.44328067756207	0.0511534122	0.9033376635469714	0.348173560468218	0.2164048837326565	0.12663670120449647	0.308784854594629
35000	-2425.7886722244652	-2351.519641879685	-74.2690303447801	-1240.8774891857254	-1110.6421526939594	0.0750089122	-0.5583601220000001	1.0	0.05333660280601695	0.2531649830768116	0.09847214617767225	3.889233844779993	7.60915630559739E-5	0.8796045904021602	4.765130896200559E-9	7.847746177300727E-5	0.9361754086789172	2.4929825803905756	0.7031395158199011	-67.44328067756207	0.0511534122	0.8796123042983087	0.3434974377863302	0.21181109049283178	0.12663670120449647	0.31805477051634157
36000	-2426.317068766084	-2350.8760483624333	-75.44102040365058	-1241.1607107032826	-1109.7153376591507	0.0750089122	-0.5583601220000001	1.0	0.09882177607943178	0.38922646229588653	0.13526435350949068	3.7713214694756108	6.519250232844932E-4	1.027326270346981	5.909870061607191E-7	7.484595500237103E-4	0.880907050011862	2.4929825803905756	0.7031395158199011	-67.44328067756207	0.0511534122	1.0270468218099809	0.34447510786930446	0.20970849246731876	0.12190823149288528	0.3239081681704915
37000	-2426.0949935091908	-2350.4122488393277	-75.68274466986317	-1240.6576573976574	-1109.75459144167	0.0750089122	-0.5583601220000001	1.0	0.12422541406625869	0.2661929078798636	0.10977707307684964	3.8530035971272074	0.0011371978965339141	1.0913793748659204	2.009186948329362E-6	0.0012990628631578463	0.880907050011862	2.743541162281679	0.5200345344118842	-67.44328067756207	0.0511534122	1.0912286815558274	0.34447510786930446	0.20956547836577863	0.1220512455944254	0.3239081681704915
38000	-2428.0758901074632	-2351.2354599056735	-76.8404302017897	-1240.3607657792927	-1110.874694126381	0.0750089122	-0.5583601220000001	1.0	0.10994853869665017	0.2130166132005262	0.0817621112482749	3.9427864868428806	0.027581420984526858	0.822844759561369	5.781106129725207E-4	0.029270864909569833	0.880907050011862	1.933163732065048	0.5132858843607759	-67.44328067756207	0.0511534122	0.8236430653649294	0.34447510786930446	0.20956547836577863	0.1220512455944254	0.3239081681704915
39000	-2427.7579656721186	-2349.714933723393	-78.0430319487256	-1239.803200710265	-1109.9117330131285	0.0750089122	-0.5583601220000001	1.0	0.11311247060499294	0.24768869442607658	0.12357914120149754	3.8087704631373716	0.1110529820457171	0.793049472930147	0.005125641252635947	0.08888712632932692	0.880907050011862	2.4847149919623974	0.9740427435919294	-67.44328067756207	0.0511534122	0.7755121793577963	0.34447510786930446	0.20956547836577863	0.1220512455944254	0.3239081681704915
40000	-2426.157928128021	-2348.838687105944	-77.319241022077	-1240.155806761828	-1108.682880344116	0.0750089122	-0.5583601220000001	1.0	0.09244501170834157	0.24768869442607658	0.11078454370646909	3.8497748358322816	0.041420083473259685	0.9711974095995146	0.0021832923947711696	0.04776773433625865	0.880907050011862	2.4847149919623974	0.754695932653465	-67.44328067756207	0.0511534122	0.9687595960510806	0.3464579153356259	0.20956547836577863	0.1220512455944254	0.32192536070417005
41000	-2426.311748979697	-2349.2801458223585	-77.0316031573385	-1241.4455754230048	-1107.8345703993537	0.0750089122	-0.5583601220000001	1.0	0.09244501170834157	0.22672399833338994	0.16131056625544116	3.687848064771721	0.015705900063671632	0.8008298963512693	2.0903802102342116E-4	0.01805469844595844	0.8394471672862668	3.165871471395538	0.754695932653465	-67.44328067756207	0.0511534122	0.7989295613364803	0.3569052983105977	0.19519893880687128	0.12597040217836097	0.32192536070417005
42000	-2425.036763950396	-2348.8082236522537	-76.22854029814224	-1243.3679806844104	-1105.4402429678432	0.0750089122	-0.5583601220000001	1.0	0.09244501170834157	0.22672399833338994	0.12656257554307243	3.7992090952475053	0.006855469060338881	0.9229149881001909	3.782922786282444E-5	0.006660321542874906	0.7198358107788543	2.1115647439205087	0.7273608140617834	-67.44328067756207	0.0511534122	0.9259732212115094	0.3569052983105977	0.18885718136023025	0.132312159625002	0.32192536070417005
43000	-2421.974499223607	-2344.541183605943	-77.43331561766391	-1240.2904620344057	-1104.250721571537	0.0750089122	-0.5583601220000001	1.0	0.14235727130554163	0.22672399833338994	0.13104364816030592	3.7848480673416725	0.06486629404683159	0.8906502762026187	0.0031737790916421668	0.06264830266549412	0.914785431485409	2.051226085694401	0.6883057884286484	-67.44328067756207	0.0511534122	0.893668113648177	0.36130822952238095	0.18555131238763886	0.12914418420568816	0.32399627388429203
44000	-2422.3777150403316	-2345.4500870042402	-76.9276280360913	-1241.8170140359837	-1103.6330729682566	0.0750089122	-0.5583601220000001	1.0	0.19926294562310148	0.2909054861584259	0.19051723699489181	3.594245963365771	0.023431196468130362	0.8523877720166712	3.318658964730421E-4	0.02116831678523801	0.914785431485409	1.7773998403154103	0.9181861047177241	-67.44328067756207	0.0511534122	0.8624617076744359	0.36130822952238095	0.18555131238763886	0.1291315866727181	0.3240088714172621
45000	-2417.7942888440675	-2340.655922505537	-77.13836633853066	-1240.544749903737	-1100.1111726018003	0.0750089122	-0.5583601220000001	1.0	0.16334395435718227	0.2909054861584259	0.13139502158728264	3.783721979009434	0.01934364251932645	0.9035170016144051	3.729360619287203E-4	0.021423113371279803	0.914785431485409	2.660148709806206	0.9181861047177241	-67.44328067756207	0.0511534122	0.8982222173802866	0.3705179165347364	0.17634057735991418	0.12814323847495196	0.3249982676303975
46000	-2414.6466970225383	-2338.420907702476	-76.22578932006215	-1240.0496477425195	-1098.3712599599564	0.0750089122	-0.5583601220000001	1.0	0.16334395435718227	0.2909054861584259	0.1256701076809342	3.802069293456286	0.004691318673740149	0.8219007863500556	1.915509893060161E-5	0.005325991553260033	0.914785431485409	1.9150674985124787	1.1050208484539368	-67.44328067756207	0.0511534122	0.8226868787499265	0.3705179165347364	0.1616592526055994	0.13732279229636676	0.3305000385632975
47000	-2417.068092707004	-2340.0077170078507	-77.06037569915333	-1240.4381464952871	-1099.5695705125636	0.0750089122	-0.5583601220000001	1.0	0.08596801173592493	0.2909054861584259	0.06103796227198857	4.00920363898375	0.03683550983388688	0.9244821122526575	0.0014040123944900177	0.04036534169456291	0.914785431485409	1.9150674985124787	0.7289348163795671	-67.44328067756207	0.0511534122	0.9306258219572197	0.3633766245405811	0.1616592526055994	0.14172926403928987	0.3332348588145297
48000	-2416.4573666618294	-2338.483033430588	-77.97433323124125	-1239.8455481981523	-1098.637485232436	0.0750089122	-0.5583601220000001	1.0	0.07729196707433593	0.2756657320588986	0.1266826339305273	3.798824329813011	0.14813296938489465	0.8016881139850479	0.02125991112417714	0.17657742082766106	0.914785431485409	1.183590955892857	1.559436446506302	-67.44328067756207	0.0511534122	0.810473767975742	0.3805585245249885	0.15052786426662157	0.1329811905135659	0.3359324206948241
49000	-2413.257983577585	-2337.5798149146676	-75.67816866291739	-1240.0129932574018	-1097.5668216572656	0.0750089122	-0.5583601220000001	1.0	0.020436244533414097	0.35108962355530454	0.1104213007956023	3.8509389637153	0.0027055610781944227	0.8082867676739552	5.959611582433127E-6	0.0030184943566743025	0.914785431485409	1.4312050154390707	1.0854315338499358	-67.44328067756207	0.0511534122	0.8092254171505503	0.37172419445962257	0.15052786426662157	0.14181552057893188	0.3359324206948241
50000	-2415.410090181675	-2338.750370945665	-76.65971923601	-1242.0753625142675	-1096.6750084313974	0.0750089122	-0.5583601220000001	1.0	0.029531204069811485	0.24739611772754305	0.13965311052359183	3.7572562963942735	0.022481529115926612	1.0381678772984209	4.862390800114374E-4	0.02131859666365998	0.914785431485409	1.4312050154390707	1.212343085203305	-67.44328067756207	0.0511534122	1.0286135568085648	0.37172419445962257	0.15047223717860383	0.14046037399639955	0.3373431943653742
51000	-2414.940985883681	-2337.3750257115066	-77.56596017217448	-1240.6106663462313	-1096.7643593652754	0.0750089122	-0.5583601220000001	1.0	0.016872508184469642	0.24739611772754305	0.06428898767111416	3.9987846901142623	0.0590650354033517	0.9118836298637696	0.002289576450587865	0.052518150355596184	0.914785431485409	2.71432751009259	0.854223173742291	-67.44328067756207	0.0511534122	0.9104839418685542	0.3728307757972818	0.14263681258675648	0.14718921725058767	0.3373431943653742
52000	-2412.4194563085684	-2335.752536766105	-76.66691954246323	-1240.1917930356965	-1095.5607437304086	0.0750089122	-0.5583601220000001	1.0	0.0049500796724353925	0.3273922606601067	0.06880230909972167	3.9843203105960736	0.017026290328377595	0.8988357831544542	1.8185444891161313E-4	0.014979520416530214	0.914785431485409	1.9734620900957474	0.8594423329012931	-67.44328067756207	0.0511534122	0.8928759462787378	0.3649236101244425	0.14263681258675648	0.14718921725058767	0.34525036003821347
53000	-2415.087612273321	-2338.2456313900975	-76.84198088322348	-1242.2844304826613	-1095.9612009074363	0.0750089122	-0.5583601220000001	1.0	0.008838904065517995	0.20370754792758392	0.1681462495760221	3.665940935093713	0.03000541914889661	0.896813982002143	5.020508205313127E-4	0.024861297644989677	0.914785431485409	1.9734620900957474	0.8594423329012931	-67.44328067756207	0.0511534122	0.8928759462787378	0.3689641430404998	0.1385962796706992	0.14718921725058767	0.34525036003821347
54000	-2410.889444192631	-2334.2311754615466	-76.65826873108445	-1240.5963886526063	-1093.6347868089401	0.0750089122	-0.5583601220000001	1.0	0.013391263521787338	0.32137993449303837	0.10710598264044267	3.861563959248702	0.016044649764523047	1.0590490680996805	2.4160805806595366E-4	0.014666463156288254	0.914785431485409	2.020312878634377	0.8594423329012931	-67.44328067756207	0.0511534122	1.0611272838866066	0.37490329461236266	0.1385962796706992	0.14125006567872478	0.34525036003821347
55000	-2412.581530236019	-2335.570939594862	-77.01059064115684	-1242.8464689198747	-1092.7244706749873	0.0750089122	-0.5583601220000001	1.0	0.013391263521787338	0.2968383580480803	0.15068858315668288	3.7218896009677396	0.013579619983198418	1.0697550444714643	1.4711247342841656E-4	0.01133579555570918	0.914785431485409	2.380904298072544	1.6760335109540565	-67.44328067756207	0.0511534122	1.0741519083647117	0.37567647341286703	0.13762310426042618	0.1422518905022519	0.344448531824455
56000	-2409.720967603806	-2334.6110965664348	-75.10987103737129	-1242.5081155711043	-1092.1029809953302	0.0750089122	-0.5583601220000001	1.0	0.008073253197125164	0.2968383580480803	0.17367269991954712	3.6482296604988016	5.825317470556196E-4	0.8913655767714315	2.335919887954372E-7	5.422308465837757E-4	0.914785431485409	1.954642165957741	1.0751115575301802	-67.44328067756207	0.0511534122	0.8912261248479458	0.3797284640604321	0.13357111361286114	0.1422518905022519	0.344448531824455
57000	-2407.362299478021	-2330.3688877863387	-76.99341169168245	-1240.054455610833	-1090.314432175506	0.0750089122	-0.5583601220000001	1.0	0.012650289014366316	0.4302685970535932	0.09740122749638006	3.892665945614012	0.022756620083730375	0.8755210391720087	3.8058706253623264E-4	0.022364581229859546	0.914785431485409	1.954642165957741	1.0751115575301802	-67.44328067756207	0.0511534122	0.8784415377492147	0.3692334597505171	0.11750193181865859	0.1422518905022519	0.37101271792857254
58000	-2405.4052868156004	-2329.6407453469874	-75.76454146861298	-1241.3606172495968	-1088.2801280973906	0.0750089122	-0.5583601220000001	1.0	0.13059464874259585	0.30788884582784143	0.1616167407942167	3.6868668307076926	9.978496639158493E-4	0.892751946183607	1.007906318581081E-6	0.001124737158301476	0.914785431485409	1.954642165957741	1.7458343439546582	-67.44328067756207	0.0511534122	0.892565227842657	0.3497254857176477	0.11999172364676888	0.1422518905022519	0.38803090013333164
59000	-2403.357443454199	-2326.2512445839966	-77.10619887020223	-1242.2309267274175	-1084.0203178565791	0.0750089122	-0.5583601220000001	1.0	0.13059464874259585	0.30788884582784143	0.161400526802715	3.6875597574756376	0.028376580855254227	1.029845849617256	9.510443057819703E-4	0.0298014708620483	0.914785431485409	1.954642165957741	1.0774721420866513	-67.44328067756207	0.0511534122	1.0333332823263135	0.3497254857176477	0.12719129164474854	0.11750736846026794	0.40557585417733594
60000	-2405.1157661866932	-2326.5371407663597	-78.57862542033352	-1240.8580124846083	-1085.6791282817517	0.0750089122	-0.5583601220000001	1.0	0.0782680519730948	0.2672424795756288	0.08712393086361994	3.925602823979243	0.1664071463384088	0.9603475788717472	0.02931324613115665	0.1832872599950918	0.914785431485409	2.8033293064819595	1.239690170553573	-67.44328067756207	0.0511534122	0.9977121373146833	0.3497254857176477	0.11261070580744852	0.13208795429756795	0.40557585417733594
61000	-2399.333171861531	-2321.6019850915263	-77.73118677000467	-1240.1237804847867	-1081.4782046067394	0.0750089122	-0.5583601220000001	1.0	0.06081200943327823	0.2672424795756288	0.1048408219337394	3.8688233899472935	0.0649904158196078	0.94303886988634	0.0033302108732692717	0.061242827567686356	0.914785431485409	1.4473874304697754	2.2306786180864897	-67.44328067756207	0.0511534122	0.9420545111449168	0.35946634724292204	0.08536257250898456	0.13208795429756795	0.4230831259505256
62000	-2398.4328054049156	-2320.812061838056	-77.62074356685962	-1239.866113084084	-1080.9459487539718	0.0750089122	-0.5583601220000001	1.0	0.17088757894275738	0.23060499858979444	0.0730270563441854	3.9707807591861046	0.0312342467751132	1.155830240068465	7.997722521452255E-4	0.02457163832767146	0.914785431485409	2.038508120703249	2.2306786180864897	-67.44328067756207	0.0511534122	1.1482224107049168	0.35946634724292204	0.08536257250898456	0.13208795429756795	0.4230831259505256
63000	-2396.3256233029356	-2318.532999171571	-77.79262413136445	-1240.565563061266	-1077.9674361103052	0.0750089122	-0.5583601220000001	1.0	0.22501399587069215	0.17720030510941776	0.14017662849918772	3.7555785158941695	0.03515181630025653	0.8547819911186122	0.0011677593326950384	0.039950512844736	0.914785431485409	2.038508120703249	2.507343481434176	-67.44328067756207	0.0511534122	0.8488536699294912	0.4049311748361294	0.08536257250898456	0.10295436960005325	0.40675188305483295
64000	-2396.382332292642	-2319.0556076062994	-77.32672468634246	-1242.468213412726	-1076.5873941935733	0.0750089122	-0.5583601220000001	1.0	0.20971249099658082	0.1854434842529804	0.11522084236901144	3.8355573003595542	0.010364906950893682	1.5356453793473572	1.4094009589066267E-4	0.007724755822243135	0.914785431485409	4.150625290873142	1.0751670029388658	-67.44328067756207	0.0511534122	1.5326851953478051	0.4049311748361294	0.08536257250898456	0.08477652886431823	0.424929723790568
65000	-2393.299383281645	-2315.3122091449904	-77.98717413665445	-1241.4810573573868	-1073.8311517876036	0.0750089122	-0.5583601220000001	1.0	0.1420616784785837	0.20283409195197363	0.16359788399358688	3.6805176247916376	0.03669109872759572	0.8765500887073624	6.874859147766373E-4	0.0298667057811906	0.914785431485409	3.418997437157993	1.7995050857633474	-67.44328067756207	0.0511534122	0.8760242802683038	0.41611054905951833	0.08536257250898456	0.07359715464092928	0.424929723790568
66000	-2397.564894002307	-2317.7278518929597	-79.8370421093475	-1240.0300387452546	-1077.6978131477051	0.0750089122	-0.5583601220000001	1.0	0.14027955161366876	0.27310972294010216	0.08474516545711525	3.933226337209727	0.2303153399502896	0.7871530279846815	0.024795433131838837	0.19862420328612196	0.914785431485409	3.418997437157993	2.9127202587508525	-67.44328067756207	0.0511534122	0.7271221494841742	0.41611054905951833	0.06153266677968338	0.07359715464092928	0.44875962951986914
67000	-2391.937106830542	-2313.718539145304	-78.21856768523777	-1240.7334515443345	-1072.9850876009696	0.0750089122	-0.5583601220000001	1.0	0.13173795255361967	0.20748173048243698	0.10495591813979128	3.8684545274074162	0.05898707230935368	1.1643811068108505	0.0029313214046103936	0.04678780326347442	0.914785431485409	3.418997437157993	1.7022563710332415	-67.44328067756207	0.0511534122	1.1838726336212826	0.4153875997327148	0.08605488676477446	0.06670914919705294	0.431848364305458
68000	-2394.6866112986363	-2315.15791161819	-79.528699680446	-1241.9319428380975	-1073.225968780093	0.0750089122	-0.5583601220000001	1.0	0.2763628348471747	0.20748173048243698	0.1273061549081005	3.7968260577644015	0.08768267490815644	1.3540669435204882	0.011713632964895722	0.07978677313628803	0.914785431485409	7.441432528667144	1.2704228048442097	-67.44328067756207	0.0511534122	1.3183231576412886	0.4153875997327148	0.09280722252792879	0.06670914919705294	0.42509602854230366
69000	-2391.175319993145	-2311.4055639963426	-79.76975599680223	-1240.157841137513	-1071.2477228588298	0.0750089122	-0.5583601220000001	1.0	0.2763628348471747	0.20748173048243698	0.08645617270591953	3.9277428681954873	0.08114287029727603	1.3749012057395502	0.012962806698049074	0.08002242322124321	0.932204979010684	7.430477781828715	1.9938047073026475	-67.44328067756207	0.0511534122	1.4358385234712774	0.4153875997327148	0.07624894658283787	0.06670914919705294	0.44165430448739457
70000	-2391.2251943653673	-2311.572967739081	-79.6522266262863	-1240.2842506293969	-1071.2887171096843	0.0750089122	-0.5583601220000001	1.0	0.17202051040094532	0.18761966005236616	0.05187650078749812	4.038564467355729	0.05927795048923863	1.3250449945866114	0.003956949502196267	0.047898943102496844	0.932204979010684	6.579664998184757	3.0642814886264444	-67.44328067756207	0.0511534122	1.286209790840048	0.4153875997327148	0.07624894658283787	0.06670914919705294	0.44165430448739457
71000	-2394.2057916059302	-2313.877996708028	-80.32779489790215	-1240.3551116235506	-1073.5228850844776	0.0750089122	-0.5583601220000001	1.0	0.17202051040094532	0.18761966005236616	0.09928492129966973	3.886629047401059	0.24502312458688372	1.2347539855623433	0.04494513475077904	0.16862994902477407	0.932204979010684	5.312805440224756	2.6653639385948025	-67.44328067756207	0.0511534122	1.138183804364365	0.4153875997327148	0.07624894658283787	0.06670914919705294	0.44165430448739457
72000	-2389.4992843005416	-2311.8534029129446	-77.6458813875968	-1240.007152339513	-1071.8462505734317	0.0750089122	-0.5583601220000001	1.0	0.1674867030682738	0.20841630612294298	0.06415985571144084	3.9991985347079133	0.0034007936260581242	1.401142713276636	2.0012199494055238E-5	0.003192341510933036	0.932204979010684	5.97943024464246	1.9692168478411698	-67.44328067756207	0.0511534122	1.4017255763555985	0.39736973020519056	0.06777225227969526	0.07842677000805602	0.45643124750705827
73000	-2391.5385879305086	-2312.4930052457303	-79.04558268477825	-1239.9860557144787	-1072.5069495312518	0.0750089122	-0.5583601220000001	1.0	0.5042804532176909	0.20841630612294298	0.06415985571144084	3.9991985347079133	0.034311354754203674	1.2736220833605327	0.00198466420824536	0.034902021443555864	0.932204979010684	4.277059336834643	2.98623212291691	-67.44328067756207	0.0511534122	1.277799497898407	0.398929846733569	0.0688197129782398	0.07686665347967758	0.4553837868085137
74000	-2390.76105005786	-2312.6259016096196	-78.13514844824041	-1240.2507982922116	-1072.375103317408	0.0750089122	-0.5583601220000001	1.0	0.5042804532176909	0.20702880686223987	0.08779641186454107	3.9234476439040016	0.005608317911602293	1.106310975047695	3.749795696167229E-5	0.005536543671317076	0.932204979010684	4.277059336834643	2.98623212291691	-67.44328067756207	0.0511534122	1.1058078624903729	0.3891345765413637	0.07861498317044513	0.07686665347967758	0.4553837868085137
75000	-2391.691851068481	-2312.284058190152	-79.40779287832906	-1240.2006967785494	-1072.0833614116027	0.0750089122	-0.5583601220000001	1.0	0.5042804532176909	0.20702880686223987	0.07831236396353086	3.953842303442179	0.024209098197362278	1.3051323420806202	0.0015313071180263343	0.029883632689200475	0.932204979010684	6.312239628951712	2.98623212291691	-67.44328067756207	0.0511534122	1.3129185432408004	0.3891345765413637	0.07861498317044513	0.07686665347967758	0.4553837868085137
76000	-2391.3749427141584	-2313.7003249163695	-77.67461779778887	-1241.290126645432	-1072.4101982709374	0.0750089122	-0.5583601220000001	1.0	0.4679638530503446	0.19289792034745956	0.09557155601154486	3.898529712059387	7.251494882253651E-4	1.4584879995656739	1.2785171160698808E-6	7.750944275791287E-4	0.932204979010684	6.351971850781583	2.941931606885925	-67.44328067756207	0.0511534122	1.4587562652168242	0.3891345765413637	0.07861498317044513	0.07686665347967758	0.4553837868085137
77000	-2395.1847817423386	-2315.4488279303723	-79.73595381196624	-1242.2928520418511	-1073.1559758885214	0.0750089122	-0.5583601220000001	1.0	0.3282549558799435	0.19289792034745956	0.0947456521893024	3.901176584549947	0.03502009618939077	1.8115716830419832	0.0024780730626589795	0.02771000496818285	0.932204979010684	7.7801231406269675	2.941931606885925	-67.44328067756207	0.0511534122	1.8053666472677943	0.3891345765413637	0.07861498317044513	0.07686665347967758	0.4553837868085137
78000	-2394.056212644373	-2316.390674333189	-77.66553831118397	-1240.2887788677594	-1076.1018954654298	0.0750089122	-0.5583601220000001	1.0	0.09989402450723632	0.19289792034745956	0.09381757982756789	3.9041508887453853	0.017754051224934758	0.8897358556590984	1.9795248371271977E-4	0.01584785197207122	0.932204979010684	4.3752929487893315	1.3428534351440862	-67.44328067756207	0.0511534122	0.8888666617369263	0.3891345765413637	0.06425339533784691	0.07906232138690691	0.46754970673388263
79000	-2393.338427521132	-2315.536148095738	-77.80227942539389	-1240.0012488850218	-1075.5348992107165	0.0750089122	-0.5583601220000001	1.0	0.2498247938492439	0.19289792034745956	0.07837411631216468	3.95364439832487	0.01729750142732078	0.8836967117364963	1.6346141149162834E-4	0.014423447109692743	0.932204979010684	4.3752929487893315	1.3428534351440862	-67.44328067756207	0.0511534122	0.8920316390009141	0.35908757836175204	0.09742310022994152	0.07906232138690691	0.4644270000213996
80000	-2396.6110780446966	-2316.435775957497	-80.17530208719968	-1241.381984777532	-1075.053791179965	0.0750089122	-0.5583601220000001	1.0	0.957001420961343	0.2146758830221457	0.11114085857723363	3.8486329110657334	0.1415249848276369	0.9683834271329447	0.011706364571954389	0.11067723322804966	0.932204979010684	4.454231484133693	2.1461945204300488	-67.44328067756207	0.0511534122	1.0105018609847864	0.3562916371994072	0.09742310022994152	0.07906232138690691	0.4672229411837444
81000	-2393.495111506111	-2314.9894225224944	-78.50568898361628	-1242.8237891271501	-1072.1656333953442	0.0750089122	-0.5583601220000001	1.0	0.4360281139147379	0.23359702206503768	0.15142990488685312	3.7195137987963505	0.011141178094692231	1.2153020040320945	2.4741675089872154E-4	0.012896066192639943	0.932204979010684	5.620394438463456	2.198828720347567	-67.44328067756207	0.0511534122	1.215702015672906	0.3726811923853669	0.07562502813019512	0.07641305018006436	0.4752807293043737
82000	-2400.929624569718	-2321.077335599003	-79.85228897071478	-1248.662063423123	-1072.41527217588	0.0750089122	-0.5583601220000001	1.0	0.4360281139147379	0.23359702206503768	0.31890657839073466	3.1827813270851157	0.11499133837646176	1.3962742305893137	0.029384765237617155	0.12425249608682469	0.9681276456070587	5.620394438463456	2.198828720347567	-67.44328067756207	0.0511534122	1.3793354515254355	0.40169876485947803	0.08292317281889333	0.07641305018006436	0.43896501214156436
83000	-2394.957152456265	-2316.4341939097585	-78.5229585465062	-1244.9987496534022	-1071.4354442563563	0.0750089122	-0.5583601220000001	1.0	0.4360281139147379	0.23359702206503768	0.16069969359289193	3.689805801256515	0.010600548782803962	1.4482551118899771	2.192501312889837E-4	0.010221856591430928	0.9681276456070587	6.5756021310282815	1.7120454497115838	-67.44328067756207	0.0511534122	1.4496035181640574	0.40169876485947803	0.08292317281889333	0.07641305018006436	0.43896501214156436
84000	-2398.8346475209064	-2318.2425891416297	-80.59205837927666	-1244.9365753079355	-1073.306013833694	0.0750089122	-0.5583601220000001	1.0	0.6890041599856765	0.23359702206503768	0.20336497484649085	3.553071285431728	0.12968352267187716	1.19949496258446	0.0218184185638321	0.11683418118326214	0.9681276456070587	6.5756021310282815	2.603520308778927	-67.44328067756207	0.0511534122	1.2601163098180135	0.40169876485947803	0.08292317281889333	0.07641305018006436	0.43896501214156436
85000	-2397.45423978511	-2320.6379864272026	-76.81625335790751	-1246.389632781449	-1074.2483536457535	0.0750089122	-0.5583601220000001	1.0	0.29680068434868007	0.2524705314629287	0.2685761459750008	3.344081267116262	0.005021074807349736	1.0062457684494752	1.9844390778171776E-5	0.00442778223027096	0.9681276456070587	2.5011576436334697	1.6790053903896667	-67.44328067756207	0.0511534122	1.00487993668529	0.40169876485947803	0.08292317281889333	0.07641305018006436	0.43896501214156436
86000	-2400.9980236274264	-2321.4723853289815	-79.52563829844506	-1245.8631840454811	-1075.6092012835002	0.0750089122	-0.5583601220000001	1.0	1.3500602654876	0.32876757687279473	0.2301298636778647	3.4672946537552765	0.09373774277791594	1.223754334055085	0.014060915334378773	0.0977847055733328	0.9681276456070587	2.5011576436334697	1.6790053903896667	-67.44328067756207	0.0511534122	1.1688295034811005	0.4001763156281772	0.08292317281889333	0.07641305018006436	0.4404874613728652
87000	-2396.297830228777	-2316.83776104332	-79.46006918545693	-1240.3914318800441	-1076.446329163276	0.0750089122	-0.5583601220000001	1.0	0.8050557331144682	0.32876757687279473	0.10936823678209112	3.8543138435658277	0.12470983348831603	1.057402898145001	0.01584059035931085	0.11371572730373139	0.9681276456070587	2.5011576436334697	2.345289542552149	-67.44328067756207	0.0511534122	1.1425855817097155	0.38455424175676	0.06814399037984134	0.07641305018006436	0.47088871768333435
88000	-2396.733517330549	-2316.7234084467227	-80.01010888382638	-1240.7206658346151	-1076.0027426121078	0.0750089122	-0.5583601220000001	1.0	0.8050557331144682	0.24841310122304777	0.09232270298233795	3.90894169887588	0.14492154976225086	1.2442469099364293	0.021274677914469103	0.1169294737445812	0.9681276456070587	2.8529887991151512	3.3933174618509265	-67.44328067756207	0.0511534122	1.333659779459049	0.3795711764513293	0.06814399037984134	0.08139611548549502	0.47088871768333435
89000	-2394.1429406236175	-2315.5560803692106	-78.58686025440672	-1240.6144014084368	-1074.9416789607735	0.0750089122	-0.5583601220000001	1.0	0.9720545089133301	0.24841310122304777	0.12451657314764923	3.805766163165364	0.033879736592741204	0.9784424522273705	0.0013349873246268193	0.03719973588664562	0.9681276456070587	3.341793237259758	1.2992196846149004	-67.44328067756207	0.0511534122	0.9867288695551025	0.3795711764513293	0.06814399037984134	0.08202104950467828	0.47026378366415106
90000	-2395.341823757533	-2315.5294050438333	-79.81241871369963	-1239.9703889547538	-1075.5590160890797	0.0750089122	-0.5583601220000001	1.0	1.06735971546686	0.27680563952656123	0.09085913388742414	3.9136321733246398	0.16777289338769028	1.1033949435936807	0.024829695901618154	0.1409070427087243	0.9681276456070587	3.385359392005806	1.2992196846149004	-67.44328067756207	0.0511534122	1.0786101859190032	0.3795711764513293	0.09860530949621957	0.06774592137242037	0.45407759268003073
91000	-2396.733739367538	-2315.7857245191944	-80.94801484834332	-1241.5211528533605	-1074.2645716658337	0.0750089122	-0.5583601220000001	1.0	1.06735971546686	0.27680563952656123	0.09085913388742414	3.9136321733246398	0.1041877101626307	1.4784529590227742	0.019716637221947515	0.09734938133117696	0.9681276456070587	7.936955515687091	2.0755698481168836	-67.44328067756207	0.0511534122	1.4497545693442486	0.37150868963054656	0.09860530949621957	0.06774592137242037	0.4621400795008135
92000	-2395.8694545933836	-2317.915929675293	-77.95352491809095	-1239.9889161046053	-1077.9270135706874	0.0750089122	-0.5583601220000001	1.0	1.06735971546686	0.27680563952656123	0.09842857371685111	3.8893734866423797	0.0012040039728070948	0.8736649043428393	1.426199616908018E-6	0.0013669574406760922	0.9681276456070587	6.697958452611825	1.1052536732194895	-67.44328067756207	0.0511534122	0.8732876141511199	0.3613382136830141	0.09860530949621957	0.06774592137242037	0.47231055544834594
93000	-2395.2795995912256	-2316.0026939787417	-79.27690561248399	-1240.3713110628728	-1075.631382915869	0.0750089122	-0.5583601220000001	1.0	1.06735971546686	0.29747143052559705	0.09871524042168146	3.8884547716606344	0.06420460460141983	1.0077459853737354	0.004044048133669071	0.06469278736196075	0.9681276456070587	3.684438553050553	1.4418039015427615	-67.44328067756207	0.0511534122	0.9918920202862969	0.3613382136830141	0.09860530949621957	0.06774592137242037	0.47231055544834594
94000	-2395.638355270101	-2316.7389292644184	-78.8994260056825	-1241.066036313362	-1075.6728929510562	0.0750089122	-0.5583601220000001	1.0	0.588441722807842	0.29747143052559705	0.10750270424690064	3.860292538196679	0.06556363593206566	1.0562606193684652	0.005739864506116618	0.07150455465250788	0.9681276456070587	4.477757315784544	1.0482438286725733	-67.44328067756207	0.0511534122	1.018541903589511	0.354909021944308	0.09860530949621957	0.0741751131111265	0.47231055544834594
95000	-2394.9967910176006	-2316.25277979591	-78.74401122169068	-1240.8763268512619	-1075.376452944648	0.0750089122	-0.5583601220000001	1.0	0.3581772157345784	0.29747143052559705	0.04979797218807744	4.045225775879173	0.04736657837002548	1.1531786334492844	0.003110514238020141	0.0478130645854922	0.9681276456070587	4.477757315784544	1.7212040789238867	-67.44328067756207	0.0511534122	1.1506554089910734	0.3941601104524642	0.10703055399942368	0.06378294917130578	0.4350263863768064
96000	-2398.402907490955	-2320.3735294981934	-78.02937799276168	-1245.532968774976	-1074.8405607232173	0.0750089122	-0.5583601220000001	1.0	0.3581772157345784	0.24136331119333262	0.20728880314547238	3.5404961248590885	0.0238258826025633	1.2116690550492875	7.180995564478232E-4	0.022136490546731426	0.9681276456070587	4.477757315784544	1.0256583610991001	-67.44328067756207	0.0511534122	1.1985093996840999	0.3941601104524642	0.10703055399942368	0.06378294917130578	0.4350263863768064
97000	-2396.3479576433897	-2317.6145872752313	-78.73337036815852	-1241.7244238463177	-1075.8901634289139	0.0750089122	-0.5583601220000001	1.0	0.40155167364040156	0.24136331119333262	0.054635922017373245	4.029721021004563	0.06164129787651593	1.2771105306862383	0.006627048050272346	0.0637382962712473	0.8790686245545265	5.218329233982466	0.7539226723010535	-67.44328067756207	0.0511534122	1.2608467259455907	0.3941601104524642	0.08330801328784698	0.0714712503236819	0.451060625936007
98000	-2389.606096434588	-2312.6730132261837	-76.93308320840434	-1240.7779696561465	-1071.8950435700372	0.0750089122	-0.5583601220000001	1.0	0.23995883840524992	0.24136331119333262	0.07249108945037748	3.972498436219272	0.0022401995971184203	1.0246504358242754	2.4164704594433177E-6	0.0015174479893439845	0.8790686245545265	3.695477344176583	2.03621727028539	-67.44328067756207	0.0511534122	1.0246232361410843	0.3940028293572991	0.08330801328784698	0.0714712503236819	0.4512179070311721
99000	-2389.348862673734	-2312.209115576352	-77.13974709738216	-1240.2611965931992	-1071.9479189831527	0.0750089122	-0.5583601220000001	1.0	0.31312215091923074	0.24136331119333262	0.10202147342145271	3.8778588924083564	0.004121276425559414	1.0623327405083238	1.7091822834477457E-5	0.0038862900836638906	0.9267880430320831	3.695477344176583	1.6625917482246324	-67.44328067756207	0.0511534122	1.06357394591881	0.3940028293572991	0.08330801328784698	0.0714712503236819	0.4512179070311721
100000	-2386.971335477139	-2311.997782043506	-74.9735534336329	-1239.9939107604935	-1072.0038712830126	0.0750089122	-0.5583601220000001	1.0	0.31312215091923074	0.24136331119333262	0.08975635330475977	3.9171663857943844	3.817249326915887E-5	1.0241519908173982	9.726934861671212E-10	3.0452684339337567E-5	0.9267880430320831	3.695477344176583	1.6625917482246324	-67.44328067756207	0.0511534122	1.0241396578122184	0.3940028293572991	0.08330801328784698	0.0714712503236819	0.4512179070311721
