
                   BEAST v2.6.3 Prerelease, 2002-2020
             Bayesian Evolutionary Analysis Sampling Trees
                       Designed and developed by
 Remco Bouckaert, Alexei J. Drummond, Andrew Rambaut & Marc A. Suchard
                                    
                   Centre for Computational Evolution
                         University of Auckland
                       r.bouckaert@auckland.ac.nz
                        alexei@cs.auckland.ac.nz
                                    
                   Institute of Evolutionary Biology
                        University of Edinburgh
                           a.rambaut@ed.ac.uk
                                    
                    David Geffen School of Medicine
                 University of California, Los Angeles
                           msuchard@ucla.edu
                                    
                      Downloads, Help & Resources:
                           http://beast2.org/
                                    
  Source code distributed under the GNU Lesser General Public License:
                   http://github.com/CompEvol/beast2
                                    
                           BEAST developers:
   Alex Alekseyenko, Trevor Bedford, Erik Bloomquist, Joseph Heled, 
 Sebastian Hoehna, Denise Kuehnert, Philippe Lemey, Wai Lok Sibon Li, 
Gerton Lunter, Sidney Markowitz, Vladimir Minin, Michael Defoin Platel, 
          Oliver Pybus, Tim Vaughan, Chieh-Hsi Wu, Walter Xie
                                    
                               Thanks to:
          Roald Forsberg, Beth Shapiro and Korbinian Strimmer

Random number seed: 435541709

Alignment(original-dna)
  49 taxa
  356 sites
  355 patterns

Filter -
49 taxa
356 sites + 4289810 constant sites
359 patterns
D51 = 691.0 (437.5)
D62 = 691.0 (437.5)
D71 = 691.0 (437.5)
D72 = 691.0 (437.5)
D75 = 691.0 (437.5)
P187 = 691.0 (437.5)
P212 = 691.0 (437.5)
P387 = 691.0 (437.5)
R36 = 691.0 (437.5)
SAMEA3713711 = 300.0 (46.5)
SAMEA3713712 = 300.0 (46.5)
SAMEA3713713 = 300.0 (46.5)
SAMEA3713714 = 300.0 (46.5)
SAMEA3713715 = 300.0 (46.5)
SAMEA3937653 = 661.0 (407.5)
SAMEA3937654 = 640.0 (386.5)
SAMEA5054089 = 671.0 (417.5)
SAMEA5054090 = 671.0 (417.5)
SAMEA5054092 = 691.0 (437.5)
SAMEA5054093 = 687.0 (433.5)
SAMEA5818798 = 423.5 (170.0)
SAMEA5818799 = 423.5 (170.0)
SAMEA5818800 = 423.5 (170.0)
SAMEA5818801 = 423.5 (170.0)
SAMEA5818803 = 388.0 (134.5)
SAMEA5818805 = 465.0 (211.5)
SAMEA5818806 = 671.0 (417.5)
SAMEA5818808 = 477.5 (224.0)
SAMEA5818809 = 684.5 (431.0)
SAMEA5818811 = 679.0 (425.5)
SAMEA5818815 = 515.5 (262.0)
SAMEA5818817 = 496.0 (242.5)
SAMEA5818818 = 461.0 (207.5)
SAMEA5818821 = 461.0 (207.5)
SAMEA5818822 = 461.0 (207.5)
SAMEA5818825 = 461.0 (207.5)
SAMEA5818826 = 461.0 (207.5)
SAMEA5818828 = 461.0 (207.5)
SAMEA5818829 = 461.0 (207.5)
SAMEA5818830 = 461.0 (207.5)
SAMEA6637002 = 473.5 (220.0)
SAMEA6637004 = 494.5 (241.0)
SAMEA6651390 = 565.0 (311.5)
SAMEA7293135 = 371.0 (117.5)
SAMEA7293136 = 671.0 (417.5)
SAMEA7313236_38 = 253.5 (0.0)
SAMEA7313243_45 = 471.0 (217.5)
SAMEA7313246_49 = 471.0 (217.5)
SAMN00715800 = 672.0 (418.5)
  UCRelaxedClockModel: using 96 rate categories to approximate rate distribution across branches.
Filter 1-71
49 taxa
71 sites + 4289810 constant sites
75 patterns
  UCRelaxedClockModel: using 96 rate categories to approximate rate distribution across branches.
  Using BEAGLE version: 3.1.2 resource 0: CPU
    with instance flags:  PRECISION_DOUBLE COMPUTATION_SYNCH EIGEN_REAL SCALING_MANUAL SCALERS_RAW VECTOR_SSE THREADING_NONE PROCESSOR_CPU FRAMEWORK_CPU
Filter 72-142
49 taxa
71 sites
71 patterns
  UCRelaxedClockModel: using 96 rate categories to approximate rate distribution across branches.
  Using BEAGLE version: 3.1.2 resource 0: CPU
    with instance flags:  PRECISION_DOUBLE COMPUTATION_SYNCH EIGEN_REAL SCALING_MANUAL SCALERS_RAW VECTOR_SSE THREADING_NONE PROCESSOR_CPU FRAMEWORK_CPU
Filter 143-213
49 taxa
71 sites
71 patterns
  UCRelaxedClockModel: using 96 rate categories to approximate rate distribution across branches.
  Using BEAGLE version: 3.1.2 resource 0: CPU
    with instance flags:  PRECISION_DOUBLE COMPUTATION_SYNCH EIGEN_REAL SCALING_MANUAL SCALERS_RAW VECTOR_SSE THREADING_NONE PROCESSOR_CPU FRAMEWORK_CPU
Filter 214-284
49 taxa
71 sites
71 patterns
  UCRelaxedClockModel: using 96 rate categories to approximate rate distribution across branches.
  Using BEAGLE version: 3.1.2 resource 0: CPU
    with instance flags:  PRECISION_DOUBLE COMPUTATION_SYNCH EIGEN_REAL SCALING_MANUAL SCALERS_RAW VECTOR_SSE THREADING_NONE PROCESSOR_CPU FRAMEWORK_CPU
Filter 285-356
49 taxa
72 sites
71 patterns
  UCRelaxedClockModel: using 96 rate categories to approximate rate distribution across branches.
  Using BEAGLE version: 3.1.2 resource 0: CPU
    with instance flags:  PRECISION_DOUBLE COMPUTATION_SYNCH EIGEN_REAL SCALING_MANUAL SCALERS_RAW VECTOR_SSE THREADING_NONE PROCESSOR_CPU FRAMEWORK_CPU
  UCRelaxedClockModel: using 96 rate categories to approximate rate distribution across branches.
===============================================================================
Citations for this model:

Bouckaert, Remco, Timothy G. Vaughan, Joëlle Barido-Sottani, Sebastián Duchêne, Mathieu Fourment, 
Alexandra Gavryushkina, Joseph Heled, Graham Jones, Denise Kühnert, Nicola De Maio, Michael Matschiner, 
Fábio K. Mendes, Nicola F. Müller, Huw A. Ogilvie, Louis du Plessis, Alex Popinga, Andrew Rambaut, 
David Rasmussen, Igor Siveroni, Marc A. Suchard, Chieh-Hsi Wu, Dong Xie, Chi Zhang, Tanja Stadler, 
Alexei J. Drummond 
  BEAST 2.5: An advanced software platform for Bayesian evolutionary analysis. 
  PLoS computational biology 15, no. 4 (2019): e1006650.

Drummond AJ, Ho SYW, Phillips MJ, Rambaut A (2006) Relaxed Phylogenetics and
  Dating with Confidence. PLoS Biol 4(5): e88

Remco R. Bouckaert. Phylogeography by diffusion on a sphere: whole world phylogeography. 2016, PeerJ 4:e2406 https://doi.org/10.7717/peerj.2406

===============================================================================
Start likelihood: -1.921017524772819E8 
Writing file beast.log
Writing file beast.trees
         Sample      posterior     likelihood          prior
              0 -1.921017524E8 -1.921013142E8      -438.1954 --
         100000  -5949041.7019  -5948584.9352      -456.7666 --
         200000  -5948682.6753  -5948199.4673      -483.2079 --
         300000  -5948478.4531  -5947991.4668      -486.9862 --
         400000  -5948460.7454  -5947967.6726      -493.0727 --
         500000  -5948436.1106  -5947947.2780      -488.8326 --
         600000  -5948448.9310  -5947942.6874      -506.2435 5m45s/Msamples
         700000  -5948442.1386  -5947947.1905      -494.9480 5m47s/Msamples
         800000  -5948437.0347  -5947956.5871      -480.4475 5m41s/Msamples
         900000  -5948430.9894  -5947933.7190      -497.2704 5m43s/Msamples
        1000000  -5948433.7238  -5947929.0808      -504.6429 5m42s/Msamples
        1100000  -5948468.8636  -5947964.9683      -503.8953 5m44s/Msamples
        1200000  -5948464.4668  -5947956.6414      -507.8253 5m42s/Msamples
        1300000  -5948354.4266  -5947846.7379      -507.6887 5m43s/Msamples
        1400000  -5948346.9433  -5947855.5358      -491.4075 5m41s/Msamples
        1500000  -5948328.7463  -5947845.4699      -483.2763 5m43s/Msamples
        1600000  -5948347.6501  -5947844.3072      -503.3429 5m42s/Msamples
        1700000  -5948327.2654  -5947831.2237      -496.0417 5m44s/Msamples
        1800000  -5948338.3056  -5947841.6471      -496.6584 5m44s/Msamples
        1900000  -5948312.2578  -5947818.5017      -493.7560 5m43s/Msamples
        2000000  -5948315.0399  -5947814.5504      -500.4894 5m44s/Msamples
        2100000  -5948309.7793  -5947809.8431      -499.9361 5m43s/Msamples
        2200000  -5948326.5785  -5947813.1054      -513.4731 5m43s/Msamples
        2300000  -5948332.4829  -5947828.5979      -503.8850 5m39s/Msamples
        2400000  -5948357.2058  -5947825.5751      -531.6307 5m35s/Msamples
        2500000  -5948340.2194  -5947831.0574      -509.1619 5m32s/Msamples
        2600000  -5948327.1665  -5947811.5593      -515.6072 5m29s/Msamples
        2700000  -5948330.2190  -5947824.5544      -505.6645 5m26s/Msamples
        2800000  -5948327.9398  -5947829.2457      -498.6940 5m23s/Msamples
        2900000  -5948315.2798  -5947826.3345      -488.9452 5m20s/Msamples
        3000000  -5948288.4629  -5947817.0461      -471.4168 5m29s/Msamples
        3100000  -5948315.8990  -5947825.2534      -490.6456 5m30s/Msamples
        3200000  -5948323.1519  -5947824.7474      -498.4044 5m33s/Msamples
        3300000  -5948324.9760  -5947841.9948      -482.9811 5m33s/Msamples
        3400000  -5948317.7484  -5947827.8347      -489.9137 5m34s/Msamples
        3500000  -5948296.5742  -5947814.3849      -482.1892 5m36s/Msamples
        3600000  -5948303.7073  -5947824.5927      -479.1145 5m36s/Msamples
        3700000  -5948298.3921  -5947817.6333      -480.7587 5m38s/Msamples
        3800000  -5948275.3003  -5947813.3953      -461.9049 5m39s/Msamples
        3900000  -5948317.6681  -5947841.2446      -476.4234 5m40s/Msamples
        4000000  -5948324.9992  -5947832.1737      -492.8255 5m41s/Msamples
        4100000  -5948323.1917  -5947839.6266      -483.5650 5m43s/Msamples
        4200000  -5948311.2338  -5947830.4898      -480.7439 5m44s/Msamples
        4300000  -5948335.3421  -5947826.8057      -508.5364 5m45s/Msamples
        4400000  -5948301.4191  -5947807.6212      -493.7979 5m46s/Msamples
        4500000  -5948299.9533  -5947822.3979      -477.5553 5m46s/Msamples
        4600000  -5948286.3000  -5947818.4138      -467.8861 5m49s/Msamples
        4700000  -5948299.8464  -5947825.9583      -473.8880 5m48s/Msamples
        4800000  -5948292.8277  -5947815.6895      -477.1381 5m50s/Msamples
        4900000  -5948316.5366  -5947828.1642      -488.3724 5m49s/Msamples
        5000000  -5948309.0068  -5947827.5055      -481.5012 5m49s/Msamples
        5100000  -5948276.6300  -5947809.4486      -467.1813 5m49s/Msamples
        5200000  -5948295.1731  -5947817.8272      -477.3458 5m49s/Msamples
        5300000  -5948291.1344  -5947834.2967      -456.8377 5m50s/Msamples
        5400000  -5948287.3308  -5947807.7863      -479.5445 5m49s/Msamples
        5500000  -5948301.3528  -5947810.8212      -490.5316 5m49s/Msamples
        5600000  -5948269.2518  -5947817.4225      -451.8293 5m49s/Msamples
        5700000  -5948295.3645  -5947816.7981      -478.5664 5m49s/Msamples
        5800000  -5948267.2846  -5947809.2803      -458.0042 5m49s/Msamples
        5900000  -5948288.8548  -5947812.8756      -475.9792 5m49s/Msamples
        6000000  -5948274.1168  -5947795.4291      -478.6877 5m50s/Msamples
        6100000  -5948274.7634  -5947798.2104      -476.5529 5m50s/Msamples
        6200000  -5948308.2141  -5947810.9624      -497.2517 5m51s/Msamples
        6300000  -5948280.8893  -5947808.3370      -472.5523 5m51s/Msamples
        6400000  -5948295.7262  -5947806.6518      -489.0744 5m52s/Msamples
        6500000  -5948295.5388  -5947818.7035      -476.8353 5m52s/Msamples
        6600000  -5948306.1853  -5947821.5450      -484.6403 5m53s/Msamples
        6700000  -5948292.6755  -5947806.0724      -486.6031 5m52s/Msamples
        6800000  -5948270.3429  -5947793.5889      -476.7539 5m52s/Msamples
        6900000  -5948258.9295  -5947791.0765      -467.8529 5m52s/Msamples
        7000000  -5948285.9289  -5947803.6466      -482.2823 5m52s/Msamples
        7100000  -5948295.9837  -5947808.8299      -487.1538 5m51s/Msamples
        7200000  -5948300.7125  -5947807.6930      -493.0195 5m51s/Msamples
        7300000  -5948276.3356  -5947789.4908      -486.8448 5m51s/Msamples
        7400000  -5948276.9338  -5947808.3659      -468.5678 5m51s/Msamples
        7500000  -5948279.8485  -5947811.7694      -468.0791 5m51s/Msamples
        7600000  -5948279.3447  -5947797.7952      -481.5494 5m51s/Msamples
        7700000  -5948327.1401  -5947815.3015      -511.8385 5m51s/Msamples
        7800000  -5948312.4153  -5947817.8220      -494.5932 5m51s/Msamples
        7900000  -5948298.5861  -5947790.9739      -507.6121 5m51s/Msamples
        8000000  -5948352.9245  -5947826.6932      -526.2313 5m51s/Msamples
        8100000  -5948319.5508  -5947808.0810      -511.4698 5m52s/Msamples
        8200000  -5948316.3552  -5947823.8349      -492.5203 5m52s/Msamples
        8300000  -5948342.8003  -5947832.2411      -510.5592 5m53s/Msamples
        8400000  -5948333.7318  -5947829.3180      -504.4138 5m54s/Msamples
        8500000  -5948320.4014  -5947806.6888      -513.7126 5m54s/Msamples
        8600000  -5948327.6028  -5947812.4466      -515.1561 5m55s/Msamples
        8700000  -5948318.2797  -5947816.1777      -502.1019 5m56s/Msamples
        8800000  -5948315.4823  -5947812.3717      -503.1106 5m56s/Msamples
        8900000  -5948298.4487  -5947793.1784      -505.2702 5m57s/Msamples
        9000000  -5948285.3408  -5947796.1616      -489.1792 5m58s/Msamples
        9100000  -5948284.8288  -5947778.1351      -506.6937 5m58s/Msamples
        9200000  -5948294.6159  -5947787.5509      -507.0650 5m59s/Msamples
        9300000  -5948306.6213  -5947803.6572      -502.9641 5m59s/Msamples
        9400000  -5948289.5891  -5947791.8426      -497.7464 6m0s/Msamples
        9500000  -5948334.7480  -5947829.0147      -505.7333 6m0s/Msamples
        9600000  -5948291.0158  -5947809.4871      -481.5287 6m0s/Msamples
        9700000  -5948255.4796  -5947790.8396      -464.6400 6m0s/Msamples
        9800000  -5948267.6791  -5947778.9414      -488.7377 6m0s/Msamples
        9900000  -5948264.2216  -5947779.0899      -485.1316 6m0s/Msamples
       10000000  -5948290.6395  -5947814.4697      -476.1697 6m1s/Msamples
       10100000  -5948285.3594  -5947790.6808      -494.6785 6m0s/Msamples
       10200000  -5948297.8720  -5947810.9162      -486.9557 6m1s/Msamples
       10300000  -5948289.7081  -5947789.4397      -500.2683 6m1s/Msamples
       10400000  -5948259.2727  -5947771.0454      -488.2273 6m1s/Msamples
       10500000  -5948302.4055  -5947801.5273      -500.8781 6m2s/Msamples
       10600000  -5948328.9432  -5947809.4628      -519.4803 6m2s/Msamples
       10700000  -5948301.5801  -5947812.4207      -489.1593 6m3s/Msamples
       10800000  -5948322.9897  -5947818.8990      -504.0906 6m3s/Msamples
       10900000  -5948328.0691  -5947805.6604      -522.4087 6m3s/Msamples
       11000000  -5948347.5807  -5947832.3092      -515.2714 6m3s/Msamples
       11100000  -5948288.6085  -5947789.7397      -498.8688 6m3s/Msamples
       11200000  -5948300.0116  -5947804.3908      -495.6207 6m3s/Msamples
       11300000  -5948294.8891  -5947803.1160      -491.7730 6m3s/Msamples
       11400000  -5948314.6961  -5947823.7339      -490.9622 6m4s/Msamples
       11500000  -5948312.9681  -5947813.8249      -499.1431 6m4s/Msamples
       11600000  -5948305.3617  -5947802.9040      -502.4576 6m5s/Msamples
       11700000  -5948319.7456  -5947811.3644      -508.3812 6m5s/Msamples
       11800000  -5948360.6441  -5947824.7711      -535.8730 6m6s/Msamples
       11900000  -5948320.8636  -5947800.9001      -519.9634 6m5s/Msamples
       12000000  -5948316.9139  -5947799.4607      -517.4531 6m5s/Msamples
       12100000  -5948322.3184  -5947799.8893      -522.4291 6m5s/Msamples
       12200000  -5948342.1913  -5947819.7145      -522.4767 6m5s/Msamples
       12300000  -5948324.8990  -5947801.7609      -523.1381 6m5s/Msamples
       12400000  -5948328.8813  -5947791.9068      -536.9745 6m4s/Msamples
       12500000  -5948296.5076  -5947795.3544      -501.1531 6m4s/Msamples
       12600000  -5948304.9016  -5947810.3874      -494.5141 6m4s/Msamples
       12700000  -5948305.9759  -5947808.5400      -497.4358 6m4s/Msamples
       12800000  -5948332.1256  -5947828.9274      -503.1981 6m4s/Msamples
       12900000  -5948287.7755  -5947784.1589      -503.6166 6m4s/Msamples
       13000000  -5948304.1651  -5947807.8425      -496.3225 6m3s/Msamples
       13100000  -5948323.9046  -5947797.8062      -526.0984 6m3s/Msamples
       13200000  -5948312.2535  -5947807.3841      -504.8694 6m3s/Msamples
       13300000  -5948295.5179  -5947802.6399      -492.8779 6m3s/Msamples
       13400000  -5948262.4887  -5947778.7200      -483.7687 6m3s/Msamples
       13500000  -5948312.8971  -5947801.9578      -510.9392 6m3s/Msamples
       13600000  -5948302.4223  -5947795.6427      -506.7796 6m3s/Msamples
       13700000  -5948286.5271  -5947800.1723      -486.3548 6m3s/Msamples
       13800000  -5948275.8092  -5947763.2910      -512.5181 6m3s/Msamples
       13900000  -5948264.2764  -5947786.9399      -477.3364 6m4s/Msamples
       14000000  -5948267.4624  -5947791.0273      -476.4351 6m4s/Msamples
       14100000  -5948276.3520  -5947773.7509      -502.6011 6m3s/Msamples
       14200000  -5948306.8088  -5947798.0089      -508.7999 6m3s/Msamples
       14300000  -5948287.1027  -5947799.5070      -487.5957 6m3s/Msamples
       14400000  -5948282.8166  -5947802.4843      -480.3322 6m3s/Msamples
       14500000  -5948266.5536  -5947771.3320      -495.2216 6m3s/Msamples
       14600000  -5948304.4302  -5947823.5933      -480.8368 6m3s/Msamples
       14700000  -5948324.4104  -5947828.2831      -496.1272 6m3s/Msamples
       14800000  -5948279.4753  -5947790.6801      -488.7951 6m3s/Msamples
       14900000  -5948274.9052  -5947779.3211      -495.5841 6m3s/Msamples
       15000000  -5948295.2445  -5947806.1029      -489.1416 6m3s/Msamples
       15100000  -5948308.5867  -5947810.7266      -497.8601 6m3s/Msamples
       15200000  -5948274.6489  -5947794.3624      -480.2865 6m3s/Msamples
       15300000  -5948275.1084  -5947788.2811      -486.8273 6m3s/Msamples
       15400000  -5948287.1034  -5947804.7105      -482.3929 6m3s/Msamples
       15500000  -5948273.6507  -5947799.1953      -474.4553 6m3s/Msamples
       15600000  -5948291.7843  -5947804.4277      -487.3566 6m3s/Msamples
       15700000  -5948288.4300  -5947810.9380      -477.4920 6m3s/Msamples
       15800000  -5948284.3786  -5947796.1513      -488.2273 6m3s/Msamples
       15900000  -5948294.5226  -5947802.6902      -491.8324 6m2s/Msamples
       16000000  -5948274.6361  -5947790.1047      -484.5313 6m3s/Msamples
       16100000  -5948267.9780  -5947782.0412      -485.9367 6m3s/Msamples
       16200000  -5948282.2375  -5947799.6101      -482.6274 6m3s/Msamples
       16300000  -5948294.2557  -5947802.1643      -492.0913 6m3s/Msamples
       16400000  -5948293.8011  -5947810.5479      -483.2531 6m3s/Msamples
       16500000  -5948294.7513  -5947816.5925      -478.1587 6m4s/Msamples
       16600000  -5948287.5732  -5947806.0712      -481.5020 6m4s/Msamples
       16700000  -5948289.0104  -5947795.5490      -493.4613 6m4s/Msamples
       16800000  -5948295.6486  -5947797.2698      -498.3787 6m4s/Msamples
       16900000  -5948278.0035  -5947781.1946      -496.8088 6m5s/Msamples
       17000000  -5948284.9212  -5947801.3636      -483.5575 6m5s/Msamples
       17100000  -5948310.5253  -5947820.3681      -490.1572 6m6s/Msamples
       17200000  -5948277.4707  -5947795.3036      -482.1671 6m6s/Msamples
       17300000  -5948294.2429  -5947805.9029      -488.3400 6m6s/Msamples
       17400000  -5948306.4096  -5947803.2093      -503.2003 6m6s/Msamples
       17500000  -5948302.7509  -5947808.2950      -494.4559 6m7s/Msamples
       17600000  -5948335.1011  -5947838.5384      -496.5627 6m7s/Msamples
       17700000  -5948298.7284  -5947817.7431      -480.9852 6m7s/Msamples
       17800000  -5948310.1188  -5947817.1278      -492.9910 6m8s/Msamples
       17900000  -5948305.9137  -5947816.2964      -489.6173 6m8s/Msamples
       18000000  -5948308.6459  -5947806.2927      -502.3531 6m8s/Msamples
       18100000  -5948304.0782  -5947813.1794      -490.8987 6m9s/Msamples
       18200000  -5948308.7157  -5947810.2633      -498.4524 6m8s/Msamples
       18300000  -5948298.0060  -5947793.6901      -504.3158 6m8s/Msamples
       18400000  -5948277.4648  -5947785.6124      -491.8524 6m8s/Msamples
       18500000  -5948286.8130  -5947800.1859      -486.6270 6m8s/Msamples
       18600000  -5948290.5969  -5947806.6801      -483.9168 6m7s/Msamples
       18700000  -5948275.0889  -5947784.3442      -490.7447 6m7s/Msamples
       18800000  -5948274.7389  -5947799.7519      -474.9869 6m7s/Msamples
       18900000  -5948281.4576  -5947786.0036      -495.4540 6m7s/Msamples
       19000000  -5948327.7194  -5947828.3168      -499.4026 6m6s/Msamples
       19100000  -5948278.7811  -5947799.0051      -479.7760 6m6s/Msamples
       19200000  -5948282.9618  -5947797.0043      -485.9575 6m6s/Msamples
       19300000  -5948287.6381  -5947805.9295      -481.7086 6m6s/Msamples
       19400000  -5948295.2310  -5947800.8783      -494.3526 6m6s/Msamples
       19500000  -5948281.1123  -5947796.3871      -484.7251 6m5s/Msamples
       19600000  -5948297.4201  -5947797.7545      -499.6655 6m5s/Msamples
       19700000  -5948339.3445  -5947817.8137      -521.5308 6m5s/Msamples
       19800000  -5948331.8561  -5947804.6928      -527.1632 6m5s/Msamples
       19900000  -5948335.9792  -5947829.7194      -506.2597 6m4s/Msamples
       20000000  -5948318.2824  -5947817.3563      -500.9261 6m4s/Msamples
       20100000  -5948294.2325  -5947806.0830      -488.1494 6m4s/Msamples
       20200000  -5948271.5325  -5947779.1218      -492.4106 6m4s/Msamples
       20300000  -5948302.8708  -5947822.0825      -480.7883 6m3s/Msamples
       20400000  -5948318.9070  -5947807.2088      -511.6982 6m3s/Msamples
       20500000  -5948314.4122  -5947809.6930      -504.7191 6m3s/Msamples
       20600000  -5948334.2957  -5947828.6162      -505.6794 6m3s/Msamples
       20700000  -5948310.3260  -5947795.0838      -515.2421 6m3s/Msamples
       20800000  -5948277.4812  -5947785.5584      -491.9228 6m2s/Msamples
       20900000  -5948298.0735  -5947786.4902      -511.5833 6m2s/Msamples
       21000000  -5948320.5970  -5947799.6675      -520.9294 6m2s/Msamples
       21100000  -5948292.0269  -5947779.2203      -512.8066 6m2s/Msamples
       21200000  -5948280.9747  -5947775.1513      -505.8233 6m2s/Msamples
       21300000  -5948303.5534  -5947784.7814      -518.7720 6m2s/Msamples
       21400000  -5948298.6222  -5947775.1047      -523.5174 6m2s/Msamples
       21500000  -5948304.9728  -5947782.1481      -522.8246 6m3s/Msamples
       21600000  -5948301.1029  -5947774.8165      -526.2864 6m2s/Msamples
       21700000  -5948284.0694  -5947774.3572      -509.7121 6m2s/Msamples
       21800000  -5948289.8830  -5947771.6939      -518.1890 6m2s/Msamples
       21900000  -5948294.2761  -5947763.8492      -530.4269 6m2s/Msamples
       22000000  -5948276.6982  -5947779.9023      -496.7959 6m2s/Msamples
       22100000  -5948295.4102  -5947780.9178      -514.4924 6m2s/Msamples
       22200000  -5948292.6663  -5947783.0408      -509.6254 6m2s/Msamples
       22300000  -5948268.5767  -5947760.3940      -508.1826 6m1s/Msamples
       22400000  -5948264.0599  -5947748.4494      -515.6104 6m1s/Msamples
       22500000  -5948282.0637  -5947762.1063      -519.9574 6m1s/Msamples
       22600000  -5948281.2181  -5947762.0600      -519.1580 6m1s/Msamples
       22700000  -5948264.9673  -5947757.4610      -507.5062 6m1s/Msamples
       22800000  -5948266.2304  -5947754.5211      -511.7093 6m1s/Msamples
       22900000  -5948262.4419  -5947752.1389      -510.3029 6m1s/Msamples
       23000000  -5948283.9611  -5947779.3139      -504.6472 6m0s/Msamples
       23100000  -5948254.9948  -5947758.9217      -496.0730 6m0s/Msamples
       23200000  -5948269.5532  -5947759.3591      -510.1940 6m0s/Msamples
       23300000  -5948261.6709  -5947766.5476      -495.1232 6m0s/Msamples
       23400000  -5948288.1026  -5947773.5857      -514.5169 5m59s/Msamples
       23500000  -5948268.6842  -5947763.8989      -504.7852 5m59s/Msamples
       23600000  -5948258.9492  -5947755.8627      -503.0865 5m59s/Msamples
       23700000  -5948198.3191  -5947706.9550      -491.3640 5m58s/Msamples
       23800000  -5948236.8235  -5947727.6471      -509.1763 5m58s/Msamples
       23900000  -5948256.3953  -5947747.4681      -508.9271 5m58s/Msamples
       24000000  -5948228.4717  -5947732.9734      -495.4983 5m58s/Msamples
       24100000  -5948213.1903  -5947715.9732      -497.2171 5m58s/Msamples
       24200000  -5948172.0161  -5947683.3490      -488.6671 5m57s/Msamples
       24300000  -5948191.1050  -5947708.5420      -482.5630 5m57s/Msamples
       24400000  -5948198.6250  -5947709.3208      -489.3042 5m57s/Msamples
       24500000  -5948203.8865  -5947700.1882      -503.6983 5m57s/Msamples
       24600000  -5948212.2926  -5947699.7740      -512.5186 5m56s/Msamples
       24700000  -5948195.9560  -5947700.0025      -495.9535 5m56s/Msamples
       24800000  -5948229.0916  -5947709.9906      -519.1009 5m56s/Msamples
       24900000  -5948233.5488  -5947714.0854      -519.4634 5m56s/Msamples
       25000000  -5948239.6432  -5947719.2266      -520.4166 5m55s/Msamples
       25100000  -5948225.6212  -5947700.0996      -525.5216 5m55s/Msamples
       25200000  -5948217.7961  -5947700.7750      -517.0210 5m55s/Msamples
       25300000  -5948203.6140  -5947695.0026      -508.6114 5m55s/Msamples
       25400000  -5948221.7660  -5947717.5898      -504.1761 5m54s/Msamples
       25500000  -5948205.1718  -5947710.7535      -494.4183 5m54s/Msamples
       25600000  -5948227.5892  -5947710.0960      -517.4931 5m54s/Msamples
       25700000  -5948231.6839  -5947729.5605      -502.1233 5m54s/Msamples
       25800000  -5948193.3476  -5947695.2239      -498.1237 5m53s/Msamples
       25900000  -5948212.6662  -5947709.6499      -503.0163 5m53s/Msamples
       26000000  -5948221.6273  -5947713.9915      -507.6357 5m53s/Msamples
       26100000  -5948201.0106  -5947700.1113      -500.8993 5m53s/Msamples
       26200000  -5948234.2727  -5947725.2027      -509.0699 5m53s/Msamples
       26300000  -5948208.2249  -5947706.2801      -501.9448 5m52s/Msamples
       26400000  -5948204.8801  -5947699.0708      -505.8092 5m52s/Msamples
       26500000  -5948205.0107  -5947700.3470      -504.6636 5m52s/Msamples
       26600000  -5948200.8743  -5947706.7136      -494.1607 5m52s/Msamples
       26700000  -5948206.2227  -5947706.0837      -500.1390 5m51s/Msamples
       26800000  -5948225.1970  -5947725.7658      -499.4312 5m51s/Msamples
       26900000  -5948229.7137  -5947714.8106      -514.9031 5m51s/Msamples
       27000000  -5948210.0650  -5947707.6571      -502.4079 5m51s/Msamples
       27100000  -5948179.6105  -5947697.0387      -482.5718 5m51s/Msamples
       27200000  -5948201.7495  -5947708.8015      -492.9480 5m50s/Msamples
       27300000  -5948196.5671  -5947704.9192      -491.6478 5m50s/Msamples
       27400000  -5948225.1642  -5947712.4700      -512.6941 5m50s/Msamples
       27500000  -5948199.7458  -5947692.4195      -507.3263 5m50s/Msamples
       27600000  -5948219.5099  -5947703.1989      -516.3110 5m50s/Msamples
       27700000  -5948201.2329  -5947682.0186      -519.2143 5m49s/Msamples
       27800000  -5948212.9630  -5947714.1216      -498.8414 5m49s/Msamples
       27900000  -5948191.0965  -5947692.6368      -498.4596 5m49s/Msamples
       28000000  -5948228.6629  -5947713.8249      -514.8379 5m49s/Msamples
       28100000  -5948198.3062  -5947693.4148      -504.8913 5m49s/Msamples
       28200000  -5948192.9701  -5947708.6022      -484.3679 5m48s/Msamples
       28300000  -5948189.3946  -5947694.1710      -495.2235 5m48s/Msamples
       28400000  -5948220.2259  -5947723.5382      -496.6877 5m48s/Msamples
       28500000  -5948193.7763  -5947694.2878      -499.4884 5m48s/Msamples
       28600000  -5948224.4274  -5947715.7785      -508.6489 5m48s/Msamples
       28700000  -5948181.0920  -5947688.2204      -492.8715 5m48s/Msamples
       28800000  -5948220.9448  -5947723.7688      -497.1759 5m47s/Msamples
       28900000  -5948179.8698  -5947671.9848      -507.8849 5m47s/Msamples
       29000000  -5948179.5032  -5947681.8282      -497.6750 5m47s/Msamples
       29100000  -5948181.3138  -5947692.2854      -489.0283 5m47s/Msamples
       29200000  -5948217.1271  -5947705.3713      -511.7557 5m47s/Msamples
       29300000  -5948189.2975  -5947688.5180      -500.7795 5m46s/Msamples
       29400000  -5948201.1959  -5947705.8762      -495.3197 5m46s/Msamples
       29500000  -5948204.1465  -5947695.6154      -508.5311 5m46s/Msamples
       29600000  -5948210.5463  -5947714.6050      -495.9413 5m46s/Msamples
       29700000  -5948208.4844  -5947717.6968      -490.7875 5m46s/Msamples
       29800000  -5948186.4362  -5947698.3209      -488.1152 5m46s/Msamples
       29900000  -5948205.0566  -5947724.8558      -480.2007 5m46s/Msamples
       30000000  -5948221.2066  -5947712.0849      -509.1217 5m46s/Msamples
       30100000  -5948175.9808  -5947696.2442      -479.7365 5m46s/Msamples
       30200000  -5948207.8935  -5947728.9012      -478.9922 5m45s/Msamples
       30300000  -5948202.1283  -5947718.2351      -483.8932 5m45s/Msamples
       30400000  -5948222.4876  -5947713.2275      -509.2600 5m45s/Msamples
       30500000  -5948215.4013  -5947711.3131      -504.0881 5m44s/Msamples
       30600000  -5948196.1419  -5947705.7631      -490.3787 5m44s/Msamples
       30700000  -5948205.3284  -5947707.1534      -498.1749 5m44s/Msamples
       30800000  -5948182.7334  -5947697.8653      -484.8681 5m44s/Msamples
       30900000  -5948197.8663  -5947699.5065      -498.3597 5m43s/Msamples
       31000000  -5948219.8446  -5947702.9724      -516.8722 5m43s/Msamples
       31100000  -5948192.5465  -5947698.8325      -493.7140 5m43s/Msamples
       31200000  -5948186.2011  -5947699.3444      -486.8567 5m42s/Msamples
       31300000  -5948192.3007  -5947696.8498      -495.4508 5m42s/Msamples
       31400000  -5948180.0291  -5947692.7213      -487.3077 5m42s/Msamples
       31500000  -5948227.6204  -5947706.9219      -520.6985 5m42s/Msamples
       31600000  -5948182.6946  -5947700.5288      -482.1658 5m41s/Msamples
       31700000  -5948197.1724  -5947701.6866      -495.4857 5m41s/Msamples
       31800000  -5948201.6939  -5947696.4512      -505.2427 5m41s/Msamples
       31900000  -5948230.2417  -5947724.1019      -506.1397 5m41s/Msamples
       32000000  -5948195.9673  -5947710.9721      -484.9952 5m41s/Msamples
       32100000  -5948190.8651  -5947705.2405      -485.6246 5m41s/Msamples
       32200000  -5948191.0810  -5947700.1618      -490.9191 5m40s/Msamples
       32300000  -5948241.5534  -5947738.8037      -502.7497 5m40s/Msamples
       32400000  -5948188.9294  -5947694.3558      -494.5736 5m40s/Msamples
       32500000  -5948198.4026  -5947711.0750      -487.3275 5m40s/Msamples
       32600000  -5948212.8682  -5947714.3339      -498.5343 5m40s/Msamples
       32700000  -5948188.0066  -5947698.1805      -489.8261 5m40s/Msamples
       32800000  -5948201.9787  -5947714.9281      -487.0505 5m39s/Msamples
       32900000  -5948211.1469  -5947709.5323      -501.6146 5m39s/Msamples
       33000000  -5948190.0184  -5947693.2652      -496.7532 5m39s/Msamples
       33100000  -5948199.5314  -5947716.3454      -483.1859 5m39s/Msamples
       33200000  -5948202.3124  -5947717.6728      -484.6395 5m38s/Msamples
       33300000  -5948189.7319  -5947701.6974      -488.0345 5m38s/Msamples
       33400000  -5948173.4974  -5947694.8040      -478.6933 5m38s/Msamples
       33500000  -5948205.3942  -5947707.6724      -497.7217 5m38s/Msamples
       33600000  -5948216.2688  -5947707.7803      -508.4885 5m37s/Msamples
       33700000  -5948228.0688  -5947731.5713      -496.4974 5m37s/Msamples
       33800000  -5948188.9592  -5947702.5537      -486.4054 5m37s/Msamples
       33900000  -5948205.2172  -5947712.1376      -493.0796 5m37s/Msamples
       34000000  -5948195.8861  -5947701.1011      -494.7849 5m36s/Msamples
       34100000  -5948198.6343  -5947707.6628      -490.9715 5m36s/Msamples
       34200000  -5948168.1736  -5947688.3993      -479.7743 5m36s/Msamples
       34300000  -5948204.5673  -5947705.6179      -498.9494 5m36s/Msamples
       34400000  -5948195.1830  -5947694.0928      -501.0902 5m36s/Msamples
       34500000  -5948257.4654  -5947750.0172      -507.4481 5m36s/Msamples
       34600000  -5948218.0703  -5947709.9655      -508.1048 5m36s/Msamples
       34700000  -5948246.6248  -5947730.2065      -516.4182 5m35s/Msamples
       34800000  -5948229.1087  -5947716.3466      -512.7620 5m35s/Msamples
       34900000  -5948210.0925  -5947708.2037      -501.8888 5m35s/Msamples
       35000000  -5948206.7593  -5947698.4509      -508.3083 5m35s/Msamples
       35100000  -5948197.5001  -5947685.6209      -511.8791 5m35s/Msamples
       35200000  -5948240.4825  -5947710.7417      -529.7407 5m35s/Msamples
       35300000  -5948208.7302  -5947689.3192      -519.4110 5m35s/Msamples
       35400000  -5948214.2053  -5947710.0148      -504.1905 5m35s/Msamples
       35500000  -5948219.0907  -5947711.9646      -507.1261 5m34s/Msamples
       35600000  -5948228.7825  -5947718.5124      -510.2700 5m34s/Msamples
       35700000  -5948208.1379  -5947692.7314      -515.4064 5m34s/Msamples
       35800000  -5948195.5547  -5947696.7821      -498.7726 5m34s/Msamples
       35900000  -5948217.8815  -5947715.7607      -502.1207 5m34s/Msamples
       36000000  -5948203.6387  -5947702.3016      -501.3370 5m34s/Msamples
       36100000  -5948216.3994  -5947709.2011      -507.1983 5m34s/Msamples
       36200000  -5948206.0583  -5947692.9043      -513.1539 5m34s/Msamples
       36300000  -5948201.3271  -5947701.3691      -499.9580 5m33s/Msamples
       36400000  -5948223.2519  -5947712.3561      -510.8958 5m33s/Msamples
       36500000  -5948227.2486  -5947732.4902      -494.7584 5m33s/Msamples
       36600000  -5948194.8475  -5947699.3042      -495.5432 5m33s/Msamples
       36700000  -5948203.4680  -5947721.3137      -482.1542 5m33s/Msamples
       36800000  -5948209.6953  -5947716.1578      -493.5375 5m33s/Msamples
       36900000  -5948170.0794  -5947681.2977      -488.7817 5m33s/Msamples
       37000000  -5948194.7941  -5947700.4383      -494.3558 5m32s/Msamples
       37100000  -5948193.1470  -5947712.5135      -480.6334 5m32s/Msamples
       37200000  -5948194.0132  -5947705.9518      -488.0613 5m32s/Msamples
       37300000  -5948209.9668  -5947706.0022      -503.9646 5m32s/Msamples
       37400000  -5948196.2157  -5947703.1502      -493.0654 5m32s/Msamples
       37500000  -5948195.3881  -5947701.5144      -493.8736 5m32s/Msamples
       37600000  -5948219.2018  -5947717.7487      -501.4531 5m32s/Msamples
       37700000  -5948187.5090  -5947689.9072      -497.6017 5m32s/Msamples
       37800000  -5948186.5443  -5947697.5993      -488.9450 5m31s/Msamples
       37900000  -5948202.2879  -5947709.5892      -492.6987 5m31s/Msamples
       38000000  -5948204.0442  -5947705.2518      -498.7923 5m31s/Msamples
       38100000  -5948216.0643  -5947698.7247      -517.3395 5m31s/Msamples
       38200000  -5948202.7773  -5947709.8141      -492.9631 5m31s/Msamples
       38300000  -5948199.4410  -5947710.6614      -488.7796 5m31s/Msamples
       38400000  -5948193.3877  -5947681.6251      -511.7626 5m31s/Msamples
       38500000  -5948197.9481  -5947698.9383      -499.0097 5m31s/Msamples
       38600000  -5948208.9150  -5947702.0121      -506.9029 5m31s/Msamples
       38700000  -5948198.1512  -5947704.4217      -493.7294 5m31s/Msamples
       38800000  -5948254.0334  -5947740.0989      -513.9344 5m30s/Msamples
       38900000  -5948220.4819  -5947719.9969      -500.4850 5m30s/Msamples
       39000000  -5948192.7618  -5947701.7076      -491.0542 5m30s/Msamples
       39100000  -5948189.0281  -5947695.4260      -493.6020 5m30s/Msamples
       39200000  -5948191.6139  -5947706.7229      -484.8910 5m30s/Msamples
       39300000  -5948190.5910  -5947707.8989      -482.6920 5m30s/Msamples
       39400000  -5948201.1045  -5947704.2004      -496.9041 5m30s/Msamples
       39500000  -5948191.6267  -5947695.6772      -495.9494 5m30s/Msamples
       39600000  -5948214.7508  -5947718.0576      -496.6932 5m30s/Msamples
       39700000  -5948219.3983  -5947718.8537      -500.5446 5m29s/Msamples
       39800000  -5948217.4059  -5947725.4800      -491.9258 5m29s/Msamples
       39900000  -5948186.5288  -5947699.3930      -487.1357 5m29s/Msamples
       40000000  -5948211.1374  -5947722.1034      -489.0339 5m29s/Msamples
       40100000  -5948173.4341  -5947691.6791      -481.7549 5m29s/Msamples
       40200000  -5948174.3502  -5947699.6760      -474.6741 5m29s/Msamples
       40300000  -5948184.6812  -5947696.2102      -488.4710 5m29s/Msamples
       40400000  -5948213.9310  -5947712.2699      -501.6610 5m29s/Msamples
       40500000  -5948205.5067  -5947691.2617      -514.2449 5m28s/Msamples
       40600000  -5948221.2217  -5947714.9091      -506.3126 5m28s/Msamples
       40700000  -5948208.1302  -5947713.0741      -495.0561 5m28s/Msamples
       40800000  -5948189.9689  -5947699.4194      -490.5495 5m28s/Msamples
       40900000  -5948200.5742  -5947708.1546      -492.4195 5m28s/Msamples
       41000000  -5948224.0655  -5947701.9167      -522.1488 5m28s/Msamples
       41100000  -5948222.9223  -5947709.4889      -513.4333 5m28s/Msamples
       41200000  -5948202.6791  -5947704.3055      -498.3735 5m28s/Msamples
       41300000  -5948197.9276  -5947696.6959      -501.2316 5m28s/Msamples
       41400000  -5948204.5071  -5947698.0353      -506.4718 5m28s/Msamples
       41500000  -5948191.0865  -5947682.8532      -508.2333 5m28s/Msamples
       41600000  -5948183.9771  -5947698.1713      -485.8058 5m27s/Msamples
       41700000  -5948205.3716  -5947706.9663      -498.4052 5m27s/Msamples
       41800000  -5948219.2591  -5947702.3553      -516.9037 5m27s/Msamples
       41900000  -5948204.0296  -5947702.0711      -501.9585 5m27s/Msamples
       42000000  -5948225.6348  -5947726.2801      -499.3546 5m27s/Msamples
       42100000  -5948218.4871  -5947714.9901      -503.4969 5m27s/Msamples
       42200000  -5948219.8465  -5947715.8761      -503.9704 5m27s/Msamples
       42300000  -5948217.8763  -5947702.3735      -515.5028 5m27s/Msamples
       42400000  -5948182.1602  -5947674.3973      -507.7628 5m27s/Msamples
       42500000  -5948224.4077  -5947702.3424      -522.0652 5m27s/Msamples
       42600000  -5948187.2112  -5947694.2310      -492.9802 5m26s/Msamples
       42700000  -5948198.4336  -5947699.4161      -499.0174 5m26s/Msamples
       42800000  -5948200.6121  -5947704.2474      -496.3647 5m26s/Msamples
       42900000  -5948169.2695  -5947682.5154      -486.7541 5m26s/Msamples
       43000000  -5948215.5498  -5947703.8158      -511.7340 5m26s/Msamples
       43100000  -5948226.5377  -5947707.6859      -518.8517 5m26s/Msamples
       43200000  -5948205.6055  -5947715.1405      -490.4650 5m26s/Msamples
       43300000  -5948195.2970  -5947704.3179      -490.9791 5m26s/Msamples
       43400000  -5948200.2959  -5947695.0966      -505.1993 5m26s/Msamples
       43500000  -5948206.6129  -5947714.8275      -491.7854 5m25s/Msamples
       43600000  -5948185.9878  -5947693.2916      -492.6961 5m25s/Msamples
       43700000  -5948200.4887  -5947709.6863      -490.8024 5m25s/Msamples
       43800000  -5948177.3286  -5947682.7657      -494.5628 5m25s/Msamples
       43900000  -5948191.9469  -5947695.2858      -496.6610 5m25s/Msamples
       44000000  -5948191.8818  -5947700.9139      -490.9678 5m25s/Msamples
       44100000  -5948193.2993  -5947678.8902      -514.4091 5m25s/Msamples
       44200000  -5948207.0078  -5947689.3401      -517.6677 5m25s/Msamples
       44300000  -5948196.6626  -5947681.0103      -515.6522 5m25s/Msamples
       44400000  -5948187.7413  -5947689.5229      -498.2183 5m25s/Msamples
       44500000  -5948199.9769  -5947691.1626      -508.8143 5m24s/Msamples
       44600000  -5948205.2869  -5947691.7384      -513.5485 5m24s/Msamples
       44700000  -5948204.8124  -5947692.9990      -511.8134 5m24s/Msamples
       44800000  -5948207.0378  -5947700.2089      -506.8289 5m24s/Msamples
       44900000  -5948198.2318  -5947689.7396      -508.4921 5m24s/Msamples
       45000000  -5948218.6136  -5947700.8104      -517.8031 5m24s/Msamples
       45100000  -5948197.8343  -5947688.1342      -509.7001 5m24s/Msamples
       45200000  -5948195.8411  -5947673.0011      -522.8399 5m24s/Msamples
       45300000  -5948208.7656  -5947690.7860      -517.9795 5m24s/Msamples
       45400000  -5948209.4081  -5947687.2926      -522.1155 5m24s/Msamples
       45500000  -5948190.0015  -5947678.0969      -511.9045 5m24s/Msamples
       45600000  -5948174.4585  -5947672.9180      -501.5405 5m23s/Msamples
       45700000  -5948169.2575  -5947670.4490      -498.8085 5m23s/Msamples
       45800000  -5948219.8573  -5947705.7667      -514.0905 5m23s/Msamples
       45900000  -5948214.0985  -5947713.8914      -500.2070 5m23s/Msamples
       46000000  -5948213.1967  -5947706.6260      -506.5706 5m23s/Msamples
       46100000  -5948233.1131  -5947727.3636      -505.7494 5m23s/Msamples
       46200000  -5948218.7081  -5947701.2689      -517.4391 5m23s/Msamples
       46300000  -5948202.9674  -5947707.0910      -495.8763 5m23s/Msamples
       46400000  -5948205.6067  -5947699.0356      -506.5711 5m23s/Msamples
       46500000  -5948199.2914  -5947686.0723      -513.2191 5m23s/Msamples
       46600000  -5948206.8961  -5947707.5948      -499.3012 5m23s/Msamples
       46700000  -5948172.9289  -5947681.6078      -491.3211 5m23s/Msamples
       46800000  -5948176.1036  -5947682.7422      -493.3613 5m23s/Msamples
       46900000  -5948193.4376  -5947712.0315      -481.4060 5m22s/Msamples
       47000000  -5948184.6084  -5947694.5482      -490.0601 5m22s/Msamples
       47100000  -5948203.0147  -5947700.5280      -502.4867 5m22s/Msamples
       47200000  -5948187.1785  -5947702.3375      -484.8409 5m22s/Msamples
       47300000  -5948187.8115  -5947682.8861      -504.9254 5m22s/Msamples
       47400000  -5948192.4912  -5947689.3265      -503.1647 5m22s/Msamples
       47500000  -5948203.5623  -5947690.2559      -513.3063 5m22s/Msamples
       47600000  -5948214.8982  -5947701.2379      -513.6602 5m22s/Msamples
       47700000  -5948217.9021  -5947717.5322      -500.3698 5m22s/Msamples
       47800000  -5948218.8437  -5947708.7568      -510.0869 5m22s/Msamples
       47900000  -5948208.4298  -5947700.5245      -507.9053 5m22s/Msamples
       48000000  -5948196.5361  -5947696.4825      -500.0535 5m22s/Msamples
       48100000  -5948198.9223  -5947708.4851      -490.4372 5m22s/Msamples
       48200000  -5948195.0964  -5947704.0554      -491.0409 5m21s/Msamples
       48300000  -5948202.6765  -5947692.5630      -510.1134 5m21s/Msamples
       48400000  -5948191.8553  -5947690.6277      -501.2276 5m21s/Msamples
       48500000  -5948206.7629  -5947707.0369      -499.7260 5m21s/Msamples
       48600000  -5948198.5530  -5947690.2668      -508.2861 5m21s/Msamples
       48700000  -5948182.8296  -5947680.6450      -502.1846 5m21s/Msamples
       48800000  -5948211.5887  -5947694.5991      -516.9896 5m21s/Msamples
       48900000  -5948183.1956  -5947688.3826      -494.8129 5m21s/Msamples
       49000000  -5948191.3846  -5947703.9664      -487.4181 5m21s/Msamples
       49100000  -5948181.6574  -5947696.4641      -485.1933 5m21s/Msamples
       49200000  -5948193.7811  -5947704.1238      -489.6573 5m21s/Msamples
       49300000  -5948179.2119  -5947692.1209      -487.0910 5m20s/Msamples
       49400000  -5948169.5652  -5947685.3653      -484.1998 5m20s/Msamples
       49500000  -5948194.2134  -5947699.3724      -494.8409 5m20s/Msamples
       49600000  -5948183.4230  -5947675.7340      -507.6889 5m20s/Msamples
       49700000  -5948208.4956  -5947684.9210      -523.5745 5m20s/Msamples
       49800000  -5948213.3042  -5947706.8886      -506.4155 5m20s/Msamples
       49900000  -5948210.3642  -5947697.0944      -513.2698 5m20s/Msamples
       50000000  -5948191.4947  -5947695.1845      -496.3101 5m20s/Msamples
       50100000  -5948179.5125  -5947663.7113      -515.8012 5m20s/Msamples
       50200000  -5948203.6728  -5947702.4279      -501.2448 5m20s/Msamples
       50300000  -5948180.3406  -5947687.8822      -492.4583 5m20s/Msamples
       50400000  -5948169.7390  -5947684.0718      -485.6672 5m20s/Msamples
       50500000  -5948167.8374  -5947675.8684      -491.9690 5m20s/Msamples
       50600000  -5948176.5632  -5947674.4773      -502.0859 5m20s/Msamples
       50700000  -5948192.6293  -5947693.4153      -499.2139 5m19s/Msamples
       50800000  -5948192.4860  -5947700.8475      -491.6385 5m19s/Msamples
       50900000  -5948211.0000  -5947702.4786      -508.5214 5m19s/Msamples
       51000000  -5948238.6255  -5947723.6323      -514.9931 5m19s/Msamples
       51100000  -5948201.2835  -5947697.5388      -503.7446 5m19s/Msamples
       51200000  -5948197.0680  -5947696.6397      -500.4282 5m19s/Msamples
       51300000  -5948191.9264  -5947702.9910      -488.9354 5m19s/Msamples
       51400000  -5948195.7537  -5947710.8870      -484.8666 5m19s/Msamples
       51500000  -5948220.8440  -5947717.5942      -503.2498 5m19s/Msamples
       51600000  -5948199.8901  -5947688.9665      -510.9236 5m19s/Msamples
       51700000  -5948188.7948  -5947688.1978      -500.5969 5m19s/Msamples
       51800000  -5948196.5302  -5947693.7961      -502.7340 5m19s/Msamples
       51900000  -5948200.6456  -5947688.1628      -512.4828 5m19s/Msamples
       52000000  -5948195.1648  -5947689.5287      -505.6361 5m19s/Msamples
       52100000  -5948232.6490  -5947709.9853      -522.6637 5m19s/Msamples
       52200000  -5948188.3200  -5947684.0381      -504.2818 5m19s/Msamples
       52300000  -5948189.8892  -5947690.7845      -499.1047 5m18s/Msamples
       52400000  -5948222.0675  -5947697.9147      -524.1527 5m18s/Msamples
       52500000  -5948178.3717  -5947689.3986      -488.9731 5m18s/Msamples
       52600000  -5948195.9908  -5947688.1640      -507.8268 5m18s/Msamples
       52700000  -5948235.7734  -5947718.3421      -517.4312 5m18s/Msamples
       52800000  -5948228.5260  -5947709.9988      -518.5271 5m18s/Msamples
       52900000  -5948206.5672  -5947696.7603      -509.8068 5m18s/Msamples
       53000000  -5948188.8871  -5947692.2335      -496.6536 5m18s/Msamples
       53100000  -5948196.0958  -5947698.3309      -497.7649 5m18s/Msamples
       53200000  -5948191.7892  -5947703.1256      -488.6636 5m18s/Msamples
       53300000  -5948172.3504  -5947680.7876      -491.5628 5m18s/Msamples
       53400000  -5948198.7182  -5947706.7002      -492.0180 5m18s/Msamples
       53500000  -5948206.5290  -5947713.0759      -493.4531 5m18s/Msamples
       53600000  -5948213.2671  -5947707.2532      -506.0139 5m18s/Msamples
       53700000  -5948193.7301  -5947705.2468      -488.4832 5m18s/Msamples
       53800000  -5948219.5051  -5947716.0765      -503.4285 5m18s/Msamples
       53900000  -5948202.8429  -5947686.9585      -515.8843 5m18s/Msamples
       54000000  -5948188.9810  -5947683.5858      -505.3952 5m18s/Msamples
       54100000  -5948210.4315  -5947693.6196      -516.8118 5m18s/Msamples
       54200000  -5948189.7489  -5947679.4637      -510.2851 5m18s/Msamples
       54300000  -5948220.8873  -5947708.1555      -512.7317 5m18s/Msamples
       54400000  -5948218.2372  -5947708.5978      -509.6394 5m18s/Msamples
       54500000  -5948183.0063  -5947681.7467      -501.2596 5m18s/Msamples
       54600000  -5948209.2721  -5947701.5239      -507.7481 5m17s/Msamples
       54700000  -5948215.6055  -5947708.7800      -506.8254 5m17s/Msamples
       54800000  -5948201.3166  -5947707.5764      -493.7401 5m17s/Msamples
       54900000  -5948178.9968  -5947678.6110      -500.3858 5m17s/Msamples
       55000000  -5948188.7116  -5947696.8492      -491.8624 5m17s/Msamples
       55100000  -5948186.0108  -5947686.3707      -499.6400 5m17s/Msamples
       55200000  -5948208.8982  -5947704.7896      -504.1086 5m17s/Msamples
       55300000  -5948209.1327  -5947698.1922      -510.9405 5m17s/Msamples
       55400000  -5948186.6764  -5947684.0078      -502.6685 5m17s/Msamples
       55500000  -5948211.9593  -5947716.8569      -495.1023 5m17s/Msamples
       55600000  -5948190.6664  -5947700.7724      -489.8939 5m17s/Msamples
       55700000  -5948179.0739  -5947677.4243      -501.6496 5m17s/Msamples
       55800000  -5948169.6109  -5947684.7070      -484.9039 5m17s/Msamples
       55900000  -5948168.2388  -5947677.4893      -490.7494 5m17s/Msamples
       56000000  -5948203.2445  -5947698.6905      -504.5540 5m17s/Msamples
       56100000  -5948178.1780  -5947688.2057      -489.9723 5m16s/Msamples
       56200000  -5948191.8084  -5947693.2334      -498.5750 5m16s/Msamples
       56300000  -5948181.4221  -5947692.5689      -488.8532 5m16s/Msamples
       56400000  -5948183.3737  -5947691.0415      -492.3322 5m16s/Msamples
       56500000  -5948191.7174  -5947692.1145      -499.6028 5m16s/Msamples
       56600000  -5948216.9469  -5947720.7052      -496.2417 5m16s/Msamples
       56700000  -5948184.7095  -5947693.1163      -491.5931 5m16s/Msamples
       56800000  -5948202.4180  -5947701.3499      -501.0681 5m16s/Msamples
       56900000  -5948206.0359  -5947700.4223      -505.6136 5m16s/Msamples
       57000000  -5948192.9172  -5947693.3899      -499.5273 5m16s/Msamples
       57100000  -5948182.4231  -5947707.4743      -474.9488 5m16s/Msamples
       57200000  -5948052.3651  -5947552.5193      -499.8457 5m16s/Msamples
       57300000  -5948073.6952  -5947581.1908      -492.5043 5m16s/Msamples
       57400000  -5948070.5123  -5947582.2275      -488.2848 5m16s/Msamples
       57500000  -5948069.1017  -5947572.0644      -497.0373 5m16s/Msamples
       57600000  -5948071.8727  -5947574.9208      -496.9519 5m16s/Msamples
       57700000  -5948079.6610  -5947578.1700      -501.4909 5m16s/Msamples
       57800000  -5948080.9999  -5947581.0468      -499.9530 5m15s/Msamples
       57900000  -5948075.5843  -5947578.4778      -497.1065 5m15s/Msamples
       58000000  -5948052.3297  -5947564.9179      -487.4118 5m15s/Msamples
       58100000  -5948059.3910  -5947568.3508      -491.0401 5m15s/Msamples
       58200000  -5947971.5098  -5947465.8547      -505.6551 5m15s/Msamples
       58300000  -5947944.4593  -5947453.0877      -491.3716 5m15s/Msamples
       58400000  -5947966.4746  -5947464.4998      -501.9747 5m15s/Msamples
       58500000  -5947963.1559  -5947457.1752      -505.9806 5m15s/Msamples
       58600000  -5947973.8766  -5947454.0927      -519.7838 5m15s/Msamples
       58700000  -5947992.7058  -5947465.9721      -526.7337 5m15s/Msamples
       58800000  -5947956.3791  -5947447.2325      -509.1465 5m15s/Msamples
       58900000  -5947977.6985  -5947462.3567      -515.3418 5m15s/Msamples
       59000000  -5947969.3333  -5947455.6136      -513.7196 5m15s/Msamples
       59100000  -5947964.8119  -5947449.4030      -515.4088 5m15s/Msamples
       59200000  -5947975.3269  -5947457.3261      -518.0007 5m15s/Msamples
       59300000  -5947969.0579  -5947464.2431      -504.8148 5m15s/Msamples
       59400000  -5947959.3769  -5947455.0015      -504.3753 5m14s/Msamples
       59500000  -5947973.7638  -5947467.1591      -506.6046 5m14s/Msamples
       59600000  -5947928.9514  -5947426.6262      -502.3252 5m14s/Msamples
       59700000  -5947897.6101  -5947408.1470      -489.4630 5m14s/Msamples
       59800000  -5947946.0511  -5947420.2788      -525.7723 5m14s/Msamples
       59900000  -5947932.6768  -5947408.1428      -524.5339 5m14s/Msamples
       60000000  -5947911.7320  -5947391.7177      -520.0143 5m14s/Msamples
       60100000  -5947926.9327  -5947421.2473      -505.6854 5m14s/Msamples
       60200000  -5947930.8631  -5947426.9746      -503.8885 5m14s/Msamples
       60300000  -5947909.3827  -5947405.4017      -503.9809 5m14s/Msamples
       60400000  -5947939.3915  -5947425.0550      -514.3365 5m14s/Msamples
       60500000  -5947927.6412  -5947419.0829      -508.5582 5m14s/Msamples
       60600000  -5947908.9584  -5947410.2309      -498.7275 5m14s/Msamples
       60700000  -5947915.7920  -5947420.7328      -495.0591 5m14s/Msamples
       60800000  -5947933.5357  -5947425.5442      -507.9915 5m14s/Msamples
       60900000  -5947929.9173  -5947413.7726      -516.1447 5m14s/Msamples
       61000000  -5947915.2543  -5947411.7082      -503.5460 5m14s/Msamples
       61100000  -5947935.3443  -5947420.7428      -514.6014 5m14s/Msamples
       61200000  -5947942.9174  -5947423.8098      -519.1075 5m14s/Msamples
       61300000  -5947945.4037  -5947432.1673      -513.2364 5m14s/Msamples
       61400000  -5947928.8445  -5947425.4140      -503.4305 5m14s/Msamples
       61500000  -5947863.4579  -5947371.3353      -492.1226 5m14s/Msamples
       61600000  -5947888.9360  -5947384.6569      -504.2790 5m14s/Msamples
       61700000  -5947886.1423  -5947379.5857      -506.5565 5m13s/Msamples
       61800000  -5947882.6943  -5947383.1233      -499.5710 5m13s/Msamples
       61900000  -5947886.5489  -5947369.8692      -516.6796 5m13s/Msamples
       62000000  -5947895.2843  -5947379.4413      -515.8430 5m13s/Msamples
       62100000  -5947905.6658  -5947379.1412      -526.5245 5m13s/Msamples
       62200000  -5947916.2041  -5947400.2150      -515.9890 5m13s/Msamples
       62300000  -5947873.8501  -5947372.3312      -501.5188 5m13s/Msamples
       62400000  -5947886.6390  -5947378.6245      -508.0145 5m13s/Msamples
       62500000  -5947878.9658  -5947372.3662      -506.5995 5m13s/Msamples
       62600000  -5947899.8726  -5947392.9844      -506.8882 5m13s/Msamples
       62700000  -5947897.7054  -5947383.8833      -513.8221 5m13s/Msamples
       62800000  -5947883.3095  -5947384.5387      -498.7707 5m13s/Msamples
       62900000  -5947886.3349  -5947381.5409      -504.7940 5m13s/Msamples
       63000000  -5947892.8031  -5947375.9760      -516.8271 5m13s/Msamples
       63100000  -5947881.8286  -5947372.3533      -509.4752 5m13s/Msamples
       63200000  -5947906.1326  -5947388.3063      -517.8263 5m13s/Msamples
       63300000  -5947907.4182  -5947385.4809      -521.9372 5m13s/Msamples
       63400000  -5947867.5573  -5947364.4266      -503.1307 5m13s/Msamples
       63500000  -5947870.1147  -5947367.6078      -502.5069 5m13s/Msamples
       63600000  -5947868.7696  -5947365.3238      -503.4458 5m13s/Msamples
       63700000  -5947889.8819  -5947369.2457      -520.6361 5m13s/Msamples
       63800000  -5947919.1271  -5947389.4935      -529.6335 5m13s/Msamples
       63900000  -5947888.9694  -5947369.8413      -519.1280 5m13s/Msamples
       64000000  -5947905.3775  -5947400.0176      -505.3598 5m12s/Msamples
       64100000  -5947889.8508  -5947368.2716      -521.5791 5m12s/Msamples
       64200000  -5947881.7776  -5947366.9567      -514.8208 5m12s/Msamples
       64300000  -5947925.9421  -5947395.5287      -530.4134 5m12s/Msamples
       64400000  -5947911.8406  -5947401.3462      -510.4943 5m12s/Msamples
       64500000  -5947900.5129  -5947390.1841      -510.3288 5m12s/Msamples
       64600000  -5947873.6183  -5947375.3468      -498.2714 5m12s/Msamples
       64700000  -5947893.2956  -5947375.0808      -518.2148 5m12s/Msamples
       64800000  -5947889.9439  -5947381.4607      -508.4831 5m12s/Msamples
       64900000  -5947877.3063  -5947370.6693      -506.6370 5m12s/Msamples
       65000000  -5947881.7225  -5947384.9883      -496.7342 5m12s/Msamples
