2021-04-18 11:13:58,407 Reading the input fasta file: /mnt/c/Users/ktmea/Projects/plague-phylogeography/results/snippy_multi/all/chromosome/full/snippy-multi.snps.aln
2021-04-18 11:13:58,435 Reading alignment length...
2021-04-18 11:13:58,437 Alignment length: 22883
2021-04-18 11:13:58,438 Reading alignment sample names...
2021-04-18 11:13:58,438 Number of samples: 30
2021-04-18 11:13:58,438 Analyzing alignment for sites with >=0.95 samples with data...
2021-04-18 11:13:59,773 5% Complete
2021-04-18 11:14:03,183 10% Complete
2021-04-18 11:14:06,789 15% Complete
2021-04-18 11:14:10,092 20% Complete
2021-04-18 11:14:13,809 25% Complete
2021-04-18 11:14:17,955 30% Complete
2021-04-18 11:14:24,446 35% Complete
2021-04-18 11:14:31,478 40% Complete
2021-04-18 11:14:37,874 45% Complete
2021-04-18 11:14:46,451 50% Complete
2021-04-18 11:14:55,608 55% Complete
2021-04-18 11:15:07,234 60% Complete
2021-04-18 11:15:18,951 65% Complete
2021-04-18 11:15:30,895 70% Complete
2021-04-18 11:15:43,698 75% Complete
2021-04-18 11:15:59,380 80% Complete
2021-04-18 11:16:17,237 85% Complete
2021-04-18 11:16:35,640 90% Complete
2021-04-18 11:16:55,156 95% Complete
2021-04-18 11:17:17,782 100% Complete
2021-04-18 11:17:17,783 Creating the filtered multiple alignment..
2021-04-18 11:17:18,033 Writing to the output fasta file: /mnt/c/Users/ktmea/Projects/plague-phylogeography/results/snippy_multi/all/chromosome/full/filter5/snippy-multi.snps.aln
2021-04-18 11:17:18,050 Parsimony informative sites: 13135 (57%)
2021-04-18 11:17:18,050 Biallelic singleton sites: 9715 (42%)
2021-04-18 11:17:18,051 Multiallelic singleton sites: 25 (0%)
2021-04-18 11:17:18,051 Pseudo singleton sites: 8 (0%)
2021-04-18 11:17:18,051 Total singleton sites: 9748 (42%)
2021-04-18 11:17:18,052 Singleton sites passing missing data filter: 7392
2021-04-18 11:17:18,052 Parsimony informative sites passing missing data filter: 10537
2021-04-18 11:17:18,052 Total sites passing missing data filter: 17929
2021-04-18 11:17:18,052 Total sites failing missing data filter: 4954
2021-04-18 11:17:18,053 Wrote a multi-fasta alignment of length: 17929
