2021-04-16 16:49:15,431 Reading the input fasta file: /mnt/c/Users/ktmea/Projects/plague-phylogeography/results/snippy_multi/all/chromosome/prune/snippy-multi.snps.aln
2021-04-16 16:49:15,440 Reading alignment length...
2021-04-16 16:49:15,440 Alignment length: 2451
2021-04-16 16:49:15,441 Reading alignment sample names...
2021-04-16 16:49:15,441 Number of samples: 27
2021-04-16 16:49:15,442 Analyzing alignment for sites with >=0.85 samples with data...
2021-04-16 16:49:15,469 5% Complete
2021-04-16 16:49:15,521 10% Complete
2021-04-16 16:49:15,595 15% Complete
2021-04-16 16:49:15,684 20% Complete
2021-04-16 16:49:15,799 25% Complete
2021-04-16 16:49:15,934 30% Complete
2021-04-16 16:49:16,082 35% Complete
2021-04-16 16:49:16,259 40% Complete
2021-04-16 16:49:16,449 45% Complete
2021-04-16 16:49:16,537 50% Complete
2021-04-16 16:49:16,745 55% Complete
2021-04-16 16:49:16,983 60% Complete
2021-04-16 16:49:17,241 65% Complete
2021-04-16 16:49:17,524 70% Complete
2021-04-16 16:49:17,808 75% Complete
2021-04-16 16:49:18,083 80% Complete
2021-04-16 16:49:18,376 85% Complete
2021-04-16 16:49:18,651 90% Complete
2021-04-16 16:49:18,984 95% Complete
2021-04-16 16:49:19,308 100% Complete
2021-04-16 16:49:19,309 Creating the filtered multiple alignment..
2021-04-16 16:49:19,333 Writing to the output fasta file: /mnt/c/Users/ktmea/Projects/plague-phylogeography/results/snippy_multi/all/chromosome/prune/filter15/snippy-multi.snps.aln
2021-04-16 16:49:19,337 Parsimony informative sites: 392 (15%)
2021-04-16 16:49:19,337 Biallelic singleton sites: 2056 (83%)
2021-04-16 16:49:19,338 Multiallelic singleton sites: 1 (0%)
2021-04-16 16:49:19,338 Pseudo singleton sites: 2 (0%)
2021-04-16 16:49:19,339 Total singleton sites: 2059 (84%)
2021-04-16 16:49:19,339 Singleton sites passing missing data filter: 1820
2021-04-16 16:49:19,340 Parsimony informative sites passing missing data filter: 358
2021-04-16 16:49:19,340 Total sites passing missing data filter: 2178
2021-04-16 16:49:19,341 Total sites failing missing data filter: 273
2021-04-16 16:49:19,341 Wrote a multi-fasta alignment of length: 2175
