IQ-TREE multicore version 2.1.2 COVID-edition for Linux 64-bit built Mar 30 2021
Developed by Bui Quang Minh, James Barbetti, Nguyen Lam Tung,
Olga Chernomor, Heiko Schmidt, Dominik Schrempf, Michael Woodhams.

Host:    DESKTOP-36M8DA7 (SSE4.2, 12 GB RAM)
Command: iqtree -s /mnt/c/Users/ktmea/Projects/plague-phylogeography/results/snippy_multi/all/chromosome/full/filter5/snippy-multi.snps.aln --date /mnt/c/Users/ktmea/Projects/plague-phylogeography/results/lsd/all/chromosome/full/filter5/lsd.dates.txt --prefix /mnt/c/Users/ktmea/Projects/plague-phylogeography/results/lsd/all/chromosome/full/filter5/lsd -fconst 1126283,1013395,1024525,1123137 --date-ci 100 --date-outlier 3 -te /mnt/c/Users/ktmea/Projects/plague-phylogeography/results/iqtree/all/chromosome/full/filter5/iqtree.treefile
Seed:    573640 (Using SPRNG - Scalable Parallel Random Number Generator)
Time:    Fri Apr 16 16:58:28 2021
Kernel:  SSE2 - 1 threads (4 CPU cores detected)

HINT: Use -nt option to specify number of threads because your CPU has 4 cores!
HINT: -nt AUTO will automatically determine the best number of threads to use.

Reading alignment file /mnt/c/Users/ktmea/Projects/plague-phylogeography/results/snippy_multi/all/chromosome/full/filter5/snippy-multi.snps.aln ... Fasta format detected
Alignment most likely contains DNA/RNA sequences
Alignment has 28 sequences with 1926 columns, 697 distinct patterns
538 parsimony-informative, 1388 singleton sites, 0 constant sites
                                      Gap/Ambiguity  Composition  p-value
   1  GCA_000169635.1_ASM16963v1_genomic      0.00%    passed     70.60%
   2  GCA_000170275.1_ASM17027v1_genomic      0.21%    passed     71.95%
   3  GCA_000269145.1_ASM26914v1_genomic      1.19%    passed     62.74%
   4  GCA_000320465.1_ASM32046v1_genomic      0.00%    passed     87.68%
   5  GCA_000323485.1_ASM32348v1_genomic      0.67%    failed      0.00%
   6  GCA_000323505.1_ASM32350v1_genomic      0.10%    passed     98.82%
   7  GCA_000323565.1_ASM32356v1_genomic      1.61%    passed     91.31%
   8  GCA_000323625.1_ASM32362v1_genomic      1.45%    passed     61.08%
   9  GCA_000323845.1_ASM32384v1_genomic      1.25%    failed      0.01%
  10  GCA_000323945.1_ASM32394v1_genomic      9.66%    passed     99.33%
  11  GCA_000323965.1_ASM32396v1_genomic      0.57%    passed     94.72%
  12  GCA_000324065.1_ASM32406v1_genomic      2.65%    passed     85.49%
  13  GCA_000324565.1_ASM32456v1_genomic      0.05%    passed     93.56%
  14  GCA_000324725.1_ASM32472v1_genomic      0.42%    passed     92.26%
  15  GCA_000325305.1_ASM32530v1_genomic      0.36%    passed     99.14%
  16  GCA_000325365.1_ASM32536v1_genomic      0.26%    passed     89.46%
  17  GCA_000835005.1_ASM83500v1_genomic      3.06%    passed      7.14%
  18  GCA_001188795.1_ASM118879v1_genomic     1.04%    passed     16.13%
  19  GCA_001294975.1_ASM129497v1_genomic     0.05%    passed     70.31%
  20  GCA_002005285.1_ASM200528v1_genomic     0.00%    passed     85.62%
  21  GCA_002981895.1_ASM298189v1_genomic     0.10%    passed     82.94%
  22  GCA_003074235.1_ASM307423v1_genomic     0.31%    passed     97.71%
  23  GCA_003074535.1_ASM307453v1_genomic     0.00%    passed     95.78%
  24  GCA_008630435.1_ASM863043v1_genomic     0.67%    passed     58.79%
  25  GCA_009670865.1_ASM967086v1_genomic     0.00%    passed     75.11%
  26  GCA_015158755.1_ASM1515875v1_genomic    0.00%    passed     96.77%
  27  GCA_016102905.1_ASM1610290v1_genomic    0.00%    passed     30.48%
  28  Reference                               0.00%    passed     65.99%
****  TOTAL                                   0.92%  2 sequences failed composition chi2 test (p-value<5%; df=3)
INFO: 4287340 const sites added into alignment
NOTE: minimal branch length is reduced to 0.000000023314 for long alignment

Reading input tree file /mnt/c/Users/ktmea/Projects/plague-phylogeography/results/iqtree/all/chromosome/full/filter5/iqtree.treefile ...
Perform fast likelihood tree search using GTR+I+G model...
Estimate model parameters (epsilon = 5.000)
Time for fast ML tree search: 0.387 seconds

NOTE: ModelFinder requires 6 MB RAM!
ModelFinder will test up to 286 DNA models (sample size: 4289266) ...
 No. Model         -LnL         df  AIC          AICc         BIC
  1  GTR+F         5965703.430  61  11931528.860 11931528.862 11932338.429
  2  GTR+F+I       5965676.841  62  11931477.682 11931477.684 11932300.523
  3  GTR+F+G4      5965688.528  62  11931501.056 11931501.058 11932323.897
  4  GTR+F+I+G4    5965682.222  63  11931490.444 11931490.446 11932326.556
  5  GTR+F+R2      5965698.263  63  11931522.527 11931522.529 11932358.639
  6  GTR+F+R3      5965695.997  65  11931521.994 11931521.996 11932384.650
 15  SYM+I         5970930.703  59  11941979.406 11941979.408 11942762.432
 28  TVM+F+I       5965677.742  61  11931477.483 11931477.485 11932287.052
 41  TVMe+I        5970931.685  58  11941979.370 11941979.372 11942749.124
 54  TIM3+F+I      5965783.187  60  11931686.374 11931686.376 11932482.672
 67  TIM3e+I       5971038.483  57  11942190.966 11942190.967 11942947.448
 80  TIM2+F+I      5965782.134  60  11931684.268 11931684.270 11932480.566
 93  TIM2e+I       5971036.462  57  11942186.924 11942186.925 11942943.406
106  TIM+F+I       5965684.255  60  11931488.510 11931488.512 11932284.808
119  TIMe+I        5970941.109  57  11941996.218 11941996.220 11942752.701
132  TPM3u+F+I     5965784.559  59  11931687.117 11931687.119 11932470.143
145  TPM3+F+I      5965784.559  59  11931687.117 11931687.119 11932470.143
158  TPM2u+F+I     5965783.237  59  11931684.473 11931684.475 11932467.499
171  TPM2+F+I      5965783.237  59  11931684.473 11931684.475 11932467.499
184  K3Pu+F+I      5965685.502  59  11931489.004 11931489.006 11932272.030
197  K3P+I         5970942.275  56  11941996.551 11941996.552 11942739.762
210  TN+F+I        5965783.340  59  11931684.680 11931684.681 11932467.706
223  TNe+I         5971039.476  56  11942190.953 11942190.954 11942934.164
236  HKY+F+I       5965784.794  58  11931685.589 11931685.590 11932455.343
249  K2P+I         5971040.733  55  11942191.466 11942191.468 11942921.406
262  F81+F+I       5966105.881  57  11932325.762 11932325.763 11933082.244
275  JC+I          5971360.612  54  11942829.223 11942829.225 11943545.891
Akaike Information Criterion:           TVM+F+I
Corrected Akaike Information Criterion: TVM+F+I
Bayesian Information Criterion:         K3Pu+F+I
Best-fit model: K3Pu+F+I chosen according to BIC

All model information printed to /mnt/c/Users/ktmea/Projects/plague-phylogeography/results/lsd/all/chromosome/full/filter5/lsd.model.gz
CPU time for ModelFinder: 2.744 seconds (0h:0m:2s)
Wall-clock time for ModelFinder: 2.825 seconds (0h:0m:2s)

NOTE: 0 MB RAM (0 GB) is required!
Estimate model parameters (epsilon = 0.010)
1. Initial log-likelihood: -5965685.502
Optimal log-likelihood: -5965685.493
Rate parameters:  A-C: 1.00000  A-G: 2.10944  A-T: 0.32956  C-G: 0.32956  C-T: 2.10944  G-T: 1.00000
Base frequencies:  A: 0.263  C: 0.236  G: 0.239  T: 0.262
Proportion of invariable sites: 0.964
Parameters optimization took 1 rounds (0.020 sec)
BEST SCORE FOUND : -5965685.493
Total tree length: 0.000

Total number of iterations: 0
CPU time used for tree search: 0.000 sec (0h:0m:0s)
Wall-clock time used for tree search: 0.000 sec (0h:0m:0s)
Total CPU time used: 0.033 sec (0h:0m:0s)
Total wall-clock time used: 0.046 sec (0h:0m:0s)

Analysis results written to:
  IQ-TREE report:                /mnt/c/Users/ktmea/Projects/plague-phylogeography/results/lsd/all/chromosome/full/filter5/lsd.iqtree
  Maximum-likelihood tree:       /mnt/c/Users/ktmea/Projects/plague-phylogeography/results/lsd/all/chromosome/full/filter5/lsd.treefile
  Screen log file:               /mnt/c/Users/ktmea/Projects/plague-phylogeography/results/lsd/all/chromosome/full/filter5/lsd.log

--- Start phylogenetic dating ---
Reading date file /mnt/c/Users/ktmea/Projects/plague-phylogeography/results/lsd/all/chromosome/full/filter5/lsd.dates.txt ...
28 dates extracted
Building time tree by least-square dating (LSD) with command:
lsd -i /mnt/c/Users/ktmea/Projects/plague-phylogeography/results/lsd/all/chromosome/full/filter5/lsd.timetree.subst -s 4289266 -o /mnt/c/Users/ktmea/Projects/plague-phylogeography/results/lsd/all/chromosome/full/filter5/lsd.timetree -f 100 -e 3 -r a -d /mnt/c/Users/ktmea/Projects/plague-phylogeography/results/lsd/all/chromosome/full/filter5/lsd.timetree.date

TREE 1
*PROCESSING:
Reading the tree ...
Collapse 3 (over 25) internal branches having branch length <= 1.17e-07
 (settable via option -l)
Parameter to adjust variances was set to 3.38e-06 (settable via option -b)
Calculating the outlier nodes with Zscore threshold 3 (setable via option -e)...
Minimum branch length of time scaled tree (settable via option -u and -U): 0
Estimating the root position on all branches using fast method ...
Computing confidence intervals using sequence length 4289266 and a lognormal
 relaxed clock with mean 1, standard deviation 0.2 (settable via option -q)
*WARNINGS:
- 12% internal branches were collapsed.
*RESULTS:
- The input dates associated with the following 2 nodes are considered as
 outliers, so the nodes were excluded from the analysis:
 GCA_000323625.1_ASM32362v1_genomic GCA_001188795.1_ASM118879v1_genomic
- Dating results:
 rate 8.95429e-09, tMRCA -5779.79 , objective function 4.9588e-05
- Results with confidence intervals:
 rate 8.95429e-09 [1e-10; 3.40414e-08], tMRCA -5779.79 [-571769; -1419.93], objective function 4.9588e-05

TOTAL ELAPSED TIME: 0.023 seconds
LSD results written to:
  LSD report:                  /mnt/c/Users/ktmea/Projects/plague-phylogeography/results/lsd/all/chromosome/full/filter5/lsd.timetree.lsd
  Time tree in nexus format:   /mnt/c/Users/ktmea/Projects/plague-phylogeography/results/lsd/all/chromosome/full/filter5/lsd.timetree.nex
  Time tree in newick format:  /mnt/c/Users/ktmea/Projects/plague-phylogeography/results/lsd/all/chromosome/full/filter5/lsd.timetree.nwk

--- End phylogenetic dating ---
Date and Time: Fri Apr 16 16:58:32 2021
