2021-06-16 12:14:45,291 Reading the input fasta file: /2/scratch/keaton/plague-phylogeography/results/snippy_multi/all/chromosome/full/snippy-multi.snps.aln
2021-06-16 12:14:45,294 Reading alignment length...
2021-06-16 12:14:45,294 Alignment length: 483
2021-06-16 12:14:45,294 Reading alignment sample names...
2021-06-16 12:14:45,294 Number of samples: 50
2021-06-16 12:14:45,295 Analyzing alignment for sites with >=0.7 samples with data...
2021-06-16 12:14:45,302 5% Complete
2021-06-16 12:14:45,312 10% Complete
2021-06-16 12:14:45,321 15% Complete
2021-06-16 12:14:45,333 20% Complete
2021-06-16 12:14:45,343 25% Complete
2021-06-16 12:14:45,356 30% Complete
2021-06-16 12:14:45,372 35% Complete
2021-06-16 12:14:45,389 40% Complete
2021-06-16 12:14:45,420 45% Complete
2021-06-16 12:14:45,455 50% Complete
2021-06-16 12:14:45,499 55% Complete
2021-06-16 12:14:45,540 60% Complete
2021-06-16 12:14:45,576 65% Complete
2021-06-16 12:14:45,632 70% Complete
2021-06-16 12:14:45,692 75% Complete
2021-06-16 12:14:45,749 80% Complete
2021-06-16 12:14:45,826 85% Complete
2021-06-16 12:14:45,925 90% Complete
2021-06-16 12:14:46,006 95% Complete
2021-06-16 12:14:46,087 100% Complete
2021-06-16 12:14:46,087 Creating the filtered multiple alignment..
2021-06-16 12:14:46,103 Writing to the output fasta file: /2/scratch/keaton/plague-phylogeography/results/snippy_multi/all/chromosome/full/filter30/snippy-multi.snps.aln
2021-06-16 12:14:46,104 Constant sites: 0 (0%)
2021-06-16 12:14:46,104 Parsimony informative sites: 238 (49%)
2021-06-16 12:14:46,104 Biallelic singleton sites: 245 (50%)
2021-06-16 12:14:46,104 Multiallelic singleton sites: 0 (0%)
2021-06-16 12:14:46,104 Pseudo singleton sites: 0 (0%)
2021-06-16 12:14:46,104 Total singleton sites: 245 (50%)
2021-06-16 12:14:46,104 Singleton sites passing missing data filter: 186
2021-06-16 12:14:46,105 Parsimony informative sites passing missing data filter: 198
2021-06-16 12:14:46,105 Filtered nucleotides: 19200
2021-06-16 12:14:46,105 Ambiguous nucleotides: 2307 (12%)
2021-06-16 12:14:46,105 Total sites passing missing data filter: 384
2021-06-16 12:14:46,105 Total sites failing missing data filter: 99
2021-06-16 12:14:46,105 Total nucleotides passing missing data filter: 19200
2021-06-16 12:14:46,105 Ambiguous nucleotides passing missing data filter: 2307
2021-06-16 12:14:46,105 Wrote a multi-fasta alignment of length: 384
