2021-05-20 11:48:44,451 Reading the input fasta file: /2/scratch/keaton/plague-phylogeography/results/snippy_multi/all/chromosome/full/snippy-multi.snps.aln
2021-05-20 11:48:44,573 Reading alignment length...
2021-05-20 11:48:44,575 Alignment length: 33703
2021-05-20 11:48:44,575 Reading alignment sample names...
2021-05-20 11:48:44,576 Number of samples: 603
2021-05-20 11:48:44,578 Analyzing alignment for sites with >=0.98 samples with data...
2021-05-20 11:50:57,291 5% Complete
2021-05-20 11:56:08,943 10% Complete
2021-05-20 12:02:55,542 15% Complete
2021-05-20 12:07:41,390 20% Complete
2021-05-20 12:15:35,177 25% Complete
2021-05-20 12:25:14,450 30% Complete
2021-05-20 12:39:21,275 35% Complete
2021-05-20 12:50:13,369 40% Complete
2021-05-20 13:04:27,416 45% Complete
2021-05-20 13:17:39,397 50% Complete
2021-05-20 13:40:38,977 55% Complete
2021-05-20 13:59:53,469 60% Complete
2021-05-20 14:26:22,638 65% Complete
2021-05-20 14:59:19,763 70% Complete
2021-05-20 15:24:18,402 75% Complete
2021-05-20 15:58:06,059 80% Complete
2021-05-20 16:34:52,160 85% Complete
2021-05-20 17:17:12,654 90% Complete
2021-05-20 18:07:54,161 95% Complete
2021-05-20 18:54:12,652 100% Complete
2021-05-20 18:54:12,652 Creating the filtered multiple alignment..
2021-05-20 18:54:26,790 Writing to the output fasta file: /2/scratch/keaton/plague-phylogeography/results/snippy_multi/all/chromosome/full/filter2/snippy-multi.snps.aln
2021-05-20 18:54:26,931 Constant sites: 0 (0%)
2021-05-20 18:54:26,931 Parsimony informative sites: 17333 (51%)
2021-05-20 18:54:26,931 Biallelic singleton sites: 16246 (48%)
2021-05-20 18:54:26,931 Multiallelic singleton sites: 80 (0%)
2021-05-20 18:54:26,931 Pseudo singleton sites: 44 (0%)
2021-05-20 18:54:26,931 Total singleton sites: 16370 (48%)
2021-05-20 18:54:26,931 Singleton sites passing missing data filter: 10177
2021-05-20 18:54:26,931 Parsimony informative sites passing missing data filter: 11386
2021-05-20 18:54:26,931 Total sites passing missing data filter: 21563
2021-05-20 18:54:26,932 Total sites failing missing data filter: 12140
2021-05-20 18:54:26,932 Wrote a multi-fasta alignment of length: 21563
