IQ-TREE multicore version 2.1.2 COVID-edition for Linux 64-bit built Mar 30 2021
Developed by Bui Quang Minh, James Barbetti, Nguyen Lam Tung,
Olga Chernomor, Heiko Schmidt, Dominik Schrempf, Michael Woodhams.

Host:    DESKTOP-36M8DA7 (SSE4.2, 12 GB RAM)
Command: iqtree -s /mnt/c/Users/ktmea/Projects/plague-phylogeography/results/snippy_multi/all/chromosome/filter5/snippy-multi.snps.aln --date /mnt/c/Users/ktmea/Projects/plague-phylogeography/results/lsd/all/chromosome/filter5/lsd.dates.txt --prefix /mnt/c/Users/ktmea/Projects/plague-phylogeography/results/lsd/all/chromosome/filter5/lsd -fconst 1126286,1013384,1024518,1123133 --date-ci 100 --date-outlier 3 -te /mnt/c/Users/ktmea/Projects/plague-phylogeography/results/iqtree/all/chromosome/filter5/iqtree.treefile
Seed:    284432 (Using SPRNG - Scalable Parallel Random Number Generator)
Time:    Thu Apr 15 23:25:27 2021
Kernel:  SSE2 - 1 threads (4 CPU cores detected)

HINT: Use -nt option to specify number of threads because your CPU has 4 cores!
HINT: -nt AUTO will automatically determine the best number of threads to use.

Reading alignment file /mnt/c/Users/ktmea/Projects/plague-phylogeography/results/snippy_multi/all/chromosome/filter5/snippy-multi.snps.aln ... Fasta format detected
Alignment most likely contains DNA/RNA sequences
Alignment has 29 sequences with 547 columns, 216 distinct patterns
547 parsimony-informative, 0 singleton sites, 0 constant sites
                                      Gap/Ambiguity  Composition  p-value
   1  GCA_000170275.1_ASM17027v1_genomic      0.18%    passed      9.11%
   2  GCA_000269145.1_ASM26914v1_genomic      0.73%    passed      6.15%
   3  GCA_000320465.1_ASM32046v1_genomic      0.00%    passed     97.16%
   4  GCA_000323485.1_ASM32348v1_genomic      0.37%    failed      0.00%
   5  GCA_000323505.1_ASM32350v1_genomic      0.18%    passed     92.72%
   6  GCA_000323565.1_ASM32356v1_genomic      0.73%    passed     16.30%
   7  GCA_000323625.1_ASM32362v1_genomic      2.38%    failed      0.11%
   8  GCA_000323845.1_ASM32384v1_genomic      0.55%    failed      0.00%
   9  GCA_000323945.1_ASM32394v1_genomic      9.51%    passed     13.56%
  10  GCA_000323965.1_ASM32396v1_genomic      1.10%    passed     54.56%
  11  GCA_000324065.1_ASM32406v1_genomic      2.93%    passed     99.74%
  12  GCA_000324565.1_ASM32456v1_genomic      0.00%    passed     27.40%
  13  GCA_000324725.1_ASM32472v1_genomic      0.55%    passed     40.95%
  14  GCA_000325305.1_ASM32530v1_genomic      0.55%    passed     89.11%
  15  GCA_000325365.1_ASM32536v1_genomic      0.18%    passed     38.71%
  16  GCA_000590535.1_EV_NIIEG_genomic        0.00%    failed      0.99%
  17  GCA_000590535.2_ASM59053v2_genomic      0.00%    failed      0.99%
  18  GCA_000835005.1_ASM83500v1_genomic      2.38%    passed     92.87%
  19  GCA_001188795.1_ASM118879v1_genomic     0.91%    failed      0.00%
  20  GCA_001294975.1_ASM129497v1_genomic     0.18%    failed      0.24%
  21  GCA_002005285.1_ASM200528v1_genomic     0.00%    passed     19.08%
  22  GCA_002981895.1_ASM298189v1_genomic     0.18%    failed      0.25%
  23  GCA_003074235.1_ASM307423v1_genomic     0.18%    passed     99.86%
  24  GCA_003074535.1_ASM307453v1_genomic     0.00%    passed     97.97%
  25  GCA_008630435.1_ASM863043v1_genomic     0.55%    passed     34.29%
  26  GCA_009670865.1_ASM967086v1_genomic     0.00%    passed     29.27%
  27  GCA_015158755.1_ASM1515875v1_genomic    0.00%    passed     21.96%
  28  GCA_016102905.1_ASM1610290v1_genomic    0.00%    passed     13.10%
  29  Reference                               0.00%    passed     10.40%
****  TOTAL                                   0.84%  8 sequences failed composition chi2 test (p-value<5%; df=3)
INFO: 4287321 const sites added into alignment
NOTE: minimal branch length is reduced to 0.000000023322 for long alignment
NOTE: GCA_000590535.2_ASM59053v2_genomic is identical to GCA_000590535.1_EV_NIIEG_genomic but kept for subsequent analysis

Reading input tree file /mnt/c/Users/ktmea/Projects/plague-phylogeography/results/iqtree/all/chromosome/filter5/iqtree.treefile ...
Perform fast likelihood tree search using GTR+I+G model...
Estimate model parameters (epsilon = 5.000)
Time for fast ML tree search: 0.103 seconds

NOTE: ModelFinder requires 2 MB RAM!
ModelFinder will test up to 286 DNA models (sample size: 4287868) ...
 No. Model         -LnL         df  AIC          AICc         BIC
  1  GTR+F         5946265.151  63  11892656.303 11892656.305 11893492.395
  2  GTR+F+I       5946220.542  64  11892569.085 11892569.087 11893418.448
  3  GTR+F+G4      5946252.072  64  11892632.144 11892632.146 11893481.507
  4  GTR+F+I+G4    5946245.932  65  11892621.865 11892621.867 11893484.499
  5  GTR+F+R2      5946260.718  65  11892651.436 11892651.438 11893514.070
  6  GTR+F+R3      5946257.225  67  11892648.451 11892648.453 11893537.628
 15  SYM+I         5951473.818  61  11903069.635 11903069.637 11903879.185
 28  TVM+F+I       5946221.345  63  11892568.690 11892568.692 11893404.782
 41  TVMe+I        5951474.657  60  11903069.313 11903069.315 11903865.591
 54  TIM3+F+I      5946257.691  62  11892639.382 11892639.384 11893462.203
 67  TIM3e+I       5951510.993  59  11903139.986 11903139.987 11903922.992
 80  TIM2+F+I      5946258.335  62  11892640.670 11892640.672 11893463.491
 93  TIM2e+I       5951512.149  59  11903142.298 11903142.300 11903925.305
106  TIM+F+I       5946223.070  62  11892570.140 11892570.141 11893392.960
119  TIMe+I        5951477.158  59  11903072.316 11903072.317 11903855.322
132  TPM3u+F+I     5946258.412  61  11892638.825 11892638.827 11893448.374
145  TPM3+F+I      5946258.412  61  11892638.825 11892638.827 11893448.374
158  TPM2u+F+I     5946259.150  61  11892640.299 11892640.301 11893449.849
171  TPM2+F+I      5946259.150  61  11892640.299 11892640.301 11893449.849
184  K3Pu+F+I      5946223.855  61  11892569.711 11892569.713 11893379.260
197  K3P+I         5951478.029  58  11903072.058 11903072.060 11903841.794
210  TN+F+I        5946258.236  61  11892638.472 11892638.474 11893448.021
223  TNe+I         5951512.118  58  11903140.235 11903140.237 11903909.971
236  HKY+F+I       5946259.086  60  11892638.172 11892638.174 11893434.450
249  K2P+I         5951513.052  57  11903140.104 11903140.106 11903896.568
262  F81+F+I       5946367.665  59  11892853.330 11892853.331 11893636.337
275  JC+I          5951621.266  56  11903354.533 11903354.534 11904097.726
Akaike Information Criterion:           TVM+F+I
Corrected Akaike Information Criterion: TVM+F+I
Bayesian Information Criterion:         K3Pu+F+I
Best-fit model: K3Pu+F+I chosen according to BIC

All model information printed to /mnt/c/Users/ktmea/Projects/plague-phylogeography/results/lsd/all/chromosome/filter5/lsd.model.gz
CPU time for ModelFinder: 0.958 seconds (0h:0m:0s)
Wall-clock time for ModelFinder: 1.010 seconds (0h:0m:1s)

NOTE: 0 MB RAM (0 GB) is required!
Estimate model parameters (epsilon = 0.010)
1. Initial log-likelihood: -5946223.854
2. Current log-likelihood: -5946223.840
3. Current log-likelihood: -5946223.829
Optimal log-likelihood: -5946223.820
Rate parameters:  A-C: 1.00000  A-G: 2.18691  A-T: 0.26102  C-G: 0.26102  C-T: 2.18691  G-T: 1.00000
Base frequencies:  A: 0.263  C: 0.236  G: 0.239  T: 0.262
Proportion of invariable sites: 0.997
Parameters optimization took 3 rounds (0.021 sec)
BEST SCORE FOUND : -5946223.820
Total tree length: 0.000

Total number of iterations: 0
CPU time used for tree search: 0.000 sec (0h:0m:0s)
Wall-clock time used for tree search: 0.000 sec (0h:0m:0s)
Total CPU time used: 0.035 sec (0h:0m:0s)
Total wall-clock time used: 0.049 sec (0h:0m:0s)

Analysis results written to:
  IQ-TREE report:                /mnt/c/Users/ktmea/Projects/plague-phylogeography/results/lsd/all/chromosome/filter5/lsd.iqtree
  Maximum-likelihood tree:       /mnt/c/Users/ktmea/Projects/plague-phylogeography/results/lsd/all/chromosome/filter5/lsd.treefile
  Screen log file:               /mnt/c/Users/ktmea/Projects/plague-phylogeography/results/lsd/all/chromosome/filter5/lsd.log

--- Start phylogenetic dating ---
Reading date file /mnt/c/Users/ktmea/Projects/plague-phylogeography/results/lsd/all/chromosome/filter5/lsd.dates.txt ...
29 dates extracted
Building time tree by least-square dating (LSD) with command:
lsd -i /mnt/c/Users/ktmea/Projects/plague-phylogeography/results/lsd/all/chromosome/filter5/lsd.timetree.subst -s 4287868 -o /mnt/c/Users/ktmea/Projects/plague-phylogeography/results/lsd/all/chromosome/filter5/lsd.timetree -f 100 -e 3 -r a -d /mnt/c/Users/ktmea/Projects/plague-phylogeography/results/lsd/all/chromosome/filter5/lsd.timetree.date

TREE 1
*PROCESSING:
Reading the tree ...
Collapse 3 (over 26) internal branches having branch length <= 1.17e-07
 (settable via option -l)
Parameter to adjust variances was set to 2.33e-06 (settable via option -b)
Calculating the outlier nodes with Zscore threshold 3 (setable via option -e)...
Minimum branch length of time scaled tree (settable via option -u and -U): 0
Estimating the root position on all branches using fast method ...
Computing confidence intervals using sequence length 4287868 and a lognormal
 relaxed clock with mean 1, standard deviation 0.2 (settable via option -q)
*WARNINGS:
- 11.5385% internal branches were collapsed.
- The estimated rate reaches the given lower bound. To change the lower bound, use option -t.
*RESULTS:
- There is not any outlier date.
- Dating results:
 rate 1e-10, tMRCA -293974 , objective function 4.4489e-05
- Results with confidence intervals:
 rate 1e-10 [1e-10; 1.84079e-09], tMRCA -293974 [-370353; -14649.2], objective function 4.4489e-05

TOTAL ELAPSED TIME: 0.031 seconds
LSD results written to:
  LSD report:                  /mnt/c/Users/ktmea/Projects/plague-phylogeography/results/lsd/all/chromosome/filter5/lsd.timetree.lsd
  Time tree in nexus format:   /mnt/c/Users/ktmea/Projects/plague-phylogeography/results/lsd/all/chromosome/filter5/lsd.timetree.nex
  Time tree in newick format:  /mnt/c/Users/ktmea/Projects/plague-phylogeography/results/lsd/all/chromosome/filter5/lsd.timetree.nwk

--- End phylogenetic dating ---
Date and Time: Thu Apr 15 23:25:28 2021
