2021-04-15 21:16:53,336 Reading the input fasta file: /mnt/c/Users/ktmea/Projects/plague-phylogeography/results/snippy_multi/all/chromosome/snippy-multi.snps.aln
2021-04-15 21:16:53,344 Reading alignment length...
2021-04-15 21:16:53,344 Alignment length: 2435
2021-04-15 21:16:53,345 Reading alignment sample names...
2021-04-15 21:16:53,345 Number of samples: 28
2021-04-15 21:16:53,347 Analyzing alignment for sites with >=0.8 samples with data...
2021-04-15 21:16:53,359 5% Complete
2021-04-15 21:16:53,377 10% Complete
2021-04-15 21:16:53,396 15% Complete
2021-04-15 21:16:53,411 20% Complete
2021-04-15 21:16:53,430 25% Complete
2021-04-15 21:16:53,444 30% Complete
2021-04-15 21:16:53,458 35% Complete
2021-04-15 21:16:53,472 40% Complete
2021-04-15 21:16:53,485 45% Complete
2021-04-15 21:16:53,497 50% Complete
2021-04-15 21:16:53,518 55% Complete
2021-04-15 21:16:53,541 60% Complete
2021-04-15 21:16:53,569 65% Complete
2021-04-15 21:16:53,589 70% Complete
2021-04-15 21:16:53,621 75% Complete
2021-04-15 21:16:53,650 80% Complete
2021-04-15 21:16:53,685 85% Complete
2021-04-15 21:16:53,713 90% Complete
2021-04-15 21:16:53,733 95% Complete
2021-04-15 21:16:53,764 100% Complete
2021-04-15 21:16:53,764 Creating the filtered multiple alignment..
2021-04-15 21:16:53,780 Writing to the output fasta file: /mnt/c/Users/ktmea/Projects/plague-phylogeography/results/snippy_multi/all/chromosome/filter20/snippy-multi.snps.aln
2021-04-15 21:16:53,810 Parsimony informative sites: 394 (16%)
2021-04-15 21:16:53,813 Biallelic singleton sites: 2038 (83%)
2021-04-15 21:16:53,814 Multiallelic singleton sites: 1 (0%)
2021-04-15 21:16:53,815 Pseudo singleton sites: 2 (0%)
2021-04-15 21:16:53,816 Total singleton sites: 2041 (83%)
2021-04-15 21:16:53,816 Singleton sites passing missing data filter: 0
2021-04-15 21:16:53,837 Parsimony informative sites passing missing data filter: 361
2021-04-15 21:16:53,846 Total sites passing missing data filter: 361
2021-04-15 21:16:53,851 Total sites failing missing data filter: 33
2021-04-15 21:16:53,852 Wrote a multi-fasta alignment of length: 361
