2021-06-16 11:24:47,223 Reading the input fasta file: /2/scratch/keaton/plague-phylogeography/results/snippy_multi/all/chromosome/full/snippy-multi.snps.aln
2021-06-16 11:24:47,226 Reading alignment length...
2021-06-16 11:24:47,226 Alignment length: 483
2021-06-16 11:24:47,226 Reading alignment sample names...
2021-06-16 11:24:47,226 Number of samples: 50
2021-06-16 11:24:47,227 Analyzing alignment for sites with >=0.81 samples with data...
2021-06-16 11:24:47,234 5% Complete
2021-06-16 11:24:47,242 10% Complete
2021-06-16 11:24:47,247 15% Complete
2021-06-16 11:24:47,256 20% Complete
2021-06-16 11:24:47,264 25% Complete
2021-06-16 11:24:47,275 30% Complete
2021-06-16 11:24:47,288 35% Complete
2021-06-16 11:24:47,300 40% Complete
2021-06-16 11:24:47,310 45% Complete
2021-06-16 11:24:47,312 50% Complete
2021-06-16 11:24:47,328 55% Complete
2021-06-16 11:24:47,339 60% Complete
2021-06-16 11:24:47,356 65% Complete
2021-06-16 11:24:47,390 70% Complete
2021-06-16 11:24:47,424 75% Complete
2021-06-16 11:24:47,459 80% Complete
2021-06-16 11:24:47,506 85% Complete
2021-06-16 11:24:47,548 90% Complete
2021-06-16 11:24:47,582 95% Complete
2021-06-16 11:24:47,625 100% Complete
2021-06-16 11:24:47,625 Creating the filtered multiple alignment..
2021-06-16 11:24:47,636 Writing to the output fasta file: /2/scratch/keaton/plague-phylogeography/results/snippy_multi/all/chromosome/full/filter19/snippy-multi.snps.aln
2021-06-16 11:24:47,637 Constant sites: 0 (0%)
2021-06-16 11:24:47,637 Parsimony informative sites: 238 (49%)
2021-06-16 11:24:47,637 Biallelic singleton sites: 245 (50%)
2021-06-16 11:24:47,637 Multiallelic singleton sites: 0 (0%)
2021-06-16 11:24:47,637 Pseudo singleton sites: 0 (0%)
2021-06-16 11:24:47,637 Total singleton sites: 245 (50%)
2021-06-16 11:24:47,637 Singleton sites passing missing data filter: 123
2021-06-16 11:24:47,637 Parsimony informative sites passing missing data filter: 172
2021-06-16 11:24:47,637 Total sites passing missing data filter: 295
2021-06-16 11:24:47,637 Total sites failing missing data filter: 188
2021-06-16 11:24:47,637 Wrote a multi-fasta alignment of length: 295
