2021-04-29 10:50:21,924 Reading the input fasta file: /mnt/c/Users/ktmea/Projects/plague-phylogeography/results/iqtree/all/chromosome/full/filter5/filter-taxa/snippy-multi.snps.aln
2021-04-29 10:50:21,951 Reading alignment length...
2021-04-29 10:50:21,955 Alignment length: 17929
2021-04-29 10:50:21,956 Reading alignment sample names...
2021-04-29 10:50:21,956 Number of samples: 28
2021-04-29 10:50:21,956 Analyzing alignment for sites with >=0.0 samples with data...
2021-04-29 10:50:22,034 5% Complete
2021-04-29 10:50:22,137 10% Complete
2021-04-29 10:50:22,255 15% Complete
2021-04-29 10:50:22,352 20% Complete
2021-04-29 10:50:22,467 25% Complete
2021-04-29 10:50:22,661 30% Complete
2021-04-29 10:50:22,875 35% Complete
2021-04-29 10:50:23,123 40% Complete
2021-04-29 10:50:23,393 45% Complete
2021-04-29 10:50:23,698 50% Complete
2021-04-29 10:50:23,963 55% Complete
2021-04-29 10:50:24,220 60% Complete
2021-04-29 10:50:24,380 65% Complete
2021-04-29 10:50:24,625 70% Complete
2021-04-29 10:50:24,955 75% Complete
2021-04-29 10:50:25,272 80% Complete
2021-04-29 10:50:25,553 85% Complete
2021-04-29 10:50:25,807 90% Complete
2021-04-29 10:50:26,063 95% Complete
2021-04-29 10:50:26,328 100% Complete
2021-04-29 10:50:26,328 Creating the filtered multiple alignment..
2021-04-29 10:50:26,351 Writing to the output fasta file: /mnt/c/Users/ktmea/Projects/plague-phylogeography/results/iqtree/all/chromosome/full/filter5/filter-sites/snippy-multi.snps.aln
2021-04-29 10:50:26,354 Constant sites: 16051 (89%)
2021-04-29 10:50:26,355 Parsimony informative sites: 519 (2%)
2021-04-29 10:50:26,355 Biallelic singleton sites: 1357 (7%)
2021-04-29 10:50:26,355 Multiallelic singleton sites: 1 (0%)
2021-04-29 10:50:26,356 Pseudo singleton sites: 1 (0%)
2021-04-29 10:50:26,356 Total singleton sites: 1359 (7%)
2021-04-29 10:50:26,356 Singleton sites passing missing data filter: 1359
2021-04-29 10:50:26,357 Parsimony informative sites passing missing data filter: 519
2021-04-29 10:50:26,357 Total sites passing missing data filter: 1878
2021-04-29 10:50:26,357 Total sites failing missing data filter: 0
2021-04-29 10:50:26,357 Wrote a multi-fasta alignment of length: 1878
