2021-06-16 11:24:47,183 Reading the input fasta file: /2/scratch/keaton/plague-phylogeography/results/snippy_multi/all/chromosome/full/snippy-multi.snps.aln
2021-06-16 11:24:47,188 Reading alignment length...
2021-06-16 11:24:47,188 Alignment length: 483
2021-06-16 11:24:47,188 Reading alignment sample names...
2021-06-16 11:24:47,188 Number of samples: 50
2021-06-16 11:24:47,188 Analyzing alignment for sites with >=0.83 samples with data...
2021-06-16 11:24:47,195 5% Complete
2021-06-16 11:24:47,202 10% Complete
2021-06-16 11:24:47,207 15% Complete
2021-06-16 11:24:47,214 20% Complete
2021-06-16 11:24:47,220 25% Complete
2021-06-16 11:24:47,229 30% Complete
2021-06-16 11:24:47,240 35% Complete
2021-06-16 11:24:47,250 40% Complete
2021-06-16 11:24:47,258 45% Complete
2021-06-16 11:24:47,261 50% Complete
2021-06-16 11:24:47,275 55% Complete
2021-06-16 11:24:47,284 60% Complete
2021-06-16 11:24:47,295 65% Complete
2021-06-16 11:24:47,320 70% Complete
2021-06-16 11:24:47,344 75% Complete
2021-06-16 11:24:47,370 80% Complete
2021-06-16 11:24:47,408 85% Complete
2021-06-16 11:24:47,447 90% Complete
2021-06-16 11:24:47,480 95% Complete
2021-06-16 11:24:47,522 100% Complete
2021-06-16 11:24:47,523 Creating the filtered multiple alignment..
2021-06-16 11:24:47,533 Writing to the output fasta file: /2/scratch/keaton/plague-phylogeography/results/snippy_multi/all/chromosome/full/filter17/snippy-multi.snps.aln
2021-06-16 11:24:47,534 Constant sites: 0 (0%)
2021-06-16 11:24:47,534 Parsimony informative sites: 238 (49%)
2021-06-16 11:24:47,534 Biallelic singleton sites: 245 (50%)
2021-06-16 11:24:47,534 Multiallelic singleton sites: 0 (0%)
2021-06-16 11:24:47,535 Pseudo singleton sites: 0 (0%)
2021-06-16 11:24:47,535 Total singleton sites: 245 (50%)
2021-06-16 11:24:47,535 Singleton sites passing missing data filter: 114
2021-06-16 11:24:47,535 Parsimony informative sites passing missing data filter: 160
2021-06-16 11:24:47,535 Total sites passing missing data filter: 274
2021-06-16 11:24:47,535 Total sites failing missing data filter: 209
2021-06-16 11:24:47,535 Wrote a multi-fasta alignment of length: 274
