2021-04-16 16:49:09,215 Reading the input fasta file: /mnt/c/Users/ktmea/Projects/plague-phylogeography/results/snippy_multi/all/chromosome/prune/snippy-multi.snps.aln
2021-04-16 16:49:09,221 Reading alignment length...
2021-04-16 16:49:09,222 Alignment length: 2451
2021-04-16 16:49:09,222 Reading alignment sample names...
2021-04-16 16:49:09,223 Number of samples: 27
2021-04-16 16:49:09,223 Analyzing alignment for sites with >=0.8 samples with data...
2021-04-16 16:49:09,251 5% Complete
2021-04-16 16:49:09,305 10% Complete
2021-04-16 16:49:09,386 15% Complete
2021-04-16 16:49:09,484 20% Complete
2021-04-16 16:49:09,670 25% Complete
2021-04-16 16:49:09,880 30% Complete
2021-04-16 16:49:10,091 35% Complete
2021-04-16 16:49:10,336 40% Complete
2021-04-16 16:49:10,586 45% Complete
2021-04-16 16:49:10,702 50% Complete
2021-04-16 16:49:10,994 55% Complete
2021-04-16 16:49:11,345 60% Complete
2021-04-16 16:49:11,713 65% Complete
2021-04-16 16:49:12,101 70% Complete
2021-04-16 16:49:12,526 75% Complete
2021-04-16 16:49:12,920 80% Complete
2021-04-16 16:49:13,338 85% Complete
2021-04-16 16:49:13,735 90% Complete
2021-04-16 16:49:14,195 95% Complete
2021-04-16 16:49:14,649 100% Complete
2021-04-16 16:49:14,650 Creating the filtered multiple alignment..
2021-04-16 16:49:14,677 Writing to the output fasta file: /mnt/c/Users/ktmea/Projects/plague-phylogeography/results/snippy_multi/all/chromosome/prune/filter20/snippy-multi.snps.aln
2021-04-16 16:49:14,681 Parsimony informative sites: 392 (15%)
2021-04-16 16:49:14,681 Biallelic singleton sites: 2056 (83%)
2021-04-16 16:49:14,681 Multiallelic singleton sites: 1 (0%)
2021-04-16 16:49:14,681 Pseudo singleton sites: 2 (0%)
2021-04-16 16:49:14,682 Total singleton sites: 2059 (84%)
2021-04-16 16:49:14,682 Singleton sites passing missing data filter: 1846
2021-04-16 16:49:14,682 Parsimony informative sites passing missing data filter: 360
2021-04-16 16:49:14,683 Total sites passing missing data filter: 2206
2021-04-16 16:49:14,683 Total sites failing missing data filter: 245
2021-04-16 16:49:14,683 Wrote a multi-fasta alignment of length: 2203
