2021-04-15 21:16:53,263 Reading the input fasta file: /mnt/c/Users/ktmea/Projects/plague-phylogeography/results/snippy_multi/all/chromosome/snippy-multi.snps.aln
2021-04-15 21:16:53,269 Reading alignment length...
2021-04-15 21:16:53,270 Alignment length: 2435
2021-04-15 21:16:53,270 Reading alignment sample names...
2021-04-15 21:16:53,270 Number of samples: 28
2021-04-15 21:16:53,271 Analyzing alignment for sites with >=0.75 samples with data...
2021-04-15 21:16:53,281 5% Complete
2021-04-15 21:16:53,290 10% Complete
2021-04-15 21:16:53,301 15% Complete
2021-04-15 21:16:53,311 20% Complete
2021-04-15 21:16:53,327 25% Complete
2021-04-15 21:16:53,342 30% Complete
2021-04-15 21:16:53,363 35% Complete
2021-04-15 21:16:53,388 40% Complete
2021-04-15 21:16:53,405 45% Complete
2021-04-15 21:16:53,417 50% Complete
2021-04-15 21:16:53,438 55% Complete
2021-04-15 21:16:53,460 60% Complete
2021-04-15 21:16:53,484 65% Complete
2021-04-15 21:16:53,501 70% Complete
2021-04-15 21:16:53,526 75% Complete
2021-04-15 21:16:53,551 80% Complete
2021-04-15 21:16:53,573 85% Complete
2021-04-15 21:16:53,599 90% Complete
2021-04-15 21:16:53,633 95% Complete
2021-04-15 21:16:53,662 100% Complete
2021-04-15 21:16:53,663 Creating the filtered multiple alignment..
2021-04-15 21:16:53,670 Writing to the output fasta file: /mnt/c/Users/ktmea/Projects/plague-phylogeography/results/snippy_multi/all/chromosome/filter25/snippy-multi.snps.aln
2021-04-15 21:16:53,676 Parsimony informative sites: 394 (16%)
2021-04-15 21:16:53,676 Biallelic singleton sites: 2038 (83%)
2021-04-15 21:16:53,677 Multiallelic singleton sites: 1 (0%)
2021-04-15 21:16:53,677 Pseudo singleton sites: 2 (0%)
2021-04-15 21:16:53,677 Total singleton sites: 2041 (83%)
2021-04-15 21:16:53,678 Singleton sites passing missing data filter: 0
2021-04-15 21:16:53,678 Parsimony informative sites passing missing data filter: 364
2021-04-15 21:16:53,678 Total sites passing missing data filter: 364
2021-04-15 21:16:53,679 Total sites failing missing data filter: 30
2021-04-15 21:16:53,679 Wrote a multi-fasta alignment of length: 364
