IQ-TREE multicore version 2.1.2 COVID-edition for Linux 64-bit built Mar 30 2021
Developed by Bui Quang Minh, James Barbetti, Nguyen Lam Tung,
Olga Chernomor, Heiko Schmidt, Dominik Schrempf, Michael Woodhams.

Host:    info113 (SSE3, 252 GB RAM)
Command: iqtree -s /2/scratch/keaton/plague-phylogeography-projects/recombination/snippy_multi/all/chromosome/full/filter_r2/snippy-multi.snps.aln -m K3Pu+F+I --threads-max 10 -nt 10 -o GCA_900637475.1_51108_B01_genomic,GCA_000834295.1_ASM83429v1_genomic -seed 47321424 --runs 1 -fconst 554122,498620,504148,552534 --ufboot 1000 -redo -pre /2/scratch/keaton/plague-phylogeography-projects/recombination/iqtree/all/chromosome/full/filter_r2/iqtree
Seed:    47321424 (Using SPRNG - Scalable Parallel Random Number Generator)
Time:    Mon Oct  4 16:44:51 2021
Kernel:  SSE2 - 10 threads (48 CPU cores detected)

Reading alignment file /2/scratch/keaton/plague-phylogeography-projects/recombination/snippy_multi/all/chromosome/full/filter_r2/snippy-multi.snps.aln ... Fasta format detected
Alignment most likely contains DNA/RNA sequences
Alignment has 603 sequences with 13141 columns, 12204 distinct patterns
7003 parsimony-informative, 6138 singleton sites, 0 constant sites
                                                         Gap/Ambiguity  Composition  p-value
   1  GCA_000006645.1_ASM664v1_genomic                           0.00%    passed     99.30%
   2  GCA_000007885.1_ASM788v1_genomic                           0.11%    passed     98.41%
   3  GCA_000013825.1_ASM1382v1_genomic                          0.62%    passed     99.64%
   4  GCA_000022805.1_ASM2280v1_genomic                          0.00%    passed     99.21%
   5  GCA_000022825.1_ASM2282v1_genomic                          0.03%    passed     99.75%
   6  GCA_000022845.1_ASM2284v1_genomic                          1.20%    passed     99.32%
   7  GCA_000168235.2_ASM16823v2_genomic                         0.37%    passed     99.40%
   8  GCA_000169615.1_ASM16961v1_genomic                         2.42%    passed     97.79%
   9  GCA_000169635.1_ASM16963v1_genomic                         0.05%    passed     98.98%
  10  GCA_000169655.1_ASM16965v1_genomic                         0.03%    passed     99.80%
  11  GCA_000169675.1_ASM16967v1_genomic                         0.11%    passed     99.97%
  12  GCA_000170275.1_ASM17027v1_genomic                         0.11%    passed     99.14%
  13  GCA_000181455.2_ASM18145v2_genomic                         0.16%    passed     99.51%
  14  GCA_000182485.1_ASM18248v1_genomic                         0.09%    passed     99.97%
  15  GCA_000182505.1_ASM18250v1_genomic                         0.02%    passed     99.15%
  16  GCA_000182525.1_ASM18252v1_genomic                         0.06%    passed     98.30%
  17  GCA_000182705.1_ASM18270v1_genomic                         0.00%    passed     99.40%
  18  GCA_000255735.1_ASM25573v1_genomic                         0.05%    passed     99.29%
  19  GCA_000255755.1_ASM25575v1_genomic                         0.06%    passed     99.10%
  20  GCA_000255775.1_ASM25577v1_genomic                         0.01%    passed     99.09%
  21  GCA_000255795.1_ASM25579v1_genomic                         0.15%    passed     99.07%
  22  GCA_000255815.1_ASM25581v1_genomic                         0.08%    passed     98.75%
  23  GCA_000255835.1_ASM25583v1_genomic                         0.11%    passed     99.10%
  24  GCA_000255855.1_ASM25585v1_genomic                         0.11%    passed     99.19%
  25  GCA_000255875.1_ASM25587v1_genomic                         0.14%    passed     99.36%
  26  GCA_000255895.1_ASM25589v1_genomic                         0.11%    passed     99.17%
  27  GCA_000268325.1_ASM26832v1_genomic                         0.78%    passed     98.56%
  28  GCA_000268345.1_ASM26834v1_genomic                         0.35%    passed     98.67%
  29  GCA_000268365.1_ASM26836v1_genomic                         0.68%    passed     98.37%
  30  GCA_000268385.1_ASM26838v1_genomic                         0.37%    passed     98.10%
  31  GCA_000268405.1_ASM26840v1_genomic                         0.82%    passed     98.98%
  32  GCA_000268425.1_ASM26842v1_genomic                         0.59%    passed     98.01%
  33  GCA_000268445.1_ASM26844v1_genomic                         0.62%    passed     99.29%
  34  GCA_000268465.1_ASM26846v1_genomic                         0.89%    passed     96.71%
  35  GCA_000268485.1_ASM26848v1_genomic                         0.62%    passed     97.88%
  36  GCA_000268485.2_ASM26848v2_genomic                         0.62%    passed     97.88%
  37  GCA_000268505.1_ASM26850v1_genomic                         0.47%    passed     97.07%
  38  GCA_000268525.1_ASM26852v1_genomic                         0.69%    passed     97.01%
  39  GCA_000268545.1_ASM26854v1_genomic                         0.77%    passed     99.74%
  40  GCA_000268565.1_ASM26856v1_genomic                         1.51%    passed     96.62%
  41  GCA_000268585.1_ASM26858v1_genomic                         0.77%    passed     97.88%
  42  GCA_000268605.1_ASM26860v1_genomic                         1.42%    passed     94.90%
  43  GCA_000268625.1_ASM26862v1_genomic                         0.51%    passed     97.56%
  44  GCA_000268645.1_ASM26864v1_genomic                         0.62%    passed     99.28%
  45  GCA_000268665.1_ASM26866v1_genomic                         1.01%    passed     98.50%
  46  GCA_000268685.1_ASM26868v1_genomic                         0.37%    passed     99.01%
  47  GCA_000268705.1_ASM26870v1_genomic                         1.26%    passed     98.84%
  48  GCA_000268725.1_ASM26872v1_genomic                         0.37%    passed     98.80%
  49  GCA_000268725.2_ASM26872v2_genomic                         0.37%    passed     98.80%
  50  GCA_000268745.1_ASM26874v1_genomic                         0.46%    passed     98.43%
  51  GCA_000268765.1_ASM26876v1_genomic                         0.81%    passed     98.48%
  52  GCA_000268785.1_ASM26878v1_genomic                         0.47%    passed     98.04%
  53  GCA_000268805.1_ASM26880v1_genomic                         2.69%    passed     99.36%
  54  GCA_000268805.2_ASM26880v2_genomic                         2.69%    passed     99.36%
  55  GCA_000268825.1_ASM26882v1_genomic                         0.42%    passed     98.58%
  56  GCA_000268845.1_ASM26884v1_genomic                         0.83%    passed     99.01%
  57  GCA_000268865.1_ASM26886v1_genomic                         0.43%    passed     99.60%
  58  GCA_000268865.2_ASM26886v2_genomic                         0.43%    passed     99.60%
  59  GCA_000268885.1_ASM26888v1_genomic                         0.63%    passed     97.75%
  60  GCA_000268905.1_ASM26890v1_genomic                         0.46%    passed     98.45%
  61  GCA_000268925.1_ASM26892v1_genomic                         0.30%    passed     98.12%
  62  GCA_000268945.1_ASM26894v1_genomic                         2.12%    passed     98.34%
  63  GCA_000268965.1_ASM26896v1_genomic                         0.62%    passed     98.49%
  64  GCA_000268985.1_ASM26898v1_genomic                         0.75%    passed     98.87%
  65  GCA_000269005.1_ASM26900v1_genomic                         1.49%    passed     97.07%
  66  GCA_000269025.1_ASM26902v1_genomic                         0.61%    passed     99.08%
  67  GCA_000269045.1_ASM26904v1_genomic                         0.80%    passed     98.20%
  68  GCA_000269065.1_ASM26906v1_genomic                         0.27%    passed     98.80%
  69  GCA_000269085.1_ASM26908v1_genomic                         0.56%    passed     99.59%
  70  GCA_000269105.1_ASM26910v1_genomic                         0.69%    passed     98.41%
  71  GCA_000269125.1_ASM26912v1_genomic                         0.52%    passed     98.51%
  72  GCA_000269145.1_ASM26914v1_genomic                         0.87%    passed     97.93%
  73  GCA_000269165.1_ASM26916v1_genomic                         0.56%    passed     98.35%
  74  GCA_000269185.1_ASM26918v1_genomic                         0.78%    passed     98.45%
  75  GCA_000269205.1_ASM26920v1_genomic                         0.39%    passed     99.20%
  76  GCA_000269225.1_ASM26922v1_genomic                         0.74%    passed     98.08%
  77  GCA_000269245.1_ASM26924v1_genomic                         0.44%    passed     99.18%
  78  GCA_000269265.1_ASM26926v1_genomic                         1.39%    passed     98.85%
  79  GCA_000269285.1_ASM26928v1_genomic                         0.59%    passed     97.03%
  80  GCA_000269285.2_ASM26928v2_genomic                         0.59%    passed     97.03%
  81  GCA_000269305.1_ASM26930v1_genomic                         0.47%    passed     98.84%
  82  GCA_000269325.1_ASM26932v1_genomic                         0.85%    passed     97.84%
  83  GCA_000269345.1_ASM26934v1_genomic                         0.88%    passed     99.19%
  84  GCA_000269365.1_ASM26936v1_genomic                         0.50%    passed     99.13%
  85  GCA_000269385.1_ASM26938v1_genomic                         2.87%    passed     92.07%
  86  GCA_000269405.1_ASM26940v1_genomic                         1.74%    passed     97.04%
  87  GCA_000269425.1_ASM26942v1_genomic                         1.46%    passed     98.50%
  88  GCA_000269445.1_ASM26944v1_genomic                         0.37%    passed     98.47%
  89  GCA_000269465.1_ASM26946v1_genomic                         0.74%    passed     97.00%
  90  GCA_000269485.1_ASM26948v1_genomic                         1.13%    passed     96.90%
  91  GCA_000275685.1_ASM27568v1_genomic                         0.00%    passed     99.62%
  92  GCA_000311885.1_ASM31188v1_genomic                         0.00%    passed     98.98%
  93  GCA_000320425.1_ASM32042v1_genomic                         2.60%    passed     96.90%
  94  GCA_000320445.1_ASM32044v1_genomic                         0.72%    passed     99.82%
  95  GCA_000320465.1_ASM32046v1_genomic                         0.07%    passed     99.97%
  96  GCA_000323185.1_ASM32318v1_genomic                         0.78%    passed     99.82%
  97  GCA_000323205.1_ASM32320v1_genomic                         1.23%    passed     99.18%
  98  GCA_000323225.1_ASM32322v1_genomic                         0.14%    passed     99.70%
  99  GCA_000323245.1_ASM32324v1_genomic                         9.69%    passed     97.66%
 100  GCA_000323285.1_ASM32328v1_genomic                         0.06%    passed     99.72%
 101  GCA_000323305.1_ASM32330v1_genomic                         1.21%    passed     99.78%
 102  GCA_000323325.1_ASM32332v1_genomic                         1.48%    passed     99.65%
 103  GCA_000323345.1_ASM32334v1_genomic                         1.61%    passed     99.62%
 104  GCA_000323365.1_ASM32336v1_genomic                         0.63%    passed    100.00%
 105  GCA_000323385.1_ASM32338v1_genomic                         4.86%    passed     97.65%
 106  GCA_000323405.1_ASM32340v1_genomic                         0.66%    passed     99.95%
 107  GCA_000323425.1_ASM32342v1_genomic                         1.51%    passed     99.67%
 108  GCA_000323445.1_ASM32344v1_genomic                         1.17%    passed     99.68%
 109  GCA_000323465.1_ASM32346v1_genomic                         0.59%    passed     99.98%
 110  GCA_000323485.1_ASM32348v1_genomic                         3.16%    passed     77.33%
 111  GCA_000323505.1_ASM32350v1_genomic                         0.49%    passed     99.97%
 112  GCA_000323525.1_ASM32352v1_genomic                         1.93%    passed     99.39%
 113  GCA_000323545.1_ASM32354v1_genomic                         0.86%    passed     99.83%
 114  GCA_000323565.1_ASM32356v1_genomic                         1.63%    passed     99.46%
 115  GCA_000323585.1_ASM32358v1_genomic                         1.06%    passed     99.99%
 116  GCA_000323605.1_ASM32360v1_genomic                         0.05%    passed     99.74%
 117  GCA_000323625.1_ASM32362v1_genomic                         3.77%    passed     97.32%
 118  GCA_000323645.1_ASM32364v1_genomic                         0.46%    passed     99.82%
 119  GCA_000323665.1_ASM32366v1_genomic                         3.20%    passed     99.55%
 120  GCA_000323685.1_ASM32368v1_genomic                         1.34%    passed     99.55%
 121  GCA_000323705.1_ASM32370v1_genomic                         0.15%    passed     99.97%
 122  GCA_000323725.1_ASM32372v1_genomic                         4.99%    passed     99.21%
 123  GCA_000323745.1_ASM32374v1_genomic                         3.07%    passed     98.47%
 124  GCA_000323765.1_ASM32376v1_genomic                         1.23%    passed     99.99%
 125  GCA_000323785.1_ASM32378v1_genomic                         0.88%    passed     99.93%
 126  GCA_000323805.1_ASM32380v1_genomic                         1.83%    passed     99.33%
 127  GCA_000323825.1_ASM32382v1_genomic                         0.53%    passed     98.68%
 128  GCA_000323845.1_ASM32384v1_genomic                         3.67%    passed     80.71%
 129  GCA_000323865.1_ASM32386v1_genomic                         1.12%    passed     99.12%
 130  GCA_000323885.1_ASM32388v1_genomic                         0.33%    passed     99.61%
 131  GCA_000323905.1_ASM32390v1_genomic                         1.55%    passed     99.60%
 132  GCA_000323925.1_ASM32392v1_genomic                         0.44%    passed    100.00%
 133  GCA_000323945.1_ASM32394v1_genomic                        11.61%    passed     75.82%
 134  GCA_000323965.1_ASM32396v1_genomic                         0.90%    passed     99.57%
 135  GCA_000323985.1_ASM32398v1_genomic                         3.73%    passed     97.60%
 136  GCA_000324005.1_ASM32400v1_genomic                         0.74%    passed     99.89%
 137  GCA_000324025.1_ASM32402v1_genomic                         0.32%    passed     99.85%
 138  GCA_000324045.1_ASM32404v1_genomic                         2.91%    passed     96.73%
 139  GCA_000324065.1_ASM32406v1_genomic                         3.01%    passed     99.29%
 140  GCA_000324085.1_ASM32408v1_genomic                         3.61%    passed     97.31%
 141  GCA_000324105.1_ASM32410v1_genomic                         2.09%    passed     99.94%
 142  GCA_000324125.1_ASM32412v1_genomic                         0.87%    passed     99.97%
 143  GCA_000324145.1_ASM32414v1_genomic                         0.21%    passed     99.95%
 144  GCA_000324165.1_ASM32416v1_genomic                         0.40%    passed     99.90%
 145  GCA_000324185.1_ASM32418v1_genomic                         0.40%    passed     99.84%
 146  GCA_000324205.1_ASM32420v1_genomic                         1.63%    passed     99.58%
 147  GCA_000324225.1_ASM32422v1_genomic                         0.26%    passed     99.47%
 148  GCA_000324245.1_ASM32424v1_genomic                         0.79%    passed    100.00%
 149  GCA_000324265.1_ASM32426v1_genomic                         0.24%    passed     99.86%
 150  GCA_000324285.1_ASM32428v1_genomic                         2.91%    passed     98.33%
 151  GCA_000324305.1_ASM32430v1_genomic                         0.56%    passed     98.96%
 152  GCA_000324325.1_ASM32432v1_genomic                         3.45%    passed     98.56%
 153  GCA_000324345.1_ASM32434v1_genomic                         0.21%    passed     99.91%
 154  GCA_000324365.1_ASM32436v1_genomic                         0.94%    passed     99.42%
 155  GCA_000324385.1_ASM32438v1_genomic                         7.18%    passed     98.88%
 156  GCA_000324405.1_ASM32440v1_genomic                         2.57%    passed     93.67%
 157  GCA_000324425.1_ASM32442v1_genomic                         0.13%    passed     98.20%
 158  GCA_000324445.1_ASM32444v1_genomic                         0.76%    passed     99.96%
 159  GCA_000324465.1_ASM32446v1_genomic                         0.59%    passed     99.32%
 160  GCA_000324485.1_ASM32448v1_genomic                         2.05%    passed     97.20%
 161  GCA_000324505.1_ASM32450v1_genomic                         1.76%    passed     99.66%
 162  GCA_000324525.1_ASM32452v1_genomic                         1.48%    passed     96.88%
 163  GCA_000324545.1_ASM32454v1_genomic                         2.02%    passed     99.15%
 164  GCA_000324565.1_ASM32456v1_genomic                         0.19%    passed     99.89%
 165  GCA_000324585.1_ASM32458v1_genomic                         4.29%    passed     97.24%
 166  GCA_000324605.1_ASM32460v1_genomic                         1.62%    passed     99.02%
 167  GCA_000324625.1_ASM32462v1_genomic                         3.61%    passed     97.64%
 168  GCA_000324645.1_ASM32464v1_genomic                         3.07%    passed    100.00%
 169  GCA_000324665.1_ASM32466v1_genomic                         0.65%    passed     97.83%
 170  GCA_000324685.1_ASM32468v1_genomic                         0.89%    passed     98.10%
 171  GCA_000324705.1_ASM32470v1_genomic                         3.01%    passed     99.59%
 172  GCA_000324725.1_ASM32472v1_genomic                         0.88%    passed     99.88%
 173  GCA_000324745.1_ASM32474v1_genomic                         2.72%    passed     96.06%
 174  GCA_000324765.1_ASM32476v1_genomic                         1.07%    passed     99.10%
 175  GCA_000324785.1_ASM32478v1_genomic                         0.56%    passed     99.92%
 176  GCA_000324805.2_EV76-CN_genomic                            0.33%    passed     98.77%
 177  GCA_000324825.1_ASM32482v1_genomic                         1.22%    passed     99.09%
 178  GCA_000324845.1_ASM32484v1_genomic                         1.84%    passed     97.95%
 179  GCA_000324865.1_ASM32486v1_genomic                         3.47%    passed     99.27%
 180  GCA_000324885.1_ASM32488v1_genomic                         0.14%    passed     99.96%
 181  GCA_000324905.1_ASM32490v1_genomic                         0.18%    passed     99.91%
 182  GCA_000324925.1_ASM32492v1_genomic                         0.27%    passed     93.95%
 183  GCA_000324945.1_ASM32494v1_genomic                         2.61%    passed     99.51%
 184  GCA_000324965.1_ASM32496v1_genomic                         0.40%    passed     99.72%
 185  GCA_000324985.1_ASM32498v1_genomic                         1.73%    passed     99.69%
 186  GCA_000325005.1_ASM32500v1_genomic                         1.82%    passed     97.87%
 187  GCA_000325025.1_ASM32502v1_genomic                         1.10%    passed     99.96%
 188  GCA_000325045.1_ASM32504v1_genomic                         2.51%    passed     99.53%
 189  GCA_000325065.1_ASM32506v1_genomic                         1.67%    passed     99.91%
 190  GCA_000325085.1_ASM32508v1_genomic                         5.24%    passed     95.15%
 191  GCA_000325105.1_ASM32510v1_genomic                         0.71%    passed     99.71%
 192  GCA_000325125.1_ASM32512v1_genomic                         1.77%    passed     99.96%
 193  GCA_000325165.1_ASM32516v1_genomic                         1.65%    passed     99.09%
 194  GCA_000325185.1_ASM32518v1_genomic                         0.88%    passed     99.25%
 195  GCA_000325205.1_ASM32520v1_genomic                         0.92%    passed     98.80%
 196  GCA_000325225.1_ASM32522v1_genomic                         0.62%    passed     99.97%
 197  GCA_000325245.1_ASM32524v1_genomic                         2.33%    passed     91.76%
 198  GCA_000325265.1_ASM32526v1_genomic                         0.56%    passed     99.87%
 199  GCA_000325285.1_ASM32528v1_genomic                         2.08%    passed     99.88%
 200  GCA_000325305.1_ASM32530v1_genomic                         1.26%    passed     99.97%
 201  GCA_000325325.1_ASM32532v1_genomic                         0.68%    passed     99.68%
 202  GCA_000325345.1_ASM32534v1_genomic                         2.05%    passed     98.34%
 203  GCA_000325365.1_ASM32536v1_genomic                         1.51%    passed     99.24%
 204  GCA_000325385.1_ASM32538v1_genomic                         4.70%    passed     99.96%
 205  GCA_000325405.1_ASM32540v1_genomic                         5.05%    passed     99.59%
 206  GCA_000325425.1_ASM32542v1_genomic                         0.34%    passed     99.61%
 207  GCA_000325445.1_ASM32544v1_genomic                         2.38%    passed     99.87%
 208  GCA_000325465.1_ASM32546v1_genomic                         1.53%    passed     99.62%
 209  GCA_000325485.1_ASM32548v1_genomic                         2.38%    passed     99.47%
 210  GCA_000382505.1_Yersinia_pestis_G1670E_assembly_genomic    0.09%    passed     99.81%
 211  GCA_000382525.1_Yersinia_pestis_G3768_assembly_genomic     0.06%    passed     99.34%
 212  GCA_000382545.1_Yersinia_pestis_assembly_genomic           0.02%    passed     99.69%
 213  GCA_000475095.2_YP009_v2_genomic                           0.03%    passed     99.24%
 214  GCA_000475115.2_YP113_v2_genomic                           0.00%    passed     99.54%
 215  GCA_000475135.2_YPS03_v2_genomic                           0.00%    passed     99.36%
 216  GCA_000475155.2_YP24H_v2_genomic                           0.01%    passed     98.71%
 217  GCA_000590535.1_EV_NIIEG_genomic                           0.11%    passed     99.41%
 218  GCA_000590535.2_ASM59053v2_genomic                         0.06%    passed     99.47%
 219  GCA_000705315.1_EDB10_058v1_genomic                        1.36%    passed     99.56%
 220  GCA_000734805.1_ASM73480v1_genomic                         0.13%    passed     99.98%
 221  GCA_000834275.1_ASM83427v1_genomic                         0.18%    passed     95.53%
 222  GCA_000834295.1_ASM83429v1_genomic                         0.90%    failed      0.00%
 223  GCA_000834335.1_ASM83433v1_genomic                         0.02%    passed     99.03%
 224  GCA_000834495.1_ASM83449v1_genomic                         0.08%    passed     99.30%
 225  GCA_000834755.1_ASM83475v1_genomic                         0.04%    passed     99.09%
 226  GCA_000834775.1_ASM83477v1_genomic                         0.01%    passed     99.09%
 227  GCA_000834885.1_ASM83488v1_genomic                         0.58%    passed     99.35%
 228  GCA_000834905.1_ASM83490v1_genomic                         0.04%    passed     98.68%
 229  GCA_000835005.1_ASM83500v1_genomic                         4.54%    passed     99.82%
 230  GCA_000950945.1_ASM95094v1_genomic                         0.62%    passed     99.45%
 231  GCA_000970105.1_ASM97010v1_genomic                         0.02%    passed     98.99%
 232  GCA_000986995.1_YPES001-SEQ-2-ASM-1_genomic                1.61%    passed     94.86%
 233  GCA_001188325.1_YPY_1_genomic                              0.02%    passed     99.25%
 234  GCA_001188335.1_DYA_1_genomic                              0.02%    passed     99.60%
 235  GCA_001188675.1_ASM118867v1_genomic                        0.05%    passed     99.97%
 236  GCA_001188695.1_ASM118869v1_genomic                        0.02%    passed     99.60%
 237  GCA_001188715.1_ASM118871v1_genomic                        0.02%    passed     99.13%
 238  GCA_001188735.1_ASM118873v1_genomic                        0.04%    passed     98.56%
 239  GCA_001188755.1_ASM118875v1_genomic                        0.04%    passed     99.40%
 240  GCA_001188775.1_ASM118877v1_genomic                        0.01%    passed     99.39%
 241  GCA_001188795.1_ASM118879v1_genomic                        0.01%    passed     99.49%
 242  GCA_001188815.1_ASM118881v1_genomic                        0.03%    passed     99.02%
 243  GCA_001188935.1_ASM118893v1_genomic                        0.02%    passed     99.67%
 244  GCA_001261975.1_YPW_8_IHQD_genomic                         0.00%    passed     98.95%
 245  GCA_001261985.1_YPW_3_IHQD_genomic                         0.04%    passed     99.37%
 246  GCA_001294805.1_ASM129480v1_genomic                        0.13%    passed     99.42%
 247  GCA_001294815.1_ASM129481v1_genomic                        0.02%    passed     99.34%
 248  GCA_001294825.1_ASM129482v1_genomic                        2.07%    passed     99.49%
 249  GCA_001294885.1_ASM129488v1_genomic                        0.04%    passed     99.95%
 250  GCA_001294905.1_ASM129490v1_genomic                        0.02%    passed     99.40%
 251  GCA_001294915.1_ASM129491v1_genomic                        0.11%    passed     99.17%
 252  GCA_001294965.1_ASM129496v1_genomic                        0.05%    passed     99.46%
 253  GCA_001294975.1_ASM129497v1_genomic                        0.16%    passed    100.00%
 254  GCA_001294985.1_ASM129498v1_genomic                        0.03%    passed     98.83%
 255  GCA_001295025.1_ASM129502v1_genomic                        0.47%    passed     99.54%
 256  GCA_001295045.1_ASM129504v1_genomic                        0.00%    passed     99.50%
 257  GCA_001295055.1_ASM129505v1_genomic                        0.02%    passed     99.39%
 258  GCA_001295065.1_ASM129506v1_genomic                        0.06%    passed     99.19%
 259  GCA_001295105.1_ASM129510v1_genomic                        0.03%    passed     99.16%
 260  GCA_001295115.1_ASM129511v1_genomic                        0.04%    passed     99.52%
 261  GCA_001295145.1_ASM129514v1_genomic                        0.06%    passed     99.95%
 262  GCA_001295185.1_ASM129518v1_genomic                        0.06%    passed     99.43%
 263  GCA_001487065.1_Yersinia_pestis_genomic                    0.08%    passed     95.26%
 264  GCA_001509855.1_ASM150985v1_genomic                        0.00%    passed     98.81%
 265  GCA_001509865.1_ASM150986v1_genomic                        0.02%    passed     99.15%
 266  GCA_001559935.1_ASM155993v1_genomic                        0.75%    passed     99.78%
 267  GCA_001595585.1_ASM159558v1_genomic                        0.18%    passed     98.39%
 268  GCA_001601285.1_ASM160128v1_genomic                        0.05%    passed     99.95%
 269  GCA_001601675.1_ASM160167v1_genomic                        2.71%    passed     96.70%
 270  GCA_001601735.1_ASM160173v1_genomic                        0.51%    passed     99.17%
 271  GCA_001613865.1_ASM161386v1_genomic                        0.56%    passed     98.38%
 272  GCA_001613885.1_ASM161388v1_genomic                        0.18%    passed     98.17%
 273  GCA_001613895.1_ASM161389v1_genomic                        0.01%    passed     98.60%
 274  GCA_001617705.1_Yersinia_pestis_C-791_genomic              0.05%    passed     98.63%
 275  GCA_001617715.1_Yersinia_pestis_M-519_genomic              0.10%    passed     98.82%
 276  GCA_001617725.1_Yersinia_pestis_M-1484_genomic             0.16%    passed     99.17%
 277  GCA_001617735.1_Yersinia_pestis_M-1763_genomic             0.20%    passed     96.98%
 278  GCA_001617785.1_Yersinia_pestis_M-549_genomic              0.08%    passed     98.87%
 279  GCA_001617805.1_Yersinia_pestis_173_genomic                0.48%    passed     98.65%
 280  GCA_001617815.1_Yersinia_pestis_M-1453_genomic             0.56%    passed     98.16%
 281  GCA_001693595.1_ASM169359v1_genomic                        0.05%    passed     99.09%
 282  GCA_001972385.1_ASM197238v1_genomic                        2.11%    passed     48.10%
 283  GCA_001972395.1_ASM197239v1_genomic                        2.08%    passed     94.78%
 284  GCA_001972405.1_ASM197240v1_genomic                        2.08%    passed     93.97%
 285  GCA_001972465.1_ASM197246v1_genomic                        2.08%    passed     94.62%
 286  GCA_001972475.1_ASM197247v1_genomic                        0.04%    passed     74.78%
 287  GCA_001972515.1_ASM197251v1_genomic                        0.05%    passed     93.31%
 288  GCA_002005285.1_ASM200528v1_genomic                        0.07%    passed     99.99%
 289  GCA_002127355.1_ASM212735v1_genomic                        2.08%    passed     99.18%
 290  GCA_002127365.1_ASM212736v1_genomic                        2.09%    passed     96.96%
 291  GCA_002127375.1_ASM212737v1_genomic                        2.08%    passed     99.39%
 292  GCA_002165475.1_ASM216547v1_genomic                        2.12%    passed     93.87%
 293  GCA_002173795.1_ASM217379v1_genomic                        0.04%    passed     95.04%
 294  GCA_002173805.1_ASM217380v1_genomic                        0.04%    passed     77.44%
 295  GCA_002173815.1_ASM217381v1_genomic                        0.04%    passed     94.59%
 296  GCA_002188685.1_ASM218868v1_genomic                        0.05%    passed     88.53%
 297  GCA_002188725.1_ASM218872v1_genomic                        0.05%    passed     84.74%
 298  GCA_002188765.1_ASM218876v1_genomic                        0.05%    passed     68.46%
 299  GCA_002188775.1_ASM218877v1_genomic                        0.04%    passed     93.95%
 300  GCA_002412225.1_Y.pestis_A-1486_genomic                    0.30%    passed     99.93%
 301  GCA_002412235.1_Y.pestis_A-1249_genomic                    0.21%    passed     99.99%
 302  GCA_002412245.1_Y.pestis_A-1691_genomic                    0.65%    passed     99.46%
 303  GCA_002412255.1_Y.pestis_A-1836_genomic                    0.40%    passed     96.06%
 304  GCA_002412305.1_Y.pestis_A-1809_genomic                    0.55%    passed     99.83%
 305  GCA_002981895.1_ASM298189v1_genomic                        0.54%    passed     98.95%
 306  GCA_002981915.1_ASM298191v1_genomic                        0.44%    passed     98.96%
 307  GCA_002981925.1_ASM298192v1_genomic                        0.44%    passed     99.37%
 308  GCA_002981955.1_ASM298195v1_genomic                        0.49%    passed     98.47%
 309  GCA_002981995.1_ASM298199v1_genomic                        0.45%    passed     99.43%
 310  GCA_002993145.1_ASM299314v1_genomic                        0.01%    passed     99.53%
 311  GCA_003074155.1_ASM307415v1_genomic                        0.11%    passed    100.00%
 312  GCA_003074175.1_ASM307417v1_genomic                        0.46%    passed     99.62%
 313  GCA_003074195.1_ASM307419v1_genomic                        0.19%    passed    100.00%
 314  GCA_003074215.1_ASM307421v1_genomic                        0.05%    passed    100.00%
 315  GCA_003074235.1_ASM307423v1_genomic                        0.24%    passed     99.99%
 316  GCA_003074255.1_ASM307425v1_genomic                        0.05%    passed    100.00%
 317  GCA_003074275.1_ASM307427v1_genomic                        1.11%    passed     98.29%
 318  GCA_003074295.1_ASM307429v1_genomic                        0.59%    passed     97.82%
 319  GCA_003074315.1_ASM307431v1_genomic                        0.50%    passed     99.95%
 320  GCA_003074335.1_ASM307433v1_genomic                        0.03%    passed     99.21%
 321  GCA_003074355.1_ASM307435v1_genomic                        0.13%    passed     99.16%
 322  GCA_003074375.1_ASM307437v1_genomic                        0.11%    passed     99.39%
 323  GCA_003074395.1_ASM307439v1_genomic                        0.06%    passed     99.23%
 324  GCA_003074415.1_ASM307441v1_genomic                        0.24%    passed     99.15%
 325  GCA_003074435.1_ASM307443v1_genomic                        0.05%    passed     98.74%
 326  GCA_003074535.1_ASM307453v1_genomic                        0.05%    passed     99.99%
 327  GCA_003074595.1_ASM307459v1_genomic                        0.03%    passed     99.99%
 328  GCA_003085855.1_ASM308585v1_genomic                        0.14%    passed     98.36%
 329  GCA_003085875.1_ASM308587v1_genomic                        0.05%    passed     99.56%
 330  GCA_003085895.1_ASM308589v1_genomic                        0.34%    passed     99.86%
 331  GCA_003085915.1_ASM308591v1_genomic                        0.11%    passed    100.00%
 332  GCA_003085935.1_ASM308593v1_genomic                        0.06%    passed     99.51%
 333  GCA_003085955.1_ASM308595v1_genomic                        0.11%    passed     99.37%
 334  GCA_003085975.1_ASM308597v1_genomic                        0.18%    passed     99.21%
 335  GCA_003085995.1_ASM308599v1_genomic                        0.27%    passed     99.39%
 336  GCA_003086015.1_ASM308601v1_genomic                        0.43%    passed     99.97%
 337  GCA_003086035.1_ASM308603v1_genomic                        0.09%    passed     99.51%
 338  GCA_003086055.1_ASM308605v1_genomic                        0.05%    passed     98.07%
 339  GCA_003086075.1_ASM308607v1_genomic                        1.60%    passed     97.30%
 340  GCA_003086095.1_ASM308609v1_genomic                        0.29%    passed     99.20%
 341  GCA_003086115.1_ASM308611v1_genomic                        0.75%    passed     95.67%
 342  GCA_003086155.1_ASM308615v1_genomic                        0.19%    passed     99.22%
 343  GCA_003122795.1_Y.pestis_I-2422_genomic                    0.85%    passed     99.60%
 344  GCA_003797205.1_ASM379720v1_genomic                        0.17%    passed     99.19%
 345  GCA_003798085.1_ASM379808v1_genomic                        0.05%    passed     98.78%
 346  GCA_003798225.1_ASM379822v1_genomic                        0.46%    passed     99.72%
 347  GCA_004023585.1_ASM402358v1_genomic                        0.09%    passed     99.50%
 348  GCA_004023595.1_ASM402359v1_genomic                        0.11%    passed     99.62%
 349  GCA_006376415.1_ASM637641v1_genomic                        0.14%    passed     98.71%
 350  GCA_006376435.1_ASM637643v1_genomic                        0.08%    passed     99.44%
 351  GCA_006376475.1_ASM637647v1_genomic                        0.11%    passed     98.41%
 352  GCA_006376495.1_ASM637649v1_genomic                        0.05%    passed     98.32%
 353  GCA_006376505.1_ASM637650v1_genomic                        0.07%    passed     99.35%
 354  GCA_006376535.1_ASM637653v1_genomic                        1.67%    passed     99.89%
 355  GCA_006376535.2_ASM637653v2_genomic                        0.16%    passed     98.58%
 356  GCA_006376545.1_ASM637654v1_genomic                        0.10%    passed     99.42%
 357  GCA_006376575.1_ASM637657v1_genomic                        0.08%    passed     99.71%
 358  GCA_006376585.1_ASM637658v1_genomic                        2.11%    passed     99.50%
 359  GCA_006517425.1_ASM651742v1_genomic                        0.46%    passed     99.42%
 360  GCA_006546665.1_ASM654666v1_genomic                        0.46%    passed     99.65%
 361  GCA_006546725.1_ASM654672v1_genomic                        0.43%    passed     99.71%
 362  GCA_006546745.1_ASM654674v1_genomic                        0.65%    passed     98.79%
 363  GCA_008630375.1_ASM863037v1_genomic                        0.85%    passed     96.44%
 364  GCA_008630375.2_ASM863037v2_genomic                        0.94%    passed     97.62%
 365  GCA_008630395.1_ASM863039v1_genomic                        0.25%    passed     99.09%
 366  GCA_008630415.1_ASM863041v1_genomic                        2.10%    passed     99.58%
 367  GCA_008630435.1_ASM863043v1_genomic                        1.50%    passed     99.31%
 368  GCA_008630455.1_ASM863045v1_genomic                        2.08%    passed     99.45%
 369  GCA_008630485.1_ASM863048v1_genomic                        0.10%    passed     97.48%
 370  GCA_008630575.1_ASM863057v1_genomic                        0.11%    passed     98.74%
 371  GCA_009295945.1_ASM929594v1_genomic                        0.04%    passed    100.00%
 372  GCA_009296005.1_ASM929600v1_genomic                        0.01%    passed     99.10%
 373  GCA_009363195.1_ASM936319v1_genomic                        0.02%    passed     99.99%
 374  GCA_009667885.1_ASM966788v1_genomic                        0.02%    passed     99.84%
 375  GCA_009667895.1_ASM966789v1_genomic                        0.02%    passed     99.72%
 376  GCA_009667925.1_ASM966792v1_genomic                        0.03%    passed     99.86%
 377  GCA_009667935.1_ASM966793v1_genomic                        0.04%    passed     99.73%
 378  GCA_009667945.1_ASM966794v1_genomic                        0.00%    passed     99.82%
 379  GCA_009667985.1_ASM966798v1_genomic                        0.02%    passed     99.73%
 380  GCA_009669545.1_ASM966954v1_genomic                        0.00%    passed     99.80%
 381  GCA_009669555.1_ASM966955v1_genomic                        0.01%    passed     99.76%
 382  GCA_009669565.1_ASM966956v1_genomic                        0.02%    passed     99.80%
 383  GCA_009669605.1_ASM966960v1_genomic                        0.02%    passed     99.76%
 384  GCA_009669625.1_ASM966962v1_genomic                        0.03%    passed     99.64%
 385  GCA_009669635.1_ASM966963v1_genomic                        0.01%    passed     99.76%
 386  GCA_009669665.1_ASM966966v1_genomic                        0.02%    passed     99.81%
 387  GCA_009669675.1_ASM966967v1_genomic                        0.00%    passed     99.80%
 388  GCA_009669705.1_ASM966970v1_genomic                        0.02%    passed     99.88%
 389  GCA_009669715.1_ASM966971v1_genomic                        0.02%    passed     99.74%
 390  GCA_009669725.1_ASM966972v1_genomic                        0.00%    passed     99.80%
 391  GCA_009669765.1_ASM966976v1_genomic                        0.03%    passed     99.83%
 392  GCA_009669775.1_ASM966977v1_genomic                        0.00%    passed     99.72%
 393  GCA_009669805.1_ASM966980v1_genomic                        0.00%    passed     99.80%
 394  GCA_009669825.1_ASM966982v1_genomic                        0.00%    passed     99.80%
 395  GCA_009669835.1_ASM966983v1_genomic                        0.00%    passed     99.80%
 396  GCA_009669845.1_ASM966984v1_genomic                        0.01%    passed     99.76%
 397  GCA_009669875.1_ASM966987v1_genomic                        0.02%    passed     99.81%
 398  GCA_009669905.1_ASM966990v1_genomic                        0.01%    passed     99.83%
 399  GCA_009669925.1_ASM966992v1_genomic                        0.00%    passed     99.80%
 400  GCA_009669935.1_ASM966993v1_genomic                        0.02%    passed     99.72%
 401  GCA_009669955.1_ASM966995v1_genomic                        0.02%    passed     99.87%
 402  GCA_009669975.1_ASM966997v1_genomic                        0.02%    passed     99.72%
 403  GCA_009670005.1_ASM967000v1_genomic                        0.02%    passed     99.81%
 404  GCA_009670015.1_ASM967001v1_genomic                        0.04%    passed     99.52%
 405  GCA_009670045.1_ASM967004v1_genomic                        0.00%    passed     99.72%
 406  GCA_009670055.1_ASM967005v1_genomic                        0.01%    passed     99.68%
 407  GCA_009670075.1_ASM967007v1_genomic                        0.03%    passed     99.64%
 408  GCA_009670105.1_ASM967010v1_genomic                        0.00%    passed     99.80%
 409  GCA_009670115.1_ASM967011v1_genomic                        0.01%    passed     99.68%
 410  GCA_009670135.1_ASM967013v1_genomic                        0.14%    passed     99.77%
 411  GCA_009670155.1_ASM967015v1_genomic                        0.02%    passed     99.71%
 412  GCA_009670185.1_ASM967018v1_genomic                        0.02%    passed     99.84%
 413  GCA_009670205.1_ASM967020v1_genomic                        0.01%    passed     99.76%
 414  GCA_009670225.1_ASM967022v1_genomic                        0.00%    passed     99.84%
 415  GCA_009670235.1_ASM967023v1_genomic                        0.01%    passed     99.76%
 416  GCA_009670245.1_ASM967024v1_genomic                        0.01%    passed     99.83%
 417  GCA_009670285.1_ASM967028v1_genomic                        0.00%    passed     99.80%
 418  GCA_009670305.1_ASM967030v1_genomic                        0.00%    passed     99.80%
 419  GCA_009670325.1_ASM967032v1_genomic                        0.02%    passed     99.81%
 420  GCA_009670345.1_ASM967034v1_genomic                        0.00%    passed     99.80%
 421  GCA_009670355.1_ASM967035v1_genomic                        0.00%    passed     99.86%
 422  GCA_009670385.1_ASM967038v1_genomic                        0.02%    passed     99.71%
 423  GCA_009670395.1_ASM967039v1_genomic                        0.02%    passed     99.91%
 424  GCA_009670415.1_ASM967041v1_genomic                        0.06%    passed     99.65%
 425  GCA_009670445.1_ASM967044v1_genomic                        0.01%    passed     99.83%
 426  GCA_009670465.1_ASM967046v1_genomic                        0.00%    passed     99.84%
 427  GCA_009670475.1_ASM967047v1_genomic                        0.01%    passed     99.81%
 428  GCA_009670485.1_ASM967048v1_genomic                        0.02%    passed     99.78%
 429  GCA_009670515.1_ASM967051v1_genomic                        0.00%    passed     99.77%
 430  GCA_009670545.1_ASM967054v1_genomic                        0.00%    passed     99.80%
 431  GCA_009670565.1_ASM967056v1_genomic                        0.00%    passed     99.72%
 432  GCA_009670575.1_ASM967057v1_genomic                        0.02%    passed     99.80%
 433  GCA_009670585.1_ASM967058v1_genomic                        0.01%    passed     99.76%
 434  GCA_009670605.1_ASM967060v1_genomic                        0.01%    passed     99.81%
 435  GCA_009670625.1_ASM967062v1_genomic                        0.00%    passed     99.80%
 436  GCA_009670665.1_ASM967066v1_genomic                        0.00%    passed     99.72%
 437  GCA_009670675.1_ASM967067v1_genomic                        0.00%    passed     99.80%
 438  GCA_009670705.1_ASM967070v1_genomic                        0.00%    passed     99.80%
 439  GCA_009670715.1_ASM967071v1_genomic                        0.27%    passed     99.55%
 440  GCA_009670725.1_ASM967072v1_genomic                        0.06%    passed     99.92%
 441  GCA_009670765.1_ASM967076v1_genomic                        0.02%    passed     99.74%
 442  GCA_009670775.1_ASM967077v1_genomic                        0.02%    passed     99.81%
 443  GCA_009670785.1_ASM967078v1_genomic                        0.01%    passed     99.76%
 444  GCA_009670815.1_ASM967081v1_genomic                        0.00%    passed     99.82%
 445  GCA_009670835.1_ASM967083v1_genomic                        0.00%    passed     99.80%
 446  GCA_009670865.1_ASM967086v1_genomic                        0.01%    passed     99.76%
 447  GCA_009670875.1_ASM967087v1_genomic                        0.00%    passed     99.72%
 448  GCA_009670895.1_ASM967089v1_genomic                        0.02%    passed     99.75%
 449  GCA_009670905.1_ASM967090v1_genomic                        0.02%    passed     99.74%
 450  GCA_009670935.1_ASM967093v1_genomic                        0.00%    passed     99.74%
 451  GCA_009670995.1_ASM967099v1_genomic                        0.00%    passed     99.82%
 452  GCA_009909635.1_ASM990963v1_genomic                        0.22%    passed     99.53%
 453  GCA_009909645.1_ASM990964v1_genomic                        0.01%    passed     99.03%
 454  GCA_009909655.1_ASM990965v1_genomic                        0.02%    passed     98.96%
 455  GCA_010974835.1_ASM1097483v1_genomic                       0.00%    passed     98.49%
 456  GCA_010974845.1_ASM1097484v1_genomic                       0.10%    passed     99.12%
 457  GCA_010974855.1_ASM1097485v1_genomic                       1.61%    passed     99.82%
 458  GCA_013391945.1_ASM1339194v1_genomic                       0.10%    passed     99.88%
 459  GCA_013391965.1_ASM1339196v1_genomic                       0.02%    passed     99.95%
 460  GCA_013392045.1_ASM1339204v1_genomic                       0.03%    passed     99.65%
 461  GCA_013392055.1_ASM1339205v1_genomic                       0.03%    passed     99.65%
 462  GCA_013392075.1_ASM1339207v1_genomic                       0.03%    passed     99.65%
 463  GCA_013392085.1_ASM1339208v1_genomic                       0.03%    passed     99.65%
 464  GCA_013392105.1_ASM1339210v1_genomic                       0.02%    passed     99.62%
 465  GCA_013392145.1_ASM1339214v1_genomic                       0.03%    passed     99.65%
 466  GCA_013421455.1_ASM1342145v1_genomic                       0.08%    passed     98.34%
 467  GCA_013421465.1_ASM1342146v1_genomic                       0.11%    passed     99.26%
 468  GCA_013421535.1_ASM1342153v1_genomic                       0.08%    passed     98.59%
 469  GCA_013421545.1_ASM1342154v1_genomic                       0.05%    passed     98.62%
 470  GCA_013421555.1_ASM1342155v1_genomic                       0.08%    passed     98.41%
 471  GCA_014734355.1_ASM1473435v1_genomic                       0.02%    passed     99.67%
 472  GCA_014734395.1_ASM1473439v1_genomic                       0.02%    passed     99.67%
 473  GCA_014734405.1_ASM1473440v1_genomic                       0.02%    passed     99.67%
 474  GCA_015158475.1_ASM1515847v1_genomic                       1.21%    passed     99.27%
 475  GCA_015158485.1_ASM1515848v1_genomic                       0.01%    passed     99.85%
 476  GCA_015158575.1_ASM1515857v1_genomic                       0.02%    passed     99.94%
 477  GCA_015158585.1_ASM1515858v1_genomic                       0.02%    passed     99.97%
 478  GCA_015158615.1_ASM1515861v1_genomic                       0.19%    passed     99.80%
 479  GCA_015158625.1_ASM1515862v1_genomic                       1.21%    passed     99.27%
 480  GCA_015158635.1_ASM1515863v1_genomic                       0.02%    passed     99.94%
 481  GCA_015158675.1_ASM1515867v1_genomic                       0.03%    passed     99.96%
 482  GCA_015158695.1_ASM1515869v1_genomic                       0.00%    passed     99.97%
 483  GCA_015158705.1_ASM1515870v1_genomic                       0.00%    passed     99.97%
 484  GCA_015158715.1_ASM1515871v1_genomic                       0.01%    passed     99.97%
 485  GCA_015158755.1_ASM1515875v1_genomic                       0.00%    passed     99.96%
 486  GCA_015158765.1_ASM1515876v1_genomic                       0.00%    passed     99.97%
 487  GCA_015158795.1_ASM1515879v1_genomic                       0.00%    passed     99.97%
 488  GCA_015158805.1_ASM1515880v1_genomic                       0.04%    passed     99.93%
 489  GCA_015158815.1_ASM1515881v1_genomic                       0.01%    passed     99.97%
 490  GCA_015158845.1_ASM1515884v1_genomic                       0.00%    passed     99.96%
 491  GCA_015158875.1_ASM1515887v1_genomic                       0.00%    passed     99.97%
 492  GCA_015158895.1_ASM1515889v1_genomic                       0.00%    passed     99.97%
 493  GCA_015158905.1_ASM1515890v1_genomic                       0.00%    passed     99.98%
 494  GCA_015158935.1_ASM1515893v1_genomic                       0.01%    passed     99.97%
 495  GCA_015158945.1_ASM1515894v1_genomic                       0.00%    passed     99.97%
 496  GCA_015158955.1_ASM1515895v1_genomic                       0.33%    passed     99.94%
 497  GCA_015158995.1_ASM1515899v1_genomic                       0.00%    passed     99.97%
 498  GCA_015159005.1_ASM1515900v1_genomic                       0.00%    passed     99.96%
 499  GCA_015159035.1_ASM1515903v1_genomic                       0.00%    passed     99.97%
 500  GCA_015159045.1_ASM1515904v1_genomic                       0.05%    passed     99.94%
 501  GCA_015159075.1_ASM1515907v1_genomic                       0.00%    passed     99.95%
 502  GCA_015159085.1_ASM1515908v1_genomic                       0.00%    passed     99.97%
 503  GCA_015159105.1_ASM1515910v1_genomic                       0.02%    passed     99.98%
 504  GCA_015159135.1_ASM1515913v1_genomic                       0.00%    passed     99.97%
 505  GCA_015159145.1_ASM1515914v1_genomic                       0.00%    passed     99.97%
 506  GCA_015159175.1_ASM1515917v1_genomic                       0.00%    passed     99.97%
 507  GCA_015159195.1_ASM1515919v1_genomic                       0.00%    passed     99.99%
 508  GCA_015159615.1_ASM1515961v1_genomic                       0.03%    passed     98.33%
 509  GCA_015190655.1_ASM1519065v1_genomic                       0.01%    passed     99.95%
 510  GCA_015274685.1_ASM1527468v1_genomic                       0.02%    passed    100.00%
 511  GCA_015274715.1_ASM1527471v1_genomic                       0.09%    passed    100.00%
 512  GCA_015274745.1_ASM1527474v1_genomic                       0.02%    passed    100.00%
 513  GCA_015350425.1_ASM1535042v1_genomic                       0.49%    passed     97.70%
 514  GCA_015350435.1_ASM1535043v1_genomic                       0.41%    passed     97.91%
 515  GCA_015350455.1_ASM1535045v1_genomic                       0.30%    passed     97.46%
 516  GCA_016102545.1_ASM1610254v1_genomic                       0.16%    passed     99.19%
 517  GCA_016102555.1_ASM1610255v1_genomic                       2.62%    passed     92.37%
 518  GCA_016102565.1_ASM1610256v1_genomic                       0.53%    passed     94.46%
 519  GCA_016102575.1_ASM1610257v1_genomic                       0.14%    passed     99.73%
 520  GCA_016102585.1_ASM1610258v1_genomic                       0.01%    passed     99.02%
 521  GCA_016102645.1_ASM1610264v1_genomic                       0.05%    passed     97.51%
 522  GCA_016102655.1_ASM1610265v1_genomic                       0.04%    passed     99.10%
 523  GCA_016102665.1_ASM1610266v1_genomic                       0.76%    passed     89.31%
 524  GCA_016102675.1_ASM1610267v1_genomic                       0.02%    passed     98.08%
 525  GCA_016102685.1_ASM1610268v1_genomic                       0.65%    passed     85.64%
 526  GCA_016102745.1_ASM1610274v1_genomic                       0.52%    passed     96.89%
 527  GCA_016102755.1_ASM1610275v1_genomic                       0.18%    passed     99.38%
 528  GCA_016102765.1_ASM1610276v1_genomic                       0.02%    passed     99.15%
 529  GCA_016102775.1_ASM1610277v1_genomic                       0.04%    passed     98.85%
 530  GCA_016102785.1_ASM1610278v1_genomic                       0.55%    passed     98.16%
 531  GCA_016102845.1_ASM1610284v1_genomic                       0.11%    passed     98.98%
 532  GCA_016102855.1_ASM1610285v1_genomic                       0.05%    passed     99.08%
 533  GCA_016102875.1_ASM1610287v1_genomic                       1.21%    passed     99.12%
 534  GCA_016102905.1_ASM1610290v1_genomic                       0.02%    passed     98.55%
 535  GCA_016102915.1_ASM1610291v1_genomic                       0.04%    passed     97.61%
 536  GCA_016102945.1_ASM1610294v1_genomic                       0.03%    passed     98.80%
 537  GCA_016102965.1_ASM1610296v1_genomic                       0.01%    passed     99.02%
 538  GCA_016102975.1_ASM1610297v1_genomic                       0.03%    passed     98.82%
 539  GCA_016103005.1_ASM1610300v1_genomic                       0.04%    passed     98.96%
 540  GCA_900460465.1_57940_B01_genomic                          0.21%    passed     99.39%
 541  GCA_900637475.1_51108_B01_genomic                          1.86%    failed      0.01%
 542  Reference                                                  0.00%    passed     98.91%
 543  SAMEA104233046                                            13.10%    passed     88.31%
 544  SAMEA104233047                                            22.01%    passed     98.05%
 545  SAMEA104233048                                            21.82%    passed     82.51%
 546  SAMEA104233049                                             2.45%    passed     98.36%
 547  SAMEA104488961                                             0.21%    passed     99.28%
 548  SAMEA1061800                                               2.43%    passed     93.83%
 549  SAMEA3541826                                               7.46%    passed     74.79%
 550  SAMEA3541827                                               5.14%    failed      0.05%
 551  SAMEA3713711                                               2.30%    passed     99.36%
 552  SAMEA3713712                                               0.64%    passed     99.06%
 553  SAMEA3713713                                               0.37%    passed     97.63%
 554  SAMEA3713714                                               1.54%    passed     98.05%
 555  SAMEA3713715                                               0.34%    passed     98.95%
 556  SAMEA3937653                                               8.05%    passed     93.45%
 557  SAMEA3937654                                               3.11%    passed     99.48%
 558  SAMEA4354665                                               1.10%    passed     99.42%
 559  SAMEA5054089                                               4.02%    failed      0.03%
 560  SAMEA5054090                                               3.69%    failed      0.91%
 561  SAMEA5054092                                               4.32%    passed     19.02%
 562  SAMEA5054093                                              25.73%    passed     29.61%
 563  SAMEA5661360                                              10.34%    passed     76.70%
 564  SAMEA5661363                                               0.14%    passed     99.81%
 565  SAMEA5661364                                              23.01%    passed     82.67%
 566  SAMEA5661365                                               9.54%    passed     89.78%
 567  SAMEA5661367                                               1.18%    passed     99.39%
 568  SAMEA5661372                                               6.55%    passed     77.91%
 569  SAMEA5661384                                               8.33%    passed     54.65%
 570  SAMEA5661385                                              12.94%    passed     73.16%
 571  SAMEA5661389                                               6.97%    passed     93.91%
 572  SAMEA5661390                                              23.45%    passed     58.24%
 573  SAMEA5818798                                               2.06%    passed     99.33%
 574  SAMEA5818799                                               0.19%    passed     99.65%
 575  SAMEA5818800                                               0.05%    passed     99.87%
 576  SAMEA5818801                                               0.70%    passed     99.99%
 577  SAMEA5818803                                               0.56%    passed     99.95%
 578  SAMEA5818805                                               1.69%    passed     99.69%
 579  SAMEA5818806                                               0.44%    passed     99.59%
 580  SAMEA5818808                                              15.07%    passed     80.89%
 581  SAMEA5818809                                               2.06%    passed     98.80%
 582  SAMEA5818811                                              11.89%    passed     79.14%
 583  SAMEA5818815                                               0.36%    passed     99.99%
 584  SAMEA5818817                                               4.39%    passed     98.14%
 585  SAMEA5818818                                               4.29%    passed     93.09%
 586  SAMEA5818821                                               3.09%    passed     98.25%
 587  SAMEA5818822                                               7.83%    passed     73.54%
 588  SAMEA5818825                                              10.07%    passed     64.43%
 589  SAMEA5818826                                               0.11%    passed     99.95%
 590  SAMEA5818828                                               2.15%    passed     98.95%
 591  SAMEA5818829                                               0.82%    passed     99.99%
 592  SAMEA5818830                                               1.89%    passed     99.78%
 593  SAMEA6637002                                               0.04%    passed     99.99%
 594  SAMEA6637004                                               0.96%    passed     99.47%
 595  SAMEA6651390                                               0.30%    passed     99.91%
 596  SAMEA6812876                                              10.82%    passed     83.86%
 597  SAMEA6812877                                               2.72%    passed     79.77%
 598  SAMEA7293135                                               1.10%    passed     98.24%
 599  SAMEA7293136                                              12.19%    passed     25.49%
 600  SAMEA7313236_38                                            2.23%    passed     12.70%
 601  SAMEA7313243_45                                           15.71%    passed     72.19%
 602  SAMEA7313246_49                                            0.06%    passed     99.96%
 603  SAMN00715800                                               4.50%    passed     81.75%
****  TOTAL                                                      1.17%  5 sequences failed composition chi2 test (p-value<5%; df=3)
INFO: 2109424 const sites added into alignment
NOTE: minimal branch length is reduced to 0.000000047113 for long alignment
NOTE: GCA_000268485.2_ASM26848v2_genomic is identical to GCA_000268485.1_ASM26848v1_genomic but kept for subsequent analysis
NOTE: GCA_000268725.2_ASM26872v2_genomic is identical to GCA_000268725.1_ASM26872v1_genomic but kept for subsequent analysis
NOTE: GCA_000268805.2_ASM26880v2_genomic is identical to GCA_000268805.1_ASM26880v1_genomic but kept for subsequent analysis
NOTE: GCA_000268865.2_ASM26886v2_genomic is identical to GCA_000268865.1_ASM26886v1_genomic but kept for subsequent analysis
NOTE: GCA_000269285.2_ASM26928v2_genomic is identical to GCA_000269285.1_ASM26928v1_genomic but kept for subsequent analysis
NOTE: GCA_009669975.1_ASM966997v1_genomic is identical to GCA_009667895.1_ASM966789v1_genomic but kept for subsequent analysis
NOTE: GCA_009669725.1_ASM966972v1_genomic is identical to GCA_009669545.1_ASM966954v1_genomic but kept for subsequent analysis
NOTE: GCA_009669845.1_ASM966984v1_genomic is identical to GCA_009669555.1_ASM966955v1_genomic but kept for subsequent analysis
NOTE: GCA_009669875.1_ASM966987v1_genomic is identical to GCA_009669665.1_ASM966966v1_genomic but kept for subsequent analysis
NOTE: GCA_009669825.1_ASM966982v1_genomic is identical to GCA_009669675.1_ASM966967v1_genomic but kept for subsequent analysis
NOTE: GCA_009670045.1_ASM967004v1_genomic is identical to GCA_009669775.1_ASM966977v1_genomic but kept for subsequent analysis
NOTE: GCA_009670245.1_ASM967024v1_genomic is identical to GCA_009669905.1_ASM966990v1_genomic but kept for subsequent analysis
NOTE: GCA_009670115.1_ASM967011v1_genomic is identical to GCA_009670055.1_ASM967005v1_genomic but kept for subsequent analysis
NOTE: GCA_009670385.1_ASM967038v1_genomic is identical to GCA_009670155.1_ASM967015v1_genomic but kept for subsequent analysis
NOTE: GCA_009670605.1_ASM967060v1_genomic is identical to GCA_009670475.1_ASM967047v1_genomic but kept for subsequent analysis
NOTE: GCA_013392055.1_ASM1339205v1_genomic is identical to GCA_013392045.1_ASM1339204v1_genomic but kept for subsequent analysis
NOTE: GCA_014734395.1_ASM1473439v1_genomic is identical to GCA_014734355.1_ASM1473435v1_genomic but kept for subsequent analysis
NOTE: GCA_015158625.1_ASM1515862v1_genomic is identical to GCA_015158475.1_ASM1515847v1_genomic but kept for subsequent analysis
NOTE: GCA_015158635.1_ASM1515863v1_genomic is identical to GCA_015158575.1_ASM1515857v1_genomic but kept for subsequent analysis
NOTE: GCA_015158705.1_ASM1515870v1_genomic is identical to GCA_015158695.1_ASM1515869v1_genomic but kept for subsequent analysis
NOTE: GCA_015158875.1_ASM1515887v1_genomic is identical to GCA_015158795.1_ASM1515879v1_genomic but kept for subsequent analysis
NOTE: GCA_015159175.1_ASM1515917v1_genomic is identical to GCA_015158995.1_ASM1515899v1_genomic but kept for subsequent analysis
NOTE: 31 identical sequences (see below) will be ignored for subsequent analysis
NOTE: GCA_009669805.1_ASM966980v1_genomic (identical to GCA_009669545.1_ASM966954v1_genomic) is ignored but added at the end
NOTE: GCA_009669835.1_ASM966983v1_genomic (identical to GCA_009669545.1_ASM966954v1_genomic) is ignored but added at the end
NOTE: GCA_009669925.1_ASM966992v1_genomic (identical to GCA_009669545.1_ASM966954v1_genomic) is ignored but added at the end
NOTE: GCA_009670105.1_ASM967010v1_genomic (identical to GCA_009669545.1_ASM966954v1_genomic) is ignored but added at the end
NOTE: GCA_009670285.1_ASM967028v1_genomic (identical to GCA_009669545.1_ASM966954v1_genomic) is ignored but added at the end
NOTE: GCA_009670305.1_ASM967030v1_genomic (identical to GCA_009669545.1_ASM966954v1_genomic) is ignored but added at the end
NOTE: GCA_009670345.1_ASM967034v1_genomic (identical to GCA_009669545.1_ASM966954v1_genomic) is ignored but added at the end
NOTE: GCA_009670545.1_ASM967054v1_genomic (identical to GCA_009669545.1_ASM966954v1_genomic) is ignored but added at the end
NOTE: GCA_009670625.1_ASM967062v1_genomic (identical to GCA_009669545.1_ASM966954v1_genomic) is ignored but added at the end
NOTE: GCA_009670675.1_ASM967067v1_genomic (identical to GCA_009669545.1_ASM966954v1_genomic) is ignored but added at the end
NOTE: GCA_009670705.1_ASM967070v1_genomic (identical to GCA_009669545.1_ASM966954v1_genomic) is ignored but added at the end
NOTE: GCA_009670835.1_ASM967083v1_genomic (identical to GCA_009669545.1_ASM966954v1_genomic) is ignored but added at the end
NOTE: GCA_009670205.1_ASM967020v1_genomic (identical to GCA_009669555.1_ASM966955v1_genomic) is ignored but added at the end
NOTE: GCA_009670235.1_ASM967023v1_genomic (identical to GCA_009669555.1_ASM966955v1_genomic) is ignored but added at the end
NOTE: GCA_009670585.1_ASM967058v1_genomic (identical to GCA_009669555.1_ASM966955v1_genomic) is ignored but added at the end
NOTE: GCA_009670785.1_ASM967078v1_genomic (identical to GCA_009669555.1_ASM966955v1_genomic) is ignored but added at the end
NOTE: GCA_009670865.1_ASM967086v1_genomic (identical to GCA_009669555.1_ASM966955v1_genomic) is ignored but added at the end
NOTE: GCA_009670005.1_ASM967000v1_genomic (identical to GCA_009669665.1_ASM966966v1_genomic) is ignored but added at the end
NOTE: GCA_009670565.1_ASM967056v1_genomic (identical to GCA_009669775.1_ASM966977v1_genomic) is ignored but added at the end
NOTE: GCA_009670665.1_ASM967066v1_genomic (identical to GCA_009669775.1_ASM966977v1_genomic) is ignored but added at the end
NOTE: GCA_009670875.1_ASM967087v1_genomic (identical to GCA_009669775.1_ASM966977v1_genomic) is ignored but added at the end
NOTE: GCA_009670445.1_ASM967044v1_genomic (identical to GCA_009669905.1_ASM966990v1_genomic) is ignored but added at the end
NOTE: GCA_013392075.1_ASM1339207v1_genomic (identical to GCA_013392045.1_ASM1339204v1_genomic) is ignored but added at the end
NOTE: GCA_013392085.1_ASM1339208v1_genomic (identical to GCA_013392045.1_ASM1339204v1_genomic) is ignored but added at the end
NOTE: GCA_013392145.1_ASM1339214v1_genomic (identical to GCA_013392045.1_ASM1339204v1_genomic) is ignored but added at the end
NOTE: GCA_014734405.1_ASM1473440v1_genomic (identical to GCA_014734355.1_ASM1473435v1_genomic) is ignored but added at the end
NOTE: GCA_015158945.1_ASM1515894v1_genomic (identical to GCA_015158795.1_ASM1515879v1_genomic) is ignored but added at the end
NOTE: GCA_015159035.1_ASM1515903v1_genomic (identical to GCA_015158795.1_ASM1515879v1_genomic) is ignored but added at the end
NOTE: GCA_015159085.1_ASM1515908v1_genomic (identical to GCA_015158795.1_ASM1515879v1_genomic) is ignored but added at the end
NOTE: GCA_015159135.1_ASM1515913v1_genomic (identical to GCA_015158795.1_ASM1515879v1_genomic) is ignored but added at the end
NOTE: GCA_015159145.1_ASM1515914v1_genomic (identical to GCA_015158795.1_ASM1515879v1_genomic) is ignored but added at the end
Alignment was printed to /2/scratch/keaton/plague-phylogeography-projects/recombination/iqtree/all/chromosome/full/filter_r2/iqtree.uniqueseq.phy

For your convenience alignment with unique sequences printed to /2/scratch/keaton/plague-phylogeography-projects/recombination/iqtree/all/chromosome/full/filter_r2/iqtree.uniqueseq.phy

Create initial parsimony tree by phylogenetic likelihood library (PLL)... 3.801 seconds
Generating 1000 samples for ultrafast bootstrap (seed: 47321424)...

NOTE: 273 MB RAM (0 GB) is required!
Estimate model parameters (epsilon = 0.100)
1. Initial log-likelihood: -3083947.001
2. Current log-likelihood: -3079543.200
3. Current log-likelihood: -3079535.656
4. Current log-likelihood: -3079535.014
5. Current log-likelihood: -3079534.486
6. Current log-likelihood: -3079534.054
7. Current log-likelihood: -3079533.702
8. Current log-likelihood: -3079533.402
9. Current log-likelihood: -3079533.160
10. Current log-likelihood: -3079532.960
11. Current log-likelihood: -3079532.797
12. Current log-likelihood: -3079532.661
13. Current log-likelihood: -3079532.550
Optimal log-likelihood: -3079532.457
Rate parameters:  A-C: 1.00000  A-G: 2.53994  A-T: 0.38368  C-G: 0.38368  C-T: 2.53994  G-T: 1.00000
Base frequencies:  A: 0.263  C: 0.236  G: 0.239  T: 0.262
Proportion of invariable sites: 0.954
Parameters optimization took 13 rounds (29.537 sec)
Computing ML distances based on estimated model parameters...
Computing ML distances took 2.863639 sec (of wall-clock time) 26.350994 sec(of CPU time)
Computing RapidNJ tree took 0.590100 sec (of wall-clock time) 2.481623 sec (of CPU time)
Log-likelihood of RapidNJ tree: -3081015.051
--------------------------------------------------------------------
|             INITIALIZING CANDIDATE TREE SET                      |
--------------------------------------------------------------------
Generating 98 parsimony trees... 456.015 second
Computing log-likelihood of 98 initial trees ... 51.191 seconds
Current best score: -3079394.892

Do NNI search on 20 best initial trees
Estimate model parameters (epsilon = 0.100)
BETTER TREE FOUND at iteration 1: -3079385.100
Iteration 10 / LogL: -3079402.531 / Time: 0h:19m:31s
Iteration 20 / LogL: -3079406.170 / Time: 0h:28m:50s
Finish initializing candidate tree set (20)
Current best tree score: -3079385.100 / CPU time: 1685.564
Number of iterations: 20
--------------------------------------------------------------------
|               OPTIMIZING CANDIDATE TREE SET                      |
--------------------------------------------------------------------
Iteration 30 / LogL: -3079507.339 / Time: 0h:31m:12s (1h:16m:14s left)
Iteration 40 / LogL: -3079443.039 / Time: 0h:33m:16s (0h:51m:55s left)
Iteration 50 / LogL: -3079422.039 / Time: 0h:35m:17s (0h:36m:38s left)
Log-likelihood cutoff on original alignment: -3079460.299
Iteration 60 / LogL: -3079408.901 / Time: 0h:37m:12s (0h:25m:48s left)
Iteration 70 / LogL: -3079415.372 / Time: 0h:39m:3s (0h:17m:30s left)
Iteration 80 / LogL: -3079424.317 / Time: 0h:40m:43s (0h:10m:48s left)
Iteration 90 / LogL: -3079409.097 / Time: 0h:43m:4s (0h:5m:18s left)
Iteration 100 / LogL: -3079443.415 / Time: 0h:44m:51s (0h:0m:27s left)
Log-likelihood cutoff on original alignment: -3079460.299
NOTE: Bootstrap correlation coefficient of split occurrence frequencies: 1.000
TREE SEARCH COMPLETED AFTER 102 ITERATIONS / Time: 0h:45m:21s

--------------------------------------------------------------------
|                    FINALIZING TREE SEARCH                        |
--------------------------------------------------------------------
Performs final model parameters optimization
Estimate model parameters (epsilon = 0.010)
1. Initial log-likelihood: -3079385.095
2. Current log-likelihood: -3079384.917
3. Current log-likelihood: -3079384.886
4. Current log-likelihood: -3079384.835
5. Current log-likelihood: -3079384.817
6. Current log-likelihood: -3079384.806
Optimal log-likelihood: -3079384.800
Rate parameters:  A-C: 1.00000  A-G: 2.57988  A-T: 0.39260  C-G: 0.39260  C-T: 2.57988  G-T: 1.00000
Base frequencies:  A: 0.263  C: 0.236  G: 0.239  T: 0.262
Proportion of invariable sites: 0.954
Parameters optimization took 6 rounds (13.135 sec)
BEST SCORE FOUND : -3079384.800
Creating bootstrap support values...
Split supports printed to NEXUS file /2/scratch/keaton/plague-phylogeography-projects/recombination/iqtree/all/chromosome/full/filter_r2/iqtree.splits.nex
Total tree length: 0.007

Total number of iterations: 102
CPU time used for tree search: 19243.759 sec (5h:20m:43s)
Wall-clock time used for tree search: 2676.448 sec (0h:44m:36s)
Total CPU time used: 19707.795 sec (5h:28m:27s)
Total wall-clock time used: 2739.876 sec (0h:45m:39s)

Computing bootstrap consensus tree...
Reading input file /2/scratch/keaton/plague-phylogeography-projects/recombination/iqtree/all/chromosome/full/filter_r2/iqtree.splits.nex...
572 taxa and 6471 splits.
Consensus tree written to /2/scratch/keaton/plague-phylogeography-projects/recombination/iqtree/all/chromosome/full/filter_r2/iqtree.contree
Reading input trees file /2/scratch/keaton/plague-phylogeography-projects/recombination/iqtree/all/chromosome/full/filter_r2/iqtree.contree
Log-likelihood of consensus tree: -3079426.909

Analysis results written to: 
  IQ-TREE report:                /2/scratch/keaton/plague-phylogeography-projects/recombination/iqtree/all/chromosome/full/filter_r2/iqtree.iqtree
  Maximum-likelihood tree:       /2/scratch/keaton/plague-phylogeography-projects/recombination/iqtree/all/chromosome/full/filter_r2/iqtree.treefile
  Likelihood distances:          /2/scratch/keaton/plague-phylogeography-projects/recombination/iqtree/all/chromosome/full/filter_r2/iqtree.mldist

Ultrafast bootstrap approximation results written to:
  Split support values:          /2/scratch/keaton/plague-phylogeography-projects/recombination/iqtree/all/chromosome/full/filter_r2/iqtree.splits.nex
  Consensus tree:                /2/scratch/keaton/plague-phylogeography-projects/recombination/iqtree/all/chromosome/full/filter_r2/iqtree.contree
  Screen log file:               /2/scratch/keaton/plague-phylogeography-projects/recombination/iqtree/all/chromosome/full/filter_r2/iqtree.log

Date and Time: Mon Oct  4 17:35:51 2021
