2021-06-16 12:14:45,290 Reading the input fasta file: /2/scratch/keaton/plague-phylogeography/results/snippy_multi/all/chromosome/full/snippy-multi.snps.aln
2021-06-16 12:14:45,293 Reading alignment length...
2021-06-16 12:14:45,293 Alignment length: 483
2021-06-16 12:14:45,293 Reading alignment sample names...
2021-06-16 12:14:45,293 Number of samples: 50
2021-06-16 12:14:45,293 Analyzing alignment for sites with >=0.8 samples with data...
2021-06-16 12:14:45,300 5% Complete
2021-06-16 12:14:45,308 10% Complete
2021-06-16 12:14:45,314 15% Complete
2021-06-16 12:14:45,324 20% Complete
2021-06-16 12:14:45,332 25% Complete
2021-06-16 12:14:45,342 30% Complete
2021-06-16 12:14:45,355 35% Complete
2021-06-16 12:14:45,366 40% Complete
2021-06-16 12:14:45,376 45% Complete
2021-06-16 12:14:45,378 50% Complete
2021-06-16 12:14:45,395 55% Complete
2021-06-16 12:14:45,408 60% Complete
2021-06-16 12:14:45,435 65% Complete
2021-06-16 12:14:45,476 70% Complete
2021-06-16 12:14:45,521 75% Complete
2021-06-16 12:14:45,566 80% Complete
2021-06-16 12:14:45,632 85% Complete
2021-06-16 12:14:45,692 90% Complete
2021-06-16 12:14:45,745 95% Complete
2021-06-16 12:14:45,808 100% Complete
2021-06-16 12:14:45,808 Creating the filtered multiple alignment..
2021-06-16 12:14:45,822 Writing to the output fasta file: /2/scratch/keaton/plague-phylogeography/results/snippy_multi/all/chromosome/full/filter20/snippy-multi.snps.aln
2021-06-16 12:14:45,823 Constant sites: 0 (0%)
2021-06-16 12:14:45,823 Parsimony informative sites: 238 (49%)
2021-06-16 12:14:45,823 Biallelic singleton sites: 245 (50%)
2021-06-16 12:14:45,823 Multiallelic singleton sites: 0 (0%)
2021-06-16 12:14:45,823 Pseudo singleton sites: 0 (0%)
2021-06-16 12:14:45,823 Total singleton sites: 245 (50%)
2021-06-16 12:14:45,823 Singleton sites passing missing data filter: 127
2021-06-16 12:14:45,823 Parsimony informative sites passing missing data filter: 179
2021-06-16 12:14:45,823 Filtered nucleotides: 15300
2021-06-16 12:14:45,823 Ambiguous nucleotides: 1329 (8%)
2021-06-16 12:14:45,824 Total sites passing missing data filter: 306
2021-06-16 12:14:45,824 Total sites failing missing data filter: 177
2021-06-16 12:14:45,824 Total nucleotides passing missing data filter: 15300
2021-06-16 12:14:45,824 Ambiguous nucleotides passing missing data filter: 1329
2021-06-16 12:14:45,824 Wrote a multi-fasta alignment of length: 306
