2021-06-16 11:20:57,217 Reading the input fasta file: /2/scratch/keaton/plague-phylogeography/results/snippy_multi/all/chromosome/full/snippy-multi.snps.aln
2021-06-16 11:20:57,219 Reading alignment length...
2021-06-16 11:20:57,220 Alignment length: 483
2021-06-16 11:20:57,220 Reading alignment sample names...
2021-06-16 11:20:57,220 Number of samples: 50
2021-06-16 11:20:57,220 Analyzing alignment for sites with >=0.91 samples with data...
2021-06-16 11:20:57,226 5% Complete
2021-06-16 11:20:57,230 10% Complete
2021-06-16 11:20:57,234 15% Complete
2021-06-16 11:20:57,238 20% Complete
2021-06-16 11:20:57,242 25% Complete
2021-06-16 11:20:57,249 30% Complete
2021-06-16 11:20:57,257 35% Complete
2021-06-16 11:20:57,263 40% Complete
2021-06-16 11:20:57,269 45% Complete
2021-06-16 11:20:57,272 50% Complete
2021-06-16 11:20:57,279 55% Complete
2021-06-16 11:20:57,285 60% Complete
2021-06-16 11:20:57,291 65% Complete
2021-06-16 11:20:57,301 70% Complete
2021-06-16 11:20:57,310 75% Complete
2021-06-16 11:20:57,319 80% Complete
2021-06-16 11:20:57,330 85% Complete
2021-06-16 11:20:57,340 90% Complete
2021-06-16 11:20:57,350 95% Complete
2021-06-16 11:20:57,367 100% Complete
2021-06-16 11:20:57,367 Creating the filtered multiple alignment..
2021-06-16 11:20:57,374 Writing to the output fasta file: /2/scratch/keaton/plague-phylogeography/results/snippy_multi/all/chromosome/full/filter9/snippy-multi.snps.aln
2021-06-16 11:20:57,375 Constant sites: 0 (0%)
2021-06-16 11:20:57,375 Parsimony informative sites: 238 (49%)
2021-06-16 11:20:57,375 Biallelic singleton sites: 245 (50%)
2021-06-16 11:20:57,375 Multiallelic singleton sites: 0 (0%)
2021-06-16 11:20:57,375 Pseudo singleton sites: 0 (0%)
2021-06-16 11:20:57,375 Total singleton sites: 245 (50%)
2021-06-16 11:20:57,375 Singleton sites passing missing data filter: 68
2021-06-16 11:20:57,375 Parsimony informative sites passing missing data filter: 100
2021-06-16 11:20:57,375 Total sites passing missing data filter: 168
2021-06-16 11:20:57,375 Total sites failing missing data filter: 315
2021-06-16 11:20:57,375 Wrote a multi-fasta alignment of length: 168
