IQ-TREE multicore version 2.0.3 for Linux 64-bit built Apr 26 2020
Developed by Bui Quang Minh, Nguyen Lam Tung, Olga Chernomor,
Heiko Schmidt, Dominik Schrempf, Michael Woodhams.

Host:    info113 (SSE3, 252 GB RAM)
Command: iqtree -t /2/scratch/keaton/plague-phylogeography/results/iqtree/all/iqtree-core_chromosome.filter5.treefile -s /2/scratch/keaton/plague-phylogeography/results/snippy_multi/all/snippy-core_chromosome.snps.filter5.aln --prefix /2/scratch/keaton/plague-phylogeography/results/iqtree/all/iqtree-core_chromosome.filter5_post -fconst 1119279,1007240,1018377,1115997 --scf 1000 --seed 47321424 --threads-max 10 -nt 10
Seed:    47321424 (Using SPRNG - Scalable Parallel Random Number Generator)
Time:    Wed Mar 31 20:53:19 2021
Kernel:  SSE2 - 10 threads (48 CPU cores detected)

Reading alignment file /2/scratch/keaton/plague-phylogeography/results/snippy_multi/all/snippy-core_chromosome.snps.filter5.aln ... Fasta format detected
Alignment most likely contains DNA/RNA sequences
Alignment has 615 sequences with 3899 columns, 3859 distinct patterns
3899 parsimony-informative, 0 singleton sites, 0 constant sites
                                                         Gap/Ambiguity  Composition  p-value
   1  GCA_000006645.1_ASM664v1_genomic                           0.00%    passed     78.35%
   2  GCA_000007885.1_ASM788v1_genomic                           0.26%    passed     93.28%
   3  GCA_000013825.1_ASM1382v1_genomic                          0.62%    passed     60.25%
   4  GCA_000022805.1_ASM2280v1_genomic                          0.00%    passed     94.64%
   5  GCA_000022825.1_ASM2282v1_genomic                          0.03%    passed     92.77%
   6  GCA_000022845.1_ASM2284v1_genomic                          1.00%    passed     97.51%
   7  GCA_000168235.2_ASM16823v2_genomic                         0.49%    passed     95.54%
   8  GCA_000169615.1_ASM16961v1_genomic                         1.26%    passed     67.13%
   9  GCA_000169635.1_ASM16963v1_genomic                         0.05%    passed     94.58%
  10  GCA_000169655.1_ASM16965v1_genomic                         0.05%    passed     99.80%
  11  GCA_000169675.1_ASM16967v1_genomic                         0.15%    passed     93.60%
  12  GCA_000170275.1_ASM17027v1_genomic                         0.18%    passed     91.19%
  13  GCA_000181455.2_ASM18145v2_genomic                         0.05%    passed     97.00%
  14  GCA_000182485.1_ASM18248v1_genomic                         0.33%    passed     99.01%
  15  GCA_000182505.1_ASM18250v1_genomic                         0.00%    passed     97.25%
  16  GCA_000182525.1_ASM18252v1_genomic                         0.10%    passed     94.21%
  17  GCA_000182705.1_ASM18270v1_genomic                         0.00%    passed     78.35%
  18  GCA_000222975.1_ASM22297v1_genomic                         0.03%    passed     91.80%
  19  GCA_000255735.1_ASM25573v1_genomic                         0.10%    passed     95.93%
  20  GCA_000255755.1_ASM25575v1_genomic                         0.18%    passed     95.30%
  21  GCA_000255775.1_ASM25577v1_genomic                         0.15%    passed     92.84%
  22  GCA_000255795.1_ASM25579v1_genomic                         0.26%    passed     93.09%
  23  GCA_000255815.1_ASM25581v1_genomic                         0.13%    passed     91.03%
  24  GCA_000255835.1_ASM25583v1_genomic                         0.26%    passed     90.59%
  25  GCA_000255855.1_ASM25585v1_genomic                         0.13%    passed     93.33%
  26  GCA_000255875.1_ASM25587v1_genomic                         0.23%    passed     93.63%
  27  GCA_000255895.1_ASM25589v1_genomic                         0.21%    passed     92.86%
  28  GCA_000268325.1_ASM26832v1_genomic                         1.08%    passed     81.00%
  29  GCA_000268345.1_ASM26834v1_genomic                         0.44%    passed     93.29%
  30  GCA_000268365.1_ASM26836v1_genomic                         0.95%    passed     89.98%
  31  GCA_000268385.1_ASM26838v1_genomic                         0.38%    passed     92.96%
  32  GCA_000268405.1_ASM26840v1_genomic                         0.85%    passed     93.82%
  33  GCA_000268425.1_ASM26842v1_genomic                         0.90%    passed     88.86%
  34  GCA_000268445.1_ASM26844v1_genomic                         0.62%    passed     93.92%
  35  GCA_000268465.1_ASM26846v1_genomic                         0.97%    passed     94.18%
  36  GCA_000268485.1_ASM26848v1_genomic                         0.54%    passed     88.57%
  37  GCA_000268485.2_ASM26848v2_genomic                         0.54%    passed     88.57%
  38  GCA_000268505.1_ASM26850v1_genomic                         0.49%    passed     87.46%
  39  GCA_000268525.1_ASM26852v1_genomic                         0.54%    passed     90.42%
  40  GCA_000268545.1_ASM26854v1_genomic                         0.64%    passed     94.10%
  41  GCA_000268565.1_ASM26856v1_genomic                         1.62%    passed     84.43%
  42  GCA_000268585.1_ASM26858v1_genomic                         0.49%    passed     88.76%
  43  GCA_000268605.1_ASM26860v1_genomic                         1.46%    passed     84.69%
  44  GCA_000268625.1_ASM26862v1_genomic                         0.56%    passed     87.28%
  45  GCA_000268645.1_ASM26864v1_genomic                         0.51%    passed     91.75%
  46  GCA_000268665.1_ASM26866v1_genomic                         0.90%    passed     97.60%
  47  GCA_000268685.1_ASM26868v1_genomic                         0.28%    passed     93.15%
  48  GCA_000268705.1_ASM26870v1_genomic                         1.23%    passed     91.17%
  49  GCA_000268725.1_ASM26872v1_genomic                         0.33%    passed     93.51%
  50  GCA_000268725.2_ASM26872v2_genomic                         0.33%    passed     93.51%
  51  GCA_000268745.1_ASM26874v1_genomic                         0.28%    passed     94.65%
  52  GCA_000268765.1_ASM26876v1_genomic                         0.72%    passed     91.11%
  53  GCA_000268785.1_ASM26878v1_genomic                         0.33%    passed     89.70%
  54  GCA_000268805.1_ASM26880v1_genomic                         3.69%    passed     98.32%
  55  GCA_000268805.2_ASM26880v2_genomic                         3.69%    passed     98.32%
  56  GCA_000268825.1_ASM26882v1_genomic                         0.46%    passed     88.10%
  57  GCA_000268845.1_ASM26884v1_genomic                         1.08%    passed     92.53%
  58  GCA_000268865.1_ASM26886v1_genomic                         0.59%    passed     92.82%
  59  GCA_000268865.2_ASM26886v2_genomic                         0.59%    passed     92.82%
  60  GCA_000268885.1_ASM26888v1_genomic                         0.51%    passed     93.82%
  61  GCA_000268905.1_ASM26890v1_genomic                         0.64%    passed     95.58%
  62  GCA_000268925.1_ASM26892v1_genomic                         0.33%    passed     93.48%
  63  GCA_000268945.1_ASM26894v1_genomic                         2.49%    passed     97.15%
  64  GCA_000268965.1_ASM26896v1_genomic                         0.49%    passed     90.77%
  65  GCA_000268985.1_ASM26898v1_genomic                         0.72%    passed     89.99%
  66  GCA_000269005.1_ASM26900v1_genomic                         1.44%    passed     90.56%
  67  GCA_000269025.1_ASM26902v1_genomic                         0.59%    passed     93.34%
  68  GCA_000269045.1_ASM26904v1_genomic                         0.80%    passed     82.12%
  69  GCA_000269065.1_ASM26906v1_genomic                         0.15%    passed     94.37%
  70  GCA_000269085.1_ASM26908v1_genomic                         0.51%    passed     93.73%
  71  GCA_000269105.1_ASM26910v1_genomic                         1.05%    passed     94.28%
  72  GCA_000269125.1_ASM26912v1_genomic                         0.59%    passed     88.72%
  73  GCA_000269145.1_ASM26914v1_genomic                         1.10%    passed     84.33%
  74  GCA_000269165.1_ASM26916v1_genomic                         0.51%    passed     91.44%
  75  GCA_000269185.1_ASM26918v1_genomic                         0.80%    passed     90.32%
  76  GCA_000269205.1_ASM26920v1_genomic                         0.15%    passed     93.78%
  77  GCA_000269225.1_ASM26922v1_genomic                         0.74%    passed     88.06%
  78  GCA_000269245.1_ASM26924v1_genomic                         0.41%    passed     92.08%
  79  GCA_000269265.1_ASM26926v1_genomic                         1.13%    passed     83.68%
  80  GCA_000269285.1_ASM26928v1_genomic                         0.46%    passed     87.34%
  81  GCA_000269285.2_ASM26928v2_genomic                         0.46%    passed     87.34%
  82  GCA_000269305.1_ASM26930v1_genomic                         0.59%    passed     88.46%
  83  GCA_000269325.1_ASM26932v1_genomic                         0.85%    passed     89.76%
  84  GCA_000269345.1_ASM26934v1_genomic                         1.31%    passed     88.80%
  85  GCA_000269365.1_ASM26936v1_genomic                         0.33%    passed     90.05%
  86  GCA_000269385.1_ASM26938v1_genomic                         2.95%    passed     84.33%
  87  GCA_000269405.1_ASM26940v1_genomic                         1.62%    passed     85.41%
  88  GCA_000269425.1_ASM26942v1_genomic                         1.49%    passed     91.03%
  89  GCA_000269445.1_ASM26944v1_genomic                         0.28%    passed     94.37%
  90  GCA_000269465.1_ASM26946v1_genomic                         0.54%    passed     89.35%
  91  GCA_000269485.1_ASM26948v1_genomic                         1.10%    passed     97.44%
  92  GCA_000275685.1_ASM27568v1_genomic                         0.00%    passed     88.92%
  93  GCA_000311885.1_ASM31188v1_genomic                         0.00%    passed     88.09%
  94  GCA_000320425.1_ASM32042v1_genomic                         1.77%    passed     77.01%
  95  GCA_000320445.1_ASM32044v1_genomic                         0.82%    passed     99.76%
  96  GCA_000320465.1_ASM32046v1_genomic                         0.05%    passed     93.33%
  97  GCA_000323185.1_ASM32318v1_genomic                         1.08%    passed     99.11%
  98  GCA_000323205.1_ASM32320v1_genomic                         1.13%    passed     85.14%
  99  GCA_000323225.1_ASM32322v1_genomic                         0.28%    passed     89.81%
 100  GCA_000323245.1_ASM32324v1_genomic                         8.82%    passed     96.81%
 101  GCA_000323285.1_ASM32328v1_genomic                         0.18%    passed     97.22%
 102  GCA_000323305.1_ASM32330v1_genomic                         1.64%    passed     99.57%
 103  GCA_000323325.1_ASM32332v1_genomic                         1.28%    passed     99.68%
 104  GCA_000323345.1_ASM32334v1_genomic                         1.44%    passed     99.85%
 105  GCA_000323365.1_ASM32336v1_genomic                         0.54%    passed     78.24%
 106  GCA_000323385.1_ASM32338v1_genomic                         5.57%    passed     68.48%
 107  GCA_000323405.1_ASM32340v1_genomic                         0.69%    passed     94.57%
 108  GCA_000323425.1_ASM32342v1_genomic                         1.67%    passed     96.52%
 109  GCA_000323445.1_ASM32344v1_genomic                         1.03%    passed     93.87%
 110  GCA_000323465.1_ASM32346v1_genomic                         0.69%    passed     99.45%
 111  GCA_000323485.1_ASM32348v1_genomic                         2.36%    failed      1.01%
 112  GCA_000323505.1_ASM32350v1_genomic                         0.28%    passed     97.35%
 113  GCA_000323525.1_ASM32352v1_genomic                         2.18%    passed     88.48%
 114  GCA_000323545.1_ASM32354v1_genomic                         1.28%    passed     97.51%
 115  GCA_000323565.1_ASM32356v1_genomic                         3.59%    passed     88.94%
 116  GCA_000323585.1_ASM32358v1_genomic                         1.05%    passed     99.30%
 117  GCA_000323605.1_ASM32360v1_genomic                         0.05%    passed     96.09%
 118  GCA_000323625.1_ASM32362v1_genomic                         2.87%    passed     74.33%
 119  GCA_000323645.1_ASM32364v1_genomic                         0.41%    passed     99.87%
 120  GCA_000323665.1_ASM32366v1_genomic                         4.49%    passed     95.21%
 121  GCA_000323685.1_ASM32368v1_genomic                         1.54%    passed     98.12%
 122  GCA_000323705.1_ASM32370v1_genomic                         0.10%    passed     95.05%
 123  GCA_000323725.1_ASM32372v1_genomic                         3.82%    passed     99.38%
 124  GCA_000323745.1_ASM32374v1_genomic                         5.31%    passed     80.36%
 125  GCA_000323765.1_ASM32376v1_genomic                         1.13%    passed     97.24%
 126  GCA_000323785.1_ASM32378v1_genomic                         1.18%    passed     96.29%
 127  GCA_000323805.1_ASM32380v1_genomic                         1.51%    passed     95.49%
 128  GCA_000323825.1_ASM32382v1_genomic                         0.80%    passed     95.69%
 129  GCA_000323845.1_ASM32384v1_genomic                         2.92%    failed      1.67%
 130  GCA_000323865.1_ASM32386v1_genomic                         1.54%    passed     96.67%
 131  GCA_000323885.1_ASM32388v1_genomic                         0.23%    passed     96.84%
 132  GCA_000323905.1_ASM32390v1_genomic                         1.49%    passed     98.24%
 133  GCA_000323925.1_ASM32392v1_genomic                         0.36%    passed     97.05%
 134  GCA_000323945.1_ASM32394v1_genomic                        11.36%    passed     98.59%
 135  GCA_000323965.1_ASM32396v1_genomic                         0.87%    passed     97.62%
 136  GCA_000323985.1_ASM32398v1_genomic                         5.26%    passed     99.76%
 137  GCA_000324005.1_ASM32400v1_genomic                         0.80%    passed     97.76%
 138  GCA_000324025.1_ASM32402v1_genomic                         0.33%    passed     98.91%
 139  GCA_000324045.1_ASM32404v1_genomic                         3.18%    passed     96.68%
 140  GCA_000324065.1_ASM32406v1_genomic                         3.03%    passed     87.68%
 141  GCA_000324085.1_ASM32408v1_genomic                         5.44%    passed     96.58%
 142  GCA_000324105.1_ASM32410v1_genomic                         2.49%    passed     96.66%
 143  GCA_000324125.1_ASM32412v1_genomic                         1.15%    passed     99.49%
 144  GCA_000324145.1_ASM32414v1_genomic                         0.23%    passed     99.90%
 145  GCA_000324165.1_ASM32416v1_genomic                         0.38%    passed     88.70%
 146  GCA_000324185.1_ASM32418v1_genomic                         0.41%    passed     98.34%
 147  GCA_000324205.1_ASM32420v1_genomic                         1.00%    passed     98.28%
 148  GCA_000324225.1_ASM32422v1_genomic                         0.21%    passed     66.16%
 149  GCA_000324245.1_ASM32424v1_genomic                         0.85%    passed     98.15%
 150  GCA_000324265.1_ASM32426v1_genomic                         0.46%    passed     97.14%
 151  GCA_000324285.1_ASM32428v1_genomic                         5.21%    passed     94.07%
 152  GCA_000324305.1_ASM32430v1_genomic                         0.72%    passed     99.21%
 153  GCA_000324325.1_ASM32432v1_genomic                         5.33%    passed     96.96%
 154  GCA_000324345.1_ASM32434v1_genomic                         0.33%    passed     98.98%
 155  GCA_000324365.1_ASM32436v1_genomic                         0.87%    passed     92.29%
 156  GCA_000324385.1_ASM32438v1_genomic                         8.67%    passed     69.31%
 157  GCA_000324405.1_ASM32440v1_genomic                         2.41%    passed     81.04%
 158  GCA_000324425.1_ASM32442v1_genomic                         0.15%    passed     90.27%
 159  GCA_000324445.1_ASM32444v1_genomic                         0.64%    passed     99.75%
 160  GCA_000324465.1_ASM32446v1_genomic                         2.33%    passed     81.52%
 161  GCA_000324485.1_ASM32448v1_genomic                         1.85%    passed     94.39%
 162  GCA_000324505.1_ASM32450v1_genomic                         1.64%    passed     97.23%
 163  GCA_000324525.1_ASM32452v1_genomic                         1.44%    passed     88.45%
 164  GCA_000324545.1_ASM32454v1_genomic                         2.62%    passed     94.15%
 165  GCA_000324565.1_ASM32456v1_genomic                         0.28%    passed     98.24%
 166  GCA_000324585.1_ASM32458v1_genomic                         4.31%    passed     98.37%
 167  GCA_000324605.1_ASM32460v1_genomic                         1.80%    passed     99.52%
 168  GCA_000324625.1_ASM32462v1_genomic                         3.03%    passed     71.80%
 169  GCA_000324645.1_ASM32464v1_genomic                         4.13%    passed     95.96%
 170  GCA_000324665.1_ASM32466v1_genomic                         0.69%    passed     95.30%
 171  GCA_000324685.1_ASM32468v1_genomic                         0.97%    passed     97.62%
 172  GCA_000324705.1_ASM32470v1_genomic                         3.69%    passed     83.21%
 173  GCA_000324725.1_ASM32472v1_genomic                         0.95%    passed     96.18%
 174  GCA_000324745.1_ASM32474v1_genomic                         2.46%    passed     90.12%
 175  GCA_000324765.1_ASM32476v1_genomic                         1.13%    passed     93.26%
 176  GCA_000324785.1_ASM32478v1_genomic                         0.56%    passed     92.38%
 177  GCA_000324805.2_EV76-CN_genomic                            0.90%    passed     93.38%
 178  GCA_000324825.1_ASM32482v1_genomic                         2.13%    passed     98.42%
 179  GCA_000324845.1_ASM32484v1_genomic                         1.33%    passed     87.97%
 180  GCA_000324865.1_ASM32486v1_genomic                         4.08%    passed     81.61%
 181  GCA_000324885.1_ASM32488v1_genomic                         0.05%    passed     99.88%
 182  GCA_000324905.1_ASM32490v1_genomic                         0.21%    passed     99.59%
 183  GCA_000324925.1_ASM32492v1_genomic                         1.77%    passed     61.74%
 184  GCA_000324945.1_ASM32494v1_genomic                         3.82%    passed     99.43%
 185  GCA_000324965.1_ASM32496v1_genomic                         0.44%    passed     99.29%
 186  GCA_000324985.1_ASM32498v1_genomic                         1.67%    passed     99.89%
 187  GCA_000325005.1_ASM32500v1_genomic                         1.64%    passed     99.71%
 188  GCA_000325025.1_ASM32502v1_genomic                         1.26%    passed     97.71%
 189  GCA_000325045.1_ASM32504v1_genomic                         3.28%    passed     99.15%
 190  GCA_000325065.1_ASM32506v1_genomic                         1.46%    passed     98.78%
 191  GCA_000325085.1_ASM32508v1_genomic                         4.62%    passed     99.31%
 192  GCA_000325105.1_ASM32510v1_genomic                         0.64%    passed     99.38%
 193  GCA_000325125.1_ASM32512v1_genomic                         2.03%    passed     98.08%
 194  GCA_000325165.1_ASM32516v1_genomic                         1.44%    passed     94.06%
 195  GCA_000325185.1_ASM32518v1_genomic                         1.10%    passed     95.96%
 196  GCA_000325205.1_ASM32520v1_genomic                         0.80%    passed     98.69%
 197  GCA_000325225.1_ASM32522v1_genomic                         0.46%    passed     96.33%
 198  GCA_000325245.1_ASM32524v1_genomic                         2.36%    passed     92.92%
 199  GCA_000325265.1_ASM32526v1_genomic                         0.92%    passed     99.21%
 200  GCA_000325285.1_ASM32528v1_genomic                         2.15%    passed     96.99%
 201  GCA_000325305.1_ASM32530v1_genomic                         1.08%    passed     99.41%
 202  GCA_000325325.1_ASM32532v1_genomic                         1.36%    passed     96.64%
 203  GCA_000325345.1_ASM32534v1_genomic                         1.97%    passed     94.26%
 204  GCA_000325365.1_ASM32536v1_genomic                         1.38%    passed     92.06%
 205  GCA_000325385.1_ASM32538v1_genomic                         4.59%    passed     97.01%
 206  GCA_000325405.1_ASM32540v1_genomic                         5.67%    passed     96.82%
 207  GCA_000325425.1_ASM32542v1_genomic                         0.36%    passed     88.02%
 208  GCA_000325445.1_ASM32544v1_genomic                         2.92%    passed     96.24%
 209  GCA_000325465.1_ASM32546v1_genomic                         1.72%    passed     86.40%
 210  GCA_000325485.1_ASM32548v1_genomic                         3.46%    passed     84.27%
 211  GCA_000382505.1_Yersinia_pestis_G1670E_assembly_genomic    0.36%    passed     49.37%
 212  GCA_000382525.1_Yersinia_pestis_G3768_assembly_genomic     0.44%    passed     61.98%
 213  GCA_000382545.1_Yersinia_pestis_assembly_genomic           0.23%    passed     57.81%
 214  GCA_000475095.2_YP009_v2_genomic                           0.15%    passed     91.40%
 215  GCA_000475115.2_YP113_v2_genomic                           0.05%    passed     96.87%
 216  GCA_000475135.2_YPS03_v2_genomic                           0.00%    passed     99.38%
 217  GCA_000475155.2_YP24H_v2_genomic                           0.05%    passed     92.44%
 218  GCA_000590535.1_EV_NIIEG_genomic                           0.72%    passed     92.32%
 219  GCA_000590535.2_ASM59053v2_genomic                         0.41%    passed     92.12%
 220  GCA_000705315.1_EDB10_058v1_genomic                        1.85%    passed     96.90%
 221  GCA_000734805.1_ASM73480v1_genomic                         0.10%    passed     93.76%
 222  GCA_000834275.1_ASM83427v1_genomic                         0.08%    passed     35.35%
 223  GCA_000834335.1_ASM83433v1_genomic                         0.03%    passed     95.08%
 224  GCA_000834495.1_ASM83449v1_genomic                         0.13%    passed     95.04%
 225  GCA_000834755.1_ASM83475v1_genomic                         0.03%    passed     94.38%
 226  GCA_000834775.1_ASM83477v1_genomic                         0.03%    passed     94.64%
 227  GCA_000834885.1_ASM83488v1_genomic                         0.31%    passed     40.79%
 228  GCA_000834905.1_ASM83490v1_genomic                         0.03%    passed     92.71%
 229  GCA_000835005.1_ASM83500v1_genomic                         5.05%    passed     98.29%
 230  GCA_000950945.1_ASM95094v1_genomic                         0.44%    passed     89.66%
 231  GCA_000970105.1_ASM97010v1_genomic                         0.03%    passed     78.02%
 232  GCA_000986995.1_YPES001-SEQ-2-ASM-1_genomic                2.03%    passed     88.56%
 233  GCA_001188325.1_YPY_1_genomic                              0.08%    passed     64.18%
 234  GCA_001188335.1_DYA_1_genomic                              0.21%    passed     56.25%
 235  GCA_001188675.1_ASM118867v1_genomic                        0.05%    passed     95.65%
 236  GCA_001188695.1_ASM118869v1_genomic                        0.26%    passed     66.98%
 237  GCA_001188715.1_ASM118871v1_genomic                        0.05%    passed     61.64%
 238  GCA_001188735.1_ASM118873v1_genomic                        0.00%    passed     79.31%
 239  GCA_001188755.1_ASM118875v1_genomic                        1.64%    passed     67.30%
 240  GCA_001188775.1_ASM118877v1_genomic                        0.26%    passed     64.80%
 241  GCA_001188795.1_ASM118879v1_genomic                        0.15%    passed     64.37%
 242  GCA_001188815.1_ASM118881v1_genomic                        0.03%    passed     82.61%
 243  GCA_001188935.1_ASM118893v1_genomic                        0.26%    passed     69.03%
 244  GCA_001261975.1_YPW_8_IHQD_genomic                         1.03%    passed     73.92%
 245  GCA_001261985.1_YPW_3_IHQD_genomic                         0.05%    passed     91.85%
 246  GCA_001294805.1_ASM129480v1_genomic                        0.21%    passed     91.12%
 247  GCA_001294815.1_ASM129481v1_genomic                        0.13%    passed     63.05%
 248  GCA_001294825.1_ASM129482v1_genomic                        0.82%    passed     97.66%
 249  GCA_001294885.1_ASM129488v1_genomic                        0.10%    passed     92.13%
 250  GCA_001294905.1_ASM129490v1_genomic                        0.08%    passed     68.14%
 251  GCA_001294915.1_ASM129491v1_genomic                        0.21%    passed     65.69%
 252  GCA_001294965.1_ASM129496v1_genomic                        0.13%    passed     86.00%
 253  GCA_001294975.1_ASM129497v1_genomic                        0.28%    passed     88.86%
 254  GCA_001294985.1_ASM129498v1_genomic                        0.08%    passed     69.97%
 255  GCA_001295025.1_ASM129502v1_genomic                        0.15%    passed     89.19%
 256  GCA_001295045.1_ASM129504v1_genomic                        0.10%    passed     65.30%
 257  GCA_001295055.1_ASM129505v1_genomic                        0.05%    passed     72.36%
 258  GCA_001295065.1_ASM129506v1_genomic                        0.15%    passed     73.81%
 259  GCA_001295105.1_ASM129510v1_genomic                        0.05%    passed     67.02%
 260  GCA_001295115.1_ASM129511v1_genomic                        0.13%    passed     86.39%
 261  GCA_001295145.1_ASM129514v1_genomic                        0.18%    passed     82.79%
 262  GCA_001295185.1_ASM129518v1_genomic                        0.18%    passed     69.15%
 263  GCA_001487065.1_Yersinia_pestis_genomic                    0.10%    passed     94.13%
 264  GCA_001509855.1_ASM150985v1_genomic                        0.00%    passed     95.54%
 265  GCA_001509865.1_ASM150986v1_genomic                        0.05%    passed     95.24%
 266  GCA_001559935.1_ASM155993v1_genomic                        0.90%    passed     78.80%
 267  GCA_001595585.1_ASM159558v1_genomic                        0.13%    passed     71.07%
 268  GCA_001601285.1_ASM160128v1_genomic                        0.08%    passed     99.09%
 269  GCA_001601675.1_ASM160167v1_genomic                        1.41%    passed     90.88%
 270  GCA_001601735.1_ASM160173v1_genomic                        0.51%    passed     89.85%
 271  GCA_001613865.1_ASM161386v1_genomic                        0.69%    passed     98.31%
 272  GCA_001613885.1_ASM161388v1_genomic                        0.23%    passed     69.73%
 273  GCA_001613895.1_ASM161389v1_genomic                        0.28%    passed     82.69%
 274  GCA_001617705.1_Yersinia_pestis_C-791_genomic              0.03%    passed     75.31%
 275  GCA_001617715.1_Yersinia_pestis_M-519_genomic              0.26%    passed     77.81%
 276  GCA_001617725.1_Yersinia_pestis_M-1484_genomic             0.36%    passed     66.71%
 277  GCA_001617735.1_Yersinia_pestis_M-1763_genomic             0.10%    passed     84.10%
 278  GCA_001617785.1_Yersinia_pestis_M-549_genomic              0.10%    passed     81.89%
 279  GCA_001617805.1_Yersinia_pestis_173_genomic                0.41%    passed     75.37%
 280  GCA_001617815.1_Yersinia_pestis_M-1453_genomic             0.69%    passed     76.99%
 281  GCA_001693595.1_ASM169359v1_genomic                        0.03%    passed     93.45%
 282  GCA_001972385.1_ASM197238v1_genomic                        0.80%    passed     65.29%
 283  GCA_001972395.1_ASM197239v1_genomic                        0.77%    passed     82.73%
 284  GCA_001972405.1_ASM197240v1_genomic                        0.80%    passed     96.88%
 285  GCA_001972465.1_ASM197246v1_genomic                        0.82%    passed     62.80%
 286  GCA_001972475.1_ASM197247v1_genomic                        0.10%    passed     50.72%
 287  GCA_001972515.1_ASM197251v1_genomic                        0.10%    passed     74.02%
 288  GCA_002005285.1_ASM200528v1_genomic                        0.26%    passed     98.75%
 289  GCA_002127355.1_ASM212735v1_genomic                        0.80%    passed     94.57%
 290  GCA_002127365.1_ASM212736v1_genomic                        0.77%    passed     77.17%
 291  GCA_002127375.1_ASM212737v1_genomic                        0.77%    passed     98.50%
 292  GCA_002165475.1_ASM216547v1_genomic                        0.77%    passed     79.65%
 293  GCA_002173795.1_ASM217379v1_genomic                        0.10%    passed     72.10%
 294  GCA_002173805.1_ASM217380v1_genomic                        0.10%    passed     66.64%
 295  GCA_002173815.1_ASM217381v1_genomic                        0.10%    passed     78.28%
 296  GCA_002188685.1_ASM218868v1_genomic                        0.15%    passed     69.75%
 297  GCA_002188725.1_ASM218872v1_genomic                        0.13%    passed     54.56%
 298  GCA_002188765.1_ASM218876v1_genomic                        0.10%    passed     43.12%
 299  GCA_002188775.1_ASM218877v1_genomic                        0.10%    passed     82.12%
 300  GCA_002412225.1_Y.pestis_A-1486_genomic                    0.36%    passed     96.74%
 301  GCA_002412235.1_Y.pestis_A-1249_genomic                    0.36%    passed     93.36%
 302  GCA_002412245.1_Y.pestis_A-1691_genomic                    0.64%    passed     94.74%
 303  GCA_002412255.1_Y.pestis_A-1836_genomic                    0.31%    passed     47.37%
 304  GCA_002412305.1_Y.pestis_A-1809_genomic                    0.59%    passed     97.81%
 305  GCA_002529545.1_ASM252954v1_genomic                        0.00%    passed     78.35%
 306  GCA_002981895.1_ASM298189v1_genomic                        0.18%    passed     88.53%
 307  GCA_002981915.1_ASM298191v1_genomic                        0.23%    passed     87.79%
 308  GCA_002981925.1_ASM298192v1_genomic                        0.13%    passed     89.44%
 309  GCA_002981955.1_ASM298195v1_genomic                        0.13%    passed     89.44%
 310  GCA_002981995.1_ASM298199v1_genomic                        0.33%    passed     89.48%
 311  GCA_002993145.1_ASM299314v1_genomic                        0.13%    passed     65.02%
 312  GCA_003074155.1_ASM307415v1_genomic                        0.13%    passed     99.60%
 313  GCA_003074175.1_ASM307417v1_genomic                        0.49%    passed     88.84%
 314  GCA_003074195.1_ASM307419v1_genomic                        0.28%    passed     99.68%
 315  GCA_003074215.1_ASM307421v1_genomic                        0.18%    passed     99.22%
 316  GCA_003074235.1_ASM307423v1_genomic                        0.62%    passed     98.96%
 317  GCA_003074255.1_ASM307425v1_genomic                        0.03%    passed     99.46%
 318  GCA_003074275.1_ASM307427v1_genomic                        3.62%    passed     68.60%
 319  GCA_003074295.1_ASM307429v1_genomic                        0.33%    passed     83.79%
 320  GCA_003074315.1_ASM307431v1_genomic                        0.51%    passed     97.24%
 321  GCA_003074335.1_ASM307433v1_genomic                        0.05%    passed     80.21%
 322  GCA_003074355.1_ASM307435v1_genomic                        0.10%    passed     80.79%
 323  GCA_003074375.1_ASM307437v1_genomic                        0.15%    passed     81.92%
 324  GCA_003074395.1_ASM307439v1_genomic                        0.69%    passed     77.00%
 325  GCA_003074415.1_ASM307441v1_genomic                        0.21%    passed     72.02%
 326  GCA_003074435.1_ASM307443v1_genomic                        0.05%    passed     68.80%
 327  GCA_003074535.1_ASM307453v1_genomic                        0.08%    passed     96.09%
 328  GCA_003074595.1_ASM307459v1_genomic                        0.05%    passed     93.88%
 329  GCA_003085855.1_ASM308585v1_genomic                        0.08%    passed     73.60%
 330  GCA_003085875.1_ASM308587v1_genomic                        0.23%    passed     71.82%
 331  GCA_003085895.1_ASM308589v1_genomic                        0.36%    passed     87.20%
 332  GCA_003085915.1_ASM308591v1_genomic                        0.10%    passed     99.50%
 333  GCA_003085935.1_ASM308593v1_genomic                        0.36%    passed     64.76%
 334  GCA_003085955.1_ASM308595v1_genomic                        0.18%    passed     86.36%
 335  GCA_003085975.1_ASM308597v1_genomic                        0.15%    passed     77.11%
 336  GCA_003085995.1_ASM308599v1_genomic                        0.28%    passed     77.60%
 337  GCA_003086015.1_ASM308601v1_genomic                        0.51%    passed     99.27%
 338  GCA_003086035.1_ASM308603v1_genomic                        0.21%    passed     88.35%
 339  GCA_003086055.1_ASM308605v1_genomic                        0.23%    passed     71.28%
 340  GCA_003086075.1_ASM308607v1_genomic                        2.44%    passed     98.85%
 341  GCA_003086095.1_ASM308609v1_genomic                        0.36%    passed     87.14%
 342  GCA_003086115.1_ASM308611v1_genomic                        1.00%    passed     95.91%
 343  GCA_003086155.1_ASM308615v1_genomic                        0.13%    passed     76.34%
 344  GCA_003122795.1_Y.pestis_I-2422_genomic                    0.46%    passed     87.44%
 345  GCA_003797205.1_ASM379720v1_genomic                        0.05%    passed     95.19%
 346  GCA_003798085.1_ASM379808v1_genomic                        0.08%    passed     93.25%
 347  GCA_003798225.1_ASM379822v1_genomic                        0.54%    passed     58.24%
 348  GCA_004023585.1_ASM402358v1_genomic                        0.10%    passed     87.88%
 349  GCA_004023595.1_ASM402359v1_genomic                        0.23%    passed     91.10%
 350  GCA_006376415.1_ASM637641v1_genomic                        0.28%    passed     72.07%
 351  GCA_006376435.1_ASM637643v1_genomic                        0.23%    passed     84.39%
 352  GCA_006376475.1_ASM637647v1_genomic                        0.05%    passed     82.74%
 353  GCA_006376495.1_ASM637649v1_genomic                        0.08%    passed     70.37%
 354  GCA_006376505.1_ASM637650v1_genomic                        0.31%    passed     67.46%
 355  GCA_006376535.1_ASM637653v1_genomic                        1.62%    passed     84.26%
 356  GCA_006376535.2_ASM637653v2_genomic                        0.15%    passed     72.41%
 357  GCA_006376545.1_ASM637654v1_genomic                        0.44%    passed     70.35%
 358  GCA_006376575.1_ASM637657v1_genomic                        2.31%    passed     65.79%
 359  GCA_006376585.1_ASM637658v1_genomic                        0.90%    passed     98.60%
 360  GCA_006517425.1_ASM651742v1_genomic                        0.26%    passed     87.89%
 361  GCA_006546665.1_ASM654666v1_genomic                        0.33%    passed     90.44%
 362  GCA_006546725.1_ASM654672v1_genomic                        0.23%    passed     90.71%
 363  GCA_006546745.1_ASM654674v1_genomic                        0.28%    passed     87.38%
 364  GCA_008630375.1_ASM863037v1_genomic                        0.95%    passed     73.01%
 365  GCA_008630375.2_ASM863037v2_genomic                        1.26%    passed     81.69%
 366  GCA_008630395.1_ASM863039v1_genomic                        0.18%    passed     80.81%
 367  GCA_008630415.1_ASM863041v1_genomic                        1.00%    passed     99.45%
 368  GCA_008630435.1_ASM863043v1_genomic                        1.00%    passed     89.20%
 369  GCA_008630455.1_ASM863045v1_genomic                        0.82%    passed     98.49%
 370  GCA_008630485.1_ASM863048v1_genomic                        0.08%    passed     72.32%
 371  GCA_008630575.1_ASM863057v1_genomic                        0.31%    passed     80.33%
 372  GCA_009295945.1_ASM929594v1_genomic                        0.08%    passed     97.47%
 373  GCA_009296005.1_ASM929600v1_genomic                        0.00%    passed     85.14%
 374  GCA_009363195.1_ASM936319v1_genomic                        0.26%    passed     99.29%
 375  GCA_009667885.1_ASM966788v1_genomic                        0.10%    passed     80.63%
 376  GCA_009667895.1_ASM966789v1_genomic                        0.10%    passed     77.40%
 377  GCA_009667925.1_ASM966792v1_genomic                        0.05%    passed     82.30%
 378  GCA_009667935.1_ASM966793v1_genomic                        0.05%    passed     78.96%
 379  GCA_009667945.1_ASM966794v1_genomic                        0.00%    passed     79.46%
 380  GCA_009667985.1_ASM966798v1_genomic                        0.13%    passed     80.27%
 381  GCA_009669545.1_ASM966954v1_genomic                        0.00%    passed     79.46%
 382  GCA_009669555.1_ASM966955v1_genomic                        0.05%    passed     79.42%
 383  GCA_009669565.1_ASM966956v1_genomic                        0.00%    passed     79.46%
 384  GCA_009669605.1_ASM966960v1_genomic                        0.05%    passed     79.42%
 385  GCA_009669625.1_ASM966962v1_genomic                        0.00%    passed     79.46%
 386  GCA_009669635.1_ASM966963v1_genomic                        0.05%    passed     82.88%
 387  GCA_009669665.1_ASM966966v1_genomic                        0.00%    passed     79.46%
 388  GCA_009669675.1_ASM966967v1_genomic                        0.00%    passed     81.31%
 389  GCA_009669705.1_ASM966970v1_genomic                        0.87%    passed     76.90%
 390  GCA_009669715.1_ASM966971v1_genomic                        0.03%    passed     76.61%
 391  GCA_009669725.1_ASM966972v1_genomic                        0.00%    passed     82.26%
 392  GCA_009669765.1_ASM966976v1_genomic                        0.00%    passed     76.34%
 393  GCA_009669775.1_ASM966977v1_genomic                        0.00%    passed     78.01%
 394  GCA_009669805.1_ASM966980v1_genomic                        0.00%    passed     79.46%
 395  GCA_009669825.1_ASM966982v1_genomic                        0.00%    passed     81.31%
 396  GCA_009669835.1_ASM966983v1_genomic                        0.00%    passed     79.46%
 397  GCA_009669845.1_ASM966984v1_genomic                        0.00%    passed     79.46%
 398  GCA_009669875.1_ASM966987v1_genomic                        0.00%    passed     79.46%
 399  GCA_009669905.1_ASM966990v1_genomic                        0.00%    passed     79.46%
 400  GCA_009669925.1_ASM966992v1_genomic                        0.00%    passed     79.46%
 401  GCA_009669935.1_ASM966993v1_genomic                        0.00%    passed     79.46%
 402  GCA_009669955.1_ASM966995v1_genomic                        0.03%    passed     80.31%
 403  GCA_009669975.1_ASM966997v1_genomic                        0.00%    passed     78.01%
 404  GCA_009670005.1_ASM967000v1_genomic                        0.00%    passed     76.32%
 405  GCA_009670015.1_ASM967001v1_genomic                        0.00%    passed     78.01%
 406  GCA_009670045.1_ASM967004v1_genomic                        0.05%    passed     78.75%
 407  GCA_009670055.1_ASM967005v1_genomic                        0.00%    passed     78.18%
 408  GCA_009670075.1_ASM967007v1_genomic                        0.00%    passed     78.01%
 409  GCA_009670105.1_ASM967010v1_genomic                        0.00%    passed     79.46%
 410  GCA_009670115.1_ASM967011v1_genomic                        0.72%    passed     83.02%
 411  GCA_009670135.1_ASM967013v1_genomic                        0.15%    passed     80.43%
 412  GCA_009670155.1_ASM967015v1_genomic                        0.00%    passed     78.01%
 413  GCA_009670185.1_ASM967018v1_genomic                        0.10%    passed     81.60%
 414  GCA_009670205.1_ASM967020v1_genomic                        0.00%    passed     79.46%
 415  GCA_009670225.1_ASM967022v1_genomic                        0.00%    passed     82.26%
 416  GCA_009670235.1_ASM967023v1_genomic                        0.05%    passed     82.46%
 417  GCA_009670245.1_ASM967024v1_genomic                        0.74%    passed     86.31%
 418  GCA_009670285.1_ASM967028v1_genomic                        0.00%    passed     82.26%
 419  GCA_009670305.1_ASM967030v1_genomic                        0.00%    passed     82.26%
 420  GCA_009670325.1_ASM967032v1_genomic                        0.05%    passed     78.92%
 421  GCA_009670345.1_ASM967034v1_genomic                        0.00%    passed     79.46%
 422  GCA_009670355.1_ASM967035v1_genomic                        0.36%    passed     79.78%
 423  GCA_009670385.1_ASM967038v1_genomic                        0.00%    passed     76.00%
 424  GCA_009670395.1_ASM967039v1_genomic                        0.00%    passed     77.68%
 425  GCA_009670415.1_ASM967041v1_genomic                        0.08%    passed     77.88%
 426  GCA_009670445.1_ASM967044v1_genomic                        0.00%    passed     81.14%
 427  GCA_009670465.1_ASM967046v1_genomic                        0.82%    passed     81.61%
 428  GCA_009670475.1_ASM967047v1_genomic                        0.00%    passed     78.01%
 429  GCA_009670485.1_ASM967048v1_genomic                        0.05%    passed     80.12%
 430  GCA_009670515.1_ASM967051v1_genomic                        0.00%    passed     78.01%
 431  GCA_009670545.1_ASM967054v1_genomic                        0.00%    passed     79.46%
 432  GCA_009670565.1_ASM967056v1_genomic                        0.00%    passed     78.01%
 433  GCA_009670575.1_ASM967057v1_genomic                        0.03%    passed     79.91%
 434  GCA_009670585.1_ASM967058v1_genomic                        0.00%    passed     79.46%
 435  GCA_009670605.1_ASM967060v1_genomic                        0.10%    passed     79.22%
 436  GCA_009670625.1_ASM967062v1_genomic                        0.00%    passed     79.56%
 437  GCA_009670665.1_ASM967066v1_genomic                        0.62%    passed     78.55%
 438  GCA_009670675.1_ASM967067v1_genomic                        0.03%    passed     79.80%
 439  GCA_009670705.1_ASM967070v1_genomic                        0.00%    passed     76.34%
 440  GCA_009670715.1_ASM967071v1_genomic                        1.21%    passed     77.90%
 441  GCA_009670725.1_ASM967072v1_genomic                        0.05%    passed     79.25%
 442  GCA_009670765.1_ASM967076v1_genomic                        0.08%    passed     78.38%
 443  GCA_009670775.1_ASM967077v1_genomic                        0.00%    passed     79.56%
 444  GCA_009670785.1_ASM967078v1_genomic                        0.00%    passed     79.46%
 445  GCA_009670815.1_ASM967081v1_genomic                        0.00%    passed     79.46%
 446  GCA_009670835.1_ASM967083v1_genomic                        0.00%    passed     79.46%
 447  GCA_009670865.1_ASM967086v1_genomic                        0.00%    passed     78.18%
 448  GCA_009670875.1_ASM967087v1_genomic                        0.74%    passed     83.74%
 449  GCA_009670895.1_ASM967089v1_genomic                        0.00%    passed     78.01%
 450  GCA_009670905.1_ASM967090v1_genomic                        0.00%    passed     78.01%
 451  GCA_009670935.1_ASM967093v1_genomic                        0.00%    passed     78.01%
 452  GCA_009670995.1_ASM967099v1_genomic                        0.00%    passed     77.51%
 453  GCA_009909635.1_ASM990963v1_genomic                        0.21%    passed     83.18%
 454  GCA_009909645.1_ASM990964v1_genomic                        0.00%    passed     74.13%
 455  GCA_009909655.1_ASM990965v1_genomic                        0.00%    passed     79.54%
 456  GCA_010974835.1_ASM1097483v1_genomic                       0.05%    passed     77.93%
 457  GCA_010974845.1_ASM1097484v1_genomic                       0.08%    passed     83.30%
 458  GCA_010974855.1_ASM1097485v1_genomic                       1.62%    passed     94.16%
 459  GCA_013391945.1_ASM1339194v1_genomic                       0.13%    passed     99.79%
 460  GCA_013391965.1_ASM1339196v1_genomic                       0.03%    passed     99.10%
 461  GCA_013392045.1_ASM1339204v1_genomic                       0.31%    passed     95.91%
 462  GCA_013392055.1_ASM1339205v1_genomic                       0.28%    passed     96.21%
 463  GCA_013392075.1_ASM1339207v1_genomic                       0.31%    passed     95.91%
 464  GCA_013392085.1_ASM1339208v1_genomic                       0.31%    passed     95.91%
 465  GCA_013392105.1_ASM1339210v1_genomic                       0.28%    passed     96.21%
 466  GCA_013392145.1_ASM1339214v1_genomic                       0.28%    passed     95.88%
 467  GCA_013421455.1_ASM1342145v1_genomic                       0.10%    passed     89.12%
 468  GCA_013421465.1_ASM1342146v1_genomic                       0.08%    passed     88.91%
 469  GCA_013421535.1_ASM1342153v1_genomic                       1.59%    passed     79.81%
 470  GCA_013421545.1_ASM1342154v1_genomic                       0.21%    passed     90.96%
 471  GCA_013421555.1_ASM1342155v1_genomic                       0.08%    passed     89.44%
 472  GCA_014734355.1_ASM1473435v1_genomic                       0.28%    passed     96.21%
 473  GCA_014734395.1_ASM1473439v1_genomic                       0.28%    passed     96.21%
 474  GCA_014734405.1_ASM1473440v1_genomic                       0.28%    passed     96.21%
 475  GCA_015158475.1_ASM1515847v1_genomic                       1.03%    passed     97.52%
 476  GCA_015158485.1_ASM1515848v1_genomic                       0.00%    passed     96.64%
 477  GCA_015158575.1_ASM1515857v1_genomic                       0.00%    passed     98.36%
 478  GCA_015158585.1_ASM1515858v1_genomic                       0.00%    passed     98.74%
 479  GCA_015158615.1_ASM1515861v1_genomic                       0.15%    passed     98.74%
 480  GCA_015158625.1_ASM1515862v1_genomic                       1.03%    passed     97.52%
 481  GCA_015158635.1_ASM1515863v1_genomic                       0.00%    passed     98.36%
 482  GCA_015158675.1_ASM1515867v1_genomic                       0.00%    passed     99.67%
 483  GCA_015158695.1_ASM1515869v1_genomic                       1.00%    passed     99.89%
 484  GCA_015158705.1_ASM1515870v1_genomic                       0.03%    passed     99.95%
 485  GCA_015158715.1_ASM1515871v1_genomic                       0.00%    passed     99.84%
 486  GCA_015158755.1_ASM1515875v1_genomic                       0.00%    passed     99.86%
 487  GCA_015158765.1_ASM1515876v1_genomic                       0.00%    passed     99.84%
 488  GCA_015158795.1_ASM1515879v1_genomic                       0.00%    passed     99.86%
 489  GCA_015158805.1_ASM1515880v1_genomic                       0.03%    passed     99.67%
 490  GCA_015158815.1_ASM1515881v1_genomic                       0.03%    passed     99.80%
 491  GCA_015158845.1_ASM1515884v1_genomic                       0.00%    passed     99.84%
 492  GCA_015158875.1_ASM1515887v1_genomic                       0.00%    passed     99.86%
 493  GCA_015158895.1_ASM1515889v1_genomic                       0.00%    passed     99.84%
 494  GCA_015158905.1_ASM1515890v1_genomic                       0.00%    passed     99.70%
 495  GCA_015158935.1_ASM1515893v1_genomic                       0.03%    passed     99.90%
 496  GCA_015158945.1_ASM1515894v1_genomic                       0.00%    passed     99.86%
 497  GCA_015158955.1_ASM1515895v1_genomic                       0.44%    passed     99.87%
 498  GCA_015158995.1_ASM1515899v1_genomic                       0.00%    passed     99.46%
 499  GCA_015159005.1_ASM1515900v1_genomic                       0.00%    passed     99.70%
 500  GCA_015159035.1_ASM1515903v1_genomic                       0.00%    passed     99.86%
 501  GCA_015159045.1_ASM1515904v1_genomic                       0.03%    passed     99.72%
 502  GCA_015159075.1_ASM1515907v1_genomic                       0.00%    passed     99.72%
 503  GCA_015159085.1_ASM1515908v1_genomic                       0.00%    passed     99.86%
 504  GCA_015159105.1_ASM1515910v1_genomic                       0.00%    passed     99.72%
 505  GCA_015159135.1_ASM1515913v1_genomic                       0.03%    passed     99.83%
 506  GCA_015159145.1_ASM1515914v1_genomic                       0.00%    passed     99.78%
 507  GCA_015159175.1_ASM1515917v1_genomic                       0.00%    passed     99.46%
 508  GCA_015159195.1_ASM1515919v1_genomic                       0.00%    passed     99.86%
 509  GCA_015159615.1_ASM1515961v1_genomic                       0.05%    passed     70.83%
 510  GCA_015190655.1_ASM1519065v1_genomic                       0.00%    passed     99.86%
 511  GCA_015274685.1_ASM1527468v1_genomic                       0.03%    passed     97.52%
 512  GCA_015274715.1_ASM1527471v1_genomic                       0.18%    passed     97.89%
 513  GCA_015274745.1_ASM1527474v1_genomic                       0.05%    passed     97.76%
 514  GCA_015336085.1_ASM1533608v1_genomic                       0.00%    passed     73.28%
 515  GCA_015336265.1_ASM1533626v1_genomic                       0.00%    passed     99.39%
 516  GCA_015336465.1_ASM1533646v1_genomic                       0.54%    passed     99.05%
 517  GCA_015336695.1_ASM1533669v1_genomic                       0.05%    passed     74.28%
 518  GCA_015336865.1_ASM1533686v1_genomic                       0.10%    passed     85.96%
 519  GCA_015337085.1_ASM1533708v1_genomic                       2.03%    passed     92.59%
 520  GCA_015337285.1_ASM1533728v1_genomic                       0.08%    passed     88.24%
 521  GCA_015337445.1_ASM1533744v1_genomic                       0.00%    passed     72.20%
 522  GCA_015337645.1_ASM1533764v1_genomic                       0.05%    passed     74.73%
 523  GCA_015337825.1_ASM1533782v1_genomic                       0.03%    passed     91.44%
 524  GCA_015338045.1_ASM1533804v1_genomic                       0.26%    passed     91.37%
 525  GCA_015338205.1_ASM1533820v1_genomic                       0.80%    passed     98.81%
 526  GCA_015350425.1_ASM1535042v1_genomic                       0.28%    passed     78.01%
 527  GCA_015350435.1_ASM1535043v1_genomic                       0.49%    passed     66.41%
 528  GCA_015350455.1_ASM1535045v1_genomic                       0.41%    passed     75.75%
 529  GCA_016102545.1_ASM1610254v1_genomic                       0.13%    passed     93.72%
 530  GCA_016102555.1_ASM1610255v1_genomic                       3.44%    passed     80.90%
 531  GCA_016102565.1_ASM1610256v1_genomic                       1.92%    passed     85.88%
 532  GCA_016102575.1_ASM1610257v1_genomic                       0.23%    passed     94.50%
 533  GCA_016102585.1_ASM1610258v1_genomic                       0.03%    passed     75.31%
 534  GCA_016102645.1_ASM1610264v1_genomic                       0.59%    passed     78.27%
 535  GCA_016102655.1_ASM1610265v1_genomic                       0.23%    passed     85.09%
 536  GCA_016102665.1_ASM1610266v1_genomic                       1.21%    passed     87.41%
 537  GCA_016102675.1_ASM1610267v1_genomic                       0.03%    passed     75.31%
 538  GCA_016102685.1_ASM1610268v1_genomic                       0.59%    passed     77.27%
 539  GCA_016102745.1_ASM1610274v1_genomic                       0.31%    passed     72.11%
 540  GCA_016102755.1_ASM1610275v1_genomic                       0.13%    passed     93.02%
 541  GCA_016102765.1_ASM1610276v1_genomic                       0.05%    passed     78.49%
 542  GCA_016102775.1_ASM1610277v1_genomic                       0.13%    passed     83.92%
 543  GCA_016102785.1_ASM1610278v1_genomic                       0.56%    passed     79.10%
 544  GCA_016102845.1_ASM1610284v1_genomic                       0.05%    passed     76.44%
 545  GCA_016102855.1_ASM1610285v1_genomic                       0.00%    passed     75.30%
 546  GCA_016102875.1_ASM1610287v1_genomic                       0.44%    passed     81.01%
 547  GCA_016102905.1_ASM1610290v1_genomic                       0.08%    passed     75.42%
 548  GCA_016102915.1_ASM1610291v1_genomic                       0.03%    passed     72.63%
 549  GCA_016102945.1_ASM1610294v1_genomic                       0.03%    passed     79.47%
 550  GCA_016102965.1_ASM1610296v1_genomic                       0.05%    passed     72.34%
 551  GCA_016102975.1_ASM1610297v1_genomic                       0.05%    passed     74.30%
 552  GCA_016103005.1_ASM1610300v1_genomic                       0.05%    passed     77.49%
 553  GCA_900460465.1_57940_B01_genomic                          0.26%    passed     95.00%
 554  Reference                                                  0.00%    passed     92.63%
 555  SAMEA104233046                                            15.39%    passed      6.92%
 556  SAMEA104233047                                            22.52%    failed      3.95%
 557  SAMEA104233048                                            20.88%    passed     40.03%
 558  SAMEA104233049                                             1.23%    passed     43.44%
 559  SAMEA104488961                                             0.15%    passed     18.27%
 560  SAMEA1061800                                               2.18%    passed     72.69%
 561  SAMEA3541826                                               8.49%    passed     86.75%
 562  SAMEA3541827                                               5.85%    passed     44.79%
 563  SAMEA3713711                                               3.54%    passed     84.10%
 564  SAMEA3713712                                               1.74%    passed     78.64%
 565  SAMEA3713713                                               1.49%    passed     83.75%
 566  SAMEA3713714                                               3.44%    passed     91.67%
 567  SAMEA3713715                                               1.44%    passed     87.06%
 568  SAMEA3937653                                               3.90%    passed     95.11%
 569  SAMEA3937654                                               1.80%    passed     88.47%
 570  SAMEA4354665                                               1.56%    passed     93.23%
 571  SAMEA5054089                                               4.28%    passed     58.19%
 572  SAMEA5054090                                               3.80%    passed     70.18%
 573  SAMEA5054092                                               3.95%    passed     99.16%
 574  SAMEA5054093                                              21.98%    passed     99.96%
 575  SAMEA5661360                                              10.26%    passed     44.10%
 576  SAMEA5661363                                               0.18%    passed     94.35%
 577  SAMEA5661364                                              22.80%    passed     38.18%
 578  SAMEA5661365                                               9.05%    passed     68.58%
 579  SAMEA5661367                                               2.49%    passed     93.85%
 580  SAMEA5661372                                               9.10%    passed     58.22%
 581  SAMEA5661384                                               8.80%    passed     71.48%
 582  SAMEA5661385                                              12.90%    passed     93.36%
 583  SAMEA5661389                                               7.98%    passed     79.02%
 584  SAMEA5661390                                              23.57%    passed     68.37%
 585  SAMEA5818798                                               3.77%    passed     99.73%
 586  SAMEA5818799                                               1.28%    passed     93.92%
 587  SAMEA5818800                                               1.08%    passed     93.31%
 588  SAMEA5818801                                               1.87%    passed     96.15%
 589  SAMEA5818803                                               0.46%    passed     99.95%
 590  SAMEA5818805                                               1.44%    passed     98.74%
 591  SAMEA5818806                                               0.59%    passed     88.01%
 592  SAMEA5818808                                              14.49%    passed     58.61%
 593  SAMEA5818809                                               2.15%    passed     78.41%
 594  SAMEA5818811                                              11.41%    passed     34.49%
 595  SAMEA5818815                                               0.31%    passed     98.30%
 596  SAMEA5818817                                               4.41%    passed     88.62%
 597  SAMEA5818818                                               5.28%    passed     82.92%
 598  SAMEA5818821                                               3.69%    passed     92.02%
 599  SAMEA5818822                                               9.03%    passed     77.53%
 600  SAMEA5818825                                              10.31%    passed     74.27%
 601  SAMEA5818826                                               0.18%    passed     99.82%
 602  SAMEA5818828                                               2.67%    passed     99.18%
 603  SAMEA5818829                                               1.26%    passed     97.02%
 604  SAMEA5818830                                               2.05%    passed     99.06%
 605  SAMEA6637002                                               0.13%    passed     99.03%
 606  SAMEA6637004                                               1.15%    passed     99.00%
 607  SAMEA6651390                                               0.38%    passed     99.12%
 608  SAMEA6812876                                              10.62%    failed      4.22%
 609  SAMEA6812877                                               3.13%    failed      2.54%
 610  SAMEA7293135                                               1.90%    passed     87.12%
 611  SAMEA7293136                                              10.36%    passed     96.53%
 612  SAMEA7313236_38                                            3.64%    passed     33.76%
 613  SAMEA7313243_45                                           19.39%    passed     98.59%
 614  SAMEA7313246_49                                            0.10%    passed     99.06%
 615  SAMN00715800                                               3.82%    passed     50.62%
****  TOTAL                                                      1.24%  5 sequences failed composition chi2 test (p-value<5%; df=3)
Reading tree /2/scratch/keaton/plague-phylogeography/results/iqtree/all/iqtree-core_chromosome.filter5.treefile ...
un-rooted tree with 615 taxa and 1227 branches
Computing site concordance factor...
74.018 sec
Tree with concordance factors written to /2/scratch/keaton/plague-phylogeography/results/iqtree/all/iqtree-core_chromosome.filter5_post.cf.tree
Annotated tree (best viewed in FigTree) written to /2/scratch/keaton/plague-phylogeography/results/iqtree/all/iqtree-core_chromosome.filter5_post.cf.tree.nex
Tree with branch IDs written to /2/scratch/keaton/plague-phylogeography/results/iqtree/all/iqtree-core_chromosome.filter5_post.cf.branch
Concordance factors per branch printed to /2/scratch/keaton/plague-phylogeography/results/iqtree/all/iqtree-core_chromosome.filter5_post.cf.stat
Date and Time: Wed Mar 31 20:54:34 2021
