2021-05-20 11:48:44,453 Reading the input fasta file: /2/scratch/keaton/plague-phylogeography/results/snippy_multi/all/chromosome/full/snippy-multi.snps.aln
2021-05-20 11:48:44,573 Reading alignment length...
2021-05-20 11:48:44,575 Alignment length: 33703
2021-05-20 11:48:44,575 Reading alignment sample names...
2021-05-20 11:48:44,576 Number of samples: 603
2021-05-20 11:48:44,578 Analyzing alignment for sites with >=0.9 samples with data...
2021-05-20 11:51:26,536 5% Complete
2021-05-20 11:59:16,281 10% Complete
2021-05-20 12:10:12,841 15% Complete
2021-05-20 12:19:44,494 20% Complete
2021-05-20 12:36:47,420 25% Complete
2021-05-20 12:58:12,569 30% Complete
2021-05-20 13:20:00,123 35% Complete
2021-05-20 13:45:55,906 40% Complete
2021-05-20 14:09:42,301 45% Complete
2021-05-20 14:37:59,150 50% Complete
2021-05-20 15:18:56,418 55% Complete
2021-05-20 16:03:36,826 60% Complete
2021-05-20 16:58:12,875 65% Complete
2021-05-20 17:42:40,198 70% Complete
2021-05-20 18:29:04,546 75% Complete
2021-05-20 19:31:29,378 80% Complete
2021-05-20 20:29:01,192 85% Complete
2021-05-20 21:28:34,961 90% Complete
2021-05-20 22:32:47,057 95% Complete
2021-05-20 23:43:13,413 100% Complete
2021-05-20 23:43:13,414 Creating the filtered multiple alignment..
2021-05-20 23:43:31,832 Writing to the output fasta file: /2/scratch/keaton/plague-phylogeography/results/snippy_multi/all/chromosome/full/filter10/snippy-multi.snps.aln
2021-05-20 23:43:32,011 Constant sites: 0 (0%)
2021-05-20 23:43:32,011 Parsimony informative sites: 17333 (51%)
2021-05-20 23:43:32,011 Biallelic singleton sites: 16246 (48%)
2021-05-20 23:43:32,011 Multiallelic singleton sites: 80 (0%)
2021-05-20 23:43:32,011 Pseudo singleton sites: 44 (0%)
2021-05-20 23:43:32,011 Total singleton sites: 16370 (48%)
2021-05-20 23:43:32,011 Singleton sites passing missing data filter: 13882
2021-05-20 23:43:32,011 Parsimony informative sites passing missing data filter: 15257
2021-05-20 23:43:32,011 Total sites passing missing data filter: 29139
2021-05-20 23:43:32,011 Total sites failing missing data filter: 4564
2021-05-20 23:43:32,011 Wrote a multi-fasta alignment of length: 29139
