2021-06-16 11:20:57,219 Reading the input fasta file: /2/scratch/keaton/plague-phylogeography/results/snippy_multi/all/chromosome/full/snippy-multi.snps.aln
2021-06-16 11:20:57,222 Reading alignment length...
2021-06-16 11:20:57,222 Alignment length: 483
2021-06-16 11:20:57,222 Reading alignment sample names...
2021-06-16 11:20:57,222 Number of samples: 50
2021-06-16 11:20:57,222 Analyzing alignment for sites with >=0.92 samples with data...
2021-06-16 11:20:57,228 5% Complete
2021-06-16 11:20:57,232 10% Complete
2021-06-16 11:20:57,236 15% Complete
2021-06-16 11:20:57,241 20% Complete
2021-06-16 11:20:57,244 25% Complete
2021-06-16 11:20:57,251 30% Complete
2021-06-16 11:20:57,258 35% Complete
2021-06-16 11:20:57,264 40% Complete
2021-06-16 11:20:57,270 45% Complete
2021-06-16 11:20:57,272 50% Complete
2021-06-16 11:20:57,279 55% Complete
2021-06-16 11:20:57,285 60% Complete
2021-06-16 11:20:57,290 65% Complete
2021-06-16 11:20:57,300 70% Complete
2021-06-16 11:20:57,308 75% Complete
2021-06-16 11:20:57,317 80% Complete
2021-06-16 11:20:57,327 85% Complete
2021-06-16 11:20:57,336 90% Complete
2021-06-16 11:20:57,347 95% Complete
2021-06-16 11:20:57,364 100% Complete
2021-06-16 11:20:57,364 Creating the filtered multiple alignment..
2021-06-16 11:20:57,373 Writing to the output fasta file: /2/scratch/keaton/plague-phylogeography/results/snippy_multi/all/chromosome/full/filter8/snippy-multi.snps.aln
2021-06-16 11:20:57,374 Constant sites: 0 (0%)
2021-06-16 11:20:57,374 Parsimony informative sites: 238 (49%)
2021-06-16 11:20:57,374 Biallelic singleton sites: 245 (50%)
2021-06-16 11:20:57,374 Multiallelic singleton sites: 0 (0%)
2021-06-16 11:20:57,374 Pseudo singleton sites: 0 (0%)
2021-06-16 11:20:57,374 Total singleton sites: 245 (50%)
2021-06-16 11:20:57,374 Singleton sites passing missing data filter: 68
2021-06-16 11:20:57,374 Parsimony informative sites passing missing data filter: 100
2021-06-16 11:20:57,374 Total sites passing missing data filter: 168
2021-06-16 11:20:57,374 Total sites failing missing data filter: 315
2021-06-16 11:20:57,374 Wrote a multi-fasta alignment of length: 168
