2021-06-16 13:09:07,777 Reading the input fasta file: /2/scratch/keaton/plague-phylogeography/results/snippy_multi/all/chromosome/full/snippy-multi.snps.aln
2021-06-16 13:09:07,779 Reading alignment length...
2021-06-16 13:09:07,780 Alignment length: 572
2021-06-16 13:09:07,780 Reading alignment sample names...
2021-06-16 13:09:07,780 Number of samples: 58
2021-06-16 13:09:07,780 Analyzing alignment for sites with >=0.6 samples with data...
2021-06-16 13:09:07,793 5% Complete
2021-06-16 13:09:07,816 10% Complete
2021-06-16 13:09:07,838 15% Complete
2021-06-16 13:09:07,856 20% Complete
2021-06-16 13:09:07,876 25% Complete
2021-06-16 13:09:07,910 30% Complete
2021-06-16 13:09:07,959 35% Complete
2021-06-16 13:09:08,009 40% Complete
2021-06-16 13:09:08,075 45% Complete
2021-06-16 13:09:08,146 50% Complete
2021-06-16 13:09:08,214 55% Complete
2021-06-16 13:09:08,284 60% Complete
2021-06-16 13:09:08,334 65% Complete
2021-06-16 13:09:08,413 70% Complete
2021-06-16 13:09:08,492 75% Complete
2021-06-16 13:09:08,578 80% Complete
2021-06-16 13:09:08,690 85% Complete
2021-06-16 13:09:08,803 90% Complete
2021-06-16 13:09:08,915 95% Complete
2021-06-16 13:09:09,024 100% Complete
2021-06-16 13:09:09,025 Creating the filtered multiple alignment..
2021-06-16 13:09:09,046 Writing to the output fasta file: /2/scratch/keaton/plague-phylogeography/results/snippy_multi/all/chromosome/full/filter40/snippy-multi.snps.aln
2021-06-16 13:09:09,048 Constant sites: 0 (0%)
2021-06-16 13:09:09,048 Parsimony informative sites: 281 (49%)
2021-06-16 13:09:09,048 Biallelic singleton sites: 291 (50%)
2021-06-16 13:09:09,048 Multiallelic singleton sites: 0 (0%)
2021-06-16 13:09:09,048 Pseudo singleton sites: 0 (0%)
2021-06-16 13:09:09,048 Total singleton sites: 291 (50%)
2021-06-16 13:09:09,048 Singleton sites passing missing data filter: 258
2021-06-16 13:09:09,048 Parsimony informative sites passing missing data filter: 252
2021-06-16 13:09:09,048 Filtered nucleotides: 29580
2021-06-16 13:09:09,048 Ambiguous nucleotides: 3717 (12%)
2021-06-16 13:09:09,048 Total sites passing missing data filter: 510
2021-06-16 13:09:09,048 Total sites failing missing data filter: 62
2021-06-16 13:09:09,048 Total nucleotides passing missing data filter: 29580
2021-06-16 13:09:09,049 Ambiguous nucleotides passing missing data filter: 3717
2021-06-16 13:09:09,049 Wrote a multi-fasta alignment of length: 510
