IQ-TREE multicore version 2.1.2 COVID-edition for Linux 64-bit built Mar 30 2021
Developed by Bui Quang Minh, James Barbetti, Nguyen Lam Tung,
Olga Chernomor, Heiko Schmidt, Dominik Schrempf, Michael Woodhams.

Host:    DESKTOP-36M8DA7 (SSE4.2, 12 GB RAM)
Command: iqtree -s /mnt/c/Users/ktmea/Projects/plague-phylogeography/results/snippy_multi/all/chromosome/filter5/prune/snippy-multi.snps.aln -m MFP --threads-max 2 -nt 2 -o GCA_000323845.1_ASM32384v1_genomic -seed 674947425 --runs 1 -fconst 1126283,1013395,1024525,1123137 -pre /mnt/c/Users/ktmea/Projects/plague-phylogeography/results/iqtree/all/chromosome/filter5/prune/iqtree
Seed:    674947425 (Using SPRNG - Scalable Parallel Random Number Generator)
Time:    Fri Apr 16 13:14:29 2021
Kernel:  SSE2 - 2 threads (4 CPU cores detected)

Reading alignment file /mnt/c/Users/ktmea/Projects/plague-phylogeography/results/snippy_multi/all/chromosome/filter5/prune/snippy-multi.snps.aln ... Fasta format detected
Alignment most likely contains DNA/RNA sequences
Alignment has 26 sequences with 537 columns, 209 distinct patterns
298 parsimony-informative, 239 singleton sites, 0 constant sites
                                      Gap/Ambiguity  Composition  p-value
   1  GCA_000170275.1_ASM17027v1_genomic      0.19%    passed      8.90%
   2  GCA_000269145.1_ASM26914v1_genomic      0.74%    passed      5.91%
   3  GCA_000320465.1_ASM32046v1_genomic      0.00%    passed     96.48%
   4  GCA_000323505.1_ASM32350v1_genomic      0.19%    passed     92.76%
   5  GCA_000323565.1_ASM32356v1_genomic      0.74%    passed     14.45%
   6  GCA_000323625.1_ASM32362v1_genomic      2.23%    failed      0.09%
   7  GCA_000323845.1_ASM32384v1_genomic      0.56%    failed      0.00%
   8  GCA_000323945.1_ASM32394v1_genomic      9.68%    passed     10.57%
   9  GCA_000323965.1_ASM32396v1_genomic      1.12%    passed     53.96%
  10  GCA_000324065.1_ASM32406v1_genomic      3.17%    passed     99.46%
  11  GCA_000324565.1_ASM32456v1_genomic      0.00%    passed     27.68%
  12  GCA_000324725.1_ASM32472v1_genomic      0.56%    passed     40.29%
  13  GCA_000325305.1_ASM32530v1_genomic      0.56%    passed     88.93%
  14  GCA_000325365.1_ASM32536v1_genomic      0.19%    passed     38.03%
  15  GCA_000835005.1_ASM83500v1_genomic      2.61%    passed     89.49%
  16  GCA_001188795.1_ASM118879v1_genomic     0.93%    failed      0.00%
  17  GCA_001294975.1_ASM129497v1_genomic     0.19%    failed      0.20%
  18  GCA_002005285.1_ASM200528v1_genomic     0.00%    passed     19.26%
  19  GCA_002981895.1_ASM298189v1_genomic     0.19%    failed      0.22%
  20  GCA_003074235.1_ASM307423v1_genomic     0.19%    passed     99.74%
  21  GCA_003074535.1_ASM307453v1_genomic     0.00%    passed     97.58%
  22  GCA_008630435.1_ASM863043v1_genomic     0.56%    passed     31.66%
  23  GCA_009670865.1_ASM967086v1_genomic     0.00%    passed     28.01%
  24  GCA_015158755.1_ASM1515875v1_genomic    0.00%    passed     22.18%
  25  GCA_016102905.1_ASM1610290v1_genomic    0.00%    passed     11.58%
  26  Reference                               0.00%    passed     10.21%
****  TOTAL                                   0.95%  5 sequences failed composition chi2 test (p-value<5%; df=3)
INFO: 4287340 const sites added into alignment
NOTE: minimal branch length is reduced to 0.000000023322 for long alignment


Create initial parsimony tree by phylogenetic likelihood library (PLL)... 0.008 seconds
Perform fast likelihood tree search using GTR+I+G model...
Estimate model parameters (epsilon = 5.000)
Perform nearest neighbor interchange...
Estimate model parameters (epsilon = 1.000)
1. Initial log-likelihood: -5946110.537
Optimal log-likelihood: -5946109.714
Rate parameters:  A-C: 0.73167  A-G: 1.85726  A-T: 0.31837  C-G: 0.14700  C-T: 1.63829  G-T: 1.00000
Base frequencies:  A: 0.263  C: 0.236  G: 0.239  T: 0.262
Proportion of invariable sites: 0.500
Gamma shape alpha: 0.020
Parameters optimization took 1 rounds (0.136 sec)
Time for fast ML tree search: 0.209 seconds

NOTE: ModelFinder requires 1 MB RAM!
ModelFinder will test up to 286 DNA models (sample size: 4287877) ...
 No. Model         -LnL         df  AIC          AICc         BIC
  1  GTR+F         5946127.994  57  11892369.988 11892369.990 11893126.453
  2  GTR+F+I       5946082.870  58  11892281.740 11892281.741 11893051.475
  3  GTR+F+G4      5946114.934  58  11892345.868 11892345.869 11893115.603
  4  GTR+F+I+G4    5946108.788  59  11892335.576 11892335.578 11893118.583
  5  GTR+F+R2      5946123.581  59  11892365.163 11892365.164 11893148.169
  6  GTR+F+R3      5946119.566  61  11892361.133 11892361.134 11893170.682
 15  SYM+I         5951335.271  55  11902780.542 11902780.543 11903510.464
 28  TVM+F+I       5946082.913  57  11892279.825 11892279.827 11893036.290
 41  TVMe+I        5951335.425  54  11902778.849 11902778.851 11903495.500
 54  TIM3+F+I      5946116.521  56  11892345.042 11892345.043 11893088.234
 67  TIM3e+I       5951368.972  53  11902843.944 11902843.945 11903547.323
 80  TIM2+F+I      5946117.417  56  11892346.833 11892346.835 11893090.026
 93  TIM2e+I       5951370.442  53  11902846.883 11902846.884 11903550.262
106  TIM+F+I       5946085.317  56  11892282.633 11892282.635 11893025.826
119  TIMe+I        5951338.567  53  11902783.135 11902783.136 11903486.514
132  TPM3u+F+I     5946117.574  55  11892345.149 11892345.150 11893075.070
145  TPM3+F+I      5946117.574  55  11892345.149 11892345.150 11893075.070
158  TPM2u+F+I     5946118.239  55  11892346.478 11892346.480 11893076.400
171  TPM2+F+I      5946118.239  55  11892346.478 11892346.480 11893076.400
184  K3Pu+F+I      5946086.017  55  11892282.034 11892282.035 11893011.955
197  K3P+I         5951339.413  52  11902782.826 11902782.828 11903472.934
210  TN+F+I        5946117.403  55  11892344.806 11892344.808 11893074.728
223  TNe+I         5951370.508  52  11902845.016 11902845.018 11903535.124
236  HKY+F+I       5946118.253  54  11892344.506 11892344.507 11893061.156
249  K2P+I         5951371.444  51  11902844.887 11902844.889 11903521.724
262  F81+F+I       5946225.430  53  11892556.861 11892556.862 11893260.240
275  JC+I          5951478.261  50  11903056.521 11903056.522 11903720.086
Akaike Information Criterion:           TVM+F+I
Corrected Akaike Information Criterion: TVM+F+I
Bayesian Information Criterion:         K3Pu+F+I
Best-fit model: K3Pu+F+I chosen according to BIC

All model information printed to /mnt/c/Users/ktmea/Projects/plague-phylogeography/results/iqtree/all/chromosome/filter5/prune/iqtree.model.gz
CPU time for ModelFinder: 9.243 seconds (0h:0m:9s)
Wall-clock time for ModelFinder: 9.124 seconds (0h:0m:9s)

NOTE: 0 MB RAM (0 GB) is required!
Estimate model parameters (epsilon = 0.100)
1. Initial log-likelihood: -5946086.015
Optimal log-likelihood: -5946086.016
Rate parameters:  A-C: 1.00000  A-G: 2.29361  A-T: 0.27934  C-G: 0.27934  C-T: 2.29361  G-T: 1.00000
Base frequencies:  A: 0.263  C: 0.236  G: 0.239  T: 0.262
Proportion of invariable sites: 0.997
Parameters optimization took 1 rounds (0.006 sec)
Computing ML distances based on estimated model parameters...
Computing ML distances took 0.003725 sec (of wall-clock time) 0.003499 sec(of CPU time)
WARNING: Some pairwise ML distances are too long (saturated)
Computing RapidNJ tree took 0.008522 sec (of wall-clock time) 0.007134 sec (of CPU time)
Log-likelihood of RapidNJ tree: -5970427.994
--------------------------------------------------------------------
|             INITIALIZING CANDIDATE TREE SET                      |
--------------------------------------------------------------------
Generating 98 parsimony trees... 0.285 second
Computing log-likelihood of 98 initial trees ... 0.175 seconds
Current best score: -5946086.015

Do NNI search on 20 best initial trees
Estimate model parameters (epsilon = 0.100)
BETTER TREE FOUND at iteration 1: -5946086.016
UPDATE BEST LOG-LIKELIHOOD: -5946086.015
UPDATE BEST LOG-LIKELIHOOD: -5946086.015
Iteration 10 / LogL: -5946093.741 / Time: 0h:0m:0s
Iteration 20 / LogL: -5946142.303 / Time: 0h:0m:1s
Finish initializing candidate tree set (4)
Current best tree score: -5946086.015 / CPU time: 0.927
Number of iterations: 20
--------------------------------------------------------------------
|               OPTIMIZING CANDIDATE TREE SET                      |
--------------------------------------------------------------------
Iteration 30 / LogL: -5946087.227 / Time: 0h:0m:1s (0h:0m:3s left)
Iteration 40 / LogL: -5946086.304 / Time: 0h:0m:1s (0h:0m:2s left)
Iteration 50 / LogL: -5946086.907 / Time: 0h:0m:1s (0h:0m:1s left)
Iteration 60 / LogL: -5946086.668 / Time: 0h:0m:2s (0h:0m:1s left)
Iteration 70 / LogL: -5946086.542 / Time: 0h:0m:2s (0h:0m:1s left)
Iteration 80 / LogL: -5946087.949 / Time: 0h:0m:2s (0h:0m:0s left)
Iteration 90 / LogL: -5946088.294 / Time: 0h:0m:2s (0h:0m:0s left)
Iteration 100 / LogL: -5946086.603 / Time: 0h:0m:2s (0h:0m:0s left)
TREE SEARCH COMPLETED AFTER 102 ITERATIONS / Time: 0h:0m:2s

--------------------------------------------------------------------
|                    FINALIZING TREE SEARCH                        |
--------------------------------------------------------------------
Performs final model parameters optimization
Estimate model parameters (epsilon = 0.010)
1. Initial log-likelihood: -5946086.013
Optimal log-likelihood: -5946086.013
Rate parameters:  A-C: 1.00000  A-G: 2.29128  A-T: 0.27914  C-G: 0.27914  C-T: 2.29128  G-T: 1.00000
Base frequencies:  A: 0.263  C: 0.236  G: 0.239  T: 0.262
Proportion of invariable sites: 0.997
Parameters optimization took 1 rounds (0.006 sec)
BEST SCORE FOUND : -5946086.013
Total tree length: 0.000

Total number of iterations: 102
CPU time used for tree search: 5.093 sec (0h:0m:5s)
Wall-clock time used for tree search: 2.875 sec (0h:0m:2s)
Total CPU time used: 5.173 sec (0h:0m:5s)
Total wall-clock time used: 2.975 sec (0h:0m:2s)

Analysis results written to:
  IQ-TREE report:                /mnt/c/Users/ktmea/Projects/plague-phylogeography/results/iqtree/all/chromosome/filter5/prune/iqtree.iqtree
  Maximum-likelihood tree:       /mnt/c/Users/ktmea/Projects/plague-phylogeography/results/iqtree/all/chromosome/filter5/prune/iqtree.treefile
  Likelihood distances:          /mnt/c/Users/ktmea/Projects/plague-phylogeography/results/iqtree/all/chromosome/filter5/prune/iqtree.mldist
  Screen log file:               /mnt/c/Users/ktmea/Projects/plague-phylogeography/results/iqtree/all/chromosome/filter5/prune/iqtree.log

Date and Time: Fri Apr 16 13:14:50 2021
