2021-06-16 12:14:45,292 Reading the input fasta file: /2/scratch/keaton/plague-phylogeography/results/snippy_multi/all/chromosome/full/snippy-multi.snps.aln
2021-06-16 12:14:45,294 Reading alignment length...
2021-06-16 12:14:45,294 Alignment length: 483
2021-06-16 12:14:45,294 Reading alignment sample names...
2021-06-16 12:14:45,295 Number of samples: 50
2021-06-16 12:14:45,295 Analyzing alignment for sites with >=0.09999999999999998 samples with data...
2021-06-16 12:14:45,304 5% Complete
2021-06-16 12:14:45,316 10% Complete
2021-06-16 12:14:45,329 15% Complete
2021-06-16 12:14:45,344 20% Complete
2021-06-16 12:14:45,360 25% Complete
2021-06-16 12:14:45,381 30% Complete
2021-06-16 12:14:45,406 35% Complete
2021-06-16 12:14:45,443 40% Complete
2021-06-16 12:14:45,485 45% Complete
2021-06-16 12:14:45,530 50% Complete
2021-06-16 12:14:45,580 55% Complete
2021-06-16 12:14:45,631 60% Complete
2021-06-16 12:14:45,683 65% Complete
2021-06-16 12:14:45,743 70% Complete
2021-06-16 12:14:45,805 75% Complete
2021-06-16 12:14:45,877 80% Complete
2021-06-16 12:14:45,960 85% Complete
2021-06-16 12:14:46,048 90% Complete
2021-06-16 12:14:46,140 95% Complete
2021-06-16 12:14:46,232 100% Complete
2021-06-16 12:14:46,233 Creating the filtered multiple alignment..
2021-06-16 12:14:46,250 Writing to the output fasta file: /2/scratch/keaton/plague-phylogeography/results/snippy_multi/all/chromosome/full/filter90/snippy-multi.snps.aln
2021-06-16 12:14:46,251 Constant sites: 0 (0%)
2021-06-16 12:14:46,251 Parsimony informative sites: 238 (49%)
2021-06-16 12:14:46,251 Biallelic singleton sites: 245 (50%)
2021-06-16 12:14:46,251 Multiallelic singleton sites: 0 (0%)
2021-06-16 12:14:46,251 Pseudo singleton sites: 0 (0%)
2021-06-16 12:14:46,251 Total singleton sites: 245 (50%)
2021-06-16 12:14:46,251 Singleton sites passing missing data filter: 244
2021-06-16 12:14:46,251 Parsimony informative sites passing missing data filter: 238
2021-06-16 12:14:46,251 Filtered nucleotides: 24100
2021-06-16 12:14:46,252 Ambiguous nucleotides: 4877 (20%)
2021-06-16 12:14:46,252 Total sites passing missing data filter: 482
2021-06-16 12:14:46,252 Total sites failing missing data filter: 1
2021-06-16 12:14:46,252 Total nucleotides passing missing data filter: 24100
2021-06-16 12:14:46,252 Ambiguous nucleotides passing missing data filter: 4877
2021-06-16 12:14:46,252 Wrote a multi-fasta alignment of length: 482
