This is snippy-core 4.6.0
Obtained from http://github.com/tseemann/snippy
Enabling bundled tools for linux
Found any2fasta - /home/keaton/miniconda3/envs/plague-phylogeography/bin/any2fasta
Found samtools - /home/keaton/miniconda3/envs/plague-phylogeography/bin/samtools
Found minimap2 - /home/keaton/miniconda3/envs/plague-phylogeography/bin/minimap2
Found bedtools - /home/keaton/miniconda3/envs/plague-phylogeography/bin/bedtools
Found snp-sites - /home/keaton/miniconda3/envs/plague-phylogeography/bin/snp-sites
Saving reference FASTA: /2/scratch/keaton/plague-phylogeography/results/snippy_multi/all/snippy-multi.ref.fa
This is any2fasta 0.4.2
Opening '/2/scratch/keaton/plague-phylogeography/results/data/reference/GCA_000009065.1_ASM906v1_genomic/GCA_000009065.1_ASM906v1_genomic.fna'
Detected FASTA format
Read 60379 lines from '/2/scratch/keaton/plague-phylogeography/results/data/reference/GCA_000009065.1_ASM906v1_genomic/GCA_000009065.1_ASM906v1_genomic.fna'
Wrote 4 sequences from FASTA file.
Processed 1 files.
Done.
Loaded 4 sequences totalling 4829855 bp.
Loading mask bed file: /2/scratch/keaton/plague-phylogeography/results/snippy_multi/all/mask.bed
Will mask 2599 regions totalling 381616 bp ~ 7.90%
0	GCA_000734805.1_ASM73480v1_genomic	snp=163	del=676	ins=892	het=865	unaligned=309046
1	GCA_002412225.1_Y.pestis_A-1486_genomic	snp=180	del=1593	ins=1064	het=783	unaligned=324314
2	GCA_001188675.1_ASM118867v1_genomic	snp=167	del=293	ins=612	het=1054	unaligned=239662
3	GCA_000324165.1_ASM32416v1_genomic	snp=135	del=231	ins=377	het=88	unaligned=407963
4	GCA_000324065.1_ASM32406v1_genomic	snp=129	del=156	ins=409	het=71	unaligned=643373
5	GCA_000323705.1_ASM32370v1_genomic	snp=139	del=221	ins=388	het=136	unaligned=381996
6	GCA_000323405.1_ASM32340v1_genomic	snp=144	del=222	ins=384	het=92	unaligned=393087
7	GCA_000323385.1_ASM32338v1_genomic	snp=140	del=183	ins=349	het=134	unaligned=411784
8	SAMEA5818830	snp=175	del=5	ins=7	het=2881	unaligned=319052
9	SAMEA5818829	snp=172	del=8	ins=4	het=1767	unaligned=303646
10	SAMEA5818828	snp=161	del=8	ins=7	het=1554	unaligned=336224
11	SAMEA5818826	snp=202	del=7	ins=13	het=1256	unaligned=270482
12	SAMEA5818825	snp=132	del=6	ins=2	het=984	unaligned=421976
13	SAMEA5818822	snp=149	del=5	ins=3	het=1709	unaligned=426397
14	SAMEA5818821	snp=168	del=4	ins=4	het=1355	unaligned=339724
15	SAMEA5818818	snp=153	del=6	ins=2	het=1372	unaligned=350275
16	SAMEA5818817	snp=136	del=9	ins=8	het=1747	unaligned=300212
17	SAMEA5818815	snp=154	del=28	ins=19	het=2452	unaligned=255352
18	SAMEA5818811	snp=92	del=7	ins=4	het=819	unaligned=433150
19	SAMEA5818809	snp=124	del=5	ins=3	het=2636	unaligned=322472
20	SAMEA5818808	snp=117	del=5	ins=1	het=1925	unaligned=472136
21	SAMEA5818806	snp=120	del=7	ins=7	het=2514	unaligned=268356
22	SAMEA5818805	snp=148	del=6	ins=6	het=3446	unaligned=287514
23	SAMEA5818803	snp=189	del=13	ins=7	het=2989	unaligned=275803
24	SAMEA5818801	snp=229	del=16	ins=13	het=3929	unaligned=334787
25	SAMEA5818800	snp=259	del=61	ins=22	het=1332	unaligned=273607
26	SAMEA5818799	snp=252	del=15	ins=16	het=1674	unaligned=313653
27	SAMEA5818798	snp=202	del=16	ins=16	het=1416	unaligned=351210
28	SAMEA5054093	snp=77	del=5	ins=4	het=38987	unaligned=453506
29	SAMEA5054092	snp=129	del=23	ins=19	het=80542	unaligned=222297
30	SAMEA5054090	snp=118	del=12	ins=15	het=130129	unaligned=211981
31	SAMEA5054089	snp=115	del=11	ins=11	het=166364	unaligned=209733
32	SAMEA3937654	snp=107	del=4	ins=8	het=1571	unaligned=344733
33	SAMEA3937653	snp=114	del=10	ins=15	het=1846	unaligned=362337
34	SAMEA3713715	snp=246	del=25	ins=12	het=11603	unaligned=401588
35	SAMEA3713714	snp=232	del=15	ins=13	het=3761	unaligned=436643
36	SAMEA3713713	snp=271	del=36	ins=31	het=6594	unaligned=398455
37	SAMEA3713712	snp=246	del=24	ins=26	het=10576	unaligned=409781
38	SAMEA3713711	snp=231	del=19	ins=17	het=5699	unaligned=428190
39	SAMN00715800	snp=110	del=4	ins=6	het=2416	unaligned=303312
40	SAMEA7293136	snp=111	del=11	ins=6	het=23004	unaligned=340413
41	SAMEA7293135	snp=337	del=85	ins=36	het=15558	unaligned=257905
42	SAMEA7313236_38	snp=204	del=19	ins=7	het=77251	unaligned=307833
43	SAMEA7313243_45	snp=105	del=8	ins=5	het=11314	unaligned=397086
44	SAMEA7313246_49	snp=211	del=51	ins=29	het=3555	unaligned=198652
45	SAMEA6651390	snp=152	del=13	ins=24	het=2157	unaligned=258624
46	SAMEA6637004	snp=154	del=29	ins=21	het=1205	unaligned=264367
47	SAMEA6637002	snp=193	del=25	ins=29	het=1664	unaligned=234624
48	D51	snp=129	del=7	ins=4	het=72149	unaligned=589389
49	D62	snp=60	del=2	ins=4	het=12016	unaligned=849035
50	D71	snp=115	del=5	ins=5	het=142164	unaligned=290184
51	D72	snp=119	del=2	ins=14	het=25869	unaligned=541242
52	D75	snp=149	del=9	ins=17	het=110639	unaligned=297373
53	P187	snp=112	del=8	ins=9	het=19419	unaligned=1040961
54	P212	snp=102	del=10	ins=2	het=51428	unaligned=910797
55	P387	snp=97	del=4	ins=2	het=27940	unaligned=986720
56	R36	snp=105	del=9	ins=5	het=171580	unaligned=259164
Opening: /2/scratch/keaton/plague-phylogeography/results/snippy_multi/all/snippy-multi.tab
Opening: /2/scratch/keaton/plague-phylogeography/results/snippy_multi/all/snippy-multi.vcf
Processing contig: AL590842
Processing contig: AL117189
Processing contig: AL117211
Processing contig: AL109969
Masking alignment at 2599 regions
Generating /2/scratch/keaton/plague-phylogeography/results/snippy_multi/all/snippy-multi.full.aln
Creating TSV file: /2/scratch/keaton/plague-phylogeography/results/snippy_multi/all/snippy-multi.txt
Running: snp-sites -c -o /2/scratch/keaton/plague-phylogeography/results/snippy_multi/all/snippy-multi.aln /2/scratch/keaton/plague-phylogeography/results/snippy_multi/all/snippy-multi.full.aln
Found a bug? Post it at http://github.com/tseemann/snippy/issues
Done.
