Using column 'sample' as taxon name. This needs to match the taxa in the tree!

0.00	-TreeAnc: set-up
Assigned discrete traits to 194 out of 194 taxa.


0.15	-SequenceData: loaded alignment.

0.15	-SeqData: making compressed alignment...

0.15	-SequenceData: constructed compressed alignment...

0.17	-TreeAnc.infer_ancestral_sequences with method: ml, marginal
0.17	--TreeAnc._ml_anc_marginal: type of reconstruction: Marginal
0.17	---Attaching sequence profiles to leafs...
0.17	---Postorder: computing likelihoods...
0.23	---Computing root node sequence and total tree likelihood...
0.24	---Preorder: computing marginal profiles...
0.30	---TreeAnc._ml_anc_marginal: ...done
0.33	--TreeAnc.infer_gtr: counting mutations...
0.44	---TreeAnc.infer_gtr: counting mutations...done

0.44	-GTR: with alphabet: ['A', 'B', 'C', 'D', 'E', 'F', 'G', 'H', 'I', 'J',
    	 'K', 'L', 'M', 'N', 'O', 'P', 'Q', 'R', 'S', 'T', 'U', 'V', 'W', 'X', 'Y',
    	 'Z', '[', '\\', ']', '^', '_', '`', 'a', 'b', 'c', 'd', 'e', 'f', 'g']
0.44	--GTR: ambiguous character: h
0.44	----GTR: no gap symbol!
0.44	---GTR: init with dummy values!

0.44	-GTR: model inference
0.44	---GTR inference iteration 0 change: 0.16012815380508713
0.44	---GTR inference iteration 1 change: 0.01645234893140742
0.44	---GTR inference iteration 2 change: 0.0007041797135268791
0.44	---GTR inference iteration 3 change: 8.67900221473611e-05
0.44	--TreeAnc._ml_anc_marginal: type of reconstruction: Marginal
0.44	---Attaching sequence profiles to leafs...
0.44	---Postorder: computing likelihoods...
0.50	---Computing root node sequence and total tree likelihood...
0.50	---Preorder: computing marginal profiles...
0.60	---TreeAnc._ml_anc_marginal: ...done
0.63	---Attaching sequence profiles to leafs...
0.64	---Postorder: computing likelihoods...
0.69	---Computing root node sequence and total tree likelihood...
0.69	---Attaching sequence profiles to leafs...
0.70	---Postorder: computing likelihoods...
0.75	---Computing root node sequence and total tree likelihood...
0.76	---Attaching sequence profiles to leafs...
0.76	---Postorder: computing likelihoods...
0.82	---Computing root node sequence and total tree likelihood...
0.82	---Attaching sequence profiles to leafs...
0.82	---Postorder: computing likelihoods...
0.88	---Computing root node sequence and total tree likelihood...
0.88	---Attaching sequence profiles to leafs...
0.88	---Postorder: computing likelihoods...
0.94	---Computing root node sequence and total tree likelihood...
0.94	---Attaching sequence profiles to leafs...
0.94	---Postorder: computing likelihoods...
0.99	---Computing root node sequence and total tree likelihood...
0.99	---Attaching sequence profiles to leafs...
1.00	---Postorder: computing likelihoods...
1.05	---Computing root node sequence and total tree likelihood...
1.05	---Attaching sequence profiles to leafs...
1.06	---Postorder: computing likelihoods...
1.11	---Computing root node sequence and total tree likelihood...
1.11	---Attaching sequence profiles to leafs...
1.12	---Postorder: computing likelihoods...
1.18	---Computing root node sequence and total tree likelihood...
1.18	---Attaching sequence profiles to leafs...
1.18	---Postorder: computing likelihoods...
1.24	---Computing root node sequence and total tree likelihood...
1.24	---Attaching sequence profiles to leafs...
1.24	---Postorder: computing likelihoods...
1.30	---Computing root node sequence and total tree likelihood...
1.30	---Attaching sequence profiles to leafs...
1.30	---Postorder: computing likelihoods...
1.35	---Computing root node sequence and total tree likelihood...
1.35	---Attaching sequence profiles to leafs...
1.35	---Postorder: computing likelihoods...
1.41	---Computing root node sequence and total tree likelihood...
1.41	---Attaching sequence profiles to leafs...
1.41	---Postorder: computing likelihoods...
1.47	---Computing root node sequence and total tree likelihood...
1.47	---Attaching sequence profiles to leafs...
1.47	---Postorder: computing likelihoods...
1.53	---Computing root node sequence and total tree likelihood...
1.53	---Attaching sequence profiles to leafs...
1.53	---Postorder: computing likelihoods...
1.59	---Computing root node sequence and total tree likelihood...
1.59	---Attaching sequence profiles to leafs...
1.59	---Postorder: computing likelihoods...
1.65	---Computing root node sequence and total tree likelihood...
1.65	---Attaching sequence profiles to leafs...
1.65	---Postorder: computing likelihoods...
1.71	---Computing root node sequence and total tree likelihood...
1.71	---Attaching sequence profiles to leafs...
1.71	---Postorder: computing likelihoods...
1.77	---Computing root node sequence and total tree likelihood...
1.77	---Attaching sequence profiles to leafs...
1.77	---Postorder: computing likelihoods...
1.83	---Computing root node sequence and total tree likelihood...
1.83	---Attaching sequence profiles to leafs...
1.84	---Postorder: computing likelihoods...
1.89	---Computing root node sequence and total tree likelihood...
1.89	---Attaching sequence profiles to leafs...
1.90	---Postorder: computing likelihoods...
1.95	---Computing root node sequence and total tree likelihood...
1.95	---Attaching sequence profiles to leafs...
1.96	---Postorder: computing likelihoods...
2.01	---Computing root node sequence and total tree likelihood...
2.01	---Attaching sequence profiles to leafs...
2.02	---Postorder: computing likelihoods...
2.08	---Computing root node sequence and total tree likelihood...
2.08	---Attaching sequence profiles to leafs...
2.08	---Postorder: computing likelihoods...
2.13	---Computing root node sequence and total tree likelihood...
2.14	---Attaching sequence profiles to leafs...
2.14	---Postorder: computing likelihoods...
2.19	---Computing root node sequence and total tree likelihood...
2.19	---Attaching sequence profiles to leafs...
2.20	---Postorder: computing likelihoods...
2.25	---Computing root node sequence and total tree likelihood...

2.25	-treeanc:optimize_gtr_rate: optimization successful. Overall rate estimated
    	 to be 217.536296
2.25	--TreeAnc.infer_gtr: counting mutations...
2.34	---TreeAnc.infer_gtr: counting mutations...done

2.34	-GTR: with alphabet: ['A', 'B', 'C', 'D', 'E', 'F', 'G', 'H', 'I', 'J',
    	 'K', 'L', 'M', 'N', 'O', 'P', 'Q', 'R', 'S', 'T', 'U', 'V', 'W', 'X', 'Y',
    	 'Z', '[', '\\', ']', '^', '_', '`', 'a', 'b', 'c', 'd', 'e', 'f', 'g']
2.34	--GTR: ambiguous character: h
2.34	----GTR: no gap symbol!
2.34	---GTR: init with dummy values!

2.34	-GTR: model inference
2.34	---GTR inference iteration 0 change: 0.16012815380508713
2.34	---GTR inference iteration 1 change: 0.018772739318183077
2.34	---GTR inference iteration 2 change: 0.0007262481426688538
2.34	---GTR inference iteration 3 change: 0.00011222332269371749
2.34	---Attaching sequence profiles to leafs...
2.35	---Postorder: computing likelihoods...
2.40	---Computing root node sequence and total tree likelihood...
2.40	---Attaching sequence profiles to leafs...
2.40	---Postorder: computing likelihoods...
2.45	---Computing root node sequence and total tree likelihood...
2.45	---Attaching sequence profiles to leafs...
2.45	---Postorder: computing likelihoods...
2.51	---Computing root node sequence and total tree likelihood...
2.51	---Attaching sequence profiles to leafs...
2.51	---Postorder: computing likelihoods...
2.56	---Computing root node sequence and total tree likelihood...
2.56	---Attaching sequence profiles to leafs...
2.56	---Postorder: computing likelihoods...
2.62	---Computing root node sequence and total tree likelihood...
2.62	---Attaching sequence profiles to leafs...
2.62	---Postorder: computing likelihoods...
2.67	---Computing root node sequence and total tree likelihood...
2.67	---Attaching sequence profiles to leafs...
2.67	---Postorder: computing likelihoods...
2.72	---Computing root node sequence and total tree likelihood...
2.73	---Attaching sequence profiles to leafs...
2.73	---Postorder: computing likelihoods...
2.78	---Computing root node sequence and total tree likelihood...
2.78	---Attaching sequence profiles to leafs...
2.78	---Postorder: computing likelihoods...
2.83	---Computing root node sequence and total tree likelihood...
2.84	---Attaching sequence profiles to leafs...
2.84	---Postorder: computing likelihoods...
2.89	---Computing root node sequence and total tree likelihood...
2.89	---Attaching sequence profiles to leafs...
2.89	---Postorder: computing likelihoods...
2.94	---Computing root node sequence and total tree likelihood...
2.94	---Attaching sequence profiles to leafs...
2.95	---Postorder: computing likelihoods...
3.00	---Computing root node sequence and total tree likelihood...
3.00	---Attaching sequence profiles to leafs...
3.00	---Postorder: computing likelihoods...
3.05	---Computing root node sequence and total tree likelihood...
3.05	---Attaching sequence profiles to leafs...
3.06	---Postorder: computing likelihoods...
3.11	---Computing root node sequence and total tree likelihood...
3.11	---Attaching sequence profiles to leafs...
3.11	---Postorder: computing likelihoods...
3.16	---Computing root node sequence and total tree likelihood...
3.16	---Attaching sequence profiles to leafs...
3.16	---Postorder: computing likelihoods...
3.22	---Computing root node sequence and total tree likelihood...
3.23	---Attaching sequence profiles to leafs...
3.23	---Postorder: computing likelihoods...
3.29	---Computing root node sequence and total tree likelihood...
3.29	---Attaching sequence profiles to leafs...
3.29	---Postorder: computing likelihoods...
3.35	---Computing root node sequence and total tree likelihood...

3.35	-treeanc:optimize_gtr_rate: optimization successful. Overall rate estimated
    	 to be 214.939813
3.35	--TreeAnc.infer_gtr: counting mutations...
3.45	---TreeAnc.infer_gtr: counting mutations...done

3.45	-GTR: with alphabet: ['A', 'B', 'C', 'D', 'E', 'F', 'G', 'H', 'I', 'J',
    	 'K', 'L', 'M', 'N', 'O', 'P', 'Q', 'R', 'S', 'T', 'U', 'V', 'W', 'X', 'Y',
    	 'Z', '[', '\\', ']', '^', '_', '`', 'a', 'b', 'c', 'd', 'e', 'f', 'g']
3.45	--GTR: ambiguous character: h
3.45	----GTR: no gap symbol!
3.45	---GTR: init with dummy values!

3.46	-GTR: model inference
3.46	---GTR inference iteration 0 change: 0.16012815380508713
3.46	---GTR inference iteration 1 change: 0.019163703594939
3.46	---GTR inference iteration 2 change: 0.0007285091166425631
3.46	---GTR inference iteration 3 change: 0.00011683653488550988
3.46	---Attaching sequence profiles to leafs...
3.46	---Postorder: computing likelihoods...
3.52	---Computing root node sequence and total tree likelihood...
3.52	---Attaching sequence profiles to leafs...
3.52	---Postorder: computing likelihoods...
3.58	---Computing root node sequence and total tree likelihood...
3.58	---Attaching sequence profiles to leafs...
3.58	---Postorder: computing likelihoods...
3.64	---Computing root node sequence and total tree likelihood...
3.64	---Attaching sequence profiles to leafs...
3.65	---Postorder: computing likelihoods...
3.71	---Computing root node sequence and total tree likelihood...
3.71	---Attaching sequence profiles to leafs...
3.71	---Postorder: computing likelihoods...
3.77	---Computing root node sequence and total tree likelihood...
3.77	---Attaching sequence profiles to leafs...
3.77	---Postorder: computing likelihoods...
3.82	---Computing root node sequence and total tree likelihood...
3.82	---Attaching sequence profiles to leafs...
3.82	---Postorder: computing likelihoods...
3.88	---Computing root node sequence and total tree likelihood...
3.88	---Attaching sequence profiles to leafs...
3.88	---Postorder: computing likelihoods...
3.93	---Computing root node sequence and total tree likelihood...
3.93	---Attaching sequence profiles to leafs...
3.93	---Postorder: computing likelihoods...
3.98	---Computing root node sequence and total tree likelihood...
3.98	---Attaching sequence profiles to leafs...
3.99	---Postorder: computing likelihoods...
4.04	---Computing root node sequence and total tree likelihood...
4.04	---Attaching sequence profiles to leafs...
4.04	---Postorder: computing likelihoods...
4.09	---Computing root node sequence and total tree likelihood...
4.10	---Attaching sequence profiles to leafs...
4.10	---Postorder: computing likelihoods...
4.15	---Computing root node sequence and total tree likelihood...
4.15	---Attaching sequence profiles to leafs...
4.15	---Postorder: computing likelihoods...
4.21	---Computing root node sequence and total tree likelihood...
4.21	---Attaching sequence profiles to leafs...
4.21	---Postorder: computing likelihoods...
4.28	---Computing root node sequence and total tree likelihood...
4.28	---Attaching sequence profiles to leafs...
4.28	---Postorder: computing likelihoods...
4.34	---Computing root node sequence and total tree likelihood...
4.34	---Attaching sequence profiles to leafs...
4.34	---Postorder: computing likelihoods...
4.39	---Computing root node sequence and total tree likelihood...
4.40	---Attaching sequence profiles to leafs...
4.40	---Postorder: computing likelihoods...
4.45	---Computing root node sequence and total tree likelihood...
4.46	---Attaching sequence profiles to leafs...
4.46	---Postorder: computing likelihoods...
4.52	---Computing root node sequence and total tree likelihood...
4.52	---Attaching sequence profiles to leafs...
4.52	---Postorder: computing likelihoods...
4.58	---Computing root node sequence and total tree likelihood...

4.58	-treeanc:optimize_gtr_rate: optimization successful. Overall rate estimated
    	 to be 214.653931
4.58	--TreeAnc.infer_gtr: counting mutations...
4.68	---TreeAnc.infer_gtr: counting mutations...done

4.68	-GTR: with alphabet: ['A', 'B', 'C', 'D', 'E', 'F', 'G', 'H', 'I', 'J',
    	 'K', 'L', 'M', 'N', 'O', 'P', 'Q', 'R', 'S', 'T', 'U', 'V', 'W', 'X', 'Y',
    	 'Z', '[', '\\', ']', '^', '_', '`', 'a', 'b', 'c', 'd', 'e', 'f', 'g']
4.69	--GTR: ambiguous character: h
4.69	----GTR: no gap symbol!
4.69	---GTR: init with dummy values!

4.69	-GTR: model inference
4.69	---GTR inference iteration 0 change: 0.16012815380508713
4.69	---GTR inference iteration 1 change: 0.019252461794477576
4.69	---GTR inference iteration 2 change: 0.0007282878354524214
4.69	---GTR inference iteration 3 change: 0.00011785088712329482
4.69	---Attaching sequence profiles to leafs...
4.69	---Postorder: computing likelihoods...
4.75	---Computing root node sequence and total tree likelihood...
4.75	---Attaching sequence profiles to leafs...
4.75	---Postorder: computing likelihoods...
4.80	---Computing root node sequence and total tree likelihood...
4.80	---Attaching sequence profiles to leafs...
4.80	---Postorder: computing likelihoods...
4.86	---Computing root node sequence and total tree likelihood...
4.86	---Attaching sequence profiles to leafs...
4.86	---Postorder: computing likelihoods...
4.91	---Computing root node sequence and total tree likelihood...
4.91	---Attaching sequence profiles to leafs...
4.91	---Postorder: computing likelihoods...
4.97	---Computing root node sequence and total tree likelihood...
4.97	---Attaching sequence profiles to leafs...
4.97	---Postorder: computing likelihoods...
5.02	---Computing root node sequence and total tree likelihood...
5.02	---Attaching sequence profiles to leafs...
5.02	---Postorder: computing likelihoods...
5.08	---Computing root node sequence and total tree likelihood...
5.08	---Attaching sequence profiles to leafs...
5.08	---Postorder: computing likelihoods...
5.13	---Computing root node sequence and total tree likelihood...
5.13	---Attaching sequence profiles to leafs...
5.13	---Postorder: computing likelihoods...
5.19	---Computing root node sequence and total tree likelihood...
5.19	---Attaching sequence profiles to leafs...
5.19	---Postorder: computing likelihoods...
5.24	---Computing root node sequence and total tree likelihood...
5.24	---Attaching sequence profiles to leafs...
5.24	---Postorder: computing likelihoods...
5.29	---Computing root node sequence and total tree likelihood...
5.30	---Attaching sequence profiles to leafs...
5.30	---Postorder: computing likelihoods...
5.35	---Computing root node sequence and total tree likelihood...
5.35	---Attaching sequence profiles to leafs...
5.35	---Postorder: computing likelihoods...
5.40	---Computing root node sequence and total tree likelihood...
5.40	---Attaching sequence profiles to leafs...
5.41	---Postorder: computing likelihoods...
5.46	---Computing root node sequence and total tree likelihood...
5.46	---Attaching sequence profiles to leafs...
5.46	---Postorder: computing likelihoods...
5.51	---Computing root node sequence and total tree likelihood...
5.51	---Attaching sequence profiles to leafs...
5.52	---Postorder: computing likelihoods...
5.57	---Computing root node sequence and total tree likelihood...
5.57	---Attaching sequence profiles to leafs...
5.57	---Postorder: computing likelihoods...
5.63	---Computing root node sequence and total tree likelihood...
5.63	---Attaching sequence profiles to leafs...
5.63	---Postorder: computing likelihoods...
5.68	---Computing root node sequence and total tree likelihood...
5.68	---Attaching sequence profiles to leafs...
5.68	---Postorder: computing likelihoods...
5.74	---Computing root node sequence and total tree likelihood...
5.74	---Attaching sequence profiles to leafs...
5.74	---Postorder: computing likelihoods...
5.79	---Computing root node sequence and total tree likelihood...

5.79	-treeanc:optimize_gtr_rate: optimization successful. Overall rate estimated
    	 to be 214.593637
5.79	--TreeAnc.infer_gtr: counting mutations...
5.89	---TreeAnc.infer_gtr: counting mutations...done

5.89	-GTR: with alphabet: ['A', 'B', 'C', 'D', 'E', 'F', 'G', 'H', 'I', 'J',
    	 'K', 'L', 'M', 'N', 'O', 'P', 'Q', 'R', 'S', 'T', 'U', 'V', 'W', 'X', 'Y',
    	 'Z', '[', '\\', ']', '^', '_', '`', 'a', 'b', 'c', 'd', 'e', 'f', 'g']
5.89	--GTR: ambiguous character: h
5.89	----GTR: no gap symbol!
5.89	---GTR: init with dummy values!

5.89	-GTR: model inference
5.89	---GTR inference iteration 0 change: 0.16012815380508713
5.89	---GTR inference iteration 1 change: 0.01927375116866493
5.89	---GTR inference iteration 2 change: 0.0007281183108000649
5.89	---GTR inference iteration 3 change: 0.00011808719340279552
5.90	---Attaching sequence profiles to leafs...
5.90	---Postorder: computing likelihoods...
5.95	---Computing root node sequence and total tree likelihood...
5.95	---Attaching sequence profiles to leafs...
5.96	---Postorder: computing likelihoods...
6.01	---Computing root node sequence and total tree likelihood...
6.02	---Attaching sequence profiles to leafs...
6.02	---Postorder: computing likelihoods...
6.07	---Computing root node sequence and total tree likelihood...
6.07	---Attaching sequence profiles to leafs...
6.08	---Postorder: computing likelihoods...
6.13	---Computing root node sequence and total tree likelihood...
6.13	---Attaching sequence profiles to leafs...
6.13	---Postorder: computing likelihoods...
6.18	---Computing root node sequence and total tree likelihood...
6.19	---Attaching sequence profiles to leafs...
6.19	---Postorder: computing likelihoods...
6.24	---Computing root node sequence and total tree likelihood...
6.24	---Attaching sequence profiles to leafs...
6.24	---Postorder: computing likelihoods...
6.29	---Computing root node sequence and total tree likelihood...
6.29	---Attaching sequence profiles to leafs...
6.30	---Postorder: computing likelihoods...
6.35	---Computing root node sequence and total tree likelihood...
6.35	---Attaching sequence profiles to leafs...
6.35	---Postorder: computing likelihoods...
6.41	---Computing root node sequence and total tree likelihood...
6.41	---Attaching sequence profiles to leafs...
6.41	---Postorder: computing likelihoods...
6.46	---Computing root node sequence and total tree likelihood...
6.46	---Attaching sequence profiles to leafs...
6.46	---Postorder: computing likelihoods...
6.52	---Computing root node sequence and total tree likelihood...
6.52	---Attaching sequence profiles to leafs...
6.52	---Postorder: computing likelihoods...
6.57	---Computing root node sequence and total tree likelihood...
6.57	---Attaching sequence profiles to leafs...
6.58	---Postorder: computing likelihoods...
6.63	---Computing root node sequence and total tree likelihood...
6.63	---Attaching sequence profiles to leafs...
6.63	---Postorder: computing likelihoods...
6.68	---Computing root node sequence and total tree likelihood...
6.68	---Attaching sequence profiles to leafs...
6.68	---Postorder: computing likelihoods...
6.73	---Computing root node sequence and total tree likelihood...
6.74	---Attaching sequence profiles to leafs...
6.74	---Postorder: computing likelihoods...
6.79	---Computing root node sequence and total tree likelihood...
6.79	---Attaching sequence profiles to leafs...
6.79	---Postorder: computing likelihoods...
6.84	---Computing root node sequence and total tree likelihood...
6.84	---Attaching sequence profiles to leafs...
6.85	---Postorder: computing likelihoods...
6.90	---Computing root node sequence and total tree likelihood...
6.90	---Attaching sequence profiles to leafs...
6.90	---Postorder: computing likelihoods...
6.95	---Computing root node sequence and total tree likelihood...

6.95	-treeanc:optimize_gtr_rate: optimization successful. Overall rate estimated
    	 to be 214.580971
6.95	--TreeAnc.infer_gtr: counting mutations...
7.04	---TreeAnc.infer_gtr: counting mutations...done

7.04	-GTR: with alphabet: ['A', 'B', 'C', 'D', 'E', 'F', 'G', 'H', 'I', 'J',
    	 'K', 'L', 'M', 'N', 'O', 'P', 'Q', 'R', 'S', 'T', 'U', 'V', 'W', 'X', 'Y',
    	 'Z', '[', '\\', ']', '^', '_', '`', 'a', 'b', 'c', 'd', 'e', 'f', 'g']
7.04	--GTR: ambiguous character: h
7.04	----GTR: no gap symbol!
7.04	---GTR: init with dummy values!

7.05	-GTR: model inference
7.05	---GTR inference iteration 0 change: 0.16012815380508713
7.05	---GTR inference iteration 1 change: 0.019278873833044576
7.05	---GTR inference iteration 2 change: 0.0007280484503071825
7.05	---GTR inference iteration 3 change: 0.00011814179633768475
7.05	---Attaching sequence profiles to leafs...
7.05	---Postorder: computing likelihoods...
7.10	---Computing root node sequence and total tree likelihood...
7.10	---Attaching sequence profiles to leafs...
7.10	---Postorder: computing likelihoods...
7.17	---Computing root node sequence and total tree likelihood...
7.17	---Attaching sequence profiles to leafs...
7.17	---Postorder: computing likelihoods...
7.23	---Computing root node sequence and total tree likelihood...
7.23	---Attaching sequence profiles to leafs...
7.24	---Postorder: computing likelihoods...
7.29	---Computing root node sequence and total tree likelihood...
7.29	---Attaching sequence profiles to leafs...
7.29	---Postorder: computing likelihoods...
7.34	---Computing root node sequence and total tree likelihood...
7.34	---Attaching sequence profiles to leafs...
7.34	---Postorder: computing likelihoods...
7.40	---Computing root node sequence and total tree likelihood...
7.40	---Attaching sequence profiles to leafs...
7.40	---Postorder: computing likelihoods...
7.45	---Computing root node sequence and total tree likelihood...
7.45	---Attaching sequence profiles to leafs...
7.46	---Postorder: computing likelihoods...
7.51	---Computing root node sequence and total tree likelihood...
7.51	---Attaching sequence profiles to leafs...
7.51	---Postorder: computing likelihoods...
7.56	---Computing root node sequence and total tree likelihood...
7.56	---Attaching sequence profiles to leafs...
7.56	---Postorder: computing likelihoods...
7.62	---Computing root node sequence and total tree likelihood...
7.62	---Attaching sequence profiles to leafs...
7.62	---Postorder: computing likelihoods...
7.67	---Computing root node sequence and total tree likelihood...
7.67	---Attaching sequence profiles to leafs...
7.67	---Postorder: computing likelihoods...
7.73	---Computing root node sequence and total tree likelihood...
7.73	---Attaching sequence profiles to leafs...
7.73	---Postorder: computing likelihoods...
7.78	---Computing root node sequence and total tree likelihood...
7.78	---Attaching sequence profiles to leafs...
7.78	---Postorder: computing likelihoods...
7.84	---Computing root node sequence and total tree likelihood...
7.84	---Attaching sequence profiles to leafs...
7.84	---Postorder: computing likelihoods...
7.89	---Computing root node sequence and total tree likelihood...
7.89	---Attaching sequence profiles to leafs...
7.89	---Postorder: computing likelihoods...
7.94	---Computing root node sequence and total tree likelihood...
7.94	---Attaching sequence profiles to leafs...
7.95	---Postorder: computing likelihoods...
8.00	---Computing root node sequence and total tree likelihood...
8.00	---Attaching sequence profiles to leafs...
8.00	---Postorder: computing likelihoods...
8.05	---Computing root node sequence and total tree likelihood...

8.05	-treeanc:optimize_gtr_rate: optimization successful. Overall rate estimated
    	 to be 214.578439

8.05	-TreeAnc.infer_ancestral_sequences with method: probabilistic, marginal
8.05	--TreeAnc._ml_anc_marginal: type of reconstruction: Marginal
8.05	---Attaching sequence profiles to leafs...
8.06	---Postorder: computing likelihoods...
8.11	---Computing root node sequence and total tree likelihood...
8.11	---Preorder: computing marginal profiles...
8.20	---TreeAnc._ml_anc_marginal: ...done
NOTE: previous versions (<0.7.0) of this command made a 'short-branch
length assumption. TreeTime now optimizes the overall rate numerically
and thus allows for long branches along which multiple changes
accumulated. This is expected to affect estimates of the overall rate
while leaving the relative rates mostly unchanged.

Completed mugration model inference of attribute 'country' for /mnt/c/Users/ktmea/Projects/plague-phylogeography/results/iqtree/all/chromosome/prune/filter5/filter-taxa/iqtree.treefile

Saved inferred mugration model as: /mnt/c/Users/ktmea/Projects/plague-phylogeography/results/mugration/all/chromosome/prune/filter5/GTR.txt
Saved table with ancestral state confidences as: /mnt/c/Users/ktmea/Projects/plague-phylogeography/results/mugration/all/chromosome/prune/filter5/confidence.csv
Saved annotated tree as: /mnt/c/Users/ktmea/Projects/plague-phylogeography/results/mugration/all/chromosome/prune/filter5/annotated_tree.nexus
---Done!

