Using column 'sample' as taxon name. This needs to match the taxa in the tree!

0.00	-TreeAnc: set-up
Assigned discrete traits to 183 out of 194 taxa.


0.14	-SequenceData: loaded alignment.

0.14	-SeqData: making compressed alignment...

0.14	-SequenceData: constructed compressed alignment...

0.15	-TreeAnc.infer_ancestral_sequences with method: ml, marginal
0.15	--TreeAnc._ml_anc_marginal: type of reconstruction: Marginal
0.15	---Attaching sequence profiles to leafs...
0.16	---Postorder: computing likelihoods...
0.48	---Computing root node sequence and total tree likelihood...
0.48	---Preorder: computing marginal profiles...
0.66	---TreeAnc._ml_anc_marginal: ...done
0.69	--TreeAnc.infer_gtr: counting mutations...
1.11	---TreeAnc.infer_gtr: counting mutations...done

1.12	-GTR: with alphabet: ['A', 'B', 'C', 'D', 'E', 'F', 'G', 'H', 'I', 'J',
    	 'K', 'L', 'M', 'N', 'O', 'P', 'Q', 'R', 'S', 'T', 'U', 'V', 'W', 'X', 'Y',
    	 'Z', '[', '\\', ']', '^', '_', '`', 'a', 'b', 'c', 'd', 'e', 'f', 'g',
    	 'h', 'i', 'j', 'k', 'l', 'm', 'n', 'o', 'p', 'q', 'r', 's', 't', 'u', 'v',
    	 'w', 'x', 'y', 'z', '{', '|', '}', '~', '\x7f', '\x80', '\x81', '\x82',
    	 '\x83', '\x84', '\x85', '\x86', '\x87', '\x88', '\x89', '\x8a', '\x8b',
    	 '\x8c', '\x8d', '\x8e', '\x8f', '\x90', '\x91', '\x92', '\x93', '\x94',
    	 '\x95', '\x96', '\x97', '\x98', '\x99', '\x9a', '\x9b', '\x9c', '\x9d',
    	 '\x9e', '\x9f', '\xa0', '¡', '¢', '£', '¤', '¥', '¦', '§', '¨', '©', 'ª',
    	 '«', '¬', '\xad', '®', '¯', '°', '±']
1.12	--GTR: ambiguous character: ²
1.12	----GTR: no gap symbol!
1.12	---GTR: init with dummy values!

1.12	-GTR: model inference
1.12	---GTR inference iteration 0 change: 0.09407208683835973
1.12	---GTR inference iteration 1 change: 0.0010310754597913658
1.12	---GTR inference iteration 2 change: 1.1408143847976026e-05
1.13	--TreeAnc._ml_anc_marginal: type of reconstruction: Marginal
1.13	---Attaching sequence profiles to leafs...
1.13	---Postorder: computing likelihoods...
1.46	---Computing root node sequence and total tree likelihood...
1.46	---Preorder: computing marginal profiles...
1.82	---TreeAnc._ml_anc_marginal: ...done
1.86	---Attaching sequence profiles to leafs...
1.86	---Postorder: computing likelihoods...
2.21	---Computing root node sequence and total tree likelihood...
2.22	---Attaching sequence profiles to leafs...
2.22	---Postorder: computing likelihoods...
2.53	---Computing root node sequence and total tree likelihood...
2.53	---Attaching sequence profiles to leafs...
2.53	---Postorder: computing likelihoods...
2.83	---Computing root node sequence and total tree likelihood...
2.84	---Attaching sequence profiles to leafs...
2.84	---Postorder: computing likelihoods...
3.14	---Computing root node sequence and total tree likelihood...
3.15	---Attaching sequence profiles to leafs...
3.15	---Postorder: computing likelihoods...
3.44	---Computing root node sequence and total tree likelihood...
3.45	---Attaching sequence profiles to leafs...
3.45	---Postorder: computing likelihoods...
3.74	---Computing root node sequence and total tree likelihood...
3.74	---Attaching sequence profiles to leafs...
3.75	---Postorder: computing likelihoods...
4.04	---Computing root node sequence and total tree likelihood...
4.04	---Attaching sequence profiles to leafs...
4.04	---Postorder: computing likelihoods...
4.35	---Computing root node sequence and total tree likelihood...
4.35	---Attaching sequence profiles to leafs...
4.35	---Postorder: computing likelihoods...
4.64	---Computing root node sequence and total tree likelihood...
4.65	---Attaching sequence profiles to leafs...
4.65	---Postorder: computing likelihoods...
4.94	---Computing root node sequence and total tree likelihood...
4.95	---Attaching sequence profiles to leafs...
4.95	---Postorder: computing likelihoods...
5.25	---Computing root node sequence and total tree likelihood...
5.25	---Attaching sequence profiles to leafs...
5.25	---Postorder: computing likelihoods...
5.54	---Computing root node sequence and total tree likelihood...
5.55	---Attaching sequence profiles to leafs...
5.55	---Postorder: computing likelihoods...
5.84	---Computing root node sequence and total tree likelihood...
5.84	---Attaching sequence profiles to leafs...
5.85	---Postorder: computing likelihoods...
6.14	---Computing root node sequence and total tree likelihood...
6.15	---Attaching sequence profiles to leafs...
6.15	---Postorder: computing likelihoods...
6.44	---Computing root node sequence and total tree likelihood...
6.45	---Attaching sequence profiles to leafs...
6.45	---Postorder: computing likelihoods...
6.74	---Computing root node sequence and total tree likelihood...
6.75	---Attaching sequence profiles to leafs...
6.75	---Postorder: computing likelihoods...
7.06	---Computing root node sequence and total tree likelihood...
7.06	---Attaching sequence profiles to leafs...
7.07	---Postorder: computing likelihoods...
7.39	---Computing root node sequence and total tree likelihood...
7.40	---Attaching sequence profiles to leafs...
7.40	---Postorder: computing likelihoods...
7.70	---Computing root node sequence and total tree likelihood...
7.70	---Attaching sequence profiles to leafs...
7.70	---Postorder: computing likelihoods...
8.01	---Computing root node sequence and total tree likelihood...
8.01	---Attaching sequence profiles to leafs...
8.01	---Postorder: computing likelihoods...
8.31	---Computing root node sequence and total tree likelihood...
8.31	---Attaching sequence profiles to leafs...
8.32	---Postorder: computing likelihoods...
8.61	---Computing root node sequence and total tree likelihood...
8.62	---Attaching sequence profiles to leafs...
8.62	---Postorder: computing likelihoods...
8.93	---Computing root node sequence and total tree likelihood...
8.94	---Attaching sequence profiles to leafs...
8.94	---Postorder: computing likelihoods...
9.24	---Computing root node sequence and total tree likelihood...
9.24	---Attaching sequence profiles to leafs...
9.24	---Postorder: computing likelihoods...
9.53	---Computing root node sequence and total tree likelihood...

9.54	-treeanc:optimize_gtr_rate: optimization successful. Overall rate estimated
    	 to be 595.295314
9.54	--TreeAnc.infer_gtr: counting mutations...
9.92	---TreeAnc.infer_gtr: counting mutations...done

9.92	-GTR: with alphabet: ['A', 'B', 'C', 'D', 'E', 'F', 'G', 'H', 'I', 'J',
    	 'K', 'L', 'M', 'N', 'O', 'P', 'Q', 'R', 'S', 'T', 'U', 'V', 'W', 'X', 'Y',
    	 'Z', '[', '\\', ']', '^', '_', '`', 'a', 'b', 'c', 'd', 'e', 'f', 'g',
    	 'h', 'i', 'j', 'k', 'l', 'm', 'n', 'o', 'p', 'q', 'r', 's', 't', 'u', 'v',
    	 'w', 'x', 'y', 'z', '{', '|', '}', '~', '\x7f', '\x80', '\x81', '\x82',
    	 '\x83', '\x84', '\x85', '\x86', '\x87', '\x88', '\x89', '\x8a', '\x8b',
    	 '\x8c', '\x8d', '\x8e', '\x8f', '\x90', '\x91', '\x92', '\x93', '\x94',
    	 '\x95', '\x96', '\x97', '\x98', '\x99', '\x9a', '\x9b', '\x9c', '\x9d',
    	 '\x9e', '\x9f', '\xa0', '¡', '¢', '£', '¤', '¥', '¦', '§', '¨', '©', 'ª',
    	 '«', '¬', '\xad', '®', '¯', '°', '±']
9.92	--GTR: ambiguous character: ²
9.92	----GTR: no gap symbol!
9.92	---GTR: init with dummy values!

9.92	-GTR: model inference
9.92	---GTR inference iteration 0 change: 0.09407208683835973
9.92	---GTR inference iteration 1 change: 0.001057823736526251
9.93	---Attaching sequence profiles to leafs...
9.93	---Postorder: computing likelihoods...
10.26	---Computing root node sequence and total tree likelihood...
10.26	---Attaching sequence profiles to leafs...
10.26	---Postorder: computing likelihoods...
10.56	---Computing root node sequence and total tree likelihood...
10.57	---Attaching sequence profiles to leafs...
10.57	---Postorder: computing likelihoods...
10.89	---Computing root node sequence and total tree likelihood...
10.89	---Attaching sequence profiles to leafs...
10.89	---Postorder: computing likelihoods...
11.18	---Computing root node sequence and total tree likelihood...
11.19	---Attaching sequence profiles to leafs...
11.19	---Postorder: computing likelihoods...
11.51	---Computing root node sequence and total tree likelihood...
11.51	---Attaching sequence profiles to leafs...
11.52	---Postorder: computing likelihoods...
11.81	---Computing root node sequence and total tree likelihood...
11.81	---Attaching sequence profiles to leafs...
11.81	---Postorder: computing likelihoods...
12.11	---Computing root node sequence and total tree likelihood...
12.11	---Attaching sequence profiles to leafs...
12.11	---Postorder: computing likelihoods...
12.41	---Computing root node sequence and total tree likelihood...
12.42	---Attaching sequence profiles to leafs...
12.42	---Postorder: computing likelihoods...
12.71	---Computing root node sequence and total tree likelihood...
12.71	---Attaching sequence profiles to leafs...
12.72	---Postorder: computing likelihoods...
13.02	---Computing root node sequence and total tree likelihood...
13.02	---Attaching sequence profiles to leafs...
13.02	---Postorder: computing likelihoods...
13.32	---Computing root node sequence and total tree likelihood...
13.32	---Attaching sequence profiles to leafs...
13.32	---Postorder: computing likelihoods...
13.62	---Computing root node sequence and total tree likelihood...
13.62	---Attaching sequence profiles to leafs...
13.62	---Postorder: computing likelihoods...
13.92	---Computing root node sequence and total tree likelihood...
13.93	---Attaching sequence profiles to leafs...
13.93	---Postorder: computing likelihoods...
14.23	---Computing root node sequence and total tree likelihood...
14.23	---Attaching sequence profiles to leafs...
14.23	---Postorder: computing likelihoods...
14.53	---Computing root node sequence and total tree likelihood...
14.54	---Attaching sequence profiles to leafs...
14.54	---Postorder: computing likelihoods...
14.85	---Computing root node sequence and total tree likelihood...
14.85	---Attaching sequence profiles to leafs...
14.85	---Postorder: computing likelihoods...
15.15	---Computing root node sequence and total tree likelihood...
15.15	---Attaching sequence profiles to leafs...
15.15	---Postorder: computing likelihoods...
15.45	---Computing root node sequence and total tree likelihood...
15.45	---Attaching sequence profiles to leafs...
15.45	---Postorder: computing likelihoods...
15.75	---Computing root node sequence and total tree likelihood...
15.75	---Attaching sequence profiles to leafs...
15.75	---Postorder: computing likelihoods...
16.09	---Computing root node sequence and total tree likelihood...

16.10	-treeanc:optimize_gtr_rate: optimization successful. Overall rate
     	 estimated to be 597.015647
16.10	--TreeAnc.infer_gtr: counting mutations...
16.47	---TreeAnc.infer_gtr: counting mutations...done

16.48	-GTR: with alphabet: ['A', 'B', 'C', 'D', 'E', 'F', 'G', 'H', 'I', 'J',
     	 'K', 'L', 'M', 'N', 'O', 'P', 'Q', 'R', 'S', 'T', 'U', 'V', 'W', 'X',
     	 'Y', 'Z', '[', '\\', ']', '^', '_', '`', 'a', 'b', 'c', 'd', 'e', 'f',
     	 'g', 'h', 'i', 'j', 'k', 'l', 'm', 'n', 'o', 'p', 'q', 'r', 's', 't',
     	 'u', 'v', 'w', 'x', 'y', 'z', '{', '|', '}', '~', '\x7f', '\x80', '\x81',
     	 '\x82', '\x83', '\x84', '\x85', '\x86', '\x87', '\x88', '\x89', '\x8a',
     	 '\x8b', '\x8c', '\x8d', '\x8e', '\x8f', '\x90', '\x91', '\x92', '\x93',
     	 '\x94', '\x95', '\x96', '\x97', '\x98', '\x99', '\x9a', '\x9b', '\x9c',
     	 '\x9d', '\x9e', '\x9f', '\xa0', '¡', '¢', '£', '¤', '¥', '¦', '§', '¨',
     	 '©', 'ª', '«', '¬', '\xad', '®', '¯', '°', '±']
16.48	--GTR: ambiguous character: ²
16.48	----GTR: no gap symbol!
16.48	---GTR: init with dummy values!

16.48	-GTR: model inference
16.48	---GTR inference iteration 0 change: 0.09407208683835973
16.48	---GTR inference iteration 1 change: 0.0010646767438465766
16.49	---Attaching sequence profiles to leafs...
16.49	---Postorder: computing likelihoods...
16.79	---Computing root node sequence and total tree likelihood...
16.79	---Attaching sequence profiles to leafs...
16.79	---Postorder: computing likelihoods...
17.10	---Computing root node sequence and total tree likelihood...
17.10	---Attaching sequence profiles to leafs...
17.10	---Postorder: computing likelihoods...
17.40	---Computing root node sequence and total tree likelihood...
17.40	---Attaching sequence profiles to leafs...
17.40	---Postorder: computing likelihoods...
17.69	---Computing root node sequence and total tree likelihood...
17.70	---Attaching sequence profiles to leafs...
17.70	---Postorder: computing likelihoods...
18.00	---Computing root node sequence and total tree likelihood...
18.01	---Attaching sequence profiles to leafs...
18.01	---Postorder: computing likelihoods...
18.35	---Computing root node sequence and total tree likelihood...
18.35	---Attaching sequence profiles to leafs...
18.36	---Postorder: computing likelihoods...
18.67	---Computing root node sequence and total tree likelihood...
18.67	---Attaching sequence profiles to leafs...
18.67	---Postorder: computing likelihoods...
19.03	---Computing root node sequence and total tree likelihood...
19.04	---Attaching sequence profiles to leafs...
19.04	---Postorder: computing likelihoods...
19.36	---Computing root node sequence and total tree likelihood...
19.36	---Attaching sequence profiles to leafs...
19.36	---Postorder: computing likelihoods...
19.65	---Computing root node sequence and total tree likelihood...
19.66	---Attaching sequence profiles to leafs...
19.66	---Postorder: computing likelihoods...
19.95	---Computing root node sequence and total tree likelihood...
19.95	---Attaching sequence profiles to leafs...
19.96	---Postorder: computing likelihoods...
20.26	---Computing root node sequence and total tree likelihood...
20.27	---Attaching sequence profiles to leafs...
20.27	---Postorder: computing likelihoods...
20.56	---Computing root node sequence and total tree likelihood...
20.57	---Attaching sequence profiles to leafs...
20.57	---Postorder: computing likelihoods...
20.86	---Computing root node sequence and total tree likelihood...
20.86	---Attaching sequence profiles to leafs...
20.87	---Postorder: computing likelihoods...
21.17	---Computing root node sequence and total tree likelihood...
21.17	---Attaching sequence profiles to leafs...
21.18	---Postorder: computing likelihoods...
21.47	---Computing root node sequence and total tree likelihood...
21.47	---Attaching sequence profiles to leafs...
21.47	---Postorder: computing likelihoods...
21.78	---Computing root node sequence and total tree likelihood...
21.78	---Attaching sequence profiles to leafs...
21.78	---Postorder: computing likelihoods...
22.08	---Computing root node sequence and total tree likelihood...
22.08	---Attaching sequence profiles to leafs...
22.09	---Postorder: computing likelihoods...
22.38	---Computing root node sequence and total tree likelihood...
22.38	---Attaching sequence profiles to leafs...
22.38	---Postorder: computing likelihoods...
22.68	---Computing root node sequence and total tree likelihood...

22.68	-treeanc:optimize_gtr_rate: optimization successful. Overall rate
     	 estimated to be 596.931872
22.68	--TreeAnc.infer_gtr: counting mutations...
23.06	---TreeAnc.infer_gtr: counting mutations...done

23.06	-GTR: with alphabet: ['A', 'B', 'C', 'D', 'E', 'F', 'G', 'H', 'I', 'J',
     	 'K', 'L', 'M', 'N', 'O', 'P', 'Q', 'R', 'S', 'T', 'U', 'V', 'W', 'X',
     	 'Y', 'Z', '[', '\\', ']', '^', '_', '`', 'a', 'b', 'c', 'd', 'e', 'f',
     	 'g', 'h', 'i', 'j', 'k', 'l', 'm', 'n', 'o', 'p', 'q', 'r', 's', 't',
     	 'u', 'v', 'w', 'x', 'y', 'z', '{', '|', '}', '~', '\x7f', '\x80', '\x81',
     	 '\x82', '\x83', '\x84', '\x85', '\x86', '\x87', '\x88', '\x89', '\x8a',
     	 '\x8b', '\x8c', '\x8d', '\x8e', '\x8f', '\x90', '\x91', '\x92', '\x93',
     	 '\x94', '\x95', '\x96', '\x97', '\x98', '\x99', '\x9a', '\x9b', '\x9c',
     	 '\x9d', '\x9e', '\x9f', '\xa0', '¡', '¢', '£', '¤', '¥', '¦', '§', '¨',
     	 '©', 'ª', '«', '¬', '\xad', '®', '¯', '°', '±']
23.07	--GTR: ambiguous character: ²
23.07	----GTR: no gap symbol!
23.07	---GTR: init with dummy values!

23.07	-GTR: model inference
23.07	---GTR inference iteration 0 change: 0.09407208683835973
23.07	---GTR inference iteration 1 change: 0.001066271702798301
23.08	---Attaching sequence profiles to leafs...
23.08	---Postorder: computing likelihoods...
23.37	---Computing root node sequence and total tree likelihood...
23.38	---Attaching sequence profiles to leafs...
23.38	---Postorder: computing likelihoods...
23.67	---Computing root node sequence and total tree likelihood...
23.68	---Attaching sequence profiles to leafs...
23.68	---Postorder: computing likelihoods...
23.97	---Computing root node sequence and total tree likelihood...
23.97	---Attaching sequence profiles to leafs...
23.98	---Postorder: computing likelihoods...
24.27	---Computing root node sequence and total tree likelihood...
24.27	---Attaching sequence profiles to leafs...
24.28	---Postorder: computing likelihoods...
24.57	---Computing root node sequence and total tree likelihood...
24.58	---Attaching sequence profiles to leafs...
24.58	---Postorder: computing likelihoods...
24.87	---Computing root node sequence and total tree likelihood...
24.87	---Attaching sequence profiles to leafs...
24.88	---Postorder: computing likelihoods...
25.17	---Computing root node sequence and total tree likelihood...
25.17	---Attaching sequence profiles to leafs...
25.17	---Postorder: computing likelihoods...
25.46	---Computing root node sequence and total tree likelihood...
25.47	---Attaching sequence profiles to leafs...
25.47	---Postorder: computing likelihoods...
25.76	---Computing root node sequence and total tree likelihood...
25.76	---Attaching sequence profiles to leafs...
25.76	---Postorder: computing likelihoods...
26.05	---Computing root node sequence and total tree likelihood...
26.06	---Attaching sequence profiles to leafs...
26.06	---Postorder: computing likelihoods...
26.36	---Computing root node sequence and total tree likelihood...
26.36	---Attaching sequence profiles to leafs...
26.36	---Postorder: computing likelihoods...
26.66	---Computing root node sequence and total tree likelihood...
26.66	---Attaching sequence profiles to leafs...
26.66	---Postorder: computing likelihoods...
26.95	---Computing root node sequence and total tree likelihood...
26.96	---Attaching sequence profiles to leafs...
26.96	---Postorder: computing likelihoods...
27.25	---Computing root node sequence and total tree likelihood...
27.25	---Attaching sequence profiles to leafs...
27.25	---Postorder: computing likelihoods...
27.54	---Computing root node sequence and total tree likelihood...
27.55	---Attaching sequence profiles to leafs...
27.55	---Postorder: computing likelihoods...
27.84	---Computing root node sequence and total tree likelihood...
27.84	---Attaching sequence profiles to leafs...
27.85	---Postorder: computing likelihoods...
28.14	---Computing root node sequence and total tree likelihood...
28.15	---Attaching sequence profiles to leafs...
28.15	---Postorder: computing likelihoods...
28.44	---Computing root node sequence and total tree likelihood...
28.44	---Attaching sequence profiles to leafs...
28.45	---Postorder: computing likelihoods...
28.74	---Computing root node sequence and total tree likelihood...
28.74	---Attaching sequence profiles to leafs...
28.74	---Postorder: computing likelihoods...
29.03	---Computing root node sequence and total tree likelihood...
29.03	---Attaching sequence profiles to leafs...
29.04	---Postorder: computing likelihoods...
29.35	---Computing root node sequence and total tree likelihood...

29.36	-treeanc:optimize_gtr_rate: optimization successful. Overall rate
     	 estimated to be 596.899799
29.36	--TreeAnc.infer_gtr: counting mutations...
29.73	---TreeAnc.infer_gtr: counting mutations...done

29.74	-GTR: with alphabet: ['A', 'B', 'C', 'D', 'E', 'F', 'G', 'H', 'I', 'J',
     	 'K', 'L', 'M', 'N', 'O', 'P', 'Q', 'R', 'S', 'T', 'U', 'V', 'W', 'X',
     	 'Y', 'Z', '[', '\\', ']', '^', '_', '`', 'a', 'b', 'c', 'd', 'e', 'f',
     	 'g', 'h', 'i', 'j', 'k', 'l', 'm', 'n', 'o', 'p', 'q', 'r', 's', 't',
     	 'u', 'v', 'w', 'x', 'y', 'z', '{', '|', '}', '~', '\x7f', '\x80', '\x81',
     	 '\x82', '\x83', '\x84', '\x85', '\x86', '\x87', '\x88', '\x89', '\x8a',
     	 '\x8b', '\x8c', '\x8d', '\x8e', '\x8f', '\x90', '\x91', '\x92', '\x93',
     	 '\x94', '\x95', '\x96', '\x97', '\x98', '\x99', '\x9a', '\x9b', '\x9c',
     	 '\x9d', '\x9e', '\x9f', '\xa0', '¡', '¢', '£', '¤', '¥', '¦', '§', '¨',
     	 '©', 'ª', '«', '¬', '\xad', '®', '¯', '°', '±']
29.74	--GTR: ambiguous character: ²
29.74	----GTR: no gap symbol!
29.74	---GTR: init with dummy values!

29.74	-GTR: model inference
29.74	---GTR inference iteration 0 change: 0.09407208683835973
29.74	---GTR inference iteration 1 change: 0.0010666272335997826
29.75	---Attaching sequence profiles to leafs...
29.75	---Postorder: computing likelihoods...
30.04	---Computing root node sequence and total tree likelihood...
30.05	---Attaching sequence profiles to leafs...
30.05	---Postorder: computing likelihoods...
30.34	---Computing root node sequence and total tree likelihood...
30.34	---Attaching sequence profiles to leafs...
30.35	---Postorder: computing likelihoods...
30.64	---Computing root node sequence and total tree likelihood...
30.64	---Attaching sequence profiles to leafs...
30.65	---Postorder: computing likelihoods...
30.94	---Computing root node sequence and total tree likelihood...
30.94	---Attaching sequence profiles to leafs...
30.94	---Postorder: computing likelihoods...
31.24	---Computing root node sequence and total tree likelihood...
31.24	---Attaching sequence profiles to leafs...
31.25	---Postorder: computing likelihoods...
31.54	---Computing root node sequence and total tree likelihood...
31.54	---Attaching sequence profiles to leafs...
31.55	---Postorder: computing likelihoods...
31.84	---Computing root node sequence and total tree likelihood...
31.84	---Attaching sequence profiles to leafs...
31.84	---Postorder: computing likelihoods...
32.14	---Computing root node sequence and total tree likelihood...
32.14	---Attaching sequence profiles to leafs...
32.14	---Postorder: computing likelihoods...
32.44	---Computing root node sequence and total tree likelihood...
32.44	---Attaching sequence profiles to leafs...
32.44	---Postorder: computing likelihoods...
32.73	---Computing root node sequence and total tree likelihood...
32.74	---Attaching sequence profiles to leafs...
32.74	---Postorder: computing likelihoods...
33.03	---Computing root node sequence and total tree likelihood...
33.03	---Attaching sequence profiles to leafs...
33.04	---Postorder: computing likelihoods...
33.33	---Computing root node sequence and total tree likelihood...
33.33	---Attaching sequence profiles to leafs...
33.34	---Postorder: computing likelihoods...
33.63	---Computing root node sequence and total tree likelihood...
33.63	---Attaching sequence profiles to leafs...
33.63	---Postorder: computing likelihoods...
33.93	---Computing root node sequence and total tree likelihood...
33.93	---Attaching sequence profiles to leafs...
33.93	---Postorder: computing likelihoods...
34.22	---Computing root node sequence and total tree likelihood...
34.23	---Attaching sequence profiles to leafs...
34.23	---Postorder: computing likelihoods...
34.52	---Computing root node sequence and total tree likelihood...
34.52	---Attaching sequence profiles to leafs...
34.53	---Postorder: computing likelihoods...
34.82	---Computing root node sequence and total tree likelihood...
34.83	---Attaching sequence profiles to leafs...
34.83	---Postorder: computing likelihoods...
35.13	---Computing root node sequence and total tree likelihood...
35.13	---Attaching sequence profiles to leafs...
35.14	---Postorder: computing likelihoods...
35.43	---Computing root node sequence and total tree likelihood...
35.44	---Attaching sequence profiles to leafs...
35.44	---Postorder: computing likelihoods...
35.73	---Computing root node sequence and total tree likelihood...

35.74	-treeanc:optimize_gtr_rate: optimization successful. Overall rate
     	 estimated to be 596.892338
35.74	--TreeAnc.infer_gtr: counting mutations...
36.14	---TreeAnc.infer_gtr: counting mutations...done

36.14	-GTR: with alphabet: ['A', 'B', 'C', 'D', 'E', 'F', 'G', 'H', 'I', 'J',
     	 'K', 'L', 'M', 'N', 'O', 'P', 'Q', 'R', 'S', 'T', 'U', 'V', 'W', 'X',
     	 'Y', 'Z', '[', '\\', ']', '^', '_', '`', 'a', 'b', 'c', 'd', 'e', 'f',
     	 'g', 'h', 'i', 'j', 'k', 'l', 'm', 'n', 'o', 'p', 'q', 'r', 's', 't',
     	 'u', 'v', 'w', 'x', 'y', 'z', '{', '|', '}', '~', '\x7f', '\x80', '\x81',
     	 '\x82', '\x83', '\x84', '\x85', '\x86', '\x87', '\x88', '\x89', '\x8a',
     	 '\x8b', '\x8c', '\x8d', '\x8e', '\x8f', '\x90', '\x91', '\x92', '\x93',
     	 '\x94', '\x95', '\x96', '\x97', '\x98', '\x99', '\x9a', '\x9b', '\x9c',
     	 '\x9d', '\x9e', '\x9f', '\xa0', '¡', '¢', '£', '¤', '¥', '¦', '§', '¨',
     	 '©', 'ª', '«', '¬', '\xad', '®', '¯', '°', '±']
36.15	--GTR: ambiguous character: ²
36.15	----GTR: no gap symbol!
36.15	---GTR: init with dummy values!

36.15	-GTR: model inference
36.15	---GTR inference iteration 0 change: 0.09407208683835973
36.15	---GTR inference iteration 1 change: 0.0010667079941381894
36.16	---Attaching sequence profiles to leafs...
36.16	---Postorder: computing likelihoods...
36.46	---Computing root node sequence and total tree likelihood...
36.47	---Attaching sequence profiles to leafs...
36.47	---Postorder: computing likelihoods...
36.76	---Computing root node sequence and total tree likelihood...
36.76	---Attaching sequence profiles to leafs...
36.77	---Postorder: computing likelihoods...
37.06	---Computing root node sequence and total tree likelihood...
37.07	---Attaching sequence profiles to leafs...
37.07	---Postorder: computing likelihoods...
37.36	---Computing root node sequence and total tree likelihood...
37.36	---Attaching sequence profiles to leafs...
37.37	---Postorder: computing likelihoods...
37.66	---Computing root node sequence and total tree likelihood...
37.67	---Attaching sequence profiles to leafs...
37.67	---Postorder: computing likelihoods...
37.96	---Computing root node sequence and total tree likelihood...
37.96	---Attaching sequence profiles to leafs...
37.96	---Postorder: computing likelihoods...
38.27	---Computing root node sequence and total tree likelihood...
38.27	---Attaching sequence profiles to leafs...
38.27	---Postorder: computing likelihoods...
38.61	---Computing root node sequence and total tree likelihood...
38.62	---Attaching sequence profiles to leafs...
38.62	---Postorder: computing likelihoods...
38.91	---Computing root node sequence and total tree likelihood...
38.92	---Attaching sequence profiles to leafs...
38.92	---Postorder: computing likelihoods...
39.25	---Computing root node sequence and total tree likelihood...
39.25	---Attaching sequence profiles to leafs...
39.25	---Postorder: computing likelihoods...
39.54	---Computing root node sequence and total tree likelihood...
39.55	---Attaching sequence profiles to leafs...
39.55	---Postorder: computing likelihoods...
39.84	---Computing root node sequence and total tree likelihood...
39.85	---Attaching sequence profiles to leafs...
39.85	---Postorder: computing likelihoods...
40.15	---Computing root node sequence and total tree likelihood...
40.15	---Attaching sequence profiles to leafs...
40.15	---Postorder: computing likelihoods...
40.45	---Computing root node sequence and total tree likelihood...
40.46	---Attaching sequence profiles to leafs...
40.46	---Postorder: computing likelihoods...
40.79	---Computing root node sequence and total tree likelihood...
40.80	---Attaching sequence profiles to leafs...
40.80	---Postorder: computing likelihoods...
41.14	---Computing root node sequence and total tree likelihood...
41.14	---Attaching sequence profiles to leafs...
41.14	---Postorder: computing likelihoods...
41.48	---Computing root node sequence and total tree likelihood...
41.48	---Attaching sequence profiles to leafs...
41.48	---Postorder: computing likelihoods...
41.80	---Computing root node sequence and total tree likelihood...
41.80	---Attaching sequence profiles to leafs...
41.81	---Postorder: computing likelihoods...
42.13	---Computing root node sequence and total tree likelihood...
42.14	---Attaching sequence profiles to leafs...
42.14	---Postorder: computing likelihoods...
42.46	---Computing root node sequence and total tree likelihood...

42.46	-treeanc:optimize_gtr_rate: optimization successful. Overall rate
     	 estimated to be 596.890729

42.46	-TreeAnc.infer_ancestral_sequences with method: probabilistic, marginal
42.46	--TreeAnc._ml_anc_marginal: type of reconstruction: Marginal
42.46	---Attaching sequence profiles to leafs...
42.46	---Postorder: computing likelihoods...
42.78	---Computing root node sequence and total tree likelihood...
42.78	---Preorder: computing marginal profiles...
43.15	---TreeAnc._ml_anc_marginal: ...done
NOTE: previous versions (<0.7.0) of this command made a 'short-branch
length assumption. TreeTime now optimizes the overall rate numerically
and thus allows for long branches along which multiple changes
accumulated. This is expected to affect estimates of the overall rate
while leaving the relative rates mostly unchanged.

Completed mugration model inference of attribute 'province' for /mnt/c/Users/ktmea/Projects/plague-phylogeography/results/iqtree/all/chromosome/prune/filter5/filter-taxa/iqtree.treefile

Saved inferred mugration model as: /mnt/c/Users/ktmea/Projects/plague-phylogeography/results/mugration/all/chromosome/prune/filter5/GTR.txt
Saved table with ancestral state confidences as: /mnt/c/Users/ktmea/Projects/plague-phylogeography/results/mugration/all/chromosome/prune/filter5/confidence.csv
Saved annotated tree as: /mnt/c/Users/ktmea/Projects/plague-phylogeography/results/mugration/all/chromosome/prune/filter5/annotated_tree.nexus
---Done!

