2021-06-16 13:09:07,808 Reading the input fasta file: /2/scratch/keaton/plague-phylogeography/results/snippy_multi/all/chromosome/full/snippy-multi.snps.aln
2021-06-16 13:09:07,810 Reading alignment length...
2021-06-16 13:09:07,810 Alignment length: 572
2021-06-16 13:09:07,810 Reading alignment sample names...
2021-06-16 13:09:07,810 Number of samples: 58
2021-06-16 13:09:07,811 Analyzing alignment for sites with >=0.0 samples with data...
2021-06-16 13:09:07,823 5% Complete
2021-06-16 13:09:07,840 10% Complete
2021-06-16 13:09:07,859 15% Complete
2021-06-16 13:09:07,882 20% Complete
2021-06-16 13:09:07,910 25% Complete
2021-06-16 13:09:07,970 30% Complete
2021-06-16 13:09:08,044 35% Complete
2021-06-16 13:09:08,129 40% Complete
2021-06-16 13:09:08,227 45% Complete
2021-06-16 13:09:08,338 50% Complete
2021-06-16 13:09:08,471 55% Complete
2021-06-16 13:09:08,620 60% Complete
2021-06-16 13:09:08,778 65% Complete
2021-06-16 13:09:08,955 70% Complete
2021-06-16 13:09:09,124 75% Complete
2021-06-16 13:09:09,259 80% Complete
2021-06-16 13:09:09,403 85% Complete
2021-06-16 13:09:09,550 90% Complete
2021-06-16 13:09:09,711 95% Complete
2021-06-16 13:09:09,863 100% Complete
2021-06-16 13:09:09,863 Creating the filtered multiple alignment..
2021-06-16 13:09:09,887 Writing to the output fasta file: /2/scratch/keaton/plague-phylogeography/results/snippy_multi/all/chromosome/full/filter100/snippy-multi.snps.aln
2021-06-16 13:09:09,888 Constant sites: 0 (0%)
2021-06-16 13:09:09,888 Parsimony informative sites: 281 (49%)
2021-06-16 13:09:09,888 Biallelic singleton sites: 291 (50%)
2021-06-16 13:09:09,888 Multiallelic singleton sites: 0 (0%)
2021-06-16 13:09:09,888 Pseudo singleton sites: 0 (0%)
2021-06-16 13:09:09,888 Total singleton sites: 291 (50%)
2021-06-16 13:09:09,888 Singleton sites passing missing data filter: 291
2021-06-16 13:09:09,889 Parsimony informative sites passing missing data filter: 281
2021-06-16 13:09:09,889 Filtered nucleotides: 33176
2021-06-16 13:09:09,889 Ambiguous nucleotides: 5863 (17%)
2021-06-16 13:09:09,889 Total sites passing missing data filter: 572
2021-06-16 13:09:09,889 Total sites failing missing data filter: 0
2021-06-16 13:09:09,889 Total nucleotides passing missing data filter: 33176
2021-06-16 13:09:09,889 Ambiguous nucleotides passing missing data filter: 5863
2021-06-16 13:09:09,889 Wrote a multi-fasta alignment of length: 572
