2021-06-16 14:07:05,610 Reading the input fasta file: /2/scratch/keaton/plague-phylogeography/results/iqtree/all/chromosome/full/filter30/filter-taxa/snippy-multi.snps.aln
2021-06-16 14:07:05,612 Reading alignment length...
2021-06-16 14:07:05,612 Alignment length: 474
2021-06-16 14:07:05,612 Reading alignment sample names...
2021-06-16 14:07:05,613 Number of samples: 49
2021-06-16 14:07:05,613 Analyzing alignment for sites with >=0.0 samples with data...
2021-06-16 14:07:05,620 5% Complete
2021-06-16 14:07:05,630 10% Complete
2021-06-16 14:07:05,641 15% Complete
2021-06-16 14:07:05,651 20% Complete
2021-06-16 14:07:05,662 25% Complete
2021-06-16 14:07:05,676 30% Complete
2021-06-16 14:07:05,688 35% Complete
2021-06-16 14:07:05,701 40% Complete
2021-06-16 14:07:05,722 45% Complete
2021-06-16 14:07:05,747 50% Complete
2021-06-16 14:07:05,775 55% Complete
2021-06-16 14:07:05,799 60% Complete
2021-06-16 14:07:05,826 65% Complete
2021-06-16 14:07:05,853 70% Complete
2021-06-16 14:07:05,887 75% Complete
2021-06-16 14:07:05,920 80% Complete
2021-06-16 14:07:05,963 85% Complete
2021-06-16 14:07:06,004 90% Complete
2021-06-16 14:07:06,046 95% Complete
2021-06-16 14:07:06,089 100% Complete
2021-06-16 14:07:06,090 Creating the filtered multiple alignment..
2021-06-16 14:07:06,102 Writing to the output fasta file: /2/scratch/keaton/plague-phylogeography/results/iqtree/all/chromosome/full/filter30/filter-sites/snippy-multi.snps.aln
2021-06-16 14:07:06,103 Constant sites: 118 (24%)
2021-06-16 14:07:06,103 Parsimony informative sites: 164 (34%)
2021-06-16 14:07:06,103 Biallelic singleton sites: 192 (40%)
2021-06-16 14:07:06,103 Multiallelic singleton sites: 0 (0%)
2021-06-16 14:07:06,103 Pseudo singleton sites: 0 (0%)
2021-06-16 14:07:06,103 Total singleton sites: 192 (40%)
2021-06-16 14:07:06,103 Singleton sites passing missing data filter: 192
2021-06-16 14:07:06,103 Parsimony informative sites passing missing data filter: 164
2021-06-16 14:07:06,103 Filtered nucleotides: 17444
2021-06-16 14:07:06,103 Ambiguous nucleotides: 2244 (12%)
2021-06-16 14:07:06,103 Total sites passing missing data filter: 356
2021-06-16 14:07:06,104 Total sites failing missing data filter: 0
2021-06-16 14:07:06,104 Total nucleotides passing missing data filter: 17444
2021-06-16 14:07:06,104 Ambiguous nucleotides passing missing data filter: 2244
2021-06-16 14:07:06,104 Wrote a multi-fasta alignment of length: 356
