2021-06-16 12:14:45,291 Reading the input fasta file: /2/scratch/keaton/plague-phylogeography/results/snippy_multi/all/chromosome/full/snippy-multi.snps.aln
2021-06-16 12:14:45,293 Reading alignment length...
2021-06-16 12:14:45,294 Alignment length: 483
2021-06-16 12:14:45,294 Reading alignment sample names...
2021-06-16 12:14:45,294 Number of samples: 50
2021-06-16 12:14:45,294 Analyzing alignment for sites with >=0.9 samples with data...
2021-06-16 12:14:45,300 5% Complete
2021-06-16 12:14:45,305 10% Complete
2021-06-16 12:14:45,309 15% Complete
2021-06-16 12:14:45,315 20% Complete
2021-06-16 12:14:45,321 25% Complete
2021-06-16 12:14:45,328 30% Complete
2021-06-16 12:14:45,337 35% Complete
2021-06-16 12:14:45,343 40% Complete
2021-06-16 12:14:45,349 45% Complete
2021-06-16 12:14:45,352 50% Complete
2021-06-16 12:14:45,362 55% Complete
2021-06-16 12:14:45,368 60% Complete
2021-06-16 12:14:45,375 65% Complete
2021-06-16 12:14:45,387 70% Complete
2021-06-16 12:14:45,396 75% Complete
2021-06-16 12:14:45,406 80% Complete
2021-06-16 12:14:45,419 85% Complete
2021-06-16 12:14:45,439 90% Complete
2021-06-16 12:14:45,458 95% Complete
2021-06-16 12:14:45,487 100% Complete
2021-06-16 12:14:45,488 Creating the filtered multiple alignment..
2021-06-16 12:14:45,495 Writing to the output fasta file: /2/scratch/keaton/plague-phylogeography/results/snippy_multi/all/chromosome/full/filter10/snippy-multi.snps.aln
2021-06-16 12:14:45,496 Constant sites: 0 (0%)
2021-06-16 12:14:45,496 Parsimony informative sites: 238 (49%)
2021-06-16 12:14:45,496 Biallelic singleton sites: 245 (50%)
2021-06-16 12:14:45,496 Multiallelic singleton sites: 0 (0%)
2021-06-16 12:14:45,496 Pseudo singleton sites: 0 (0%)
2021-06-16 12:14:45,497 Total singleton sites: 245 (50%)
2021-06-16 12:14:45,497 Singleton sites passing missing data filter: 79
2021-06-16 12:14:45,497 Parsimony informative sites passing missing data filter: 123
2021-06-16 12:14:45,497 Filtered nucleotides: 10100
2021-06-16 12:14:45,497 Ambiguous nucleotides: 534 (5%)
2021-06-16 12:14:45,497 Total sites passing missing data filter: 202
2021-06-16 12:14:45,497 Total sites failing missing data filter: 281
2021-06-16 12:14:45,497 Total nucleotides passing missing data filter: 10100
2021-06-16 12:14:45,497 Ambiguous nucleotides passing missing data filter: 534
2021-06-16 12:14:45,497 Wrote a multi-fasta alignment of length: 202
