2021-06-16 11:24:47,109 Reading the input fasta file: /2/scratch/keaton/plague-phylogeography/results/snippy_multi/all/chromosome/full/snippy-multi.snps.aln
2021-06-16 11:24:47,112 Reading alignment length...
2021-06-16 11:24:47,112 Alignment length: 483
2021-06-16 11:24:47,112 Reading alignment sample names...
2021-06-16 11:24:47,112 Number of samples: 50
2021-06-16 11:24:47,112 Analyzing alignment for sites with >=0.8200000000000001 samples with data...
2021-06-16 11:24:47,119 5% Complete
2021-06-16 11:24:47,127 10% Complete
2021-06-16 11:24:47,132 15% Complete
2021-06-16 11:24:47,140 20% Complete
2021-06-16 11:24:47,148 25% Complete
2021-06-16 11:24:47,161 30% Complete
2021-06-16 11:24:47,179 35% Complete
2021-06-16 11:24:47,192 40% Complete
2021-06-16 11:24:47,205 45% Complete
2021-06-16 11:24:47,208 50% Complete
2021-06-16 11:24:47,234 55% Complete
2021-06-16 11:24:47,244 60% Complete
2021-06-16 11:24:47,255 65% Complete
2021-06-16 11:24:47,281 70% Complete
2021-06-16 11:24:47,310 75% Complete
2021-06-16 11:24:47,340 80% Complete
2021-06-16 11:24:47,386 85% Complete
2021-06-16 11:24:47,431 90% Complete
2021-06-16 11:24:47,468 95% Complete
2021-06-16 11:24:47,516 100% Complete
2021-06-16 11:24:47,516 Creating the filtered multiple alignment..
2021-06-16 11:24:47,526 Writing to the output fasta file: /2/scratch/keaton/plague-phylogeography/results/snippy_multi/all/chromosome/full/filter18/snippy-multi.snps.aln
2021-06-16 11:24:47,527 Constant sites: 0 (0%)
2021-06-16 11:24:47,527 Parsimony informative sites: 238 (49%)
2021-06-16 11:24:47,527 Biallelic singleton sites: 245 (50%)
2021-06-16 11:24:47,527 Multiallelic singleton sites: 0 (0%)
2021-06-16 11:24:47,527 Pseudo singleton sites: 0 (0%)
2021-06-16 11:24:47,527 Total singleton sites: 245 (50%)
2021-06-16 11:24:47,527 Singleton sites passing missing data filter: 114
2021-06-16 11:24:47,528 Parsimony informative sites passing missing data filter: 160
2021-06-16 11:24:47,528 Total sites passing missing data filter: 274
2021-06-16 11:24:47,528 Total sites failing missing data filter: 209
2021-06-16 11:24:47,528 Wrote a multi-fasta alignment of length: 274
