2021-06-16 11:24:47,109 Reading the input fasta file: /2/scratch/keaton/plague-phylogeography/results/snippy_multi/all/chromosome/full/snippy-multi.snps.aln
2021-06-16 11:24:47,111 Reading alignment length...
2021-06-16 11:24:47,111 Alignment length: 483
2021-06-16 11:24:47,111 Reading alignment sample names...
2021-06-16 11:24:47,111 Number of samples: 50
2021-06-16 11:24:47,112 Analyzing alignment for sites with >=0.86 samples with data...
2021-06-16 11:24:47,118 5% Complete
2021-06-16 11:24:47,125 10% Complete
2021-06-16 11:24:47,129 15% Complete
2021-06-16 11:24:47,137 20% Complete
2021-06-16 11:24:47,144 25% Complete
2021-06-16 11:24:47,156 30% Complete
2021-06-16 11:24:47,173 35% Complete
2021-06-16 11:24:47,183 40% Complete
2021-06-16 11:24:47,193 45% Complete
2021-06-16 11:24:47,196 50% Complete
2021-06-16 11:24:47,219 55% Complete
2021-06-16 11:24:47,232 60% Complete
2021-06-16 11:24:47,244 65% Complete
2021-06-16 11:24:47,261 70% Complete
2021-06-16 11:24:47,282 75% Complete
2021-06-16 11:24:47,304 80% Complete
2021-06-16 11:24:47,334 85% Complete
2021-06-16 11:24:47,363 90% Complete
2021-06-16 11:24:47,389 95% Complete
2021-06-16 11:24:47,424 100% Complete
2021-06-16 11:24:47,424 Creating the filtered multiple alignment..
2021-06-16 11:24:47,437 Writing to the output fasta file: /2/scratch/keaton/plague-phylogeography/results/snippy_multi/all/chromosome/full/filter14/snippy-multi.snps.aln
2021-06-16 11:24:47,437 Constant sites: 0 (0%)
2021-06-16 11:24:47,437 Parsimony informative sites: 238 (49%)
2021-06-16 11:24:47,438 Biallelic singleton sites: 245 (50%)
2021-06-16 11:24:47,438 Multiallelic singleton sites: 0 (0%)
2021-06-16 11:24:47,438 Pseudo singleton sites: 0 (0%)
2021-06-16 11:24:47,438 Total singleton sites: 245 (50%)
2021-06-16 11:24:47,438 Singleton sites passing missing data filter: 106
2021-06-16 11:24:47,438 Parsimony informative sites passing missing data filter: 149
2021-06-16 11:24:47,438 Total sites passing missing data filter: 255
2021-06-16 11:24:47,438 Total sites failing missing data filter: 228
2021-06-16 11:24:47,438 Wrote a multi-fasta alignment of length: 255
