IQ-TREE multicore version 2.1.2 COVID-edition for Linux 64-bit built Mar 30 2021
Developed by Bui Quang Minh, James Barbetti, Nguyen Lam Tung,
Olga Chernomor, Heiko Schmidt, Dominik Schrempf, Michael Woodhams.

Host:    DESKTOP-36M8DA7 (SSE4.2, 12 GB RAM)
Command: iqtree -s /mnt/c/Users/ktmea/Projects/plague-phylogeography/results/snippy_multi/all/chromosome/filter5/snippy-multi.snps.aln -m MFP --threads-max 2 -nt 2 -o GCA_000323485.1_ASM32348v1_genomic,GCA_000323845.1_ASM32384v1_genomic -seed 674947425 --runs 1 -fconst 1126286,1013384,1024518,1123133 -pre /mnt/c/Users/ktmea/Projects/plague-phylogeography/results/iqtree/all/chromosome/filter5/iqtree
Seed:    674947425 (Using SPRNG - Scalable Parallel Random Number Generator)
Time:    Thu Apr 15 23:19:04 2021
Kernel:  SSE2 - 2 threads (4 CPU cores detected)

Reading alignment file /mnt/c/Users/ktmea/Projects/plague-phylogeography/results/snippy_multi/all/chromosome/filter5/snippy-multi.snps.aln ... Fasta format detected
Alignment most likely contains DNA/RNA sequences
Alignment has 29 sequences with 547 columns, 216 distinct patterns
547 parsimony-informative, 0 singleton sites, 0 constant sites
                                      Gap/Ambiguity  Composition  p-value
   1  GCA_000170275.1_ASM17027v1_genomic      0.18%    passed      9.11%
   2  GCA_000269145.1_ASM26914v1_genomic      0.73%    passed      6.15%
   3  GCA_000320465.1_ASM32046v1_genomic      0.00%    passed     97.16%
   4  GCA_000323485.1_ASM32348v1_genomic      0.37%    failed      0.00%
   5  GCA_000323505.1_ASM32350v1_genomic      0.18%    passed     92.72%
   6  GCA_000323565.1_ASM32356v1_genomic      0.73%    passed     16.30%
   7  GCA_000323625.1_ASM32362v1_genomic      2.38%    failed      0.11%
   8  GCA_000323845.1_ASM32384v1_genomic      0.55%    failed      0.00%
   9  GCA_000323945.1_ASM32394v1_genomic      9.51%    passed     13.56%
  10  GCA_000323965.1_ASM32396v1_genomic      1.10%    passed     54.56%
  11  GCA_000324065.1_ASM32406v1_genomic      2.93%    passed     99.74%
  12  GCA_000324565.1_ASM32456v1_genomic      0.00%    passed     27.40%
  13  GCA_000324725.1_ASM32472v1_genomic      0.55%    passed     40.95%
  14  GCA_000325305.1_ASM32530v1_genomic      0.55%    passed     89.11%
  15  GCA_000325365.1_ASM32536v1_genomic      0.18%    passed     38.71%
  16  GCA_000590535.1_EV_NIIEG_genomic        0.00%    failed      0.99%
  17  GCA_000590535.2_ASM59053v2_genomic      0.00%    failed      0.99%
  18  GCA_000835005.1_ASM83500v1_genomic      2.38%    passed     92.87%
  19  GCA_001188795.1_ASM118879v1_genomic     0.91%    failed      0.00%
  20  GCA_001294975.1_ASM129497v1_genomic     0.18%    failed      0.24%
  21  GCA_002005285.1_ASM200528v1_genomic     0.00%    passed     19.08%
  22  GCA_002981895.1_ASM298189v1_genomic     0.18%    failed      0.25%
  23  GCA_003074235.1_ASM307423v1_genomic     0.18%    passed     99.86%
  24  GCA_003074535.1_ASM307453v1_genomic     0.00%    passed     97.97%
  25  GCA_008630435.1_ASM863043v1_genomic     0.55%    passed     34.29%
  26  GCA_009670865.1_ASM967086v1_genomic     0.00%    passed     29.27%
  27  GCA_015158755.1_ASM1515875v1_genomic    0.00%    passed     21.96%
  28  GCA_016102905.1_ASM1610290v1_genomic    0.00%    passed     13.10%
  29  Reference                               0.00%    passed     10.40%
****  TOTAL                                   0.84%  8 sequences failed composition chi2 test (p-value<5%; df=3)
INFO: 4287321 const sites added into alignment
NOTE: minimal branch length is reduced to 0.000000023322 for long alignment
NOTE: GCA_000590535.2_ASM59053v2_genomic is identical to GCA_000590535.1_EV_NIIEG_genomic but kept for subsequent analysis


Create initial parsimony tree by phylogenetic likelihood library (PLL)... 0.002 seconds
Perform fast likelihood tree search using GTR+I+G model...
Estimate model parameters (epsilon = 5.000)
Perform nearest neighbor interchange...
Estimate model parameters (epsilon = 1.000)
1. Initial log-likelihood: -5946247.956
Optimal log-likelihood: -5946247.224
Rate parameters:  A-C: 0.74951  A-G: 1.85744  A-T: 0.30383  C-G: 0.15241  C-T: 1.64100  G-T: 1.00000
Base frequencies:  A: 0.263  C: 0.236  G: 0.239  T: 0.262
Proportion of invariable sites: 0.500
Gamma shape alpha: 0.020
Parameters optimization took 1 rounds (0.020 sec)
Time for fast ML tree search: 0.099 seconds

NOTE: ModelFinder requires 2 MB RAM!
ModelFinder will test up to 286 DNA models (sample size: 4287868) ...
 No. Model         -LnL         df  AIC          AICc         BIC
  1  GTR+F         5946265.168  63  11892656.335 11892656.337 11893492.427
  2  GTR+F+I       5946220.840  64  11892569.681 11892569.683 11893419.044
  3  GTR+F+G4      5946252.374  64  11892632.748 11892632.750 11893482.111
  4  GTR+F+I+G4    5946246.234  65  11892622.468 11892622.470 11893485.103
  5  GTR+F+R2      5946261.019  65  11892652.039 11892652.041 11893514.673
  6  GTR+F+R3      5946257.098  67  11892648.197 11892648.199 11893537.374
 15  SYM+I         5951474.083  61  11903070.166 11903070.168 11903879.716
 28  TVM+F+I       5946221.094  63  11892568.187 11892568.189 11893404.279
 41  TVMe+I        5951474.416  60  11903068.832 11903068.834 11903865.110
 54  TIM3+F+I      5946257.571  62  11892639.142 11892639.144 11893461.963
 67  TIM3e+I       5951510.923  59  11903139.847 11903139.849 11903922.854
 80  TIM2+F+I      5946258.313  62  11892640.626 11892640.628 11893463.447
 93  TIM2e+I       5951512.036  59  11903142.073 11903142.075 11903925.080
106  TIM+F+I       5946223.006  62  11892570.012 11892570.014 11893392.833
119  TIMe+I        5951477.106  59  11903072.211 11903072.213 11903855.218
132  TPM3u+F+I     5946258.465  61  11892638.930 11892638.931 11893448.479
145  TPM3+F+I      5946258.465  61  11892638.930 11892638.931 11893448.479
158  TPM2u+F+I     5946259.107  61  11892640.214 11892640.215 11893449.763
171  TPM2+F+I      5946259.107  61  11892640.214 11892640.215 11893449.763
184  K3Pu+F+I      5946223.793  61  11892569.586 11892569.588 11893379.135
197  K3P+I         5951477.976  58  11903071.951 11903071.953 11903841.687
210  TN+F+I        5946258.236  61  11892638.473 11892638.475 11893448.022
223  TNe+I         5951512.116  58  11903140.232 11903140.234 11903909.968
236  HKY+F+I       5946259.082  60  11892638.164 11892638.166 11893434.443
249  K2P+I         5951513.048  57  11903140.096 11903140.098 11903896.561
262  F81+F+I       5946367.666  59  11892853.333 11892853.334 11893636.339
275  JC+I          5951621.269  56  11903354.538 11903354.539 11904097.730
Akaike Information Criterion:           TVM+F+I
Corrected Akaike Information Criterion: TVM+F+I
Bayesian Information Criterion:         K3Pu+F+I
Best-fit model: K3Pu+F+I chosen according to BIC

All model information printed to /mnt/c/Users/ktmea/Projects/plague-phylogeography/results/iqtree/all/chromosome/filter5/iqtree.model.gz
CPU time for ModelFinder: 10.404 seconds (0h:0m:10s)
Wall-clock time for ModelFinder: 10.128 seconds (0h:0m:10s)

NOTE: 0 MB RAM (0 GB) is required!
Estimate model parameters (epsilon = 0.100)
1. Initial log-likelihood: -5946223.791
Optimal log-likelihood: -5946223.789
Rate parameters:  A-C: 1.00000  A-G: 2.21254  A-T: 0.26290  C-G: 0.26290  C-T: 2.21254  G-T: 1.00000
Base frequencies:  A: 0.263  C: 0.236  G: 0.239  T: 0.262
Proportion of invariable sites: 0.997
Parameters optimization took 1 rounds (0.007 sec)
Computing ML distances based on estimated model parameters...
Computing ML distances took 0.004449 sec (of wall-clock time) 0.004229 sec(of CPU time)
WARNING: Some pairwise ML distances are too long (saturated)
Computing RapidNJ tree took 0.009943 sec (of wall-clock time) 0.000000 sec (of CPU time)
Log-likelihood of RapidNJ tree: -5972213.825
--------------------------------------------------------------------
|             INITIALIZING CANDIDATE TREE SET                      |
--------------------------------------------------------------------
Generating 98 parsimony trees... 0.303 second
Computing log-likelihood of 98 initial trees ... 0.250 seconds
Current best score: -5946223.787

Do NNI search on 20 best initial trees
Estimate model parameters (epsilon = 0.100)
BETTER TREE FOUND at iteration 1: -5946223.786
Iteration 10 / LogL: -5946223.793 / Time: 0h:0m:0s
Iteration 20 / LogL: -5946223.787 / Time: 0h:0m:0s
Finish initializing candidate tree set (6)
Current best tree score: -5946223.786 / CPU time: 0.844
Number of iterations: 20
--------------------------------------------------------------------
|               OPTIMIZING CANDIDATE TREE SET                      |
--------------------------------------------------------------------
Iteration 30 / LogL: -5946224.046 / Time: 0h:0m:1s (0h:0m:3s left)
Iteration 40 / LogL: -5946224.655 / Time: 0h:0m:1s (0h:0m:2s left)
Iteration 50 / LogL: -5946224.260 / Time: 0h:0m:1s (0h:0m:2s left)
Iteration 60 / LogL: -5946240.078 / Time: 0h:0m:2s (0h:0m:1s left)
Iteration 70 / LogL: -5946224.507 / Time: 0h:0m:2s (0h:0m:1s left)
Iteration 80 / LogL: -5946224.561 / Time: 0h:0m:2s (0h:0m:0s left)
Iteration 90 / LogL: -5946224.831 / Time: 0h:0m:3s (0h:0m:0s left)
Iteration 100 / LogL: -5946224.350 / Time: 0h:0m:3s (0h:0m:0s left)
TREE SEARCH COMPLETED AFTER 102 ITERATIONS / Time: 0h:0m:3s

--------------------------------------------------------------------
|                    FINALIZING TREE SEARCH                        |
--------------------------------------------------------------------
Performs final model parameters optimization
Estimate model parameters (epsilon = 0.010)
1. Initial log-likelihood: -5946223.784
Optimal log-likelihood: -5946223.781
Rate parameters:  A-C: 1.00000  A-G: 2.21929  A-T: 0.26309  C-G: 0.26309  C-T: 2.21929  G-T: 1.00000
Base frequencies:  A: 0.263  C: 0.236  G: 0.239  T: 0.262
Proportion of invariable sites: 0.997
Parameters optimization took 1 rounds (0.006 sec)
BEST SCORE FOUND : -5946223.781
Total tree length: 0.000

Total number of iterations: 102
CPU time used for tree search: 6.011 sec (0h:0m:6s)
Wall-clock time used for tree search: 3.360 sec (0h:0m:3s)
Total CPU time used: 6.082 sec (0h:0m:6s)
Total wall-clock time used: 3.451 sec (0h:0m:3s)

Analysis results written to:
  IQ-TREE report:                /mnt/c/Users/ktmea/Projects/plague-phylogeography/results/iqtree/all/chromosome/filter5/iqtree.iqtree
  Maximum-likelihood tree:       /mnt/c/Users/ktmea/Projects/plague-phylogeography/results/iqtree/all/chromosome/filter5/iqtree.treefile
  Likelihood distances:          /mnt/c/Users/ktmea/Projects/plague-phylogeography/results/iqtree/all/chromosome/filter5/iqtree.mldist
  Screen log file:               /mnt/c/Users/ktmea/Projects/plague-phylogeography/results/iqtree/all/chromosome/filter5/iqtree.log

Date and Time: Thu Apr 15 23:19:27 2021
