IQ-TREE multicore version 2.0.3 for Linux 64-bit built Apr 26 2020
Developed by Bui Quang Minh, Nguyen Lam Tung, Olga Chernomor,
Heiko Schmidt, Dominik Schrempf, Michael Woodhams.

Host:    info113 (SSE3, 252 GB RAM)
Command: iqtree -t /2/scratch/keaton/plague-phylogeography/results/iqtree/all/chromosome/filter5/iqtree.treefile -s /2/scratch/keaton/plague-phylogeography/results/snippy_multi/all/chromosome/filter5/snippy-multi.snps.aln --prefix /2/scratch/keaton/plague-phylogeography/results/iqtree/all/chromosome/filter5/iqtree_post -fconst 1125889,1013091,1024223,1122740 --scf 1000 --seed 674947425 --threads-max 10 -nt 10
Seed:    674947425 (Using SPRNG - Scalable Parallel Random Number Generator)
Time:    Thu Apr 15 18:19:35 2021
Kernel:  SSE2 - 10 threads (48 CPU cores detected)

Reading alignment file /2/scratch/keaton/plague-phylogeography/results/snippy_multi/all/chromosome/filter5/snippy-multi.snps.aln ... Fasta format detected
Alignment most likely contains DNA/RNA sequences
Alignment has 28 sequences with 2113 columns, 726 distinct patterns
316 parsimony-informative, 1797 singleton sites, 0 constant sites
                                         Gap/Ambiguity  Composition  p-value
   1  GCA_000170275.1_ASM17027v1_genomic         0.19%    passed     80.89%
   2  GCA_000269145.1_ASM26914v1_genomic         1.23%    passed     74.36%
   3  GCA_000320465.1_ASM32046v1_genomic         0.00%    passed     85.41%
   4  GCA_000323485.1_ASM32348v1_genomic         0.57%    failed      0.00%
   5  GCA_000323505.1_ASM32350v1_genomic         0.09%    passed     99.28%
   6  GCA_000323565.1_ASM32356v1_genomic         1.47%    passed     95.07%
   7  GCA_000323625.1_ASM32362v1_genomic         1.70%    passed     53.58%
   8  GCA_000323945.1_ASM32394v1_genomic         9.28%    passed     98.37%
   9  GCA_000323965.1_ASM32396v1_genomic         0.52%    passed     95.17%
  10  GCA_000324065.1_ASM32406v1_genomic         2.56%    passed     84.05%
  11  GCA_000324565.1_ASM32456v1_genomic         0.00%    passed     97.64%
  12  GCA_000324725.1_ASM32472v1_genomic         0.43%    passed     92.01%
  13  GCA_000325305.1_ASM32530v1_genomic         0.33%    passed     99.85%
  14  GCA_000325365.1_ASM32536v1_genomic         0.47%    passed     94.91%
  15  GCA_000590535.1_EV_NIIEG_genomic           0.05%    passed     89.13%
  16  GCA_000590535.2_ASM59053v2_genomic         0.00%    passed     83.82%
  17  GCA_000835005.1_ASM83500v1_genomic         3.03%    passed     12.79%
  18  GCA_001188795.1_ASM118879v1_genomic        1.33%    passed     25.19%
  19  GCA_001294975.1_ASM129497v1_genomic        0.14%    passed     65.57%
  20  GCA_002005285.1_ASM200528v1_genomic        0.00%    passed     92.12%
  21  GCA_002412255.1_Y.pestis_A-1836_genomic    0.52%    passed     22.64%
  22  GCA_002981895.1_ASM298189v1_genomic        0.09%    passed     80.20%
  23  GCA_003074235.1_ASM307423v1_genomic        0.28%    passed     99.51%
  24  GCA_008630435.1_ASM863043v1_genomic        0.71%    passed     72.43%
  25  GCA_009670865.1_ASM967086v1_genomic        0.00%    passed     74.25%
  26  GCA_015158755.1_ASM1515875v1_genomic       0.00%    passed     99.30%
  27  GCA_016102905.1_ASM1610290v1_genomic       0.00%    passed     43.15%
  28  Reference                                  0.00%    passed     76.23%
****  TOTAL                                      0.89%  1 sequences failed composition chi2 test (p-value<5%; df=3)
Reading tree /2/scratch/keaton/plague-phylogeography/results/iqtree/all/chromosome/filter5/iqtree.treefile ...
un-rooted tree with 28 taxa and 53 branches
Computing site concordance factor...
0.023 sec
Tree with concordance factors written to /2/scratch/keaton/plague-phylogeography/results/iqtree/all/chromosome/filter5/iqtree_post.cf.tree
Annotated tree (best viewed in FigTree) written to /2/scratch/keaton/plague-phylogeography/results/iqtree/all/chromosome/filter5/iqtree_post.cf.tree.nex
Tree with branch IDs written to /2/scratch/keaton/plague-phylogeography/results/iqtree/all/chromosome/filter5/iqtree_post.cf.branch
Concordance factors per branch printed to /2/scratch/keaton/plague-phylogeography/results/iqtree/all/chromosome/filter5/iqtree_post.cf.stat
Date and Time: Thu Apr 15 18:19:35 2021
