2021-05-20 11:48:44,451 Reading the input fasta file: /2/scratch/keaton/plague-phylogeography/results/snippy_multi/all/chromosome/full/snippy-multi.snps.aln
2021-05-20 11:48:44,569 Reading alignment length...
2021-05-20 11:48:44,571 Alignment length: 33703
2021-05-20 11:48:44,571 Reading alignment sample names...
2021-05-20 11:48:44,572 Number of samples: 603
2021-05-20 11:48:44,574 Analyzing alignment for sites with >=0.96 samples with data...
2021-05-20 11:50:37,995 5% Complete
2021-05-20 11:55:23,682 10% Complete
2021-05-20 12:01:24,378 15% Complete
2021-05-20 12:05:29,275 20% Complete
2021-05-20 12:17:58,253 25% Complete
2021-05-20 12:29:11,985 30% Complete
2021-05-20 12:49:59,435 35% Complete
2021-05-20 13:08:27,169 40% Complete
2021-05-20 13:23:16,023 45% Complete
2021-05-20 13:42:37,279 50% Complete
2021-05-20 14:11:02,464 55% Complete
2021-05-20 14:40:34,697 60% Complete
2021-05-20 15:12:29,155 65% Complete
2021-05-20 15:49:53,655 70% Complete
2021-05-20 16:26:13,571 75% Complete
2021-05-20 17:14:57,832 80% Complete
2021-05-20 18:12:22,068 85% Complete
2021-05-20 19:13:14,566 90% Complete
2021-05-20 20:03:41,638 95% Complete
2021-05-20 20:57:49,604 100% Complete
2021-05-20 20:57:49,604 Creating the filtered multiple alignment..
2021-05-20 20:58:05,126 Writing to the output fasta file: /2/scratch/keaton/plague-phylogeography/results/snippy_multi/all/chromosome/full/filter4/snippy-multi.snps.aln
2021-05-20 20:58:05,302 Constant sites: 0 (0%)
2021-05-20 20:58:05,302 Parsimony informative sites: 17333 (51%)
2021-05-20 20:58:05,302 Biallelic singleton sites: 16246 (48%)
2021-05-20 20:58:05,302 Multiallelic singleton sites: 80 (0%)
2021-05-20 20:58:05,302 Pseudo singleton sites: 44 (0%)
2021-05-20 20:58:05,302 Total singleton sites: 16370 (48%)
2021-05-20 20:58:05,302 Singleton sites passing missing data filter: 12024
2021-05-20 20:58:05,302 Parsimony informative sites passing missing data filter: 13345
2021-05-20 20:58:05,302 Total sites passing missing data filter: 25369
2021-05-20 20:58:05,302 Total sites failing missing data filter: 8334
2021-05-20 20:58:05,302 Wrote a multi-fasta alignment of length: 25369
