
                   BEAST v2.6.3 Prerelease, 2002-2020
             Bayesian Evolutionary Analysis Sampling Trees
                       Designed and developed by
 Remco Bouckaert, Alexei J. Drummond, Andrew Rambaut & Marc A. Suchard
                                    
                   Centre for Computational Evolution
                         University of Auckland
                       r.bouckaert@auckland.ac.nz
                        alexei@cs.auckland.ac.nz
                                    
                   Institute of Evolutionary Biology
                        University of Edinburgh
                           a.rambaut@ed.ac.uk
                                    
                    David Geffen School of Medicine
                 University of California, Los Angeles
                           msuchard@ucla.edu
                                    
                      Downloads, Help & Resources:
                           http://beast2.org/
                                    
  Source code distributed under the GNU Lesser General Public License:
                   http://github.com/CompEvol/beast2
                                    
                           BEAST developers:
   Alex Alekseyenko, Trevor Bedford, Erik Bloomquist, Joseph Heled, 
 Sebastian Hoehna, Denise Kuehnert, Philippe Lemey, Wai Lok Sibon Li, 
Gerton Lunter, Sidney Markowitz, Vladimir Minin, Michael Defoin Platel, 
          Oliver Pybus, Tim Vaughan, Chieh-Hsi Wu, Walter Xie
                                    
                               Thanks to:
          Roald Forsberg, Beth Shapiro and Korbinian Strimmer

Random number seed: 4141239047

Alignment(original-dna)
  49 taxa
  356 sites
  355 patterns

Filter -
49 taxa
356 sites + 4289810 constant sites
359 patterns
D51 = 691.0 (437.5)
D62 = 691.0 (437.5)
D71 = 691.0 (437.5)
D72 = 691.0 (437.5)
D75 = 691.0 (437.5)
P187 = 691.0 (437.5)
P212 = 691.0 (437.5)
P387 = 691.0 (437.5)
R36 = 691.0 (437.5)
SAMEA3713711 = 300.0 (46.5)
SAMEA3713712 = 300.0 (46.5)
SAMEA3713713 = 300.0 (46.5)
SAMEA3713714 = 300.0 (46.5)
SAMEA3713715 = 300.0 (46.5)
SAMEA3937653 = 661.0 (407.5)
SAMEA3937654 = 640.0 (386.5)
SAMEA5054089 = 671.0 (417.5)
SAMEA5054090 = 671.0 (417.5)
SAMEA5054092 = 691.0 (437.5)
SAMEA5054093 = 687.0 (433.5)
SAMEA5818798 = 423.5 (170.0)
SAMEA5818799 = 423.5 (170.0)
SAMEA5818800 = 423.5 (170.0)
SAMEA5818801 = 423.5 (170.0)
SAMEA5818803 = 388.0 (134.5)
SAMEA5818805 = 465.0 (211.5)
SAMEA5818806 = 671.0 (417.5)
SAMEA5818808 = 477.5 (224.0)
SAMEA5818809 = 684.5 (431.0)
SAMEA5818811 = 679.0 (425.5)
SAMEA5818815 = 515.5 (262.0)
SAMEA5818817 = 496.0 (242.5)
SAMEA5818818 = 461.0 (207.5)
SAMEA5818821 = 461.0 (207.5)
SAMEA5818822 = 461.0 (207.5)
SAMEA5818825 = 461.0 (207.5)
SAMEA5818826 = 461.0 (207.5)
SAMEA5818828 = 461.0 (207.5)
SAMEA5818829 = 461.0 (207.5)
SAMEA5818830 = 461.0 (207.5)
SAMEA6637002 = 473.5 (220.0)
SAMEA6637004 = 494.5 (241.0)
SAMEA6651390 = 565.0 (311.5)
SAMEA7293135 = 371.0 (117.5)
SAMEA7293136 = 671.0 (417.5)
SAMEA7313236_38 = 253.5 (0.0)
SAMEA7313243_45 = 471.0 (217.5)
SAMEA7313246_49 = 471.0 (217.5)
SAMN00715800 = 672.0 (418.5)
Filter 1-71
49 taxa
71 sites + 4289810 constant sites
75 patterns
  Using BEAGLE version: 3.1.2 resource 0: CPU
    with instance flags:  PRECISION_DOUBLE COMPUTATION_SYNCH EIGEN_REAL SCALING_MANUAL SCALERS_RAW VECTOR_SSE THREADING_NONE PROCESSOR_CPU FRAMEWORK_CPU
Filter 72-142
49 taxa
71 sites
71 patterns
  Using BEAGLE version: 3.1.2 resource 0: CPU
    with instance flags:  PRECISION_DOUBLE COMPUTATION_SYNCH EIGEN_REAL SCALING_MANUAL SCALERS_RAW VECTOR_SSE THREADING_NONE PROCESSOR_CPU FRAMEWORK_CPU
Filter 143-213
49 taxa
71 sites
71 patterns
  Using BEAGLE version: 3.1.2 resource 0: CPU
    with instance flags:  PRECISION_DOUBLE COMPUTATION_SYNCH EIGEN_REAL SCALING_MANUAL SCALERS_RAW VECTOR_SSE THREADING_NONE PROCESSOR_CPU FRAMEWORK_CPU
Filter 214-284
49 taxa
71 sites
71 patterns
  Using BEAGLE version: 3.1.2 resource 0: CPU
    with instance flags:  PRECISION_DOUBLE COMPUTATION_SYNCH EIGEN_REAL SCALING_MANUAL SCALERS_RAW VECTOR_SSE THREADING_NONE PROCESSOR_CPU FRAMEWORK_CPU
Filter 285-356
49 taxa
72 sites
71 patterns
  Using BEAGLE version: 3.1.2 resource 0: CPU
    with instance flags:  PRECISION_DOUBLE COMPUTATION_SYNCH EIGEN_REAL SCALING_MANUAL SCALERS_RAW VECTOR_SSE THREADING_NONE PROCESSOR_CPU FRAMEWORK_CPU
===============================================================================
Citations for this model:

Bouckaert, Remco, Timothy G. Vaughan, Joëlle Barido-Sottani, Sebastián Duchêne, Mathieu Fourment, 
Alexandra Gavryushkina, Joseph Heled, Graham Jones, Denise Kühnert, Nicola De Maio, Michael Matschiner, 
Fábio K. Mendes, Nicola F. Müller, Huw A. Ogilvie, Louis du Plessis, Alex Popinga, Andrew Rambaut, 
David Rasmussen, Igor Siveroni, Marc A. Suchard, Chieh-Hsi Wu, Dong Xie, Chi Zhang, Tanja Stadler, 
Alexei J. Drummond 
  BEAST 2.5: An advanced software platform for Bayesian evolutionary analysis. 
  PLoS computational biology 15, no. 4 (2019): e1006650.

===============================================================================
Start likelihood: -1.8480602917578006E8 
Writing file beast.log
Writing file beast.trees
         Sample      posterior     likelihood          prior
              0 -1.848060291E8 -1.848056499E8      -379.1807 --
         100000  -5948827.2941  -5948354.8338      -472.4603 --
         200000  -5948802.0229  -5948329.0059      -473.0169 --
         300000  -5948797.2180  -5948319.4906      -477.7274 --
         400000  -5948796.5319  -5948315.1744      -481.3574 --
         500000  -5948790.6571  -5948307.9516      -482.7055 --
         600000  -5948764.5580  -5948295.9149      -468.6431 2m54s/Msamples
         700000  -5948770.7791  -5948299.7323      -471.0467 3m5s/Msamples
         800000  -5948772.9858  -5948309.1902      -463.7955 3m10s/Msamples
         900000  -5948782.6242  -5948295.2705      -487.3536 3m13s/Msamples
        1000000  -5948775.0043  -5948298.5015      -476.5028 3m10s/Msamples
        1100000  -5948782.7848  -5948307.6594      -475.1254 3m9s/Msamples
        1200000  -5948774.2339  -5948301.4433      -472.7906 3m6s/Msamples
        1300000  -5948779.1650  -5948294.7770      -484.3880 3m8s/Msamples
        1400000  -5948778.6571  -5948308.0200      -470.6370 3m12s/Msamples
        1500000  -5948777.2816  -5948300.2293      -477.0522 3m14s/Msamples
        1600000  -5948770.7329  -5948295.6887      -475.0442 3m14s/Msamples
        1700000  -5948770.8839  -5948310.3858      -460.4981 3m15s/Msamples
        1800000  -5948782.3302  -5948309.6688      -472.6613 3m15s/Msamples
        1900000  -5948778.4952  -5948315.3031      -463.1921 3m16s/Msamples
        2000000  -5948769.8773  -5948295.5405      -474.3368 3m15s/Msamples
        2100000  -5948764.1944  -5948297.1571      -467.0372 3m17s/Msamples
        2200000  -5948767.9564  -5948297.0294      -470.9269 3m17s/Msamples
        2300000  -5948761.5172  -5948290.4077      -471.1095 3m18s/Msamples
        2400000  -5948785.6639  -5948312.7620      -472.9019 3m18s/Msamples
        2500000  -5948774.8140  -5948309.6019      -465.2120 3m18s/Msamples
        2600000  -5948758.6646  -5948292.4527      -466.2119 3m18s/Msamples
        2700000  -5948790.8859  -5948312.2251      -478.6608 3m18s/Msamples
        2800000  -5948758.4525  -5948296.2754      -462.1770 3m17s/Msamples
        2900000  -5948766.4014  -5948305.8306      -460.5708 3m16s/Msamples
        3000000  -5948777.8828  -5948300.0351      -477.8477 3m16s/Msamples
        3100000  -5948761.9889  -5948298.2314      -463.7574 3m15s/Msamples
        3200000  -5948759.7377  -5948291.2739      -468.4637 3m15s/Msamples
        3300000  -5948763.7979  -5948301.2081      -462.5897 3m15s/Msamples
        3400000  -5948782.4313  -5948313.1813      -469.2499 3m15s/Msamples
        3500000  -5948757.0697  -5948294.7856      -462.2841 3m15s/Msamples
        3600000  -5948780.4766  -5948303.9132      -476.5634 3m14s/Msamples
        3700000  -5948774.3489  -5948302.1998      -472.1490 3m15s/Msamples
        3800000  -5948766.0513  -5948293.9004      -472.1509 3m15s/Msamples
        3900000  -5948774.2518  -5948310.8569      -463.3948 3m15s/Msamples
        4000000  -5948793.2310  -5948310.3043      -482.9267 3m14s/Msamples
        4100000  -5948783.3895  -5948300.9888      -482.4006 3m14s/Msamples
        4200000  -5948763.1655  -5948290.0280      -473.1375 3m14s/Msamples
        4300000  -5948769.7494  -5948315.6125      -454.1369 3m14s/Msamples
        4400000  -5948782.4181  -5948300.5087      -481.9094 3m14s/Msamples
        4500000  -5948765.9595  -5948299.7500      -466.2095 3m13s/Msamples
        4600000  -5948771.9116  -5948314.3563      -457.5553 3m14s/Msamples
        4700000  -5948776.6232  -5948301.0996      -475.5235 3m14s/Msamples
        4800000  -5948770.5994  -5948297.5942      -473.0051 3m14s/Msamples
        4900000  -5948772.2964  -5948294.6759      -477.6205 3m14s/Msamples
        5000000  -5948776.0773  -5948299.5907      -476.4866 3m13s/Msamples
        5100000  -5948765.8360  -5948302.8247      -463.0112 3m13s/Msamples
        5200000  -5948773.3821  -5948297.0400      -476.3421 3m13s/Msamples
        5300000  -5948767.0909  -5948294.9672      -472.1237 3m13s/Msamples
        5400000  -5948771.6979  -5948295.7922      -475.9056 3m12s/Msamples
        5500000  -5948776.6630  -5948295.4332      -481.2298 3m13s/Msamples
        5600000  -5948785.6782  -5948308.7102      -476.9679 3m13s/Msamples
        5700000  -5948782.3806  -5948307.7060      -474.6745 3m13s/Msamples
        5800000  -5948766.1756  -5948304.2725      -461.9030 3m13s/Msamples
        5900000  -5948766.8345  -5948299.1434      -467.6911 3m13s/Msamples
        6000000  -5948774.4910  -5948297.7384      -476.7525 3m13s/Msamples
        6100000  -5948788.1103  -5948313.0580      -475.0523 3m14s/Msamples
        6200000  -5948794.5835  -5948308.9231      -485.6604 3m14s/Msamples
        6300000  -5948767.5570  -5948302.3605      -465.1964 3m14s/Msamples
        6400000  -5948771.6461  -5948300.2222      -471.4239 3m14s/Msamples
        6500000  -5948775.1677  -5948306.3326      -468.8351 3m14s/Msamples
        6600000  -5948778.9872  -5948301.4967      -477.4904 3m14s/Msamples
        6700000  -5948761.5413  -5948299.0550      -462.4863 3m14s/Msamples
        6800000  -5948757.8687  -5948291.1327      -466.7360 3m14s/Msamples
        6900000  -5948810.0129  -5948320.7049      -489.3080 3m14s/Msamples
        7000000  -5948769.4398  -5948301.7024      -467.7374 3m14s/Msamples
        7100000  -5948763.0612  -5948295.7439      -467.3172 3m14s/Msamples
        7200000  -5948779.5344  -5948307.3064      -472.2279 3m14s/Msamples
        7300000  -5948774.9209  -5948294.4910      -480.4299 3m15s/Msamples
        7400000  -5948787.6562  -5948319.1820      -468.4741 3m15s/Msamples
        7500000  -5948782.3658  -5948309.7840      -472.5818 3m15s/Msamples
        7600000  -5948773.3579  -5948298.9626      -474.3953 3m15s/Msamples
        7700000  -5948781.0660  -5948311.6211      -469.4449 3m15s/Msamples
        7800000  -5948779.2427  -5948304.3604      -474.8822 3m15s/Msamples
        7900000  -5948763.4907  -5948300.9233      -462.5674 3m16s/Msamples
        8000000  -5948770.5900  -5948301.4464      -469.1436 3m16s/Msamples
        8100000  -5948778.7543  -5948299.6285      -479.1257 3m16s/Msamples
        8200000  -5948777.2347  -5948306.8597      -470.3750 3m16s/Msamples
        8300000  -5948769.9542  -5948303.6026      -466.3516 3m16s/Msamples
        8400000  -5948768.4178  -5948305.5083      -462.9095 3m16s/Msamples
        8500000  -5948769.6759  -5948302.3040      -467.3719 3m16s/Msamples
        8600000  -5948762.0936  -5948293.1475      -468.9460 3m16s/Msamples
        8700000  -5948763.3392  -5948301.0845      -462.2546 3m15s/Msamples
        8800000  -5948772.9881  -5948301.1027      -471.8854 3m15s/Msamples
        8900000  -5948774.2893  -5948301.2839      -473.0054 3m15s/Msamples
        9000000  -5948775.8046  -5948311.8866      -463.9180 3m15s/Msamples
        9100000  -5948784.8910  -5948312.1622      -472.7287 3m15s/Msamples
        9200000  -5948789.2645  -5948299.3527      -489.9118 3m15s/Msamples
        9300000  -5948785.4458  -5948309.0292      -476.4165 3m14s/Msamples
        9400000  -5948754.7407  -5948293.4400      -461.3006 3m15s/Msamples
        9500000  -5948781.0925  -5948307.6421      -473.4503 3m14s/Msamples
        9600000  -5948780.1795  -5948299.2824      -480.8971 3m14s/Msamples
        9700000  -5948774.0346  -5948296.2818      -477.7527 3m14s/Msamples
        9800000  -5948772.6637  -5948298.4897      -474.1740 3m14s/Msamples
        9900000  -5948777.9938  -5948307.9420      -470.0517 3m14s/Msamples
       10000000  -5948774.0158  -5948301.2955      -472.7202 3m14s/Msamples
       10100000  -5948788.3489  -5948310.3315      -478.0173 3m14s/Msamples
       10200000  -5948772.5321  -5948297.3746      -475.1574 3m14s/Msamples
       10300000  -5948783.1012  -5948306.6785      -476.4227 3m14s/Msamples
       10400000  -5948774.7418  -5948303.8887      -470.8530 3m14s/Msamples
       10500000  -5948755.6406  -5948295.5815      -460.0591 3m14s/Msamples
       10600000  -5948771.7662  -5948308.1163      -463.6499 3m14s/Msamples
       10700000  -5948758.0729  -5948293.6782      -464.3946 3m14s/Msamples
       10800000  -5948764.1051  -5948306.1193      -457.9857 3m14s/Msamples
       10900000  -5948780.8466  -5948297.1238      -483.7227 3m15s/Msamples
       11000000  -5948772.8551  -5948302.3447      -470.5104 3m15s/Msamples
       11100000  -5948788.1595  -5948312.2474      -475.9121 3m15s/Msamples
       11200000  -5948767.7549  -5948301.5857      -466.1691 3m15s/Msamples
       11300000  -5948761.1302  -5948294.5299      -466.6003 3m14s/Msamples
       11400000  -5948787.2237  -5948317.0430      -470.1807 3m15s/Msamples
       11500000  -5948751.3206  -5948290.4606      -460.8600 3m15s/Msamples
       11600000  -5948779.9047  -5948302.0021      -477.9026 3m15s/Msamples
       11700000  -5948786.6248  -5948298.5201      -488.1046 3m15s/Msamples
       11800000  -5948766.7424  -5948296.6126      -470.1297 3m15s/Msamples
       11900000  -5948770.8441  -5948294.7917      -476.0523 3m15s/Msamples
       12000000  -5948780.8548  -5948300.3417      -480.5131 3m15s/Msamples
       12100000  -5948776.5492  -5948306.6780      -469.8711 3m15s/Msamples
       12200000  -5948791.3513  -5948320.1264      -471.2248 3m15s/Msamples
       12300000  -5948757.3452  -5948285.9591      -471.3861 3m15s/Msamples
       12400000  -5948764.6739  -5948298.7170      -465.9568 3m15s/Msamples
       12500000  -5948766.7516  -5948289.6090      -477.1425 3m16s/Msamples
       12600000  -5948773.1161  -5948299.4781      -473.6379 3m15s/Msamples
       12700000  -5948788.3022  -5948308.3915      -479.9106 3m15s/Msamples
       12800000  -5948785.2958  -5948309.3834      -475.9124 3m15s/Msamples
       12900000  -5948775.7373  -5948302.7854      -472.9519 3m16s/Msamples
       13000000  -5948786.6224  -5948306.8911      -479.7312 3m16s/Msamples
       13100000  -5948765.7255  -5948301.7238      -464.0016 3m16s/Msamples
       13200000  -5948759.0142  -5948295.9865      -463.0277 3m16s/Msamples
       13300000  -5948764.8187  -5948300.6975      -464.1211 3m16s/Msamples
       13400000  -5948786.6830  -5948302.0681      -484.6149 3m15s/Msamples
       13500000  -5948788.7405  -5948315.8042      -472.9362 3m15s/Msamples
       13600000  -5948797.7219  -5948324.6044      -473.1175 3m16s/Msamples
       13700000  -5948764.6455  -5948306.1600      -458.4855 3m16s/Msamples
       13800000  -5948780.7126  -5948306.0946      -474.6180 3m16s/Msamples
       13900000  -5948776.9342  -5948297.9254      -479.0088 3m16s/Msamples
       14000000  -5948769.2825  -5948306.0086      -463.2738 3m16s/Msamples
       14100000  -5948774.4131  -5948297.5190      -476.8940 3m16s/Msamples
       14200000  -5948765.5927  -5948293.8381      -471.7545 3m16s/Msamples
       14300000  -5948763.9831  -5948295.3712      -468.6119 3m16s/Msamples
       14400000  -5948764.4015  -5948299.8111      -464.5903 3m16s/Msamples
       14500000  -5948779.3634  -5948310.7019      -468.6615 3m16s/Msamples
       14600000  -5948802.5652  -5948310.2098      -492.3554 3m16s/Msamples
       14700000  -5948783.7062  -5948312.0604      -471.6457 3m16s/Msamples
       14800000  -5948766.7575  -5948302.8646      -463.8929 3m16s/Msamples
       14900000  -5948776.0352  -5948307.0292      -469.0060 3m16s/Msamples
       15000000  -5948775.1613  -5948308.4090      -466.7522 3m16s/Msamples
       15100000  -5948778.6881  -5948307.8332      -470.8548 3m16s/Msamples
       15200000  -5948779.6244  -5948309.6322      -469.9922 3m16s/Msamples
       15300000  -5948787.6927  -5948309.1761      -478.5166 3m16s/Msamples
       15400000  -5948777.3717  -5948303.9018      -473.4699 3m16s/Msamples
       15500000  -5948784.3536  -5948294.0686      -490.2850 3m16s/Msamples
       15600000  -5948780.8566  -5948301.0872      -479.7693 3m16s/Msamples
       15700000  -5948771.8553  -5948306.9837      -464.8716 3m16s/Msamples
       15800000  -5948791.6448  -5948304.0577      -487.5870 3m16s/Msamples
       15900000  -5948775.3354  -5948303.0076      -472.3277 3m16s/Msamples
       16000000  -5948777.1731  -5948306.9734      -470.1996 3m16s/Msamples
       16100000  -5948770.6621  -5948305.0279      -465.6342 3m16s/Msamples
       16200000  -5948773.7973  -5948304.9925      -468.8047 3m16s/Msamples
       16300000  -5948791.4048  -5948307.4624      -483.9423 3m16s/Msamples
       16400000  -5948781.6535  -5948310.3986      -471.2549 3m16s/Msamples
       16500000  -5948773.7152  -5948301.3972      -472.3180 3m16s/Msamples
       16600000  -5948770.8199  -5948297.1495      -473.6704 3m16s/Msamples
       16700000  -5948771.6291  -5948304.0515      -467.5776 3m16s/Msamples
       16800000  -5948785.7967  -5948309.8994      -475.8973 3m16s/Msamples
       16900000  -5948772.5233  -5948300.8070      -471.7162 3m16s/Msamples
       17000000  -5948780.1453  -5948311.5696      -468.5756 3m16s/Msamples
       17100000  -5948799.5939  -5948315.0895      -484.5044 3m16s/Msamples
       17200000  -5948804.5788  -5948321.4924      -483.0864 3m16s/Msamples
       17300000  -5948770.0365  -5948293.0058      -477.0307 3m16s/Msamples
       17400000  -5948784.0508  -5948306.8729      -477.1779 3m17s/Msamples
       17500000  -5948780.8493  -5948302.8089      -478.0404 3m17s/Msamples
       17600000  -5948770.8222  -5948303.8119      -467.0102 3m16s/Msamples
       17700000  -5948771.8396  -5948297.3065      -474.5330 3m16s/Msamples
       17800000  -5948782.1559  -5948309.2493      -472.9066 3m16s/Msamples
       17900000  -5948775.7665  -5948309.1225      -466.6440 3m16s/Msamples
       18000000  -5948778.9251  -5948302.5502      -476.3748 3m16s/Msamples
       18100000  -5948769.8750  -5948301.6258      -468.2491 3m16s/Msamples
       18200000  -5948779.0554  -5948312.7273      -466.3281 3m16s/Msamples
       18300000  -5948770.2681  -5948297.6532      -472.6148 3m16s/Msamples
       18400000  -5948769.2939  -5948301.9143      -467.3796 3m16s/Msamples
       18500000  -5948781.0780  -5948303.7465      -477.3314 3m16s/Msamples
       18600000  -5948770.1246  -5948303.0367      -467.0878 3m16s/Msamples
       18700000  -5948771.2486  -5948306.4403      -464.8083 3m16s/Msamples
       18800000  -5948752.7555  -5948295.9316      -456.8239 3m16s/Msamples
       18900000  -5948763.4396  -5948301.5674      -461.8722 3m16s/Msamples
       19000000  -5948762.8986  -5948293.2311      -469.6675 3m16s/Msamples
       19100000  -5948783.0555  -5948303.4682      -479.5872 3m16s/Msamples
       19200000  -5948766.2640  -5948298.1553      -468.1086 3m16s/Msamples
       19300000  -5948776.7889  -5948302.9203      -473.8685 3m16s/Msamples
       19400000  -5948783.3215  -5948310.6645      -472.6569 3m16s/Msamples
       19500000  -5948769.2128  -5948306.4408      -462.7720 3m16s/Msamples
       19600000  -5948763.6304  -5948303.0343      -460.5960 3m16s/Msamples
       19700000  -5948778.1553  -5948298.7090      -479.4463 3m16s/Msamples
       19800000  -5948765.0362  -5948290.6193      -474.4169 3m16s/Msamples
       19900000  -5948768.0121  -5948298.8577      -469.1544 3m16s/Msamples
       20000000  -5948763.2451  -5948294.5979      -468.6472 3m16s/Msamples
       20100000  -5948792.8350  -5948311.6502      -481.1847 3m16s/Msamples
       20200000  -5948775.2480  -5948302.3414      -472.9066 3m16s/Msamples
       20300000  -5948766.6155  -5948303.0067      -463.6088 3m16s/Msamples
       20400000  -5948764.7711  -5948300.9450      -463.8260 3m16s/Msamples
       20500000  -5948778.6371  -5948307.6194      -471.0176 3m16s/Msamples
       20600000  -5948769.2769  -5948306.1791      -463.0978 3m16s/Msamples
       20700000  -5948785.3261  -5948305.1432      -480.1828 3m16s/Msamples
       20800000  -5948790.0390  -5948305.7713      -484.2677 3m16s/Msamples
       20900000  -5948763.3236  -5948295.0351      -468.2885 3m16s/Msamples
       21000000  -5948790.8283  -5948313.2881      -477.5401 3m16s/Msamples
       21100000  -5948784.3666  -5948312.1398      -472.2267 3m16s/Msamples
       21200000  -5948765.7992  -5948302.6384      -463.1607 3m16s/Msamples
       21300000  -5948777.1079  -5948301.5742      -475.5337 3m16s/Msamples
       21400000  -5948785.9495  -5948317.6452      -468.3043 3m16s/Msamples
       21500000  -5948766.1340  -5948300.3669      -465.7671 3m16s/Msamples
       21600000  -5948769.7611  -5948299.0562      -470.7048 3m15s/Msamples
       21700000  -5948788.2135  -5948311.6715      -476.5420 3m15s/Msamples
       21800000  -5948778.6816  -5948297.8837      -480.7979 3m15s/Msamples
       21900000  -5948795.0267  -5948313.3076      -481.7191 3m15s/Msamples
       22000000  -5948777.6270  -5948303.8609      -473.7660 3m15s/Msamples
       22100000  -5948774.3878  -5948307.3462      -467.0416 3m15s/Msamples
       22200000  -5948768.0235  -5948301.7417      -466.2818 3m15s/Msamples
       22300000  -5948767.3373  -5948308.8903      -458.4470 3m15s/Msamples
       22400000  -5948773.8987  -5948305.2287      -468.6699 3m15s/Msamples
       22500000  -5948774.0109  -5948304.2431      -469.7678 3m15s/Msamples
       22600000  -5948778.5387  -5948305.3390      -473.1996 3m15s/Msamples
       22700000  -5948775.5555  -5948298.0956      -477.4599 3m15s/Msamples
       22800000  -5948761.4207  -5948304.6667      -456.7540 3m15s/Msamples
       22900000  -5948780.6430  -5948306.4407      -474.2023 3m15s/Msamples
       23000000  -5948782.8179  -5948298.2727      -484.5451 3m15s/Msamples
       23100000  -5948767.8671  -5948299.2398      -468.6273 3m15s/Msamples
       23200000  -5948770.0357  -5948298.7604      -471.2752 3m15s/Msamples
       23300000  -5948773.2599  -5948311.3061      -461.9537 3m15s/Msamples
       23400000  -5948760.5353  -5948295.2121      -465.3232 3m15s/Msamples
       23500000  -5948773.4283  -5948300.1654      -473.2629 3m15s/Msamples
       23600000  -5948777.9814  -5948301.9656      -476.0158 3m15s/Msamples
       23700000  -5948771.7258  -5948302.8992      -468.8266 3m15s/Msamples
       23800000  -5948769.3402  -5948307.7473      -461.5928 3m15s/Msamples
       23900000  -5948786.9184  -5948313.2409      -473.6775 3m15s/Msamples
       24000000  -5948793.4141  -5948309.7621      -483.6520 3m15s/Msamples
       24100000  -5948760.0842  -5948290.0672      -470.0169 3m15s/Msamples
       24200000  -5948776.4097  -5948300.6997      -475.7099 3m15s/Msamples
       24300000  -5948765.5292  -5948301.7816      -463.7475 3m15s/Msamples
       24400000  -5948800.0922  -5948309.7400      -490.3521 3m15s/Msamples
       24500000  -5948768.7493  -5948293.3047      -475.4446 3m15s/Msamples
       24600000  -5948774.3685  -5948297.1068      -477.2616 3m15s/Msamples
       24700000  -5948776.8459  -5948306.8607      -469.9851 3m15s/Msamples
       24800000  -5948764.3150  -5948292.8665      -471.4485 3m15s/Msamples
       24900000  -5948762.5976  -5948304.1646      -458.4330 3m15s/Msamples
       25000000  -5948770.6139  -5948311.0460      -459.5679 3m15s/Msamples
       25100000  -5948756.6348  -5948294.8230      -461.8117 3m15s/Msamples
       25200000  -5948769.8778  -5948302.7818      -467.0959 3m15s/Msamples
       25300000  -5948768.4499  -5948307.2534      -461.1965 3m14s/Msamples
       25400000  -5948775.3849  -5948304.4883      -470.8966 3m14s/Msamples
       25500000  -5948790.2739  -5948317.4420      -472.8319 3m14s/Msamples
       25600000  -5948761.0749  -5948289.3012      -471.7737 3m14s/Msamples
       25700000  -5948772.1361  -5948298.8957      -473.2403 3m14s/Msamples
       25800000  -5948768.0236  -5948296.3195      -471.7040 3m14s/Msamples
       25900000  -5948787.5920  -5948308.9743      -478.6176 3m14s/Msamples
       26000000  -5948783.3053  -5948313.1955      -470.1098 3m14s/Msamples
       26100000  -5948775.5617  -5948296.8361      -478.7255 3m14s/Msamples
       26200000  -5948776.0866  -5948307.0543      -469.0322 3m14s/Msamples
       26300000  -5948795.7840  -5948311.2854      -484.4986 3m14s/Msamples
       26400000  -5948786.6938  -5948312.8701      -473.8237 3m14s/Msamples
       26500000  -5948767.8480  -5948295.1670      -472.6809 3m14s/Msamples
       26600000  -5948756.4886  -5948287.8326      -468.6559 3m14s/Msamples
       26700000  -5948774.4485  -5948298.3772      -476.0712 3m14s/Msamples
       26800000  -5948771.7830  -5948301.6351      -470.1479 3m14s/Msamples
       26900000  -5948785.9845  -5948309.1706      -476.8138 3m14s/Msamples
       27000000  -5948785.8297  -5948307.3414      -478.4882 3m14s/Msamples
       27100000  -5948775.9191  -5948308.2780      -467.6411 3m13s/Msamples
       27200000  -5948774.1024  -5948309.4815      -464.6209 3m13s/Msamples
       27300000  -5948757.2444  -5948297.9336      -459.3107 3m13s/Msamples
       27400000  -5948786.7620  -5948308.8775      -477.8844 3m13s/Msamples
       27500000  -5948775.3552  -5948299.3790      -475.9761 3m13s/Msamples
       27600000  -5948775.3643  -5948302.3170      -473.0473 3m13s/Msamples
       27700000  -5948779.6521  -5948304.9755      -474.6766 3m13s/Msamples
       27800000  -5948776.0371  -5948302.6793      -473.3577 3m13s/Msamples
       27900000  -5948769.6009  -5948306.2717      -463.3292 3m13s/Msamples
       28000000  -5948768.7078  -5948304.4990      -464.2088 3m13s/Msamples
       28100000  -5948782.2804  -5948308.3813      -473.8990 3m13s/Msamples
       28200000  -5948769.4466  -5948306.1986      -463.2479 3m13s/Msamples
       28300000  -5948777.9421  -5948309.0477      -468.8943 3m13s/Msamples
       28400000  -5948776.3347  -5948303.2789      -473.0557 3m13s/Msamples
       28500000  -5948762.5916  -5948286.8965      -475.6951 3m13s/Msamples
       28600000  -5948776.0720  -5948309.5334      -466.5386 3m12s/Msamples
       28700000  -5948780.7574  -5948307.9669      -472.7904 3m12s/Msamples
       28800000  -5948792.7283  -5948315.5920      -477.1362 3m12s/Msamples
       28900000  -5948782.3008  -5948300.9210      -481.3798 3m12s/Msamples
       29000000  -5948799.1207  -5948304.3988      -494.7219 3m12s/Msamples
       29100000  -5948785.4698  -5948305.8971      -479.5726 3m12s/Msamples
       29200000  -5948785.4103  -5948306.9610      -478.4492 3m12s/Msamples
       29300000  -5948785.0266  -5948303.6313      -481.3953 3m12s/Msamples
       29400000  -5948766.9771  -5948305.2637      -461.7134 3m12s/Msamples
       29500000  -5948769.9463  -5948295.7660      -474.1803 3m12s/Msamples
       29600000  -5948776.0655  -5948296.9012      -479.1642 3m12s/Msamples
       29700000  -5948775.4349  -5948305.5350      -469.8998 3m12s/Msamples
       29800000  -5948792.6795  -5948304.6375      -488.0420 3m12s/Msamples
       29900000  -5948772.3363  -5948308.8721      -463.4642 3m12s/Msamples
       30000000  -5948775.0061  -5948301.8640      -473.1420 3m12s/Msamples
       30100000  -5948772.6229  -5948302.2055      -470.4173 3m12s/Msamples
       30200000  -5948765.3327  -5948295.6398      -469.6929 3m12s/Msamples
       30300000  -5948776.8556  -5948308.7042      -468.1513 3m12s/Msamples
       30400000  -5948767.3915  -5948310.3366      -457.0549 3m12s/Msamples
       30500000  -5948763.0010  -5948284.6275      -478.3735 3m12s/Msamples
       30600000  -5948758.1915  -5948295.1312      -463.0602 3m12s/Msamples
       30700000  -5948759.7205  -5948294.0437      -465.6767 3m12s/Msamples
       30800000  -5948752.4468  -5948291.1447      -461.3021 3m12s/Msamples
       30900000  -5948780.7703  -5948306.0950      -474.6753 3m12s/Msamples
       31000000  -5948759.8253  -5948279.5261      -480.2992 3m11s/Msamples
       31100000  -5948776.8905  -5948301.7006      -475.1898 3m11s/Msamples
       31200000  -5948794.7770  -5948314.1823      -480.5947 3m11s/Msamples
       31300000  -5948777.7555  -5948300.5782      -477.1773 3m11s/Msamples
       31400000  -5948779.1730  -5948293.3441      -485.8288 3m11s/Msamples
       31500000  -5948766.7400  -5948296.0461      -470.6938 3m11s/Msamples
       31600000  -5948772.0515  -5948308.4043      -463.6471 3m11s/Msamples
       31700000  -5948764.4615  -5948300.5020      -463.9595 3m11s/Msamples
       31800000  -5948769.0985  -5948306.6231      -462.4754 3m11s/Msamples
       31900000  -5948786.4904  -5948316.7950      -469.6954 3m11s/Msamples
       32000000  -5948765.0387  -5948302.9006      -462.1381 3m11s/Msamples
       32100000  -5948769.0321  -5948306.4420      -462.5900 3m11s/Msamples
       32200000  -5948777.4809  -5948299.2556      -478.2253 3m11s/Msamples
       32300000  -5948760.8364  -5948296.6705      -464.1658 3m11s/Msamples
       32400000  -5948780.5655  -5948307.9426      -472.6228 3m11s/Msamples
       32500000  -5948774.9578  -5948299.2753      -475.6825 3m11s/Msamples
       32600000  -5948773.3968  -5948310.5572      -462.8396 3m11s/Msamples
       32700000  -5948787.9520  -5948312.4264      -475.5255 3m11s/Msamples
       32800000  -5948761.5481  -5948294.1315      -467.4165 3m11s/Msamples
       32900000  -5948788.7399  -5948314.9379      -473.8019 3m11s/Msamples
       33000000  -5948782.1316  -5948303.0680      -479.0635 3m10s/Msamples
       33100000  -5948772.5985  -5948297.2555      -475.3430 3m10s/Msamples
       33200000  -5948787.7000  -5948308.6860      -479.0139 3m10s/Msamples
       33300000  -5948774.2283  -5948293.7410      -480.4872 3m10s/Msamples
       33400000  -5948776.6647  -5948294.2090      -482.4557 3m10s/Msamples
       33500000  -5948781.9718  -5948303.1797      -478.7920 3m10s/Msamples
       33600000  -5948772.9976  -5948298.2749      -474.7226 3m10s/Msamples
       33700000  -5948766.9334  -5948300.1936      -466.7397 3m10s/Msamples
       33800000  -5948779.2020  -5948310.7175      -468.4845 3m10s/Msamples
       33900000  -5948765.0527  -5948301.0241      -464.0285 3m10s/Msamples
       34000000  -5948770.5466  -5948300.2046      -470.3419 3m10s/Msamples
       34100000  -5948789.0111  -5948306.7431      -482.2679 3m10s/Msamples
       34200000  -5948781.7109  -5948308.0665      -473.6443 3m10s/Msamples
       34300000  -5948774.1615  -5948300.3946      -473.7668 3m10s/Msamples
       34400000  -5948762.4017  -5948294.8716      -467.5301 3m10s/Msamples
       34500000  -5948765.9835  -5948297.3002      -468.6833 3m10s/Msamples
       34600000  -5948770.3126  -5948308.2259      -462.0866 3m10s/Msamples
       34700000  -5948761.1129  -5948292.9532      -468.1597 3m10s/Msamples
       34800000  -5948756.8069  -5948293.7122      -463.0947 3m10s/Msamples
       34900000  -5948790.4918  -5948303.6638      -486.8280 3m9s/Msamples
       35000000  -5948776.2302  -5948303.3223      -472.9079 3m9s/Msamples
       35100000  -5948769.9373  -5948305.7872      -464.1500 3m9s/Msamples
       35200000  -5948768.1174  -5948293.5775      -474.5398 3m9s/Msamples
       35300000  -5948769.4041  -5948298.1781      -471.2259 3m9s/Msamples
       35400000  -5948760.9171  -5948295.5965      -465.3205 3m9s/Msamples
       35500000  -5948762.9303  -5948294.9196      -468.0107 3m9s/Msamples
       35600000  -5948799.4751  -5948304.5728      -494.9022 3m9s/Msamples
       35700000  -5948774.3968  -5948300.9917      -473.4051 3m9s/Msamples
       35800000  -5948784.4403  -5948296.6202      -487.8201 3m9s/Msamples
       35900000  -5948778.2530  -5948301.3885      -476.8644 3m9s/Msamples
       36000000  -5948775.8935  -5948298.4321      -477.4613 3m9s/Msamples
       36100000  -5948764.6020  -5948291.2775      -473.3244 3m9s/Msamples
       36200000  -5948774.8300  -5948300.4494      -474.3805 3m9s/Msamples
       36300000  -5948762.2786  -5948299.1602      -463.1183 3m9s/Msamples
       36400000  -5948783.2502  -5948311.8686      -471.3816 3m9s/Msamples
       36500000  -5948779.5197  -5948303.1514      -476.3683 3m9s/Msamples
       36600000  -5948769.3688  -5948308.3404      -461.0283 3m9s/Msamples
       36700000  -5948775.8150  -5948298.9574      -476.8575 3m9s/Msamples
       36800000  -5948785.0751  -5948308.2733      -476.8017 3m9s/Msamples
       36900000  -5948760.7954  -5948290.0174      -470.7779 3m9s/Msamples
       37000000  -5948763.1990  -5948296.3053      -466.8937 3m9s/Msamples
       37100000  -5948765.7756  -5948298.4809      -467.2947 3m9s/Msamples
       37200000  -5948772.6098  -5948302.5990      -470.0107 3m9s/Msamples
       37300000  -5948789.7550  -5948318.5322      -471.2227 3m9s/Msamples
       37400000  -5948763.3705  -5948303.6241      -459.7463 3m9s/Msamples
       37500000  -5948772.7221  -5948306.5713      -466.1508 3m9s/Msamples
       37600000  -5948774.5803  -5948301.0879      -473.4923 3m8s/Msamples
       37700000  -5948793.1049  -5948312.7223      -480.3825 3m8s/Msamples
       37800000  -5948771.7819  -5948299.1976      -472.5842 3m8s/Msamples
       37900000  -5948776.7467  -5948309.8626      -466.8841 3m8s/Msamples
       38000000  -5948770.2423  -5948287.2233      -483.0190 3m8s/Msamples
       38100000  -5948758.4880  -5948292.8694      -465.6186 3m8s/Msamples
       38200000  -5948778.7157  -5948302.6760      -476.0397 3m8s/Msamples
       38300000  -5948789.6968  -5948312.9027      -476.7941 3m8s/Msamples
       38400000  -5948775.9402  -5948299.2604      -476.6798 3m8s/Msamples
       38500000  -5948762.0543  -5948295.4245      -466.6297 3m8s/Msamples
       38600000  -5948800.8758  -5948321.3542      -479.5215 3m8s/Msamples
       38700000  -5948780.0423  -5948297.1421      -482.9001 3m8s/Msamples
       38800000  -5948767.1710  -5948299.1209      -468.0500 3m8s/Msamples
       38900000  -5948780.7272  -5948298.7802      -481.9469 3m8s/Msamples
       39000000  -5948783.9655  -5948304.4918      -479.4737 3m8s/Msamples
       39100000  -5948760.1131  -5948294.1348      -465.9783 3m8s/Msamples
       39200000  -5948768.6214  -5948299.5012      -469.1201 3m8s/Msamples
       39300000  -5948772.2284  -5948298.2630      -473.9653 3m8s/Msamples
       39400000  -5948781.3442  -5948303.1506      -478.1936 3m8s/Msamples
       39500000  -5948767.5241  -5948296.0080      -471.5161 3m8s/Msamples
       39600000  -5948773.2553  -5948305.8679      -467.3873 3m8s/Msamples
       39700000  -5948774.4298  -5948302.8836      -471.5461 3m8s/Msamples
       39800000  -5948766.5250  -5948296.3853      -470.1397 3m8s/Msamples
       39900000  -5948770.5007  -5948300.4278      -470.0729 3m8s/Msamples
       40000000  -5948785.5950  -5948316.8639      -468.7310 3m8s/Msamples
       40100000  -5948793.4280  -5948312.9671      -480.4608 3m8s/Msamples
       40200000  -5948773.5781  -5948301.6871      -471.8909 3m8s/Msamples
       40300000  -5948761.9925  -5948296.3182      -465.6742 3m8s/Msamples
       40400000  -5948777.2254  -5948299.0698      -478.1555 3m8s/Msamples
       40500000  -5948774.7618  -5948303.1000      -471.6618 3m8s/Msamples
       40600000  -5948778.0264  -5948299.5805      -478.4458 3m8s/Msamples
       40700000  -5948770.4983  -5948293.2605      -477.2377 3m8s/Msamples
       40800000  -5948757.2396  -5948295.5355      -461.7040 3m8s/Msamples
       40900000  -5948765.6691  -5948300.8606      -464.8084 3m8s/Msamples
       41000000  -5948760.8922  -5948301.3690      -459.5232 3m8s/Msamples
       41100000  -5948768.5030  -5948304.4375      -464.0654 3m8s/Msamples
       41200000  -5948768.3442  -5948299.4868      -468.8574 3m8s/Msamples
       41300000  -5948760.2898  -5948294.2366      -466.0531 3m8s/Msamples
       41400000  -5948769.5125  -5948311.2078      -458.3047 3m8s/Msamples
       41500000  -5948762.0482  -5948295.0476      -467.0005 3m8s/Msamples
       41600000  -5948777.9770  -5948313.6701      -464.3068 3m8s/Msamples
       41700000  -5948773.9341  -5948300.2487      -473.6853 3m8s/Msamples
       41800000  -5948771.2491  -5948293.9757      -477.2733 3m8s/Msamples
       41900000  -5948779.2134  -5948305.7366      -473.4767 3m8s/Msamples
       42000000  -5948775.7820  -5948306.2099      -469.5720 3m8s/Msamples
       42100000  -5948778.9340  -5948299.5400      -479.3939 3m8s/Msamples
       42200000  -5948772.4932  -5948300.3275      -472.1657 3m8s/Msamples
       42300000  -5948762.0289  -5948298.3917      -463.6372 3m8s/Msamples
       42400000  -5948770.2721  -5948304.4273      -465.8447 3m7s/Msamples
       42500000  -5948769.8252  -5948296.8005      -473.0246 3m7s/Msamples
       42600000  -5948769.3889  -5948301.2440      -468.1448 3m7s/Msamples
       42700000  -5948762.7927  -5948293.1912      -469.6014 3m7s/Msamples
       42800000  -5948787.9175  -5948310.4061      -477.5113 3m7s/Msamples
       42900000  -5948765.8209  -5948303.8964      -461.9244 3m7s/Msamples
       43000000  -5948784.9449  -5948309.1844      -475.7605 3m7s/Msamples
       43100000  -5948776.7230  -5948310.1867      -466.5363 3m7s/Msamples
       43200000  -5948779.8525  -5948308.5574      -471.2951 3m7s/Msamples
       43300000  -5948754.9894  -5948291.9568      -463.0326 3m7s/Msamples
       43400000  -5948792.3639  -5948300.9796      -491.3842 3m7s/Msamples
       43500000  -5948766.7018  -5948296.2916      -470.4101 3m7s/Msamples
       43600000  -5948754.6706  -5948292.9535      -461.7170 3m7s/Msamples
       43700000  -5948773.2448  -5948304.0673      -469.1774 3m7s/Msamples
       43800000  -5948789.3307  -5948312.8425      -476.4882 3m7s/Msamples
       43900000  -5948783.6603  -5948297.4223      -486.2379 3m7s/Msamples
       44000000  -5948791.8021  -5948314.7356      -477.0664 3m7s/Msamples
       44100000  -5948790.6136  -5948314.3571      -476.2564 3m7s/Msamples
       44200000  -5948779.8338  -5948313.9373      -465.8965 3m7s/Msamples
       44300000  -5948778.1668  -5948316.0109      -462.1559 3m7s/Msamples
       44400000  -5948801.3137  -5948328.0397      -473.2740 3m7s/Msamples
       44500000  -5948768.2498  -5948302.4836      -465.7661 3m7s/Msamples
       44600000  -5948784.1052  -5948297.5556      -486.5496 3m7s/Msamples
       44700000  -5948770.0564  -5948295.8856      -474.1708 3m7s/Msamples
       44800000  -5948769.8015  -5948298.2239      -471.5776 3m7s/Msamples
       44900000  -5948767.2395  -5948301.1382      -466.1013 3m7s/Msamples
       45000000  -5948769.6511  -5948302.7516      -466.8995 3m7s/Msamples
       45100000  -5948766.4292  -5948299.4633      -466.9658 3m7s/Msamples
       45200000  -5948771.9772  -5948301.4168      -470.5603 3m7s/Msamples
       45300000  -5948769.8753  -5948304.0275      -465.8477 3m7s/Msamples
       45400000  -5948775.4194  -5948306.7006      -468.7188 3m7s/Msamples
       45500000  -5948770.5077  -5948307.1107      -463.3970 3m7s/Msamples
       45600000  -5948774.4571  -5948300.0639      -474.3932 3m7s/Msamples
       45700000  -5948775.8167  -5948307.1830      -468.6336 3m6s/Msamples
       45800000  -5948781.8311  -5948305.0416      -476.7895 3m6s/Msamples
       45900000  -5948756.8299  -5948288.5172      -468.3127 3m6s/Msamples
       46000000  -5948772.6590  -5948308.5975      -464.0615 3m6s/Msamples
       46100000  -5948773.0675  -5948305.2187      -467.8487 3m6s/Msamples
       46200000  -5948785.8085  -5948307.8996      -477.9089 3m6s/Msamples
       46300000  -5948783.3483  -5948308.8214      -474.5268 3m6s/Msamples
       46400000  -5948777.0342  -5948303.6081      -473.4260 3m6s/Msamples
       46500000  -5948775.6136  -5948301.0866      -474.5270 3m6s/Msamples
       46600000  -5948776.0240  -5948314.6287      -461.3953 3m6s/Msamples
       46700000  -5948785.7976  -5948304.8017      -480.9958 3m6s/Msamples
       46800000  -5948764.7372  -5948306.6149      -458.1223 3m6s/Msamples
       46900000  -5948783.2886  -5948300.7232      -482.5654 3m6s/Msamples
       47000000  -5948772.5417  -5948297.3403      -475.2013 3m6s/Msamples
       47100000  -5948777.9674  -5948302.5711      -475.3963 3m6s/Msamples
       47200000  -5948775.5765  -5948297.4276      -478.1489 3m6s/Msamples
       47300000  -5948781.9591  -5948304.3907      -477.5684 3m6s/Msamples
       47400000  -5948767.5260  -5948311.4685      -456.0575 3m6s/Msamples
       47500000  -5948766.0447  -5948289.3067      -476.7379 3m6s/Msamples
       47600000  -5948776.0424  -5948306.9590      -469.0834 3m6s/Msamples
       47700000  -5948768.3122  -5948295.4599      -472.8523 3m6s/Msamples
       47800000  -5948774.0232  -5948297.2967      -476.7265 3m6s/Msamples
       47900000  -5948759.6687  -5948294.5027      -465.1660 3m6s/Msamples
       48000000  -5948768.8912  -5948305.7018      -463.1894 3m6s/Msamples
       48100000  -5948779.7644  -5948299.7220      -480.0424 3m6s/Msamples
       48200000  -5948755.9159  -5948300.9750      -454.9409 3m6s/Msamples
       48300000  -5948754.0205  -5948295.4275      -458.5930 3m6s/Msamples
       48400000  -5948770.5171  -5948314.3622      -456.1548 3m6s/Msamples
       48500000  -5948775.0258  -5948303.8184      -471.2074 3m6s/Msamples
       48600000  -5948779.2753  -5948304.4038      -474.8715 3m6s/Msamples
       48700000  -5948792.5247  -5948309.0267      -483.4980 3m6s/Msamples
       48800000  -5948797.3405  -5948313.6113      -483.7292 3m6s/Msamples
       48900000  -5948771.9131  -5948307.3986      -464.5144 3m5s/Msamples
       49000000  -5948765.5706  -5948292.8904      -472.6802 3m5s/Msamples
       49100000  -5948779.8404  -5948303.0470      -476.7933 3m5s/Msamples
       49200000  -5948772.7169  -5948307.1387      -465.5781 3m5s/Msamples
       49300000  -5948778.5885  -5948302.6336      -475.9548 3m5s/Msamples
       49400000  -5948776.3416  -5948303.8172      -472.5243 3m5s/Msamples
       49500000  -5948784.5225  -5948312.9981      -471.5244 3m5s/Msamples
       49600000  -5948765.5216  -5948295.5817      -469.9398 3m5s/Msamples
       49700000  -5948778.8851  -5948310.6738      -468.2113 3m5s/Msamples
       49800000  -5948772.2040  -5948303.8593      -468.3446 3m5s/Msamples
       49900000  -5948789.8508  -5948312.5447      -477.3061 3m5s/Msamples
       50000000  -5948784.7766  -5948306.6592      -478.1174 3m5s/Msamples
       50100000  -5948771.3509  -5948299.7369      -471.6139 3m5s/Msamples
       50200000  -5948757.3521  -5948292.8288      -464.5232 3m5s/Msamples
       50300000  -5948790.1524  -5948306.3941      -483.7582 3m5s/Msamples
       50400000  -5948788.5278  -5948305.5444      -482.9834 3m5s/Msamples
       50500000  -5948781.3697  -5948309.5722      -471.7974 3m5s/Msamples
       50600000  -5948772.1739  -5948296.5047      -475.6691 3m5s/Msamples
       50700000  -5948778.6800  -5948306.8429      -471.8370 3m5s/Msamples
       50800000  -5948779.7919  -5948306.4414      -473.3505 3m5s/Msamples
       50900000  -5948774.5623  -5948298.2171      -476.3451 3m5s/Msamples
       51000000  -5948780.6818  -5948295.9409      -484.7409 3m5s/Msamples
       51100000  -5948794.6065  -5948302.3072      -492.2993 3m5s/Msamples
       51200000  -5948779.7560  -5948295.7818      -483.9742 3m5s/Msamples
       51300000  -5948789.6614  -5948307.6949      -481.9664 3m5s/Msamples
       51400000  -5948775.2933  -5948293.2275      -482.0657 3m5s/Msamples
       51500000  -5948793.7277  -5948334.3011      -459.4266 3m5s/Msamples
       51600000  -5948789.9050  -5948319.2032      -470.7018 3m5s/Msamples
       51700000  -5948777.7934  -5948316.8761      -460.9173 3m5s/Msamples
       51800000  -5948761.4684  -5948294.5395      -466.9288 3m5s/Msamples
       51900000  -5948766.5555  -5948298.8282      -467.7272 3m5s/Msamples
       52000000  -5948781.3424  -5948308.2421      -473.1003 3m5s/Msamples
       52100000  -5948768.3656  -5948298.9114      -469.4541 3m5s/Msamples
       52200000  -5948767.1398  -5948296.9239      -470.2158 3m5s/Msamples
       52300000  -5948782.7579  -5948305.3514      -477.4065 3m5s/Msamples
       52400000  -5948768.1099  -5948300.5006      -467.6092 3m5s/Msamples
       52500000  -5948774.5744  -5948312.0175      -462.5568 3m5s/Msamples
       52600000  -5948766.2270  -5948297.3570      -468.8699 3m5s/Msamples
       52700000  -5948795.9073  -5948319.7169      -476.1903 3m5s/Msamples
       52800000  -5948772.0123  -5948291.2833      -480.7290 3m5s/Msamples
       52900000  -5948793.0203  -5948312.6815      -480.3387 3m5s/Msamples
       53000000  -5948769.8103  -5948295.5939      -474.2164 3m5s/Msamples
       53100000  -5948794.1665  -5948314.0447      -480.1217 3m5s/Msamples
       53200000  -5948765.9312  -5948300.8904      -465.0407 3m5s/Msamples
       53300000  -5948770.5382  -5948299.6984      -470.8398 3m5s/Msamples
       53400000  -5948770.5463  -5948299.5542      -470.9920 3m5s/Msamples
       53500000  -5948761.7601  -5948302.5828      -459.1772 3m5s/Msamples
       53600000  -5948779.6260  -5948306.7994      -472.8265 3m5s/Msamples
       53700000  -5948774.0158  -5948304.3291      -469.6866 3m5s/Msamples
       53800000  -5948777.9998  -5948303.4596      -474.5401 3m5s/Msamples
       53900000  -5948769.8747  -5948299.6417      -470.2330 3m5s/Msamples
       54000000  -5948771.8690  -5948305.0605      -466.8084 3m5s/Msamples
       54100000  -5948768.8551  -5948303.9665      -464.8885 3m5s/Msamples
       54200000  -5948784.0750  -5948309.2099      -474.8650 3m5s/Msamples
       54300000  -5948772.8162  -5948308.0064      -464.8097 3m5s/Msamples
       54400000  -5948782.5212  -5948305.5062      -477.0150 3m5s/Msamples
       54500000  -5948790.5683  -5948305.1315      -485.4367 3m5s/Msamples
       54600000  -5948780.2326  -5948290.2507      -489.9819 3m5s/Msamples
       54700000  -5948768.7105  -5948298.7783      -469.9322 3m5s/Msamples
       54800000  -5948771.7423  -5948304.2292      -467.5130 3m5s/Msamples
       54900000  -5948775.3541  -5948308.6000      -466.7541 3m5s/Msamples
       55000000  -5948780.5960  -5948310.3104      -470.2855 3m5s/Msamples
       55100000  -5948790.1222  -5948308.9687      -481.1534 3m7s/Msamples
       55200000  -5948776.9934  -5948297.1962      -479.7971 3m8s/Msamples
       55300000  -5948783.1003  -5948304.8774      -478.2228 3m8s/Msamples
       55400000  -5948770.0343  -5948302.7666      -467.2677 3m9s/Msamples
       55500000  -5948779.6561  -5948310.3116      -469.3445 3m9s/Msamples
       55600000  -5948768.4352  -5948292.5181      -475.9170 3m9s/Msamples
       55700000  -5948772.6664  -5948297.4113      -475.2550 3m8s/Msamples
       55800000  -5948776.7697  -5948300.0641      -476.7056 3m8s/Msamples
       55900000  -5948765.5469  -5948296.8700      -468.6768 3m8s/Msamples
       56000000  -5948779.6534  -5948297.2524      -482.4009 3m8s/Msamples
       56100000  -5948778.4265  -5948308.0128      -470.4137 3m8s/Msamples
       56200000  -5948770.0139  -5948304.3554      -465.6584 3m8s/Msamples
       56300000  -5948770.5974  -5948302.9055      -467.6918 3m8s/Msamples
       56400000  -5948780.5536  -5948298.5970      -481.9565 3m8s/Msamples
       56500000  -5948786.8011  -5948306.3459      -480.4551 3m8s/Msamples
       56600000  -5948781.4848  -5948304.6455      -476.8392 3m8s/Msamples
       56700000  -5948786.7281  -5948307.6777      -479.0504 3m8s/Msamples
       56800000  -5948774.4676  -5948295.8807      -478.5869 3m8s/Msamples
       56900000  -5948773.6632  -5948300.9156      -472.7475 3m8s/Msamples
       57000000  -5948762.1535  -5948294.2278      -467.9256 3m8s/Msamples
       57100000  -5948766.8886  -5948300.0601      -466.8285 3m8s/Msamples
       57200000  -5948766.4851  -5948298.5925      -467.8926 3m8s/Msamples
       57300000  -5948783.9394  -5948311.9811      -471.9583 3m8s/Msamples
       57400000  -5948770.7908  -5948296.2981      -474.4926 3m8s/Msamples
       57500000  -5948766.2543  -5948293.5304      -472.7239 3m8s/Msamples
       57600000  -5948767.5888  -5948303.0369      -464.5519 3m8s/Msamples
       57700000  -5948769.8863  -5948297.5185      -472.3678 3m8s/Msamples
       57800000  -5948765.9549  -5948292.5825      -473.3723 3m8s/Msamples
       57900000  -5948770.2807  -5948309.0387      -461.2419 3m8s/Msamples
       58000000  -5948774.6954  -5948307.4294      -467.2659 3m8s/Msamples
       58100000  -5948783.0630  -5948310.6230      -472.4399 3m8s/Msamples
       58200000  -5948775.2869  -5948305.6779      -469.6089 3m8s/Msamples
       58300000  -5948779.0229  -5948299.4988      -479.5241 3m8s/Msamples
       58400000  -5948754.8681  -5948298.5572      -456.3109 3m8s/Msamples
       58500000  -5948780.0846  -5948308.0651      -472.0195 3m8s/Msamples
       58600000  -5948786.3190  -5948311.8980      -474.4209 3m8s/Msamples
       58700000  -5948782.7403  -5948304.2820      -478.4582 3m8s/Msamples
       58800000  -5948782.8453  -5948313.0007      -469.8445 3m8s/Msamples
       58900000  -5948789.3244  -5948305.3613      -483.9631 3m8s/Msamples
       59000000  -5948763.4496  -5948305.3566      -458.0930 3m8s/Msamples
       59100000  -5948773.5384  -5948308.4053      -465.1331 3m8s/Msamples
       59200000  -5948768.6586  -5948296.7959      -471.8626 3m8s/Msamples
       59300000  -5948783.9884  -5948305.4330      -478.5554 3m8s/Msamples
       59400000  -5948761.4509  -5948300.9972      -460.4537 3m8s/Msamples
       59500000  -5948758.7211  -5948294.0247      -464.6963 3m8s/Msamples
       59600000  -5948786.0434  -5948301.4587      -484.5847 3m8s/Msamples
       59700000  -5948754.7780  -5948283.7979      -470.9801 3m8s/Msamples
       59800000  -5948756.1962  -5948299.2565      -456.9397 3m8s/Msamples
       59900000  -5948766.6444  -5948293.1590      -473.4853 3m8s/Msamples
       60000000  -5948762.1188  -5948296.8906      -465.2281 3m8s/Msamples
       60100000  -5948764.5377  -5948299.2054      -465.3322 3m8s/Msamples
       60200000  -5948781.7370  -5948311.2038      -470.5332 3m8s/Msamples
       60300000  -5948769.7118  -5948302.5298      -467.1819 3m8s/Msamples
       60400000  -5948767.2047  -5948309.2376      -457.9670 3m8s/Msamples
       60500000  -5948789.2884  -5948306.9689      -482.3194 3m8s/Msamples
       60600000  -5948770.5519  -5948296.4113      -474.1405 3m8s/Msamples
       60700000  -5948772.4073  -5948307.0429      -465.3643 3m8s/Msamples
       60800000  -5948789.7521  -5948318.1564      -471.5957 3m8s/Msamples
       60900000  -5948777.6441  -5948304.7298      -472.9143 3m8s/Msamples
       61000000  -5948766.5364  -5948296.5533      -469.9830 3m8s/Msamples
       61100000  -5948755.1416  -5948286.2177      -468.9239 3m8s/Msamples
       61200000  -5948773.9140  -5948304.1253      -469.7886 3m8s/Msamples
       61300000  -5948772.2197  -5948301.3403      -470.8794 3m8s/Msamples
       61400000  -5948776.7169  -5948302.0066      -474.7102 3m8s/Msamples
       61500000  -5948758.4478  -5948301.0780      -457.3698 3m8s/Msamples
       61600000  -5948781.5234  -5948297.4226      -484.1007 3m8s/Msamples
       61700000  -5948773.0811  -5948304.6072      -468.4739 3m7s/Msamples
       61800000  -5948783.3052  -5948314.0693      -469.2358 3m7s/Msamples
       61900000  -5948760.6272  -5948295.0593      -465.5678 3m7s/Msamples
       62000000  -5948762.9106  -5948307.3781      -455.5324 3m7s/Msamples
       62100000  -5948770.7431  -5948300.3115      -470.4315 3m7s/Msamples
       62200000  -5948793.9558  -5948312.5132      -481.4425 3m7s/Msamples
       62300000  -5948778.4922  -5948301.0048      -477.4873 3m7s/Msamples
       62400000  -5948776.4830  -5948309.0893      -467.3936 3m7s/Msamples
       62500000  -5948782.1467  -5948308.5569      -473.5897 3m7s/Msamples
       62600000  -5948773.0410  -5948300.0363      -473.0046 3m7s/Msamples
       62700000  -5948778.7601  -5948303.9986      -474.7615 3m7s/Msamples
       62800000  -5948773.9065  -5948293.6563      -480.2502 3m7s/Msamples
       62900000  -5948780.0083  -5948315.3066      -464.7016 3m7s/Msamples
       63000000  -5948765.9460  -5948294.3681      -471.5779 3m7s/Msamples
       63100000  -5948781.8044  -5948308.3771      -473.4272 3m7s/Msamples
       63200000  -5948765.8572  -5948296.2936      -469.5635 3m7s/Msamples
       63300000  -5948771.3123  -5948291.8968      -479.4155 3m7s/Msamples
       63400000  -5948771.1760  -5948299.5337      -471.6423 3m7s/Msamples
       63500000  -5948773.1894  -5948310.5214      -462.6680 3m7s/Msamples
       63600000  -5948770.5254  -5948307.4323      -463.0931 3m7s/Msamples
       63700000  -5948780.8693  -5948306.4966      -474.3726 3m7s/Msamples
       63800000  -5948768.9812  -5948299.8480      -469.1331 3m7s/Msamples
       63900000  -5948788.3536  -5948300.6756      -487.6780 3m7s/Msamples
       64000000  -5948776.8285  -5948304.5312      -472.2973 3m7s/Msamples
       64100000  -5948780.2247  -5948303.0691      -477.1555 3m7s/Msamples
       64200000  -5948786.5614  -5948312.1130      -474.4483 3m7s/Msamples
       64300000  -5948768.9276  -5948293.8662      -475.0613 3m7s/Msamples
       64400000  -5948770.4629  -5948301.9006      -468.5623 3m7s/Msamples
       64500000  -5948763.0750  -5948292.6266      -470.4483 3m7s/Msamples
       64600000  -5948768.9596  -5948302.2773      -466.6822 3m7s/Msamples
       64700000  -5948779.8569  -5948299.0475      -480.8094 3m7s/Msamples
       64800000  -5948754.1171  -5948291.5732      -462.5439 3m7s/Msamples
       64900000  -5948779.7757  -5948313.3282      -466.4474 3m7s/Msamples
       65000000  -5948766.3015  -5948310.3820      -455.9194 3m7s/Msamples
       65100000  -5948775.0588  -5948303.0841      -471.9746 3m7s/Msamples
       65200000  -5948766.8277  -5948296.5846      -470.2430 3m7s/Msamples
       65300000  -5948773.8670  -5948306.9639      -466.9031 3m7s/Msamples
       65400000  -5948758.3749  -5948308.5089      -449.8660 3m7s/Msamples
       65500000  -5948764.7005  -5948304.0493      -460.6512 3m7s/Msamples
       65600000  -5948780.3424  -5948306.5387      -473.8036 3m7s/Msamples
       65700000  -5948779.6373  -5948305.8936      -473.7437 3m7s/Msamples
       65800000  -5948765.2040  -5948293.9353      -471.2686 3m7s/Msamples
       65900000  -5948769.3188  -5948302.8868      -466.4320 3m7s/Msamples
       66000000  -5948782.7851  -5948313.1434      -469.6417 3m7s/Msamples
       66100000  -5948768.1147  -5948303.3096      -464.8050 3m7s/Msamples
       66200000  -5948767.3944  -5948295.5322      -471.8622 3m7s/Msamples
       66300000  -5948778.9240  -5948312.1551      -466.7689 3m7s/Msamples
       66400000  -5948767.7264  -5948303.5052      -464.2212 3m7s/Msamples
       66500000  -5948776.7256  -5948306.4943      -470.2313 3m7s/Msamples
       66600000  -5948782.5996  -5948302.6586      -479.9409 3m7s/Msamples
       66700000  -5948783.6897  -5948301.3129      -482.3768 3m7s/Msamples
       66800000  -5948761.3136  -5948300.5276      -460.7860 3m7s/Msamples
       66900000  -5948778.1458  -5948305.4538      -472.6919 3m7s/Msamples
       67000000  -5948766.4710  -5948306.4635      -460.0074 3m7s/Msamples
       67100000  -5948773.4599  -5948302.0700      -471.3898 3m7s/Msamples
       67200000  -5948774.2423  -5948309.3013      -464.9410 3m7s/Msamples
       67300000  -5948786.3513  -5948312.4955      -473.8558 3m8s/Msamples
       67400000  -5948752.1634  -5948293.9908      -458.1725 3m8s/Msamples
       67500000  -5948758.0422  -5948296.1409      -461.9012 3m8s/Msamples
       67600000  -5948780.2149  -5948298.3694      -481.8454 3m8s/Msamples
       67700000  -5948770.4635  -5948303.8379      -466.6256 3m8s/Msamples
       67800000  -5948784.6868  -5948306.4874      -478.1993 3m8s/Msamples
       67900000  -5948765.1302  -5948300.0142      -465.1160 3m8s/Msamples
       68000000  -5948766.2737  -5948306.1297      -460.1440 3m9s/Msamples
       68100000  -5948770.4115  -5948292.6939      -477.7176 3m9s/Msamples
       68200000  -5948780.7155  -5948303.3406      -477.3749 3m9s/Msamples
       68300000  -5948782.4612  -5948298.7317      -483.7294 3m9s/Msamples
       68400000  -5948761.0918  -5948295.5822      -465.5095 3m9s/Msamples
       68500000  -5948764.6184  -5948294.7103      -469.9081 3m9s/Msamples
       68600000  -5948782.4071  -5948301.0759      -481.3312 3m9s/Msamples
       68700000  -5948785.4904  -5948301.2902      -484.2001 3m9s/Msamples
       68800000  -5948773.7833  -5948298.8719      -474.9113 3m9s/Msamples
       68900000  -5948781.0722  -5948307.8401      -473.2320 3m10s/Msamples
       69000000  -5948774.0731  -5948294.3906      -479.6824 3m10s/Msamples
       69100000  -5948789.9001  -5948318.7116      -471.1885 3m10s/Msamples
       69200000  -5948783.4778  -5948312.9510      -470.5268 3m10s/Msamples
       69300000  -5948784.0693  -5948308.0746      -475.9947 3m10s/Msamples
       69400000  -5948780.7571  -5948308.1106      -472.6465 3m10s/Msamples
       69500000  -5948763.1744  -5948290.9711      -472.2033 3m10s/Msamples
       69600000  -5948758.8113  -5948293.2199      -465.5914 3m10s/Msamples
       69700000  -5948771.2232  -5948303.6535      -467.5696 3m11s/Msamples
       69800000  -5948779.3800  -5948313.6360      -465.7440 3m11s/Msamples
       69900000  -5948773.1281  -5948298.6956      -474.4325 3m11s/Msamples
       70000000  -5948767.7278  -5948301.3945      -466.3333 3m11s/Msamples
       70100000  -5948785.4604  -5948302.7171      -482.7432 3m11s/Msamples
       70200000  -5948783.1951  -5948311.3845      -471.8105 3m11s/Msamples
       70300000  -5948783.2622  -5948309.0664      -474.1957 3m11s/Msamples
       70400000  -5948773.7024  -5948299.3056      -474.3968 3m11s/Msamples
       70500000  -5948794.6818  -5948311.8963      -482.7855 3m11s/Msamples
       70600000  -5948770.7566  -5948303.1646      -467.5919 3m12s/Msamples
       70700000  -5948781.3060  -5948306.6436      -474.6624 3m12s/Msamples
       70800000  -5948782.0760  -5948309.5657      -472.5103 3m12s/Msamples
       70900000  -5948771.7109  -5948315.5167      -456.1942 3m12s/Msamples
       71000000  -5948758.5646  -5948297.6755      -460.8890 3m12s/Msamples
       71100000  -5948766.3143  -5948297.4891      -468.8252 3m12s/Msamples
       71200000  -5948771.5997  -5948303.3787      -468.2210 3m11s/Msamples
       71300000  -5948768.0933  -5948304.4179      -463.6753 3m11s/Msamples
       71400000  -5948773.6159  -5948304.9726      -468.6432 3m11s/Msamples
       71500000  -5948773.0858  -5948304.6389      -468.4468 3m11s/Msamples
       71600000  -5948772.3942  -5948305.0836      -467.3106 3m11s/Msamples
       71700000  -5948765.9860  -5948296.4235      -469.5625 3m12s/Msamples
       71800000  -5948777.4364  -5948297.5940      -479.8424 3m12s/Msamples
       71900000  -5948763.3433  -5948296.0943      -467.2490 3m12s/Msamples
       72000000  -5948778.9367  -5948303.4759      -475.4608 3m13s/Msamples
       72100000  -5948778.2902  -5948307.7420      -470.5482 3m13s/Msamples
       72200000  -5948760.5930  -5948303.7371      -456.8559 3m13s/Msamples
       72300000  -5948774.1980  -5948300.0449      -474.1530 3m13s/Msamples
       72400000  -5948780.7451  -5948308.4128      -472.3322 3m13s/Msamples
       72500000  -5948780.2323  -5948300.1356      -480.0966 3m13s/Msamples
       72600000  -5948770.9662  -5948301.5862      -469.3799 3m13s/Msamples
       72700000  -5948774.8120  -5948306.1475      -468.6644 3m14s/Msamples
       72800000  -5948765.9324  -5948307.2077      -458.7246 3m14s/Msamples
       72900000  -5948761.8979  -5948294.3301      -467.5678 3m14s/Msamples
       73000000  -5948766.2151  -5948301.8489      -464.3662 3m14s/Msamples
       73100000  -5948766.3925  -5948287.7491      -478.6434 3m14s/Msamples
       73200000  -5948770.2422  -5948299.9899      -470.2522 3m15s/Msamples
       73300000  -5948779.3794  -5948305.5516      -473.8278 3m15s/Msamples
       73400000  -5948783.7438  -5948301.3512      -482.3926 3m15s/Msamples
       73500000  -5948784.4112  -5948310.9156      -473.4956 3m15s/Msamples
       73600000  -5948770.4460  -5948308.0782      -462.3678 3m15s/Msamples
       73700000  -5948785.9972  -5948306.3100      -479.6871 3m15s/Msamples
       73800000  -5948773.1021  -5948295.1387      -477.9633 3m16s/Msamples
       73900000  -5948771.2091  -5948308.2193      -462.9897 3m16s/Msamples
       74000000  -5948788.3952  -5948309.7711      -478.6241 3m16s/Msamples
       74100000  -5948768.6603  -5948309.8178      -458.8425 3m16s/Msamples
       74200000  -5948775.1294  -5948307.0384      -468.0909 3m16s/Msamples
       74300000  -5948772.7444  -5948300.1477      -472.5966 3m16s/Msamples
       74400000  -5948770.1986  -5948304.9647      -465.2338 3m16s/Msamples
       74500000  -5948786.2110  -5948304.5150      -481.6960 3m16s/Msamples
       74600000  -5948764.7631  -5948297.6053      -467.1577 3m16s/Msamples
       74700000  -5948785.8531  -5948305.9268      -479.9263 3m16s/Msamples
       74800000  -5948782.1812  -5948309.1622      -473.0189 3m17s/Msamples
       74900000  -5948774.6076  -5948298.4130      -476.1945 3m17s/Msamples
       75000000  -5948771.9839  -5948294.5102      -477.4736 3m17s/Msamples
       75100000  -5948761.7201  -5948298.7491      -462.9710 3m17s/Msamples
       75200000  -5948775.7711  -5948302.9515      -472.8196 3m17s/Msamples
       75300000  -5948754.6431  -5948299.6782      -454.9648 3m17s/Msamples
       75400000  -5948771.3126  -5948299.9895      -471.3230 3m17s/Msamples
       75500000  -5948788.9267  -5948312.2073      -476.7193 3m17s/Msamples
       75600000  -5948799.4830  -5948310.9720      -488.5109 3m18s/Msamples
       75700000  -5948769.6344  -5948300.1298      -469.5045 3m18s/Msamples
       75800000  -5948775.1284  -5948290.3003      -484.8280 3m18s/Msamples
       75900000  -5948773.1449  -5948300.7540      -472.3909 3m18s/Msamples
       76000000  -5948777.7331  -5948295.6074      -482.1256 3m18s/Msamples
       76100000  -5948771.9689  -5948297.1742      -474.7946 3m18s/Msamples
       76200000  -5948760.6359  -5948293.3757      -467.2601 3m18s/Msamples
       76300000  -5948782.5449  -5948297.1037      -485.4412 3m18s/Msamples
       76400000  -5948781.0637  -5948302.1304      -478.9332 3m19s/Msamples
       76500000  -5948761.4995  -5948290.2704      -471.2291 3m19s/Msamples
       76600000  -5948771.9284  -5948303.4624      -468.4659 3m19s/Msamples
       76700000  -5948778.3551  -5948301.6977      -476.6574 3m19s/Msamples
       76800000  -5948765.4558  -5948296.5530      -468.9027 3m19s/Msamples
       76900000  -5948775.1539  -5948306.0389      -469.1150 3m19s/Msamples
       77000000  -5948776.4276  -5948309.7862      -466.6413 3m19s/Msamples
       77100000  -5948775.0403  -5948306.3866      -468.6537 3m19s/Msamples
       77200000  -5948765.7581  -5948301.3103      -464.4478 3m19s/Msamples
       77300000  -5948776.7530  -5948300.3088      -476.4441 3m19s/Msamples
       77400000  -5948780.5873  -5948302.8853      -477.7020 3m20s/Msamples
       77500000  -5948767.8168  -5948297.7535      -470.0633 3m20s/Msamples
       77600000  -5948774.1972  -5948307.0380      -467.1591 3m20s/Msamples
       77700000  -5948758.0000  -5948288.1541      -469.8459 3m20s/Msamples
       77800000  -5948754.3145  -5948292.9332      -461.3812 3m20s/Msamples
       77900000  -5948762.3584  -5948295.0468      -467.3115 3m20s/Msamples
       78000000  -5948772.0237  -5948294.6841      -477.3396 3m20s/Msamples
       78100000  -5948783.5546  -5948303.8074      -479.7472 3m20s/Msamples
       78200000  -5948765.1089  -5948293.5439      -471.5650 3m20s/Msamples
       78300000  -5948765.1775  -5948300.0189      -465.1585 3m20s/Msamples
       78400000  -5948787.7004  -5948303.0826      -484.6177 3m20s/Msamples
       78500000  -5948766.0540  -5948293.3620      -472.6919 3m20s/Msamples
       78600000  -5948764.5352  -5948296.8622      -467.6730 3m20s/Msamples
       78700000  -5948771.9030  -5948298.9307      -472.9722 3m21s/Msamples
       78800000  -5948785.3864  -5948305.6783      -479.7081 3m21s/Msamples
       78900000  -5948775.7259  -5948307.8558      -467.8700 3m21s/Msamples
       79000000  -5948777.0246  -5948301.7689      -475.2556 3m21s/Msamples
       79100000  -5948776.6144  -5948301.1976      -475.4168 3m21s/Msamples
       79200000  -5948781.2394  -5948311.1169      -470.1224 3m21s/Msamples
       79300000  -5948758.4197  -5948296.2997      -462.1199 3m21s/Msamples
       79400000  -5948774.7790  -5948304.3802      -470.3988 3m21s/Msamples
       79500000  -5948779.2804  -5948309.7921      -469.4883 3m22s/Msamples
       79600000  -5948773.0455  -5948300.6003      -472.4451 3m22s/Msamples
       79700000  -5948792.0547  -5948316.0475      -476.0072 3m22s/Msamples
       79800000  -5948772.7390  -5948296.4584      -476.2805 3m22s/Msamples
       79900000  -5948765.3822  -5948302.3124      -463.0698 3m22s/Msamples
       80000000  -5948785.3702  -5948296.0606      -489.3095 3m22s/Msamples
       80100000  -5948763.5221  -5948292.1682      -471.3539 3m22s/Msamples
       80200000  -5948763.9756  -5948300.8548      -463.1207 3m22s/Msamples
       80300000  -5948773.3995  -5948308.8445      -464.5550 3m22s/Msamples
       80400000  -5948776.1593  -5948299.2795      -476.8797 3m23s/Msamples
       80500000  -5948784.9115  -5948307.0731      -477.8383 3m23s/Msamples
       80600000  -5948771.3070  -5948301.0725      -470.2345 3m23s/Msamples
       80700000  -5948794.9419  -5948302.8482      -492.0936 3m23s/Msamples
       80800000  -5948779.7377  -5948307.7636      -471.9741 3m23s/Msamples
       80900000  -5948761.7376  -5948291.0594      -470.6782 3m23s/Msamples
       81000000  -5948771.9723  -5948298.9604      -473.0118 3m23s/Msamples
       81100000  -5948779.6845  -5948310.6926      -468.9918 3m23s/Msamples
       81200000  -5948753.1919  -5948288.1640      -465.0279 3m23s/Msamples
       81300000  -5948776.2353  -5948307.5048      -468.7305 3m24s/Msamples
       81400000  -5948776.1890  -5948303.6899      -472.4990 3m24s/Msamples
       81500000  -5948763.6832  -5948297.7540      -465.9292 3m24s/Msamples
       81600000  -5948777.2997  -5948309.1636      -468.1360 3m24s/Msamples
       81700000  -5948774.2815  -5948312.3798      -461.9017 3m24s/Msamples
       81800000  -5948784.8625  -5948306.6883      -478.1741 3m24s/Msamples
       81900000  -5948773.2763  -5948304.4665      -468.8097 3m24s/Msamples
       82000000  -5948772.2428  -5948298.7367      -473.5060 3m24s/Msamples
       82100000  -5948762.6832  -5948290.8668      -471.8164 3m25s/Msamples
       82200000  -5948777.8009  -5948302.5629      -475.2379 3m25s/Msamples
       82300000  -5948776.3916  -5948302.0558      -474.3357 3m25s/Msamples
       82400000  -5948782.0420  -5948315.0241      -467.0178 3m25s/Msamples
       82500000  -5948777.8653  -5948305.5023      -472.3630 3m25s/Msamples
       82600000  -5948787.6340  -5948312.2320      -475.4020 3m25s/Msamples
       82700000  -5948767.6679  -5948299.9156      -467.7523 3m26s/Msamples
       82800000  -5948770.2169  -5948300.5818      -469.6351 3m26s/Msamples
       82900000  -5948787.2148  -5948306.6089      -480.6059 3m26s/Msamples
       83000000  -5948767.1196  -5948300.9038      -466.2158 3m26s/Msamples
       83100000  -5948769.1248  -5948295.4042      -473.7206 3m26s/Msamples
       83200000  -5948793.2179  -5948307.8070      -485.4109 3m26s/Msamples
       83300000  -5948774.5898  -5948298.5004      -476.0894 3m26s/Msamples
       83400000  -5948762.3808  -5948289.3687      -473.0120 3m26s/Msamples
       83500000  -5948771.8558  -5948300.7479      -471.1078 3m26s/Msamples
       83600000  -5948770.9347  -5948301.9126      -469.0221 3m26s/Msamples
       83700000  -5948772.5465  -5948292.5449      -480.0015 3m26s/Msamples
       83800000  -5948766.1838  -5948297.8452      -468.3385 3m26s/Msamples
       83900000  -5948759.2316  -5948292.8939      -466.3377 3m26s/Msamples
       84000000  -5948763.1007  -5948298.7256      -464.3750 3m26s/Msamples
       84100000  -5948791.1178  -5948312.8156      -478.3022 3m27s/Msamples
       84200000  -5948773.2462  -5948308.5227      -464.7234 3m27s/Msamples
       84300000  -5948757.6773  -5948299.1492      -458.5280 3m27s/Msamples
       84400000  -5948760.3391  -5948291.5726      -468.7664 3m27s/Msamples
       84500000  -5948765.1831  -5948304.1735      -461.0096 3m27s/Msamples
       84600000  -5948771.8820  -5948296.8371      -475.0449 3m27s/Msamples
       84700000  -5948787.0601  -5948303.2715      -483.7885 3m27s/Msamples
       84800000  -5948774.4485  -5948297.6683      -476.7802 3m27s/Msamples
       84900000  -5948785.3446  -5948311.7699      -473.5747 3m27s/Msamples
       85000000  -5948790.2362  -5948317.5723      -472.6639 3m27s/Msamples
       85100000  -5948776.5324  -5948306.0989      -470.4335 3m27s/Msamples
       85200000  -5948789.7632  -5948297.6192      -492.1439 3m27s/Msamples
       85300000  -5948756.8746  -5948290.0882      -466.7864 3m27s/Msamples
       85400000  -5948773.1971  -5948312.5588      -460.6382 3m27s/Msamples
       85500000  -5948775.8847  -5948305.7717      -470.1130 3m27s/Msamples
       85600000  -5948781.9176  -5948302.8453      -479.0723 3m28s/Msamples
       85700000  -5948776.8933  -5948296.3076      -480.5856 3m28s/Msamples
       85800000  -5948767.9547  -5948297.8391      -470.1156 3m28s/Msamples
       85900000  -5948790.3440  -5948305.5442      -484.7997 3m28s/Msamples
       86000000  -5948760.3291  -5948300.4555      -459.8735 3m28s/Msamples
       86100000  -5948770.6431  -5948307.4524      -463.1906 3m28s/Msamples
       86200000  -5948784.8535  -5948306.9091      -477.9443 3m28s/Msamples
       86300000  -5948779.6550  -5948305.1274      -474.5276 3m28s/Msamples
       86400000  -5948758.3333  -5948295.0165      -463.3168 3m28s/Msamples
       86500000  -5948748.8745  -5948285.3160      -463.5585 3m28s/Msamples
       86600000  -5948779.1663  -5948295.7488      -483.4175 3m28s/Msamples
       86700000  -5948788.9940  -5948318.3465      -470.6475 3m28s/Msamples
       86800000  -5948788.2091  -5948326.7421      -461.4669 3m28s/Msamples
       86900000  -5948776.4567  -5948302.1694      -474.2873 3m28s/Msamples
       87000000  -5948795.1301  -5948307.2225      -487.9076 3m28s/Msamples
       87100000  -5948763.9210  -5948295.6935      -468.2274 3m28s/Msamples
       87200000  -5948766.3997  -5948290.4141      -475.9855 3m28s/Msamples
       87300000  -5948776.6235  -5948312.3922      -464.2312 3m28s/Msamples
       87400000  -5948781.0852  -5948298.4367      -482.6484 3m29s/Msamples
       87500000  -5948774.2700  -5948304.4701      -469.7999 3m29s/Msamples
       87600000  -5948784.7247  -5948311.8115      -472.9132 3m29s/Msamples
       87700000  -5948787.4643  -5948315.0546      -472.4097 3m29s/Msamples
       87800000  -5948775.4615  -5948298.6031      -476.8583 3m29s/Msamples
       87900000  -5948764.5301  -5948303.4322      -461.0978 3m29s/Msamples
       88000000  -5948775.7782  -5948309.2773      -466.5009 3m29s/Msamples
       88100000  -5948785.0875  -5948307.9702      -477.1173 3m29s/Msamples
       88200000  -5948784.5331  -5948309.9985      -474.5346 3m29s/Msamples
       88300000  -5948783.2975  -5948299.2454      -484.0520 3m29s/Msamples
       88400000  -5948778.1250  -5948300.5973      -477.5276 3m29s/Msamples
       88500000  -5948773.8344  -5948308.6558      -465.1786 3m29s/Msamples
       88600000  -5948773.2730  -5948299.5118      -473.7611 3m29s/Msamples
       88700000  -5948770.2889  -5948304.7893      -465.4996 3m29s/Msamples
       88800000  -5948765.4417  -5948298.4755      -466.9662 3m29s/Msamples
       88900000  -5948787.4921  -5948305.3049      -482.1872 3m30s/Msamples
       89000000  -5948773.8420  -5948298.0575      -475.7844 3m30s/Msamples
       89100000  -5948778.0551  -5948309.4724      -468.5826 3m30s/Msamples
       89200000  -5948771.5258  -5948302.1212      -469.4045 3m30s/Msamples
       89300000  -5948785.8315  -5948307.3590      -478.4725 3m30s/Msamples
       89400000  -5948770.5099  -5948300.4667      -470.0432 3m30s/Msamples
       89500000  -5948787.5070  -5948298.4623      -489.0447 3m30s/Msamples
       89600000  -5948765.2535  -5948294.8783      -470.3751 3m30s/Msamples
       89700000  -5948775.4345  -5948304.4918      -470.9427 3m30s/Msamples
       89800000  -5948772.4928  -5948302.0666      -470.4261 3m31s/Msamples
       89900000  -5948774.2855  -5948304.8798      -469.4057 3m31s/Msamples
       90000000  -5948775.9568  -5948296.5963      -479.3605 3m31s/Msamples
       90100000  -5948789.7977  -5948306.1014      -483.6962 3m31s/Msamples
       90200000  -5948755.0193  -5948295.8866      -459.1327 3m31s/Msamples
       90300000  -5948791.9290  -5948306.1355      -485.7934 3m31s/Msamples
       90400000  -5948767.5541  -5948298.8674      -468.6866 3m31s/Msamples
       90500000  -5948786.1219  -5948304.5138      -481.6081 3m31s/Msamples
       90600000  -5948764.0498  -5948308.7256      -455.3241 3m31s/Msamples
       90700000  -5948767.0644  -5948300.2526      -466.8118 3m32s/Msamples
       90800000  -5948774.3646  -5948310.0915      -464.2731 3m32s/Msamples
       90900000  -5948759.4201  -5948294.0207      -465.3994 3m32s/Msamples
       91000000  -5948761.5100  -5948310.6051      -450.9049 3m32s/Msamples
       91100000  -5948766.7218  -5948304.8958      -461.8260 3m32s/Msamples
       91200000  -5948778.9616  -5948310.7113      -468.2502 3m32s/Msamples
       91300000  -5948768.2357  -5948301.4624      -466.7733 3m32s/Msamples
       91400000  -5948766.8791  -5948300.5235      -466.3555 3m33s/Msamples
       91500000  -5948777.1936  -5948302.6108      -474.5827 3m33s/Msamples
       91600000  -5948769.2152  -5948297.9717      -471.2435 3m33s/Msamples
       91700000  -5948773.7420  -5948296.2321      -477.5099 3m33s/Msamples
       91800000  -5948762.7066  -5948300.4980      -462.2086 3m33s/Msamples
       91900000  -5948781.0492  -5948311.0769      -469.9723 3m33s/Msamples
       92000000  -5948788.0067  -5948320.9437      -467.0629 3m33s/Msamples
       92100000  -5948792.2544  -5948319.2286      -473.0258 3m33s/Msamples
       92200000  -5948777.3874  -5948300.9555      -476.4318 3m33s/Msamples
       92300000  -5948789.2858  -5948315.5025      -473.7833 3m33s/Msamples
       92400000  -5948780.1404  -5948310.9115      -469.2288 3m33s/Msamples
       92500000  -5948792.8442  -5948322.1290      -470.7152 3m33s/Msamples
       92600000  -5948755.3636  -5948294.1262      -461.2373 3m33s/Msamples
       92700000  -5948770.9628  -5948294.8119      -476.1508 3m33s/Msamples
       92800000  -5948770.7873  -5948309.6235      -461.1638 3m33s/Msamples
       92900000  -5948768.9158  -5948313.0426      -455.8732 3m33s/Msamples
       93000000  -5948788.0920  -5948312.8887      -475.2032 3m33s/Msamples
       93100000  -5948791.2984  -5948300.5990      -490.6993 3m33s/Msamples
       93200000  -5948774.3115  -5948301.0210      -473.2905 3m33s/Msamples
       93300000  -5948779.2447  -5948301.7322      -477.5125 3m33s/Msamples
       93400000  -5948793.2269  -5948313.9634      -479.2634 3m33s/Msamples
       93500000  -5948770.7007  -5948296.5924      -474.1082 3m33s/Msamples
       93600000  -5948777.6010  -5948304.4353      -473.1657 3m33s/Msamples
       93700000  -5948763.3100  -5948297.1844      -466.1256 3m33s/Msamples
       93800000  -5948775.7533  -5948307.3546      -468.3987 3m34s/Msamples
       93900000  -5948761.8655  -5948296.2320      -465.6334 3m34s/Msamples
       94000000  -5948777.2924  -5948305.2924      -471.9999 3m34s/Msamples
       94100000  -5948772.9640  -5948298.9627      -474.0012 3m34s/Msamples
       94200000  -5948771.7819  -5948304.8052      -466.9767 3m34s/Msamples
       94300000  -5948775.3697  -5948304.0688      -471.3009 3m34s/Msamples
       94400000  -5948786.6429  -5948313.4305      -473.2124 3m34s/Msamples
       94500000  -5948797.1847  -5948307.6451      -489.5396 3m34s/Msamples
       94600000  -5948783.8373  -5948310.4115      -473.4257 3m34s/Msamples
       94700000  -5948768.9720  -5948301.9151      -467.0569 3m34s/Msamples
       94800000  -5948773.4815  -5948292.4202      -481.0612 3m34s/Msamples
       94900000  -5948787.2294  -5948308.0533      -479.1761 3m34s/Msamples
       95000000  -5948783.1254  -5948307.6292      -475.4961 3m34s/Msamples
       95100000  -5948769.0720  -5948302.1981      -466.8739 3m34s/Msamples
       95200000  -5948766.6559  -5948293.1294      -473.5265 3m34s/Msamples
       95300000  -5948767.5319  -5948296.5309      -471.0010 3m34s/Msamples
       95400000  -5948779.9307  -5948300.3462      -479.5845 3m34s/Msamples
       95500000  -5948763.6595  -5948303.7498      -459.9096 3m35s/Msamples
       95600000  -5948771.1199  -5948307.9764      -463.1434 3m35s/Msamples
       95700000  -5948786.7708  -5948311.6589      -475.1119 3m35s/Msamples
       95800000  -5948772.4072  -5948296.7934      -475.6138 3m35s/Msamples
       95900000  -5948773.0571  -5948302.4578      -470.5993 3m35s/Msamples
       96000000  -5948762.8135  -5948296.4285      -466.3850 3m35s/Msamples
       96100000  -5948763.3553  -5948301.2388      -462.1165 3m35s/Msamples
       96200000  -5948771.8362  -5948306.3042      -465.5319 3m35s/Msamples
       96300000  -5948768.0278  -5948307.8322      -460.1956 3m35s/Msamples
       96400000  -5948779.9609  -5948313.8012      -466.1597 3m35s/Msamples
       96500000  -5948789.6122  -5948307.9336      -481.6786 3m35s/Msamples
       96600000  -5948757.9340  -5948300.4473      -457.4867 3m35s/Msamples
       96700000  -5948768.8465  -5948303.1605      -465.6859 3m35s/Msamples
       96800000  -5948771.9253  -5948305.5464      -466.3789 3m35s/Msamples
       96900000  -5948765.3925  -5948296.9965      -468.3960 3m35s/Msamples
       97000000  -5948755.9404  -5948297.0225      -458.9178 3m35s/Msamples
       97100000  -5948789.3556  -5948310.3056      -479.0500 3m35s/Msamples
       97200000  -5948766.8679  -5948299.0544      -467.8134 3m35s/Msamples
       97300000  -5948767.4113  -5948299.3289      -468.0823 3m35s/Msamples
       97400000  -5948772.3908  -5948296.4661      -475.9247 3m35s/Msamples
       97500000  -5948779.6950  -5948311.3668      -468.3281 3m35s/Msamples
       97600000  -5948773.1395  -5948301.8379      -471.3015 3m35s/Msamples
       97700000  -5948781.4355  -5948309.2954      -472.1401 3m35s/Msamples
       97800000  -5948787.0089  -5948313.7119      -473.2970 3m35s/Msamples
       97900000  -5948766.2478  -5948300.4674      -465.7803 3m35s/Msamples
       98000000  -5948771.9817  -5948304.9043      -467.0774 3m35s/Msamples
       98100000  -5948779.4465  -5948291.7654      -487.6810 3m35s/Msamples
       98200000  -5948775.3530  -5948300.6388      -474.7141 3m35s/Msamples
       98300000  -5948775.0616  -5948302.4402      -472.6213 3m35s/Msamples
       98400000  -5948772.8405  -5948296.1459      -476.6945 3m35s/Msamples
       98500000  -5948794.5157  -5948319.6678      -474.8478 3m35s/Msamples
       98600000  -5948779.2399  -5948302.1938      -477.0461 3m35s/Msamples
       98700000  -5948768.7345  -5948306.9311      -461.8033 3m35s/Msamples
       98800000  -5948773.4778  -5948302.1354      -471.3424 3m35s/Msamples
       98900000  -5948762.1249  -5948294.9441      -467.1807 3m35s/Msamples
       99000000  -5948780.5514  -5948305.7310      -474.8204 3m35s/Msamples
       99100000  -5948778.2838  -5948308.2711      -470.0126 3m35s/Msamples
       99200000  -5948760.6503  -5948297.4815      -463.1687 3m35s/Msamples
       99300000  -5948762.0200  -5948291.8263      -470.1937 3m35s/Msamples
       99400000  -5948769.5841  -5948307.7244      -461.8597 3m35s/Msamples
       99500000  -5948781.0795  -5948298.0719      -483.0076 3m35s/Msamples
       99600000  -5948770.4670  -5948291.5688      -478.8982 3m35s/Msamples
       99700000  -5948763.0894  -5948290.7324      -472.3569 3m35s/Msamples
       99800000  -5948790.8516  -5948309.2471      -481.6045 3m35s/Msamples
       99900000  -5948772.4743  -5948306.8541      -465.6201 3m35s/Msamples
      100000000  -5948772.8922  -5948304.1150      -468.7772 3m35s/Msamples

Operator                                                            Tuning    #accept    #reject      Pr(m)  Pr(acc|m)
TipDatesRandomWalker(TipDatesRandomWalker.D51.leaf)               61.25425     258566     543400    0.00803    0.32242 
TipDatesRandomWalker(TipDatesRandomWalker.SAMEA5818803.leaf)      43.22097     216578     586641    0.00803    0.26964 
TipDatesRandomWalker(TipDatesRandomWalker.SAMEA5818818.leaf)      29.80769     220786     581155    0.00803    0.27531 
TipDatesRandomWalker(TipDatesRandomWalker.SAMEA5818828.leaf)      19.24745     222112     580501    0.00803    0.27674 
TipDatesRandomWalker(TipDatesRandomWalker.SAMEA5818821.leaf)      37.24687     216182     587301    0.00803    0.26906 
TipDatesRandomWalker(TipDatesRandomWalker.SAMEA5818825.leaf)      38.05326     221321     579042    0.00803    0.27653 
TipDatesRandomWalker(TipDatesRandomWalker.SAMEA5818830.leaf)      19.69416     219422     582893    0.00803    0.27349 
TipDatesRandomWalker(TipDatesRandomWalker.SAMEA5818829.leaf)      19.94081     212189     590491    0.00803    0.26435 
TipDatesRandomWalker(TipDatesRandomWalker.SAMEA5818826.leaf)      19.63969     217194     585303    0.00803    0.27065 
TipDatesRandomWalker(TipDatesRandomWalker.SAMEA5818822.leaf)      62.22314     247428     555570    0.00803    0.30813 
TipDatesRandomWalker(TipDatesRandomWalker.SAMEA5818808.leaf)      71.10342     280248     522222    0.00803    0.34923 
TipDatesRandomWalker(TipDatesRandomWalker.D72.leaf)               58.60149     269359     533285    0.00803    0.33559 
TipDatesRandomWalker(TipDatesRandomWalker.D75.leaf)               68.00054     262544     538645    0.00803    0.32769 
TipDatesRandomWalker(TipDatesRandomWalker.SAMEA6637004.leaf)      28.81916     207674     595163    0.00803    0.25868 
TipDatesRandomWalker(TipDatesRandomWalker.SAMEA5818805.leaf)      53.85663     237535     565374    0.00803    0.29584 
TipDatesRandomWalker(TipDatesRandomWalker.SAMEA7293135.leaf)     122.60192     260321     543003    0.00803    0.32405 
TipDatesRandomWalker(TipDatesRandomWalker.SAMEA7313236_38.leaf)   16.89985     209840     592415    0.00803    0.26156 
TipDatesRandomWalker(TipDatesRandomWalker.SAMEA7313243_45.leaf)   78.76186     247549     554956    0.00803    0.30847 
TipDatesRandomWalker(TipDatesRandomWalker.SAMEA5818798.leaf)      44.93135     225906     576333    0.00803    0.28159 
TipDatesRandomWalker(TipDatesRandomWalker.SAMEA5818799.leaf)      36.42320     219104     583673    0.00803    0.27293 
TipDatesRandomWalker(TipDatesRandomWalker.SAMEA5818801.leaf)      18.42403     223007     580011    0.00803    0.27771 
TipDatesRandomWalker(TipDatesRandomWalker.SAMEA5818800.leaf)      21.31961     217711     585740    0.00803    0.27097 
TipDatesRandomWalker(TipDatesRandomWalker.SAMEA7313246_49.leaf)   37.47083     219988     582428    0.00803    0.27416 
TipDatesRandomWalker(TipDatesRandomWalker.SAMEA6637002.leaf)      20.86016     223048     581826    0.00803    0.27712 
TipDatesRandomWalker(TipDatesRandomWalker.SAMEA6651390.leaf)      14.89153     202522     599717    0.00803    0.25245 
TipDatesRandomWalker(TipDatesRandomWalker.SAMEA5818815.leaf)      58.83088     225735     574807    0.00803    0.28198 
TipDatesRandomWalker(TipDatesRandomWalker.P212.leaf)              52.80044     239294     563713    0.00803    0.29800 
TipDatesRandomWalker(TipDatesRandomWalker.P187.leaf)              67.02173     268676     534456    0.00803    0.33454 
TipDatesRandomWalker(TipDatesRandomWalker.SAMEA5818817.leaf)      82.55868     281757     522142    0.00803    0.35049 
TipDatesRandomWalker(TipDatesRandomWalker.P387.leaf)              66.21025     229062     571967    0.00803    0.28596 
TipDatesRandomWalker(TipDatesRandomWalker.SAMEA5818809.leaf)      64.57283     283045     519268    0.00803    0.35279 
TipDatesRandomWalker(TipDatesRandomWalker.SAMEA7293136.leaf)      62.97783     246492     555489    0.00803    0.30735 
TipDatesRandomWalker(TipDatesRandomWalker.D71.leaf)               61.86772     262951     538863    0.00803    0.32795 
TipDatesRandomWalker(TipDatesRandomWalker.R36.leaf)               84.92425     284208     517176    0.00803    0.35465 
TipDatesRandomWalker(TipDatesRandomWalker.SAMEA5818811.leaf)      19.64110     220348     581407    0.00803    0.27483 
TipDatesRandomWalker(TipDatesRandomWalker.SAMEA3937653.leaf)      34.89857     224529     576773    0.00803    0.28021 
TipDatesRandomWalker(TipDatesRandomWalker.SAMEA5054093.leaf)      60.38153     279199     522077    0.00803    0.34844 
TipDatesRandomWalker(TipDatesRandomWalker.SAMEA3937654.leaf)      58.06718     229457     571969    0.00803    0.28631 
TipDatesRandomWalker(TipDatesRandomWalker.SAMEA5054089.leaf)      68.14473     257841     545718    0.00803    0.32087 
TipDatesRandomWalker(TipDatesRandomWalker.SAMEA5054090.leaf)      61.54520     266112     537081    0.00803    0.33132 
TipDatesRandomWalker(TipDatesRandomWalker.SAMEA5054092.leaf)      49.99009     238406     565122    0.00803    0.29670 
TipDatesRandomWalker(TipDatesRandomWalker.D62.leaf)               52.70760     239999     563817    0.00803    0.29857 
TipDatesRandomWalker(TipDatesRandomWalker.SAMEA5818806.leaf)      37.50724     219091     582957    0.00803    0.27316 
ScaleOperator(StrictClockRateScaler.c:dna)                         0.72445     578065    1829759    0.02408    0.24008 
UpDownOperator(strictClockUpDownOperator.c:dna)                    0.76691       7744    2399734    0.02408    0.00322 Try setting scaleFactor to about 0.876
ScaleOperator(RateACScaler.s:dna)                                  0.41058      19753      59995    0.00080    0.24769 
ScaleOperator(RateAGScaler.s:dna)                                  0.50482      18339      61726    0.00080    0.22905 
ScaleOperator(RateATScaler.s:dna)                                  0.36032      19858      59988    0.00080    0.24870 
ScaleOperator(RateCGScaler.s:dna)                                  0.31463      20770      59234    0.00080    0.25961 
ScaleOperator(RateGTScaler.s:dna)                                  0.43741      17875      61969    0.00080    0.22387 
ScaleOperator(CoalescentConstantTreeScaler.t:dna)                  0.69555       5263    2402462    0.02408    0.00219 Try setting scaleFactor to about 0.834
ScaleOperator(CoalescentConstantTreeRootScaler.t:dna)              0.66528      31012    2374570    0.02408    0.01289 Try setting scaleFactor to about 0.816
Uniform(CoalescentConstantUniformOperator.t:dna)                         -   13810891   10279225    0.24077    0.57330 
SubtreeSlide(CoalescentConstantSubtreeSlide.t:dna)                20.82323    2047186    9987953    0.12039    0.17010 
Exchange(CoalescentConstantNarrow.t:dna)                                 -    3124101    8915581    0.12039    0.25948 
Exchange(CoalescentConstantWide.t:dna)                                   -      19179    2386827    0.02408    0.00797 
WilsonBalding(CoalescentConstantWilsonBalding.t:dna)                     -      79226    2328089    0.02408    0.03291 
ScaleOperator(PopSizeScaler.t:dna)                                 0.43785     590060    1817206    0.02408    0.24512 
DeltaExchangeOperator(FrequenciesExchanger.s:dna)                  0.00361       5156      74979    0.00080    0.06434 Try setting delta to about 0.002

     Tuning: The value of the operator's tuning parameter, or '-' if the operator can't be optimized.
    #accept: The total number of times a proposal by this operator has been accepted.
    #reject: The total number of times a proposal by this operator has been rejected.
      Pr(m): The probability this operator is chosen in a step of the MCMC (i.e. the normalized weight).
  Pr(acc|m): The acceptance probability (#accept as a fraction of the total proposals for this operator).


Total calculation time: 21573.241 seconds
