2021-04-20 11:31:38,596 Reading the input fasta file: /2/scratch/keaton/plague-phylogeography/results/snippy_multi/all/chromosome/full/snippy-multi.snps.aln
2021-04-20 11:31:38,669 Reading alignment length...
2021-04-20 11:31:38,670 Alignment length: 33703
2021-04-20 11:31:38,670 Reading alignment sample names...
2021-04-20 11:31:38,670 Number of samples: 603
2021-04-20 11:31:38,671 Analyzing alignment for sites with >=0.95 samples with data...
2021-04-20 11:32:33,204 5% Complete
2021-04-20 11:34:57,016 10% Complete
2021-04-20 11:38:49,248 15% Complete
2021-04-20 11:41:17,875 20% Complete
2021-04-20 11:46:41,704 25% Complete
2021-04-20 11:52:57,450 30% Complete
2021-04-20 12:03:20,338 35% Complete
2021-04-20 12:14:37,077 40% Complete
2021-04-20 12:25:06,358 45% Complete
2021-04-20 12:36:46,532 50% Complete
2021-04-20 12:54:23,116 55% Complete
2021-04-20 13:12:31,567 60% Complete
2021-04-20 13:34:07,177 65% Complete
2021-04-20 13:56:05,282 70% Complete
2021-04-20 14:18:17,447 75% Complete
2021-04-20 14:47:37,675 80% Complete
2021-04-20 15:20:56,782 85% Complete
2021-04-20 15:54:15,733 90% Complete
2021-04-20 16:27:33,655 95% Complete
2021-04-20 17:03:11,976 100% Complete
2021-04-20 17:03:11,976 Creating the filtered multiple alignment..
2021-04-20 17:03:16,220 Writing to the output fasta file: /2/scratch/keaton/plague-phylogeography/results/snippy_multi/all/chromosome/full/filter5/snippy-multi.snps.aln
2021-04-20 17:03:16,276 Parsimony informative sites: 17333 (51%)
2021-04-20 17:03:16,276 Biallelic singleton sites: 16246 (48%)
2021-04-20 17:03:16,276 Multiallelic singleton sites: 80 (0%)
2021-04-20 17:03:16,276 Pseudo singleton sites: 44 (0%)
2021-04-20 17:03:16,276 Total singleton sites: 16370 (48%)
2021-04-20 17:03:16,276 Singleton sites passing missing data filter: 12482
2021-04-20 17:03:16,276 Parsimony informative sites passing missing data filter: 13800
2021-04-20 17:03:16,276 Total sites passing missing data filter: 26282
2021-04-20 17:03:16,276 Total sites failing missing data filter: 7421
2021-04-20 17:03:16,276 Wrote a multi-fasta alignment of length: 26282
