2021-06-16 12:14:45,292 Reading the input fasta file: /2/scratch/keaton/plague-phylogeography/results/snippy_multi/all/chromosome/full/snippy-multi.snps.aln
2021-06-16 12:14:45,294 Reading alignment length...
2021-06-16 12:14:45,295 Alignment length: 483
2021-06-16 12:14:45,295 Reading alignment sample names...
2021-06-16 12:14:45,295 Number of samples: 50
2021-06-16 12:14:45,295 Analyzing alignment for sites with >=1.0 samples with data...
2021-06-16 12:14:45,298 5% Complete
2021-06-16 12:14:45,301 10% Complete
2021-06-16 12:14:45,304 15% Complete
2021-06-16 12:14:45,307 20% Complete
2021-06-16 12:14:45,310 25% Complete
2021-06-16 12:14:45,313 30% Complete
2021-06-16 12:14:45,316 35% Complete
2021-06-16 12:14:45,320 40% Complete
2021-06-16 12:14:45,322 45% Complete
2021-06-16 12:14:45,325 50% Complete
2021-06-16 12:14:45,328 55% Complete
2021-06-16 12:14:45,331 60% Complete
2021-06-16 12:14:45,334 65% Complete
2021-06-16 12:14:45,338 70% Complete
2021-06-16 12:14:45,341 75% Complete
2021-06-16 12:14:45,344 80% Complete
2021-06-16 12:14:45,347 85% Complete
2021-06-16 12:14:45,350 90% Complete
2021-06-16 12:14:45,354 95% Complete
2021-06-16 12:14:45,357 100% Complete
2021-06-16 12:14:45,358 Creating the filtered multiple alignment..
2021-06-16 12:14:45,359 Writing to the output fasta file: /2/scratch/keaton/plague-phylogeography/results/snippy_multi/all/chromosome/full/filter0/snippy-multi.snps.aln
2021-06-16 12:14:45,360 Constant sites: 0 (0%)
2021-06-16 12:14:45,360 Parsimony informative sites: 238 (49%)
2021-06-16 12:14:45,360 Biallelic singleton sites: 245 (50%)
2021-06-16 12:14:45,360 Multiallelic singleton sites: 0 (0%)
2021-06-16 12:14:45,360 Pseudo singleton sites: 0 (0%)
2021-06-16 12:14:45,360 Total singleton sites: 245 (50%)
2021-06-16 12:14:45,360 Singleton sites passing missing data filter: 6
2021-06-16 12:14:45,360 Parsimony informative sites passing missing data filter: 16
2021-06-16 12:14:45,360 Filtered nucleotides: 1100
2021-06-16 12:14:45,360 Ambiguous nucleotides: 0 (0%)
2021-06-16 12:14:45,360 Total sites passing missing data filter: 22
2021-06-16 12:14:45,360 Total sites failing missing data filter: 461
2021-06-16 12:14:45,360 Total nucleotides passing missing data filter: 1100
2021-06-16 12:14:45,360 Ambiguous nucleotides passing missing data filter: 0
2021-06-16 12:14:45,361 Wrote a multi-fasta alignment of length: 22
