2021-04-15 17:48:39,473 Reading the input fasta file: /2/scratch/keaton/plague-phylogeography/results/snippy_multi/all/chromosome/snippy-multi.snps.aln
2021-04-15 17:48:39,475 Reading alignment length...
2021-04-15 17:48:39,475 Alignment length: 2683
2021-04-15 17:48:39,475 Reading alignment sample names...
2021-04-15 17:48:39,475 Number of samples: 28
2021-04-15 17:48:39,475 Analyzing alignment for sites with >=0.91 samples with data...
2021-04-15 17:48:39,515 5% Complete
2021-04-15 17:48:39,573 10% Complete
2021-04-15 17:48:39,696 15% Complete
2021-04-15 17:48:39,868 20% Complete
2021-04-15 17:48:40,096 25% Complete
2021-04-15 17:48:40,416 30% Complete
2021-04-15 17:48:40,813 35% Complete
2021-04-15 17:48:41,289 40% Complete
2021-04-15 17:48:41,745 45% Complete
2021-04-15 17:48:42,089 50% Complete
2021-04-15 17:48:42,673 55% Complete
2021-04-15 17:48:43,365 60% Complete
2021-04-15 17:48:44,125 65% Complete
2021-04-15 17:48:44,947 70% Complete
2021-04-15 17:48:45,827 75% Complete
2021-04-15 17:48:46,606 80% Complete
2021-04-15 17:48:47,588 85% Complete
2021-04-15 17:48:48,553 90% Complete
2021-04-15 17:48:49,823 95% Complete
2021-04-15 17:48:51,195 100% Complete
2021-04-15 17:48:51,195 Creating the filtered multiple alignment..
2021-04-15 17:48:51,249 Writing to the output fasta file: /2/scratch/keaton/plague-phylogeography/results/snippy_multi/all/chromosome/filter9/snippy-multi.snps.aln
2021-04-15 17:48:51,251 Parsimony informative sites: 398 (14%)
2021-04-15 17:48:51,251 Biallelic singleton sites: 2280 (84%)
2021-04-15 17:48:51,251 Multiallelic singleton sites: 3 (0%)
2021-04-15 17:48:51,251 Pseudo singleton sites: 2 (0%)
2021-04-15 17:48:51,251 Total singleton sites: 2285 (85%)
2021-04-15 17:48:51,251 Singleton sites passing missing data filter: 1907
2021-04-15 17:48:51,251 Parsimony informative sites passing missing data filter: 342
2021-04-15 17:48:51,251 Total sites passing missing data filter: 2249
2021-04-15 17:48:51,251 Total sites failing missing data filter: 434
2021-04-15 17:48:51,251 Wrote a multi-fasta alignment of length: 2249
