2021-06-16 11:20:58,225 Reading the input fasta file: /2/scratch/keaton/plague-phylogeography/results/snippy_multi/all/chromosome/full/snippy-multi.snps.aln
2021-06-16 11:20:58,227 Reading alignment length...
2021-06-16 11:20:58,227 Alignment length: 483
2021-06-16 11:20:58,227 Reading alignment sample names...
2021-06-16 11:20:58,227 Number of samples: 50
2021-06-16 11:20:58,227 Analyzing alignment for sites with >=0.94 samples with data...
2021-06-16 11:20:58,233 5% Complete
2021-06-16 11:20:58,237 10% Complete
2021-06-16 11:20:58,240 15% Complete
2021-06-16 11:20:58,244 20% Complete
2021-06-16 11:20:58,248 25% Complete
2021-06-16 11:20:58,254 30% Complete
2021-06-16 11:20:58,260 35% Complete
2021-06-16 11:20:58,266 40% Complete
2021-06-16 11:20:58,271 45% Complete
2021-06-16 11:20:58,274 50% Complete
2021-06-16 11:20:58,280 55% Complete
2021-06-16 11:20:58,284 60% Complete
2021-06-16 11:20:58,289 65% Complete
2021-06-16 11:20:58,298 70% Complete
2021-06-16 11:20:58,304 75% Complete
2021-06-16 11:20:58,311 80% Complete
2021-06-16 11:20:58,317 85% Complete
2021-06-16 11:20:58,323 90% Complete
2021-06-16 11:20:58,331 95% Complete
2021-06-16 11:20:58,339 100% Complete
2021-06-16 11:20:58,339 Creating the filtered multiple alignment..
2021-06-16 11:20:58,344 Writing to the output fasta file: /2/scratch/keaton/plague-phylogeography/results/snippy_multi/all/chromosome/full/filter6/snippy-multi.snps.aln
2021-06-16 11:20:58,345 Constant sites: 0 (0%)
2021-06-16 11:20:58,345 Parsimony informative sites: 238 (49%)
2021-06-16 11:20:58,345 Biallelic singleton sites: 245 (50%)
2021-06-16 11:20:58,345 Multiallelic singleton sites: 0 (0%)
2021-06-16 11:20:58,345 Pseudo singleton sites: 0 (0%)
2021-06-16 11:20:58,345 Total singleton sites: 245 (50%)
2021-06-16 11:20:58,345 Singleton sites passing missing data filter: 53
2021-06-16 11:20:58,345 Parsimony informative sites passing missing data filter: 82
2021-06-16 11:20:58,345 Total sites passing missing data filter: 135
2021-06-16 11:20:58,345 Total sites failing missing data filter: 348
2021-06-16 11:20:58,345 Wrote a multi-fasta alignment of length: 135
