2021-06-16 11:24:47,169 Reading the input fasta file: /2/scratch/keaton/plague-phylogeography/results/snippy_multi/all/chromosome/full/snippy-multi.snps.aln
2021-06-16 11:24:47,171 Reading alignment length...
2021-06-16 11:24:47,172 Alignment length: 483
2021-06-16 11:24:47,172 Reading alignment sample names...
2021-06-16 11:24:47,172 Number of samples: 50
2021-06-16 11:24:47,172 Analyzing alignment for sites with >=0.85 samples with data...
2021-06-16 11:24:47,179 5% Complete
2021-06-16 11:24:47,186 10% Complete
2021-06-16 11:24:47,191 15% Complete
2021-06-16 11:24:47,202 20% Complete
2021-06-16 11:24:47,209 25% Complete
2021-06-16 11:24:47,227 30% Complete
2021-06-16 11:24:47,240 35% Complete
2021-06-16 11:24:47,249 40% Complete
2021-06-16 11:24:47,257 45% Complete
2021-06-16 11:24:47,260 50% Complete
2021-06-16 11:24:47,273 55% Complete
2021-06-16 11:24:47,281 60% Complete
2021-06-16 11:24:47,292 65% Complete
2021-06-16 11:24:47,307 70% Complete
2021-06-16 11:24:47,328 75% Complete
2021-06-16 11:24:47,354 80% Complete
2021-06-16 11:24:47,392 85% Complete
2021-06-16 11:24:47,427 90% Complete
2021-06-16 11:24:47,457 95% Complete
2021-06-16 11:24:47,499 100% Complete
2021-06-16 11:24:47,499 Creating the filtered multiple alignment..
2021-06-16 11:24:47,510 Writing to the output fasta file: /2/scratch/keaton/plague-phylogeography/results/snippy_multi/all/chromosome/full/filter15/snippy-multi.snps.aln
2021-06-16 11:24:47,511 Constant sites: 0 (0%)
2021-06-16 11:24:47,511 Parsimony informative sites: 238 (49%)
2021-06-16 11:24:47,511 Biallelic singleton sites: 245 (50%)
2021-06-16 11:24:47,511 Multiallelic singleton sites: 0 (0%)
2021-06-16 11:24:47,511 Pseudo singleton sites: 0 (0%)
2021-06-16 11:24:47,511 Total singleton sites: 245 (50%)
2021-06-16 11:24:47,511 Singleton sites passing missing data filter: 106
2021-06-16 11:24:47,511 Parsimony informative sites passing missing data filter: 149
2021-06-16 11:24:47,512 Total sites passing missing data filter: 255
2021-06-16 11:24:47,512 Total sites failing missing data filter: 228
2021-06-16 11:24:47,512 Wrote a multi-fasta alignment of length: 255
