2021-06-16 11:24:47,129 Reading the input fasta file: /2/scratch/keaton/plague-phylogeography/results/snippy_multi/all/chromosome/full/snippy-multi.snps.aln
2021-06-16 11:24:47,131 Reading alignment length...
2021-06-16 11:24:47,131 Alignment length: 483
2021-06-16 11:24:47,131 Reading alignment sample names...
2021-06-16 11:24:47,131 Number of samples: 50
2021-06-16 11:24:47,131 Analyzing alignment for sites with >=0.89 samples with data...
2021-06-16 11:24:47,137 5% Complete
2021-06-16 11:24:47,142 10% Complete
2021-06-16 11:24:47,145 15% Complete
2021-06-16 11:24:47,151 20% Complete
2021-06-16 11:24:47,156 25% Complete
2021-06-16 11:24:47,163 30% Complete
2021-06-16 11:24:47,172 35% Complete
2021-06-16 11:24:47,178 40% Complete
2021-06-16 11:24:47,184 45% Complete
2021-06-16 11:24:47,186 50% Complete
2021-06-16 11:24:47,196 55% Complete
2021-06-16 11:24:47,203 60% Complete
2021-06-16 11:24:47,210 65% Complete
2021-06-16 11:24:47,220 70% Complete
2021-06-16 11:24:47,230 75% Complete
2021-06-16 11:24:47,239 80% Complete
2021-06-16 11:24:47,252 85% Complete
2021-06-16 11:24:47,273 90% Complete
2021-06-16 11:24:47,293 95% Complete
2021-06-16 11:24:47,326 100% Complete
2021-06-16 11:24:47,326 Creating the filtered multiple alignment..
2021-06-16 11:24:47,334 Writing to the output fasta file: /2/scratch/keaton/plague-phylogeography/results/snippy_multi/all/chromosome/full/filter11/snippy-multi.snps.aln
2021-06-16 11:24:47,335 Constant sites: 0 (0%)
2021-06-16 11:24:47,335 Parsimony informative sites: 238 (49%)
2021-06-16 11:24:47,335 Biallelic singleton sites: 245 (50%)
2021-06-16 11:24:47,335 Multiallelic singleton sites: 0 (0%)
2021-06-16 11:24:47,335 Pseudo singleton sites: 0 (0%)
2021-06-16 11:24:47,336 Total singleton sites: 245 (50%)
2021-06-16 11:24:47,336 Singleton sites passing missing data filter: 79
2021-06-16 11:24:47,336 Parsimony informative sites passing missing data filter: 123
2021-06-16 11:24:47,336 Total sites passing missing data filter: 202
2021-06-16 11:24:47,336 Total sites failing missing data filter: 281
2021-06-16 11:24:47,336 Wrote a multi-fasta alignment of length: 202
