
                   BEAST v2.6.3 Prerelease, 2002-2020
             Bayesian Evolutionary Analysis Sampling Trees
                       Designed and developed by
 Remco Bouckaert, Alexei J. Drummond, Andrew Rambaut & Marc A. Suchard
                                    
                   Centre for Computational Evolution
                         University of Auckland
                       r.bouckaert@auckland.ac.nz
                        alexei@cs.auckland.ac.nz
                                    
                   Institute of Evolutionary Biology
                        University of Edinburgh
                           a.rambaut@ed.ac.uk
                                    
                    David Geffen School of Medicine
                 University of California, Los Angeles
                           msuchard@ucla.edu
                                    
                      Downloads, Help & Resources:
                           http://beast2.org/
                                    
  Source code distributed under the GNU Lesser General Public License:
                   http://github.com/CompEvol/beast2
                                    
                           BEAST developers:
   Alex Alekseyenko, Trevor Bedford, Erik Bloomquist, Joseph Heled, 
 Sebastian Hoehna, Denise Kuehnert, Philippe Lemey, Wai Lok Sibon Li, 
Gerton Lunter, Sidney Markowitz, Vladimir Minin, Michael Defoin Platel, 
          Oliver Pybus, Tim Vaughan, Chieh-Hsi Wu, Walter Xie
                                    
                               Thanks to:
          Roald Forsberg, Beth Shapiro and Korbinian Strimmer

Random number seed: 45375043257

Alignment(original-dna)
  117 taxa
  10249 sites
  2253 patterns

Filter -
117 taxa
10249 sites + 4218849 constant sites
2253 patterns
GCA_000168235.2_ASM16823v2_genomic = 26.0 (21.0)
GCA_000169635.1_ASM16963v1_genomic = 16.0 (11.0)
GCA_000170275.1_ASM17027v1_genomic = 30.0 (25.0)
GCA_000181455.2_ASM18145v2_genomic = 33.0 (28.0)
GCA_000182505.1_ASM18250v1_genomic = 97.0 (92.0)
GCA_000182525.1_ASM18252v1_genomic = 55.0 (50.0)
GCA_000255735.1_ASM25573v1_genomic = 12.0 (7.0)
GCA_000255755.1_ASM25575v1_genomic = 12.0 (7.0)
GCA_000255775.1_ASM25577v1_genomic = 12.0 (7.0)
GCA_000255795.1_ASM25579v1_genomic = 12.0 (7.0)
GCA_000255815.1_ASM25581v1_genomic = 12.0 (7.0)
GCA_000255835.1_ASM25583v1_genomic = 12.0 (7.0)
GCA_000255855.1_ASM25585v1_genomic = 12.0 (7.0)
GCA_000255875.1_ASM25587v1_genomic = 12.0 (7.0)
GCA_000255895.1_ASM25589v1_genomic = 12.0 (7.0)
GCA_000268325.1_ASM26832v1_genomic = 15.0 (10.0)
GCA_000268345.1_ASM26834v1_genomic = 15.0 (10.0)
GCA_000268365.1_ASM26836v1_genomic = 15.0 (10.0)
GCA_000268385.1_ASM26838v1_genomic = 15.0 (10.0)
GCA_000268405.1_ASM26840v1_genomic = 15.0 (10.0)
GCA_000268425.1_ASM26842v1_genomic = 15.0 (10.0)
GCA_000268445.1_ASM26844v1_genomic = 15.0 (10.0)
GCA_000268465.1_ASM26846v1_genomic = 13.0 (8.0)
GCA_000268485.1_ASM26848v1_genomic = 12.0 (7.0)
GCA_000268485.2_ASM26848v2_genomic = 12.0 (7.0)
GCA_000268505.1_ASM26850v1_genomic = 12.0 (7.0)
GCA_000268525.1_ASM26852v1_genomic = 11.0 (6.0)
GCA_000268545.1_ASM26854v1_genomic = 15.0 (10.0)
GCA_000268565.1_ASM26856v1_genomic = 15.0 (10.0)
GCA_000268585.1_ASM26858v1_genomic = 15.0 (10.0)
GCA_000268605.1_ASM26860v1_genomic = 14.0 (9.0)
GCA_000268625.1_ASM26862v1_genomic = 13.0 (8.0)
GCA_000268645.1_ASM26864v1_genomic = 12.0 (7.0)
GCA_000268665.1_ASM26866v1_genomic = 11.0 (6.0)
GCA_000268685.1_ASM26868v1_genomic = 11.0 (6.0)
GCA_000268705.1_ASM26870v1_genomic = 11.0 (6.0)
GCA_000268725.1_ASM26872v1_genomic = 11.0 (6.0)
GCA_000268725.2_ASM26872v2_genomic = 11.0 (6.0)
GCA_000268745.1_ASM26874v1_genomic = 11.0 (6.0)
GCA_000268765.1_ASM26876v1_genomic = 11.0 (6.0)
GCA_000268785.1_ASM26878v1_genomic = 11.0 (6.0)
GCA_000268805.1_ASM26880v1_genomic = 11.0 (6.0)
GCA_000268805.2_ASM26880v2_genomic = 11.0 (6.0)
GCA_000268825.1_ASM26882v1_genomic = 11.0 (6.0)
GCA_000268845.1_ASM26884v1_genomic = 11.0 (6.0)
GCA_000268865.1_ASM26886v1_genomic = 11.0 (6.0)
GCA_000268865.2_ASM26886v2_genomic = 11.0 (6.0)
GCA_000268885.1_ASM26888v1_genomic = 11.0 (6.0)
GCA_000268905.1_ASM26890v1_genomic = 11.0 (6.0)
GCA_000268925.1_ASM26892v1_genomic = 11.0 (6.0)
GCA_000268945.1_ASM26894v1_genomic = 11.0 (6.0)
GCA_000268965.1_ASM26896v1_genomic = 11.0 (6.0)
GCA_000268985.1_ASM26898v1_genomic = 11.0 (6.0)
GCA_000269005.1_ASM26900v1_genomic = 11.0 (6.0)
GCA_000269025.1_ASM26902v1_genomic = 11.0 (6.0)
GCA_000269045.1_ASM26904v1_genomic = 11.0 (6.0)
GCA_000269065.1_ASM26906v1_genomic = 11.0 (6.0)
GCA_000269085.1_ASM26908v1_genomic = 11.0 (6.0)
GCA_000269105.1_ASM26910v1_genomic = 11.0 (6.0)
GCA_000269125.1_ASM26912v1_genomic = 11.0 (6.0)
GCA_000269145.1_ASM26914v1_genomic = 11.0 (6.0)
GCA_000269165.1_ASM26916v1_genomic = 11.0 (6.0)
GCA_000269185.1_ASM26918v1_genomic = 11.0 (6.0)
GCA_000269205.1_ASM26920v1_genomic = 11.0 (6.0)
GCA_000269225.1_ASM26922v1_genomic = 11.0 (6.0)
GCA_000269245.1_ASM26924v1_genomic = 11.0 (6.0)
GCA_000269265.1_ASM26926v1_genomic = 11.0 (6.0)
GCA_000269285.1_ASM26928v1_genomic = 11.0 (6.0)
GCA_000269285.2_ASM26928v2_genomic = 11.0 (6.0)
GCA_000269305.1_ASM26930v1_genomic = 11.0 (6.0)
GCA_000269325.1_ASM26932v1_genomic = 11.0 (6.0)
GCA_000269345.1_ASM26934v1_genomic = 11.0 (6.0)
GCA_000269365.1_ASM26936v1_genomic = 11.0 (6.0)
GCA_000269385.1_ASM26938v1_genomic = 11.0 (6.0)
GCA_000269405.1_ASM26940v1_genomic = 11.0 (6.0)
GCA_000269425.1_ASM26942v1_genomic = 11.0 (6.0)
GCA_000269445.1_ASM26944v1_genomic = 11.0 (6.0)
GCA_000269465.1_ASM26946v1_genomic = 11.0 (6.0)
GCA_000269485.1_ASM26948v1_genomic = 11.0 (6.0)
GCA_000311885.1_ASM31188v1_genomic = 11.0 (6.0)
GCA_000323985.1_ASM32398v1_genomic = 69.0 (64.0)
GCA_000324425.1_ASM32442v1_genomic = 39.0 (34.0)
GCA_000324625.1_ASM32462v1_genomic = 30.0 (25.0)
GCA_000324645.1_ASM32464v1_genomic = 30.0 (25.0)
GCA_000324805.2_EV76-CN_genomic = 95.0 (90.0)
GCA_000324825.1_ASM32482v1_genomic = 75.0 (70.0)
GCA_000324865.1_ASM32486v1_genomic = 37.0 (32.0)
GCA_000325405.1_ASM32540v1_genomic = 26.0 (21.0)
GCA_000325425.1_ASM32542v1_genomic = 19.0 (14.0)
GCA_000325445.1_ASM32544v1_genomic = 21.0 (16.0)
GCA_000325485.1_ASM32548v1_genomic = 39.0 (34.0)
GCA_000475095.2_YP009_v2_genomic = 27.0 (22.0)
GCA_000475115.2_YP113_v2_genomic = 27.0 (22.0)
GCA_000475155.2_YP24H_v2_genomic = 23.0 (18.0)
GCA_000590535.1_EV_NIIEG_genomic = 80.0 (75.0)
GCA_000590535.2_ASM59053v2_genomic = 80.0 (75.0)
GCA_000705315.1_EDB10_058v1_genomic = 11.0 (6.0)
GCA_000834335.1_ASM83433v1_genomic = 67.0 (62.0)
GCA_000834495.1_ASM83449v1_genomic = 19.0 (14.0)
GCA_000834755.1_ASM83475v1_genomic = 82.0 (77.0)
GCA_000834775.1_ASM83477v1_genomic = 54.0 (49.0)
GCA_000834905.1_ASM83490v1_genomic = 64.0 (59.0)
GCA_000986995.1_YPES001-SEQ-2-ASM-1_genomic = 27.0 (22.0)
GCA_001261985.1_YPW_3_IHQD_genomic = 50.5 (45.5)
GCA_001487065.1_Yersinia_pestis_genomic = 13.0 (8.0)
GCA_001509855.1_ASM150985v1_genomic = 10.0 (5.0)
GCA_001509865.1_ASM150986v1_genomic = 12.0 (7.0)
GCA_001693595.1_ASM169359v1_genomic = 5.0 (0.0)
GCA_003797205.1_ASM379720v1_genomic = 52.0 (47.0)
GCA_003798085.1_ASM379808v1_genomic = 64.0 (59.0)
GCA_013421455.1_ASM1342145v1_genomic = 54.0 (49.0)
GCA_013421465.1_ASM1342146v1_genomic = 59.0 (54.0)
GCA_013421535.1_ASM1342153v1_genomic = 33.0 (28.0)
GCA_013421545.1_ASM1342154v1_genomic = 35.0 (30.0)
GCA_013421555.1_ASM1342155v1_genomic = 35.0 (30.0)
GCA_900460465.1_57940_B01_genomic = 82.0 (77.0)
Reference = 29.0 (24.0)
  UCRelaxedClockModel: using 232 rate categories to approximate rate distribution across branches.
Filter 1-2049
117 taxa
2049 sites + 4218849 constant sites
524 patterns
  UCRelaxedClockModel: using 232 rate categories to approximate rate distribution across branches.
  Using BEAGLE version: 3.1.2 resource 0: CPU
    with instance flags:  PRECISION_DOUBLE COMPUTATION_SYNCH EIGEN_REAL SCALING_MANUAL SCALERS_RAW VECTOR_SSE THREADING_NONE PROCESSOR_CPU FRAMEWORK_CPU
Filter 2050-4098
117 taxa
2049 sites
587 patterns
  UCRelaxedClockModel: using 232 rate categories to approximate rate distribution across branches.
  Using BEAGLE version: 3.1.2 resource 0: CPU
    with instance flags:  PRECISION_DOUBLE COMPUTATION_SYNCH EIGEN_REAL SCALING_MANUAL SCALERS_RAW VECTOR_SSE THREADING_NONE PROCESSOR_CPU FRAMEWORK_CPU
Filter 4099-6147
117 taxa
2049 sites
565 patterns
  UCRelaxedClockModel: using 232 rate categories to approximate rate distribution across branches.
  Using BEAGLE version: 3.1.2 resource 0: CPU
    with instance flags:  PRECISION_DOUBLE COMPUTATION_SYNCH EIGEN_REAL SCALING_MANUAL SCALERS_RAW VECTOR_SSE THREADING_NONE PROCESSOR_CPU FRAMEWORK_CPU
Filter 6148-8196
117 taxa
2049 sites
541 patterns
  UCRelaxedClockModel: using 232 rate categories to approximate rate distribution across branches.
  Using BEAGLE version: 3.1.2 resource 0: CPU
    with instance flags:  PRECISION_DOUBLE COMPUTATION_SYNCH EIGEN_REAL SCALING_MANUAL SCALERS_RAW VECTOR_SSE THREADING_NONE PROCESSOR_CPU FRAMEWORK_CPU
Filter 8197-10249
117 taxa
2053 sites
527 patterns
  UCRelaxedClockModel: using 232 rate categories to approximate rate distribution across branches.
  Using BEAGLE version: 3.1.2 resource 0: CPU
    with instance flags:  PRECISION_DOUBLE COMPUTATION_SYNCH EIGEN_REAL SCALING_MANUAL SCALERS_RAW VECTOR_SSE THREADING_NONE PROCESSOR_CPU FRAMEWORK_CPU
===============================================================================
Citations for this model:

Bouckaert, Remco, Timothy G. Vaughan, Joëlle Barido-Sottani, Sebastián Duchêne, Mathieu Fourment, 
Alexandra Gavryushkina, Joseph Heled, Graham Jones, Denise Kühnert, Nicola De Maio, Michael Matschiner, 
Fábio K. Mendes, Nicola F. Müller, Huw A. Ogilvie, Louis du Plessis, Alex Popinga, Andrew Rambaut, 
David Rasmussen, Igor Siveroni, Marc A. Suchard, Chieh-Hsi Wu, Dong Xie, Chi Zhang, Tanja Stadler, 
Alexei J. Drummond 
  BEAST 2.5: An advanced software platform for Bayesian evolutionary analysis. 
  PLoS computational biology 15, no. 4 (2019): e1006650.

Drummond AJ, Ho SYW, Phillips MJ, Rambaut A (2006) Relaxed Phylogenetics and
  Dating with Confidence. PLoS Biol 4(5): e88

===============================================================================
Start likelihood: -2.7528034496326435E8 
Writing file beast.log
Writing file beast.trees
         Sample      posterior     likelihood          prior
              0 -2.752803449E8 -2.752800497E8      -295.2328 --
         100000  -5874596.1403  -5873905.9998      -690.1405 --
         200000  -5874482.8936  -5873799.4254      -683.4682 --
         300000  -5874444.6934  -5873758.0099      -686.6835 --
         400000  -5874211.6812  -5873533.0819      -678.5992 --
         500000  -5874049.0270  -5873354.9842      -694.0428 --
         600000  -5873965.2140  -5873294.6641      -670.5498 15m1s/Msamples
         700000  -5874002.6471  -5873304.2960      -698.3510 16m17s/Msamples
         800000  -5873999.4762  -5873290.7895      -708.6867 15m55s/Msamples
         900000  -5873969.0251  -5873252.3318      -716.6933 15m30s/Msamples
        1000000  -5873957.4907  -5873260.6016      -696.8891 14m51s/Msamples
        1100000  -5873965.0746  -5873267.8835      -697.1911 14m45s/Msamples
        1200000  -5873949.8349  -5873266.0177      -683.8172 14m39s/Msamples
        1300000  -5873944.5104  -5873253.8113      -690.6990 14m18s/Msamples
        1400000  -5873954.5256  -5873261.7910      -692.7345 14m27s/Msamples
        1500000  -5873955.1185  -5873250.9728      -704.1456 14m33s/Msamples
        1600000  -5873910.7045  -5873248.2255      -662.4790 14m39s/Msamples
        1700000  -5873925.6724  -5873226.2728      -699.3996 14m43s/Msamples
        1800000  -5873924.6827  -5873247.5457      -677.1370 14m52s/Msamples
        1900000  -5873868.0072  -5873209.2459      -658.7612 14m59s/Msamples
        2000000  -5873903.4296  -5873222.7933      -680.6362 14m59s/Msamples
        2100000  -5873931.1537  -5873213.3713      -717.7823 14m58s/Msamples
        2200000  -5873877.1132  -5873157.7454      -719.3678 14m56s/Msamples
        2300000  -5873898.9766  -5873150.9289      -748.0477 14m53s/Msamples
        2400000  -5873864.7478  -5873133.3630      -731.3848 14m53s/Msamples
        2500000  -5873874.4088  -5873134.3685      -740.0402 14m55s/Msamples
        2600000  -5873862.3365  -5873140.1156      -722.2208 14m54s/Msamples
        2700000  -5873833.0667  -5873114.8865      -718.1801 14m49s/Msamples
        2800000  -5873831.2572  -5873110.3040      -720.9532 14m55s/Msamples
        2900000  -5873878.0417  -5873110.6024      -767.4392 15m0s/Msamples
        3000000  -5873840.7216  -5873092.2638      -748.4578 15m0s/Msamples
        3100000  -5873852.0786  -5873088.2997      -763.7789 15m1s/Msamples
        3200000  -5873823.7883  -5873111.3896      -712.3986 15m4s/Msamples
        3300000  -5873834.6147  -5873098.7883      -735.8263 15m4s/Msamples
        3400000  -5873840.4963  -5873100.0138      -740.4825 14m57s/Msamples
        3500000  -5873844.1294  -5873100.2979      -743.8314 14m53s/Msamples
        3600000  -5873814.1307  -5873101.4854      -712.6453 14m51s/Msamples
        3700000  -5873835.8707  -5873092.5076      -743.3631 14m50s/Msamples
        3800000  -5873772.1149  -5873078.0641      -694.0508 14m46s/Msamples
        3900000  -5873768.0511  -5873072.3680      -695.6831 14m45s/Msamples
        4000000  -5873819.5870  -5873094.1802      -725.4067 14m47s/Msamples
        4100000  -5873792.5344  -5873091.8711      -700.6632 14m51s/Msamples
        4200000  -5873779.6134  -5873086.5886      -693.0248 14m50s/Msamples
        4300000  -5873780.2138  -5873094.0128      -686.2010 14m52s/Msamples
        4400000  -5873759.2575  -5873074.7704      -684.4870 14m51s/Msamples
        4500000  -5873784.1732  -5873082.8637      -701.3094 14m54s/Msamples
        4600000  -5873785.9278  -5873089.3660      -696.5617 14m53s/Msamples
        4700000  -5873808.4384  -5873082.3951      -726.0433 14m52s/Msamples
        4800000  -5873799.4072  -5873073.7342      -725.6729 14m50s/Msamples
        4900000  -5873811.9002  -5873109.0581      -702.8420 14m50s/Msamples
        5000000  -5873841.3232  -5873108.3738      -732.9493 14m51s/Msamples
        5100000  -5873877.2840  -5873094.7397      -782.5442 14m51s/Msamples
        5200000  -5873916.2841  -5873106.9877      -809.2963 14m52s/Msamples
        5300000  -5873817.8995  -5872978.1985      -839.7009 14m53s/Msamples
        5400000  -5873827.4470  -5873001.9451      -825.5018 14m52s/Msamples
        5500000  -5873761.7855  -5872963.4284      -798.3570 15m0s/Msamples
        5600000  -5873794.9162  -5872968.3764      -826.5397 15m6s/Msamples
        5700000  -5873771.7699  -5872975.8821      -795.8878 15m7s/Msamples
        5800000  -5873737.5759  -5872967.6648      -769.9110 15m9s/Msamples
        5900000  -5873761.3732  -5872964.1777      -797.1954 15m9s/Msamples
        6000000  -5873786.1200  -5872989.2633      -796.8567 15m6s/Msamples
        6100000  -5873807.0633  -5872958.4585      -848.6047 15m3s/Msamples
        6200000  -5873775.4771  -5872970.8347      -804.6424 15m2s/Msamples
        6300000  -5873806.7972  -5872990.5895      -816.2077 15m2s/Msamples
        6400000  -5873735.5469  -5872982.4405      -753.1063 15m6s/Msamples
        6500000  -5873752.8255  -5872964.9028      -787.9226 15m7s/Msamples
        6600000  -5873778.5063  -5872983.9806      -794.5256 15m7s/Msamples
        6700000  -5873784.8123  -5872972.6274      -812.1849 15m9s/Msamples
        6800000  -5873793.7379  -5872995.1564      -798.5815 15m9s/Msamples
        6900000  -5873767.8733  -5872986.5698      -781.3035 15m8s/Msamples
        7000000  -5873799.3304  -5872971.8428      -827.4875 15m7s/Msamples
        7100000  -5873786.3767  -5872989.9907      -796.3860 15m7s/Msamples
        7200000  -5873808.4098  -5872977.0975      -831.3122 15m7s/Msamples
        7300000  -5873753.4105  -5872964.1956      -789.2149 15m6s/Msamples
        7400000  -5873765.3373  -5872986.0855      -779.2517 15m9s/Msamples
        7500000  -5873805.1448  -5872991.3453      -813.7995 15m7s/Msamples
        7600000  -5873779.4610  -5872963.8551      -815.6059 15m4s/Msamples
        7700000  -5873779.1276  -5872982.0812      -797.0464 15m2s/Msamples
        7800000  -5873739.3210  -5872983.2617      -756.0593 15m0s/Msamples
        7900000  -5873746.6901  -5872975.2420      -771.4480 14m58s/Msamples
        8000000  -5873746.5134  -5872979.4999      -767.0135 14m56s/Msamples
        8100000  -5873791.0404  -5872983.5152      -807.5251 14m56s/Msamples
        8200000  -5873767.0928  -5872973.0598      -794.0330 14m54s/Msamples
        8300000  -5873785.2275  -5872988.5647      -796.6628 14m54s/Msamples
        8400000  -5873758.7147  -5872977.1996      -781.5150 14m52s/Msamples
        8500000  -5873757.2237  -5872963.0927      -794.1309 14m52s/Msamples
        8600000  -5873759.9368  -5872968.3808      -791.5560 14m51s/Msamples
        8700000  -5873772.8022  -5872980.6181      -792.1840 14m51s/Msamples
        8800000  -5873794.8458  -5873006.9981      -787.8476 14m50s/Msamples
        8900000  -5873798.1198  -5872985.9585      -812.1612 14m49s/Msamples
        9000000  -5873757.2653  -5872976.9852      -780.2800 14m49s/Msamples
        9100000  -5873734.5124  -5872977.4932      -757.0191 14m50s/Msamples
        9200000  -5873764.5760  -5872975.6082      -788.9678 14m50s/Msamples
        9300000  -5873766.7619  -5872978.2267      -788.5351 14m51s/Msamples
        9400000  -5873765.6061  -5872969.9492      -795.6568 14m52s/Msamples
        9500000  -5873809.6397  -5872988.7124      -820.9273 14m52s/Msamples
        9600000  -5873839.5120  -5872975.2603      -864.2517 14m52s/Msamples
        9700000  -5873805.5289  -5872984.4098      -821.1190 14m51s/Msamples
        9800000  -5873799.6331  -5872963.4262      -836.2068 14m50s/Msamples
        9900000  -5873838.4122  -5872968.3949      -870.0172 14m49s/Msamples
       10000000  -5873839.2531  -5872968.6994      -870.5537 14m47s/Msamples
       10100000  -5873798.9086  -5872979.6204      -819.2881 14m46s/Msamples
       10200000  -5873810.0144  -5872979.4358      -830.5785 14m45s/Msamples
       10300000  -5873835.8160  -5872993.4770      -842.3389 14m48s/Msamples
       10400000  -5873857.9536  -5872989.4136      -868.5400 14m49s/Msamples
       10500000  -5873786.0806  -5872963.0437      -823.0369 14m49s/Msamples
       10600000  -5873810.6216  -5872973.4342      -837.1873 14m49s/Msamples
       10700000  -5873778.3554  -5872966.2992      -812.0562 14m49s/Msamples
       10800000  -5873782.9362  -5872973.5854      -809.3508 14m49s/Msamples
       10900000  -5873752.8831  -5872968.6700      -784.2131 14m48s/Msamples
       11000000  -5873756.0108  -5872967.4938      -788.5169 14m47s/Msamples
       11100000  -5873738.6450  -5872967.8843      -770.7606 14m46s/Msamples
       11200000  -5873805.7444  -5872981.7910      -823.9533 14m45s/Msamples
       11300000  -5873733.5788  -5872975.5896      -757.9892 14m43s/Msamples
       11400000  -5873732.6385  -5872977.4123      -755.2262 14m43s/Msamples
       11500000  -5873757.0681  -5872995.7828      -761.2853 14m46s/Msamples
       11600000  -5873768.9123  -5872989.7123      -779.2000 14m46s/Msamples
       11700000  -5873750.3523  -5872965.4833      -784.8689 14m47s/Msamples
       11800000  -5873793.3315  -5872975.7672      -817.5643 14m48s/Msamples
       11900000  -5873733.0055  -5872971.0230      -761.9825 14m47s/Msamples
       12000000  -5873745.3002  -5872973.2781      -772.0221 14m46s/Msamples
       12100000  -5873766.0007  -5872983.6258      -782.3748 14m45s/Msamples
       12200000  -5873773.0902  -5872992.5854      -780.5047 14m45s/Msamples
       12300000  -5873789.1500  -5872982.7122      -806.4378 14m45s/Msamples
       12400000  -5873748.0511  -5872984.9006      -763.1505 14m44s/Msamples
       12500000  -5873765.3115  -5872988.6620      -776.6495 14m43s/Msamples
       12600000  -5873819.2771  -5872986.9283      -832.3487 14m42s/Msamples
       12700000  -5873769.1078  -5872991.1177      -777.9900 14m40s/Msamples
       12800000  -5873778.0556  -5872980.4119      -797.6437 14m39s/Msamples
       12900000  -5873749.3759  -5872961.4001      -787.9757 14m37s/Msamples
       13000000  -5873754.8991  -5872983.6292      -771.2698 14m36s/Msamples
       13100000  -5873769.4061  -5872984.8884      -784.5176 14m35s/Msamples
       13200000  -5873748.4650  -5872978.7888      -769.6762 14m33s/Msamples
       13300000  -5873781.4428  -5872976.2636      -805.1792 14m32s/Msamples
       13400000  -5873798.1929  -5872970.4807      -827.7121 14m31s/Msamples
       13500000  -5873825.5995  -5872990.8233      -834.7762 14m30s/Msamples
       13600000  -5873785.5575  -5872981.8048      -803.7526 14m29s/Msamples
       13700000  -5873787.5665  -5872986.3931      -801.1734 14m28s/Msamples
       13800000  -5873788.3363  -5872973.2972      -815.0390 14m28s/Msamples
       13900000  -5873777.5629  -5872978.1829      -799.3800 14m28s/Msamples
       14000000  -5873750.4904  -5872954.7503      -795.7401 14m27s/Msamples
       14100000  -5873751.6446  -5872960.7265      -790.9180 14m26s/Msamples
       14200000  -5873779.6635  -5872984.3008      -795.3627 14m26s/Msamples
       14300000  -5873784.5623  -5872978.6807      -805.8815 14m25s/Msamples
       14400000  -5873757.1375  -5872964.3162      -792.8212 14m24s/Msamples
       14500000  -5873735.0681  -5872955.0797      -779.9884 14m22s/Msamples
       14600000  -5873766.8666  -5872971.5325      -795.3341 14m21s/Msamples
       14700000  -5873749.5333  -5872951.0472      -798.4861 14m20s/Msamples
       14800000  -5873742.2928  -5872967.6452      -774.6476 14m18s/Msamples
       14900000  -5873770.8090  -5872964.8676      -805.9413 14m17s/Msamples
       15000000  -5873774.2555  -5872955.4794      -818.7760 14m15s/Msamples
       15100000  -5873772.3795  -5872966.5255      -805.8539 14m14s/Msamples
       15200000  -5873779.7114  -5872968.7076      -811.0037 14m12s/Msamples
       15300000  -5873781.4118  -5872959.9771      -821.4347 14m11s/Msamples
       15400000  -5873794.8980  -5872968.8334      -826.0645 14m9s/Msamples
       15500000  -5873778.5624  -5872983.2059      -795.3564 14m8s/Msamples
       15600000  -5873752.6560  -5872949.1133      -803.5427 14m7s/Msamples
       15700000  -5873759.2896  -5872958.2008      -801.0887 14m6s/Msamples
       15800000  -5873774.2117  -5872965.0183      -809.1934 14m4s/Msamples
       15900000  -5873799.1635  -5872977.2075      -821.9559 14m3s/Msamples
       16000000  -5873802.5978  -5872970.9352      -831.6626 14m2s/Msamples
       16100000  -5873774.3429  -5872966.0776      -808.2652 14m1s/Msamples
       16200000  -5873778.5922  -5872956.4591      -822.1331 14m0s/Msamples
       16300000  -5873763.7534  -5872971.3984      -792.3549 13m58s/Msamples
       16400000  -5873791.8332  -5872948.5987      -843.2345 13m57s/Msamples
       16500000  -5873834.6930  -5872951.8618      -882.8312 13m55s/Msamples
       16600000  -5873791.1585  -5872963.2840      -827.8745 13m54s/Msamples
       16700000  -5873794.1045  -5872961.4951      -832.6093 13m52s/Msamples
       16800000  -5873769.5633  -5872978.2288      -791.3345 13m51s/Msamples
       16900000  -5873770.9355  -5872971.6416      -799.2938 13m49s/Msamples
       17000000  -5873770.7927  -5872953.1061      -817.6865 13m48s/Msamples
       17100000  -5873786.6911  -5872964.4471      -822.2439 13m47s/Msamples
       17200000  -5873797.4329  -5872951.3525      -846.0803 13m45s/Msamples
       17300000  -5873831.7950  -5872979.3118      -852.4832 13m44s/Msamples
       17400000  -5873737.7170  -5872941.6890      -796.0279 13m42s/Msamples
       17500000  -5873747.8556  -5872953.2293      -794.6262 13m41s/Msamples
       17600000  -5873762.7707  -5872982.1706      -780.6001 13m40s/Msamples
       17700000  -5873768.6912  -5872951.8858      -816.8053 13m39s/Msamples
       17800000  -5873773.8494  -5872966.4807      -807.3687 13m38s/Msamples
       17900000  -5873787.1419  -5872965.6160      -821.5259 13m37s/Msamples
       18000000  -5873793.6652  -5872961.6401      -832.0251 13m36s/Msamples
       18100000  -5873745.9947  -5872950.0988      -795.8959 13m34s/Msamples
       18200000  -5873793.1647  -5872967.1227      -826.0420 13m33s/Msamples
       18300000  -5873773.8514  -5872950.9746      -822.8768 13m32s/Msamples
       18400000  -5873754.0998  -5872964.4384      -789.6614 13m31s/Msamples
       18500000  -5873737.7061  -5872947.7216      -789.9845 13m29s/Msamples
       18600000  -5873746.7025  -5872950.3145      -796.3879 13m28s/Msamples
       18700000  -5873760.2689  -5872962.1391      -798.1297 13m27s/Msamples
       18800000  -5873747.6879  -5872943.5798      -804.1081 13m25s/Msamples
       18900000  -5873759.0113  -5872945.0671      -813.9441 13m24s/Msamples
       19000000  -5873755.5236  -5872973.1221      -782.4015 13m23s/Msamples
       19100000  -5873744.7895  -5872961.4924      -783.2970 13m22s/Msamples
       19200000  -5873744.0520  -5872965.4336      -778.6183 13m21s/Msamples
       19300000  -5873752.1614  -5872945.6953      -806.4660 13m20s/Msamples
       19400000  -5873762.5524  -5872969.2131      -793.3392 13m19s/Msamples
       19500000  -5873773.6754  -5872945.6307      -828.0446 13m18s/Msamples
       19600000  -5873766.9640  -5872961.5074      -805.4566 13m17s/Msamples
       19700000  -5873753.9745  -5872954.4344      -799.5400 13m16s/Msamples
       19800000  -5873791.7000  -5872964.9715      -826.7285 13m15s/Msamples
       19900000  -5873755.2518  -5872950.1619      -805.0898 13m14s/Msamples
       20000000  -5873746.9407  -5872962.4381      -784.5026 13m13s/Msamples
       20100000  -5873760.5975  -5872950.1342      -810.4632 13m12s/Msamples
       20200000  -5873754.8099  -5872960.0598      -794.7500 13m11s/Msamples
       20300000  -5873765.6554  -5872967.8341      -797.8212 13m10s/Msamples
       20400000  -5873781.9109  -5872943.0115      -838.8993 13m10s/Msamples
       20500000  -5873740.3567  -5872957.4234      -782.9332 13m9s/Msamples
       20600000  -5873734.0319  -5872950.9648      -783.0670 13m9s/Msamples
       20700000  -5873723.6071  -5872952.9933      -770.6138 13m8s/Msamples
       20800000  -5873741.8438  -5872932.4342      -809.4096 13m7s/Msamples
       20900000  -5873756.4647  -5872952.4247      -804.0400 13m7s/Msamples
       21000000  -5873755.1763  -5872955.6350      -799.5412 13m6s/Msamples
       21100000  -5873757.8838  -5872955.4579      -802.4258 13m5s/Msamples
       21200000  -5873747.8429  -5872966.8249      -781.0179 13m4s/Msamples
       21300000  -5873729.7446  -5872968.0112      -761.7333 13m3s/Msamples
       21400000  -5873718.6493  -5872935.1456      -783.5037 13m3s/Msamples
       21500000  -5873734.3415  -5872952.7195      -781.6219 13m2s/Msamples
       21600000  -5873745.7436  -5872947.5085      -798.2351 13m1s/Msamples
       21700000  -5873772.2355  -5872957.1137      -815.1217 13m0s/Msamples
       21800000  -5873707.9701  -5872948.3866      -759.5834 12m59s/Msamples
       21900000  -5873748.0508  -5872962.6168      -785.4339 12m58s/Msamples
       22000000  -5873758.5970  -5872938.8377      -819.7593 12m58s/Msamples
       22100000  -5873796.5487  -5872958.6236      -837.9250 12m57s/Msamples
       22200000  -5873781.9977  -5872956.2599      -825.7377 12m57s/Msamples
       22300000  -5873776.0399  -5872956.3793      -819.6605 12m56s/Msamples
       22400000  -5873771.8398  -5872958.9858      -812.8540 12m56s/Msamples
       22500000  -5873761.6673  -5872955.7748      -805.8925 12m55s/Msamples
       22600000  -5873766.0545  -5872951.1823      -814.8721 12m54s/Msamples
       22700000  -5873758.8944  -5872960.1934      -798.7010 12m54s/Msamples
       22800000  -5873758.2724  -5872954.7566      -803.5158 12m53s/Msamples
       22900000  -5873768.4304  -5872950.3385      -818.0919 12m52s/Msamples
       23000000  -5873774.4087  -5872962.0429      -812.3658 12m51s/Msamples
       23100000  -5873751.5569  -5872963.2713      -788.2856 12m51s/Msamples
       23200000  -5873731.3768  -5872943.5841      -787.7926 12m50s/Msamples
       23300000  -5873723.6395  -5872952.6601      -770.9793 12m50s/Msamples
       23400000  -5873780.0662  -5872969.8143      -810.2519 12m49s/Msamples
       23500000  -5873755.3862  -5872967.7823      -787.6038 12m48s/Msamples
       23600000  -5873789.8304  -5872962.5071      -827.3233 12m47s/Msamples
       23700000  -5873741.5580  -5872937.1422      -804.4157 12m47s/Msamples
       23800000  -5873721.3615  -5872939.9721      -781.3894 12m46s/Msamples
       23900000  -5873732.1798  -5872965.8460      -766.3338 12m46s/Msamples
       24000000  -5873766.5546  -5872960.5918      -805.9627 12m45s/Msamples
       24100000  -5873752.6754  -5872965.7000      -786.9754 12m44s/Msamples
       24200000  -5873767.5561  -5872945.6797      -821.8764 12m44s/Msamples
       24300000  -5873760.3798  -5872951.3013      -809.0784 12m43s/Msamples
       24400000  -5873748.9842  -5872945.9519      -803.0322 12m42s/Msamples
       24500000  -5873798.1951  -5872966.8830      -831.3121 12m41s/Msamples
       24600000  -5873790.9664  -5872962.2561      -828.7102 12m41s/Msamples
       24700000  -5873810.3341  -5872984.6030      -825.7311 12m40s/Msamples
       24800000  -5873777.6869  -5872955.0900      -822.5969 12m39s/Msamples
       24900000  -5873792.3329  -5872975.0979      -817.2349 12m39s/Msamples
       25000000  -5873770.1078  -5872975.4210      -794.6867 12m39s/Msamples
       25100000  -5873755.9924  -5872959.1539      -796.8385 12m38s/Msamples
       25200000  -5873732.9765  -5872949.1479      -783.8285 12m38s/Msamples
       25300000  -5873760.1077  -5872955.6424      -804.4653 12m37s/Msamples
       25400000  -5873778.3165  -5872970.4747      -807.8417 12m37s/Msamples
       25500000  -5873765.3668  -5872957.5857      -807.7811 12m37s/Msamples
       25600000  -5873743.1503  -5872959.1949      -783.9553 12m36s/Msamples
       25700000  -5873734.9850  -5872964.7494      -770.2355 12m35s/Msamples
       25800000  -5873740.6913  -5872960.5879      -780.1034 12m35s/Msamples
       25900000  -5873725.8394  -5872955.5011      -770.3383 12m35s/Msamples
       26000000  -5873759.4367  -5872960.7545      -798.6822 12m34s/Msamples
       26100000  -5873771.3464  -5872958.6460      -812.7004 12m34s/Msamples
       26200000  -5873766.7159  -5872970.3720      -796.3439 12m34s/Msamples
       26300000  -5873789.9116  -5872958.5736      -831.3379 12m33s/Msamples
       26400000  -5873802.6137  -5872973.1557      -829.4580 12m33s/Msamples
       26500000  -5873782.2282  -5872952.6765      -829.5517 12m32s/Msamples
       26600000  -5873791.7002  -5872945.7919      -845.9083 12m31s/Msamples
       26700000  -5873781.3334  -5872953.9971      -827.3363 12m31s/Msamples
       26800000  -5873764.9994  -5872986.5274      -778.4720 12m30s/Msamples
       26900000  -5873755.2388  -5872953.3364      -801.9024 12m30s/Msamples
       27000000  -5873762.9386  -5872956.4007      -806.5378 12m29s/Msamples
       27100000  -5873757.3371  -5872969.6116      -787.7254 12m29s/Msamples
       27200000  -5873734.1012  -5872958.8563      -775.2449 12m28s/Msamples
       27300000  -5873746.9739  -5872968.2206      -778.7533 12m28s/Msamples
       27400000  -5873724.2933  -5872945.7931      -778.5002 12m27s/Msamples
       27500000  -5873732.9677  -5872957.3418      -775.6259 12m27s/Msamples
       27600000  -5873749.2899  -5872963.3000      -785.9899 12m26s/Msamples
       27700000  -5873777.2894  -5872965.7654      -811.5239 12m26s/Msamples
       27800000  -5873761.7279  -5872947.5634      -814.1645 12m25s/Msamples
       27900000  -5873790.2996  -5872935.7067      -854.5928 12m25s/Msamples
       28000000  -5873772.3667  -5872957.2608      -815.1058 12m25s/Msamples
       28100000  -5873790.2171  -5872948.7468      -841.4702 12m24s/Msamples
       28200000  -5873801.8772  -5872972.4478      -829.4294 12m24s/Msamples
       28300000  -5873717.2927  -5872940.1146      -777.1781 12m24s/Msamples
       28400000  -5873758.9881  -5872966.2271      -792.7610 12m23s/Msamples
       28500000  -5873778.5600  -5872969.7966      -808.7633 12m23s/Msamples
       28600000  -5873751.3396  -5872943.5402      -807.7994 12m23s/Msamples
       28700000  -5873742.1949  -5872959.8024      -782.3924 12m22s/Msamples
       28800000  -5873725.8816  -5872963.2264      -762.6551 12m22s/Msamples
       28900000  -5873787.1195  -5872968.1134      -819.0061 12m22s/Msamples
       29000000  -5873703.9172  -5872937.1352      -766.7819 12m21s/Msamples
       29100000  -5873713.2519  -5872942.2533      -770.9986 12m21s/Msamples
       29200000  -5873743.4367  -5872963.8680      -779.5686 12m20s/Msamples
       29300000  -5873743.4731  -5872963.4626      -780.0104 12m20s/Msamples
       29400000  -5873730.6757  -5872940.5465      -790.1291 12m19s/Msamples
       29500000  -5873723.6298  -5872954.4271      -769.2027 12m19s/Msamples
       29600000  -5873762.7686  -5872943.4448      -819.3238 12m18s/Msamples
       29700000  -5873803.0414  -5872960.2981      -842.7433 12m18s/Msamples
       29800000  -5873805.2179  -5872962.0767      -843.1412 12m17s/Msamples
       29900000  -5873746.2897  -5872933.2803      -813.0093 12m17s/Msamples
       30000000  -5873745.2486  -5872954.9995      -790.2491 12m16s/Msamples
       30100000  -5873753.8467  -5872971.0535      -782.7932 12m16s/Msamples
       30200000  -5873752.9904  -5872947.9463      -805.0440 12m15s/Msamples
       30300000  -5873731.7301  -5872956.9234      -774.8066 12m15s/Msamples
       30400000  -5873747.7368  -5872974.4551      -773.2816 12m14s/Msamples
       30500000  -5873784.8802  -5872965.5711      -819.3090 12m13s/Msamples
       30600000  -5873742.9562  -5872953.9549      -789.0013 12m13s/Msamples
       30700000  -5873803.7251  -5872971.2052      -832.5199 12m12s/Msamples
       30800000  -5873785.4175  -5872961.0742      -824.3432 12m12s/Msamples
       30900000  -5873743.4100  -5872963.2640      -780.1459 12m11s/Msamples
       31000000  -5873760.6965  -5872964.3440      -796.3524 12m11s/Msamples
       31100000  -5873749.2267  -5872951.2908      -797.9359 12m11s/Msamples
       31200000  -5873733.4983  -5872950.1811      -783.3172 12m10s/Msamples
       31300000  -5873719.4638  -5872950.6913      -768.7724 12m10s/Msamples
       31400000  -5873755.4665  -5872947.0815      -808.3850 12m9s/Msamples
       31500000  -5873797.2977  -5872959.2002      -838.0975 12m9s/Msamples
       31600000  -5873792.4179  -5872974.8031      -817.6148 12m8s/Msamples
       31700000  -5873789.6106  -5872960.3763      -829.2343 12m8s/Msamples
       31800000  -5873811.3092  -5872935.5388      -875.7704 12m7s/Msamples
       31900000  -5873796.4520  -5872952.3475      -844.1045 12m7s/Msamples
       32000000  -5873809.4400  -5872963.8745      -845.5655 12m7s/Msamples
       32100000  -5873762.5297  -5872948.1382      -814.3914 12m6s/Msamples
       32200000  -5873787.9189  -5872956.3544      -831.5645 12m6s/Msamples
       32300000  -5873753.1018  -5872952.1553      -800.9465 12m6s/Msamples
       32400000  -5873781.2668  -5872974.8086      -806.4581 12m5s/Msamples
       32500000  -5873762.0196  -5872953.3660      -808.6535 12m5s/Msamples
       32600000  -5873734.9772  -5872953.1275      -781.8496 12m4s/Msamples
       32700000  -5873752.4097  -5872959.7926      -792.6171 12m4s/Msamples
       32800000  -5873752.9940  -5872959.1372      -793.8568 12m3s/Msamples
       32900000  -5873774.7188  -5872947.8707      -826.8481 12m3s/Msamples
       33000000  -5873744.9441  -5872949.8320      -795.1121 12m3s/Msamples
       33100000  -5873780.7117  -5872972.7552      -807.9564 12m2s/Msamples
       33200000  -5873735.6392  -5872944.3959      -791.2432 12m2s/Msamples
       33300000  -5873761.0209  -5872956.6099      -804.4109 12m1s/Msamples
       33400000  -5873767.1387  -5872948.8640      -818.2746 12m1s/Msamples
       33500000  -5873806.5393  -5872981.5776      -824.9617 12m0s/Msamples
       33600000  -5873789.5767  -5872955.0592      -834.5174 12m0s/Msamples
       33700000  -5873806.2318  -5872951.8128      -854.4190 12m0s/Msamples
       33800000  -5873776.7840  -5872947.1637      -829.6202 11m59s/Msamples
       33900000  -5873770.2127  -5872957.9624      -812.2503 11m59s/Msamples
       34000000  -5873786.8216  -5872980.7745      -806.0471 11m58s/Msamples
       34100000  -5873781.3026  -5872971.6437      -809.6588 11m58s/Msamples
       34200000  -5873783.1664  -5872949.4393      -833.7271 11m58s/Msamples
       34300000  -5873786.1798  -5872942.7640      -843.4158 11m57s/Msamples
       34400000  -5873827.3293  -5872965.9348      -861.3945 11m57s/Msamples
       34500000  -5873754.6025  -5872949.3854      -805.2170 11m57s/Msamples
       34600000  -5873782.4431  -5872959.7781      -822.6650 11m56s/Msamples
       34700000  -5873787.3722  -5872958.1170      -829.2552 11m56s/Msamples
       34800000  -5873743.8013  -5872940.0214      -803.7799 11m56s/Msamples
       34900000  -5873772.3698  -5872970.3957      -801.9741 11m55s/Msamples
       35000000  -5873725.3306  -5872961.0697      -764.2608 11m55s/Msamples
       35100000  -5873745.5159  -5872963.5573      -781.9586 11m55s/Msamples
       35200000  -5873771.7182  -5872967.3258      -804.3923 11m54s/Msamples
       35300000  -5873760.4090  -5872984.5318      -775.8772 11m54s/Msamples
       35400000  -5873765.7226  -5872957.2954      -808.4271 11m54s/Msamples
       35500000  -5873745.3909  -5872945.2049      -800.1859 11m53s/Msamples
       35600000  -5873771.2938  -5872970.4333      -800.8605 11m53s/Msamples
       35700000  -5873796.6415  -5872986.4899      -810.1516 11m53s/Msamples
       35800000  -5873773.9257  -5872949.2748      -824.6509 11m52s/Msamples
       35900000  -5873760.3097  -5872949.0996      -811.2100 11m52s/Msamples
       36000000  -5873786.2101  -5872970.4454      -815.7646 11m52s/Msamples
       36100000  -5873772.6530  -5872967.0404      -805.6126 11m51s/Msamples
       36200000  -5873781.9726  -5872957.1037      -824.8688 11m51s/Msamples
       36300000  -5873754.3670  -5872940.3455      -814.0215 11m51s/Msamples
       36400000  -5873742.0661  -5872962.0806      -779.9855 11m50s/Msamples
       36500000  -5873764.9292  -5872954.0375      -810.8917 11m50s/Msamples
       36600000  -5873762.6890  -5872959.5972      -803.0917 11m50s/Msamples
       36700000  -5873800.5178  -5872970.4661      -830.0516 11m49s/Msamples
       36800000  -5873798.3100  -5872967.1927      -831.1173 11m49s/Msamples
       36900000  -5873765.7644  -5872958.6367      -807.1276 11m49s/Msamples
       37000000  -5873814.4384  -5872964.5224      -849.9159 11m48s/Msamples
       37100000  -5873799.0563  -5872959.1179      -839.9383 11m48s/Msamples
       37200000  -5873806.1409  -5872961.3020      -844.8389 11m48s/Msamples
       37300000  -5873805.6759  -5872972.0492      -833.6267 11m47s/Msamples
       37400000  -5873813.7122  -5872962.9300      -850.7821 11m47s/Msamples
       37500000  -5873753.5686  -5872951.2473      -802.3212 11m47s/Msamples
       37600000  -5873767.3111  -5872968.2689      -799.0421 11m46s/Msamples
       37700000  -5873751.5227  -5872947.3887      -804.1340 11m46s/Msamples
       37800000  -5873766.6014  -5872952.4986      -814.1027 11m46s/Msamples
       37900000  -5873773.4283  -5872959.0057      -814.4226 11m45s/Msamples
       38000000  -5873747.9793  -5872961.1677      -786.8116 11m45s/Msamples
       38100000  -5873744.4541  -5872940.9109      -803.5431 11m45s/Msamples
       38200000  -5873763.3408  -5872962.4525      -800.8882 11m44s/Msamples
       38300000  -5873773.6206  -5872963.3033      -810.3173 11m44s/Msamples
       38400000  -5873780.4307  -5872956.6643      -823.7663 11m44s/Msamples
       38500000  -5873802.7625  -5872973.8164      -828.9460 11m43s/Msamples
       38600000  -5873785.7463  -5872964.2914      -821.4549 11m43s/Msamples
       38700000  -5873756.8609  -5872953.3036      -803.5573 11m43s/Msamples
       38800000  -5873761.4814  -5872963.1441      -798.3373 11m42s/Msamples
       38900000  -5873762.3046  -5872959.1732      -803.1313 11m42s/Msamples
       39000000  -5873761.9313  -5872948.6208      -813.3105 11m42s/Msamples
       39100000  -5873746.2719  -5872942.8344      -803.4375 11m41s/Msamples
       39200000  -5873775.3980  -5872944.3571      -831.0409 11m41s/Msamples
       39300000  -5873774.6089  -5872946.2993      -828.3095 11m40s/Msamples
       39400000  -5873776.1939  -5872936.0997      -840.0941 11m40s/Msamples
       39500000  -5873729.2967  -5872947.2197      -782.0769 11m40s/Msamples
       39600000  -5873762.1252  -5872961.3594      -800.7658 11m39s/Msamples
       39700000  -5873778.3690  -5872968.7468      -809.6222 11m39s/Msamples
       39800000  -5873743.0824  -5872956.3239      -786.7585 11m39s/Msamples
       39900000  -5873747.5841  -5872962.5798      -785.0043 11m39s/Msamples
       40000000  -5873782.4699  -5872976.4250      -806.0449 11m38s/Msamples
       40100000  -5873782.0939  -5872954.1806      -827.9133 11m38s/Msamples
       40200000  -5873789.9457  -5872972.4300      -817.5156 11m38s/Msamples
       40300000  -5873823.9354  -5872958.7621      -865.1733 11m37s/Msamples
       40400000  -5873800.3193  -5872968.6715      -831.6477 11m37s/Msamples
       40500000  -5873796.6630  -5872960.4873      -836.1757 11m37s/Msamples
       40600000  -5873777.5760  -5872949.9659      -827.6100 11m36s/Msamples
       40700000  -5873781.9454  -5872949.6265      -832.3188 11m36s/Msamples
       40800000  -5873777.6173  -5872947.5213      -830.0959 11m36s/Msamples
       40900000  -5873760.2963  -5872959.4798      -800.8164 11m35s/Msamples
       41000000  -5873809.8087  -5872950.6684      -859.1402 11m35s/Msamples
       41100000  -5873807.1234  -5872991.2345      -815.8889 11m35s/Msamples
       41200000  -5873781.6845  -5872972.8621      -808.8223 11m34s/Msamples
       41300000  -5873759.5047  -5872938.0528      -821.4519 11m34s/Msamples
       41400000  -5873774.5572  -5872959.4324      -815.1247 11m34s/Msamples
       41500000  -5873763.2948  -5872952.2965      -810.9982 11m34s/Msamples
       41600000  -5873727.2101  -5872954.0883      -773.1218 11m33s/Msamples
       41700000  -5873698.4345  -5872944.3659      -754.0685 11m33s/Msamples
       41800000  -5873699.8390  -5872953.9523      -745.8866 11m33s/Msamples
       41900000  -5873699.5267  -5872948.3841      -751.1425 11m32s/Msamples
       42000000  -5873731.4732  -5872969.4725      -762.0007 11m32s/Msamples
       42100000  -5873721.2283  -5872960.0316      -761.1966 11m32s/Msamples
       42200000  -5873771.6296  -5872962.0574      -809.5722 11m31s/Msamples
       42300000  -5873783.6020  -5872955.5710      -828.0310 11m31s/Msamples
       42400000  -5873742.0610  -5872951.7382      -790.3228 11m31s/Msamples
       42500000  -5873789.4797  -5872958.3064      -831.1732 11m31s/Msamples
       42600000  -5873716.0234  -5872940.3199      -775.7035 11m30s/Msamples
       42700000  -5873780.8706  -5872953.6759      -827.1946 11m30s/Msamples
       42800000  -5873827.2176  -5872976.9061      -850.3114 11m30s/Msamples
       42900000  -5873796.2314  -5872981.2854      -814.9459 11m30s/Msamples
       43000000  -5873798.4666  -5872973.4177      -825.0489 11m29s/Msamples
       43100000  -5873810.6097  -5872977.3668      -833.2428 11m29s/Msamples
       43200000  -5873760.7351  -5872974.4205      -786.3145 11m29s/Msamples
       43300000  -5873748.8917  -5872962.8515      -786.0401 11m28s/Msamples
       43400000  -5873751.6609  -5872973.1810      -778.4799 11m28s/Msamples
       43500000  -5873716.6503  -5872946.0090      -770.6413 11m28s/Msamples
       43600000  -5873789.6070  -5872968.5289      -821.0781 11m28s/Msamples
       43700000  -5873743.8929  -5872955.6245      -788.2683 11m27s/Msamples
       43800000  -5873763.5200  -5872965.7533      -797.7666 11m27s/Msamples
       43900000  -5873784.3798  -5872951.1912      -833.1885 11m27s/Msamples
       44000000  -5873776.3328  -5872948.2140      -828.1188 11m27s/Msamples
       44100000  -5873782.7276  -5872969.9540      -812.7735 11m26s/Msamples
       44200000  -5873789.2994  -5872986.6836      -802.6158 11m26s/Msamples
       44300000  -5873757.6818  -5872956.1048      -801.5770 11m26s/Msamples
       44400000  -5873789.3670  -5872953.4145      -835.9524 11m25s/Msamples
       44500000  -5873787.1867  -5872957.7759      -829.4107 11m25s/Msamples
       44600000  -5873785.8404  -5872948.7574      -837.0830 11m25s/Msamples
       44700000  -5873743.5842  -5872940.3638      -803.2204 11m25s/Msamples
       44800000  -5873793.8950  -5872981.0853      -812.8097 11m24s/Msamples
       44900000  -5873821.6317  -5872955.0788      -866.5529 11m24s/Msamples
       45000000  -5873773.4478  -5872952.7875      -820.6602 11m24s/Msamples
       45100000  -5873790.1658  -5872951.0055      -839.1603 11m24s/Msamples
       45200000  -5873765.5744  -5872956.1547      -809.4197 11m23s/Msamples
       45300000  -5873780.7948  -5872963.3314      -817.4634 11m23s/Msamples
       45400000  -5873784.3472  -5872948.1419      -836.2053 11m23s/Msamples
       45500000  -5873787.6788  -5872966.7997      -820.8791 11m23s/Msamples
       45600000  -5873764.8354  -5872961.9487      -802.8867 11m22s/Msamples
       45700000  -5873784.0569  -5872957.1158      -826.9410 11m22s/Msamples
       45800000  -5873784.3516  -5872974.2804      -810.0711 11m22s/Msamples
       45900000  -5873790.2834  -5872961.0976      -829.1857 11m22s/Msamples
       46000000  -5873776.9830  -5872955.3968      -821.5861 11m21s/Msamples
       46100000  -5873747.3861  -5872959.5777      -787.8084 11m21s/Msamples
       46200000  -5873765.4349  -5872959.3991      -806.0357 11m21s/Msamples
       46300000  -5873800.7763  -5872975.2923      -825.4839 11m21s/Msamples
       46400000  -5873802.7599  -5872961.9412      -840.8187 11m20s/Msamples
       46500000  -5873806.0959  -5872961.6495      -844.4463 11m20s/Msamples
       46600000  -5873804.1816  -5872978.7661      -825.4154 11m20s/Msamples
       46700000  -5873800.7081  -5872964.6547      -836.0534 11m20s/Msamples
       46800000  -5873793.2237  -5872962.0194      -831.2043 11m19s/Msamples
       46900000  -5873771.7357  -5872962.6184      -809.1172 11m19s/Msamples
       47000000  -5873768.9399  -5872949.1681      -819.7718 11m19s/Msamples
       47100000  -5873752.1176  -5872957.1017      -795.0158 11m19s/Msamples
       47200000  -5873757.6326  -5872973.4766      -784.1559 11m18s/Msamples
       47300000  -5873761.4575  -5872951.9667      -809.4908 11m18s/Msamples
       47400000  -5873797.0147  -5872973.9275      -823.0872 11m18s/Msamples
       47500000  -5873792.3316  -5872953.9250      -838.4065 11m18s/Msamples
       47600000  -5873794.2942  -5872971.1546      -823.1395 11m18s/Msamples
       47700000  -5873732.2676  -5872951.4254      -780.8421 11m17s/Msamples
       47800000  -5873764.6193  -5872965.2760      -799.3433 11m17s/Msamples
       47900000  -5873748.2562  -5872946.7425      -801.5136 11m17s/Msamples
       48000000  -5873735.2135  -5872944.3805      -790.8330 11m17s/Msamples
       48100000  -5873768.4713  -5872970.9863      -797.4850 11m16s/Msamples
       48200000  -5873764.6464  -5872959.7639      -804.8825 11m16s/Msamples
       48300000  -5873750.5104  -5872960.8980      -789.6123 11m16s/Msamples
       48400000  -5873748.3741  -5872955.8304      -792.5436 11m16s/Msamples
       48500000  -5873739.7296  -5872934.3322      -805.3974 11m15s/Msamples
       48600000  -5873754.6069  -5872957.1944      -797.4124 11m15s/Msamples
       48700000  -5873806.1138  -5872965.1496      -840.9642 11m15s/Msamples
       48800000  -5873787.8918  -5872952.8706      -835.0211 11m15s/Msamples
       48900000  -5873800.1305  -5872950.6728      -849.4576 11m15s/Msamples
       49000000  -5873778.6803  -5872959.2362      -819.4440 11m14s/Msamples
       49100000  -5873780.9578  -5872962.0712      -818.8865 11m14s/Msamples
       49200000  -5873774.7472  -5872957.2457      -817.5014 11m14s/Msamples
       49300000  -5873765.6337  -5872955.5719      -810.0617 11m14s/Msamples
       49400000  -5873781.7931  -5872957.5738      -824.2192 11m13s/Msamples
       49500000  -5873791.0691  -5872957.9970      -833.0720 11m13s/Msamples
       49600000  -5873775.2237  -5872970.6820      -804.5417 11m13s/Msamples
       49700000  -5873760.9462  -5872977.6616      -783.2845 11m13s/Msamples
       49800000  -5873768.0263  -5872969.6086      -798.4177 11m13s/Msamples
       49900000  -5873718.9219  -5872941.9359      -776.9859 11m12s/Msamples
       50000000  -5873780.5230  -5872963.2164      -817.3066 11m12s/Msamples
       50100000  -5873747.7845  -5872968.2912      -779.4933 11m12s/Msamples
       50200000  -5873728.5875  -5872942.1367      -786.4508 11m12s/Msamples
       50300000  -5873747.8774  -5872972.5976      -775.2797 11m12s/Msamples
       50400000  -5873745.8795  -5872952.6690      -793.2105 11m11s/Msamples
       50500000  -5873776.4072  -5872955.2848      -821.1224 11m11s/Msamples
       50600000  -5873815.9953  -5872959.3761      -856.6191 11m11s/Msamples
       50700000  -5873792.7133  -5872964.7676      -827.9457 11m11s/Msamples
       50800000  -5873779.6228  -5872959.9056      -819.7172 11m11s/Msamples
       50900000  -5873764.4418  -5872940.6390      -823.8028 11m10s/Msamples
       51000000  -5873777.8846  -5872960.0047      -817.8799 11m10s/Msamples
       51100000  -5873772.5825  -5872965.3717      -807.2108 11m10s/Msamples
       51200000  -5873785.1552  -5872955.8225      -829.3327 11m10s/Msamples
       51300000  -5873760.6117  -5872943.8945      -816.7172 11m10s/Msamples
       51400000  -5873743.3905  -5872949.2666      -794.1239 11m9s/Msamples
       51500000  -5873766.9078  -5872961.2175      -805.6902 11m9s/Msamples
       51600000  -5873752.1273  -5872949.6462      -802.4810 11m9s/Msamples
       51700000  -5873795.1116  -5872968.5634      -826.5481 11m9s/Msamples
       51800000  -5873776.5101  -5872961.5849      -814.9251 11m9s/Msamples
       51900000  -5873771.7287  -5872965.9662      -805.7625 11m8s/Msamples
       52000000  -5873758.0695  -5872964.4292      -793.6402 11m8s/Msamples
       52100000  -5873756.4878  -5872960.6730      -795.8147 11m8s/Msamples
       52200000  -5873805.3459  -5872960.8867      -844.4591 11m8s/Msamples
       52300000  -5873746.0804  -5872955.6423      -790.4381 11m8s/Msamples
       52400000  -5873766.0608  -5872964.5633      -801.4975 11m8s/Msamples
       52500000  -5873797.2572  -5872967.9662      -829.2910 11m7s/Msamples
       52600000  -5873746.1511  -5872960.9156      -785.2355 11m7s/Msamples
       52700000  -5873721.8412  -5872957.3136      -764.5275 11m7s/Msamples
       52800000  -5873758.3805  -5872963.1377      -795.2427 11m7s/Msamples
       52900000  -5873734.7899  -5872961.5756      -773.2142 11m7s/Msamples
       53000000  -5873788.9402  -5872961.0902      -827.8500 11m6s/Msamples
       53100000  -5873783.4787  -5872956.7734      -826.7053 11m6s/Msamples
       53200000  -5873753.1569  -5872970.6684      -782.4884 11m6s/Msamples
       53300000  -5873759.9992  -5872953.3506      -806.6485 11m6s/Msamples
       53400000  -5873772.0635  -5872957.1682      -814.8952 11m6s/Msamples
       53500000  -5873800.0310  -5872975.7652      -824.2657 11m5s/Msamples
       53600000  -5873783.3984  -5872960.9692      -822.4292 11m5s/Msamples
       53700000  -5873800.9133  -5872961.6303      -839.2829 11m5s/Msamples
       53800000  -5873769.7877  -5872958.4265      -811.3611 11m5s/Msamples
       53900000  -5873775.5788  -5872961.2910      -814.2877 11m5s/Msamples
       54000000  -5873777.3841  -5872958.3393      -819.0447 11m5s/Msamples
       54100000  -5873804.7789  -5872955.7094      -849.0694 11m4s/Msamples
       54200000  -5873785.8929  -5872952.2744      -833.6185 11m4s/Msamples
       54300000  -5873779.9537  -5872962.3651      -817.5885 11m4s/Msamples
       54400000  -5873766.1326  -5872961.6587      -804.4739 11m4s/Msamples
       54500000  -5873747.9289  -5872954.3819      -793.5470 11m4s/Msamples
       54600000  -5873769.9644  -5872940.1738      -829.7905 11m4s/Msamples
       54700000  -5873743.5590  -5872930.7551      -812.8038 11m3s/Msamples
       54800000  -5873739.4008  -5872966.4198      -772.9809 11m3s/Msamples
       54900000  -5873782.8263  -5872973.9356      -808.8906 11m3s/Msamples
       55000000  -5873738.2020  -5872943.8985      -794.3035 11m3s/Msamples
       55100000  -5873749.7536  -5872961.3683      -788.3853 11m3s/Msamples
       55200000  -5873717.1368  -5872965.2437      -751.8930 11m3s/Msamples
       55300000  -5873750.3315  -5872959.2512      -791.0803 11m2s/Msamples
       55400000  -5873697.3737  -5872949.6274      -747.7462 11m2s/Msamples
       55500000  -5873728.7683  -5872968.7217      -760.0466 11m2s/Msamples
       55600000  -5873760.6592  -5872950.1814      -810.4778 11m2s/Msamples
       55700000  -5873736.6942  -5872947.5745      -789.1197 11m2s/Msamples
       55800000  -5873738.1435  -5872941.9585      -796.1850 11m2s/Msamples
       55900000  -5873749.8378  -5872959.2997      -790.5381 11m1s/Msamples
       56000000  -5873716.7991  -5872947.6762      -769.1229 11m1s/Msamples
       56100000  -5873758.0830  -5872972.2752      -785.8078 11m1s/Msamples
       56200000  -5873757.4065  -5872971.0336      -786.3729 11m1s/Msamples
       56300000  -5873763.0728  -5872965.5135      -797.5592 11m1s/Msamples
       56400000  -5873740.9240  -5872940.6922      -800.2317 11m1s/Msamples
       56500000  -5873774.0107  -5872957.2104      -816.8003 11m1s/Msamples
       56600000  -5873786.6277  -5872976.4255      -810.2021 11m0s/Msamples
       56700000  -5873762.4929  -5872951.9183      -810.5746 11m0s/Msamples
       56800000  -5873745.3927  -5872938.9844      -806.4083 11m0s/Msamples
       56900000  -5873755.4827  -5872973.0189      -782.4637 11m0s/Msamples
       57000000  -5873743.5363  -5872959.3041      -784.2322 11m0s/Msamples
       57100000  -5873707.7817  -5872953.6408      -754.1409 11m0s/Msamples
       57200000  -5873745.0572  -5872948.7378      -796.3193 10m59s/Msamples
       57300000  -5873742.7287  -5872963.8201      -778.9086 10m59s/Msamples
       57400000  -5873726.7523  -5872948.2515      -778.5008 10m59s/Msamples
       57500000  -5873730.5685  -5872962.4446      -768.1238 10m59s/Msamples
       57600000  -5873775.8029  -5872967.8478      -807.9551 10m59s/Msamples
       57700000  -5873770.4399  -5872966.3942      -804.0456 10m59s/Msamples
       57800000  -5873793.8703  -5872974.6250      -819.2453 10m58s/Msamples
       57900000  -5873782.9669  -5872953.1298      -829.8371 10m58s/Msamples
       58000000  -5873794.1307  -5872952.5888      -841.5419 10m58s/Msamples
       58100000  -5873774.9590  -5872959.6616      -815.2974 10m58s/Msamples
       58200000  -5873810.0245  -5872977.6028      -832.4216 10m58s/Msamples
       58300000  -5873798.4594  -5872965.9024      -832.5570 10m58s/Msamples
       58400000  -5873797.4950  -5872963.8369      -833.6580 10m57s/Msamples
       58500000  -5873778.5478  -5872971.0804      -807.4674 10m57s/Msamples
       58600000  -5873765.8318  -5872961.1830      -804.6487 10m57s/Msamples
       58700000  -5873780.3462  -5872948.2814      -832.0647 10m57s/Msamples
       58800000  -5873766.2463  -5872952.4993      -813.7470 10m57s/Msamples
       58900000  -5873813.6253  -5872958.9196      -854.7056 10m57s/Msamples
       59000000  -5873797.6526  -5872959.8818      -837.7707 10m57s/Msamples
       59100000  -5873788.1635  -5872974.4309      -813.7326 10m56s/Msamples
       59200000  -5873754.3763  -5872951.4705      -802.9057 10m56s/Msamples
       59300000  -5873747.4584  -5872961.3072      -786.1511 10m56s/Msamples
       59400000  -5873749.7271  -5872952.1347      -797.5924 10m56s/Msamples
       59500000  -5873785.4804  -5872993.6993      -791.7811 10m56s/Msamples
       59600000  -5873773.1965  -5872961.9572      -811.2392 10m56s/Msamples
       59700000  -5873741.4726  -5872963.2852      -778.1873 10m55s/Msamples
       59800000  -5873775.1856  -5872964.3659      -810.8196 10m55s/Msamples
       59900000  -5873770.5271  -5872959.5322      -810.9948 10m55s/Msamples
       60000000  -5873736.0440  -5872926.0101      -810.0339 10m55s/Msamples
       60100000  -5873738.1540  -5872946.9702      -791.1837 10m55s/Msamples
       60200000  -5873760.4421  -5872962.0360      -798.4061 10m55s/Msamples
       60300000  -5873740.9823  -5872964.7930      -776.1892 10m55s/Msamples
       60400000  -5873741.0832  -5872964.8628      -776.2203 10m54s/Msamples
       60500000  -5873708.9711  -5872950.6336      -758.3374 10m54s/Msamples
       60600000  -5873767.7143  -5872969.9312      -797.7830 10m54s/Msamples
       60700000  -5873761.4705  -5872960.9638      -800.5067 10m54s/Msamples
       60800000  -5873736.2864  -5872948.4447      -787.8416 10m54s/Msamples
       60900000  -5873746.1037  -5872946.7854      -799.3183 10m54s/Msamples
       61000000  -5873754.1050  -5872950.6136      -803.4913 10m54s/Msamples
       61100000  -5873728.1440  -5872948.9412      -779.2028 10m53s/Msamples
       61200000  -5873763.6011  -5872947.1201      -816.4809 10m53s/Msamples
       61300000  -5873760.7409  -5872949.4938      -811.2470 10m53s/Msamples
       61400000  -5873745.0406  -5872939.3362      -805.7043 10m53s/Msamples
       61500000  -5873737.2290  -5872977.5306      -759.6983 10m53s/Msamples
       61600000  -5873733.7998  -5872950.1897      -783.6100 10m53s/Msamples
       61700000  -5873777.1541  -5872971.2730      -805.8810 10m53s/Msamples
       61800000  -5873761.1496  -5872963.6085      -797.5410 10m53s/Msamples
       61900000  -5873722.7713  -5872947.6365      -775.1348 10m52s/Msamples
       62000000  -5873704.4901  -5872944.0616      -760.4285 10m52s/Msamples
       62100000  -5873740.7605  -5872948.6395      -792.1209 10m52s/Msamples
       62200000  -5873742.4535  -5872965.0030      -777.4504 10m52s/Msamples
       62300000  -5873750.8172  -5872957.1320      -793.6851 10m52s/Msamples
       62400000  -5873768.6126  -5872947.2678      -821.3448 10m52s/Msamples
       62500000  -5873772.7275  -5872955.3254      -817.4021 10m52s/Msamples
       62600000  -5873823.0282  -5872992.2036      -830.8245 10m51s/Msamples
       62700000  -5873756.9018  -5872958.0292      -798.8725 10m51s/Msamples
       62800000  -5873778.6512  -5872949.7180      -828.9332 10m51s/Msamples
       62900000  -5873748.1599  -5872954.0288      -794.1310 10m51s/Msamples
       63000000  -5873743.7649  -5872945.5248      -798.2401 10m51s/Msamples
       63100000  -5873758.1857  -5872977.6446      -780.5410 10m51s/Msamples
       63200000  -5873759.4886  -5872972.5482      -786.9403 10m51s/Msamples
       63300000  -5873789.4320  -5872952.7883      -836.6436 10m51s/Msamples
       63400000  -5873797.9661  -5872952.7024      -845.2637 10m50s/Msamples
       63500000  -5873792.1133  -5872969.6083      -822.5050 10m50s/Msamples
       63600000  -5873753.5335  -5872960.4504      -793.0830 10m50s/Msamples
       63700000  -5873728.3070  -5872977.5314      -750.7755 10m50s/Msamples
       63800000  -5873767.2409  -5872964.3815      -802.8594 10m50s/Msamples
       63900000  -5873775.4865  -5872962.7328      -812.7536 10m50s/Msamples
       64000000  -5873770.0178  -5872959.9726      -810.0452 10m50s/Msamples
       64100000  -5873756.0383  -5872977.6625      -778.3757 10m50s/Msamples
       64200000  -5873784.3773  -5872970.5220      -813.8552 10m49s/Msamples
       64300000  -5873739.8639  -5872951.7173      -788.1465 10m49s/Msamples
       64400000  -5873765.4593  -5872963.6689      -801.7904 10m49s/Msamples
       64500000  -5873778.8324  -5872978.2084      -800.6239 10m49s/Msamples
       64600000  -5873728.3289  -5872952.7866      -775.5423 10m49s/Msamples
       64700000  -5873759.1594  -5872967.9353      -791.2241 10m49s/Msamples
       64800000  -5873769.4075  -5872965.3259      -804.0816 10m49s/Msamples
       64900000  -5873758.2780  -5872948.1060      -810.1720 10m48s/Msamples
       65000000  -5873767.0873  -5872959.1488      -807.9385 10m48s/Msamples
       65100000  -5873758.6286  -5872974.0498      -784.5787 10m48s/Msamples
       65200000  -5873766.5825  -5872957.0270      -809.5555 10m48s/Msamples
       65300000  -5873766.5119  -5872962.2142      -804.2976 10m48s/Msamples
       65400000  -5873748.0753  -5872964.2792      -783.7960 10m48s/Msamples
       65500000  -5873757.6222  -5872953.6072      -804.0149 10m48s/Msamples
       65600000  -5873776.1576  -5872945.9100      -830.2476 10m48s/Msamples
       65700000  -5873710.9808  -5872960.2483      -750.7324 10m48s/Msamples
       65800000  -5873730.8966  -5872952.5705      -778.3261 10m47s/Msamples
       65900000  -5873722.8547  -5872953.5494      -769.3052 10m47s/Msamples
       66000000  -5873742.1019  -5872949.8647      -792.2371 10m47s/Msamples
       66100000  -5873762.6941  -5872951.3190      -811.3750 10m47s/Msamples
       66200000  -5873848.6032  -5872977.2623      -871.3408 10m47s/Msamples
       66300000  -5873802.6361  -5872972.1926      -830.4435 10m47s/Msamples
       66400000  -5873799.9402  -5872970.9605      -828.9796 10m47s/Msamples
       66500000  -5873830.0595  -5872972.9717      -857.0878 10m47s/Msamples
       66600000  -5873765.1518  -5872958.4513      -806.7004 10m46s/Msamples
       66700000  -5873743.8112  -5872962.7048      -781.1064 10m46s/Msamples
       66800000  -5873732.9641  -5872953.6311      -779.3329 10m46s/Msamples
       66900000  -5873754.8292  -5872963.8664      -790.9628 10m46s/Msamples
       67000000  -5873757.7859  -5872951.2661      -806.5197 10m46s/Msamples
       67100000  -5873794.2510  -5872968.3964      -825.8545 10m46s/Msamples
       67200000  -5873742.1368  -5872950.2623      -791.8744 10m46s/Msamples
       67300000  -5873723.1536  -5872948.9095      -774.2440 10m46s/Msamples
       67400000  -5873736.6146  -5872939.9633      -796.6513 10m45s/Msamples
       67500000  -5873743.1574  -5872946.6360      -796.5213 10m45s/Msamples
       67600000  -5873751.2500  -5872968.4925      -782.7575 10m45s/Msamples
       67700000  -5873757.1976  -5872966.0231      -791.1744 10m45s/Msamples
       67800000  -5873763.7359  -5872966.9185      -796.8174 10m45s/Msamples
       67900000  -5873757.5486  -5872972.0367      -785.5118 10m45s/Msamples
       68000000  -5873759.8172  -5872955.4162      -804.4009 10m45s/Msamples
       68100000  -5873777.4256  -5872964.5379      -812.8877 10m45s/Msamples
       68200000  -5873773.4152  -5872942.9454      -830.4697 10m45s/Msamples
       68300000  -5873807.4221  -5872958.7511      -848.6710 10m44s/Msamples
       68400000  -5873785.8735  -5872970.7891      -815.0844 10m44s/Msamples
       68500000  -5873815.3040  -5872972.6586      -842.6454 10m44s/Msamples
       68600000  -5873791.7752  -5872941.2668      -850.5083 10m44s/Msamples
       68700000  -5873795.3982  -5872951.8070      -843.5911 10m44s/Msamples
       68800000  -5873803.3923  -5872963.9601      -839.4321 10m44s/Msamples
       68900000  -5873806.8063  -5872959.9980      -846.8082 10m44s/Msamples
       69000000  -5873811.2945  -5872959.1387      -852.1558 10m44s/Msamples
       69100000  -5873778.8357  -5872967.5146      -811.3211 10m44s/Msamples
       69200000  -5873759.6778  -5872972.2607      -787.4171 10m43s/Msamples
       69300000  -5873778.7771  -5872950.6600      -828.1171 10m43s/Msamples
       69400000  -5873812.3567  -5872951.5506      -860.8060 10m43s/Msamples
       69500000  -5873823.9316  -5872957.8545      -866.0771 10m43s/Msamples
       69600000  -5873768.7831  -5872940.6484      -828.1346 10m43s/Msamples
       69700000  -5873777.8346  -5872954.8798      -822.9547 10m43s/Msamples
       69800000  -5873746.8844  -5872962.0534      -784.8309 10m43s/Msamples
       69900000  -5873749.7313  -5872967.6735      -782.0578 10m43s/Msamples
       70000000  -5873749.0670  -5872931.9757      -817.0913 10m43s/Msamples
       70100000  -5873746.8390  -5872955.9296      -790.9093 10m42s/Msamples
       70200000  -5873760.5596  -5872968.4347      -792.1248 10m42s/Msamples
       70300000  -5873733.7469  -5872952.1822      -781.5647 10m42s/Msamples
       70400000  -5873717.4775  -5872944.1855      -773.2919 10m42s/Msamples
       70500000  -5873773.6737  -5872987.9700      -785.7037 10m42s/Msamples
       70600000  -5873739.2848  -5872938.1407      -801.1441 10m42s/Msamples
       70700000  -5873799.1306  -5872948.4854      -850.6451 10m42s/Msamples
       70800000  -5873763.3852  -5872959.2708      -804.1143 10m42s/Msamples
       70900000  -5873781.9217  -5872952.5252      -829.3964 10m42s/Msamples
       71000000  -5873771.0786  -5872946.4730      -824.6055 10m41s/Msamples
       71100000  -5873823.8974  -5872964.6625      -859.2349 10m41s/Msamples
       71200000  -5873780.6495  -5872951.0777      -829.5717 10m41s/Msamples
       71300000  -5873750.8325  -5872955.1386      -795.6938 10m41s/Msamples
       71400000  -5873739.4152  -5872955.1983      -784.2169 10m41s/Msamples
       71500000  -5873772.1025  -5872940.4684      -831.6340 10m41s/Msamples
       71600000  -5873763.0300  -5872949.3916      -813.6383 10m41s/Msamples
       71700000  -5873753.3854  -5872961.9703      -791.4150 10m41s/Msamples
       71800000  -5873736.5178  -5872961.4076      -775.1101 10m41s/Msamples
       71900000  -5873724.4354  -5872949.6922      -774.7432 10m41s/Msamples
       72000000  -5873746.6113  -5872972.6743      -773.9370 10m41s/Msamples
       72100000  -5873739.8024  -5872962.9294      -776.8729 10m40s/Msamples
       72200000  -5873730.7157  -5872943.9062      -786.8095 10m40s/Msamples
       72300000  -5873760.5489  -5872965.3299      -795.2190 10m40s/Msamples
       72400000  -5873753.5093  -5872954.9617      -798.5476 10m40s/Msamples
       72500000  -5873741.1785  -5872949.9028      -791.2757 10m40s/Msamples
       72600000  -5873751.4350  -5872952.8549      -798.5801 10m40s/Msamples
       72700000  -5873762.3331  -5872973.0247      -789.3084 10m40s/Msamples
       72800000  -5873757.8956  -5872950.0817      -807.8139 10m40s/Msamples
       72900000  -5873755.5767  -5872946.9942      -808.5824 10m40s/Msamples
       73000000  -5873790.0077  -5872954.0168      -835.9908 10m40s/Msamples
       73100000  -5873764.4762  -5872960.1919      -804.2842 10m39s/Msamples
       73200000  -5873743.8301  -5872945.9868      -797.8432 10m39s/Msamples
       73300000  -5873721.7629  -5872945.8709      -775.8919 10m39s/Msamples
       73400000  -5873757.6097  -5872964.2687      -793.3409 10m39s/Msamples
       73500000  -5873786.3913  -5872967.4214      -818.9698 10m39s/Msamples
       73600000  -5873788.4192  -5872952.2317      -836.1875 10m39s/Msamples
       73700000  -5873761.7259  -5872951.7971      -809.9288 10m39s/Msamples
       73800000  -5873792.4600  -5872966.6601      -825.7999 10m39s/Msamples
       73900000  -5873795.7674  -5872961.2467      -834.5206 10m39s/Msamples
       74000000  -5873784.2109  -5872954.4046      -829.8062 10m39s/Msamples
       74100000  -5873786.6438  -5872956.9562      -829.6875 10m38s/Msamples
       74200000  -5873777.5439  -5872946.9305      -830.6134 10m38s/Msamples
       74300000  -5873780.0859  -5872970.8044      -809.2815 10m38s/Msamples
       74400000  -5873773.8616  -5872954.6646      -819.1969 10m38s/Msamples
       74500000  -5873759.1416  -5872964.7263      -794.4152 10m38s/Msamples
       74600000  -5873753.0403  -5872955.5729      -797.4674 10m38s/Msamples
       74700000  -5873774.8969  -5872960.3894      -814.5074 10m38s/Msamples
       74800000  -5873774.5420  -5872952.2233      -822.3186 10m38s/Msamples
       74900000  -5873747.9366  -5872951.8347      -796.1018 10m38s/Msamples
       75000000  -5873742.5492  -5872955.0034      -787.5458 10m38s/Msamples
       75100000  -5873780.7797  -5872962.4711      -818.3085 10m37s/Msamples
       75200000  -5873768.6025  -5872953.5316      -815.0709 10m37s/Msamples
       75300000  -5873760.2060  -5872955.1443      -805.0617 10m37s/Msamples
       75400000  -5873790.9031  -5872974.5143      -816.3888 10m37s/Msamples
       75500000  -5873743.2924  -5872939.7729      -803.5195 10m37s/Msamples
       75600000  -5873713.3233  -5872962.1129      -751.2104 10m37s/Msamples
       75700000  -5873723.8653  -5872951.6011      -772.2641 10m37s/Msamples
       75800000  -5873746.3428  -5872968.2588      -778.0839 10m37s/Msamples
       75900000  -5873811.7786  -5872959.1384      -852.6401 10m37s/Msamples
       76000000  -5873753.9203  -5872944.0971      -809.8231 10m37s/Msamples
       76100000  -5873801.3205  -5872957.4626      -843.8579 10m37s/Msamples
       76200000  -5873782.4295  -5872950.9338      -831.4956 10m36s/Msamples
       76300000  -5873761.3377  -5872957.5423      -803.7954 10m36s/Msamples
       76400000  -5873775.3964  -5872963.7902      -811.6062 10m36s/Msamples
       76500000  -5873765.3401  -5872967.4995      -797.8406 10m36s/Msamples
       76600000  -5873758.9563  -5872955.7761      -803.1801 10m36s/Msamples
       76700000  -5873744.8344  -5872957.8605      -786.9739 10m36s/Msamples
       76800000  -5873764.4139  -5872974.2713      -790.1425 10m36s/Msamples
       76900000  -5873780.7140  -5872953.2927      -827.4213 10m36s/Msamples
       77000000  -5873770.6675  -5872964.1159      -806.5516 10m36s/Msamples
       77100000  -5873799.6372  -5872959.7221      -839.9150 10m36s/Msamples
       77200000  -5873760.0257  -5872970.5674      -789.4583 10m36s/Msamples
       77300000  -5873746.6391  -5872953.3860      -793.2530 10m36s/Msamples
       77400000  -5873754.5281  -5872962.2443      -792.2837 10m35s/Msamples
       77500000  -5873772.6603  -5872962.5471      -810.1131 10m35s/Msamples
       77600000  -5873730.5091  -5872951.3126      -779.1964 10m35s/Msamples
       77700000  -5873732.1272  -5872955.1083      -777.0189 10m35s/Msamples
       77800000  -5873737.2753  -5872950.4706      -786.8047 10m35s/Msamples
       77900000  -5873757.4794  -5872959.5181      -797.9613 10m35s/Msamples
       78000000  -5873760.4174  -5872956.1197      -804.2977 10m35s/Msamples
       78100000  -5873770.1639  -5872963.0476      -807.1163 10m35s/Msamples
       78200000  -5873728.9987  -5872930.4444      -798.5542 10m35s/Msamples
       78300000  -5873741.4352  -5872953.8684      -787.5668 10m35s/Msamples
       78400000  -5873765.6956  -5872952.4193      -813.2762 10m35s/Msamples
       78500000  -5873784.7840  -5872952.4744      -832.3096 10m35s/Msamples
       78600000  -5873800.1847  -5872970.4949      -829.6898 10m34s/Msamples
       78700000  -5873796.0304  -5872953.2554      -842.7749 10m34s/Msamples
       78800000  -5873781.6491  -5872953.5751      -828.0739 10m34s/Msamples
       78900000  -5873749.0424  -5872948.5878      -800.4546 10m34s/Msamples
       79000000  -5873759.2769  -5872973.1103      -786.1665 10m34s/Msamples
       79100000  -5873738.8170  -5872967.8805      -770.9364 10m34s/Msamples
       79200000  -5873762.8026  -5872965.7137      -797.0889 10m34s/Msamples
       79300000  -5873779.4064  -5872984.4634      -794.9430 10m34s/Msamples
       79400000  -5873721.3574  -5872948.7722      -772.5851 10m34s/Msamples
       79500000  -5873740.6765  -5872952.4129      -788.2635 10m34s/Msamples
       79600000  -5873770.8822  -5872947.4396      -823.4425 10m34s/Msamples
       79700000  -5873766.7273  -5872953.4438      -813.2835 10m34s/Msamples
       79800000  -5873743.3696  -5872956.1620      -787.2076 10m33s/Msamples
       79900000  -5873739.2935  -5872954.1464      -785.1470 10m33s/Msamples
       80000000  -5873755.1138  -5872955.4293      -799.6845 10m33s/Msamples
       80100000  -5873771.7195  -5872938.9927      -832.7267 10m33s/Msamples
       80200000  -5873743.0650  -5872949.5825      -793.4825 10m33s/Msamples
       80300000  -5873739.0108  -5872952.6926      -786.3181 10m33s/Msamples
       80400000  -5873766.8018  -5872967.0516      -799.7501 10m33s/Msamples
       80500000  -5873744.8911  -5872943.3969      -801.4941 10m33s/Msamples
       80600000  -5873770.0458  -5872950.7260      -819.3197 10m33s/Msamples
       80700000  -5873754.0266  -5872955.3704      -798.6561 10m33s/Msamples
       80800000  -5873735.6349  -5872951.6582      -783.9766 10m33s/Msamples
       80900000  -5873765.0294  -5872954.0959      -810.9334 10m33s/Msamples
       81000000  -5873709.3351  -5872945.6235      -763.7115 10m33s/Msamples
       81100000  -5873728.1039  -5872943.8475      -784.2564 10m32s/Msamples
       81200000  -5873744.7610  -5872946.3897      -798.3713 10m32s/Msamples
       81300000  -5873775.9225  -5872963.5733      -812.3491 10m32s/Msamples
       81400000  -5873749.1237  -5872954.6185      -794.5052 10m32s/Msamples
       81500000  -5873744.7041  -5872955.7629      -788.9411 10m32s/Msamples
       81600000  -5873748.7373  -5872960.0320      -788.7053 10m32s/Msamples
       81700000  -5873741.5625  -5872957.7129      -783.8496 10m32s/Msamples
       81800000  -5873744.3599  -5872952.0435      -792.3164 10m32s/Msamples
       81900000  -5873747.4064  -5872952.2854      -795.1210 10m32s/Msamples
       82000000  -5873767.3698  -5872967.0855      -800.2843 10m32s/Msamples
       82100000  -5873768.0301  -5872962.3875      -805.6425 10m32s/Msamples
       82200000  -5873811.2592  -5872973.3058      -837.9534 10m32s/Msamples
       82300000  -5873829.6784  -5872966.8671      -862.8112 10m32s/Msamples
       82400000  -5873803.2907  -5872960.5458      -842.7448 10m32s/Msamples
       82500000  -5873742.3479  -5872947.9724      -794.3754 10m31s/Msamples
       82600000  -5873732.9744  -5872953.0417      -779.9327 10m31s/Msamples
       82700000  -5873727.0420  -5872959.4111      -767.6308 10m31s/Msamples
       82800000  -5873757.7029  -5872970.7477      -786.9552 10m31s/Msamples
       82900000  -5873732.3989  -5872951.8161      -780.5828 10m31s/Msamples
       83000000  -5873756.4682  -5872962.2978      -794.1704 10m31s/Msamples
       83100000  -5873729.9223  -5872960.6230      -769.2992 10m31s/Msamples
       83200000  -5873737.1411  -5872944.9676      -792.1735 10m31s/Msamples
       83300000  -5873783.9502  -5872962.9103      -821.0398 10m31s/Msamples
       83400000  -5873806.0863  -5872952.9380      -853.1482 10m31s/Msamples
       83500000  -5873801.4906  -5872953.7564      -847.7341 10m31s/Msamples
       83600000  -5873799.6014  -5872950.3150      -849.2864 10m31s/Msamples
       83700000  -5873811.7894  -5872981.2959      -830.4934 10m31s/Msamples
       83800000  -5873764.4933  -5872969.6247      -794.8685 10m30s/Msamples
       83900000  -5873766.6128  -5872959.1704      -807.4424 10m30s/Msamples
       84000000  -5873751.6931  -5872956.9458      -794.7472 10m30s/Msamples
       84100000  -5873806.8607  -5872965.0906      -841.7701 10m30s/Msamples
       84200000  -5873801.2142  -5872964.5500      -836.6641 10m30s/Msamples
       84300000  -5873802.5107  -5872972.4436      -830.0670 10m30s/Msamples
       84400000  -5873779.8357  -5872965.8952      -813.9405 10m30s/Msamples
       84500000  -5873769.7014  -5872955.4015      -814.2999 10m30s/Msamples
       84600000  -5873754.9443  -5872950.6931      -804.2511 10m30s/Msamples
       84700000  -5873730.5258  -5872937.2851      -793.2407 10m30s/Msamples
       84800000  -5873761.2789  -5872956.5345      -804.7444 10m30s/Msamples
       84900000  -5873782.0902  -5872958.8714      -823.2187 10m30s/Msamples
       85000000  -5873773.5582  -5872966.9207      -806.6374 10m30s/Msamples
       85100000  -5873766.0831  -5872945.9027      -820.1804 10m29s/Msamples
       85200000  -5873757.9951  -5872958.7814      -799.2137 10m29s/Msamples
       85300000  -5873730.9785  -5872953.1600      -777.8184 10m29s/Msamples
       85400000  -5873747.1792  -5872966.9829      -780.1963 10m29s/Msamples
       85500000  -5873743.9648  -5872967.4408      -776.5240 10m29s/Msamples
       85600000  -5873773.7723  -5872958.0819      -815.6903 10m29s/Msamples
       85700000  -5873764.2020  -5872947.2372      -816.9648 10m29s/Msamples
       85800000  -5873779.6069  -5872953.6774      -825.9294 10m29s/Msamples
       85900000  -5873834.5358  -5872980.0162      -854.5196 10m29s/Msamples
       86000000  -5873788.1788  -5872947.9941      -840.1847 10m29s/Msamples
       86100000  -5873763.8806  -5872962.6925      -801.1881 10m29s/Msamples
       86200000  -5873790.2164  -5872954.5634      -835.6529 10m29s/Msamples
       86300000  -5873779.4320  -5872964.6951      -814.7368 10m29s/Msamples
       86400000  -5873762.3786  -5872979.5754      -782.8031 10m29s/Msamples
       86500000  -5873756.2619  -5872955.6350      -800.6269 10m29s/Msamples
       86600000  -5873768.5547  -5872947.8801      -820.6746 10m28s/Msamples
       86700000  -5873774.4668  -5872965.1789      -809.2879 10m28s/Msamples
       86800000  -5873765.4941  -5872944.2026      -821.2915 10m28s/Msamples
       86900000  -5873802.8116  -5872966.1411      -836.6705 10m28s/Msamples
       87000000  -5873812.7225  -5872949.3002      -863.4223 10m28s/Msamples
       87100000  -5873814.0565  -5872967.7131      -846.3434 10m28s/Msamples
       87200000  -5873791.6842  -5872974.1114      -817.5728 10m28s/Msamples
       87300000  -5873781.9479  -5872964.4533      -817.4946 10m28s/Msamples
       87400000  -5873788.1233  -5872951.8581      -836.2651 10m28s/Msamples
       87500000  -5873779.0744  -5872946.8243      -832.2500 10m28s/Msamples
       87600000  -5873740.8681  -5872941.2400      -799.6280 10m28s/Msamples
       87700000  -5873749.0974  -5872937.3367      -811.7606 10m28s/Msamples
       87800000  -5873769.1346  -5872959.2534      -809.8811 10m28s/Msamples
       87900000  -5873788.9887  -5872953.2730      -835.7156 10m28s/Msamples
       88000000  -5873767.5946  -5872961.9346      -805.6600 10m27s/Msamples
       88100000  -5873735.9650  -5872950.3021      -785.6628 10m27s/Msamples
       88200000  -5873759.8645  -5872957.1112      -802.7532 10m27s/Msamples
       88300000  -5873727.5791  -5872960.8075      -766.7715 10m27s/Msamples
       88400000  -5873777.9624  -5872968.7555      -809.2068 10m27s/Msamples
       88500000  -5873744.6279  -5872950.2122      -794.4156 10m27s/Msamples
       88600000  -5873774.5830  -5872947.9824      -826.6005 10m27s/Msamples
       88700000  -5873722.9754  -5872944.4651      -778.5102 10m27s/Msamples
       88800000  -5873744.4763  -5872955.6568      -788.8195 10m27s/Msamples
       88900000  -5873796.3119  -5872971.7049      -824.6069 10m27s/Msamples
       89000000  -5873776.3865  -5872959.7462      -816.6403 10m27s/Msamples
       89100000  -5873777.0178  -5872950.3287      -826.6891 10m27s/Msamples
       89200000  -5873767.5260  -5872957.7822      -809.7438 10m27s/Msamples
       89300000  -5873769.4591  -5872947.9440      -821.5150 10m27s/Msamples
       89400000  -5873794.3040  -5872962.6480      -831.6560 10m27s/Msamples
       89500000  -5873761.1706  -5872955.3441      -805.8264 10m26s/Msamples
       89600000  -5873722.9929  -5872949.7584      -773.2344 10m26s/Msamples
       89700000  -5873779.3694  -5872977.7581      -801.6113 10m26s/Msamples
       89800000  -5873754.7675  -5872966.0131      -788.7543 10m26s/Msamples
       89900000  -5873767.3360  -5872952.3835      -814.9524 10m26s/Msamples
       90000000  -5873776.5550  -5872967.5093      -809.0457 10m26s/Msamples
       90100000  -5873785.0594  -5872969.3357      -815.7236 10m26s/Msamples
       90200000  -5873778.8850  -5872953.2252      -825.6598 10m26s/Msamples
       90300000  -5873781.5018  -5872965.6225      -815.8792 10m26s/Msamples
       90400000  -5873787.5042  -5872960.6867      -826.8175 10m26s/Msamples
       90500000  -5873764.0437  -5872942.3485      -821.6951 10m26s/Msamples
       90600000  -5873763.5708  -5872960.4823      -803.0885 10m26s/Msamples
       90700000  -5873745.5771  -5872945.6857      -799.8914 10m26s/Msamples
       90800000  -5873754.0325  -5872952.2300      -801.8024 10m26s/Msamples
       90900000  -5873783.9317  -5872955.5221      -828.4095 10m26s/Msamples
       91000000  -5873783.5127  -5872955.4373      -828.0754 10m26s/Msamples
       91100000  -5873806.0762  -5872967.5085      -838.5677 10m25s/Msamples
       91200000  -5873809.7837  -5872953.6711      -856.1125 10m25s/Msamples
       91300000  -5873800.7362  -5872966.9765      -833.7597 10m25s/Msamples
       91400000  -5873825.2137  -5872965.3404      -859.8733 10m25s/Msamples
       91500000  -5873753.4429  -5872953.4449      -799.9980 10m25s/Msamples
       91600000  -5873769.5920  -5872954.7546      -814.8373 10m25s/Msamples
       91700000  -5873772.8473  -5872952.7538      -820.0935 10m25s/Msamples
       91800000  -5873755.1459  -5872951.8721      -803.2737 10m25s/Msamples
       91900000  -5873809.2513  -5872954.2647      -854.9866 10m25s/Msamples
       92000000  -5873758.8461  -5872954.7484      -804.0976 10m25s/Msamples
       92100000  -5873765.6393  -5872967.6244      -798.0148 10m25s/Msamples
       92200000  -5873797.4365  -5872972.8902      -824.5463 10m25s/Msamples
       92300000  -5873746.7390  -5872950.5121      -796.2268 10m25s/Msamples
       92400000  -5873750.7406  -5872960.4551      -790.2855 10m25s/Msamples
       92500000  -5873758.0627  -5872937.7166      -820.3461 10m25s/Msamples
       92600000  -5873793.0396  -5872957.7819      -835.2576 10m25s/Msamples
       92700000  -5873765.6559  -5872966.5776      -799.0783 10m25s/Msamples
       92800000  -5873769.8651  -5872966.8519      -803.0131 10m24s/Msamples
       92900000  -5873769.4911  -5872958.5305      -810.9606 10m24s/Msamples
       93000000  -5873756.0408  -5872951.0320      -805.0087 10m24s/Msamples
       93100000  -5873768.3478  -5872960.0923      -808.2555 10m24s/Msamples
       93200000  -5873723.7357  -5872942.0666      -781.6691 10m24s/Msamples
       93300000  -5873755.9131  -5872951.6705      -804.2425 10m24s/Msamples
       93400000  -5873758.6573  -5872959.5094      -799.1478 10m24s/Msamples
       93500000  -5873786.2212  -5872963.2985      -822.9227 10m24s/Msamples
       93600000  -5873771.7588  -5872951.7939      -819.9649 10m24s/Msamples
       93700000  -5873777.0609  -5872960.1214      -816.9395 10m24s/Msamples
       93800000  -5873748.4043  -5872955.1042      -793.3001 10m24s/Msamples
       93900000  -5873765.6722  -5872968.7414      -796.9307 10m24s/Msamples
       94000000  -5873780.1546  -5872970.6439      -809.5107 10m24s/Msamples
       94100000  -5873782.0062  -5872958.1609      -823.8453 10m24s/Msamples
       94200000  -5873775.8526  -5872940.3875      -835.4651 10m24s/Msamples
       94300000  -5873774.6828  -5872965.2799      -809.4029 10m24s/Msamples
       94400000  -5873773.1917  -5872960.3092      -812.8824 10m24s/Msamples
       94500000  -5873732.8936  -5872944.0460      -788.8475 10m23s/Msamples
       94600000  -5873766.8371  -5872952.5785      -814.2585 10m23s/Msamples
       94700000  -5873752.7136  -5872956.6803      -796.0333 10m23s/Msamples
       94800000  -5873795.5678  -5872977.0985      -818.4693 10m23s/Msamples
       94900000  -5873793.3484  -5872989.6189      -803.7294 10m23s/Msamples
       95000000  -5873771.0912  -5872967.4106      -803.6806 10m23s/Msamples
       95100000  -5873764.9694  -5872955.7359      -809.2334 10m23s/Msamples
       95200000  -5873759.3464  -5872974.5901      -784.7562 10m23s/Msamples
       95300000  -5873775.7073  -5872953.5346      -822.1726 10m23s/Msamples
       95400000  -5873750.1466  -5872956.8747      -793.2718 10m23s/Msamples
       95500000  -5873765.3531  -5872939.0852      -826.2678 10m23s/Msamples
       95600000  -5873785.8903  -5872963.7783      -822.1120 10m23s/Msamples
       95700000  -5873761.1240  -5872951.9873      -809.1366 10m23s/Msamples
       95800000  -5873784.6360  -5872946.5163      -838.1196 10m23s/Msamples
       95900000  -5873773.2881  -5872962.2571      -811.0309 10m23s/Msamples
       96000000  -5873732.3877  -5872968.9118      -763.4759 10m23s/Msamples
       96100000  -5873746.8063  -5872973.7528      -773.0534 10m23s/Msamples
       96200000  -5873788.4544  -5872950.6413      -837.8131 10m22s/Msamples
       96300000  -5873819.9370  -5872982.9652      -836.9718 10m22s/Msamples
       96400000  -5873800.2322  -5872966.6081      -833.6241 10m22s/Msamples
       96500000  -5873785.6086  -5872955.6247      -829.9839 10m22s/Msamples
       96600000  -5873787.1713  -5872960.1458      -827.0254 10m22s/Msamples
       96700000  -5873797.3257  -5872981.2568      -816.0689 10m22s/Msamples
       96800000  -5873773.8303  -5872954.7936      -819.0367 10m22s/Msamples
       96900000  -5873750.8950  -5872948.3582      -802.5368 10m22s/Msamples
       97000000  -5873777.8130  -5872958.3991      -819.4138 10m22s/Msamples
       97100000  -5873789.9109  -5872951.0340      -838.8769 10m22s/Msamples
       97200000  -5873821.9318  -5872966.3216      -855.6102 10m22s/Msamples
       97300000  -5873810.0536  -5872964.9130      -845.1406 10m22s/Msamples
       97400000  -5873812.1670  -5872955.0869      -857.0800 10m22s/Msamples
       97500000  -5873771.6561  -5872951.6135      -820.0425 10m22s/Msamples
       97600000  -5873765.3722  -5872949.2043      -816.1679 10m22s/Msamples
       97700000  -5873800.0753  -5872961.5787      -838.4966 10m22s/Msamples
       97800000  -5873756.7104  -5872968.9759      -787.7345 10m22s/Msamples
       97900000  -5873742.3571  -5872950.5234      -791.8337 10m22s/Msamples
       98000000  -5873742.2937  -5872946.6444      -795.6493 10m21s/Msamples
       98100000  -5873780.7308  -5872950.4673      -830.2635 10m21s/Msamples
       98200000  -5873763.6139  -5872965.8338      -797.7801 10m21s/Msamples
       98300000  -5873782.1071  -5872955.9444      -826.1627 10m21s/Msamples
       98400000  -5873763.1218  -5872961.9191      -801.2027 10m21s/Msamples
       98500000  -5873800.6596  -5872955.1841      -845.4755 10m21s/Msamples
       98600000  -5873745.2701  -5872943.3892      -801.8809 10m21s/Msamples
       98700000  -5873777.9469  -5872967.6260      -810.3208 10m21s/Msamples
       98800000  -5873777.5584  -5872943.3388      -834.2196 10m21s/Msamples
       98900000  -5873786.8662  -5872978.2606      -808.6055 10m21s/Msamples
       99000000  -5873796.8365  -5872968.5271      -828.3093 10m21s/Msamples
       99100000  -5873789.8857  -5872964.9527      -824.9330 10m21s/Msamples
       99200000  -5873767.3090  -5872953.8686      -813.4404 10m21s/Msamples
       99300000  -5873731.0037  -5872942.0419      -788.9618 10m21s/Msamples
       99400000  -5873750.5753  -5872946.6115      -803.9637 10m21s/Msamples
       99500000  -5873736.0629  -5872965.1283      -770.9346 10m21s/Msamples
       99600000  -5873757.9494  -5872953.9426      -804.0068 10m21s/Msamples
       99700000  -5873780.8904  -5872958.1397      -822.7507 10m21s/Msamples
       99800000  -5873784.3508  -5872955.6610      -828.6898 10m20s/Msamples
       99900000  -5873822.9473  -5872960.2599      -862.6874 10m20s/Msamples
      100000000  -5873802.4415  -5872965.4469      -836.9945 10m20s/Msamples

Operator                                                                                    Tuning    #accept    #reject      Pr(m)  Pr(acc|m)
TipDatesRandomWalker(TipDatesRandomWalker.GCA_000182505.1_ASM18250v1_genomic.leaf)        14.43009     549961     314500    0.00865    0.63619 Try setting window size to about 28.86
TipDatesRandomWalker(TipDatesRandomWalker.GCA_001261985.1_YPW_3_IHQD_genomic.leaf)        75.71439     324725     540463    0.00865    0.37532 
TipDatesRandomWalker(TipDatesRandomWalker.GCA_001487065.1_Yersinia_pestis_genomic.leaf)   10.16263     514012     352658    0.00865    0.59309 Try setting window size to about 20.325
DeltaExchangeOperator(FrequenciesExchanger.s:dna)                                          0.00190      11207      75007    0.00087    0.12999 
ScaleOperator(RateACScaler.s:dna)                                                          0.60646      19807      66876    0.00087    0.22850 
ScaleOperator(RateAGScaler.s:dna)                                                          0.59773      20630      66322    0.00087    0.23726 
ScaleOperator(RateATScaler.s:dna)                                                          0.45856      20894      65956    0.00087    0.24058 
ScaleOperator(RateCGScaler.s:dna)                                                          0.39500      18177      68099    0.00087    0.21068 
ScaleOperator(RateGTScaler.s:dna)                                                          0.62381      19065      67446    0.00087    0.22038 
ScaleOperator(CoalescentConstantTreeScaler.t:dna)                                          0.74334      69048    2527269    0.02595    0.02659 Try setting scaleFactor to about 0.862
ScaleOperator(CoalescentConstantTreeRootScaler.t:dna)                                      0.42709     232635    2360029    0.02595    0.08973 Try setting scaleFactor to about 0.654
Uniform(CoalescentConstantUniformOperator.t:dna)                                                 -   13247277   12706830    0.25952    0.51041 
SubtreeSlide(CoalescentConstantSubtreeSlide.t:dna)                                        10.53780    3006207    9966376    0.12976    0.23174 
Exchange(CoalescentConstantNarrow.t:dna)                                                         -    3854992    9121468    0.12976    0.29708 
Exchange(CoalescentConstantWide.t:dna)                                                           -       9416    2583865    0.02595    0.00363 
WilsonBalding(CoalescentConstantWilsonBalding.t:dna)                                             -      24560    2570910    0.02595    0.00946 
ScaleOperator(PopSizeScaler.t:dna)                                                         0.55889     621431    1972836    0.02595    0.23954 
ScaleOperator(ucldMeanScaler.c:dna)                                                        0.76511     151459     714166    0.00865    0.17497 
ScaleOperator(ucldStdevScaler.c:dna)                                                       0.86594    1037238    1559406    0.02595    0.39945 
IntRandomWalkOperator(CategoriesRandomWalk.c:dna)                                                -    5641846    3009353    0.08651    0.65215 
SwapOperator(CategoriesSwapOperator.c:dna)                                                       -    3330356    5320957    0.08651    0.38495 
UniformOperator(CategoriesUniform.c:dna)                                                         -    4513778    4135339    0.08651    0.52188 
UpDownOperator(relaxedUpDownOperator.c:dna)                                                0.70795      66992    2528157    0.02595    0.02581 Try setting scaleFactor to about 0.841

     Tuning: The value of the operator's tuning parameter, or '-' if the operator can't be optimized.
    #accept: The total number of times a proposal by this operator has been accepted.
    #reject: The total number of times a proposal by this operator has been rejected.
      Pr(m): The probability this operator is chosen in a step of the MCMC (i.e. the normalized weight).
  Pr(acc|m): The acceptance probability (#accept as a fraction of the total proposals for this operator).


Total calculation time: 62252.644 seconds
