2021-05-20 11:48:44,453 Reading the input fasta file: /2/scratch/keaton/plague-phylogeography/results/snippy_multi/all/chromosome/full/snippy-multi.snps.aln
2021-05-20 11:48:44,576 Reading alignment length...
2021-05-20 11:48:44,578 Alignment length: 33703
2021-05-20 11:48:44,578 Reading alignment sample names...
2021-05-20 11:48:44,579 Number of samples: 603
2021-05-20 11:48:44,581 Analyzing alignment for sites with >=1.0 samples with data...
2021-05-20 11:48:47,043 5% Complete
2021-05-20 11:48:51,053 10% Complete
2021-05-20 11:48:54,084 15% Complete
2021-05-20 11:48:55,932 20% Complete
2021-05-20 11:48:59,347 25% Complete
2021-05-20 11:49:03,138 30% Complete
2021-05-20 11:49:07,957 35% Complete
2021-05-20 11:49:12,032 40% Complete
2021-05-20 11:49:14,903 45% Complete
2021-05-20 11:49:17,177 50% Complete
2021-05-20 11:49:20,264 55% Complete
2021-05-20 11:49:23,039 60% Complete
2021-05-20 11:49:29,815 65% Complete
2021-05-20 11:49:34,471 70% Complete
2021-05-20 11:49:41,324 75% Complete
2021-05-20 11:49:48,477 80% Complete
2021-05-20 11:50:01,654 85% Complete
2021-05-20 11:50:11,086 90% Complete
2021-05-20 11:50:23,785 95% Complete
2021-05-20 11:50:38,111 100% Complete
2021-05-20 11:50:38,111 Creating the filtered multiple alignment..
2021-05-20 11:50:38,699 Writing to the output fasta file: /2/scratch/keaton/plague-phylogeography/results/snippy_multi/all/chromosome/full/filter0/snippy-multi.snps.aln
2021-05-20 11:50:38,713 Constant sites: 0 (0%)
2021-05-20 11:50:38,713 Parsimony informative sites: 17333 (51%)
2021-05-20 11:50:38,713 Biallelic singleton sites: 16246 (48%)
2021-05-20 11:50:38,713 Multiallelic singleton sites: 80 (0%)
2021-05-20 11:50:38,713 Pseudo singleton sites: 44 (0%)
2021-05-20 11:50:38,713 Total singleton sites: 16370 (48%)
2021-05-20 11:50:38,713 Singleton sites passing missing data filter: 539
2021-05-20 11:50:38,713 Parsimony informative sites passing missing data filter: 589
2021-05-20 11:50:38,714 Total sites passing missing data filter: 1128
2021-05-20 11:50:38,714 Total sites failing missing data filter: 32575
2021-05-20 11:50:38,714 Wrote a multi-fasta alignment of length: 1128
