2021-06-16 11:20:57,219 Reading the input fasta file: /2/scratch/keaton/plague-phylogeography/results/snippy_multi/all/chromosome/full/snippy-multi.snps.aln
2021-06-16 11:20:57,221 Reading alignment length...
2021-06-16 11:20:57,222 Alignment length: 483
2021-06-16 11:20:57,222 Reading alignment sample names...
2021-06-16 11:20:57,222 Number of samples: 50
2021-06-16 11:20:57,222 Analyzing alignment for sites with >=0.98 samples with data...
2021-06-16 11:20:57,227 5% Complete
2021-06-16 11:20:57,230 10% Complete
2021-06-16 11:20:57,232 15% Complete
2021-06-16 11:20:57,236 20% Complete
2021-06-16 11:20:57,239 25% Complete
2021-06-16 11:20:57,242 30% Complete
2021-06-16 11:20:57,247 35% Complete
2021-06-16 11:20:57,250 40% Complete
2021-06-16 11:20:57,253 45% Complete
2021-06-16 11:20:57,256 50% Complete
2021-06-16 11:20:57,259 55% Complete
2021-06-16 11:20:57,263 60% Complete
2021-06-16 11:20:57,266 65% Complete
2021-06-16 11:20:57,271 70% Complete
2021-06-16 11:20:57,275 75% Complete
2021-06-16 11:20:57,279 80% Complete
2021-06-16 11:20:57,282 85% Complete
2021-06-16 11:20:57,285 90% Complete
2021-06-16 11:20:57,291 95% Complete
2021-06-16 11:20:57,295 100% Complete
2021-06-16 11:20:57,295 Creating the filtered multiple alignment..
2021-06-16 11:20:57,298 Writing to the output fasta file: /2/scratch/keaton/plague-phylogeography/results/snippy_multi/all/chromosome/full/filter2/snippy-multi.snps.aln
2021-06-16 11:20:57,299 Constant sites: 0 (0%)
2021-06-16 11:20:57,299 Parsimony informative sites: 238 (49%)
2021-06-16 11:20:57,299 Biallelic singleton sites: 245 (50%)
2021-06-16 11:20:57,299 Multiallelic singleton sites: 0 (0%)
2021-06-16 11:20:57,299 Pseudo singleton sites: 0 (0%)
2021-06-16 11:20:57,299 Total singleton sites: 245 (50%)
2021-06-16 11:20:57,299 Singleton sites passing missing data filter: 20
2021-06-16 11:20:57,299 Parsimony informative sites passing missing data filter: 38
2021-06-16 11:20:57,299 Total sites passing missing data filter: 58
2021-06-16 11:20:57,299 Total sites failing missing data filter: 425
2021-06-16 11:20:57,299 Wrote a multi-fasta alignment of length: 58
