[19:32:22] This is snippy 4.6.0
[19:32:22] Written by Torsten Seemann
[19:32:22] Obtained from https://github.com/tseemann/snippy
[19:32:22] Detected operating system: linux
[19:32:22] Enabling bundled linux tools.
[19:32:22] Found bwa - /home/ktmeaton/miniconda3/envs/plague-phylogeography/bin/bwa
[19:32:22] Found bcftools - /home/ktmeaton/miniconda3/envs/plague-phylogeography/bin/bcftools
[19:32:22] Found samtools - /home/ktmeaton/miniconda3/envs/plague-phylogeography/bin/samtools
[19:32:22] Found java - /home/ktmeaton/miniconda3/envs/plague-phylogeography/bin/java
[19:32:22] Found snpEff - /home/ktmeaton/miniconda3/envs/plague-phylogeography/bin/snpEff
[19:32:22] Found samclip - /home/ktmeaton/miniconda3/envs/plague-phylogeography/bin/samclip
[19:32:22] Found seqtk - /home/ktmeaton/miniconda3/envs/plague-phylogeography/bin/seqtk
[19:32:22] Found parallel - /home/ktmeaton/miniconda3/envs/plague-phylogeography/bin/parallel
[19:32:22] Found freebayes - /home/ktmeaton/miniconda3/envs/plague-phylogeography/bin/freebayes
[19:32:22] Found freebayes-parallel - /home/ktmeaton/miniconda3/envs/plague-phylogeography/bin/freebayes-parallel
[19:32:22] Found fasta_generate_regions.py - /home/ktmeaton/miniconda3/envs/plague-phylogeography/bin/fasta_generate_regions.py
[19:32:22] Found vcfstreamsort - /home/ktmeaton/miniconda3/envs/plague-phylogeography/bin/vcfstreamsort
[19:32:22] Found vcfuniq - /home/ktmeaton/miniconda3/envs/plague-phylogeography/bin/vcfuniq
[19:32:22] Found vcffirstheader - /home/ktmeaton/miniconda3/envs/plague-phylogeography/bin/vcffirstheader
[19:32:22] Found gzip - /usr/bin/gzip
[19:32:22] Found vt - /home/ktmeaton/miniconda3/envs/plague-phylogeography/bin/vt
[19:32:22] Found snippy-vcf_to_tab - /home/ktmeaton/miniconda3/envs/plague-phylogeography/bin/snippy-vcf_to_tab
[19:32:22] Found snippy-vcf_report - /home/ktmeaton/miniconda3/envs/plague-phylogeography/bin/snippy-vcf_report
[19:32:22] Checking version: samtools --version is >= 1.7 - ok, have 1.10
[19:32:22] Checking version: bcftools --version is >= 1.7 - ok, have 1.10
[19:32:22] Checking version: freebayes --version is >= 1.1 - ok, have 1.3.2
[19:32:23] Checking version: snpEff -version is >= 4.3 - ok, have 5.0
[19:32:23] Checking version: bwa is >= 0.7.12 - ok, have 0.7.17
[19:32:23] Using reference: /mnt/c/Users/ktmea/Projects/plague-phylogeography/results/data/reference/GCA_000009065.1_ASM906v1_genomic/GCA_000009065.1_ASM906v1_genomic.gbff
[19:32:23] Treating reference as 'genbank' format.
[19:32:23] Will use 2 CPU cores.
[19:32:23] Using read file: /mnt/c/Users/ktmea/Projects/plague-phylogeography/results/data/assembly/GCA_000325365.1_ASM32536v1_genomic/GCA_000325365.1_ASM32536v1_genomic.fna
[19:32:23] Used --force, will overwrite existing /mnt/c/Users/ktmea/Projects/plague-phylogeography/results/snippy_pairwise/assembly/GCA_000325365.1_ASM32536v1_genomic
[19:32:23] Changing working directory: /mnt/c/Users/ktmea/Projects/plague-phylogeography/results/snippy_pairwise/assembly/GCA_000325365.1_ASM32536v1_genomic
[19:32:23] Creating reference folder: reference
[19:32:23] Extracting FASTA and GFF from reference.
[19:32:31] Wrote 4 sequences to ref.fa
[19:32:31] Wrote 4916 features to ref.gff
[19:32:31] Shredding /mnt/c/Users/ktmea/Projects/plague-phylogeography/results/data/assembly/GCA_000325365.1_ASM32536v1_genomic/GCA_000325365.1_ASM32536v1_genomic.fna into pseudo-reads
[19:32:43] Wrote 414410 fake 250bp reads (20x, stride 25bp) to fake_reads.fq
[19:32:43] Creating reference/snpeff.config
[19:32:43] Freebayes will process 3 chunks of 1636846 bp, 2 chunks at a time.
[19:32:43] Using BAM RG (Read Group) ID: GCA_000325365.1_ASM32536v1_genomic
[19:32:43] Running: samtools faidx reference/ref.fa 2>> GCA_000325365.1_ASM32536v1_genomic.log
[19:32:43] Running: bwa index reference/ref.fa 2>> GCA_000325365.1_ASM32536v1_genomic.log
[19:32:47] Running: mkdir -p reference/genomes && cp -f reference/ref.fa reference/genomes/ref.fa 2>> GCA_000325365.1_ASM32536v1_genomic.log
[19:32:47] Running: ln -sf reference/ref.fa . 2>> GCA_000325365.1_ASM32536v1_genomic.log
[19:32:47] Running: ln -sf reference/ref.fa.fai . 2>> GCA_000325365.1_ASM32536v1_genomic.log
[19:32:47] Running: mkdir -p reference/ref && gzip -c reference/ref.gff > reference/ref/genes.gff.gz 2>> GCA_000325365.1_ASM32536v1_genomic.log
[19:32:48] Running: snpEff build -c reference/snpeff.config -dataDir . -gff3 ref 2>> GCA_000325365.1_ASM32536v1_genomic.log
[19:32:54] Running: bwa mem  -Y -M -R '@RG\tID:GCA_000325365.1_ASM32536v1_genomic\tSM:GCA_000325365.1_ASM32536v1_genomic' -t 2 reference/ref.fa fake_reads.fq | samclip --max 10 --ref reference/ref.fa.fai | samtools sort -n -l 0 -T /tmp --threads 0 -m 8000M | samtools fixmate -m --threads 0 - - | samtools sort -l 0 -T /tmp --threads 0 -m 8000M | samtools markdup -T /tmp --threads 0 -r -s - - > GCA_000325365.1_ASM32536v1_genomic.bam 2>> GCA_000325365.1_ASM32536v1_genomic.log
[M::bwa_idx_load_from_disk] read 0 ALT contigs
[samclip] samclip 0.4.0 by Torsten Seemann (@torstenseemann)
[samclip] Loading: reference/ref.fa.fai
[samclip] Found 4 sequences in reference/ref.fa.fai
[M::process] read 80170 sequences (20000090 bp)...
[M::process] read 80126 sequences (20000176 bp)...
[M::mem_process_seqs] Processed 80170 reads in 6.435 CPU sec, 3.105 real sec
[M::process] read 80084 sequences (20000372 bp)...
[M::mem_process_seqs] Processed 80126 reads in 6.811 CPU sec, 3.169 real sec
[samclip] Processed 100000 records...
[M::process] read 80082 sequences (20000420 bp)...
[M::mem_process_seqs] Processed 80084 reads in 6.605 CPU sec, 3.113 real sec
[samclip] Processed 200000 records...
[M::process] read 80196 sequences (20000038 bp)...
[M::mem_process_seqs] Processed 80082 reads in 6.744 CPU sec, 3.150 real sec
[samclip] Processed 300000 records...
[M::process] read 13752 sequences (3427412 bp)...
[M::mem_process_seqs] Processed 80196 reads in 6.655 CPU sec, 3.215 real sec
[M::mem_process_seqs] Processed 13752 reads in 1.702 CPU sec, 0.741 real sec
[samclip] Processed 400000 records...
[main] Version: 0.7.17-r1188
[main] CMD:[samclip] Total SAM records 414868, removed 2254, allowed 2610, passed 412614
 bwa mem[samclip] Header contained 6 lines
[samclip] Done.
 -Y -M -R @RG\tID:GCA_000325365.1_ASM32536v1_genomic\tSM:GCA_000325365.1_ASM32536v1_genomic -t 2 reference/ref.fa fake_reads.fq
[main] Real time: 18.006 sec; CPU: 35.447 sec
[19:33:18] Running: samtools index GCA_000325365.1_ASM32536v1_genomic.bam 2>> GCA_000325365.1_ASM32536v1_genomic.log
[19:33:19] Running: fasta_generate_regions.py reference/ref.fa.fai 1636846 > reference/ref.txt 2>> GCA_000325365.1_ASM32536v1_genomic.log
[19:33:19] Running: freebayes-parallel reference/ref.txt 2 -p 2 -P 0 -C 2 -F 0.05 --min-coverage 10 --min-repeat-entropy 1.0 -q 20 -m 30 --strict-vcf   -f reference/ref.fa GCA_000325365.1_ASM32536v1_genomic.bam > GCA_000325365.1_ASM32536v1_genomic.raw.vcf 2>> GCA_000325365.1_ASM32536v1_genomic.log
[19:33:36] Running: bcftools view --include 'FMT/GT="1/1" && QUAL>=100 && FMT/DP>=10 && (FMT/AO)/(FMT/DP)>=0.9' GCA_000325365.1_ASM32536v1_genomic.raw.vcf  | vt normalize -r reference/ref.fa - | bcftools annotate --remove '^INFO/TYPE,^INFO/DP,^INFO/RO,^INFO/AO,^INFO/AB,^FORMAT/GT,^FORMAT/DP,^FORMAT/RO,^FORMAT/AO,^FORMAT/QR,^FORMAT/QA,^FORMAT/GL' > GCA_000325365.1_ASM32536v1_genomic.filt.vcf 2>> GCA_000325365.1_ASM32536v1_genomic.log
normalize v0.5

options:     input VCF file                                  -
         [o] output VCF file                                 -
         [w] sorting window size                             10000
         [m] no fail on masked reference inconsistency       false
         [n] no fail on reference inconsistency              false
         [q] quiet                                           false
         [d] debug                                           false
         [r] reference FASTA file                            reference/ref.fa


stats: biallelic
          no. left trimmed                      : 3
          no. right trimmed                     : 56
          no. left and right trimmed            : 0
          no. right trimmed and left aligned    : 0
          no. left aligned                      : 0

       total no. biallelic normalized           : 59

       multiallelic
          no. left trimmed                      : 0
          no. right trimmed                     : 0
          no. left and right trimmed            : 0
          no. right trimmed and left aligned    : 0
          no. left aligned                      : 0

       total no. multiallelic normalized        : 0

       total no. variants normalized            : 59
       total no. variants observed              : 131
       total no. reference observed             : 0

Time elapsed: 0.02s

[19:33:36] Running: snpEff ann -noLog -noStats -no-downstream -no-upstream -no-utr -c reference/snpeff.config -dataDir . ref GCA_000325365.1_ASM32536v1_genomic.filt.vcf > GCA_000325365.1_ASM32536v1_genomic.vcf 2>> GCA_000325365.1_ASM32536v1_genomic.log
[19:33:39] Running: /home/ktmeaton/miniconda3/envs/plague-phylogeography/bin/snippy-vcf_to_tab --gff reference/ref.gff --ref reference/ref.fa --vcf GCA_000325365.1_ASM32536v1_genomic.vcf > GCA_000325365.1_ASM32536v1_genomic.tab 2>> GCA_000325365.1_ASM32536v1_genomic.log
[19:33:44] Running: /home/ktmeaton/miniconda3/envs/plague-phylogeography/bin/snippy-vcf_extract_subs GCA_000325365.1_ASM32536v1_genomic.filt.vcf > GCA_000325365.1_ASM32536v1_genomic.subs.vcf 2>> GCA_000325365.1_ASM32536v1_genomic.log
[19:33:44] Running: bcftools convert -Oz -o GCA_000325365.1_ASM32536v1_genomic.vcf.gz GCA_000325365.1_ASM32536v1_genomic.vcf 2>> GCA_000325365.1_ASM32536v1_genomic.log
[19:33:44] Running: bcftools index -f GCA_000325365.1_ASM32536v1_genomic.vcf.gz 2>> GCA_000325365.1_ASM32536v1_genomic.log
[19:33:44] Running: bcftools consensus --sample GCA_000325365.1_ASM32536v1_genomic -f reference/ref.fa -o GCA_000325365.1_ASM32536v1_genomic.consensus.fa GCA_000325365.1_ASM32536v1_genomic.vcf.gz 2>> GCA_000325365.1_ASM32536v1_genomic.log
[19:33:47] Running: bcftools convert -Oz -o GCA_000325365.1_ASM32536v1_genomic.subs.vcf.gz GCA_000325365.1_ASM32536v1_genomic.subs.vcf 2>> GCA_000325365.1_ASM32536v1_genomic.log
[19:33:47] Running: bcftools index -f GCA_000325365.1_ASM32536v1_genomic.subs.vcf.gz 2>> GCA_000325365.1_ASM32536v1_genomic.log
[19:33:47] Running: bcftools consensus --sample GCA_000325365.1_ASM32536v1_genomic -f reference/ref.fa -o GCA_000325365.1_ASM32536v1_genomic.consensus.subs.fa GCA_000325365.1_ASM32536v1_genomic.subs.vcf.gz 2>> GCA_000325365.1_ASM32536v1_genomic.log
[19:33:49] Running: rm -f GCA_000325365.1_ASM32536v1_genomic.subs.vcf.gz GCA_000325365.1_ASM32536v1_genomic.subs.vcf.gz.csi GCA_000325365.1_ASM32536v1_genomic.subs.vcf.gz.tbi 2>> GCA_000325365.1_ASM32536v1_genomic.log
[19:33:49] Running: rm -f fake_reads\.fq 2>> GCA_000325365.1_ASM32536v1_genomic.log
[19:33:49] Running: samtools view -h -q 30 GCA_000325365.1_ASM32536v1_genomic.bam | samtools sort -l 0 -T /tmp --threads 0 -m 8000M > /tmp/snippy.20305.Q30.bam 2>> GCA_000325365.1_ASM32536v1_genomic.log
[19:33:53] Running: samtools index /tmp/snippy.20305.Q30.bam 2>> GCA_000325365.1_ASM32536v1_genomic.log
[19:33:53] Running: /home/ktmeaton/miniconda3/envs/plague-phylogeography/bin/snippy-vcf_report --cpus 2 --bam /tmp/snippy.20305.Q30.bam --ref reference/ref.fa --vcf GCA_000325365.1_ASM32536v1_genomic.vcf > GCA_000325365.1_ASM32536v1_genomic.report.txt 2>> GCA_000325365.1_ASM32536v1_genomic.log
[19:34:03] Running: rm -f /tmp/snippy.20305.Q30.bam /tmp/snippy.20305.Q30.bam.bai 2>> GCA_000325365.1_ASM32536v1_genomic.log
[19:34:03] Generating reference aligned/masked FASTA relative to reference: GCA_000325365.1_ASM32536v1_genomic.aligned.fa
[19:34:10] Marked 110 heterozygous sites with 'n'
[19:34:10] Creating extra output files: BED GFF CSV TXT HTML
[19:34:10] Identified 131 variants.
[19:34:10] Result folder: /mnt/c/Users/ktmea/Projects/plague-phylogeography/results/snippy_pairwise/assembly/GCA_000325365.1_ASM32536v1_genomic
[19:34:10] Result files:
[19:34:10] * /mnt/c/Users/ktmea/Projects/plague-phylogeography/results/snippy_pairwise/assembly/GCA_000325365.1_ASM32536v1_genomic/GCA_000325365.1_ASM32536v1_genomic.aligned.fa
[19:34:10] * /mnt/c/Users/ktmea/Projects/plague-phylogeography/results/snippy_pairwise/assembly/GCA_000325365.1_ASM32536v1_genomic/GCA_000325365.1_ASM32536v1_genomic.bam
[19:34:10] * /mnt/c/Users/ktmea/Projects/plague-phylogeography/results/snippy_pairwise/assembly/GCA_000325365.1_ASM32536v1_genomic/GCA_000325365.1_ASM32536v1_genomic.bam.bai
[19:34:10] * /mnt/c/Users/ktmea/Projects/plague-phylogeography/results/snippy_pairwise/assembly/GCA_000325365.1_ASM32536v1_genomic/GCA_000325365.1_ASM32536v1_genomic.bed
[19:34:10] * /mnt/c/Users/ktmea/Projects/plague-phylogeography/results/snippy_pairwise/assembly/GCA_000325365.1_ASM32536v1_genomic/GCA_000325365.1_ASM32536v1_genomic.consensus.fa
[19:34:10] * /mnt/c/Users/ktmea/Projects/plague-phylogeography/results/snippy_pairwise/assembly/GCA_000325365.1_ASM32536v1_genomic/GCA_000325365.1_ASM32536v1_genomic.consensus.subs.fa
[19:34:10] * /mnt/c/Users/ktmea/Projects/plague-phylogeography/results/snippy_pairwise/assembly/GCA_000325365.1_ASM32536v1_genomic/GCA_000325365.1_ASM32536v1_genomic.csv
[19:34:10] * /mnt/c/Users/ktmea/Projects/plague-phylogeography/results/snippy_pairwise/assembly/GCA_000325365.1_ASM32536v1_genomic/GCA_000325365.1_ASM32536v1_genomic.filt.vcf
[19:34:10] * /mnt/c/Users/ktmea/Projects/plague-phylogeography/results/snippy_pairwise/assembly/GCA_000325365.1_ASM32536v1_genomic/GCA_000325365.1_ASM32536v1_genomic.gff
[19:34:10] * /mnt/c/Users/ktmea/Projects/plague-phylogeography/results/snippy_pairwise/assembly/GCA_000325365.1_ASM32536v1_genomic/GCA_000325365.1_ASM32536v1_genomic.html
[19:34:10] * /mnt/c/Users/ktmea/Projects/plague-phylogeography/results/snippy_pairwise/assembly/GCA_000325365.1_ASM32536v1_genomic/GCA_000325365.1_ASM32536v1_genomic.log
[19:34:10] * /mnt/c/Users/ktmea/Projects/plague-phylogeography/results/snippy_pairwise/assembly/GCA_000325365.1_ASM32536v1_genomic/GCA_000325365.1_ASM32536v1_genomic.raw.vcf
[19:34:10] * /mnt/c/Users/ktmea/Projects/plague-phylogeography/results/snippy_pairwise/assembly/GCA_000325365.1_ASM32536v1_genomic/GCA_000325365.1_ASM32536v1_genomic.report.txt
[19:34:10] * /mnt/c/Users/ktmea/Projects/plague-phylogeography/results/snippy_pairwise/assembly/GCA_000325365.1_ASM32536v1_genomic/GCA_000325365.1_ASM32536v1_genomic.subs.vcf
[19:34:10] * /mnt/c/Users/ktmea/Projects/plague-phylogeography/results/snippy_pairwise/assembly/GCA_000325365.1_ASM32536v1_genomic/GCA_000325365.1_ASM32536v1_genomic.tab
[19:34:10] * /mnt/c/Users/ktmea/Projects/plague-phylogeography/results/snippy_pairwise/assembly/GCA_000325365.1_ASM32536v1_genomic/GCA_000325365.1_ASM32536v1_genomic.txt
[19:34:10] * /mnt/c/Users/ktmea/Projects/plague-phylogeography/results/snippy_pairwise/assembly/GCA_000325365.1_ASM32536v1_genomic/GCA_000325365.1_ASM32536v1_genomic.vcf
[19:34:10] * /mnt/c/Users/ktmea/Projects/plague-phylogeography/results/snippy_pairwise/assembly/GCA_000325365.1_ASM32536v1_genomic/GCA_000325365.1_ASM32536v1_genomic.vcf.gz
[19:34:10] * /mnt/c/Users/ktmea/Projects/plague-phylogeography/results/snippy_pairwise/assembly/GCA_000325365.1_ASM32536v1_genomic/GCA_000325365.1_ASM32536v1_genomic.vcf.gz.csi
[19:34:10] Walltime used: 1 minutes, 48 seconds
[19:34:10] The Snippy manual is at https://github.com/tseemann/snippy/blob/master/README.md
[19:34:10] Done.
