[17:22:37] This is snippy 4.6.0
[17:22:37] Written by Torsten Seemann
[17:22:37] Obtained from https://github.com/tseemann/snippy
[17:22:37] Detected operating system: linux
[17:22:37] Enabling bundled linux tools.
[17:22:37] Found bwa - /home/ktmeaton/miniconda3/envs/plague-phylogeography/bin/bwa
[17:22:37] Found bcftools - /home/ktmeaton/miniconda3/envs/plague-phylogeography/bin/bcftools
[17:22:37] Found samtools - /home/ktmeaton/miniconda3/envs/plague-phylogeography/bin/samtools
[17:22:37] Found java - /home/ktmeaton/miniconda3/envs/plague-phylogeography/bin/java
[17:22:37] Found snpEff - /home/ktmeaton/miniconda3/envs/plague-phylogeography/bin/snpEff
[17:22:37] Found samclip - /home/ktmeaton/miniconda3/envs/plague-phylogeography/bin/samclip
[17:22:37] Found seqtk - /home/ktmeaton/miniconda3/envs/plague-phylogeography/bin/seqtk
[17:22:37] Found parallel - /home/ktmeaton/miniconda3/envs/plague-phylogeography/bin/parallel
[17:22:37] Found freebayes - /home/ktmeaton/miniconda3/envs/plague-phylogeography/bin/freebayes
[17:22:37] Found freebayes-parallel - /home/ktmeaton/miniconda3/envs/plague-phylogeography/bin/freebayes-parallel
[17:22:37] Found fasta_generate_regions.py - /home/ktmeaton/miniconda3/envs/plague-phylogeography/bin/fasta_generate_regions.py
[17:22:37] Found vcfstreamsort - /home/ktmeaton/miniconda3/envs/plague-phylogeography/bin/vcfstreamsort
[17:22:37] Found vcfuniq - /home/ktmeaton/miniconda3/envs/plague-phylogeography/bin/vcfuniq
[17:22:37] Found vcffirstheader - /home/ktmeaton/miniconda3/envs/plague-phylogeography/bin/vcffirstheader
[17:22:37] Found gzip - /usr/bin/gzip
[17:22:37] Found vt - /home/ktmeaton/miniconda3/envs/plague-phylogeography/bin/vt
[17:22:37] Found snippy-vcf_to_tab - /home/ktmeaton/miniconda3/envs/plague-phylogeography/bin/snippy-vcf_to_tab
[17:22:37] Found snippy-vcf_report - /home/ktmeaton/miniconda3/envs/plague-phylogeography/bin/snippy-vcf_report
[17:22:37] Checking version: samtools --version is >= 1.7 - ok, have 1.10
[17:22:37] Checking version: bcftools --version is >= 1.7 - ok, have 1.10
[17:22:37] Checking version: freebayes --version is >= 1.1 - ok, have 1.3.2
[17:22:38] Checking version: snpEff -version is >= 4.3 - ok, have 5.0
[17:22:38] Checking version: bwa is >= 0.7.12 - ok, have 0.7.17
[17:22:38] Using reference: /mnt/c/Users/ktmea/Projects/plague-phylogeography/results/data/reference/GCA_000009065.1_ASM906v1_genomic/GCA_000009065.1_ASM906v1_genomic.gbff
[17:22:39] Treating reference as 'genbank' format.
[17:22:39] Will use 2 CPU cores.
[17:22:39] Using read file: /mnt/c/Users/ktmea/Projects/plague-phylogeography/results/data/assembly/GCA_001294975.1_ASM129497v1_genomic/GCA_001294975.1_ASM129497v1_genomic.fna
[17:22:39] Used --force, will overwrite existing /mnt/c/Users/ktmea/Projects/plague-phylogeography/results/snippy_pairwise/assembly/GCA_001294975.1_ASM129497v1_genomic
[17:22:39] Changing working directory: /mnt/c/Users/ktmea/Projects/plague-phylogeography/results/snippy_pairwise/assembly/GCA_001294975.1_ASM129497v1_genomic
[17:22:39] Creating reference folder: reference
[17:22:39] Extracting FASTA and GFF from reference.
[17:22:47] Wrote 4 sequences to ref.fa
[17:22:47] Wrote 4916 features to ref.gff
[17:22:47] Shredding /mnt/c/Users/ktmea/Projects/plague-phylogeography/results/data/assembly/GCA_001294975.1_ASM129497v1_genomic/GCA_001294975.1_ASM129497v1_genomic.fna into pseudo-reads
[17:22:58] Wrote 381322 fake 250bp reads (20x, stride 25bp) to fake_reads.fq
[17:22:58] Creating reference/snpeff.config
[17:22:58] Freebayes will process 3 chunks of 1636846 bp, 2 chunks at a time.
[17:22:58] Using BAM RG (Read Group) ID: GCA_001294975.1_ASM129497v1_genomic
[17:22:58] Running: samtools faidx reference/ref.fa 2>> GCA_001294975.1_ASM129497v1_genomic.log
[17:22:59] Running: bwa index reference/ref.fa 2>> GCA_001294975.1_ASM129497v1_genomic.log
[17:23:03] Running: mkdir -p reference/genomes && cp -f reference/ref.fa reference/genomes/ref.fa 2>> GCA_001294975.1_ASM129497v1_genomic.log
[17:23:03] Running: ln -sf reference/ref.fa . 2>> GCA_001294975.1_ASM129497v1_genomic.log
[17:23:03] Running: ln -sf reference/ref.fa.fai . 2>> GCA_001294975.1_ASM129497v1_genomic.log
[17:23:03] Running: mkdir -p reference/ref && gzip -c reference/ref.gff > reference/ref/genes.gff.gz 2>> GCA_001294975.1_ASM129497v1_genomic.log
[17:23:03] Running: snpEff build -c reference/snpeff.config -dataDir . -gff3 ref 2>> GCA_001294975.1_ASM129497v1_genomic.log
[17:23:11] Running: bwa mem  -Y -M -R '@RG\tID:GCA_001294975.1_ASM129497v1_genomic\tSM:GCA_001294975.1_ASM129497v1_genomic' -t 2 reference/ref.fa fake_reads.fq | samclip --max 10 --ref reference/ref.fa.fai | samtools sort -n -l 0 -T /tmp --threads 0 -m 8000M | samtools fixmate -m --threads 0 - - | samtools sort -l 0 -T /tmp --threads 0 -m 8000M | samtools markdup -T /tmp --threads 0 -r -s - - > GCA_001294975.1_ASM129497v1_genomic.bam 2>> GCA_001294975.1_ASM129497v1_genomic.log
[samclip] samclip 0.4.0 by Torsten Seemann (@torstenseemann)
[samclip] Loading: reference/ref.fa.fai
[samclip] Found 4 sequences in reference/ref.fa.fai
[M::bwa_idx_load_from_disk] read 0 ALT contigs
[M::process] read 80006 sequences (20000150 bp)...
[M::process] read 80000 sequences (20000000 bp)...
[M::mem_process_seqs] Processed 80006 reads in 7.638 CPU sec, 3.692 real sec
[M::process] read 80000 sequences (20000000 bp)...
[M::mem_process_seqs] Processed 80000 reads in 7.574 CPU sec, 3.590 real sec
[samclip] Processed 100000 records...
[M::process] read 80000 sequences (20000000 bp)...
[M::mem_process_seqs] Processed 80000 reads in 7.340 CPU sec, 3.490 real sec
[samclip] Processed 200000 records...
[M::process] read 61316 sequences (15314342 bp)...
[M::mem_process_seqs] Processed 80000 reads in 7.498 CPU sec, 3.530 real sec
[samclip] Processed 300000 records...
[M::mem_process_seqs] Processed 61316 reads in 8.025 CPU sec, 3.781 real sec
[main] Version: 0.7.17-r1188
[samclip] Total SAM records 383241, removed 5274, allowed 1949, passed 377967
[main] CMD: bwa[samclip] Header contained 6 lines
[samclip] Done.
 mem -Y -M -R @RG\tID:GCA_001294975.1_ASM129497v1_genomic\tSM:GCA_001294975.1_ASM129497v1_genomic -t 2 reference/ref.fa fake_reads.fq
[main] Real time: 19.681 sec; CPU: 38.594 sec
[17:23:36] Running: samtools index GCA_001294975.1_ASM129497v1_genomic.bam 2>> GCA_001294975.1_ASM129497v1_genomic.log
[17:23:38] Running: fasta_generate_regions.py reference/ref.fa.fai 1636846 > reference/ref.txt 2>> GCA_001294975.1_ASM129497v1_genomic.log
[17:23:38] Running: freebayes-parallel reference/ref.txt 2 -p 2 -P 0 -C 2 -F 0.05 --min-coverage 10 --min-repeat-entropy 1.0 -q 20 -m 30 --strict-vcf   -f reference/ref.fa GCA_001294975.1_ASM129497v1_genomic.bam > GCA_001294975.1_ASM129497v1_genomic.raw.vcf 2>> GCA_001294975.1_ASM129497v1_genomic.log
[17:23:58] Running: bcftools view --include 'FMT/GT="1/1" && QUAL>=100 && FMT/DP>=10 && (FMT/AO)/(FMT/DP)>=0.9' GCA_001294975.1_ASM129497v1_genomic.raw.vcf  | vt normalize -r reference/ref.fa - | bcftools annotate --remove '^INFO/TYPE,^INFO/DP,^INFO/RO,^INFO/AO,^INFO/AB,^FORMAT/GT,^FORMAT/DP,^FORMAT/RO,^FORMAT/AO,^FORMAT/QR,^FORMAT/QA,^FORMAT/GL' > GCA_001294975.1_ASM129497v1_genomic.filt.vcf 2>> GCA_001294975.1_ASM129497v1_genomic.log
normalize v0.5

options:     input VCF file                                  -
         [o] output VCF file                                 -
         [w] sorting window size                             10000
         [m] no fail on masked reference inconsistency       false
         [n] no fail on reference inconsistency              false
         [q] quiet                                           false
         [d] debug                                           false
         [r] reference FASTA file                            reference/ref.fa


stats: biallelic
          no. left trimmed                      : 3
          no. right trimmed                     : 497
          no. left and right trimmed            : 3
          no. right trimmed and left aligned    : 0
          no. left aligned                      : 0

       total no. biallelic normalized           : 503

       multiallelic
          no. left trimmed                      : 0
          no. right trimmed                     : 0
          no. left and right trimmed            : 0
          no. right trimmed and left aligned    : 0
          no. left aligned                      : 0

       total no. multiallelic normalized        : 0

       total no. variants normalized            : 503
       total no. variants observed              : 960
       total no. reference observed             : 0

Time elapsed: 0.10s

[17:23:58] Running: snpEff ann -noLog -noStats -no-downstream -no-upstream -no-utr -c reference/snpeff.config -dataDir . ref GCA_001294975.1_ASM129497v1_genomic.filt.vcf > GCA_001294975.1_ASM129497v1_genomic.vcf 2>> GCA_001294975.1_ASM129497v1_genomic.log
[17:24:02] Running: /home/ktmeaton/miniconda3/envs/plague-phylogeography/bin/snippy-vcf_to_tab --gff reference/ref.gff --ref reference/ref.fa --vcf GCA_001294975.1_ASM129497v1_genomic.vcf > GCA_001294975.1_ASM129497v1_genomic.tab 2>> GCA_001294975.1_ASM129497v1_genomic.log
[17:24:08] Running: /home/ktmeaton/miniconda3/envs/plague-phylogeography/bin/snippy-vcf_extract_subs GCA_001294975.1_ASM129497v1_genomic.filt.vcf > GCA_001294975.1_ASM129497v1_genomic.subs.vcf 2>> GCA_001294975.1_ASM129497v1_genomic.log
[17:24:08] Running: bcftools convert -Oz -o GCA_001294975.1_ASM129497v1_genomic.vcf.gz GCA_001294975.1_ASM129497v1_genomic.vcf 2>> GCA_001294975.1_ASM129497v1_genomic.log
[17:24:08] Running: bcftools index -f GCA_001294975.1_ASM129497v1_genomic.vcf.gz 2>> GCA_001294975.1_ASM129497v1_genomic.log
[17:24:08] Running: bcftools consensus --sample GCA_001294975.1_ASM129497v1_genomic -f reference/ref.fa -o GCA_001294975.1_ASM129497v1_genomic.consensus.fa GCA_001294975.1_ASM129497v1_genomic.vcf.gz 2>> GCA_001294975.1_ASM129497v1_genomic.log
[17:24:11] Running: bcftools convert -Oz -o GCA_001294975.1_ASM129497v1_genomic.subs.vcf.gz GCA_001294975.1_ASM129497v1_genomic.subs.vcf 2>> GCA_001294975.1_ASM129497v1_genomic.log
[17:24:11] Running: bcftools index -f GCA_001294975.1_ASM129497v1_genomic.subs.vcf.gz 2>> GCA_001294975.1_ASM129497v1_genomic.log
[17:24:11] Running: bcftools consensus --sample GCA_001294975.1_ASM129497v1_genomic -f reference/ref.fa -o GCA_001294975.1_ASM129497v1_genomic.consensus.subs.fa GCA_001294975.1_ASM129497v1_genomic.subs.vcf.gz 2>> GCA_001294975.1_ASM129497v1_genomic.log
[17:24:13] Running: rm -f GCA_001294975.1_ASM129497v1_genomic.subs.vcf.gz GCA_001294975.1_ASM129497v1_genomic.subs.vcf.gz.csi GCA_001294975.1_ASM129497v1_genomic.subs.vcf.gz.tbi 2>> GCA_001294975.1_ASM129497v1_genomic.log
[17:24:13] Running: rm -f fake_reads\.fq 2>> GCA_001294975.1_ASM129497v1_genomic.log
[17:24:13] Running: samtools view -h -q 30 GCA_001294975.1_ASM129497v1_genomic.bam | samtools sort -l 0 -T /tmp --threads 0 -m 8000M > /tmp/snippy.5068.Q30.bam 2>> GCA_001294975.1_ASM129497v1_genomic.log
[17:24:17] Running: samtools index /tmp/snippy.5068.Q30.bam 2>> GCA_001294975.1_ASM129497v1_genomic.log
[17:24:17] Running: /home/ktmeaton/miniconda3/envs/plague-phylogeography/bin/snippy-vcf_report --cpus 2 --bam /tmp/snippy.5068.Q30.bam --ref reference/ref.fa --vcf GCA_001294975.1_ASM129497v1_genomic.vcf > GCA_001294975.1_ASM129497v1_genomic.report.txt 2>> GCA_001294975.1_ASM129497v1_genomic.log
[17:25:32] Running: rm -f /tmp/snippy.5068.Q30.bam /tmp/snippy.5068.Q30.bam.bai 2>> GCA_001294975.1_ASM129497v1_genomic.log
[17:25:32] Generating reference aligned/masked FASTA relative to reference: GCA_001294975.1_ASM129497v1_genomic.aligned.fa
[17:25:40] Marked 992 heterozygous sites with 'n'
[17:25:40] Creating extra output files: BED GFF CSV TXT HTML
[17:25:40] Identified 960 variants.
[17:25:40] Result folder: /mnt/c/Users/ktmea/Projects/plague-phylogeography/results/snippy_pairwise/assembly/GCA_001294975.1_ASM129497v1_genomic
[17:25:40] Result files:
[17:25:40] * /mnt/c/Users/ktmea/Projects/plague-phylogeography/results/snippy_pairwise/assembly/GCA_001294975.1_ASM129497v1_genomic/GCA_001294975.1_ASM129497v1_genomic.aligned.fa
[17:25:40] * /mnt/c/Users/ktmea/Projects/plague-phylogeography/results/snippy_pairwise/assembly/GCA_001294975.1_ASM129497v1_genomic/GCA_001294975.1_ASM129497v1_genomic.bam
[17:25:40] * /mnt/c/Users/ktmea/Projects/plague-phylogeography/results/snippy_pairwise/assembly/GCA_001294975.1_ASM129497v1_genomic/GCA_001294975.1_ASM129497v1_genomic.bam.bai
[17:25:40] * /mnt/c/Users/ktmea/Projects/plague-phylogeography/results/snippy_pairwise/assembly/GCA_001294975.1_ASM129497v1_genomic/GCA_001294975.1_ASM129497v1_genomic.bed
[17:25:40] * /mnt/c/Users/ktmea/Projects/plague-phylogeography/results/snippy_pairwise/assembly/GCA_001294975.1_ASM129497v1_genomic/GCA_001294975.1_ASM129497v1_genomic.consensus.fa
[17:25:40] * /mnt/c/Users/ktmea/Projects/plague-phylogeography/results/snippy_pairwise/assembly/GCA_001294975.1_ASM129497v1_genomic/GCA_001294975.1_ASM129497v1_genomic.consensus.subs.fa
[17:25:40] * /mnt/c/Users/ktmea/Projects/plague-phylogeography/results/snippy_pairwise/assembly/GCA_001294975.1_ASM129497v1_genomic/GCA_001294975.1_ASM129497v1_genomic.csv
[17:25:40] * /mnt/c/Users/ktmea/Projects/plague-phylogeography/results/snippy_pairwise/assembly/GCA_001294975.1_ASM129497v1_genomic/GCA_001294975.1_ASM129497v1_genomic.filt.vcf
[17:25:40] * /mnt/c/Users/ktmea/Projects/plague-phylogeography/results/snippy_pairwise/assembly/GCA_001294975.1_ASM129497v1_genomic/GCA_001294975.1_ASM129497v1_genomic.gff
[17:25:40] * /mnt/c/Users/ktmea/Projects/plague-phylogeography/results/snippy_pairwise/assembly/GCA_001294975.1_ASM129497v1_genomic/GCA_001294975.1_ASM129497v1_genomic.html
[17:25:40] * /mnt/c/Users/ktmea/Projects/plague-phylogeography/results/snippy_pairwise/assembly/GCA_001294975.1_ASM129497v1_genomic/GCA_001294975.1_ASM129497v1_genomic.log
[17:25:40] * /mnt/c/Users/ktmea/Projects/plague-phylogeography/results/snippy_pairwise/assembly/GCA_001294975.1_ASM129497v1_genomic/GCA_001294975.1_ASM129497v1_genomic.raw.vcf
[17:25:40] * /mnt/c/Users/ktmea/Projects/plague-phylogeography/results/snippy_pairwise/assembly/GCA_001294975.1_ASM129497v1_genomic/GCA_001294975.1_ASM129497v1_genomic.report.txt
[17:25:40] * /mnt/c/Users/ktmea/Projects/plague-phylogeography/results/snippy_pairwise/assembly/GCA_001294975.1_ASM129497v1_genomic/GCA_001294975.1_ASM129497v1_genomic.subs.vcf
[17:25:40] * /mnt/c/Users/ktmea/Projects/plague-phylogeography/results/snippy_pairwise/assembly/GCA_001294975.1_ASM129497v1_genomic/GCA_001294975.1_ASM129497v1_genomic.tab
[17:25:40] * /mnt/c/Users/ktmea/Projects/plague-phylogeography/results/snippy_pairwise/assembly/GCA_001294975.1_ASM129497v1_genomic/GCA_001294975.1_ASM129497v1_genomic.txt
[17:25:40] * /mnt/c/Users/ktmea/Projects/plague-phylogeography/results/snippy_pairwise/assembly/GCA_001294975.1_ASM129497v1_genomic/GCA_001294975.1_ASM129497v1_genomic.vcf
[17:25:40] * /mnt/c/Users/ktmea/Projects/plague-phylogeography/results/snippy_pairwise/assembly/GCA_001294975.1_ASM129497v1_genomic/GCA_001294975.1_ASM129497v1_genomic.vcf.gz
[17:25:40] * /mnt/c/Users/ktmea/Projects/plague-phylogeography/results/snippy_pairwise/assembly/GCA_001294975.1_ASM129497v1_genomic/GCA_001294975.1_ASM129497v1_genomic.vcf.gz.csi
[17:25:40] Walltime used: 3 minutes, 3 seconds
[17:25:40] Found a bug? Post it at https://github.com/tseemann/snippy/issues
[17:25:40] Done.
