[19:34:11] This is snippy 4.6.0
[19:34:11] Written by Torsten Seemann
[19:34:11] Obtained from https://github.com/tseemann/snippy
[19:34:11] Detected operating system: linux
[19:34:11] Enabling bundled linux tools.
[19:34:11] Found bwa - /home/ktmeaton/miniconda3/envs/plague-phylogeography/bin/bwa
[19:34:11] Found bcftools - /home/ktmeaton/miniconda3/envs/plague-phylogeography/bin/bcftools
[19:34:11] Found samtools - /home/ktmeaton/miniconda3/envs/plague-phylogeography/bin/samtools
[19:34:11] Found java - /home/ktmeaton/miniconda3/envs/plague-phylogeography/bin/java
[19:34:11] Found snpEff - /home/ktmeaton/miniconda3/envs/plague-phylogeography/bin/snpEff
[19:34:11] Found samclip - /home/ktmeaton/miniconda3/envs/plague-phylogeography/bin/samclip
[19:34:11] Found seqtk - /home/ktmeaton/miniconda3/envs/plague-phylogeography/bin/seqtk
[19:34:11] Found parallel - /home/ktmeaton/miniconda3/envs/plague-phylogeography/bin/parallel
[19:34:11] Found freebayes - /home/ktmeaton/miniconda3/envs/plague-phylogeography/bin/freebayes
[19:34:11] Found freebayes-parallel - /home/ktmeaton/miniconda3/envs/plague-phylogeography/bin/freebayes-parallel
[19:34:11] Found fasta_generate_regions.py - /home/ktmeaton/miniconda3/envs/plague-phylogeography/bin/fasta_generate_regions.py
[19:34:11] Found vcfstreamsort - /home/ktmeaton/miniconda3/envs/plague-phylogeography/bin/vcfstreamsort
[19:34:11] Found vcfuniq - /home/ktmeaton/miniconda3/envs/plague-phylogeography/bin/vcfuniq
[19:34:11] Found vcffirstheader - /home/ktmeaton/miniconda3/envs/plague-phylogeography/bin/vcffirstheader
[19:34:11] Found gzip - /usr/bin/gzip
[19:34:11] Found vt - /home/ktmeaton/miniconda3/envs/plague-phylogeography/bin/vt
[19:34:11] Found snippy-vcf_to_tab - /home/ktmeaton/miniconda3/envs/plague-phylogeography/bin/snippy-vcf_to_tab
[19:34:11] Found snippy-vcf_report - /home/ktmeaton/miniconda3/envs/plague-phylogeography/bin/snippy-vcf_report
[19:34:11] Checking version: samtools --version is >= 1.7 - ok, have 1.10
[19:34:11] Checking version: bcftools --version is >= 1.7 - ok, have 1.10
[19:34:11] Checking version: freebayes --version is >= 1.1 - ok, have 1.3.2
[19:34:11] Checking version: snpEff -version is >= 4.3 - ok, have 5.0
[19:34:11] Checking version: bwa is >= 0.7.12 - ok, have 0.7.17
[19:34:11] Using reference: /mnt/c/Users/ktmea/Projects/plague-phylogeography/results/data/reference/GCA_000009065.1_ASM906v1_genomic/GCA_000009065.1_ASM906v1_genomic.gbff
[19:34:12] Treating reference as 'genbank' format.
[19:34:12] Will use 2 CPU cores.
[19:34:12] Using read file: /mnt/c/Users/ktmea/Projects/plague-phylogeography/results/data/assembly/GCA_000324725.1_ASM32472v1_genomic/GCA_000324725.1_ASM32472v1_genomic.fna
[19:34:12] Used --force, will overwrite existing /mnt/c/Users/ktmea/Projects/plague-phylogeography/results/snippy_pairwise/assembly/GCA_000324725.1_ASM32472v1_genomic
[19:34:12] Changing working directory: /mnt/c/Users/ktmea/Projects/plague-phylogeography/results/snippy_pairwise/assembly/GCA_000324725.1_ASM32472v1_genomic
[19:34:12] Creating reference folder: reference
[19:34:12] Extracting FASTA and GFF from reference.
[19:34:20] Wrote 4 sequences to ref.fa
[19:34:20] Wrote 4916 features to ref.gff
[19:34:20] Shredding /mnt/c/Users/ktmea/Projects/plague-phylogeography/results/data/assembly/GCA_000324725.1_ASM32472v1_genomic/GCA_000324725.1_ASM32472v1_genomic.fna into pseudo-reads
[19:34:30] Wrote 389412 fake 250bp reads (20x, stride 25bp) to fake_reads.fq
[19:34:30] Creating reference/snpeff.config
[19:34:30] Freebayes will process 3 chunks of 1636846 bp, 2 chunks at a time.
[19:34:30] Using BAM RG (Read Group) ID: GCA_000324725.1_ASM32472v1_genomic
[19:34:30] Running: samtools faidx reference/ref.fa 2>> GCA_000324725.1_ASM32472v1_genomic.log
[19:34:30] Running: bwa index reference/ref.fa 2>> GCA_000324725.1_ASM32472v1_genomic.log
[19:34:34] Running: mkdir -p reference/genomes && cp -f reference/ref.fa reference/genomes/ref.fa 2>> GCA_000324725.1_ASM32472v1_genomic.log
[19:34:34] Running: ln -sf reference/ref.fa . 2>> GCA_000324725.1_ASM32472v1_genomic.log
[19:34:34] Running: ln -sf reference/ref.fa.fai . 2>> GCA_000324725.1_ASM32472v1_genomic.log
[19:34:34] Running: mkdir -p reference/ref && gzip -c reference/ref.gff > reference/ref/genes.gff.gz 2>> GCA_000324725.1_ASM32472v1_genomic.log
[19:34:34] Running: snpEff build -c reference/snpeff.config -dataDir . -gff3 ref 2>> GCA_000324725.1_ASM32472v1_genomic.log
[19:34:41] Running: bwa mem  -Y -M -R '@RG\tID:GCA_000324725.1_ASM32472v1_genomic\tSM:GCA_000324725.1_ASM32472v1_genomic' -t 2 reference/ref.fa fake_reads.fq | samclip --max 10 --ref reference/ref.fa.fai | samtools sort -n -l 0 -T /tmp --threads 0 -m 8000M | samtools fixmate -m --threads 0 - - | samtools sort -l 0 -T /tmp --threads 0 -m 8000M | samtools markdup -T /tmp --threads 0 -r -s - - > GCA_000324725.1_ASM32472v1_genomic.bam 2>> GCA_000324725.1_ASM32472v1_genomic.log
[M::bwa_idx_load_from_disk] read 0 ALT contigs
[samclip] samclip 0.4.0 by Torsten Seemann (@torstenseemann)
[samclip] Loading: reference/ref.fa.fai
[samclip] Found 4 sequences in reference/ref.fa.fai
[M::process] read 80056 sequences (20000190 bp)...
[M::process] read 80024 sequences (20000116 bp)...
[M::mem_process_seqs] Processed 80056 reads in 6.835 CPU sec, 3.320 real sec
[M::process] read 80078 sequences (20000050 bp)...
[M::mem_process_seqs] Processed 80024 reads in 6.885 CPU sec, 3.208 real sec
[samclip] Processed 100000 records...
[M::process] read 80042 sequences (20000368 bp)...
[M::mem_process_seqs] Processed 80078 reads in 6.784 CPU sec, 3.135 real sec
[samclip] Processed 200000 records...
[M::process] read 69212 sequences (17292488 bp)...
[M::mem_process_seqs] Processed 80042 reads in 6.854 CPU sec, 3.187 real sec
[samclip] Processed 300000 records...
[M::mem_process_seqs] Processed 69212 reads in 5.698 CPU sec, 2.711 real sec
[main] Version: 0.7.17-r1188
[main] CMD:[samclip] Total SAM records 389885, removed 1857, allowed 1352, passed 388028
 bwa mem[samclip] Header contained 6 lines
[samclip] Done.
 -Y -M -R @RG\tID:GCA_000324725.1_ASM32472v1_genomic\tSM:GCA_000324725.1_ASM32472v1_genomic -t 2 reference/ref.fa fake_reads.fq
[main] Real time: 17.195 sec; CPU: 33.590 sec
[19:35:04] Running: samtools index GCA_000324725.1_ASM32472v1_genomic.bam 2>> GCA_000324725.1_ASM32472v1_genomic.log
[19:35:05] Running: fasta_generate_regions.py reference/ref.fa.fai 1636846 > reference/ref.txt 2>> GCA_000324725.1_ASM32472v1_genomic.log
[19:35:05] Running: freebayes-parallel reference/ref.txt 2 -p 2 -P 0 -C 2 -F 0.05 --min-coverage 10 --min-repeat-entropy 1.0 -q 20 -m 30 --strict-vcf   -f reference/ref.fa GCA_000324725.1_ASM32472v1_genomic.bam > GCA_000324725.1_ASM32472v1_genomic.raw.vcf 2>> GCA_000324725.1_ASM32472v1_genomic.log
[19:35:23] Running: bcftools view --include 'FMT/GT="1/1" && QUAL>=100 && FMT/DP>=10 && (FMT/AO)/(FMT/DP)>=0.9' GCA_000324725.1_ASM32472v1_genomic.raw.vcf  | vt normalize -r reference/ref.fa - | bcftools annotate --remove '^INFO/TYPE,^INFO/DP,^INFO/RO,^INFO/AO,^INFO/AB,^FORMAT/GT,^FORMAT/DP,^FORMAT/RO,^FORMAT/AO,^FORMAT/QR,^FORMAT/QA,^FORMAT/GL' > GCA_000324725.1_ASM32472v1_genomic.filt.vcf 2>> GCA_000324725.1_ASM32472v1_genomic.log
normalize v0.5

options:     input VCF file                                  -
         [o] output VCF file                                 -
         [w] sorting window size                             10000
         [m] no fail on masked reference inconsistency       false
         [n] no fail on reference inconsistency              false
         [q] quiet                                           false
         [d] debug                                           false
         [r] reference FASTA file                            reference/ref.fa


stats: biallelic
          no. left trimmed                      : 0
          no. right trimmed                     : 60
          no. left and right trimmed            : 0
          no. right trimmed and left aligned    : 0
          no. left aligned                      : 0

       total no. biallelic normalized           : 60

       multiallelic
          no. left trimmed                      : 0
          no. right trimmed                     : 0
          no. left and right trimmed            : 0
          no. right trimmed and left aligned    : 0
          no. left aligned                      : 0

       total no. multiallelic normalized        : 0

       total no. variants normalized            : 60
       total no. variants observed              : 141
       total no. reference observed             : 0

Time elapsed: 0.02s

[19:35:23] Running: snpEff ann -noLog -noStats -no-downstream -no-upstream -no-utr -c reference/snpeff.config -dataDir . ref GCA_000324725.1_ASM32472v1_genomic.filt.vcf > GCA_000324725.1_ASM32472v1_genomic.vcf 2>> GCA_000324725.1_ASM32472v1_genomic.log
[19:35:25] Running: /home/ktmeaton/miniconda3/envs/plague-phylogeography/bin/snippy-vcf_to_tab --gff reference/ref.gff --ref reference/ref.fa --vcf GCA_000324725.1_ASM32472v1_genomic.vcf > GCA_000324725.1_ASM32472v1_genomic.tab 2>> GCA_000324725.1_ASM32472v1_genomic.log
[19:35:31] Running: /home/ktmeaton/miniconda3/envs/plague-phylogeography/bin/snippy-vcf_extract_subs GCA_000324725.1_ASM32472v1_genomic.filt.vcf > GCA_000324725.1_ASM32472v1_genomic.subs.vcf 2>> GCA_000324725.1_ASM32472v1_genomic.log
[19:35:31] Running: bcftools convert -Oz -o GCA_000324725.1_ASM32472v1_genomic.vcf.gz GCA_000324725.1_ASM32472v1_genomic.vcf 2>> GCA_000324725.1_ASM32472v1_genomic.log
[19:35:31] Running: bcftools index -f GCA_000324725.1_ASM32472v1_genomic.vcf.gz 2>> GCA_000324725.1_ASM32472v1_genomic.log
[19:35:31] Running: bcftools consensus --sample GCA_000324725.1_ASM32472v1_genomic -f reference/ref.fa -o GCA_000324725.1_ASM32472v1_genomic.consensus.fa GCA_000324725.1_ASM32472v1_genomic.vcf.gz 2>> GCA_000324725.1_ASM32472v1_genomic.log
[19:35:33] Running: bcftools convert -Oz -o GCA_000324725.1_ASM32472v1_genomic.subs.vcf.gz GCA_000324725.1_ASM32472v1_genomic.subs.vcf 2>> GCA_000324725.1_ASM32472v1_genomic.log
[19:35:33] Running: bcftools index -f GCA_000324725.1_ASM32472v1_genomic.subs.vcf.gz 2>> GCA_000324725.1_ASM32472v1_genomic.log
[19:35:33] Running: bcftools consensus --sample GCA_000324725.1_ASM32472v1_genomic -f reference/ref.fa -o GCA_000324725.1_ASM32472v1_genomic.consensus.subs.fa GCA_000324725.1_ASM32472v1_genomic.subs.vcf.gz 2>> GCA_000324725.1_ASM32472v1_genomic.log
[19:35:35] Running: rm -f GCA_000324725.1_ASM32472v1_genomic.subs.vcf.gz GCA_000324725.1_ASM32472v1_genomic.subs.vcf.gz.csi GCA_000324725.1_ASM32472v1_genomic.subs.vcf.gz.tbi 2>> GCA_000324725.1_ASM32472v1_genomic.log
[19:35:35] Running: rm -f fake_reads\.fq 2>> GCA_000324725.1_ASM32472v1_genomic.log
[19:35:35] Running: samtools view -h -q 30 GCA_000324725.1_ASM32472v1_genomic.bam | samtools sort -l 0 -T /tmp --threads 0 -m 8000M > /tmp/snippy.20781.Q30.bam 2>> GCA_000324725.1_ASM32472v1_genomic.log
[19:35:39] Running: samtools index /tmp/snippy.20781.Q30.bam 2>> GCA_000324725.1_ASM32472v1_genomic.log
[19:35:39] Running: /home/ktmeaton/miniconda3/envs/plague-phylogeography/bin/snippy-vcf_report --cpus 2 --bam /tmp/snippy.20781.Q30.bam --ref reference/ref.fa --vcf GCA_000324725.1_ASM32472v1_genomic.vcf > GCA_000324725.1_ASM32472v1_genomic.report.txt 2>> GCA_000324725.1_ASM32472v1_genomic.log
[19:35:51] Running: rm -f /tmp/snippy.20781.Q30.bam /tmp/snippy.20781.Q30.bam.bai 2>> GCA_000324725.1_ASM32472v1_genomic.log
[19:35:51] Generating reference aligned/masked FASTA relative to reference: GCA_000324725.1_ASM32472v1_genomic.aligned.fa
[19:35:58] Marked 120 heterozygous sites with 'n'
[19:35:58] Creating extra output files: BED GFF CSV TXT HTML
[19:35:58] Identified 141 variants.
[19:35:58] Result folder: /mnt/c/Users/ktmea/Projects/plague-phylogeography/results/snippy_pairwise/assembly/GCA_000324725.1_ASM32472v1_genomic
[19:35:58] Result files:
[19:35:58] * /mnt/c/Users/ktmea/Projects/plague-phylogeography/results/snippy_pairwise/assembly/GCA_000324725.1_ASM32472v1_genomic/GCA_000324725.1_ASM32472v1_genomic.aligned.fa
[19:35:58] * /mnt/c/Users/ktmea/Projects/plague-phylogeography/results/snippy_pairwise/assembly/GCA_000324725.1_ASM32472v1_genomic/GCA_000324725.1_ASM32472v1_genomic.bam
[19:35:58] * /mnt/c/Users/ktmea/Projects/plague-phylogeography/results/snippy_pairwise/assembly/GCA_000324725.1_ASM32472v1_genomic/GCA_000324725.1_ASM32472v1_genomic.bam.bai
[19:35:58] * /mnt/c/Users/ktmea/Projects/plague-phylogeography/results/snippy_pairwise/assembly/GCA_000324725.1_ASM32472v1_genomic/GCA_000324725.1_ASM32472v1_genomic.bed
[19:35:58] * /mnt/c/Users/ktmea/Projects/plague-phylogeography/results/snippy_pairwise/assembly/GCA_000324725.1_ASM32472v1_genomic/GCA_000324725.1_ASM32472v1_genomic.consensus.fa
[19:35:58] * /mnt/c/Users/ktmea/Projects/plague-phylogeography/results/snippy_pairwise/assembly/GCA_000324725.1_ASM32472v1_genomic/GCA_000324725.1_ASM32472v1_genomic.consensus.subs.fa
[19:35:58] * /mnt/c/Users/ktmea/Projects/plague-phylogeography/results/snippy_pairwise/assembly/GCA_000324725.1_ASM32472v1_genomic/GCA_000324725.1_ASM32472v1_genomic.csv
[19:35:58] * /mnt/c/Users/ktmea/Projects/plague-phylogeography/results/snippy_pairwise/assembly/GCA_000324725.1_ASM32472v1_genomic/GCA_000324725.1_ASM32472v1_genomic.filt.vcf
[19:35:58] * /mnt/c/Users/ktmea/Projects/plague-phylogeography/results/snippy_pairwise/assembly/GCA_000324725.1_ASM32472v1_genomic/GCA_000324725.1_ASM32472v1_genomic.gff
[19:35:58] * /mnt/c/Users/ktmea/Projects/plague-phylogeography/results/snippy_pairwise/assembly/GCA_000324725.1_ASM32472v1_genomic/GCA_000324725.1_ASM32472v1_genomic.html
[19:35:58] * /mnt/c/Users/ktmea/Projects/plague-phylogeography/results/snippy_pairwise/assembly/GCA_000324725.1_ASM32472v1_genomic/GCA_000324725.1_ASM32472v1_genomic.log
[19:35:58] * /mnt/c/Users/ktmea/Projects/plague-phylogeography/results/snippy_pairwise/assembly/GCA_000324725.1_ASM32472v1_genomic/GCA_000324725.1_ASM32472v1_genomic.raw.vcf
[19:35:58] * /mnt/c/Users/ktmea/Projects/plague-phylogeography/results/snippy_pairwise/assembly/GCA_000324725.1_ASM32472v1_genomic/GCA_000324725.1_ASM32472v1_genomic.report.txt
[19:35:58] * /mnt/c/Users/ktmea/Projects/plague-phylogeography/results/snippy_pairwise/assembly/GCA_000324725.1_ASM32472v1_genomic/GCA_000324725.1_ASM32472v1_genomic.subs.vcf
[19:35:58] * /mnt/c/Users/ktmea/Projects/plague-phylogeography/results/snippy_pairwise/assembly/GCA_000324725.1_ASM32472v1_genomic/GCA_000324725.1_ASM32472v1_genomic.tab
[19:35:58] * /mnt/c/Users/ktmea/Projects/plague-phylogeography/results/snippy_pairwise/assembly/GCA_000324725.1_ASM32472v1_genomic/GCA_000324725.1_ASM32472v1_genomic.txt
[19:35:58] * /mnt/c/Users/ktmea/Projects/plague-phylogeography/results/snippy_pairwise/assembly/GCA_000324725.1_ASM32472v1_genomic/GCA_000324725.1_ASM32472v1_genomic.vcf
[19:35:58] * /mnt/c/Users/ktmea/Projects/plague-phylogeography/results/snippy_pairwise/assembly/GCA_000324725.1_ASM32472v1_genomic/GCA_000324725.1_ASM32472v1_genomic.vcf.gz
[19:35:58] * /mnt/c/Users/ktmea/Projects/plague-phylogeography/results/snippy_pairwise/assembly/GCA_000324725.1_ASM32472v1_genomic/GCA_000324725.1_ASM32472v1_genomic.vcf.gz.csi
[19:35:58] Walltime used: 1 minutes, 47 seconds
[19:35:58] Did you know? Snippy is a combination of SNP, Skippy, and snappy.
[19:35:58] Done.
