[17:25:40] This is snippy 4.6.0
[17:25:40] Written by Torsten Seemann
[17:25:40] Obtained from https://github.com/tseemann/snippy
[17:25:40] Detected operating system: linux
[17:25:40] Enabling bundled linux tools.
[17:25:40] Found bwa - /home/ktmeaton/miniconda3/envs/plague-phylogeography/bin/bwa
[17:25:40] Found bcftools - /home/ktmeaton/miniconda3/envs/plague-phylogeography/bin/bcftools
[17:25:40] Found samtools - /home/ktmeaton/miniconda3/envs/plague-phylogeography/bin/samtools
[17:25:40] Found java - /home/ktmeaton/miniconda3/envs/plague-phylogeography/bin/java
[17:25:40] Found snpEff - /home/ktmeaton/miniconda3/envs/plague-phylogeography/bin/snpEff
[17:25:40] Found samclip - /home/ktmeaton/miniconda3/envs/plague-phylogeography/bin/samclip
[17:25:40] Found seqtk - /home/ktmeaton/miniconda3/envs/plague-phylogeography/bin/seqtk
[17:25:40] Found parallel - /home/ktmeaton/miniconda3/envs/plague-phylogeography/bin/parallel
[17:25:40] Found freebayes - /home/ktmeaton/miniconda3/envs/plague-phylogeography/bin/freebayes
[17:25:40] Found freebayes-parallel - /home/ktmeaton/miniconda3/envs/plague-phylogeography/bin/freebayes-parallel
[17:25:40] Found fasta_generate_regions.py - /home/ktmeaton/miniconda3/envs/plague-phylogeography/bin/fasta_generate_regions.py
[17:25:41] Found vcfstreamsort - /home/ktmeaton/miniconda3/envs/plague-phylogeography/bin/vcfstreamsort
[17:25:41] Found vcfuniq - /home/ktmeaton/miniconda3/envs/plague-phylogeography/bin/vcfuniq
[17:25:41] Found vcffirstheader - /home/ktmeaton/miniconda3/envs/plague-phylogeography/bin/vcffirstheader
[17:25:41] Found gzip - /usr/bin/gzip
[17:25:41] Found vt - /home/ktmeaton/miniconda3/envs/plague-phylogeography/bin/vt
[17:25:41] Found snippy-vcf_to_tab - /home/ktmeaton/miniconda3/envs/plague-phylogeography/bin/snippy-vcf_to_tab
[17:25:41] Found snippy-vcf_report - /home/ktmeaton/miniconda3/envs/plague-phylogeography/bin/snippy-vcf_report
[17:25:41] Checking version: samtools --version is >= 1.7 - ok, have 1.10
[17:25:41] Checking version: bcftools --version is >= 1.7 - ok, have 1.10
[17:25:41] Checking version: freebayes --version is >= 1.1 - ok, have 1.3.2
[17:25:41] Checking version: snpEff -version is >= 4.3 - ok, have 5.0
[17:25:41] Checking version: bwa is >= 0.7.12 - ok, have 0.7.17
[17:25:41] Using reference: /mnt/c/Users/ktmea/Projects/plague-phylogeography/results/data/reference/GCA_000009065.1_ASM906v1_genomic/GCA_000009065.1_ASM906v1_genomic.gbff
[17:25:41] Treating reference as 'genbank' format.
[17:25:41] Will use 2 CPU cores.
[17:25:41] Using read file: /mnt/c/Users/ktmea/Projects/plague-phylogeography/results/data/assembly/GCA_000323485.1_ASM32348v1_genomic/GCA_000323485.1_ASM32348v1_genomic.fna
[17:25:41] Used --force, will overwrite existing /mnt/c/Users/ktmea/Projects/plague-phylogeography/results/snippy_pairwise/assembly/GCA_000323485.1_ASM32348v1_genomic
[17:25:41] Changing working directory: /mnt/c/Users/ktmea/Projects/plague-phylogeography/results/snippy_pairwise/assembly/GCA_000323485.1_ASM32348v1_genomic
[17:25:41] Creating reference folder: reference
[17:25:41] Extracting FASTA and GFF from reference.
[17:25:50] Wrote 4 sequences to ref.fa
[17:25:50] Wrote 4916 features to ref.gff
[17:25:50] Shredding /mnt/c/Users/ktmea/Projects/plague-phylogeography/results/data/assembly/GCA_000323485.1_ASM32348v1_genomic/GCA_000323485.1_ASM32348v1_genomic.fna into pseudo-reads
[17:26:01] Wrote 406340 fake 250bp reads (20x, stride 25bp) to fake_reads.fq
[17:26:01] Creating reference/snpeff.config
[17:26:01] Freebayes will process 3 chunks of 1636846 bp, 2 chunks at a time.
[17:26:01] Using BAM RG (Read Group) ID: GCA_000323485.1_ASM32348v1_genomic
[17:26:01] Running: samtools faidx reference/ref.fa 2>> GCA_000323485.1_ASM32348v1_genomic.log
[17:26:01] Running: bwa index reference/ref.fa 2>> GCA_000323485.1_ASM32348v1_genomic.log
[17:26:05] Running: mkdir -p reference/genomes && cp -f reference/ref.fa reference/genomes/ref.fa 2>> GCA_000323485.1_ASM32348v1_genomic.log
[17:26:05] Running: ln -sf reference/ref.fa . 2>> GCA_000323485.1_ASM32348v1_genomic.log
[17:26:05] Running: ln -sf reference/ref.fa.fai . 2>> GCA_000323485.1_ASM32348v1_genomic.log
[17:26:05] Running: mkdir -p reference/ref && gzip -c reference/ref.gff > reference/ref/genes.gff.gz 2>> GCA_000323485.1_ASM32348v1_genomic.log
[17:26:06] Running: snpEff build -c reference/snpeff.config -dataDir . -gff3 ref 2>> GCA_000323485.1_ASM32348v1_genomic.log
[17:26:12] Running: bwa mem  -Y -M -R '@RG\tID:GCA_000323485.1_ASM32348v1_genomic\tSM:GCA_000323485.1_ASM32348v1_genomic' -t 2 reference/ref.fa fake_reads.fq | samclip --max 10 --ref reference/ref.fa.fai | samtools sort -n -l 0 -T /tmp --threads 0 -m 8000M | samtools fixmate -m --threads 0 - - | samtools sort -l 0 -T /tmp --threads 0 -m 8000M | samtools markdup -T /tmp --threads 0 -r -s - - > GCA_000323485.1_ASM32348v1_genomic.bam 2>> GCA_000323485.1_ASM32348v1_genomic.log
[samclip] samclip 0.4.0 by Torsten Seemann (@torstenseemann)
[samclip] Loading: reference/ref.fa.fai
[samclip] Found 4 sequences in reference/ref.fa.fai
[M::bwa_idx_load_from_disk] read 0 ALT contigs
[M::process] read 80074 sequences (20000498 bp)...
[M::process] read 80052 sequences (20000408 bp)...
[M::mem_process_seqs] Processed 80074 reads in 7.276 CPU sec, 3.550 real sec
[M::process] read 80080 sequences (20000230 bp)...
[M::mem_process_seqs] Processed 80052 reads in 8.888 CPU sec, 4.243 real sec
[samclip] Processed 100000 records...
[M::process] read 80100 sequences (20000050 bp)...
[M::mem_process_seqs] Processed 80080 reads in 9.131 CPU sec, 4.368 real sec
[samclip] Processed 200000 records...
[M::process] read 80122 sequences (20000276 bp)...
[M::mem_process_seqs] Processed 80100 reads in 7.463 CPU sec, 3.509 real sec
[samclip] Processed 300000 records...
[M::process] read 5912 sequences (1478000 bp)...
[M::mem_process_seqs] Processed 80122 reads in 7.472 CPU sec, 3.626 real sec
[M::mem_process_seqs] Processed 5912 reads in 0.684 CPU sec, 0.291 real sec
[samclip] Processed 400000 records...
[main] Version: 0.7.17-r1188
[main] CMD:[samclip] Total SAM records 407347, removed 4917, allowed 1010, passed 402430
 bwa mem[samclip] Header contained 6 lines
[samclip] Done.
 -Y -M -R @RG\tID:GCA_000323485.1_ASM32348v1_genomic\tSM:GCA_000323485.1_ASM32348v1_genomic -t 2 reference/ref.fa fake_reads.fq
[main] Real time: 21.004 sec; CPU: 41.390 sec
[17:26:40] Running: samtools index GCA_000323485.1_ASM32348v1_genomic.bam 2>> GCA_000323485.1_ASM32348v1_genomic.log
[17:26:42] Running: fasta_generate_regions.py reference/ref.fa.fai 1636846 > reference/ref.txt 2>> GCA_000323485.1_ASM32348v1_genomic.log
[17:26:42] Running: freebayes-parallel reference/ref.txt 2 -p 2 -P 0 -C 2 -F 0.05 --min-coverage 10 --min-repeat-entropy 1.0 -q 20 -m 30 --strict-vcf   -f reference/ref.fa GCA_000323485.1_ASM32348v1_genomic.bam > GCA_000323485.1_ASM32348v1_genomic.raw.vcf 2>> GCA_000323485.1_ASM32348v1_genomic.log
[17:27:05] Running: bcftools view --include 'FMT/GT="1/1" && QUAL>=100 && FMT/DP>=10 && (FMT/AO)/(FMT/DP)>=0.9' GCA_000323485.1_ASM32348v1_genomic.raw.vcf  | vt normalize -r reference/ref.fa - | bcftools annotate --remove '^INFO/TYPE,^INFO/DP,^INFO/RO,^INFO/AO,^INFO/AB,^FORMAT/GT,^FORMAT/DP,^FORMAT/RO,^FORMAT/AO,^FORMAT/QR,^FORMAT/QA,^FORMAT/GL' > GCA_000323485.1_ASM32348v1_genomic.filt.vcf 2>> GCA_000323485.1_ASM32348v1_genomic.log
normalize v0.5

options:     input VCF file                                  -
         [o] output VCF file                                 -
         [w] sorting window size                             10000
         [m] no fail on masked reference inconsistency       false
         [n] no fail on reference inconsistency              false
         [q] quiet                                           false
         [d] debug                                           false
         [r] reference FASTA file                            reference/ref.fa


stats: biallelic
          no. left trimmed                      : 0
          no. right trimmed                     : 208
          no. left and right trimmed            : 5
          no. right trimmed and left aligned    : 0
          no. left aligned                      : 0

       total no. biallelic normalized           : 213

       multiallelic
          no. left trimmed                      : 0
          no. right trimmed                     : 0
          no. left and right trimmed            : 0
          no. right trimmed and left aligned    : 0
          no. left aligned                      : 0

       total no. multiallelic normalized        : 0

       total no. variants normalized            : 213
       total no. variants observed              : 793
       total no. reference observed             : 0

Time elapsed: 0.08s

[17:27:05] Running: snpEff ann -noLog -noStats -no-downstream -no-upstream -no-utr -c reference/snpeff.config -dataDir . ref GCA_000323485.1_ASM32348v1_genomic.filt.vcf > GCA_000323485.1_ASM32348v1_genomic.vcf 2>> GCA_000323485.1_ASM32348v1_genomic.log
[17:27:11] Running: /home/ktmeaton/miniconda3/envs/plague-phylogeography/bin/snippy-vcf_to_tab --gff reference/ref.gff --ref reference/ref.fa --vcf GCA_000323485.1_ASM32348v1_genomic.vcf > GCA_000323485.1_ASM32348v1_genomic.tab 2>> GCA_000323485.1_ASM32348v1_genomic.log
[17:27:18] Running: /home/ktmeaton/miniconda3/envs/plague-phylogeography/bin/snippy-vcf_extract_subs GCA_000323485.1_ASM32348v1_genomic.filt.vcf > GCA_000323485.1_ASM32348v1_genomic.subs.vcf 2>> GCA_000323485.1_ASM32348v1_genomic.log
[17:27:18] Running: bcftools convert -Oz -o GCA_000323485.1_ASM32348v1_genomic.vcf.gz GCA_000323485.1_ASM32348v1_genomic.vcf 2>> GCA_000323485.1_ASM32348v1_genomic.log
[17:27:18] Running: bcftools index -f GCA_000323485.1_ASM32348v1_genomic.vcf.gz 2>> GCA_000323485.1_ASM32348v1_genomic.log
[17:27:18] Running: bcftools consensus --sample GCA_000323485.1_ASM32348v1_genomic -f reference/ref.fa -o GCA_000323485.1_ASM32348v1_genomic.consensus.fa GCA_000323485.1_ASM32348v1_genomic.vcf.gz 2>> GCA_000323485.1_ASM32348v1_genomic.log
[17:27:21] Running: bcftools convert -Oz -o GCA_000323485.1_ASM32348v1_genomic.subs.vcf.gz GCA_000323485.1_ASM32348v1_genomic.subs.vcf 2>> GCA_000323485.1_ASM32348v1_genomic.log
[17:27:21] Running: bcftools index -f GCA_000323485.1_ASM32348v1_genomic.subs.vcf.gz 2>> GCA_000323485.1_ASM32348v1_genomic.log
[17:27:21] Running: bcftools consensus --sample GCA_000323485.1_ASM32348v1_genomic -f reference/ref.fa -o GCA_000323485.1_ASM32348v1_genomic.consensus.subs.fa GCA_000323485.1_ASM32348v1_genomic.subs.vcf.gz 2>> GCA_000323485.1_ASM32348v1_genomic.log
[17:27:24] Running: rm -f GCA_000323485.1_ASM32348v1_genomic.subs.vcf.gz GCA_000323485.1_ASM32348v1_genomic.subs.vcf.gz.csi GCA_000323485.1_ASM32348v1_genomic.subs.vcf.gz.tbi 2>> GCA_000323485.1_ASM32348v1_genomic.log
[17:27:24] Running: rm -f fake_reads\.fq 2>> GCA_000323485.1_ASM32348v1_genomic.log
[17:27:24] Running: samtools view -h -q 30 GCA_000323485.1_ASM32348v1_genomic.bam | samtools sort -l 0 -T /tmp --threads 0 -m 8000M > /tmp/snippy.7201.Q30.bam 2>> GCA_000323485.1_ASM32348v1_genomic.log
[17:27:28] Running: samtools index /tmp/snippy.7201.Q30.bam 2>> GCA_000323485.1_ASM32348v1_genomic.log
[17:27:28] Running: /home/ktmeaton/miniconda3/envs/plague-phylogeography/bin/snippy-vcf_report --cpus 2 --bam /tmp/snippy.7201.Q30.bam --ref reference/ref.fa --vcf GCA_000323485.1_ASM32348v1_genomic.vcf > GCA_000323485.1_ASM32348v1_genomic.report.txt 2>> GCA_000323485.1_ASM32348v1_genomic.log
[17:28:43] Running: rm -f /tmp/snippy.7201.Q30.bam /tmp/snippy.7201.Q30.bam.bai 2>> GCA_000323485.1_ASM32348v1_genomic.log
[17:28:43] Generating reference aligned/masked FASTA relative to reference: GCA_000323485.1_ASM32348v1_genomic.aligned.fa
[17:28:51] Marked 418 heterozygous sites with 'n'
[17:28:52] Creating extra output files: BED GFF CSV TXT HTML
[17:28:52] Identified 793 variants.
[17:28:52] Result folder: /mnt/c/Users/ktmea/Projects/plague-phylogeography/results/snippy_pairwise/assembly/GCA_000323485.1_ASM32348v1_genomic
[17:28:52] Result files:
[17:28:52] * /mnt/c/Users/ktmea/Projects/plague-phylogeography/results/snippy_pairwise/assembly/GCA_000323485.1_ASM32348v1_genomic/GCA_000323485.1_ASM32348v1_genomic.aligned.fa
[17:28:52] * /mnt/c/Users/ktmea/Projects/plague-phylogeography/results/snippy_pairwise/assembly/GCA_000323485.1_ASM32348v1_genomic/GCA_000323485.1_ASM32348v1_genomic.bam
[17:28:52] * /mnt/c/Users/ktmea/Projects/plague-phylogeography/results/snippy_pairwise/assembly/GCA_000323485.1_ASM32348v1_genomic/GCA_000323485.1_ASM32348v1_genomic.bam.bai
[17:28:52] * /mnt/c/Users/ktmea/Projects/plague-phylogeography/results/snippy_pairwise/assembly/GCA_000323485.1_ASM32348v1_genomic/GCA_000323485.1_ASM32348v1_genomic.bed
[17:28:52] * /mnt/c/Users/ktmea/Projects/plague-phylogeography/results/snippy_pairwise/assembly/GCA_000323485.1_ASM32348v1_genomic/GCA_000323485.1_ASM32348v1_genomic.consensus.fa
[17:28:52] * /mnt/c/Users/ktmea/Projects/plague-phylogeography/results/snippy_pairwise/assembly/GCA_000323485.1_ASM32348v1_genomic/GCA_000323485.1_ASM32348v1_genomic.consensus.subs.fa
[17:28:52] * /mnt/c/Users/ktmea/Projects/plague-phylogeography/results/snippy_pairwise/assembly/GCA_000323485.1_ASM32348v1_genomic/GCA_000323485.1_ASM32348v1_genomic.csv
[17:28:52] * /mnt/c/Users/ktmea/Projects/plague-phylogeography/results/snippy_pairwise/assembly/GCA_000323485.1_ASM32348v1_genomic/GCA_000323485.1_ASM32348v1_genomic.filt.vcf
[17:28:52] * /mnt/c/Users/ktmea/Projects/plague-phylogeography/results/snippy_pairwise/assembly/GCA_000323485.1_ASM32348v1_genomic/GCA_000323485.1_ASM32348v1_genomic.gff
[17:28:52] * /mnt/c/Users/ktmea/Projects/plague-phylogeography/results/snippy_pairwise/assembly/GCA_000323485.1_ASM32348v1_genomic/GCA_000323485.1_ASM32348v1_genomic.html
[17:28:52] * /mnt/c/Users/ktmea/Projects/plague-phylogeography/results/snippy_pairwise/assembly/GCA_000323485.1_ASM32348v1_genomic/GCA_000323485.1_ASM32348v1_genomic.log
[17:28:52] * /mnt/c/Users/ktmea/Projects/plague-phylogeography/results/snippy_pairwise/assembly/GCA_000323485.1_ASM32348v1_genomic/GCA_000323485.1_ASM32348v1_genomic.raw.vcf
[17:28:52] * /mnt/c/Users/ktmea/Projects/plague-phylogeography/results/snippy_pairwise/assembly/GCA_000323485.1_ASM32348v1_genomic/GCA_000323485.1_ASM32348v1_genomic.report.txt
[17:28:52] * /mnt/c/Users/ktmea/Projects/plague-phylogeography/results/snippy_pairwise/assembly/GCA_000323485.1_ASM32348v1_genomic/GCA_000323485.1_ASM32348v1_genomic.subs.vcf
[17:28:52] * /mnt/c/Users/ktmea/Projects/plague-phylogeography/results/snippy_pairwise/assembly/GCA_000323485.1_ASM32348v1_genomic/GCA_000323485.1_ASM32348v1_genomic.tab
[17:28:52] * /mnt/c/Users/ktmea/Projects/plague-phylogeography/results/snippy_pairwise/assembly/GCA_000323485.1_ASM32348v1_genomic/GCA_000323485.1_ASM32348v1_genomic.txt
[17:28:52] * /mnt/c/Users/ktmea/Projects/plague-phylogeography/results/snippy_pairwise/assembly/GCA_000323485.1_ASM32348v1_genomic/GCA_000323485.1_ASM32348v1_genomic.vcf
[17:28:52] * /mnt/c/Users/ktmea/Projects/plague-phylogeography/results/snippy_pairwise/assembly/GCA_000323485.1_ASM32348v1_genomic/GCA_000323485.1_ASM32348v1_genomic.vcf.gz
[17:28:52] * /mnt/c/Users/ktmea/Projects/plague-phylogeography/results/snippy_pairwise/assembly/GCA_000323485.1_ASM32348v1_genomic/GCA_000323485.1_ASM32348v1_genomic.vcf.gz.csi
[17:28:52] Walltime used: 3 minutes, 12 seconds
[17:28:52] Wishing you a life free of homopolymer errors.
[17:28:52] Done.
