[19:25:40] This is snippy 4.6.0
[19:25:40] Written by Torsten Seemann
[19:25:40] Obtained from https://github.com/tseemann/snippy
[19:25:40] Detected operating system: linux
[19:25:40] Enabling bundled linux tools.
[19:25:40] Found bwa - /home/ktmeaton/miniconda3/envs/plague-phylogeography/bin/bwa
[19:25:40] Found bcftools - /home/ktmeaton/miniconda3/envs/plague-phylogeography/bin/bcftools
[19:25:40] Found samtools - /home/ktmeaton/miniconda3/envs/plague-phylogeography/bin/samtools
[19:25:40] Found java - /home/ktmeaton/miniconda3/envs/plague-phylogeography/bin/java
[19:25:40] Found snpEff - /home/ktmeaton/miniconda3/envs/plague-phylogeography/bin/snpEff
[19:25:40] Found samclip - /home/ktmeaton/miniconda3/envs/plague-phylogeography/bin/samclip
[19:25:40] Found seqtk - /home/ktmeaton/miniconda3/envs/plague-phylogeography/bin/seqtk
[19:25:40] Found parallel - /home/ktmeaton/miniconda3/envs/plague-phylogeography/bin/parallel
[19:25:40] Found freebayes - /home/ktmeaton/miniconda3/envs/plague-phylogeography/bin/freebayes
[19:25:40] Found freebayes-parallel - /home/ktmeaton/miniconda3/envs/plague-phylogeography/bin/freebayes-parallel
[19:25:40] Found fasta_generate_regions.py - /home/ktmeaton/miniconda3/envs/plague-phylogeography/bin/fasta_generate_regions.py
[19:25:40] Found vcfstreamsort - /home/ktmeaton/miniconda3/envs/plague-phylogeography/bin/vcfstreamsort
[19:25:40] Found vcfuniq - /home/ktmeaton/miniconda3/envs/plague-phylogeography/bin/vcfuniq
[19:25:40] Found vcffirstheader - /home/ktmeaton/miniconda3/envs/plague-phylogeography/bin/vcffirstheader
[19:25:40] Found gzip - /usr/bin/gzip
[19:25:40] Found vt - /home/ktmeaton/miniconda3/envs/plague-phylogeography/bin/vt
[19:25:40] Found snippy-vcf_to_tab - /home/ktmeaton/miniconda3/envs/plague-phylogeography/bin/snippy-vcf_to_tab
[19:25:40] Found snippy-vcf_report - /home/ktmeaton/miniconda3/envs/plague-phylogeography/bin/snippy-vcf_report
[19:25:40] Checking version: samtools --version is >= 1.7 - ok, have 1.10
[19:25:40] Checking version: bcftools --version is >= 1.7 - ok, have 1.10
[19:25:40] Checking version: freebayes --version is >= 1.1 - ok, have 1.3.2
[19:25:40] Checking version: snpEff -version is >= 4.3 - ok, have 5.0
[19:25:40] Checking version: bwa is >= 0.7.12 - ok, have 0.7.17
[19:25:40] Using reference: /mnt/c/Users/ktmea/Projects/plague-phylogeography/results/data/reference/GCA_000009065.1_ASM906v1_genomic/GCA_000009065.1_ASM906v1_genomic.gbff
[19:25:41] Treating reference as 'genbank' format.
[19:25:41] Will use 2 CPU cores.
[19:25:41] Using read file: /mnt/c/Users/ktmea/Projects/plague-phylogeography/results/data/assembly/GCA_000323505.1_ASM32350v1_genomic/GCA_000323505.1_ASM32350v1_genomic.fna
[19:25:41] Used --force, will overwrite existing /mnt/c/Users/ktmea/Projects/plague-phylogeography/results/snippy_pairwise/assembly/GCA_000323505.1_ASM32350v1_genomic
[19:25:41] Changing working directory: /mnt/c/Users/ktmea/Projects/plague-phylogeography/results/snippy_pairwise/assembly/GCA_000323505.1_ASM32350v1_genomic
[19:25:41] Creating reference folder: reference
[19:25:41] Extracting FASTA and GFF from reference.
[19:25:49] Wrote 4 sequences to ref.fa
[19:25:49] Wrote 4916 features to ref.gff
[19:25:49] Shredding /mnt/c/Users/ktmea/Projects/plague-phylogeography/results/data/assembly/GCA_000323505.1_ASM32350v1_genomic/GCA_000323505.1_ASM32350v1_genomic.fna into pseudo-reads
[19:26:00] Wrote 394406 fake 250bp reads (20x, stride 25bp) to fake_reads.fq
[19:26:00] Creating reference/snpeff.config
[19:26:00] Freebayes will process 3 chunks of 1636846 bp, 2 chunks at a time.
[19:26:00] Using BAM RG (Read Group) ID: GCA_000323505.1_ASM32350v1_genomic
[19:26:00] Running: samtools faidx reference/ref.fa 2>> GCA_000323505.1_ASM32350v1_genomic.log
[19:26:01] Running: bwa index reference/ref.fa 2>> GCA_000323505.1_ASM32350v1_genomic.log
[19:26:04] Running: mkdir -p reference/genomes && cp -f reference/ref.fa reference/genomes/ref.fa 2>> GCA_000323505.1_ASM32350v1_genomic.log
[19:26:04] Running: ln -sf reference/ref.fa . 2>> GCA_000323505.1_ASM32350v1_genomic.log
[19:26:04] Running: ln -sf reference/ref.fa.fai . 2>> GCA_000323505.1_ASM32350v1_genomic.log
[19:26:04] Running: mkdir -p reference/ref && gzip -c reference/ref.gff > reference/ref/genes.gff.gz 2>> GCA_000323505.1_ASM32350v1_genomic.log
[19:26:05] Running: snpEff build -c reference/snpeff.config -dataDir . -gff3 ref 2>> GCA_000323505.1_ASM32350v1_genomic.log
[19:26:11] Running: bwa mem  -Y -M -R '@RG\tID:GCA_000323505.1_ASM32350v1_genomic\tSM:GCA_000323505.1_ASM32350v1_genomic' -t 2 reference/ref.fa fake_reads.fq | samclip --max 10 --ref reference/ref.fa.fai | samtools sort -n -l 0 -T /tmp --threads 0 -m 8000M | samtools fixmate -m --threads 0 - - | samtools sort -l 0 -T /tmp --threads 0 -m 8000M | samtools markdup -T /tmp --threads 0 -r -s - - > GCA_000323505.1_ASM32350v1_genomic.bam 2>> GCA_000323505.1_ASM32350v1_genomic.log
[M::bwa_idx_load_from_disk] read 0 ALT contigs
[samclip] samclip 0.4.0 by Torsten Seemann (@torstenseemann)
[samclip] Loading: reference/ref.fa.fai
[samclip] Found 4 sequences in reference/ref.fa.fai
[M::process] read 80082 sequences (20000316 bp)...
[M::process] read 80064 sequences (20000194 bp)...
[M::mem_process_seqs] Processed 80082 reads in 6.909 CPU sec, 3.354 real sec
[M::process] read 80036 sequences (20000234 bp)...
[M::mem_process_seqs] Processed 80064 reads in 7.152 CPU sec, 3.361 real sec
[samclip] Processed 100000 records...
[M::process] read 80042 sequences (20000292 bp)...
[M::mem_process_seqs] Processed 80036 reads in 7.094 CPU sec, 3.278 real sec
[samclip] Processed 200000 records...
[M::process] read 74182 sequences (18526102 bp)...
[M::mem_process_seqs] Processed 80042 reads in 7.276 CPU sec, 3.465 real sec
[samclip] Processed 300000 records...
[M::mem_process_seqs] Processed 74182 reads in 6.217 CPU sec, 2.989 real sec
[main] Version: 0.7.17-r1188
[main] CMD:[samclip] Total SAM records 395027, removed 2315, allowed 614, passed 392712
 bwa mem[samclip] Header contained 6 lines
[samclip] Done.
 -Y -M -R @RG\tID:GCA_000323505.1_ASM32350v1_genomic\tSM:GCA_000323505.1_ASM32350v1_genomic -t 2 reference/ref.fa fake_reads.fq
[main] Real time: 18.057 sec; CPU: 35.197 sec
[19:26:35] Running: samtools index GCA_000323505.1_ASM32350v1_genomic.bam 2>> GCA_000323505.1_ASM32350v1_genomic.log
[19:26:36] Running: fasta_generate_regions.py reference/ref.fa.fai 1636846 > reference/ref.txt 2>> GCA_000323505.1_ASM32350v1_genomic.log
[19:26:36] Running: freebayes-parallel reference/ref.txt 2 -p 2 -P 0 -C 2 -F 0.05 --min-coverage 10 --min-repeat-entropy 1.0 -q 20 -m 30 --strict-vcf   -f reference/ref.fa GCA_000323505.1_ASM32350v1_genomic.bam > GCA_000323505.1_ASM32350v1_genomic.raw.vcf 2>> GCA_000323505.1_ASM32350v1_genomic.log
[19:26:54] Running: bcftools view --include 'FMT/GT="1/1" && QUAL>=100 && FMT/DP>=10 && (FMT/AO)/(FMT/DP)>=0.9' GCA_000323505.1_ASM32350v1_genomic.raw.vcf  | vt normalize -r reference/ref.fa - | bcftools annotate --remove '^INFO/TYPE,^INFO/DP,^INFO/RO,^INFO/AO,^INFO/AB,^FORMAT/GT,^FORMAT/DP,^FORMAT/RO,^FORMAT/AO,^FORMAT/QR,^FORMAT/QA,^FORMAT/GL' > GCA_000323505.1_ASM32350v1_genomic.filt.vcf 2>> GCA_000323505.1_ASM32350v1_genomic.log
normalize v0.5

options:     input VCF file                                  -
         [o] output VCF file                                 -
         [w] sorting window size                             10000
         [m] no fail on masked reference inconsistency       false
         [n] no fail on reference inconsistency              false
         [q] quiet                                           false
         [d] debug                                           false
         [r] reference FASTA file                            reference/ref.fa


stats: biallelic
          no. left trimmed                      : 0
          no. right trimmed                     : 82
          no. left and right trimmed            : 0
          no. right trimmed and left aligned    : 0
          no. left aligned                      : 0

       total no. biallelic normalized           : 82

       multiallelic
          no. left trimmed                      : 0
          no. right trimmed                     : 0
          no. left and right trimmed            : 0
          no. right trimmed and left aligned    : 0
          no. left aligned                      : 0

       total no. multiallelic normalized        : 0

       total no. variants normalized            : 82
       total no. variants observed              : 221
       total no. reference observed             : 0

Time elapsed: 0.02s

[19:26:54] Running: snpEff ann -noLog -noStats -no-downstream -no-upstream -no-utr -c reference/snpeff.config -dataDir . ref GCA_000323505.1_ASM32350v1_genomic.filt.vcf > GCA_000323505.1_ASM32350v1_genomic.vcf 2>> GCA_000323505.1_ASM32350v1_genomic.log
[19:26:57] Running: /home/ktmeaton/miniconda3/envs/plague-phylogeography/bin/snippy-vcf_to_tab --gff reference/ref.gff --ref reference/ref.fa --vcf GCA_000323505.1_ASM32350v1_genomic.vcf > GCA_000323505.1_ASM32350v1_genomic.tab 2>> GCA_000323505.1_ASM32350v1_genomic.log
[19:27:02] Running: /home/ktmeaton/miniconda3/envs/plague-phylogeography/bin/snippy-vcf_extract_subs GCA_000323505.1_ASM32350v1_genomic.filt.vcf > GCA_000323505.1_ASM32350v1_genomic.subs.vcf 2>> GCA_000323505.1_ASM32350v1_genomic.log
[19:27:02] Running: bcftools convert -Oz -o GCA_000323505.1_ASM32350v1_genomic.vcf.gz GCA_000323505.1_ASM32350v1_genomic.vcf 2>> GCA_000323505.1_ASM32350v1_genomic.log
[19:27:02] Running: bcftools index -f GCA_000323505.1_ASM32350v1_genomic.vcf.gz 2>> GCA_000323505.1_ASM32350v1_genomic.log
[19:27:02] Running: bcftools consensus --sample GCA_000323505.1_ASM32350v1_genomic -f reference/ref.fa -o GCA_000323505.1_ASM32350v1_genomic.consensus.fa GCA_000323505.1_ASM32350v1_genomic.vcf.gz 2>> GCA_000323505.1_ASM32350v1_genomic.log
[19:27:04] Running: bcftools convert -Oz -o GCA_000323505.1_ASM32350v1_genomic.subs.vcf.gz GCA_000323505.1_ASM32350v1_genomic.subs.vcf 2>> GCA_000323505.1_ASM32350v1_genomic.log
[19:27:04] Running: bcftools index -f GCA_000323505.1_ASM32350v1_genomic.subs.vcf.gz 2>> GCA_000323505.1_ASM32350v1_genomic.log
[19:27:04] Running: bcftools consensus --sample GCA_000323505.1_ASM32350v1_genomic -f reference/ref.fa -o GCA_000323505.1_ASM32350v1_genomic.consensus.subs.fa GCA_000323505.1_ASM32350v1_genomic.subs.vcf.gz 2>> GCA_000323505.1_ASM32350v1_genomic.log
[19:27:07] Running: rm -f GCA_000323505.1_ASM32350v1_genomic.subs.vcf.gz GCA_000323505.1_ASM32350v1_genomic.subs.vcf.gz.csi GCA_000323505.1_ASM32350v1_genomic.subs.vcf.gz.tbi 2>> GCA_000323505.1_ASM32350v1_genomic.log
[19:27:07] Running: rm -f fake_reads\.fq 2>> GCA_000323505.1_ASM32350v1_genomic.log
[19:27:07] Running: samtools view -h -q 30 GCA_000323505.1_ASM32350v1_genomic.bam | samtools sort -l 0 -T /tmp --threads 0 -m 8000M > /tmp/snippy.16449.Q30.bam 2>> GCA_000323505.1_ASM32350v1_genomic.log
[19:27:10] Running: samtools index /tmp/snippy.16449.Q30.bam 2>> GCA_000323505.1_ASM32350v1_genomic.log
[19:27:11] Running: /home/ktmeaton/miniconda3/envs/plague-phylogeography/bin/snippy-vcf_report --cpus 2 --bam /tmp/snippy.16449.Q30.bam --ref reference/ref.fa --vcf GCA_000323505.1_ASM32350v1_genomic.vcf > GCA_000323505.1_ASM32350v1_genomic.report.txt 2>> GCA_000323505.1_ASM32350v1_genomic.log
[19:27:28] Running: rm -f /tmp/snippy.16449.Q30.bam /tmp/snippy.16449.Q30.bam.bai 2>> GCA_000323505.1_ASM32350v1_genomic.log
[19:27:28] Generating reference aligned/masked FASTA relative to reference: GCA_000323505.1_ASM32350v1_genomic.aligned.fa
[19:27:35] Marked 108 heterozygous sites with 'n'
[19:27:35] Creating extra output files: BED GFF CSV TXT HTML
[19:27:35] Identified 221 variants.
[19:27:35] Result folder: /mnt/c/Users/ktmea/Projects/plague-phylogeography/results/snippy_pairwise/assembly/GCA_000323505.1_ASM32350v1_genomic
[19:27:35] Result files:
[19:27:35] * /mnt/c/Users/ktmea/Projects/plague-phylogeography/results/snippy_pairwise/assembly/GCA_000323505.1_ASM32350v1_genomic/GCA_000323505.1_ASM32350v1_genomic.aligned.fa
[19:27:35] * /mnt/c/Users/ktmea/Projects/plague-phylogeography/results/snippy_pairwise/assembly/GCA_000323505.1_ASM32350v1_genomic/GCA_000323505.1_ASM32350v1_genomic.bam
[19:27:35] * /mnt/c/Users/ktmea/Projects/plague-phylogeography/results/snippy_pairwise/assembly/GCA_000323505.1_ASM32350v1_genomic/GCA_000323505.1_ASM32350v1_genomic.bam.bai
[19:27:35] * /mnt/c/Users/ktmea/Projects/plague-phylogeography/results/snippy_pairwise/assembly/GCA_000323505.1_ASM32350v1_genomic/GCA_000323505.1_ASM32350v1_genomic.bed
[19:27:35] * /mnt/c/Users/ktmea/Projects/plague-phylogeography/results/snippy_pairwise/assembly/GCA_000323505.1_ASM32350v1_genomic/GCA_000323505.1_ASM32350v1_genomic.consensus.fa
[19:27:35] * /mnt/c/Users/ktmea/Projects/plague-phylogeography/results/snippy_pairwise/assembly/GCA_000323505.1_ASM32350v1_genomic/GCA_000323505.1_ASM32350v1_genomic.consensus.subs.fa
[19:27:35] * /mnt/c/Users/ktmea/Projects/plague-phylogeography/results/snippy_pairwise/assembly/GCA_000323505.1_ASM32350v1_genomic/GCA_000323505.1_ASM32350v1_genomic.csv
[19:27:35] * /mnt/c/Users/ktmea/Projects/plague-phylogeography/results/snippy_pairwise/assembly/GCA_000323505.1_ASM32350v1_genomic/GCA_000323505.1_ASM32350v1_genomic.filt.vcf
[19:27:35] * /mnt/c/Users/ktmea/Projects/plague-phylogeography/results/snippy_pairwise/assembly/GCA_000323505.1_ASM32350v1_genomic/GCA_000323505.1_ASM32350v1_genomic.gff
[19:27:35] * /mnt/c/Users/ktmea/Projects/plague-phylogeography/results/snippy_pairwise/assembly/GCA_000323505.1_ASM32350v1_genomic/GCA_000323505.1_ASM32350v1_genomic.html
[19:27:35] * /mnt/c/Users/ktmea/Projects/plague-phylogeography/results/snippy_pairwise/assembly/GCA_000323505.1_ASM32350v1_genomic/GCA_000323505.1_ASM32350v1_genomic.log
[19:27:35] * /mnt/c/Users/ktmea/Projects/plague-phylogeography/results/snippy_pairwise/assembly/GCA_000323505.1_ASM32350v1_genomic/GCA_000323505.1_ASM32350v1_genomic.raw.vcf
[19:27:35] * /mnt/c/Users/ktmea/Projects/plague-phylogeography/results/snippy_pairwise/assembly/GCA_000323505.1_ASM32350v1_genomic/GCA_000323505.1_ASM32350v1_genomic.report.txt
[19:27:35] * /mnt/c/Users/ktmea/Projects/plague-phylogeography/results/snippy_pairwise/assembly/GCA_000323505.1_ASM32350v1_genomic/GCA_000323505.1_ASM32350v1_genomic.subs.vcf
[19:27:35] * /mnt/c/Users/ktmea/Projects/plague-phylogeography/results/snippy_pairwise/assembly/GCA_000323505.1_ASM32350v1_genomic/GCA_000323505.1_ASM32350v1_genomic.tab
[19:27:35] * /mnt/c/Users/ktmea/Projects/plague-phylogeography/results/snippy_pairwise/assembly/GCA_000323505.1_ASM32350v1_genomic/GCA_000323505.1_ASM32350v1_genomic.txt
[19:27:35] * /mnt/c/Users/ktmea/Projects/plague-phylogeography/results/snippy_pairwise/assembly/GCA_000323505.1_ASM32350v1_genomic/GCA_000323505.1_ASM32350v1_genomic.vcf
[19:27:35] * /mnt/c/Users/ktmea/Projects/plague-phylogeography/results/snippy_pairwise/assembly/GCA_000323505.1_ASM32350v1_genomic/GCA_000323505.1_ASM32350v1_genomic.vcf.gz
[19:27:35] * /mnt/c/Users/ktmea/Projects/plague-phylogeography/results/snippy_pairwise/assembly/GCA_000323505.1_ASM32350v1_genomic/GCA_000323505.1_ASM32350v1_genomic.vcf.gz.csi
[19:27:35] Walltime used: 1 minutes, 55 seconds
[19:27:35] Wishing you a life free of homopolymer errors.
[19:27:35] Done.
