[20:02:46] This is snippy 4.6.0
[20:02:46] Written by Torsten Seemann
[20:02:46] Obtained from https://github.com/tseemann/snippy
[20:02:46] Detected operating system: linux
[20:02:46] Enabling bundled linux tools.
[20:02:46] Found bwa - /home/ktmeaton/miniconda3/envs/plague-phylogeography/bin/bwa
[20:02:46] Found bcftools - /home/ktmeaton/miniconda3/envs/plague-phylogeography/bin/bcftools
[20:02:46] Found samtools - /home/ktmeaton/miniconda3/envs/plague-phylogeography/bin/samtools
[20:02:46] Found java - /home/ktmeaton/miniconda3/envs/plague-phylogeography/bin/java
[20:02:46] Found snpEff - /home/ktmeaton/miniconda3/envs/plague-phylogeography/bin/snpEff
[20:02:46] Found samclip - /home/ktmeaton/miniconda3/envs/plague-phylogeography/bin/samclip
[20:02:46] Found seqtk - /home/ktmeaton/miniconda3/envs/plague-phylogeography/bin/seqtk
[20:02:46] Found parallel - /home/ktmeaton/miniconda3/envs/plague-phylogeography/bin/parallel
[20:02:46] Found freebayes - /home/ktmeaton/miniconda3/envs/plague-phylogeography/bin/freebayes
[20:02:46] Found freebayes-parallel - /home/ktmeaton/miniconda3/envs/plague-phylogeography/bin/freebayes-parallel
[20:02:46] Found fasta_generate_regions.py - /home/ktmeaton/miniconda3/envs/plague-phylogeography/bin/fasta_generate_regions.py
[20:02:46] Found vcfstreamsort - /home/ktmeaton/miniconda3/envs/plague-phylogeography/bin/vcfstreamsort
[20:02:46] Found vcfuniq - /home/ktmeaton/miniconda3/envs/plague-phylogeography/bin/vcfuniq
[20:02:46] Found vcffirstheader - /home/ktmeaton/miniconda3/envs/plague-phylogeography/bin/vcffirstheader
[20:02:46] Found gzip - /usr/bin/gzip
[20:02:46] Found vt - /home/ktmeaton/miniconda3/envs/plague-phylogeography/bin/vt
[20:02:46] Found snippy-vcf_to_tab - /home/ktmeaton/miniconda3/envs/plague-phylogeography/bin/snippy-vcf_to_tab
[20:02:46] Found snippy-vcf_report - /home/ktmeaton/miniconda3/envs/plague-phylogeography/bin/snippy-vcf_report
[20:02:46] Checking version: samtools --version is >= 1.7 - ok, have 1.10
[20:02:46] Checking version: bcftools --version is >= 1.7 - ok, have 1.10
[20:02:46] Checking version: freebayes --version is >= 1.1 - ok, have 1.3.2
[20:02:46] Checking version: snpEff -version is >= 4.3 - ok, have 5.0
[20:02:46] Checking version: bwa is >= 0.7.12 - ok, have 0.7.17
[20:02:46] Using reference: /mnt/c/Users/ktmea/Projects/plague-phylogeography/results/data/reference/GCA_000009065.1_ASM906v1_genomic/GCA_000009065.1_ASM906v1_genomic.gbff
[20:02:47] Treating reference as 'genbank' format.
[20:02:47] Will use 2 CPU cores.
[20:02:47] Using read file: /mnt/c/Users/ktmea/Projects/plague-phylogeography/results/data/assembly/GCA_002005285.1_ASM200528v1_genomic/GCA_002005285.1_ASM200528v1_genomic.fna
[20:02:47] Used --force, will overwrite existing /mnt/c/Users/ktmea/Projects/plague-phylogeography/results/snippy_pairwise/assembly/GCA_002005285.1_ASM200528v1_genomic
[20:02:47] Changing working directory: /mnt/c/Users/ktmea/Projects/plague-phylogeography/results/snippy_pairwise/assembly/GCA_002005285.1_ASM200528v1_genomic
[20:02:47] Creating reference folder: reference
[20:02:47] Extracting FASTA and GFF from reference.
[20:02:55] Wrote 4 sequences to ref.fa
[20:02:55] Wrote 4916 features to ref.gff
[20:02:55] Shredding /mnt/c/Users/ktmea/Projects/plague-phylogeography/results/data/assembly/GCA_002005285.1_ASM200528v1_genomic/GCA_002005285.1_ASM200528v1_genomic.fna into pseudo-reads
[20:03:05] Wrote 386660 fake 250bp reads (20x, stride 25bp) to fake_reads.fq
[20:03:05] Creating reference/snpeff.config
[20:03:05] Freebayes will process 3 chunks of 1636846 bp, 2 chunks at a time.
[20:03:05] Using BAM RG (Read Group) ID: GCA_002005285.1_ASM200528v1_genomic
[20:03:05] Running: samtools faidx reference/ref.fa 2>> GCA_002005285.1_ASM200528v1_genomic.log
[20:03:05] Running: bwa index reference/ref.fa 2>> GCA_002005285.1_ASM200528v1_genomic.log
[20:03:09] Running: mkdir -p reference/genomes && cp -f reference/ref.fa reference/genomes/ref.fa 2>> GCA_002005285.1_ASM200528v1_genomic.log
[20:03:09] Running: ln -sf reference/ref.fa . 2>> GCA_002005285.1_ASM200528v1_genomic.log
[20:03:09] Running: ln -sf reference/ref.fa.fai . 2>> GCA_002005285.1_ASM200528v1_genomic.log
[20:03:09] Running: mkdir -p reference/ref && gzip -c reference/ref.gff > reference/ref/genes.gff.gz 2>> GCA_002005285.1_ASM200528v1_genomic.log
[20:03:09] Running: snpEff build -c reference/snpeff.config -dataDir . -gff3 ref 2>> GCA_002005285.1_ASM200528v1_genomic.log
[20:03:16] Running: bwa mem  -Y -M -R '@RG\tID:GCA_002005285.1_ASM200528v1_genomic\tSM:GCA_002005285.1_ASM200528v1_genomic' -t 2 reference/ref.fa fake_reads.fq | samclip --max 10 --ref reference/ref.fa.fai | samtools sort -n -l 0 -T /tmp --threads 0 -m 8000M | samtools fixmate -m --threads 0 - - | samtools sort -l 0 -T /tmp --threads 0 -m 8000M | samtools markdup -T /tmp --threads 0 -r -s - - > GCA_002005285.1_ASM200528v1_genomic.bam 2>> GCA_002005285.1_ASM200528v1_genomic.log
[samclip] samclip 0.4.0 by Torsten Seemann (@torstenseemann)
[samclip] Loading: reference/ref.fa.fai
[samclip] Found 4 sequences in reference/ref.fa.fai
[M::bwa_idx_load_from_disk] read 0 ALT contigs
[M::process] read 80000 sequences (20000000 bp)...
[M::process] read 80000 sequences (20000000 bp)...
[M::mem_process_seqs] Processed 80000 reads in 9.123 CPU sec, 4.448 real sec
[M::process] read 80000 sequences (20000000 bp)...
[M::mem_process_seqs] Processed 80000 reads in 9.811 CPU sec, 4.654 real sec
[samclip] Processed 100000 records...
[M::process] read 80000 sequences (20000000 bp)...
[M::mem_process_seqs] Processed 80000 reads in 9.390 CPU sec, 4.450 real sec
[samclip] Processed 200000 records...
[M::process] read 66660 sequences (16665000 bp)...
[M::mem_process_seqs] Processed 80000 reads in 9.429 CPU sec, 4.524 real sec
[samclip] Processed 300000 records...
[M::mem_process_seqs] Processed 66660 reads in 9.171 CPU sec, 4.426 real sec
[main] Version: 0.7.17-r1188
[main] CMD:[samclip] Total SAM records 387312, removed 1954, allowed 928, passed 385358
 bwa mem[samclip] Header contained 6 lines
[samclip] Done.
 -Y -M -R @RG\tID:GCA_002005285.1_ASM200528v1_genomic\tSM:GCA_002005285.1_ASM200528v1_genomic -t 2 reference/ref.fa fake_reads.fq
[main] Real time: 24.118 sec; CPU: 47.459 sec
[20:03:46] Running: samtools index GCA_002005285.1_ASM200528v1_genomic.bam 2>> GCA_002005285.1_ASM200528v1_genomic.log
[20:03:48] Running: fasta_generate_regions.py reference/ref.fa.fai 1636846 > reference/ref.txt 2>> GCA_002005285.1_ASM200528v1_genomic.log
[20:03:48] Running: freebayes-parallel reference/ref.txt 2 -p 2 -P 0 -C 2 -F 0.05 --min-coverage 10 --min-repeat-entropy 1.0 -q 20 -m 30 --strict-vcf   -f reference/ref.fa GCA_002005285.1_ASM200528v1_genomic.bam > GCA_002005285.1_ASM200528v1_genomic.raw.vcf 2>> GCA_002005285.1_ASM200528v1_genomic.log
[20:04:09] Running: bcftools view --include 'FMT/GT="1/1" && QUAL>=100 && FMT/DP>=10 && (FMT/AO)/(FMT/DP)>=0.9' GCA_002005285.1_ASM200528v1_genomic.raw.vcf  | vt normalize -r reference/ref.fa - | bcftools annotate --remove '^INFO/TYPE,^INFO/DP,^INFO/RO,^INFO/AO,^INFO/AB,^FORMAT/GT,^FORMAT/DP,^FORMAT/RO,^FORMAT/AO,^FORMAT/QR,^FORMAT/QA,^FORMAT/GL' > GCA_002005285.1_ASM200528v1_genomic.filt.vcf 2>> GCA_002005285.1_ASM200528v1_genomic.log
normalize v0.5

options:     input VCF file                                  -
         [o] output VCF file                                 -
         [w] sorting window size                             10000
         [m] no fail on masked reference inconsistency       false
         [n] no fail on reference inconsistency              false
         [q] quiet                                           false
         [d] debug                                           false
         [r] reference FASTA file                            reference/ref.fa


stats: biallelic
          no. left trimmed                      : 61
          no. right trimmed                     : 2265
          no. left and right trimmed            : 68
          no. right trimmed and left aligned    : 0
          no. left aligned                      : 0

       total no. biallelic normalized           : 2394

       multiallelic
          no. left trimmed                      : 0
          no. right trimmed                     : 0
          no. left and right trimmed            : 0
          no. right trimmed and left aligned    : 0
          no. left aligned                      : 0

       total no. multiallelic normalized        : 0

       total no. variants normalized            : 2394
       total no. variants observed              : 2622
       total no. reference observed             : 0

Time elapsed: 0.37s

[20:04:11] Running: snpEff ann -noLog -noStats -no-downstream -no-upstream -no-utr -c reference/snpeff.config -dataDir . ref GCA_002005285.1_ASM200528v1_genomic.filt.vcf > GCA_002005285.1_ASM200528v1_genomic.vcf 2>> GCA_002005285.1_ASM200528v1_genomic.log
[20:04:16] Running: /home/ktmeaton/miniconda3/envs/plague-phylogeography/bin/snippy-vcf_to_tab --gff reference/ref.gff --ref reference/ref.fa --vcf GCA_002005285.1_ASM200528v1_genomic.vcf > GCA_002005285.1_ASM200528v1_genomic.tab 2>> GCA_002005285.1_ASM200528v1_genomic.log
[20:04:21] Running: /home/ktmeaton/miniconda3/envs/plague-phylogeography/bin/snippy-vcf_extract_subs GCA_002005285.1_ASM200528v1_genomic.filt.vcf > GCA_002005285.1_ASM200528v1_genomic.subs.vcf 2>> GCA_002005285.1_ASM200528v1_genomic.log
[20:04:21] Running: bcftools convert -Oz -o GCA_002005285.1_ASM200528v1_genomic.vcf.gz GCA_002005285.1_ASM200528v1_genomic.vcf 2>> GCA_002005285.1_ASM200528v1_genomic.log
[20:04:22] Running: bcftools index -f GCA_002005285.1_ASM200528v1_genomic.vcf.gz 2>> GCA_002005285.1_ASM200528v1_genomic.log
[20:04:22] Running: bcftools consensus --sample GCA_002005285.1_ASM200528v1_genomic -f reference/ref.fa -o GCA_002005285.1_ASM200528v1_genomic.consensus.fa GCA_002005285.1_ASM200528v1_genomic.vcf.gz 2>> GCA_002005285.1_ASM200528v1_genomic.log
[20:04:24] Running: bcftools convert -Oz -o GCA_002005285.1_ASM200528v1_genomic.subs.vcf.gz GCA_002005285.1_ASM200528v1_genomic.subs.vcf 2>> GCA_002005285.1_ASM200528v1_genomic.log
[20:04:24] Running: bcftools index -f GCA_002005285.1_ASM200528v1_genomic.subs.vcf.gz 2>> GCA_002005285.1_ASM200528v1_genomic.log
[20:04:24] Running: bcftools consensus --sample GCA_002005285.1_ASM200528v1_genomic -f reference/ref.fa -o GCA_002005285.1_ASM200528v1_genomic.consensus.subs.fa GCA_002005285.1_ASM200528v1_genomic.subs.vcf.gz 2>> GCA_002005285.1_ASM200528v1_genomic.log
[20:04:27] Running: rm -f GCA_002005285.1_ASM200528v1_genomic.subs.vcf.gz GCA_002005285.1_ASM200528v1_genomic.subs.vcf.gz.csi GCA_002005285.1_ASM200528v1_genomic.subs.vcf.gz.tbi 2>> GCA_002005285.1_ASM200528v1_genomic.log
[20:04:27] Running: rm -f fake_reads\.fq 2>> GCA_002005285.1_ASM200528v1_genomic.log
[20:04:27] Running: samtools view -h -q 30 GCA_002005285.1_ASM200528v1_genomic.bam | samtools sort -l 0 -T /tmp --threads 0 -m 8000M > /tmp/snippy.1959.Q30.bam 2>> GCA_002005285.1_ASM200528v1_genomic.log
[20:04:31] Running: samtools index /tmp/snippy.1959.Q30.bam 2>> GCA_002005285.1_ASM200528v1_genomic.log
[20:04:31] Running: /home/ktmeaton/miniconda3/envs/plague-phylogeography/bin/snippy-vcf_report --cpus 2 --bam /tmp/snippy.1959.Q30.bam --ref reference/ref.fa --vcf GCA_002005285.1_ASM200528v1_genomic.vcf > GCA_002005285.1_ASM200528v1_genomic.report.txt 2>> GCA_002005285.1_ASM200528v1_genomic.log
[20:07:51] Running: rm -f /tmp/snippy.1959.Q30.bam /tmp/snippy.1959.Q30.bam.bai 2>> GCA_002005285.1_ASM200528v1_genomic.log
[20:07:51] Generating reference aligned/masked FASTA relative to reference: GCA_002005285.1_ASM200528v1_genomic.aligned.fa
[20:07:59] Marked 1025 heterozygous sites with 'n'
[20:07:59] Creating extra output files: BED GFF CSV TXT HTML
[20:07:59] Identified 2622 variants.
[20:07:59] Result folder: /mnt/c/Users/ktmea/Projects/plague-phylogeography/results/snippy_pairwise/assembly/GCA_002005285.1_ASM200528v1_genomic
[20:07:59] Result files:
[20:07:59] * /mnt/c/Users/ktmea/Projects/plague-phylogeography/results/snippy_pairwise/assembly/GCA_002005285.1_ASM200528v1_genomic/GCA_002005285.1_ASM200528v1_genomic.aligned.fa
[20:07:59] * /mnt/c/Users/ktmea/Projects/plague-phylogeography/results/snippy_pairwise/assembly/GCA_002005285.1_ASM200528v1_genomic/GCA_002005285.1_ASM200528v1_genomic.bam
[20:07:59] * /mnt/c/Users/ktmea/Projects/plague-phylogeography/results/snippy_pairwise/assembly/GCA_002005285.1_ASM200528v1_genomic/GCA_002005285.1_ASM200528v1_genomic.bam.bai
[20:07:59] * /mnt/c/Users/ktmea/Projects/plague-phylogeography/results/snippy_pairwise/assembly/GCA_002005285.1_ASM200528v1_genomic/GCA_002005285.1_ASM200528v1_genomic.bed
[20:07:59] * /mnt/c/Users/ktmea/Projects/plague-phylogeography/results/snippy_pairwise/assembly/GCA_002005285.1_ASM200528v1_genomic/GCA_002005285.1_ASM200528v1_genomic.consensus.fa
[20:07:59] * /mnt/c/Users/ktmea/Projects/plague-phylogeography/results/snippy_pairwise/assembly/GCA_002005285.1_ASM200528v1_genomic/GCA_002005285.1_ASM200528v1_genomic.consensus.subs.fa
[20:07:59] * /mnt/c/Users/ktmea/Projects/plague-phylogeography/results/snippy_pairwise/assembly/GCA_002005285.1_ASM200528v1_genomic/GCA_002005285.1_ASM200528v1_genomic.csv
[20:07:59] * /mnt/c/Users/ktmea/Projects/plague-phylogeography/results/snippy_pairwise/assembly/GCA_002005285.1_ASM200528v1_genomic/GCA_002005285.1_ASM200528v1_genomic.filt.vcf
[20:07:59] * /mnt/c/Users/ktmea/Projects/plague-phylogeography/results/snippy_pairwise/assembly/GCA_002005285.1_ASM200528v1_genomic/GCA_002005285.1_ASM200528v1_genomic.gff
[20:07:59] * /mnt/c/Users/ktmea/Projects/plague-phylogeography/results/snippy_pairwise/assembly/GCA_002005285.1_ASM200528v1_genomic/GCA_002005285.1_ASM200528v1_genomic.html
[20:07:59] * /mnt/c/Users/ktmea/Projects/plague-phylogeography/results/snippy_pairwise/assembly/GCA_002005285.1_ASM200528v1_genomic/GCA_002005285.1_ASM200528v1_genomic.log
[20:07:59] * /mnt/c/Users/ktmea/Projects/plague-phylogeography/results/snippy_pairwise/assembly/GCA_002005285.1_ASM200528v1_genomic/GCA_002005285.1_ASM200528v1_genomic.raw.vcf
[20:07:59] * /mnt/c/Users/ktmea/Projects/plague-phylogeography/results/snippy_pairwise/assembly/GCA_002005285.1_ASM200528v1_genomic/GCA_002005285.1_ASM200528v1_genomic.report.txt
[20:07:59] * /mnt/c/Users/ktmea/Projects/plague-phylogeography/results/snippy_pairwise/assembly/GCA_002005285.1_ASM200528v1_genomic/GCA_002005285.1_ASM200528v1_genomic.subs.vcf
[20:07:59] * /mnt/c/Users/ktmea/Projects/plague-phylogeography/results/snippy_pairwise/assembly/GCA_002005285.1_ASM200528v1_genomic/GCA_002005285.1_ASM200528v1_genomic.tab
[20:07:59] * /mnt/c/Users/ktmea/Projects/plague-phylogeography/results/snippy_pairwise/assembly/GCA_002005285.1_ASM200528v1_genomic/GCA_002005285.1_ASM200528v1_genomic.txt
[20:07:59] * /mnt/c/Users/ktmea/Projects/plague-phylogeography/results/snippy_pairwise/assembly/GCA_002005285.1_ASM200528v1_genomic/GCA_002005285.1_ASM200528v1_genomic.vcf
[20:07:59] * /mnt/c/Users/ktmea/Projects/plague-phylogeography/results/snippy_pairwise/assembly/GCA_002005285.1_ASM200528v1_genomic/GCA_002005285.1_ASM200528v1_genomic.vcf.gz
[20:07:59] * /mnt/c/Users/ktmea/Projects/plague-phylogeography/results/snippy_pairwise/assembly/GCA_002005285.1_ASM200528v1_genomic/GCA_002005285.1_ASM200528v1_genomic.vcf.gz.csi
[20:07:59] Walltime used: 5 minutes, 13 seconds
[20:07:59] The Snippy manual is at https://github.com/tseemann/snippy/blob/master/README.md
[20:07:59] Done.
