[19:35:59] This is snippy 4.6.0
[19:35:59] Written by Torsten Seemann
[19:35:59] Obtained from https://github.com/tseemann/snippy
[19:35:59] Detected operating system: linux
[19:35:59] Enabling bundled linux tools.
[19:35:59] Found bwa - /home/ktmeaton/miniconda3/envs/plague-phylogeography/bin/bwa
[19:35:59] Found bcftools - /home/ktmeaton/miniconda3/envs/plague-phylogeography/bin/bcftools
[19:35:59] Found samtools - /home/ktmeaton/miniconda3/envs/plague-phylogeography/bin/samtools
[19:35:59] Found java - /home/ktmeaton/miniconda3/envs/plague-phylogeography/bin/java
[19:35:59] Found snpEff - /home/ktmeaton/miniconda3/envs/plague-phylogeography/bin/snpEff
[19:35:59] Found samclip - /home/ktmeaton/miniconda3/envs/plague-phylogeography/bin/samclip
[19:35:59] Found seqtk - /home/ktmeaton/miniconda3/envs/plague-phylogeography/bin/seqtk
[19:35:59] Found parallel - /home/ktmeaton/miniconda3/envs/plague-phylogeography/bin/parallel
[19:35:59] Found freebayes - /home/ktmeaton/miniconda3/envs/plague-phylogeography/bin/freebayes
[19:35:59] Found freebayes-parallel - /home/ktmeaton/miniconda3/envs/plague-phylogeography/bin/freebayes-parallel
[19:35:59] Found fasta_generate_regions.py - /home/ktmeaton/miniconda3/envs/plague-phylogeography/bin/fasta_generate_regions.py
[19:35:59] Found vcfstreamsort - /home/ktmeaton/miniconda3/envs/plague-phylogeography/bin/vcfstreamsort
[19:35:59] Found vcfuniq - /home/ktmeaton/miniconda3/envs/plague-phylogeography/bin/vcfuniq
[19:35:59] Found vcffirstheader - /home/ktmeaton/miniconda3/envs/plague-phylogeography/bin/vcffirstheader
[19:35:59] Found gzip - /usr/bin/gzip
[19:35:59] Found vt - /home/ktmeaton/miniconda3/envs/plague-phylogeography/bin/vt
[19:35:59] Found snippy-vcf_to_tab - /home/ktmeaton/miniconda3/envs/plague-phylogeography/bin/snippy-vcf_to_tab
[19:35:59] Found snippy-vcf_report - /home/ktmeaton/miniconda3/envs/plague-phylogeography/bin/snippy-vcf_report
[19:35:59] Checking version: samtools --version is >= 1.7 - ok, have 1.10
[19:35:59] Checking version: bcftools --version is >= 1.7 - ok, have 1.10
[19:35:59] Checking version: freebayes --version is >= 1.1 - ok, have 1.3.2
[19:35:59] Checking version: snpEff -version is >= 4.3 - ok, have 5.0
[19:35:59] Checking version: bwa is >= 0.7.12 - ok, have 0.7.17
[19:35:59] Using reference: /mnt/c/Users/ktmea/Projects/plague-phylogeography/results/data/reference/GCA_000009065.1_ASM906v1_genomic/GCA_000009065.1_ASM906v1_genomic.gbff
[19:36:00] Treating reference as 'genbank' format.
[19:36:00] Will use 2 CPU cores.
[19:36:00] Using read file: /mnt/c/Users/ktmea/Projects/plague-phylogeography/results/data/assembly/GCA_000324565.1_ASM32456v1_genomic/GCA_000324565.1_ASM32456v1_genomic.fna
[19:36:00] Used --force, will overwrite existing /mnt/c/Users/ktmea/Projects/plague-phylogeography/results/snippy_pairwise/assembly/GCA_000324565.1_ASM32456v1_genomic
[19:36:00] Changing working directory: /mnt/c/Users/ktmea/Projects/plague-phylogeography/results/snippy_pairwise/assembly/GCA_000324565.1_ASM32456v1_genomic
[19:36:00] Creating reference folder: reference
[19:36:00] Extracting FASTA and GFF from reference.
[19:36:08] Wrote 4 sequences to ref.fa
[19:36:08] Wrote 4916 features to ref.gff
[19:36:08] Shredding /mnt/c/Users/ktmea/Projects/plague-phylogeography/results/data/assembly/GCA_000324565.1_ASM32456v1_genomic/GCA_000324565.1_ASM32456v1_genomic.fna into pseudo-reads
[19:36:22] Wrote 398262 fake 250bp reads (20x, stride 25bp) to fake_reads.fq
[19:36:22] Creating reference/snpeff.config
[19:36:22] Freebayes will process 3 chunks of 1636846 bp, 2 chunks at a time.
[19:36:22] Using BAM RG (Read Group) ID: GCA_000324565.1_ASM32456v1_genomic
[19:36:22] Running: samtools faidx reference/ref.fa 2>> GCA_000324565.1_ASM32456v1_genomic.log
[19:36:22] Running: bwa index reference/ref.fa 2>> GCA_000324565.1_ASM32456v1_genomic.log
[19:36:26] Running: mkdir -p reference/genomes && cp -f reference/ref.fa reference/genomes/ref.fa 2>> GCA_000324565.1_ASM32456v1_genomic.log
[19:36:26] Running: ln -sf reference/ref.fa . 2>> GCA_000324565.1_ASM32456v1_genomic.log
[19:36:26] Running: ln -sf reference/ref.fa.fai . 2>> GCA_000324565.1_ASM32456v1_genomic.log
[19:36:26] Running: mkdir -p reference/ref && gzip -c reference/ref.gff > reference/ref/genes.gff.gz 2>> GCA_000324565.1_ASM32456v1_genomic.log
[19:36:26] Running: snpEff build -c reference/snpeff.config -dataDir . -gff3 ref 2>> GCA_000324565.1_ASM32456v1_genomic.log
[19:36:33] Running: bwa mem  -Y -M -R '@RG\tID:GCA_000324565.1_ASM32456v1_genomic\tSM:GCA_000324565.1_ASM32456v1_genomic' -t 2 reference/ref.fa fake_reads.fq | samclip --max 10 --ref reference/ref.fa.fai | samtools sort -n -l 0 -T /tmp --threads 0 -m 8000M | samtools fixmate -m --threads 0 - - | samtools sort -l 0 -T /tmp --threads 0 -m 8000M | samtools markdup -T /tmp --threads 0 -r -s - - > GCA_000324565.1_ASM32456v1_genomic.bam 2>> GCA_000324565.1_ASM32456v1_genomic.log
[samclip] samclip 0.4.0 by Torsten Seemann (@torstenseemann)
[samclip] Loading: reference/ref.fa.fai
[samclip] Found 4 sequences in reference/ref.fa.fai
[M::bwa_idx_load_from_disk] read 0 ALT contigs
[M::process] read 80096 sequences (20000422 bp)...
[M::process] read 80110 sequences (20000480 bp)...
[M::mem_process_seqs] Processed 80096 reads in 7.170 CPU sec, 3.471 real sec
[M::process] read 80060 sequences (20000230 bp)...
[M::mem_process_seqs] Processed 80110 reads in 7.306 CPU sec, 3.453 real sec
[samclip] Processed 100000 records...
[M::process] read 80056 sequences (20000196 bp)...
[M::mem_process_seqs] Processed 80060 reads in 7.451 CPU sec, 3.447 real sec
[samclip] Processed 200000 records...
[M::process] read 77940 sequences (19474204 bp)...
[M::mem_process_seqs] Processed 80056 reads in 7.073 CPU sec, 3.339 real sec
[samclip] Processed 300000 records...
[M::mem_process_seqs] Processed 77940 reads in 6.562 CPU sec, 3.120 real sec
[main] Version: 0.7.17-r1188
[main] CMD:[samclip] Total SAM records 398945, removed 2865, allowed 809, passed 396080
 bwa mem[samclip] Header contained 6 lines
 -Y -M[samclip] Done.
 -R @RG\tID:GCA_000324565.1_ASM32456v1_genomic\tSM:GCA_000324565.1_ASM32456v1_genomic -t 2 reference/ref.fa fake_reads.fq
[main] Real time: 18.508 sec; CPU: 36.144 sec
[19:36:58] Running: samtools index GCA_000324565.1_ASM32456v1_genomic.bam 2>> GCA_000324565.1_ASM32456v1_genomic.log
[19:36:59] Running: fasta_generate_regions.py reference/ref.fa.fai 1636846 > reference/ref.txt 2>> GCA_000324565.1_ASM32456v1_genomic.log
[19:36:59] Running: freebayes-parallel reference/ref.txt 2 -p 2 -P 0 -C 2 -F 0.05 --min-coverage 10 --min-repeat-entropy 1.0 -q 20 -m 30 --strict-vcf   -f reference/ref.fa GCA_000324565.1_ASM32456v1_genomic.bam > GCA_000324565.1_ASM32456v1_genomic.raw.vcf 2>> GCA_000324565.1_ASM32456v1_genomic.log
[19:37:18] Running: bcftools view --include 'FMT/GT="1/1" && QUAL>=100 && FMT/DP>=10 && (FMT/AO)/(FMT/DP)>=0.9' GCA_000324565.1_ASM32456v1_genomic.raw.vcf  | vt normalize -r reference/ref.fa - | bcftools annotate --remove '^INFO/TYPE,^INFO/DP,^INFO/RO,^INFO/AO,^INFO/AB,^FORMAT/GT,^FORMAT/DP,^FORMAT/RO,^FORMAT/AO,^FORMAT/QR,^FORMAT/QA,^FORMAT/GL' > GCA_000324565.1_ASM32456v1_genomic.filt.vcf 2>> GCA_000324565.1_ASM32456v1_genomic.log
normalize v0.5

options:     input VCF file                                  -
         [o] output VCF file                                 -
         [w] sorting window size                             10000
         [m] no fail on masked reference inconsistency       false
         [n] no fail on reference inconsistency              false
         [q] quiet                                           false
         [d] debug                                           false
         [r] reference FASTA file                            reference/ref.fa


stats: biallelic
          no. left trimmed                      : 0
          no. right trimmed                     : 93
          no. left and right trimmed            : 0
          no. right trimmed and left aligned    : 0
          no. left aligned                      : 0

       total no. biallelic normalized           : 93

       multiallelic
          no. left trimmed                      : 0
          no. right trimmed                     : 0
          no. left and right trimmed            : 0
          no. right trimmed and left aligned    : 0
          no. left aligned                      : 0

       total no. multiallelic normalized        : 0

       total no. variants normalized            : 93
       total no. variants observed              : 273
       total no. reference observed             : 0

Time elapsed: 0.03s

[19:37:18] Running: snpEff ann -noLog -noStats -no-downstream -no-upstream -no-utr -c reference/snpeff.config -dataDir . ref GCA_000324565.1_ASM32456v1_genomic.filt.vcf > GCA_000324565.1_ASM32456v1_genomic.vcf 2>> GCA_000324565.1_ASM32456v1_genomic.log
[19:37:21] Running: /home/ktmeaton/miniconda3/envs/plague-phylogeography/bin/snippy-vcf_to_tab --gff reference/ref.gff --ref reference/ref.fa --vcf GCA_000324565.1_ASM32456v1_genomic.vcf > GCA_000324565.1_ASM32456v1_genomic.tab 2>> GCA_000324565.1_ASM32456v1_genomic.log
[19:37:26] Running: /home/ktmeaton/miniconda3/envs/plague-phylogeography/bin/snippy-vcf_extract_subs GCA_000324565.1_ASM32456v1_genomic.filt.vcf > GCA_000324565.1_ASM32456v1_genomic.subs.vcf 2>> GCA_000324565.1_ASM32456v1_genomic.log
[19:37:26] Running: bcftools convert -Oz -o GCA_000324565.1_ASM32456v1_genomic.vcf.gz GCA_000324565.1_ASM32456v1_genomic.vcf 2>> GCA_000324565.1_ASM32456v1_genomic.log
[19:37:26] Running: bcftools index -f GCA_000324565.1_ASM32456v1_genomic.vcf.gz 2>> GCA_000324565.1_ASM32456v1_genomic.log
[19:37:26] Running: bcftools consensus --sample GCA_000324565.1_ASM32456v1_genomic -f reference/ref.fa -o GCA_000324565.1_ASM32456v1_genomic.consensus.fa GCA_000324565.1_ASM32456v1_genomic.vcf.gz 2>> GCA_000324565.1_ASM32456v1_genomic.log
[19:37:29] Running: bcftools convert -Oz -o GCA_000324565.1_ASM32456v1_genomic.subs.vcf.gz GCA_000324565.1_ASM32456v1_genomic.subs.vcf 2>> GCA_000324565.1_ASM32456v1_genomic.log
[19:37:29] Running: bcftools index -f GCA_000324565.1_ASM32456v1_genomic.subs.vcf.gz 2>> GCA_000324565.1_ASM32456v1_genomic.log
[19:37:29] Running: bcftools consensus --sample GCA_000324565.1_ASM32456v1_genomic -f reference/ref.fa -o GCA_000324565.1_ASM32456v1_genomic.consensus.subs.fa GCA_000324565.1_ASM32456v1_genomic.subs.vcf.gz 2>> GCA_000324565.1_ASM32456v1_genomic.log
[19:37:31] Running: rm -f GCA_000324565.1_ASM32456v1_genomic.subs.vcf.gz GCA_000324565.1_ASM32456v1_genomic.subs.vcf.gz.csi GCA_000324565.1_ASM32456v1_genomic.subs.vcf.gz.tbi 2>> GCA_000324565.1_ASM32456v1_genomic.log
[19:37:31] Running: rm -f fake_reads\.fq 2>> GCA_000324565.1_ASM32456v1_genomic.log
[19:37:31] Running: samtools view -h -q 30 GCA_000324565.1_ASM32456v1_genomic.bam | samtools sort -l 0 -T /tmp --threads 0 -m 8000M > /tmp/snippy.21273.Q30.bam 2>> GCA_000324565.1_ASM32456v1_genomic.log
[19:37:35] Running: samtools index /tmp/snippy.21273.Q30.bam 2>> GCA_000324565.1_ASM32456v1_genomic.log
[19:37:35] Running: /home/ktmeaton/miniconda3/envs/plague-phylogeography/bin/snippy-vcf_report --cpus 2 --bam /tmp/snippy.21273.Q30.bam --ref reference/ref.fa --vcf GCA_000324565.1_ASM32456v1_genomic.vcf > GCA_000324565.1_ASM32456v1_genomic.report.txt 2>> GCA_000324565.1_ASM32456v1_genomic.log
[19:37:56] Running: rm -f /tmp/snippy.21273.Q30.bam /tmp/snippy.21273.Q30.bam.bai 2>> GCA_000324565.1_ASM32456v1_genomic.log
[19:37:56] Generating reference aligned/masked FASTA relative to reference: GCA_000324565.1_ASM32456v1_genomic.aligned.fa
[19:38:04] Marked 108 heterozygous sites with 'n'
[19:38:04] Creating extra output files: BED GFF CSV TXT HTML
[19:38:04] Identified 273 variants.
[19:38:04] Result folder: /mnt/c/Users/ktmea/Projects/plague-phylogeography/results/snippy_pairwise/assembly/GCA_000324565.1_ASM32456v1_genomic
[19:38:04] Result files:
[19:38:04] * /mnt/c/Users/ktmea/Projects/plague-phylogeography/results/snippy_pairwise/assembly/GCA_000324565.1_ASM32456v1_genomic/GCA_000324565.1_ASM32456v1_genomic.aligned.fa
[19:38:04] * /mnt/c/Users/ktmea/Projects/plague-phylogeography/results/snippy_pairwise/assembly/GCA_000324565.1_ASM32456v1_genomic/GCA_000324565.1_ASM32456v1_genomic.bam
[19:38:04] * /mnt/c/Users/ktmea/Projects/plague-phylogeography/results/snippy_pairwise/assembly/GCA_000324565.1_ASM32456v1_genomic/GCA_000324565.1_ASM32456v1_genomic.bam.bai
[19:38:04] * /mnt/c/Users/ktmea/Projects/plague-phylogeography/results/snippy_pairwise/assembly/GCA_000324565.1_ASM32456v1_genomic/GCA_000324565.1_ASM32456v1_genomic.bed
[19:38:04] * /mnt/c/Users/ktmea/Projects/plague-phylogeography/results/snippy_pairwise/assembly/GCA_000324565.1_ASM32456v1_genomic/GCA_000324565.1_ASM32456v1_genomic.consensus.fa
[19:38:04] * /mnt/c/Users/ktmea/Projects/plague-phylogeography/results/snippy_pairwise/assembly/GCA_000324565.1_ASM32456v1_genomic/GCA_000324565.1_ASM32456v1_genomic.consensus.subs.fa
[19:38:04] * /mnt/c/Users/ktmea/Projects/plague-phylogeography/results/snippy_pairwise/assembly/GCA_000324565.1_ASM32456v1_genomic/GCA_000324565.1_ASM32456v1_genomic.csv
[19:38:04] * /mnt/c/Users/ktmea/Projects/plague-phylogeography/results/snippy_pairwise/assembly/GCA_000324565.1_ASM32456v1_genomic/GCA_000324565.1_ASM32456v1_genomic.filt.vcf
[19:38:04] * /mnt/c/Users/ktmea/Projects/plague-phylogeography/results/snippy_pairwise/assembly/GCA_000324565.1_ASM32456v1_genomic/GCA_000324565.1_ASM32456v1_genomic.gff
[19:38:04] * /mnt/c/Users/ktmea/Projects/plague-phylogeography/results/snippy_pairwise/assembly/GCA_000324565.1_ASM32456v1_genomic/GCA_000324565.1_ASM32456v1_genomic.html
[19:38:04] * /mnt/c/Users/ktmea/Projects/plague-phylogeography/results/snippy_pairwise/assembly/GCA_000324565.1_ASM32456v1_genomic/GCA_000324565.1_ASM32456v1_genomic.log
[19:38:04] * /mnt/c/Users/ktmea/Projects/plague-phylogeography/results/snippy_pairwise/assembly/GCA_000324565.1_ASM32456v1_genomic/GCA_000324565.1_ASM32456v1_genomic.raw.vcf
[19:38:04] * /mnt/c/Users/ktmea/Projects/plague-phylogeography/results/snippy_pairwise/assembly/GCA_000324565.1_ASM32456v1_genomic/GCA_000324565.1_ASM32456v1_genomic.report.txt
[19:38:04] * /mnt/c/Users/ktmea/Projects/plague-phylogeography/results/snippy_pairwise/assembly/GCA_000324565.1_ASM32456v1_genomic/GCA_000324565.1_ASM32456v1_genomic.subs.vcf
[19:38:04] * /mnt/c/Users/ktmea/Projects/plague-phylogeography/results/snippy_pairwise/assembly/GCA_000324565.1_ASM32456v1_genomic/GCA_000324565.1_ASM32456v1_genomic.tab
[19:38:04] * /mnt/c/Users/ktmea/Projects/plague-phylogeography/results/snippy_pairwise/assembly/GCA_000324565.1_ASM32456v1_genomic/GCA_000324565.1_ASM32456v1_genomic.txt
[19:38:04] * /mnt/c/Users/ktmea/Projects/plague-phylogeography/results/snippy_pairwise/assembly/GCA_000324565.1_ASM32456v1_genomic/GCA_000324565.1_ASM32456v1_genomic.vcf
[19:38:04] * /mnt/c/Users/ktmea/Projects/plague-phylogeography/results/snippy_pairwise/assembly/GCA_000324565.1_ASM32456v1_genomic/GCA_000324565.1_ASM32456v1_genomic.vcf.gz
[19:38:04] * /mnt/c/Users/ktmea/Projects/plague-phylogeography/results/snippy_pairwise/assembly/GCA_000324565.1_ASM32456v1_genomic/GCA_000324565.1_ASM32456v1_genomic.vcf.gz.csi
[19:38:04] Walltime used: 2 minutes, 5 seconds
[19:38:04] May the SNPs be with you.
[19:38:04] Done.
