[20:00:54] This is snippy 4.6.0
[20:00:54] Written by Torsten Seemann
[20:00:54] Obtained from https://github.com/tseemann/snippy
[20:00:54] Detected operating system: linux
[20:00:54] Enabling bundled linux tools.
[20:00:54] Found bwa - /home/ktmeaton/miniconda3/envs/plague-phylogeography/bin/bwa
[20:00:54] Found bcftools - /home/ktmeaton/miniconda3/envs/plague-phylogeography/bin/bcftools
[20:00:54] Found samtools - /home/ktmeaton/miniconda3/envs/plague-phylogeography/bin/samtools
[20:00:54] Found java - /home/ktmeaton/miniconda3/envs/plague-phylogeography/bin/java
[20:00:54] Found snpEff - /home/ktmeaton/miniconda3/envs/plague-phylogeography/bin/snpEff
[20:00:54] Found samclip - /home/ktmeaton/miniconda3/envs/plague-phylogeography/bin/samclip
[20:00:54] Found seqtk - /home/ktmeaton/miniconda3/envs/plague-phylogeography/bin/seqtk
[20:00:54] Found parallel - /home/ktmeaton/miniconda3/envs/plague-phylogeography/bin/parallel
[20:00:54] Found freebayes - /home/ktmeaton/miniconda3/envs/plague-phylogeography/bin/freebayes
[20:00:54] Found freebayes-parallel - /home/ktmeaton/miniconda3/envs/plague-phylogeography/bin/freebayes-parallel
[20:00:54] Found fasta_generate_regions.py - /home/ktmeaton/miniconda3/envs/plague-phylogeography/bin/fasta_generate_regions.py
[20:00:54] Found vcfstreamsort - /home/ktmeaton/miniconda3/envs/plague-phylogeography/bin/vcfstreamsort
[20:00:54] Found vcfuniq - /home/ktmeaton/miniconda3/envs/plague-phylogeography/bin/vcfuniq
[20:00:54] Found vcffirstheader - /home/ktmeaton/miniconda3/envs/plague-phylogeography/bin/vcffirstheader
[20:00:54] Found gzip - /usr/bin/gzip
[20:00:54] Found vt - /home/ktmeaton/miniconda3/envs/plague-phylogeography/bin/vt
[20:00:54] Found snippy-vcf_to_tab - /home/ktmeaton/miniconda3/envs/plague-phylogeography/bin/snippy-vcf_to_tab
[20:00:54] Found snippy-vcf_report - /home/ktmeaton/miniconda3/envs/plague-phylogeography/bin/snippy-vcf_report
[20:00:54] Checking version: samtools --version is >= 1.7 - ok, have 1.10
[20:00:54] Checking version: bcftools --version is >= 1.7 - ok, have 1.10
[20:00:54] Checking version: freebayes --version is >= 1.1 - ok, have 1.3.2
[20:00:54] Checking version: snpEff -version is >= 4.3 - ok, have 5.0
[20:00:54] Checking version: bwa is >= 0.7.12 - ok, have 0.7.17
[20:00:54] Using reference: /mnt/c/Users/ktmea/Projects/plague-phylogeography/results/data/reference/GCA_000009065.1_ASM906v1_genomic/GCA_000009065.1_ASM906v1_genomic.gbff
[20:00:54] Treating reference as 'genbank' format.
[20:00:54] Will use 2 CPU cores.
[20:00:54] Using read file: /mnt/c/Users/ktmea/Projects/plague-phylogeography/results/data/assembly/GCA_000320465.1_ASM32046v1_genomic/GCA_000320465.1_ASM32046v1_genomic.fna
[20:00:54] Used --force, will overwrite existing /mnt/c/Users/ktmea/Projects/plague-phylogeography/results/snippy_pairwise/assembly/GCA_000320465.1_ASM32046v1_genomic
[20:00:54] Changing working directory: /mnt/c/Users/ktmea/Projects/plague-phylogeography/results/snippy_pairwise/assembly/GCA_000320465.1_ASM32046v1_genomic
[20:00:54] Creating reference folder: reference
[20:00:54] Extracting FASTA and GFF from reference.
[20:01:02] Wrote 4 sequences to ref.fa
[20:01:02] Wrote 4916 features to ref.gff
[20:01:02] Shredding /mnt/c/Users/ktmea/Projects/plague-phylogeography/results/data/assembly/GCA_000320465.1_ASM32046v1_genomic/GCA_000320465.1_ASM32046v1_genomic.fna into pseudo-reads
[20:01:13] Wrote 386654 fake 250bp reads (20x, stride 25bp) to fake_reads.fq
[20:01:13] Creating reference/snpeff.config
[20:01:13] Freebayes will process 3 chunks of 1636846 bp, 2 chunks at a time.
[20:01:13] Using BAM RG (Read Group) ID: GCA_000320465.1_ASM32046v1_genomic
[20:01:13] Running: samtools faidx reference/ref.fa 2>> GCA_000320465.1_ASM32046v1_genomic.log
[20:01:13] Running: bwa index reference/ref.fa 2>> GCA_000320465.1_ASM32046v1_genomic.log
[20:01:17] Running: mkdir -p reference/genomes && cp -f reference/ref.fa reference/genomes/ref.fa 2>> GCA_000320465.1_ASM32046v1_genomic.log
[20:01:17] Running: ln -sf reference/ref.fa . 2>> GCA_000320465.1_ASM32046v1_genomic.log
[20:01:17] Running: ln -sf reference/ref.fa.fai . 2>> GCA_000320465.1_ASM32046v1_genomic.log
[20:01:17] Running: mkdir -p reference/ref && gzip -c reference/ref.gff > reference/ref/genes.gff.gz 2>> GCA_000320465.1_ASM32046v1_genomic.log
[20:01:17] Running: snpEff build -c reference/snpeff.config -dataDir . -gff3 ref 2>> GCA_000320465.1_ASM32046v1_genomic.log
[20:01:24] Running: bwa mem  -Y -M -R '@RG\tID:GCA_000320465.1_ASM32046v1_genomic\tSM:GCA_000320465.1_ASM32046v1_genomic' -t 2 reference/ref.fa fake_reads.fq | samclip --max 10 --ref reference/ref.fa.fai | samtools sort -n -l 0 -T /tmp --threads 0 -m 8000M | samtools fixmate -m --threads 0 - - | samtools sort -l 0 -T /tmp --threads 0 -m 8000M | samtools markdup -T /tmp --threads 0 -r -s - - > GCA_000320465.1_ASM32046v1_genomic.bam 2>> GCA_000320465.1_ASM32046v1_genomic.log
[M::bwa_idx_load_from_disk] read 0 ALT contigs
[samclip] samclip 0.4.0 by Torsten Seemann (@torstenseemann)
[samclip] Loading: reference/ref.fa.fai
[samclip] Found 4 sequences in reference/ref.fa.fai
[M::process] read 80080 sequences (20000394 bp)...
[M::process] read 80074 sequences (20000302 bp)...
[M::mem_process_seqs] Processed 80080 reads in 6.611 CPU sec, 3.191 real sec
[M::process] read 80044 sequences (20000280 bp)...
[M::mem_process_seqs] Processed 80074 reads in 7.127 CPU sec, 3.325 real sec
[samclip] Processed 100000 records...
[M::process] read 80070 sequences (20000152 bp)...
[M::mem_process_seqs] Processed 80044 reads in 7.165 CPU sec, 3.363 real sec
[samclip] Processed 200000 records...
[M::process] read 66386 sequences (16581524 bp)...
[M::mem_process_seqs] Processed 80070 reads in 6.918 CPU sec, 3.326 real sec
[samclip] Processed 300000 records...
[M::mem_process_seqs] Processed 66386 reads in 5.473 CPU sec, 2.616 real sec
[main] Version: 0.7.17-r1188
[main] CMD:[samclip] Total SAM records 387294, removed 2037, allowed 617, passed 385257
 bwa mem[samclip] Header contained 6 lines
 -Y -M[samclip] Done.
 -R @RG\tID:GCA_000320465.1_ASM32046v1_genomic\tSM:GCA_000320465.1_ASM32046v1_genomic -t 2 reference/ref.fa fake_reads.fq
[main] Real time: 17.289 sec; CPU: 33.821 sec
[20:01:47] Running: samtools index GCA_000320465.1_ASM32046v1_genomic.bam 2>> GCA_000320465.1_ASM32046v1_genomic.log
[20:01:48] Running: fasta_generate_regions.py reference/ref.fa.fai 1636846 > reference/ref.txt 2>> GCA_000320465.1_ASM32046v1_genomic.log
[20:01:48] Running: freebayes-parallel reference/ref.txt 2 -p 2 -P 0 -C 2 -F 0.05 --min-coverage 10 --min-repeat-entropy 1.0 -q 20 -m 30 --strict-vcf   -f reference/ref.fa GCA_000320465.1_ASM32046v1_genomic.bam > GCA_000320465.1_ASM32046v1_genomic.raw.vcf 2>> GCA_000320465.1_ASM32046v1_genomic.log
[20:02:05] Running: bcftools view --include 'FMT/GT="1/1" && QUAL>=100 && FMT/DP>=10 && (FMT/AO)/(FMT/DP)>=0.9' GCA_000320465.1_ASM32046v1_genomic.raw.vcf  | vt normalize -r reference/ref.fa - | bcftools annotate --remove '^INFO/TYPE,^INFO/DP,^INFO/RO,^INFO/AO,^INFO/AB,^FORMAT/GT,^FORMAT/DP,^FORMAT/RO,^FORMAT/AO,^FORMAT/QR,^FORMAT/QA,^FORMAT/GL' > GCA_000320465.1_ASM32046v1_genomic.filt.vcf 2>> GCA_000320465.1_ASM32046v1_genomic.log
normalize v0.5

options:     input VCF file                                  -
         [o] output VCF file                                 -
         [w] sorting window size                             10000
         [m] no fail on masked reference inconsistency       false
         [n] no fail on reference inconsistency              false
         [q] quiet                                           false
         [d] debug                                           false
         [r] reference FASTA file                            reference/ref.fa


stats: biallelic
          no. left trimmed                      : 0
          no. right trimmed                     : 81
          no. left and right trimmed            : 0
          no. right trimmed and left aligned    : 0
          no. left aligned                      : 0

       total no. biallelic normalized           : 81

       multiallelic
          no. left trimmed                      : 0
          no. right trimmed                     : 0
          no. left and right trimmed            : 0
          no. right trimmed and left aligned    : 0
          no. left aligned                      : 0

       total no. multiallelic normalized        : 0

       total no. variants normalized            : 81
       total no. variants observed              : 213
       total no. reference observed             : 0

Time elapsed: 0.02s

[20:02:05] Running: snpEff ann -noLog -noStats -no-downstream -no-upstream -no-utr -c reference/snpeff.config -dataDir . ref GCA_000320465.1_ASM32046v1_genomic.filt.vcf > GCA_000320465.1_ASM32046v1_genomic.vcf 2>> GCA_000320465.1_ASM32046v1_genomic.log
[20:02:07] Running: /home/ktmeaton/miniconda3/envs/plague-phylogeography/bin/snippy-vcf_to_tab --gff reference/ref.gff --ref reference/ref.fa --vcf GCA_000320465.1_ASM32046v1_genomic.vcf > GCA_000320465.1_ASM32046v1_genomic.tab 2>> GCA_000320465.1_ASM32046v1_genomic.log
[20:02:13] Running: /home/ktmeaton/miniconda3/envs/plague-phylogeography/bin/snippy-vcf_extract_subs GCA_000320465.1_ASM32046v1_genomic.filt.vcf > GCA_000320465.1_ASM32046v1_genomic.subs.vcf 2>> GCA_000320465.1_ASM32046v1_genomic.log
[20:02:13] Running: bcftools convert -Oz -o GCA_000320465.1_ASM32046v1_genomic.vcf.gz GCA_000320465.1_ASM32046v1_genomic.vcf 2>> GCA_000320465.1_ASM32046v1_genomic.log
[20:02:13] Running: bcftools index -f GCA_000320465.1_ASM32046v1_genomic.vcf.gz 2>> GCA_000320465.1_ASM32046v1_genomic.log
[20:02:13] Running: bcftools consensus --sample GCA_000320465.1_ASM32046v1_genomic -f reference/ref.fa -o GCA_000320465.1_ASM32046v1_genomic.consensus.fa GCA_000320465.1_ASM32046v1_genomic.vcf.gz 2>> GCA_000320465.1_ASM32046v1_genomic.log
[20:02:15] Running: bcftools convert -Oz -o GCA_000320465.1_ASM32046v1_genomic.subs.vcf.gz GCA_000320465.1_ASM32046v1_genomic.subs.vcf 2>> GCA_000320465.1_ASM32046v1_genomic.log
[20:02:15] Running: bcftools index -f GCA_000320465.1_ASM32046v1_genomic.subs.vcf.gz 2>> GCA_000320465.1_ASM32046v1_genomic.log
[20:02:15] Running: bcftools consensus --sample GCA_000320465.1_ASM32046v1_genomic -f reference/ref.fa -o GCA_000320465.1_ASM32046v1_genomic.consensus.subs.fa GCA_000320465.1_ASM32046v1_genomic.subs.vcf.gz 2>> GCA_000320465.1_ASM32046v1_genomic.log
[20:02:18] Running: rm -f GCA_000320465.1_ASM32046v1_genomic.subs.vcf.gz GCA_000320465.1_ASM32046v1_genomic.subs.vcf.gz.csi GCA_000320465.1_ASM32046v1_genomic.subs.vcf.gz.tbi 2>> GCA_000320465.1_ASM32046v1_genomic.log
[20:02:18] Running: rm -f fake_reads\.fq 2>> GCA_000320465.1_ASM32046v1_genomic.log
[20:02:18] Running: samtools view -h -q 30 GCA_000320465.1_ASM32046v1_genomic.bam | samtools sort -l 0 -T /tmp --threads 0 -m 8000M > /tmp/snippy.1323.Q30.bam 2>> GCA_000320465.1_ASM32046v1_genomic.log
[20:02:21] Running: samtools index /tmp/snippy.1323.Q30.bam 2>> GCA_000320465.1_ASM32046v1_genomic.log
[20:02:21] Running: /home/ktmeaton/miniconda3/envs/plague-phylogeography/bin/snippy-vcf_report --cpus 2 --bam /tmp/snippy.1323.Q30.bam --ref reference/ref.fa --vcf GCA_000320465.1_ASM32046v1_genomic.vcf > GCA_000320465.1_ASM32046v1_genomic.report.txt 2>> GCA_000320465.1_ASM32046v1_genomic.log
[20:02:38] Running: rm -f /tmp/snippy.1323.Q30.bam /tmp/snippy.1323.Q30.bam.bai 2>> GCA_000320465.1_ASM32046v1_genomic.log
[20:02:38] Generating reference aligned/masked FASTA relative to reference: GCA_000320465.1_ASM32046v1_genomic.aligned.fa
[20:02:45] Marked 124 heterozygous sites with 'n'
[20:02:45] Creating extra output files: BED GFF CSV TXT HTML
[20:02:45] Identified 213 variants.
[20:02:45] Result folder: /mnt/c/Users/ktmea/Projects/plague-phylogeography/results/snippy_pairwise/assembly/GCA_000320465.1_ASM32046v1_genomic
[20:02:45] Result files:
[20:02:46] * /mnt/c/Users/ktmea/Projects/plague-phylogeography/results/snippy_pairwise/assembly/GCA_000320465.1_ASM32046v1_genomic/GCA_000320465.1_ASM32046v1_genomic.aligned.fa
[20:02:46] * /mnt/c/Users/ktmea/Projects/plague-phylogeography/results/snippy_pairwise/assembly/GCA_000320465.1_ASM32046v1_genomic/GCA_000320465.1_ASM32046v1_genomic.bam
[20:02:46] * /mnt/c/Users/ktmea/Projects/plague-phylogeography/results/snippy_pairwise/assembly/GCA_000320465.1_ASM32046v1_genomic/GCA_000320465.1_ASM32046v1_genomic.bam.bai
[20:02:46] * /mnt/c/Users/ktmea/Projects/plague-phylogeography/results/snippy_pairwise/assembly/GCA_000320465.1_ASM32046v1_genomic/GCA_000320465.1_ASM32046v1_genomic.bed
[20:02:46] * /mnt/c/Users/ktmea/Projects/plague-phylogeography/results/snippy_pairwise/assembly/GCA_000320465.1_ASM32046v1_genomic/GCA_000320465.1_ASM32046v1_genomic.consensus.fa
[20:02:46] * /mnt/c/Users/ktmea/Projects/plague-phylogeography/results/snippy_pairwise/assembly/GCA_000320465.1_ASM32046v1_genomic/GCA_000320465.1_ASM32046v1_genomic.consensus.subs.fa
[20:02:46] * /mnt/c/Users/ktmea/Projects/plague-phylogeography/results/snippy_pairwise/assembly/GCA_000320465.1_ASM32046v1_genomic/GCA_000320465.1_ASM32046v1_genomic.csv
[20:02:46] * /mnt/c/Users/ktmea/Projects/plague-phylogeography/results/snippy_pairwise/assembly/GCA_000320465.1_ASM32046v1_genomic/GCA_000320465.1_ASM32046v1_genomic.filt.vcf
[20:02:46] * /mnt/c/Users/ktmea/Projects/plague-phylogeography/results/snippy_pairwise/assembly/GCA_000320465.1_ASM32046v1_genomic/GCA_000320465.1_ASM32046v1_genomic.gff
[20:02:46] * /mnt/c/Users/ktmea/Projects/plague-phylogeography/results/snippy_pairwise/assembly/GCA_000320465.1_ASM32046v1_genomic/GCA_000320465.1_ASM32046v1_genomic.html
[20:02:46] * /mnt/c/Users/ktmea/Projects/plague-phylogeography/results/snippy_pairwise/assembly/GCA_000320465.1_ASM32046v1_genomic/GCA_000320465.1_ASM32046v1_genomic.log
[20:02:46] * /mnt/c/Users/ktmea/Projects/plague-phylogeography/results/snippy_pairwise/assembly/GCA_000320465.1_ASM32046v1_genomic/GCA_000320465.1_ASM32046v1_genomic.raw.vcf
[20:02:46] * /mnt/c/Users/ktmea/Projects/plague-phylogeography/results/snippy_pairwise/assembly/GCA_000320465.1_ASM32046v1_genomic/GCA_000320465.1_ASM32046v1_genomic.report.txt
[20:02:46] * /mnt/c/Users/ktmea/Projects/plague-phylogeography/results/snippy_pairwise/assembly/GCA_000320465.1_ASM32046v1_genomic/GCA_000320465.1_ASM32046v1_genomic.subs.vcf
[20:02:46] * /mnt/c/Users/ktmea/Projects/plague-phylogeography/results/snippy_pairwise/assembly/GCA_000320465.1_ASM32046v1_genomic/GCA_000320465.1_ASM32046v1_genomic.tab
[20:02:46] * /mnt/c/Users/ktmea/Projects/plague-phylogeography/results/snippy_pairwise/assembly/GCA_000320465.1_ASM32046v1_genomic/GCA_000320465.1_ASM32046v1_genomic.txt
[20:02:46] * /mnt/c/Users/ktmea/Projects/plague-phylogeography/results/snippy_pairwise/assembly/GCA_000320465.1_ASM32046v1_genomic/GCA_000320465.1_ASM32046v1_genomic.vcf
[20:02:46] * /mnt/c/Users/ktmea/Projects/plague-phylogeography/results/snippy_pairwise/assembly/GCA_000320465.1_ASM32046v1_genomic/GCA_000320465.1_ASM32046v1_genomic.vcf.gz
[20:02:46] * /mnt/c/Users/ktmea/Projects/plague-phylogeography/results/snippy_pairwise/assembly/GCA_000320465.1_ASM32046v1_genomic/GCA_000320465.1_ASM32046v1_genomic.vcf.gz.csi
[20:02:46] Walltime used: 1 minutes, 52 seconds
[20:02:46] Did you know? Snippy is a combination of SNP, Skippy, and snappy.
[20:02:46] Done.
