[22:15:34] This is snippy 4.6.0
[22:15:34] Written by Torsten Seemann
[22:15:34] Obtained from https://github.com/tseemann/snippy
[22:15:34] Detected operating system: linux
[22:15:34] Enabling bundled linux tools.
[22:15:34] Found bwa - /home/ktmeaton/miniconda3/envs/plague-phylogeography/bin/bwa
[22:15:34] Found bcftools - /home/ktmeaton/miniconda3/envs/plague-phylogeography/bin/bcftools
[22:15:34] Found samtools - /home/ktmeaton/miniconda3/envs/plague-phylogeography/bin/samtools
[22:15:34] Found java - /home/ktmeaton/miniconda3/envs/plague-phylogeography/bin/java
[22:15:34] Found snpEff - /home/ktmeaton/miniconda3/envs/plague-phylogeography/bin/snpEff
[22:15:34] Found samclip - /home/ktmeaton/miniconda3/envs/plague-phylogeography/bin/samclip
[22:15:34] Found seqtk - /home/ktmeaton/miniconda3/envs/plague-phylogeography/bin/seqtk
[22:15:34] Found parallel - /home/ktmeaton/miniconda3/envs/plague-phylogeography/bin/parallel
[22:15:34] Found freebayes - /home/ktmeaton/miniconda3/envs/plague-phylogeography/bin/freebayes
[22:15:34] Found freebayes-parallel - /home/ktmeaton/miniconda3/envs/plague-phylogeography/bin/freebayes-parallel
[22:15:34] Found fasta_generate_regions.py - /home/ktmeaton/miniconda3/envs/plague-phylogeography/bin/fasta_generate_regions.py
[22:15:34] Found vcfstreamsort - /home/ktmeaton/miniconda3/envs/plague-phylogeography/bin/vcfstreamsort
[22:15:34] Found vcfuniq - /home/ktmeaton/miniconda3/envs/plague-phylogeography/bin/vcfuniq
[22:15:34] Found vcffirstheader - /home/ktmeaton/miniconda3/envs/plague-phylogeography/bin/vcffirstheader
[22:15:34] Found gzip - /usr/bin/gzip
[22:15:34] Found vt - /home/ktmeaton/miniconda3/envs/plague-phylogeography/bin/vt
[22:15:34] Found snippy-vcf_to_tab - /home/ktmeaton/miniconda3/envs/plague-phylogeography/bin/snippy-vcf_to_tab
[22:15:34] Found snippy-vcf_report - /home/ktmeaton/miniconda3/envs/plague-phylogeography/bin/snippy-vcf_report
[22:15:34] Checking version: samtools --version is >= 1.7 - ok, have 1.10
[22:15:34] Checking version: bcftools --version is >= 1.7 - ok, have 1.10
[22:15:34] Checking version: freebayes --version is >= 1.1 - ok, have 1.3.2
[22:15:35] Checking version: snpEff -version is >= 4.3 - ok, have 5.0
[22:15:35] Checking version: bwa is >= 0.7.12 - ok, have 0.7.17
[22:15:35] Using reference: /mnt/c/Users/ktmea/Projects/plague-phylogeography/results/data/reference/GCA_000009065.1_ASM906v1_genomic/GCA_000009065.1_ASM906v1_genomic.gbff
[22:15:35] Treating reference as 'genbank' format.
[22:15:35] Will use 2 CPU cores.
[22:15:35] Using read file: /mnt/c/Users/ktmea/Projects/plague-phylogeography/results/data/assembly/GCA_000323845.1_ASM32384v1_genomic/GCA_000323845.1_ASM32384v1_genomic.fna
[22:15:35] Used --force, will overwrite existing /mnt/c/Users/ktmea/Projects/plague-phylogeography/results/snippy_pairwise/assembly/GCA_000323845.1_ASM32384v1_genomic
[22:15:35] Changing working directory: /mnt/c/Users/ktmea/Projects/plague-phylogeography/results/snippy_pairwise/assembly/GCA_000323845.1_ASM32384v1_genomic
[22:15:35] Creating reference folder: reference
[22:15:35] Extracting FASTA and GFF from reference.
[22:15:44] Wrote 4 sequences to ref.fa
[22:15:44] Wrote 4916 features to ref.gff
[22:15:44] Shredding /mnt/c/Users/ktmea/Projects/plague-phylogeography/results/data/assembly/GCA_000323845.1_ASM32384v1_genomic/GCA_000323845.1_ASM32384v1_genomic.fna into pseudo-reads
[22:15:55] Wrote 421128 fake 250bp reads (20x, stride 25bp) to fake_reads.fq
[22:15:55] Creating reference/snpeff.config
[22:15:55] Freebayes will process 3 chunks of 1636846 bp, 2 chunks at a time.
[22:15:55] Using BAM RG (Read Group) ID: GCA_000323845.1_ASM32384v1_genomic
[22:15:55] Running: samtools faidx reference/ref.fa 2>> GCA_000323845.1_ASM32384v1_genomic.log
[22:15:55] Running: bwa index reference/ref.fa 2>> GCA_000323845.1_ASM32384v1_genomic.log
[22:15:59] Running: mkdir -p reference/genomes && cp -f reference/ref.fa reference/genomes/ref.fa 2>> GCA_000323845.1_ASM32384v1_genomic.log
[22:15:59] Running: ln -sf reference/ref.fa . 2>> GCA_000323845.1_ASM32384v1_genomic.log
[22:15:59] Running: ln -sf reference/ref.fa.fai . 2>> GCA_000323845.1_ASM32384v1_genomic.log
[22:15:59] Running: mkdir -p reference/ref && gzip -c reference/ref.gff > reference/ref/genes.gff.gz 2>> GCA_000323845.1_ASM32384v1_genomic.log
[22:15:59] Running: snpEff build -c reference/snpeff.config -dataDir . -gff3 ref 2>> GCA_000323845.1_ASM32384v1_genomic.log
[22:16:08] Running: bwa mem  -Y -M -R '@RG\tID:GCA_000323845.1_ASM32384v1_genomic\tSM:GCA_000323845.1_ASM32384v1_genomic' -t 2 reference/ref.fa fake_reads.fq | samclip --max 10 --ref reference/ref.fa.fai | samtools sort -n -l 0 -T /tmp --threads 0 -m 8000M | samtools fixmate -m --threads 0 - - | samtools sort -l 0 -T /tmp --threads 0 -m 8000M | samtools markdup -T /tmp --threads 0 -r -s - - > GCA_000323845.1_ASM32384v1_genomic.bam 2>> GCA_000323845.1_ASM32384v1_genomic.log
[samclip] samclip 0.4.0 by Torsten Seemann (@torstenseemann)
[samclip] Loading: reference/ref.fa.fai
[samclip] Found 4 sequences in reference/ref.fa.fai
[M::bwa_idx_load_from_disk] read 0 ALT contigs
[M::process] read 80114 sequences (20000340 bp)...
[M::process] read 80124 sequences (20000160 bp)...
[M::mem_process_seqs] Processed 80114 reads in 8.302 CPU sec, 4.011 real sec
[M::process] read 80128 sequences (20000234 bp)...
[M::mem_process_seqs] Processed 80124 reads in 7.197 CPU sec, 3.458 real sec
[samclip] Processed 100000 records...
[M::process] read 80106 sequences (20000032 bp)...
[M::mem_process_seqs] Processed 80128 reads in 7.900 CPU sec, 3.678 real sec
[samclip] Processed 200000 records...
[M::process] read 80148 sequences (20000044 bp)...
[M::mem_process_seqs] Processed 80106 reads in 10.700 CPU sec, 5.132 real sec
[samclip] Processed 300000 records...
[M::process] read 20508 sequences (5118130 bp)...
[M::mem_process_seqs] Processed 80148 reads in 8.336 CPU sec, 4.046 real sec
[samclip] Processed 400000 records...
[M::mem_process_seqs] Processed 20508 reads in 2.140 CPU sec, 0.941 real sec
[main] Version: 0.7.17-r1188
[main] CMD:[samclip] Total SAM records 421851, removed 4789, allowed 3210, passed 417062
 bwa mem[samclip] Header contained 6 lines
 -Y -M[samclip] Done.
 -R @RG\tID:GCA_000323845.1_ASM32384v1_genomic\tSM:GCA_000323845.1_ASM32384v1_genomic -t 2 reference/ref.fa fake_reads.fq
[main] Real time: 22.362 sec; CPU: 44.957 sec
[22:16:37] Running: samtools index GCA_000323845.1_ASM32384v1_genomic.bam 2>> GCA_000323845.1_ASM32384v1_genomic.log
[22:16:38] Running: fasta_generate_regions.py reference/ref.fa.fai 1636846 > reference/ref.txt 2>> GCA_000323845.1_ASM32384v1_genomic.log
[22:16:38] Running: freebayes-parallel reference/ref.txt 2 -p 2 -P 0 -C 2 -F 0.05 --min-coverage 10 --min-repeat-entropy 1.0 -q 20 -m 30 --strict-vcf   -f reference/ref.fa GCA_000323845.1_ASM32384v1_genomic.bam > GCA_000323845.1_ASM32384v1_genomic.raw.vcf 2>> GCA_000323845.1_ASM32384v1_genomic.log
[22:16:57] Running: bcftools view --include 'FMT/GT="1/1" && QUAL>=100 && FMT/DP>=10 && (FMT/AO)/(FMT/DP)>=0.9' GCA_000323845.1_ASM32384v1_genomic.raw.vcf  | vt normalize -r reference/ref.fa - | bcftools annotate --remove '^INFO/TYPE,^INFO/DP,^INFO/RO,^INFO/AO,^INFO/AB,^FORMAT/GT,^FORMAT/DP,^FORMAT/RO,^FORMAT/AO,^FORMAT/QR,^FORMAT/QA,^FORMAT/GL' > GCA_000323845.1_ASM32384v1_genomic.filt.vcf 2>> GCA_000323845.1_ASM32384v1_genomic.log
normalize v0.5

options:     input VCF file                                  -
         [o] output VCF file                                 -
         [w] sorting window size                             10000
         [m] no fail on masked reference inconsistency       false
         [n] no fail on reference inconsistency              false
         [q] quiet                                           false
         [d] debug                                           false
         [r] reference FASTA file                            reference/ref.fa


stats: biallelic
          no. left trimmed                      : 2
          no. right trimmed                     : 149
          no. left and right trimmed            : 2
          no. right trimmed and left aligned    : 0
          no. left aligned                      : 0

       total no. biallelic normalized           : 153

       multiallelic
          no. left trimmed                      : 0
          no. right trimmed                     : 0
          no. left and right trimmed            : 0
          no. right trimmed and left aligned    : 0
          no. left aligned                      : 0

       total no. multiallelic normalized        : 0

       total no. variants normalized            : 153
       total no. variants observed              : 713
       total no. reference observed             : 0

Time elapsed: 0.05s

[22:16:57] Running: snpEff ann -noLog -noStats -no-downstream -no-upstream -no-utr -c reference/snpeff.config -dataDir . ref GCA_000323845.1_ASM32384v1_genomic.filt.vcf > GCA_000323845.1_ASM32384v1_genomic.vcf 2>> GCA_000323845.1_ASM32384v1_genomic.log
[22:17:00] Running: /home/ktmeaton/miniconda3/envs/plague-phylogeography/bin/snippy-vcf_to_tab --gff reference/ref.gff --ref reference/ref.fa --vcf GCA_000323845.1_ASM32384v1_genomic.vcf > GCA_000323845.1_ASM32384v1_genomic.tab 2>> GCA_000323845.1_ASM32384v1_genomic.log
[22:17:05] Running: /home/ktmeaton/miniconda3/envs/plague-phylogeography/bin/snippy-vcf_extract_subs GCA_000323845.1_ASM32384v1_genomic.filt.vcf > GCA_000323845.1_ASM32384v1_genomic.subs.vcf 2>> GCA_000323845.1_ASM32384v1_genomic.log
[22:17:05] Running: bcftools convert -Oz -o GCA_000323845.1_ASM32384v1_genomic.vcf.gz GCA_000323845.1_ASM32384v1_genomic.vcf 2>> GCA_000323845.1_ASM32384v1_genomic.log
[22:17:06] Running: bcftools index -f GCA_000323845.1_ASM32384v1_genomic.vcf.gz 2>> GCA_000323845.1_ASM32384v1_genomic.log
[22:17:06] Running: bcftools consensus --sample GCA_000323845.1_ASM32384v1_genomic -f reference/ref.fa -o GCA_000323845.1_ASM32384v1_genomic.consensus.fa GCA_000323845.1_ASM32384v1_genomic.vcf.gz 2>> GCA_000323845.1_ASM32384v1_genomic.log
[22:17:08] Running: bcftools convert -Oz -o GCA_000323845.1_ASM32384v1_genomic.subs.vcf.gz GCA_000323845.1_ASM32384v1_genomic.subs.vcf 2>> GCA_000323845.1_ASM32384v1_genomic.log
[22:17:08] Running: bcftools index -f GCA_000323845.1_ASM32384v1_genomic.subs.vcf.gz 2>> GCA_000323845.1_ASM32384v1_genomic.log
[22:17:08] Running: bcftools consensus --sample GCA_000323845.1_ASM32384v1_genomic -f reference/ref.fa -o GCA_000323845.1_ASM32384v1_genomic.consensus.subs.fa GCA_000323845.1_ASM32384v1_genomic.subs.vcf.gz 2>> GCA_000323845.1_ASM32384v1_genomic.log
[22:17:10] Running: rm -f GCA_000323845.1_ASM32384v1_genomic.subs.vcf.gz GCA_000323845.1_ASM32384v1_genomic.subs.vcf.gz.csi GCA_000323845.1_ASM32384v1_genomic.subs.vcf.gz.tbi 2>> GCA_000323845.1_ASM32384v1_genomic.log
[22:17:10] Running: rm -f fake_reads\.fq 2>> GCA_000323845.1_ASM32384v1_genomic.log
[22:17:11] Running: samtools view -h -q 30 GCA_000323845.1_ASM32384v1_genomic.bam | samtools sort -l 0 -T /tmp --threads 0 -m 8000M > /tmp/snippy.14308.Q30.bam 2>> GCA_000323845.1_ASM32384v1_genomic.log
[22:17:14] Running: samtools index /tmp/snippy.14308.Q30.bam 2>> GCA_000323845.1_ASM32384v1_genomic.log
[22:17:15] Running: /home/ktmeaton/miniconda3/envs/plague-phylogeography/bin/snippy-vcf_report --cpus 2 --bam /tmp/snippy.14308.Q30.bam --ref reference/ref.fa --vcf GCA_000323845.1_ASM32384v1_genomic.vcf > GCA_000323845.1_ASM32384v1_genomic.report.txt 2>> GCA_000323845.1_ASM32384v1_genomic.log
[22:18:13] Running: rm -f /tmp/snippy.14308.Q30.bam /tmp/snippy.14308.Q30.bam.bai 2>> GCA_000323845.1_ASM32384v1_genomic.log
[22:18:14] Generating reference aligned/masked FASTA relative to reference: GCA_000323845.1_ASM32384v1_genomic.aligned.fa
[22:18:21] Marked 170 heterozygous sites with 'n'
[22:18:21] Creating extra output files: BED GFF CSV TXT HTML
[22:18:21] Identified 713 variants.
[22:18:21] Result folder: /mnt/c/Users/ktmea/Projects/plague-phylogeography/results/snippy_pairwise/assembly/GCA_000323845.1_ASM32384v1_genomic
[22:18:21] Result files:
[22:18:21] * /mnt/c/Users/ktmea/Projects/plague-phylogeography/results/snippy_pairwise/assembly/GCA_000323845.1_ASM32384v1_genomic/GCA_000323845.1_ASM32384v1_genomic.aligned.fa
[22:18:21] * /mnt/c/Users/ktmea/Projects/plague-phylogeography/results/snippy_pairwise/assembly/GCA_000323845.1_ASM32384v1_genomic/GCA_000323845.1_ASM32384v1_genomic.bam
[22:18:21] * /mnt/c/Users/ktmea/Projects/plague-phylogeography/results/snippy_pairwise/assembly/GCA_000323845.1_ASM32384v1_genomic/GCA_000323845.1_ASM32384v1_genomic.bam.bai
[22:18:21] * /mnt/c/Users/ktmea/Projects/plague-phylogeography/results/snippy_pairwise/assembly/GCA_000323845.1_ASM32384v1_genomic/GCA_000323845.1_ASM32384v1_genomic.bed
[22:18:21] * /mnt/c/Users/ktmea/Projects/plague-phylogeography/results/snippy_pairwise/assembly/GCA_000323845.1_ASM32384v1_genomic/GCA_000323845.1_ASM32384v1_genomic.consensus.fa
[22:18:21] * /mnt/c/Users/ktmea/Projects/plague-phylogeography/results/snippy_pairwise/assembly/GCA_000323845.1_ASM32384v1_genomic/GCA_000323845.1_ASM32384v1_genomic.consensus.subs.fa
[22:18:21] * /mnt/c/Users/ktmea/Projects/plague-phylogeography/results/snippy_pairwise/assembly/GCA_000323845.1_ASM32384v1_genomic/GCA_000323845.1_ASM32384v1_genomic.csv
[22:18:21] * /mnt/c/Users/ktmea/Projects/plague-phylogeography/results/snippy_pairwise/assembly/GCA_000323845.1_ASM32384v1_genomic/GCA_000323845.1_ASM32384v1_genomic.filt.vcf
[22:18:21] * /mnt/c/Users/ktmea/Projects/plague-phylogeography/results/snippy_pairwise/assembly/GCA_000323845.1_ASM32384v1_genomic/GCA_000323845.1_ASM32384v1_genomic.gff
[22:18:21] * /mnt/c/Users/ktmea/Projects/plague-phylogeography/results/snippy_pairwise/assembly/GCA_000323845.1_ASM32384v1_genomic/GCA_000323845.1_ASM32384v1_genomic.html
[22:18:21] * /mnt/c/Users/ktmea/Projects/plague-phylogeography/results/snippy_pairwise/assembly/GCA_000323845.1_ASM32384v1_genomic/GCA_000323845.1_ASM32384v1_genomic.log
[22:18:21] * /mnt/c/Users/ktmea/Projects/plague-phylogeography/results/snippy_pairwise/assembly/GCA_000323845.1_ASM32384v1_genomic/GCA_000323845.1_ASM32384v1_genomic.raw.vcf
[22:18:21] * /mnt/c/Users/ktmea/Projects/plague-phylogeography/results/snippy_pairwise/assembly/GCA_000323845.1_ASM32384v1_genomic/GCA_000323845.1_ASM32384v1_genomic.report.txt
[22:18:21] * /mnt/c/Users/ktmea/Projects/plague-phylogeography/results/snippy_pairwise/assembly/GCA_000323845.1_ASM32384v1_genomic/GCA_000323845.1_ASM32384v1_genomic.subs.vcf
[22:18:21] * /mnt/c/Users/ktmea/Projects/plague-phylogeography/results/snippy_pairwise/assembly/GCA_000323845.1_ASM32384v1_genomic/GCA_000323845.1_ASM32384v1_genomic.tab
[22:18:21] * /mnt/c/Users/ktmea/Projects/plague-phylogeography/results/snippy_pairwise/assembly/GCA_000323845.1_ASM32384v1_genomic/GCA_000323845.1_ASM32384v1_genomic.txt
[22:18:21] * /mnt/c/Users/ktmea/Projects/plague-phylogeography/results/snippy_pairwise/assembly/GCA_000323845.1_ASM32384v1_genomic/GCA_000323845.1_ASM32384v1_genomic.vcf
[22:18:21] * /mnt/c/Users/ktmea/Projects/plague-phylogeography/results/snippy_pairwise/assembly/GCA_000323845.1_ASM32384v1_genomic/GCA_000323845.1_ASM32384v1_genomic.vcf.gz
[22:18:21] * /mnt/c/Users/ktmea/Projects/plague-phylogeography/results/snippy_pairwise/assembly/GCA_000323845.1_ASM32384v1_genomic/GCA_000323845.1_ASM32384v1_genomic.vcf.gz.csi
[22:18:21] Walltime used: 2 minutes, 47 seconds
[22:18:21] The Snippy manual is at https://github.com/tseemann/snippy/blob/master/README.md
[22:18:21] Done.
