[19:41:57] This is snippy 4.6.0
[19:41:57] Written by Torsten Seemann
[19:41:57] Obtained from https://github.com/tseemann/snippy
[19:41:57] Detected operating system: linux
[19:41:57] Enabling bundled linux tools.
[19:41:57] Found bwa - /home/ktmeaton/miniconda3/envs/plague-phylogeography/bin/bwa
[19:41:57] Found bcftools - /home/ktmeaton/miniconda3/envs/plague-phylogeography/bin/bcftools
[19:41:57] Found samtools - /home/ktmeaton/miniconda3/envs/plague-phylogeography/bin/samtools
[19:41:57] Found java - /home/ktmeaton/miniconda3/envs/plague-phylogeography/bin/java
[19:41:57] Found snpEff - /home/ktmeaton/miniconda3/envs/plague-phylogeography/bin/snpEff
[19:41:57] Found samclip - /home/ktmeaton/miniconda3/envs/plague-phylogeography/bin/samclip
[19:41:57] Found seqtk - /home/ktmeaton/miniconda3/envs/plague-phylogeography/bin/seqtk
[19:41:57] Found parallel - /home/ktmeaton/miniconda3/envs/plague-phylogeography/bin/parallel
[19:41:57] Found freebayes - /home/ktmeaton/miniconda3/envs/plague-phylogeography/bin/freebayes
[19:41:57] Found freebayes-parallel - /home/ktmeaton/miniconda3/envs/plague-phylogeography/bin/freebayes-parallel
[19:41:57] Found fasta_generate_regions.py - /home/ktmeaton/miniconda3/envs/plague-phylogeography/bin/fasta_generate_regions.py
[19:41:57] Found vcfstreamsort - /home/ktmeaton/miniconda3/envs/plague-phylogeography/bin/vcfstreamsort
[19:41:57] Found vcfuniq - /home/ktmeaton/miniconda3/envs/plague-phylogeography/bin/vcfuniq
[19:41:57] Found vcffirstheader - /home/ktmeaton/miniconda3/envs/plague-phylogeography/bin/vcffirstheader
[19:41:58] Found gzip - /usr/bin/gzip
[19:41:58] Found vt - /home/ktmeaton/miniconda3/envs/plague-phylogeography/bin/vt
[19:41:58] Found snippy-vcf_to_tab - /home/ktmeaton/miniconda3/envs/plague-phylogeography/bin/snippy-vcf_to_tab
[19:41:58] Found snippy-vcf_report - /home/ktmeaton/miniconda3/envs/plague-phylogeography/bin/snippy-vcf_report
[19:41:58] Checking version: samtools --version is >= 1.7 - ok, have 1.10
[19:41:58] Checking version: bcftools --version is >= 1.7 - ok, have 1.10
[19:41:58] Checking version: freebayes --version is >= 1.1 - ok, have 1.3.2
[19:41:58] Checking version: snpEff -version is >= 4.3 - ok, have 5.0
[19:41:58] Checking version: bwa is >= 0.7.12 - ok, have 0.7.17
[19:41:58] Using reference: /mnt/c/Users/ktmea/Projects/plague-phylogeography/results/data/reference/GCA_000009065.1_ASM906v1_genomic/GCA_000009065.1_ASM906v1_genomic.gbff
[19:41:58] Treating reference as 'genbank' format.
[19:41:58] Will use 2 CPU cores.
[19:41:58] Using read file: /mnt/c/Users/ktmea/Projects/plague-phylogeography/results/data/assembly/GCA_002981895.1_ASM298189v1_genomic/GCA_002981895.1_ASM298189v1_genomic.fna
[19:41:58] Used --force, will overwrite existing /mnt/c/Users/ktmea/Projects/plague-phylogeography/results/snippy_pairwise/assembly/GCA_002981895.1_ASM298189v1_genomic
[19:41:58] Changing working directory: /mnt/c/Users/ktmea/Projects/plague-phylogeography/results/snippy_pairwise/assembly/GCA_002981895.1_ASM298189v1_genomic
[19:41:58] Creating reference folder: reference
[19:41:58] Extracting FASTA and GFF from reference.
[19:42:06] Wrote 4 sequences to ref.fa
[19:42:06] Wrote 4916 features to ref.gff
[19:42:06] Shredding /mnt/c/Users/ktmea/Projects/plague-phylogeography/results/data/assembly/GCA_002981895.1_ASM298189v1_genomic/GCA_002981895.1_ASM298189v1_genomic.fna into pseudo-reads
[19:42:17] Wrote 373450 fake 250bp reads (20x, stride 25bp) to fake_reads.fq
[19:42:17] Creating reference/snpeff.config
[19:42:17] Freebayes will process 3 chunks of 1636846 bp, 2 chunks at a time.
[19:42:17] Using BAM RG (Read Group) ID: GCA_002981895.1_ASM298189v1_genomic
[19:42:17] Running: samtools faidx reference/ref.fa 2>> GCA_002981895.1_ASM298189v1_genomic.log
[19:42:17] Running: bwa index reference/ref.fa 2>> GCA_002981895.1_ASM298189v1_genomic.log
[19:42:21] Running: mkdir -p reference/genomes && cp -f reference/ref.fa reference/genomes/ref.fa 2>> GCA_002981895.1_ASM298189v1_genomic.log
[19:42:21] Running: ln -sf reference/ref.fa . 2>> GCA_002981895.1_ASM298189v1_genomic.log
[19:42:21] Running: ln -sf reference/ref.fa.fai . 2>> GCA_002981895.1_ASM298189v1_genomic.log
[19:42:21] Running: mkdir -p reference/ref && gzip -c reference/ref.gff > reference/ref/genes.gff.gz 2>> GCA_002981895.1_ASM298189v1_genomic.log
[19:42:21] Running: snpEff build -c reference/snpeff.config -dataDir . -gff3 ref 2>> GCA_002981895.1_ASM298189v1_genomic.log
[19:42:28] Running: bwa mem  -Y -M -R '@RG\tID:GCA_002981895.1_ASM298189v1_genomic\tSM:GCA_002981895.1_ASM298189v1_genomic' -t 2 reference/ref.fa fake_reads.fq | samclip --max 10 --ref reference/ref.fa.fai | samtools sort -n -l 0 -T /tmp --threads 0 -m 8000M | samtools fixmate -m --threads 0 - - | samtools sort -l 0 -T /tmp --threads 0 -m 8000M | samtools markdup -T /tmp --threads 0 -r -s - - > GCA_002981895.1_ASM298189v1_genomic.bam 2>> GCA_002981895.1_ASM298189v1_genomic.log
[M::bwa_idx_load_from_disk] read 0 ALT contigs
[samclip] samclip 0.4.0 by Torsten Seemann (@torstenseemann)
[samclip] Loading: reference/ref.fa.fai
[samclip] Found 4 sequences in reference/ref.fa.fai
[M::process] read 80012 sequences (20000260 bp)...
[M::process] read 80000 sequences (20000000 bp)...
[M::mem_process_seqs] Processed 80012 reads in 11.205 CPU sec, 5.495 real sec
[M::process] read 80000 sequences (20000000 bp)...
[M::mem_process_seqs] Processed 80000 reads in 8.016 CPU sec, 3.776 real sec
[samclip] Processed 100000 records...
[M::process] read 80000 sequences (20000000 bp)...
[M::mem_process_seqs] Processed 80000 reads in 8.230 CPU sec, 3.887 real sec
[samclip] Processed 200000 records...
[M::process] read 53438 sequences (13359500 bp)...
[M::mem_process_seqs] Processed 80000 reads in 7.893 CPU sec, 3.793 real sec
[samclip] Processed 300000 records...
[M::mem_process_seqs] Processed 53438 reads in 5.915 CPU sec, 2.837 real sec
[main] Version: 0.7.17-r1188
[main] CMD:[samclip] Total SAM records 376152, removed 6945, allowed 665, passed 369207
[samclip] Header contained 6 lines
 bwa mem[samclip] Done.
 -Y -M -R @RG\tID:GCA_002981895.1_ASM298189v1_genomic\tSM:GCA_002981895.1_ASM298189v1_genomic -t 2 reference/ref.fa fake_reads.fq
[main] Real time: 21.191 sec; CPU: 41.746 sec
[19:42:55] Running: samtools index GCA_002981895.1_ASM298189v1_genomic.bam 2>> GCA_002981895.1_ASM298189v1_genomic.log
[19:42:56] Running: fasta_generate_regions.py reference/ref.fa.fai 1636846 > reference/ref.txt 2>> GCA_002981895.1_ASM298189v1_genomic.log
[19:42:56] Running: freebayes-parallel reference/ref.txt 2 -p 2 -P 0 -C 2 -F 0.05 --min-coverage 10 --min-repeat-entropy 1.0 -q 20 -m 30 --strict-vcf   -f reference/ref.fa GCA_002981895.1_ASM298189v1_genomic.bam > GCA_002981895.1_ASM298189v1_genomic.raw.vcf 2>> GCA_002981895.1_ASM298189v1_genomic.log
[19:43:16] Running: bcftools view --include 'FMT/GT="1/1" && QUAL>=100 && FMT/DP>=10 && (FMT/AO)/(FMT/DP)>=0.9' GCA_002981895.1_ASM298189v1_genomic.raw.vcf  | vt normalize -r reference/ref.fa - | bcftools annotate --remove '^INFO/TYPE,^INFO/DP,^INFO/RO,^INFO/AO,^INFO/AB,^FORMAT/GT,^FORMAT/DP,^FORMAT/RO,^FORMAT/AO,^FORMAT/QR,^FORMAT/QA,^FORMAT/GL' > GCA_002981895.1_ASM298189v1_genomic.filt.vcf 2>> GCA_002981895.1_ASM298189v1_genomic.log
normalize v0.5

options:     input VCF file                                  -
         [o] output VCF file                                 -
         [w] sorting window size                             10000
         [m] no fail on masked reference inconsistency       false
         [n] no fail on reference inconsistency              false
         [q] quiet                                           false
         [d] debug                                           false
         [r] reference FASTA file                            reference/ref.fa


stats: biallelic
          no. left trimmed                      : 3
          no. right trimmed                     : 227
          no. left and right trimmed            : 2
          no. right trimmed and left aligned    : 0
          no. left aligned                      : 0

       total no. biallelic normalized           : 232

       multiallelic
          no. left trimmed                      : 0
          no. right trimmed                     : 0
          no. left and right trimmed            : 0
          no. right trimmed and left aligned    : 0
          no. left aligned                      : 0

       total no. multiallelic normalized        : 0

       total no. variants normalized            : 232
       total no. variants observed              : 675
       total no. reference observed             : 0

Time elapsed: 0.06s

[19:43:17] Running: snpEff ann -noLog -noStats -no-downstream -no-upstream -no-utr -c reference/snpeff.config -dataDir . ref GCA_002981895.1_ASM298189v1_genomic.filt.vcf > GCA_002981895.1_ASM298189v1_genomic.vcf 2>> GCA_002981895.1_ASM298189v1_genomic.log
[19:43:20] Running: /home/ktmeaton/miniconda3/envs/plague-phylogeography/bin/snippy-vcf_to_tab --gff reference/ref.gff --ref reference/ref.fa --vcf GCA_002981895.1_ASM298189v1_genomic.vcf > GCA_002981895.1_ASM298189v1_genomic.tab 2>> GCA_002981895.1_ASM298189v1_genomic.log
[19:43:25] Running: /home/ktmeaton/miniconda3/envs/plague-phylogeography/bin/snippy-vcf_extract_subs GCA_002981895.1_ASM298189v1_genomic.filt.vcf > GCA_002981895.1_ASM298189v1_genomic.subs.vcf 2>> GCA_002981895.1_ASM298189v1_genomic.log
[19:43:25] Running: bcftools convert -Oz -o GCA_002981895.1_ASM298189v1_genomic.vcf.gz GCA_002981895.1_ASM298189v1_genomic.vcf 2>> GCA_002981895.1_ASM298189v1_genomic.log
[19:43:25] Running: bcftools index -f GCA_002981895.1_ASM298189v1_genomic.vcf.gz 2>> GCA_002981895.1_ASM298189v1_genomic.log
[19:43:25] Running: bcftools consensus --sample GCA_002981895.1_ASM298189v1_genomic -f reference/ref.fa -o GCA_002981895.1_ASM298189v1_genomic.consensus.fa GCA_002981895.1_ASM298189v1_genomic.vcf.gz 2>> GCA_002981895.1_ASM298189v1_genomic.log
[19:43:28] Running: bcftools convert -Oz -o GCA_002981895.1_ASM298189v1_genomic.subs.vcf.gz GCA_002981895.1_ASM298189v1_genomic.subs.vcf 2>> GCA_002981895.1_ASM298189v1_genomic.log
[19:43:28] Running: bcftools index -f GCA_002981895.1_ASM298189v1_genomic.subs.vcf.gz 2>> GCA_002981895.1_ASM298189v1_genomic.log
[19:43:28] Running: bcftools consensus --sample GCA_002981895.1_ASM298189v1_genomic -f reference/ref.fa -o GCA_002981895.1_ASM298189v1_genomic.consensus.subs.fa GCA_002981895.1_ASM298189v1_genomic.subs.vcf.gz 2>> GCA_002981895.1_ASM298189v1_genomic.log
[19:43:30] Running: rm -f GCA_002981895.1_ASM298189v1_genomic.subs.vcf.gz GCA_002981895.1_ASM298189v1_genomic.subs.vcf.gz.csi GCA_002981895.1_ASM298189v1_genomic.subs.vcf.gz.tbi 2>> GCA_002981895.1_ASM298189v1_genomic.log
[19:43:30] Running: rm -f fake_reads\.fq 2>> GCA_002981895.1_ASM298189v1_genomic.log
[19:43:30] Running: samtools view -h -q 30 GCA_002981895.1_ASM298189v1_genomic.bam | samtools sort -l 0 -T /tmp --threads 0 -m 8000M > /tmp/snippy.23423.Q30.bam 2>> GCA_002981895.1_ASM298189v1_genomic.log
[19:43:34] Running: samtools index /tmp/snippy.23423.Q30.bam 2>> GCA_002981895.1_ASM298189v1_genomic.log
[19:43:34] Running: /home/ktmeaton/miniconda3/envs/plague-phylogeography/bin/snippy-vcf_report --cpus 2 --bam /tmp/snippy.23423.Q30.bam --ref reference/ref.fa --vcf GCA_002981895.1_ASM298189v1_genomic.vcf > GCA_002981895.1_ASM298189v1_genomic.report.txt 2>> GCA_002981895.1_ASM298189v1_genomic.log
[19:44:26] Running: rm -f /tmp/snippy.23423.Q30.bam /tmp/snippy.23423.Q30.bam.bai 2>> GCA_002981895.1_ASM298189v1_genomic.log
[19:44:26] Generating reference aligned/masked FASTA relative to reference: GCA_002981895.1_ASM298189v1_genomic.aligned.fa
[19:44:34] Marked 1121 heterozygous sites with 'n'
[19:44:34] Creating extra output files: BED GFF CSV TXT HTML
[19:44:34] Identified 675 variants.
[19:44:34] Result folder: /mnt/c/Users/ktmea/Projects/plague-phylogeography/results/snippy_pairwise/assembly/GCA_002981895.1_ASM298189v1_genomic
[19:44:34] Result files:
[19:44:34] * /mnt/c/Users/ktmea/Projects/plague-phylogeography/results/snippy_pairwise/assembly/GCA_002981895.1_ASM298189v1_genomic/GCA_002981895.1_ASM298189v1_genomic.aligned.fa
[19:44:34] * /mnt/c/Users/ktmea/Projects/plague-phylogeography/results/snippy_pairwise/assembly/GCA_002981895.1_ASM298189v1_genomic/GCA_002981895.1_ASM298189v1_genomic.bam
[19:44:34] * /mnt/c/Users/ktmea/Projects/plague-phylogeography/results/snippy_pairwise/assembly/GCA_002981895.1_ASM298189v1_genomic/GCA_002981895.1_ASM298189v1_genomic.bam.bai
[19:44:34] * /mnt/c/Users/ktmea/Projects/plague-phylogeography/results/snippy_pairwise/assembly/GCA_002981895.1_ASM298189v1_genomic/GCA_002981895.1_ASM298189v1_genomic.bed
[19:44:34] * /mnt/c/Users/ktmea/Projects/plague-phylogeography/results/snippy_pairwise/assembly/GCA_002981895.1_ASM298189v1_genomic/GCA_002981895.1_ASM298189v1_genomic.consensus.fa
[19:44:34] * /mnt/c/Users/ktmea/Projects/plague-phylogeography/results/snippy_pairwise/assembly/GCA_002981895.1_ASM298189v1_genomic/GCA_002981895.1_ASM298189v1_genomic.consensus.subs.fa
[19:44:34] * /mnt/c/Users/ktmea/Projects/plague-phylogeography/results/snippy_pairwise/assembly/GCA_002981895.1_ASM298189v1_genomic/GCA_002981895.1_ASM298189v1_genomic.csv
[19:44:34] * /mnt/c/Users/ktmea/Projects/plague-phylogeography/results/snippy_pairwise/assembly/GCA_002981895.1_ASM298189v1_genomic/GCA_002981895.1_ASM298189v1_genomic.filt.vcf
[19:44:34] * /mnt/c/Users/ktmea/Projects/plague-phylogeography/results/snippy_pairwise/assembly/GCA_002981895.1_ASM298189v1_genomic/GCA_002981895.1_ASM298189v1_genomic.gff
[19:44:34] * /mnt/c/Users/ktmea/Projects/plague-phylogeography/results/snippy_pairwise/assembly/GCA_002981895.1_ASM298189v1_genomic/GCA_002981895.1_ASM298189v1_genomic.html
[19:44:34] * /mnt/c/Users/ktmea/Projects/plague-phylogeography/results/snippy_pairwise/assembly/GCA_002981895.1_ASM298189v1_genomic/GCA_002981895.1_ASM298189v1_genomic.log
[19:44:34] * /mnt/c/Users/ktmea/Projects/plague-phylogeography/results/snippy_pairwise/assembly/GCA_002981895.1_ASM298189v1_genomic/GCA_002981895.1_ASM298189v1_genomic.raw.vcf
[19:44:34] * /mnt/c/Users/ktmea/Projects/plague-phylogeography/results/snippy_pairwise/assembly/GCA_002981895.1_ASM298189v1_genomic/GCA_002981895.1_ASM298189v1_genomic.report.txt
[19:44:34] * /mnt/c/Users/ktmea/Projects/plague-phylogeography/results/snippy_pairwise/assembly/GCA_002981895.1_ASM298189v1_genomic/GCA_002981895.1_ASM298189v1_genomic.subs.vcf
[19:44:34] * /mnt/c/Users/ktmea/Projects/plague-phylogeography/results/snippy_pairwise/assembly/GCA_002981895.1_ASM298189v1_genomic/GCA_002981895.1_ASM298189v1_genomic.tab
[19:44:34] * /mnt/c/Users/ktmea/Projects/plague-phylogeography/results/snippy_pairwise/assembly/GCA_002981895.1_ASM298189v1_genomic/GCA_002981895.1_ASM298189v1_genomic.txt
[19:44:34] * /mnt/c/Users/ktmea/Projects/plague-phylogeography/results/snippy_pairwise/assembly/GCA_002981895.1_ASM298189v1_genomic/GCA_002981895.1_ASM298189v1_genomic.vcf
[19:44:34] * /mnt/c/Users/ktmea/Projects/plague-phylogeography/results/snippy_pairwise/assembly/GCA_002981895.1_ASM298189v1_genomic/GCA_002981895.1_ASM298189v1_genomic.vcf.gz
[19:44:34] * /mnt/c/Users/ktmea/Projects/plague-phylogeography/results/snippy_pairwise/assembly/GCA_002981895.1_ASM298189v1_genomic/GCA_002981895.1_ASM298189v1_genomic.vcf.gz.csi
[19:44:34] Walltime used: 2 minutes, 37 seconds
[19:44:34] Wishing you a life free of homopolymer errors.
[19:44:34] Done.
