[19:51:06] This is snippy 4.6.0
[19:51:06] Written by Torsten Seemann
[19:51:06] Obtained from https://github.com/tseemann/snippy
[19:51:06] Detected operating system: linux
[19:51:06] Enabling bundled linux tools.
[19:51:06] Found bwa - /home/ktmeaton/miniconda3/envs/plague-phylogeography/bin/bwa
[19:51:06] Found bcftools - /home/ktmeaton/miniconda3/envs/plague-phylogeography/bin/bcftools
[19:51:06] Found samtools - /home/ktmeaton/miniconda3/envs/plague-phylogeography/bin/samtools
[19:51:06] Found java - /home/ktmeaton/miniconda3/envs/plague-phylogeography/bin/java
[19:51:06] Found snpEff - /home/ktmeaton/miniconda3/envs/plague-phylogeography/bin/snpEff
[19:51:06] Found samclip - /home/ktmeaton/miniconda3/envs/plague-phylogeography/bin/samclip
[19:51:06] Found seqtk - /home/ktmeaton/miniconda3/envs/plague-phylogeography/bin/seqtk
[19:51:06] Found parallel - /home/ktmeaton/miniconda3/envs/plague-phylogeography/bin/parallel
[19:51:06] Found freebayes - /home/ktmeaton/miniconda3/envs/plague-phylogeography/bin/freebayes
[19:51:06] Found freebayes-parallel - /home/ktmeaton/miniconda3/envs/plague-phylogeography/bin/freebayes-parallel
[19:51:06] Found fasta_generate_regions.py - /home/ktmeaton/miniconda3/envs/plague-phylogeography/bin/fasta_generate_regions.py
[19:51:06] Found vcfstreamsort - /home/ktmeaton/miniconda3/envs/plague-phylogeography/bin/vcfstreamsort
[19:51:06] Found vcfuniq - /home/ktmeaton/miniconda3/envs/plague-phylogeography/bin/vcfuniq
[19:51:06] Found vcffirstheader - /home/ktmeaton/miniconda3/envs/plague-phylogeography/bin/vcffirstheader
[19:51:06] Found gzip - /usr/bin/gzip
[19:51:06] Found vt - /home/ktmeaton/miniconda3/envs/plague-phylogeography/bin/vt
[19:51:06] Found snippy-vcf_to_tab - /home/ktmeaton/miniconda3/envs/plague-phylogeography/bin/snippy-vcf_to_tab
[19:51:06] Found snippy-vcf_report - /home/ktmeaton/miniconda3/envs/plague-phylogeography/bin/snippy-vcf_report
[19:51:06] Checking version: samtools --version is >= 1.7 - ok, have 1.10
[19:51:06] Checking version: bcftools --version is >= 1.7 - ok, have 1.10
[19:51:06] Checking version: freebayes --version is >= 1.1 - ok, have 1.3.2
[19:51:06] Checking version: snpEff -version is >= 4.3 - ok, have 5.0
[19:51:06] Checking version: bwa is >= 0.7.12 - ok, have 0.7.17
[19:51:06] Using reference: /mnt/c/Users/ktmea/Projects/plague-phylogeography/results/data/reference/GCA_000009065.1_ASM906v1_genomic/GCA_000009065.1_ASM906v1_genomic.gbff
[19:51:06] Treating reference as 'genbank' format.
[19:51:06] Will use 2 CPU cores.
[19:51:06] Using read file: /mnt/c/Users/ktmea/Projects/plague-phylogeography/results/data/assembly/GCA_016102905.1_ASM1610290v1_genomic/GCA_016102905.1_ASM1610290v1_genomic.fna
[19:51:06] Used --force, will overwrite existing /mnt/c/Users/ktmea/Projects/plague-phylogeography/results/snippy_pairwise/assembly/GCA_016102905.1_ASM1610290v1_genomic
[19:51:06] Changing working directory: /mnt/c/Users/ktmea/Projects/plague-phylogeography/results/snippy_pairwise/assembly/GCA_016102905.1_ASM1610290v1_genomic
[19:51:06] Creating reference folder: reference
[19:51:06] Extracting FASTA and GFF from reference.
[19:51:14] Wrote 4 sequences to ref.fa
[19:51:14] Wrote 4916 features to ref.gff
[19:51:14] Shredding /mnt/c/Users/ktmea/Projects/plague-phylogeography/results/data/assembly/GCA_016102905.1_ASM1610290v1_genomic/GCA_016102905.1_ASM1610290v1_genomic.fna into pseudo-reads
[19:51:25] Wrote 375178 fake 250bp reads (20x, stride 25bp) to fake_reads.fq
[19:51:25] Creating reference/snpeff.config
[19:51:25] Freebayes will process 3 chunks of 1636846 bp, 2 chunks at a time.
[19:51:25] Using BAM RG (Read Group) ID: GCA_016102905.1_ASM1610290v1_genomic
[19:51:25] Running: samtools faidx reference/ref.fa 2>> GCA_016102905.1_ASM1610290v1_genomic.log
[19:51:25] Running: bwa index reference/ref.fa 2>> GCA_016102905.1_ASM1610290v1_genomic.log
[19:51:29] Running: mkdir -p reference/genomes && cp -f reference/ref.fa reference/genomes/ref.fa 2>> GCA_016102905.1_ASM1610290v1_genomic.log
[19:51:29] Running: ln -sf reference/ref.fa . 2>> GCA_016102905.1_ASM1610290v1_genomic.log
[19:51:29] Running: ln -sf reference/ref.fa.fai . 2>> GCA_016102905.1_ASM1610290v1_genomic.log
[19:51:29] Running: mkdir -p reference/ref && gzip -c reference/ref.gff > reference/ref/genes.gff.gz 2>> GCA_016102905.1_ASM1610290v1_genomic.log
[19:51:29] Running: snpEff build -c reference/snpeff.config -dataDir . -gff3 ref 2>> GCA_016102905.1_ASM1610290v1_genomic.log
[19:51:36] Running: bwa mem  -Y -M -R '@RG\tID:GCA_016102905.1_ASM1610290v1_genomic\tSM:GCA_016102905.1_ASM1610290v1_genomic' -t 2 reference/ref.fa fake_reads.fq | samclip --max 10 --ref reference/ref.fa.fai | samtools sort -n -l 0 -T /tmp --threads 0 -m 8000M | samtools fixmate -m --threads 0 - - | samtools sort -l 0 -T /tmp --threads 0 -m 8000M | samtools markdup -T /tmp --threads 0 -r -s - - > GCA_016102905.1_ASM1610290v1_genomic.bam 2>> GCA_016102905.1_ASM1610290v1_genomic.log
[M::bwa_idx_load_from_disk] read 0 ALT contigs
[samclip] samclip 0.4.0 by Torsten Seemann (@torstenseemann)
[samclip] Loading: reference/ref.fa.fai
[samclip] Found 4 sequences in reference/ref.fa.fai
[M::process] read 80000 sequences (20000000 bp)...
[M::process] read 80000 sequences (20000000 bp)...
[M::mem_process_seqs] Processed 80000 reads in 7.091 CPU sec, 3.448 real sec
[M::process] read 80000 sequences (20000000 bp)...
[M::mem_process_seqs] Processed 80000 reads in 7.073 CPU sec, 3.324 real sec
[samclip] Processed 100000 records...
[M::process] read 80000 sequences (20000000 bp)...
[M::mem_process_seqs] Processed 80000 reads in 7.150 CPU sec, 3.396 real sec
[samclip] Processed 200000 records...
[M::process] read 55178 sequences (13788488 bp)...
[M::mem_process_seqs] Processed 80000 reads in 7.325 CPU sec, 3.432 real sec
[samclip] Processed 300000 records...
[M::mem_process_seqs] Processed 55178 reads in 6.444 CPU sec, 3.104 real sec
[main] Version: 0.7.17-r1188
[main] CMD:[samclip] Total SAM records 376221, removed 3003, allowed 997, passed 373218
[samclip] Header contained 6 lines
 bwa mem[samclip] Done.
 -Y -M -R @RG\tID:GCA_016102905.1_ASM1610290v1_genomic\tSM:GCA_016102905.1_ASM1610290v1_genomic -t 2 reference/ref.fa fake_reads.fq
[main] Real time: 18.153 sec; CPU: 35.578 sec
[19:51:59] Running: samtools index GCA_016102905.1_ASM1610290v1_genomic.bam 2>> GCA_016102905.1_ASM1610290v1_genomic.log
[19:52:01] Running: fasta_generate_regions.py reference/ref.fa.fai 1636846 > reference/ref.txt 2>> GCA_016102905.1_ASM1610290v1_genomic.log
[19:52:01] Running: freebayes-parallel reference/ref.txt 2 -p 2 -P 0 -C 2 -F 0.05 --min-coverage 10 --min-repeat-entropy 1.0 -q 20 -m 30 --strict-vcf   -f reference/ref.fa GCA_016102905.1_ASM1610290v1_genomic.bam > GCA_016102905.1_ASM1610290v1_genomic.raw.vcf 2>> GCA_016102905.1_ASM1610290v1_genomic.log
[19:52:19] Running: bcftools view --include 'FMT/GT="1/1" && QUAL>=100 && FMT/DP>=10 && (FMT/AO)/(FMT/DP)>=0.9' GCA_016102905.1_ASM1610290v1_genomic.raw.vcf  | vt normalize -r reference/ref.fa - | bcftools annotate --remove '^INFO/TYPE,^INFO/DP,^INFO/RO,^INFO/AO,^INFO/AB,^FORMAT/GT,^FORMAT/DP,^FORMAT/RO,^FORMAT/AO,^FORMAT/QR,^FORMAT/QA,^FORMAT/GL' > GCA_016102905.1_ASM1610290v1_genomic.filt.vcf 2>> GCA_016102905.1_ASM1610290v1_genomic.log
normalize v0.5

options:     input VCF file                                  -
         [o] output VCF file                                 -
         [w] sorting window size                             10000
         [m] no fail on masked reference inconsistency       false
         [n] no fail on reference inconsistency              false
         [q] quiet                                           false
         [d] debug                                           false
         [r] reference FASTA file                            reference/ref.fa


stats: biallelic
          no. left trimmed                      : 1
          no. right trimmed                     : 219
          no. left and right trimmed            : 0
          no. right trimmed and left aligned    : 0
          no. left aligned                      : 0

       total no. biallelic normalized           : 220

       multiallelic
          no. left trimmed                      : 0
          no. right trimmed                     : 0
          no. left and right trimmed            : 0
          no. right trimmed and left aligned    : 0
          no. left aligned                      : 0

       total no. multiallelic normalized        : 0

       total no. variants normalized            : 220
       total no. variants observed              : 454
       total no. reference observed             : 0

Time elapsed: 0.05s

[19:52:19] Running: snpEff ann -noLog -noStats -no-downstream -no-upstream -no-utr -c reference/snpeff.config -dataDir . ref GCA_016102905.1_ASM1610290v1_genomic.filt.vcf > GCA_016102905.1_ASM1610290v1_genomic.vcf 2>> GCA_016102905.1_ASM1610290v1_genomic.log
[19:52:22] Running: /home/ktmeaton/miniconda3/envs/plague-phylogeography/bin/snippy-vcf_to_tab --gff reference/ref.gff --ref reference/ref.fa --vcf GCA_016102905.1_ASM1610290v1_genomic.vcf > GCA_016102905.1_ASM1610290v1_genomic.tab 2>> GCA_016102905.1_ASM1610290v1_genomic.log
[19:52:28] Running: /home/ktmeaton/miniconda3/envs/plague-phylogeography/bin/snippy-vcf_extract_subs GCA_016102905.1_ASM1610290v1_genomic.filt.vcf > GCA_016102905.1_ASM1610290v1_genomic.subs.vcf 2>> GCA_016102905.1_ASM1610290v1_genomic.log
[19:52:28] Running: bcftools convert -Oz -o GCA_016102905.1_ASM1610290v1_genomic.vcf.gz GCA_016102905.1_ASM1610290v1_genomic.vcf 2>> GCA_016102905.1_ASM1610290v1_genomic.log
[19:52:28] Running: bcftools index -f GCA_016102905.1_ASM1610290v1_genomic.vcf.gz 2>> GCA_016102905.1_ASM1610290v1_genomic.log
[19:52:28] Running: bcftools consensus --sample GCA_016102905.1_ASM1610290v1_genomic -f reference/ref.fa -o GCA_016102905.1_ASM1610290v1_genomic.consensus.fa GCA_016102905.1_ASM1610290v1_genomic.vcf.gz 2>> GCA_016102905.1_ASM1610290v1_genomic.log
[19:52:30] Running: bcftools convert -Oz -o GCA_016102905.1_ASM1610290v1_genomic.subs.vcf.gz GCA_016102905.1_ASM1610290v1_genomic.subs.vcf 2>> GCA_016102905.1_ASM1610290v1_genomic.log
[19:52:30] Running: bcftools index -f GCA_016102905.1_ASM1610290v1_genomic.subs.vcf.gz 2>> GCA_016102905.1_ASM1610290v1_genomic.log
[19:52:30] Running: bcftools consensus --sample GCA_016102905.1_ASM1610290v1_genomic -f reference/ref.fa -o GCA_016102905.1_ASM1610290v1_genomic.consensus.subs.fa GCA_016102905.1_ASM1610290v1_genomic.subs.vcf.gz 2>> GCA_016102905.1_ASM1610290v1_genomic.log
[19:52:32] Running: rm -f GCA_016102905.1_ASM1610290v1_genomic.subs.vcf.gz GCA_016102905.1_ASM1610290v1_genomic.subs.vcf.gz.csi GCA_016102905.1_ASM1610290v1_genomic.subs.vcf.gz.tbi 2>> GCA_016102905.1_ASM1610290v1_genomic.log
[19:52:32] Running: rm -f fake_reads\.fq 2>> GCA_016102905.1_ASM1610290v1_genomic.log
[19:52:32] Running: samtools view -h -q 30 GCA_016102905.1_ASM1610290v1_genomic.bam | samtools sort -l 0 -T /tmp --threads 0 -m 8000M > /tmp/snippy.28061.Q30.bam 2>> GCA_016102905.1_ASM1610290v1_genomic.log
[19:52:36] Running: samtools index /tmp/snippy.28061.Q30.bam 2>> GCA_016102905.1_ASM1610290v1_genomic.log
[19:52:37] Running: /home/ktmeaton/miniconda3/envs/plague-phylogeography/bin/snippy-vcf_report --cpus 2 --bam /tmp/snippy.28061.Q30.bam --ref reference/ref.fa --vcf GCA_016102905.1_ASM1610290v1_genomic.vcf > GCA_016102905.1_ASM1610290v1_genomic.report.txt 2>> GCA_016102905.1_ASM1610290v1_genomic.log
[19:53:11] Running: rm -f /tmp/snippy.28061.Q30.bam /tmp/snippy.28061.Q30.bam.bai 2>> GCA_016102905.1_ASM1610290v1_genomic.log
[19:53:11] Generating reference aligned/masked FASTA relative to reference: GCA_016102905.1_ASM1610290v1_genomic.aligned.fa
[19:53:19] Marked 1045 heterozygous sites with 'n'
[19:53:19] Creating extra output files: BED GFF CSV TXT HTML
[19:53:19] Identified 454 variants.
[19:53:19] Result folder: /mnt/c/Users/ktmea/Projects/plague-phylogeography/results/snippy_pairwise/assembly/GCA_016102905.1_ASM1610290v1_genomic
[19:53:19] Result files:
[19:53:19] * /mnt/c/Users/ktmea/Projects/plague-phylogeography/results/snippy_pairwise/assembly/GCA_016102905.1_ASM1610290v1_genomic/GCA_016102905.1_ASM1610290v1_genomic.aligned.fa
[19:53:19] * /mnt/c/Users/ktmea/Projects/plague-phylogeography/results/snippy_pairwise/assembly/GCA_016102905.1_ASM1610290v1_genomic/GCA_016102905.1_ASM1610290v1_genomic.bam
[19:53:19] * /mnt/c/Users/ktmea/Projects/plague-phylogeography/results/snippy_pairwise/assembly/GCA_016102905.1_ASM1610290v1_genomic/GCA_016102905.1_ASM1610290v1_genomic.bam.bai
[19:53:19] * /mnt/c/Users/ktmea/Projects/plague-phylogeography/results/snippy_pairwise/assembly/GCA_016102905.1_ASM1610290v1_genomic/GCA_016102905.1_ASM1610290v1_genomic.bed
[19:53:19] * /mnt/c/Users/ktmea/Projects/plague-phylogeography/results/snippy_pairwise/assembly/GCA_016102905.1_ASM1610290v1_genomic/GCA_016102905.1_ASM1610290v1_genomic.consensus.fa
[19:53:19] * /mnt/c/Users/ktmea/Projects/plague-phylogeography/results/snippy_pairwise/assembly/GCA_016102905.1_ASM1610290v1_genomic/GCA_016102905.1_ASM1610290v1_genomic.consensus.subs.fa
[19:53:19] * /mnt/c/Users/ktmea/Projects/plague-phylogeography/results/snippy_pairwise/assembly/GCA_016102905.1_ASM1610290v1_genomic/GCA_016102905.1_ASM1610290v1_genomic.csv
[19:53:19] * /mnt/c/Users/ktmea/Projects/plague-phylogeography/results/snippy_pairwise/assembly/GCA_016102905.1_ASM1610290v1_genomic/GCA_016102905.1_ASM1610290v1_genomic.filt.vcf
[19:53:19] * /mnt/c/Users/ktmea/Projects/plague-phylogeography/results/snippy_pairwise/assembly/GCA_016102905.1_ASM1610290v1_genomic/GCA_016102905.1_ASM1610290v1_genomic.gff
[19:53:19] * /mnt/c/Users/ktmea/Projects/plague-phylogeography/results/snippy_pairwise/assembly/GCA_016102905.1_ASM1610290v1_genomic/GCA_016102905.1_ASM1610290v1_genomic.html
[19:53:19] * /mnt/c/Users/ktmea/Projects/plague-phylogeography/results/snippy_pairwise/assembly/GCA_016102905.1_ASM1610290v1_genomic/GCA_016102905.1_ASM1610290v1_genomic.log
[19:53:19] * /mnt/c/Users/ktmea/Projects/plague-phylogeography/results/snippy_pairwise/assembly/GCA_016102905.1_ASM1610290v1_genomic/GCA_016102905.1_ASM1610290v1_genomic.raw.vcf
[19:53:19] * /mnt/c/Users/ktmea/Projects/plague-phylogeography/results/snippy_pairwise/assembly/GCA_016102905.1_ASM1610290v1_genomic/GCA_016102905.1_ASM1610290v1_genomic.report.txt
[19:53:19] * /mnt/c/Users/ktmea/Projects/plague-phylogeography/results/snippy_pairwise/assembly/GCA_016102905.1_ASM1610290v1_genomic/GCA_016102905.1_ASM1610290v1_genomic.subs.vcf
[19:53:19] * /mnt/c/Users/ktmea/Projects/plague-phylogeography/results/snippy_pairwise/assembly/GCA_016102905.1_ASM1610290v1_genomic/GCA_016102905.1_ASM1610290v1_genomic.tab
[19:53:19] * /mnt/c/Users/ktmea/Projects/plague-phylogeography/results/snippy_pairwise/assembly/GCA_016102905.1_ASM1610290v1_genomic/GCA_016102905.1_ASM1610290v1_genomic.txt
[19:53:19] * /mnt/c/Users/ktmea/Projects/plague-phylogeography/results/snippy_pairwise/assembly/GCA_016102905.1_ASM1610290v1_genomic/GCA_016102905.1_ASM1610290v1_genomic.vcf
[19:53:19] * /mnt/c/Users/ktmea/Projects/plague-phylogeography/results/snippy_pairwise/assembly/GCA_016102905.1_ASM1610290v1_genomic/GCA_016102905.1_ASM1610290v1_genomic.vcf.gz
[19:53:19] * /mnt/c/Users/ktmea/Projects/plague-phylogeography/results/snippy_pairwise/assembly/GCA_016102905.1_ASM1610290v1_genomic/GCA_016102905.1_ASM1610290v1_genomic.vcf.gz.csi
[19:53:19] Walltime used: 2 minutes, 13 seconds
[19:53:19] The Snippy manual is at https://github.com/tseemann/snippy/blob/master/README.md
[19:53:19] Done.
