[19:55:05] This is snippy 4.6.0
[19:55:05] Written by Torsten Seemann
[19:55:05] Obtained from https://github.com/tseemann/snippy
[19:55:05] Detected operating system: linux
[19:55:05] Enabling bundled linux tools.
[19:55:05] Found bwa - /home/ktmeaton/miniconda3/envs/plague-phylogeography/bin/bwa
[19:55:05] Found bcftools - /home/ktmeaton/miniconda3/envs/plague-phylogeography/bin/bcftools
[19:55:05] Found samtools - /home/ktmeaton/miniconda3/envs/plague-phylogeography/bin/samtools
[19:55:05] Found java - /home/ktmeaton/miniconda3/envs/plague-phylogeography/bin/java
[19:55:05] Found snpEff - /home/ktmeaton/miniconda3/envs/plague-phylogeography/bin/snpEff
[19:55:05] Found samclip - /home/ktmeaton/miniconda3/envs/plague-phylogeography/bin/samclip
[19:55:05] Found seqtk - /home/ktmeaton/miniconda3/envs/plague-phylogeography/bin/seqtk
[19:55:05] Found parallel - /home/ktmeaton/miniconda3/envs/plague-phylogeography/bin/parallel
[19:55:05] Found freebayes - /home/ktmeaton/miniconda3/envs/plague-phylogeography/bin/freebayes
[19:55:05] Found freebayes-parallel - /home/ktmeaton/miniconda3/envs/plague-phylogeography/bin/freebayes-parallel
[19:55:05] Found fasta_generate_regions.py - /home/ktmeaton/miniconda3/envs/plague-phylogeography/bin/fasta_generate_regions.py
[19:55:05] Found vcfstreamsort - /home/ktmeaton/miniconda3/envs/plague-phylogeography/bin/vcfstreamsort
[19:55:05] Found vcfuniq - /home/ktmeaton/miniconda3/envs/plague-phylogeography/bin/vcfuniq
[19:55:05] Found vcffirstheader - /home/ktmeaton/miniconda3/envs/plague-phylogeography/bin/vcffirstheader
[19:55:06] Found gzip - /usr/bin/gzip
[19:55:06] Found vt - /home/ktmeaton/miniconda3/envs/plague-phylogeography/bin/vt
[19:55:06] Found snippy-vcf_to_tab - /home/ktmeaton/miniconda3/envs/plague-phylogeography/bin/snippy-vcf_to_tab
[19:55:06] Found snippy-vcf_report - /home/ktmeaton/miniconda3/envs/plague-phylogeography/bin/snippy-vcf_report
[19:55:06] Checking version: samtools --version is >= 1.7 - ok, have 1.10
[19:55:06] Checking version: bcftools --version is >= 1.7 - ok, have 1.10
[19:55:06] Checking version: freebayes --version is >= 1.1 - ok, have 1.3.2
[19:55:06] Checking version: snpEff -version is >= 4.3 - ok, have 5.0
[19:55:06] Checking version: bwa is >= 0.7.12 - ok, have 0.7.17
[19:55:06] Using reference: /mnt/c/Users/ktmea/Projects/plague-phylogeography/results/data/reference/GCA_000009065.1_ASM906v1_genomic/GCA_000009065.1_ASM906v1_genomic.gbff
[19:55:06] Treating reference as 'genbank' format.
[19:55:06] Will use 2 CPU cores.
[19:55:06] Using read file: /mnt/c/Users/ktmea/Projects/plague-phylogeography/results/data/assembly/GCA_000590535.1_EV_NIIEG_genomic/GCA_000590535.1_EV_NIIEG_genomic.fna
[19:55:06] Used --force, will overwrite existing /mnt/c/Users/ktmea/Projects/plague-phylogeography/results/snippy_pairwise/assembly/GCA_000590535.1_EV_NIIEG_genomic
[19:55:06] Changing working directory: /mnt/c/Users/ktmea/Projects/plague-phylogeography/results/snippy_pairwise/assembly/GCA_000590535.1_EV_NIIEG_genomic
[19:55:06] Creating reference folder: reference
[19:55:06] Extracting FASTA and GFF from reference.
[19:55:14] Wrote 4 sequences to ref.fa
[19:55:14] Wrote 4916 features to ref.gff
[19:55:14] Shredding /mnt/c/Users/ktmea/Projects/plague-phylogeography/results/data/assembly/GCA_000590535.1_EV_NIIEG_genomic/GCA_000590535.1_EV_NIIEG_genomic.fna into pseudo-reads
[19:55:25] Wrote 368846 fake 250bp reads (20x, stride 25bp) to fake_reads.fq
[19:55:25] Creating reference/snpeff.config
[19:55:25] Freebayes will process 3 chunks of 1636846 bp, 2 chunks at a time.
[19:55:25] Using BAM RG (Read Group) ID: GCA_000590535.1_EV_NIIEG_genomic
[19:55:25] Running: samtools faidx reference/ref.fa 2>> GCA_000590535.1_EV_NIIEG_genomic.log
[19:55:25] Running: bwa index reference/ref.fa 2>> GCA_000590535.1_EV_NIIEG_genomic.log
[19:55:29] Running: mkdir -p reference/genomes && cp -f reference/ref.fa reference/genomes/ref.fa 2>> GCA_000590535.1_EV_NIIEG_genomic.log
[19:55:29] Running: ln -sf reference/ref.fa . 2>> GCA_000590535.1_EV_NIIEG_genomic.log
[19:55:29] Running: ln -sf reference/ref.fa.fai . 2>> GCA_000590535.1_EV_NIIEG_genomic.log
[19:55:29] Running: mkdir -p reference/ref && gzip -c reference/ref.gff > reference/ref/genes.gff.gz 2>> GCA_000590535.1_EV_NIIEG_genomic.log
[19:55:29] Running: snpEff build -c reference/snpeff.config -dataDir . -gff3 ref 2>> GCA_000590535.1_EV_NIIEG_genomic.log
[19:55:36] Running: bwa mem  -Y -M -R '@RG\tID:GCA_000590535.1_EV_NIIEG_genomic\tSM:GCA_000590535.1_EV_NIIEG_genomic' -t 2 reference/ref.fa fake_reads.fq | samclip --max 10 --ref reference/ref.fa.fai | samtools sort -n -l 0 -T /tmp --threads 0 -m 8000M | samtools fixmate -m --threads 0 - - | samtools sort -l 0 -T /tmp --threads 0 -m 8000M | samtools markdup -T /tmp --threads 0 -r -s - - > GCA_000590535.1_EV_NIIEG_genomic.bam 2>> GCA_000590535.1_EV_NIIEG_genomic.log
[samclip] samclip 0.4.0 by Torsten Seemann (@torstenseemann)
[samclip] Loading: reference/ref.fa.fai
[samclip] Found 4 sequences in reference/ref.fa.fai
[M::bwa_idx_load_from_disk] read 0 ALT contigs
[M::process] read 80000 sequences (20000000 bp)...
[M::process] read 80000 sequences (20000000 bp)...
[M::mem_process_seqs] Processed 80000 reads in 7.149 CPU sec, 3.464 real sec
[M::process] read 80000 sequences (20000000 bp)...
[M::mem_process_seqs] Processed 80000 reads in 7.278 CPU sec, 3.414 real sec
[samclip] Processed 100000 records...
[M::process] read 80000 sequences (20000000 bp)...
[M::mem_process_seqs] Processed 80000 reads in 7.564 CPU sec, 3.520 real sec
[samclip] Processed 200000 records...
[M::process] read 48846 sequences (12211500 bp)...
[M::mem_process_seqs] Processed 80000 reads in 7.502 CPU sec, 3.571 real sec
[samclip] Processed 300000 records...
[M::mem_process_seqs] Processed 48846 reads in 5.596 CPU sec, 2.672 real sec
[main] Version: 0.7.17-r1188
[main] CMD:[samclip] Total SAM records 369161, removed 1130, allowed 594, passed 368031
 bwa mem[samclip] Header contained 6 lines
 -Y -M[samclip] Done.
 -R @RG\tID:GCA_000590535.1_EV_NIIEG_genomic\tSM:GCA_000590535.1_EV_NIIEG_genomic -t 2 reference/ref.fa fake_reads.fq
[main] Real time: 18.039 sec; CPU: 35.537 sec
[19:55:59] Running: samtools index GCA_000590535.1_EV_NIIEG_genomic.bam 2>> GCA_000590535.1_EV_NIIEG_genomic.log
[19:56:01] Running: fasta_generate_regions.py reference/ref.fa.fai 1636846 > reference/ref.txt 2>> GCA_000590535.1_EV_NIIEG_genomic.log
[19:56:01] Running: freebayes-parallel reference/ref.txt 2 -p 2 -P 0 -C 2 -F 0.05 --min-coverage 10 --min-repeat-entropy 1.0 -q 20 -m 30 --strict-vcf   -f reference/ref.fa GCA_000590535.1_EV_NIIEG_genomic.bam > GCA_000590535.1_EV_NIIEG_genomic.raw.vcf 2>> GCA_000590535.1_EV_NIIEG_genomic.log
[19:56:20] Running: bcftools view --include 'FMT/GT="1/1" && QUAL>=100 && FMT/DP>=10 && (FMT/AO)/(FMT/DP)>=0.9' GCA_000590535.1_EV_NIIEG_genomic.raw.vcf  | vt normalize -r reference/ref.fa - | bcftools annotate --remove '^INFO/TYPE,^INFO/DP,^INFO/RO,^INFO/AO,^INFO/AB,^FORMAT/GT,^FORMAT/DP,^FORMAT/RO,^FORMAT/AO,^FORMAT/QR,^FORMAT/QA,^FORMAT/GL' > GCA_000590535.1_EV_NIIEG_genomic.filt.vcf 2>> GCA_000590535.1_EV_NIIEG_genomic.log
normalize v0.5

options:     input VCF file                                  -
         [o] output VCF file                                 -
         [w] sorting window size                             10000
         [m] no fail on masked reference inconsistency       false
         [n] no fail on reference inconsistency              false
         [q] quiet                                           false
         [d] debug                                           false
         [r] reference FASTA file                            reference/ref.fa


stats: biallelic
          no. left trimmed                      : 0
          no. right trimmed                     : 1434
          no. left and right trimmed            : 6
          no. right trimmed and left aligned    : 0
          no. left aligned                      : 0

       total no. biallelic normalized           : 1440

       multiallelic
          no. left trimmed                      : 0
          no. right trimmed                     : 0
          no. left and right trimmed            : 0
          no. right trimmed and left aligned    : 0
          no. left aligned                      : 0

       total no. multiallelic normalized        : 0

       total no. variants normalized            : 1440
       total no. variants observed              : 1499
       total no. reference observed             : 0

Time elapsed: 0.22s

[19:56:20] Running: snpEff ann -noLog -noStats -no-downstream -no-upstream -no-utr -c reference/snpeff.config -dataDir . ref GCA_000590535.1_EV_NIIEG_genomic.filt.vcf > GCA_000590535.1_EV_NIIEG_genomic.vcf 2>> GCA_000590535.1_EV_NIIEG_genomic.log
[19:56:25] Running: /home/ktmeaton/miniconda3/envs/plague-phylogeography/bin/snippy-vcf_to_tab --gff reference/ref.gff --ref reference/ref.fa --vcf GCA_000590535.1_EV_NIIEG_genomic.vcf > GCA_000590535.1_EV_NIIEG_genomic.tab 2>> GCA_000590535.1_EV_NIIEG_genomic.log
[19:56:30] Running: /home/ktmeaton/miniconda3/envs/plague-phylogeography/bin/snippy-vcf_extract_subs GCA_000590535.1_EV_NIIEG_genomic.filt.vcf > GCA_000590535.1_EV_NIIEG_genomic.subs.vcf 2>> GCA_000590535.1_EV_NIIEG_genomic.log
[19:56:30] Running: bcftools convert -Oz -o GCA_000590535.1_EV_NIIEG_genomic.vcf.gz GCA_000590535.1_EV_NIIEG_genomic.vcf 2>> GCA_000590535.1_EV_NIIEG_genomic.log
[19:56:31] Running: bcftools index -f GCA_000590535.1_EV_NIIEG_genomic.vcf.gz 2>> GCA_000590535.1_EV_NIIEG_genomic.log
[19:56:31] Running: bcftools consensus --sample GCA_000590535.1_EV_NIIEG_genomic -f reference/ref.fa -o GCA_000590535.1_EV_NIIEG_genomic.consensus.fa GCA_000590535.1_EV_NIIEG_genomic.vcf.gz 2>> GCA_000590535.1_EV_NIIEG_genomic.log
[19:56:33] Running: bcftools convert -Oz -o GCA_000590535.1_EV_NIIEG_genomic.subs.vcf.gz GCA_000590535.1_EV_NIIEG_genomic.subs.vcf 2>> GCA_000590535.1_EV_NIIEG_genomic.log
[19:56:33] Running: bcftools index -f GCA_000590535.1_EV_NIIEG_genomic.subs.vcf.gz 2>> GCA_000590535.1_EV_NIIEG_genomic.log
[19:56:33] Running: bcftools consensus --sample GCA_000590535.1_EV_NIIEG_genomic -f reference/ref.fa -o GCA_000590535.1_EV_NIIEG_genomic.consensus.subs.fa GCA_000590535.1_EV_NIIEG_genomic.subs.vcf.gz 2>> GCA_000590535.1_EV_NIIEG_genomic.log
[19:56:35] Running: rm -f GCA_000590535.1_EV_NIIEG_genomic.subs.vcf.gz GCA_000590535.1_EV_NIIEG_genomic.subs.vcf.gz.csi GCA_000590535.1_EV_NIIEG_genomic.subs.vcf.gz.tbi 2>> GCA_000590535.1_EV_NIIEG_genomic.log
[19:56:35] Running: rm -f fake_reads\.fq 2>> GCA_000590535.1_EV_NIIEG_genomic.log
[19:56:36] Running: samtools view -h -q 30 GCA_000590535.1_EV_NIIEG_genomic.bam | samtools sort -l 0 -T /tmp --threads 0 -m 8000M > /tmp/snippy.29613.Q30.bam 2>> GCA_000590535.1_EV_NIIEG_genomic.log
[19:56:39] Running: samtools index /tmp/snippy.29613.Q30.bam 2>> GCA_000590535.1_EV_NIIEG_genomic.log
[19:56:39] Running: /home/ktmeaton/miniconda3/envs/plague-phylogeography/bin/snippy-vcf_report --cpus 2 --bam /tmp/snippy.29613.Q30.bam --ref reference/ref.fa --vcf GCA_000590535.1_EV_NIIEG_genomic.vcf > GCA_000590535.1_EV_NIIEG_genomic.report.txt 2>> GCA_000590535.1_EV_NIIEG_genomic.log
[19:58:35] Running: rm -f /tmp/snippy.29613.Q30.bam /tmp/snippy.29613.Q30.bam.bai 2>> GCA_000590535.1_EV_NIIEG_genomic.log
[19:58:35] Generating reference aligned/masked FASTA relative to reference: GCA_000590535.1_EV_NIIEG_genomic.aligned.fa
[19:58:42] Marked 463 heterozygous sites with 'n'
[19:58:42] Creating extra output files: BED GFF CSV TXT HTML
[19:58:42] Identified 1499 variants.
[19:58:42] Result folder: /mnt/c/Users/ktmea/Projects/plague-phylogeography/results/snippy_pairwise/assembly/GCA_000590535.1_EV_NIIEG_genomic
[19:58:42] Result files:
[19:58:42] * /mnt/c/Users/ktmea/Projects/plague-phylogeography/results/snippy_pairwise/assembly/GCA_000590535.1_EV_NIIEG_genomic/GCA_000590535.1_EV_NIIEG_genomic.aligned.fa
[19:58:42] * /mnt/c/Users/ktmea/Projects/plague-phylogeography/results/snippy_pairwise/assembly/GCA_000590535.1_EV_NIIEG_genomic/GCA_000590535.1_EV_NIIEG_genomic.bam
[19:58:42] * /mnt/c/Users/ktmea/Projects/plague-phylogeography/results/snippy_pairwise/assembly/GCA_000590535.1_EV_NIIEG_genomic/GCA_000590535.1_EV_NIIEG_genomic.bam.bai
[19:58:42] * /mnt/c/Users/ktmea/Projects/plague-phylogeography/results/snippy_pairwise/assembly/GCA_000590535.1_EV_NIIEG_genomic/GCA_000590535.1_EV_NIIEG_genomic.bed
[19:58:42] * /mnt/c/Users/ktmea/Projects/plague-phylogeography/results/snippy_pairwise/assembly/GCA_000590535.1_EV_NIIEG_genomic/GCA_000590535.1_EV_NIIEG_genomic.consensus.fa
[19:58:42] * /mnt/c/Users/ktmea/Projects/plague-phylogeography/results/snippy_pairwise/assembly/GCA_000590535.1_EV_NIIEG_genomic/GCA_000590535.1_EV_NIIEG_genomic.consensus.subs.fa
[19:58:42] * /mnt/c/Users/ktmea/Projects/plague-phylogeography/results/snippy_pairwise/assembly/GCA_000590535.1_EV_NIIEG_genomic/GCA_000590535.1_EV_NIIEG_genomic.csv
[19:58:42] * /mnt/c/Users/ktmea/Projects/plague-phylogeography/results/snippy_pairwise/assembly/GCA_000590535.1_EV_NIIEG_genomic/GCA_000590535.1_EV_NIIEG_genomic.filt.vcf
[19:58:42] * /mnt/c/Users/ktmea/Projects/plague-phylogeography/results/snippy_pairwise/assembly/GCA_000590535.1_EV_NIIEG_genomic/GCA_000590535.1_EV_NIIEG_genomic.gff
[19:58:42] * /mnt/c/Users/ktmea/Projects/plague-phylogeography/results/snippy_pairwise/assembly/GCA_000590535.1_EV_NIIEG_genomic/GCA_000590535.1_EV_NIIEG_genomic.html
[19:58:42] * /mnt/c/Users/ktmea/Projects/plague-phylogeography/results/snippy_pairwise/assembly/GCA_000590535.1_EV_NIIEG_genomic/GCA_000590535.1_EV_NIIEG_genomic.log
[19:58:42] * /mnt/c/Users/ktmea/Projects/plague-phylogeography/results/snippy_pairwise/assembly/GCA_000590535.1_EV_NIIEG_genomic/GCA_000590535.1_EV_NIIEG_genomic.raw.vcf
[19:58:42] * /mnt/c/Users/ktmea/Projects/plague-phylogeography/results/snippy_pairwise/assembly/GCA_000590535.1_EV_NIIEG_genomic/GCA_000590535.1_EV_NIIEG_genomic.report.txt
[19:58:42] * /mnt/c/Users/ktmea/Projects/plague-phylogeography/results/snippy_pairwise/assembly/GCA_000590535.1_EV_NIIEG_genomic/GCA_000590535.1_EV_NIIEG_genomic.subs.vcf
[19:58:42] * /mnt/c/Users/ktmea/Projects/plague-phylogeography/results/snippy_pairwise/assembly/GCA_000590535.1_EV_NIIEG_genomic/GCA_000590535.1_EV_NIIEG_genomic.tab
[19:58:42] * /mnt/c/Users/ktmea/Projects/plague-phylogeography/results/snippy_pairwise/assembly/GCA_000590535.1_EV_NIIEG_genomic/GCA_000590535.1_EV_NIIEG_genomic.txt
[19:58:42] * /mnt/c/Users/ktmea/Projects/plague-phylogeography/results/snippy_pairwise/assembly/GCA_000590535.1_EV_NIIEG_genomic/GCA_000590535.1_EV_NIIEG_genomic.vcf
[19:58:42] * /mnt/c/Users/ktmea/Projects/plague-phylogeography/results/snippy_pairwise/assembly/GCA_000590535.1_EV_NIIEG_genomic/GCA_000590535.1_EV_NIIEG_genomic.vcf.gz
[19:58:42] * /mnt/c/Users/ktmea/Projects/plague-phylogeography/results/snippy_pairwise/assembly/GCA_000590535.1_EV_NIIEG_genomic/GCA_000590535.1_EV_NIIEG_genomic.vcf.gz.csi
[19:58:42] Walltime used: 3 minutes, 37 seconds
[19:58:42] Wishing you a life free of homopolymer errors.
[19:58:42] Done.
