[17:48:24] This is snippy 4.6.0
[17:48:24] Written by Torsten Seemann
[17:48:24] Obtained from https://github.com/tseemann/snippy
[17:48:24] Detected operating system: linux
[17:48:24] Enabling bundled linux tools.
[17:48:24] Found bwa - /home/ktmeaton/miniconda3/envs/plague-phylogeography/bin/bwa
[17:48:24] Found bcftools - /home/ktmeaton/miniconda3/envs/plague-phylogeography/bin/bcftools
[17:48:24] Found samtools - /home/ktmeaton/miniconda3/envs/plague-phylogeography/bin/samtools
[17:48:24] Found java - /home/ktmeaton/miniconda3/envs/plague-phylogeography/bin/java
[17:48:24] Found snpEff - /home/ktmeaton/miniconda3/envs/plague-phylogeography/bin/snpEff
[17:48:24] Found samclip - /home/ktmeaton/miniconda3/envs/plague-phylogeography/bin/samclip
[17:48:24] Found seqtk - /home/ktmeaton/miniconda3/envs/plague-phylogeography/bin/seqtk
[17:48:24] Found parallel - /home/ktmeaton/miniconda3/envs/plague-phylogeography/bin/parallel
[17:48:24] Found freebayes - /home/ktmeaton/miniconda3/envs/plague-phylogeography/bin/freebayes
[17:48:24] Found freebayes-parallel - /home/ktmeaton/miniconda3/envs/plague-phylogeography/bin/freebayes-parallel
[17:48:24] Found fasta_generate_regions.py - /home/ktmeaton/miniconda3/envs/plague-phylogeography/bin/fasta_generate_regions.py
[17:48:24] Found vcfstreamsort - /home/ktmeaton/miniconda3/envs/plague-phylogeography/bin/vcfstreamsort
[17:48:24] Found vcfuniq - /home/ktmeaton/miniconda3/envs/plague-phylogeography/bin/vcfuniq
[17:48:24] Found vcffirstheader - /home/ktmeaton/miniconda3/envs/plague-phylogeography/bin/vcffirstheader
[17:48:24] Found gzip - /usr/bin/gzip
[17:48:24] Found vt - /home/ktmeaton/miniconda3/envs/plague-phylogeography/bin/vt
[17:48:24] Found snippy-vcf_to_tab - /home/ktmeaton/miniconda3/envs/plague-phylogeography/bin/snippy-vcf_to_tab
[17:48:24] Found snippy-vcf_report - /home/ktmeaton/miniconda3/envs/plague-phylogeography/bin/snippy-vcf_report
[17:48:24] Checking version: samtools --version is >= 1.7 - ok, have 1.10
[17:48:24] Checking version: bcftools --version is >= 1.7 - ok, have 1.10
[17:48:24] Checking version: freebayes --version is >= 1.1 - ok, have 1.3.2
[17:48:24] Checking version: snpEff -version is >= 4.3 - ok, have 5.0
[17:48:24] Checking version: bwa is >= 0.7.12 - ok, have 0.7.17
[17:48:24] Using reference: /mnt/c/Users/ktmea/Projects/plague-phylogeography/results/data/reference/GCA_000009065.1_ASM906v1_genomic/GCA_000009065.1_ASM906v1_genomic.gbff
[17:48:25] Treating reference as 'genbank' format.
[17:48:25] Will use 2 CPU cores.
[17:48:25] Using read file: /mnt/c/Users/ktmea/Projects/plague-phylogeography/results/data/assembly/GCA_002412255.1_Y.pestis_A-1836_genomic/GCA_002412255.1_Y.pestis_A-1836_genomic.fna
[17:48:25] Used --force, will overwrite existing /mnt/c/Users/ktmea/Projects/plague-phylogeography/results/snippy_pairwise/assembly/GCA_002412255.1_Y.pestis_A-1836_genomic
[17:48:25] Changing working directory: /mnt/c/Users/ktmea/Projects/plague-phylogeography/results/snippy_pairwise/assembly/GCA_002412255.1_Y.pestis_A-1836_genomic
[17:48:25] Creating reference folder: reference
[17:48:25] Extracting FASTA and GFF from reference.
[17:48:32] Wrote 4 sequences to ref.fa
[17:48:32] Wrote 4916 features to ref.gff
[17:48:32] Shredding /mnt/c/Users/ktmea/Projects/plague-phylogeography/results/data/assembly/GCA_002412255.1_Y.pestis_A-1836_genomic/GCA_002412255.1_Y.pestis_A-1836_genomic.fna into pseudo-reads
[17:48:44] Wrote 381304 fake 250bp reads (20x, stride 25bp) to fake_reads.fq
[17:48:44] Creating reference/snpeff.config
[17:48:44] Freebayes will process 3 chunks of 1636846 bp, 2 chunks at a time.
[17:48:44] Using BAM RG (Read Group) ID: GCA_002412255.1_Y.pestis_A-1836_genomic
[17:48:44] Running: samtools faidx reference/ref.fa 2>> GCA_002412255.1_Y.pestis_A-1836_genomic.log
[17:48:44] Running: bwa index reference/ref.fa 2>> GCA_002412255.1_Y.pestis_A-1836_genomic.log
[17:48:48] Running: mkdir -p reference/genomes && cp -f reference/ref.fa reference/genomes/ref.fa 2>> GCA_002412255.1_Y.pestis_A-1836_genomic.log
[17:48:48] Running: ln -sf reference/ref.fa . 2>> GCA_002412255.1_Y.pestis_A-1836_genomic.log
[17:48:48] Running: ln -sf reference/ref.fa.fai . 2>> GCA_002412255.1_Y.pestis_A-1836_genomic.log
[17:48:48] Running: mkdir -p reference/ref && gzip -c reference/ref.gff > reference/ref/genes.gff.gz 2>> GCA_002412255.1_Y.pestis_A-1836_genomic.log
[17:48:48] Running: snpEff build -c reference/snpeff.config -dataDir . -gff3 ref 2>> GCA_002412255.1_Y.pestis_A-1836_genomic.log
[17:48:55] Running: bwa mem  -Y -M -R '@RG\tID:GCA_002412255.1_Y.pestis_A-1836_genomic\tSM:GCA_002412255.1_Y.pestis_A-1836_genomic' -t 2 reference/ref.fa fake_reads.fq | samclip --max 10 --ref reference/ref.fa.fai | samtools sort -n -l 0 -T /tmp --threads 0 -m 8000M | samtools fixmate -m --threads 0 - - | samtools sort -l 0 -T /tmp --threads 0 -m 8000M | samtools markdup -T /tmp --threads 0 -r -s - - > GCA_002412255.1_Y.pestis_A-1836_genomic.bam 2>> GCA_002412255.1_Y.pestis_A-1836_genomic.log
[M::bwa_idx_load_from_disk] read 0 ALT contigs
[samclip] samclip 0.4.0 by Torsten Seemann (@torstenseemann)
[samclip] Loading: reference/ref.fa.fai
[samclip] Found 4 sequences in reference/ref.fa.fai
[M::process] read 80000 sequences (20000000 bp)...
[M::process] read 80000 sequences (20000000 bp)...
[M::mem_process_seqs] Processed 80000 reads in 11.108 CPU sec, 5.444 real sec
[M::process] read 80000 sequences (20000000 bp)...
[M::mem_process_seqs] Processed 80000 reads in 11.533 CPU sec, 5.559 real sec
[samclip] Processed 100000 records...
[M::process] read 80000 sequences (20000000 bp)...
[M::mem_process_seqs] Processed 80000 reads in 11.341 CPU sec, 5.477 real sec
[samclip] Processed 200000 records...
[M::process] read 61304 sequences (15314124 bp)...
[M::mem_process_seqs] Processed 80000 reads in 11.313 CPU sec, 5.493 real sec
[samclip] Processed 300000 records...
[M::mem_process_seqs] Processed 61304 reads in 10.787 CPU sec, 5.213 real sec
[main] Version: 0.7.17-r1188
[main] CMD:[samclip] Total SAM records 382219, removed 2991, allowed 2339, passed 379228
[samclip] Header contained 6 lines
 bwa mem[samclip] Done.
 -Y -M -R @RG\tID:GCA_002412255.1_Y.pestis_A-1836_genomic\tSM:GCA_002412255.1_Y.pestis_A-1836_genomic -t 2 reference/ref.fa fake_reads.fq
[main] Real time: 28.647 sec; CPU: 56.611 sec
[17:49:30] Running: samtools index GCA_002412255.1_Y.pestis_A-1836_genomic.bam 2>> GCA_002412255.1_Y.pestis_A-1836_genomic.log
[17:49:32] Running: fasta_generate_regions.py reference/ref.fa.fai 1636846 > reference/ref.txt 2>> GCA_002412255.1_Y.pestis_A-1836_genomic.log
[17:49:32] Running: freebayes-parallel reference/ref.txt 2 -p 2 -P 0 -C 2 -F 0.05 --min-coverage 10 --min-repeat-entropy 1.0 -q 20 -m 30 --strict-vcf   -f reference/ref.fa GCA_002412255.1_Y.pestis_A-1836_genomic.bam > GCA_002412255.1_Y.pestis_A-1836_genomic.raw.vcf 2>> GCA_002412255.1_Y.pestis_A-1836_genomic.log
[17:50:06] Running: bcftools view --include 'FMT/GT="1/1" && QUAL>=100 && FMT/DP>=10 && (FMT/AO)/(FMT/DP)>=0.9' GCA_002412255.1_Y.pestis_A-1836_genomic.raw.vcf  | vt normalize -r reference/ref.fa - | bcftools annotate --remove '^INFO/TYPE,^INFO/DP,^INFO/RO,^INFO/AO,^INFO/AB,^FORMAT/GT,^FORMAT/DP,^FORMAT/RO,^FORMAT/AO,^FORMAT/QR,^FORMAT/QA,^FORMAT/GL' > GCA_002412255.1_Y.pestis_A-1836_genomic.filt.vcf 2>> GCA_002412255.1_Y.pestis_A-1836_genomic.log
normalize v0.5

options:     input VCF file                                  -
         [o] output VCF file                                 -
         [w] sorting window size                             10000
         [m] no fail on masked reference inconsistency       false
         [n] no fail on reference inconsistency              false
         [q] quiet                                           false
         [d] debug                                           false
         [r] reference FASTA file                            reference/ref.fa


stats: biallelic
          no. left trimmed                      : 87
          no. right trimmed                     : 11570
          no. left and right trimmed            : 131
          no. right trimmed and left aligned    : 0
          no. left aligned                      : 0

       total no. biallelic normalized           : 11788

       multiallelic
          no. left trimmed                      : 0
          no. right trimmed                     : 0
          no. left and right trimmed            : 0
          no. right trimmed and left aligned    : 0
          no. left aligned                      : 0

       total no. multiallelic normalized        : 0

       total no. variants normalized            : 11788
       total no. variants observed              : 11964
       total no. reference observed             : 0

Time elapsed: 1.74s

[17:50:13] Running: snpEff ann -noLog -noStats -no-downstream -no-upstream -no-utr -c reference/snpeff.config -dataDir . ref GCA_002412255.1_Y.pestis_A-1836_genomic.filt.vcf > GCA_002412255.1_Y.pestis_A-1836_genomic.vcf 2>> GCA_002412255.1_Y.pestis_A-1836_genomic.log
[17:50:26] Running: /home/ktmeaton/miniconda3/envs/plague-phylogeography/bin/snippy-vcf_to_tab --gff reference/ref.gff --ref reference/ref.fa --vcf GCA_002412255.1_Y.pestis_A-1836_genomic.vcf > GCA_002412255.1_Y.pestis_A-1836_genomic.tab 2>> GCA_002412255.1_Y.pestis_A-1836_genomic.log
[17:50:33] Running: /home/ktmeaton/miniconda3/envs/plague-phylogeography/bin/snippy-vcf_extract_subs GCA_002412255.1_Y.pestis_A-1836_genomic.filt.vcf > GCA_002412255.1_Y.pestis_A-1836_genomic.subs.vcf 2>> GCA_002412255.1_Y.pestis_A-1836_genomic.log
[17:50:33] Running: bcftools convert -Oz -o GCA_002412255.1_Y.pestis_A-1836_genomic.vcf.gz GCA_002412255.1_Y.pestis_A-1836_genomic.vcf 2>> GCA_002412255.1_Y.pestis_A-1836_genomic.log
[17:50:37] Running: bcftools index -f GCA_002412255.1_Y.pestis_A-1836_genomic.vcf.gz 2>> GCA_002412255.1_Y.pestis_A-1836_genomic.log
[17:50:37] Running: bcftools consensus --sample GCA_002412255.1_Y.pestis_A-1836_genomic -f reference/ref.fa -o GCA_002412255.1_Y.pestis_A-1836_genomic.consensus.fa GCA_002412255.1_Y.pestis_A-1836_genomic.vcf.gz 2>> GCA_002412255.1_Y.pestis_A-1836_genomic.log
[17:50:40] Running: bcftools convert -Oz -o GCA_002412255.1_Y.pestis_A-1836_genomic.subs.vcf.gz GCA_002412255.1_Y.pestis_A-1836_genomic.subs.vcf 2>> GCA_002412255.1_Y.pestis_A-1836_genomic.log
[17:50:40] Running: bcftools index -f GCA_002412255.1_Y.pestis_A-1836_genomic.subs.vcf.gz 2>> GCA_002412255.1_Y.pestis_A-1836_genomic.log
[17:50:40] Running: bcftools consensus --sample GCA_002412255.1_Y.pestis_A-1836_genomic -f reference/ref.fa -o GCA_002412255.1_Y.pestis_A-1836_genomic.consensus.subs.fa GCA_002412255.1_Y.pestis_A-1836_genomic.subs.vcf.gz 2>> GCA_002412255.1_Y.pestis_A-1836_genomic.log
[17:50:42] Running: rm -f GCA_002412255.1_Y.pestis_A-1836_genomic.subs.vcf.gz GCA_002412255.1_Y.pestis_A-1836_genomic.subs.vcf.gz.csi GCA_002412255.1_Y.pestis_A-1836_genomic.subs.vcf.gz.tbi 2>> GCA_002412255.1_Y.pestis_A-1836_genomic.log
[17:50:42] Running: rm -f fake_reads\.fq 2>> GCA_002412255.1_Y.pestis_A-1836_genomic.log
[17:50:42] Running: samtools view -h -q 30 GCA_002412255.1_Y.pestis_A-1836_genomic.bam | samtools sort -l 0 -T /tmp --threads 0 -m 8000M > /tmp/snippy.30889.Q30.bam 2>> GCA_002412255.1_Y.pestis_A-1836_genomic.log
[17:50:46] Running: samtools index /tmp/snippy.30889.Q30.bam 2>> GCA_002412255.1_Y.pestis_A-1836_genomic.log
[17:50:47] Running: /home/ktmeaton/miniconda3/envs/plague-phylogeography/bin/snippy-vcf_report --cpus 2 --bam /tmp/snippy.30889.Q30.bam --ref reference/ref.fa --vcf GCA_002412255.1_Y.pestis_A-1836_genomic.vcf > GCA_002412255.1_Y.pestis_A-1836_genomic.report.txt 2>> GCA_002412255.1_Y.pestis_A-1836_genomic.log
[17:57:51] Error running command, check /mnt/c/Users/ktmea/Projects/plague-phylogeography/results/snippy_pairwise/assembly/GCA_002412255.1_Y.pestis_A-1836_genomic/GCA_002412255.1_Y.pestis_A-1836_genomic.log
