Removing outgroups of tree(s) ...

TREE 1
*PROCESSING:
Reading the tree ... 
Collapse 0 (over 192) internal branches having branch length <= -1
 (settable via option -l)
Parameter to adjust variances was set to 2.37031e-06 (settable via option -b)
Minimum branch length of time scaled tree (settable via option -u and -U): 0
Estimating the root position on the branch defined by given outgroups ...
Re-estimating using variances based on the branch lengths of the first run ...
Computing confidence intervals using sequence length 4218849 and a lognormal
 relaxed clock with mean 1, standard deviation 0.2 (settable via option -q)
*RESULTS:
- Dating results:
 rate 8.57131e-09, tMRCA -5745.45 , objective function 0.000365021
- Results of the second run with variances based on results of the first run:
 rate 1.35666e-08, tMRCA -5128.08, objective function 0.00120774
- Results with confidence intervals:
 rate 1.35666e-08 [1.27014e-08; 1.48121e-08], tMRCA -5128.08 [-5228.77; -5000.56], objective function 0.00120774

TOTAL ELAPSED TIME: 0.527435 seconds
