IQ-TREE multicore version 2.1.2 COVID-edition for Linux 64-bit built Mar 30 2021
Developed by Bui Quang Minh, James Barbetti, Nguyen Lam Tung,
Olga Chernomor, Heiko Schmidt, Dominik Schrempf, Michael Woodhams.

Host:    info2020 (AVX512, FMA3, 376 GB RAM)
Command: iqtree -s /2/scratch/keaton/plague-phylogeography/results/snippy_multi/all/chromosome/prune/filter5/snippy-multi.snps.aln -m K3Pu+F+I --threads-max 10 -nt 10 -o GCA_900637475.1_51108_B01_genomic,GCA_000834295.1_ASM83429v1_genomic -seed 47321424 --runs 10 -fconst 1108245,997240,1008295,1105069 --ufboot 1000 -redo -pre /2/scratch/keaton/plague-phylogeography/results/iqtree/all/chromosome/prune/filter5/iqtree
Seed:    47321424 (Using SPRNG - Scalable Parallel Random Number Generator)
Time:    Sun Apr 18 17:24:00 2021
Kernel:  AVX+FMA - 10 threads (64 CPU cores detected)

Reading alignment file /2/scratch/keaton/plague-phylogeography/results/snippy_multi/all/chromosome/prune/filter5/snippy-multi.snps.aln ... Fasta format detected
Alignment most likely contains DNA/RNA sequences
Alignment has 196 sequences with 19979 columns, 14837 distinct patterns
11630 parsimony-informative, 8349 singleton sites, 0 constant sites
                                                  Gap/Ambiguity  Composition  p-value
   1  GCA_000168235.2_ASM16823v2_genomic                  0.27%    passed     99.68%
   2  GCA_000169615.1_ASM16961v1_genomic                  1.42%    passed     97.72%
   3  GCA_000169635.1_ASM16963v1_genomic                  0.06%    passed     99.67%
   4  GCA_000169675.1_ASM16967v1_genomic                  0.13%    passed     98.41%
   5  GCA_000181455.2_ASM18145v2_genomic                  0.13%    passed     99.60%
   6  GCA_000182485.1_ASM18248v1_genomic                  0.12%    passed     99.98%
   7  GCA_000182505.1_ASM18250v1_genomic                  0.06%    passed     99.05%
   8  GCA_000182525.1_ASM18252v1_genomic                  0.12%    passed     97.91%
   9  GCA_000182705.1_ASM18270v1_genomic                  0.00%    passed     99.60%
  10  GCA_000255755.1_ASM25575v1_genomic                  0.09%    passed     99.77%
  11  GCA_000255895.1_ASM25589v1_genomic                  0.08%    passed     99.50%
  12  GCA_000268625.1_ASM26862v1_genomic                  1.25%    passed     99.31%
  13  GCA_000268865.1_ASM26886v1_genomic                  0.92%    passed     99.79%
  14  GCA_000320445.1_ASM32044v1_genomic                  0.40%    passed     99.51%
  15  GCA_000323445.1_ASM32344v1_genomic                  0.80%    passed     98.18%
  16  GCA_000323505.1_ASM32350v1_genomic                  0.31%    passed     99.64%
  17  GCA_000323585.1_ASM32358v1_genomic                  0.89%    passed     99.73%
  18  GCA_000323625.1_ASM32362v1_genomic                  2.44%    passed     96.02%
  19  GCA_000323705.1_ASM32370v1_genomic                  0.10%    passed     99.18%
  20  GCA_000323765.1_ASM32376v1_genomic                  1.09%    passed     99.57%
  21  GCA_000323805.1_ASM32380v1_genomic                  0.79%    passed     99.04%
  22  GCA_000323845.1_ASM32384v1_genomic                  2.20%    passed     60.70%
  23  GCA_000323905.1_ASM32390v1_genomic                  0.77%    passed     99.84%
  24  GCA_000323925.1_ASM32392v1_genomic                  0.24%    passed     99.99%
  25  GCA_000323965.1_ASM32396v1_genomic                  0.53%    passed     99.02%
  26  GCA_000323985.1_ASM32398v1_genomic                  3.36%    passed     98.74%
  27  GCA_000324005.1_ASM32400v1_genomic                  0.39%    passed     99.98%
  28  GCA_000324065.1_ASM32406v1_genomic                  2.10%    passed     95.69%
  29  GCA_000324245.1_ASM32424v1_genomic                  0.46%    passed     99.98%
  30  GCA_000324385.1_ASM32438v1_genomic                  7.16%    passed     96.76%
  31  GCA_000324485.1_ASM32448v1_genomic                  1.36%    passed     99.67%
  32  GCA_000324505.1_ASM32450v1_genomic                  0.80%    passed     99.98%
  33  GCA_000324525.1_ASM32452v1_genomic                  1.36%    passed     96.42%
  34  GCA_000324665.1_ASM32466v1_genomic                  0.34%    passed     99.16%
  35  GCA_000324705.1_ASM32470v1_genomic                  2.96%    passed     99.12%
  36  GCA_000324725.1_ASM32472v1_genomic                  0.72%    passed     99.79%
  37  GCA_000324805.2_EV76-CN_genomic                     0.24%    passed     99.10%
  38  GCA_000324905.1_ASM32490v1_genomic                  0.11%    passed    100.00%
  39  GCA_000324945.1_ASM32494v1_genomic                  1.76%    passed     99.89%
  40  GCA_000324985.1_ASM32498v1_genomic                  0.80%    passed     99.86%
  41  GCA_000325005.1_ASM32500v1_genomic                  0.85%    passed     99.75%
  42  GCA_000325045.1_ASM32504v1_genomic                  1.41%    passed     98.93%
  43  GCA_000325065.1_ASM32506v1_genomic                  0.63%    passed     99.58%
  44  GCA_000325105.1_ASM32510v1_genomic                  0.42%    passed     99.71%
  45  GCA_000325165.1_ASM32516v1_genomic                  0.70%    passed     97.84%
  46  GCA_000325185.1_ASM32518v1_genomic                  0.62%    passed     98.79%
  47  GCA_000325205.1_ASM32520v1_genomic                  0.45%    passed     99.46%
  48  GCA_000325225.1_ASM32522v1_genomic                  0.45%    passed     99.05%
  49  GCA_000325285.1_ASM32528v1_genomic                  1.50%    passed     98.96%
  50  GCA_000325305.1_ASM32530v1_genomic                  0.76%    passed     99.94%
  51  GCA_000325325.1_ASM32532v1_genomic                  0.52%    passed     99.79%
  52  GCA_000325385.1_ASM32538v1_genomic                  3.52%    passed     99.38%
  53  GCA_000325405.1_ASM32540v1_genomic                  3.57%    passed     99.91%
  54  GCA_000325445.1_ASM32544v1_genomic                  1.63%    passed     97.49%
  55  GCA_000325485.1_ASM32548v1_genomic                  1.97%    passed     98.14%
  56  GCA_000382545.1_Yersinia_pestis_assembly_genomic    0.13%    passed     93.06%
  57  GCA_000475115.2_YP113_v2_genomic                    0.02%    passed     99.59%
  58  GCA_000475135.2_YPS03_v2_genomic                    0.01%    passed     99.38%
  59  GCA_000475155.2_YP24H_v2_genomic                    0.01%    passed     99.40%
  60  GCA_000590535.2_ASM59053v2_genomic                  0.12%    passed     99.45%
  61  GCA_000705315.1_EDB10_058v1_genomic                 1.24%    passed     99.14%
  62  GCA_000734805.1_ASM73480v1_genomic                  0.13%    passed     99.48%
  63  GCA_000834275.1_ASM83427v1_genomic                  0.11%    passed     85.72%
  64  GCA_000834295.1_ASM83429v1_genomic                  0.63%    failed      0.00%
  65  GCA_000834335.1_ASM83433v1_genomic                  0.02%    passed     99.15%
  66  GCA_000834775.1_ASM83477v1_genomic                  0.01%    passed     99.40%
  67  GCA_000834885.1_ASM83488v1_genomic                  0.25%    passed     90.15%
  68  GCA_000835005.1_ASM83500v1_genomic                  6.00%    passed     92.87%
  69  GCA_000970105.1_ASM97010v1_genomic                  0.02%    passed     99.31%
  70  GCA_000986995.1_YPES001-SEQ-2-ASM-1_genomic         2.12%    passed     93.93%
  71  GCA_001188675.1_ASM118867v1_genomic                 0.04%    passed     99.33%
  72  GCA_001188815.1_ASM118881v1_genomic                 0.02%    passed     99.07%
  73  GCA_001188935.1_ASM118893v1_genomic                 0.11%    passed     95.81%
  74  GCA_001261985.1_YPW_3_IHQD_genomic                  0.07%    passed     99.42%
  75  GCA_001294805.1_ASM129480v1_genomic                 0.10%    passed     98.48%
  76  GCA_001294885.1_ASM129488v1_genomic                 0.06%    passed     99.33%
  77  GCA_001294905.1_ASM129490v1_genomic                 0.03%    passed     96.44%
  78  GCA_001294915.1_ASM129491v1_genomic                 0.12%    passed     95.64%
  79  GCA_001294975.1_ASM129497v1_genomic                 0.12%    passed     98.85%
  80  GCA_001295025.1_ASM129502v1_genomic                 0.24%    passed     96.82%
  81  GCA_001295115.1_ASM129511v1_genomic                 0.03%    passed     98.60%
  82  GCA_001487065.1_Yersinia_pestis_genomic             0.09%    passed     95.17%
  83  GCA_001509855.1_ASM150985v1_genomic                 0.00%    passed     99.09%
  84  GCA_001509865.1_ASM150986v1_genomic                 0.02%    passed     99.24%
  85  GCA_001601285.1_ASM160128v1_genomic                 0.04%    passed     99.95%
  86  GCA_001617705.1_Yersinia_pestis_C-791_genomic       0.06%    passed     99.03%
  87  GCA_001617785.1_Yersinia_pestis_M-549_genomic       0.07%    passed     99.05%
  88  GCA_001617805.1_Yersinia_pestis_173_genomic         0.43%    passed     99.64%
  89  GCA_001617815.1_Yersinia_pestis_M-1453_genomic      0.51%    passed     98.55%
  90  GCA_002005285.1_ASM200528v1_genomic                 0.10%    passed     99.97%
  91  GCA_002412225.1_Y.pestis_A-1486_genomic             0.36%    passed     99.49%
  92  GCA_002412245.1_Y.pestis_A-1691_genomic             0.60%    passed     98.21%
  93  GCA_002412305.1_Y.pestis_A-1809_genomic             0.43%    passed     99.42%
  94  GCA_002981915.1_ASM298191v1_genomic                 0.26%    passed     96.84%
  95  GCA_003074255.1_ASM307425v1_genomic                 0.06%    passed     99.84%
  96  GCA_003074275.1_ASM307427v1_genomic                 2.58%    passed     91.48%
  97  GCA_003074295.1_ASM307429v1_genomic                 0.53%    passed     99.02%
  98  GCA_003074335.1_ASM307433v1_genomic                 0.02%    passed     99.34%
  99  GCA_003074355.1_ASM307435v1_genomic                 0.11%    passed     99.52%
 100  GCA_003074375.1_ASM307437v1_genomic                 0.12%    passed     99.42%
 101  GCA_003074415.1_ASM307441v1_genomic                 0.14%    passed     97.85%
 102  GCA_003074535.1_ASM307453v1_genomic                 0.05%    passed     99.18%
 103  GCA_003085875.1_ASM308587v1_genomic                 0.05%    passed     95.54%
 104  GCA_003085895.1_ASM308589v1_genomic                 0.28%    passed     99.71%
 105  GCA_003085975.1_ASM308597v1_genomic                 0.12%    passed     99.08%
 106  GCA_003086015.1_ASM308601v1_genomic                 0.43%    passed     99.65%
 107  GCA_003086035.1_ASM308603v1_genomic                 0.10%    passed     98.94%
 108  GCA_003086055.1_ASM308605v1_genomic                 0.08%    passed     97.83%
 109  GCA_003086075.1_ASM308607v1_genomic                 1.22%    passed     99.57%
 110  GCA_003086095.1_ASM308609v1_genomic                 0.37%    passed     99.70%
 111  GCA_003086115.1_ASM308611v1_genomic                 0.48%    passed     95.38%
 112  GCA_003086155.1_ASM308615v1_genomic                 0.19%    passed     99.38%
 113  GCA_003797205.1_ASM379720v1_genomic                 0.13%    passed     98.91%
 114  GCA_003798085.1_ASM379808v1_genomic                 0.06%    passed     99.05%
 115  GCA_003798225.1_ASM379822v1_genomic                 0.37%    passed     98.45%
 116  GCA_004023595.1_ASM402359v1_genomic                 0.19%    passed     99.56%
 117  GCA_006376415.1_ASM637641v1_genomic                 0.12%    passed     99.49%
 118  GCA_006376435.1_ASM637643v1_genomic                 0.07%    passed     99.58%
 119  GCA_006376505.1_ASM637650v1_genomic                 0.10%    passed     95.88%
 120  GCA_006376575.1_ASM637657v1_genomic                 1.91%    passed     92.82%
 121  GCA_006376585.1_ASM637658v1_genomic                 1.13%    passed     99.69%
 122  GCA_006517425.1_ASM651742v1_genomic                 0.26%    passed     95.91%
 123  GCA_006546665.1_ASM654666v1_genomic                 0.24%    passed     97.69%
 124  GCA_006546725.1_ASM654672v1_genomic                 0.25%    passed     97.53%
 125  GCA_008630435.1_ASM863043v1_genomic                 0.74%    passed     98.96%
 126  GCA_008630455.1_ASM863045v1_genomic                 1.10%    passed     99.76%
 127  GCA_008630575.1_ASM863057v1_genomic                 0.13%    passed     99.22%
 128  GCA_009295945.1_ASM929594v1_genomic                 0.02%    passed     99.21%
 129  GCA_009296005.1_ASM929600v1_genomic                 0.01%    passed     99.57%
 130  GCA_009669545.1_ASM966954v1_genomic                 0.10%    passed     95.64%
 131  GCA_009669805.1_ASM966980v1_genomic                 0.08%    passed     96.12%
 132  GCA_009909635.1_ASM990963v1_genomic                 0.16%    passed     98.50%
 133  GCA_009909645.1_ASM990964v1_genomic                 0.00%    passed     98.81%
 134  GCA_010974845.1_ASM1097484v1_genomic                0.08%    passed     99.17%
 135  GCA_013391945.1_ASM1339194v1_genomic                0.09%    passed     99.93%
 136  GCA_013391965.1_ASM1339196v1_genomic                0.04%    passed     99.79%
 137  GCA_013392085.1_ASM1339208v1_genomic                0.05%    passed     99.97%
 138  GCA_013421455.1_ASM1342145v1_genomic                0.12%    passed     98.83%
 139  GCA_013421465.1_ASM1342146v1_genomic                0.08%    passed     99.51%
 140  GCA_013421535.1_ASM1342153v1_genomic                1.44%    passed     98.45%
 141  GCA_013421555.1_ASM1342155v1_genomic                0.05%    passed     98.91%
 142  GCA_014734395.1_ASM1473439v1_genomic                0.02%    passed     99.97%
 143  GCA_015158475.1_ASM1515847v1_genomic                0.58%    passed     98.85%
 144  GCA_015158625.1_ASM1515862v1_genomic                0.58%    passed     98.85%
 145  GCA_015158675.1_ASM1515867v1_genomic                0.06%    passed     99.96%
 146  GCA_015159615.1_ASM1515961v1_genomic                0.02%    passed     99.44%
 147  GCA_015274745.1_ASM1527474v1_genomic                0.09%    passed     99.29%
 148  GCA_015350455.1_ASM1535045v1_genomic                0.38%    passed     96.68%
 149  GCA_016102545.1_ASM1610254v1_genomic                0.21%    passed     99.47%
 150  GCA_016102555.1_ASM1610255v1_genomic                2.62%    passed     77.90%
 151  GCA_016102645.1_ASM1610264v1_genomic                0.19%    passed     97.78%
 152  GCA_016102665.1_ASM1610266v1_genomic                0.67%    passed     72.07%
 153  GCA_016102675.1_ASM1610267v1_genomic                0.01%    passed     98.55%
 154  GCA_016102765.1_ASM1610276v1_genomic                0.02%    passed     99.20%
 155  GCA_016102855.1_ASM1610285v1_genomic                0.07%    passed     99.09%
 156  GCA_016102905.1_ASM1610290v1_genomic                0.04%    passed     98.64%
 157  GCA_016102945.1_ASM1610294v1_genomic                0.01%    passed     99.21%
 158  GCA_900637475.1_51108_B01_genomic                   1.02%    failed      0.00%
 159  Reference                                           0.00%    passed     99.14%
 160  SAMEA104233046                                     12.49%    passed     89.23%
 161  SAMEA104233047                                     20.93%    passed     85.25%
 162  SAMEA104233048                                     20.67%    passed     88.08%
 163  SAMEA104233049                                      1.52%    passed     93.13%
 164  SAMEA104488961                                      0.13%    passed     89.72%
 165  SAMEA1061800                                        2.11%    passed     99.66%
 166  SAMEA3541826                                        8.32%    passed     43.30%
 167  SAMEA3541827                                        4.98%    failed      0.01%
 168  SAMEA3713714                                        1.61%    passed     96.89%
 169  SAMEA3937653                                        7.44%    passed     99.02%
 170  SAMEA3937654                                        2.50%    passed     98.38%
 171  SAMEA4354665                                        0.73%    passed     99.11%
 172  SAMEA5054090                                        3.49%    failed      0.17%
 173  SAMEA5054092                                        3.60%    passed     14.57%
 174  SAMEA5054093                                       22.75%    failed      1.76%
 175  SAMEA5661365                                        8.78%    passed     96.96%
 176  SAMEA5661372                                        5.71%    passed     78.50%
 177  SAMEA5661384                                        6.95%    passed     60.85%
 178  SAMEA5661389                                        5.74%    passed     96.17%
 179  SAMEA5818801                                        0.95%    passed     99.77%
 180  SAMEA5818803                                        0.21%    passed     99.95%
 181  SAMEA5818805                                        0.95%    passed     99.92%
 182  SAMEA5818806                                        0.15%    passed     98.11%
 183  SAMEA5818808                                       13.24%    passed     35.28%
 184  SAMEA5818811                                       10.41%    passed     31.12%
 185  SAMEA5818815                                        0.22%    passed     99.85%
 186  SAMEA5818829                                        0.35%    passed     99.70%
 187  SAMEA6637002                                        0.02%    passed     99.68%
 188  SAMEA6651390                                        0.14%    passed     99.54%
 189  SAMEA6812876                                        9.58%    passed     69.48%
 190  SAMEA6812877                                        1.53%    passed     65.92%
 191  SAMEA7293135                                        1.40%    passed     96.99%
 192  SAMEA7293136                                       10.19%    passed      8.45%
 193  SAMEA7313236_38                                     2.79%    failed      3.64%
 194  SAMEA7313243_45                                    15.85%    passed     54.23%
 195  SAMEA7313246_49                                     0.03%    passed     99.74%
 196  SAMN00715800                                        1.73%    passed     93.73%
****  TOTAL                                               1.56%  6 sequences failed composition chi2 test (p-value<5%; df=3)
INFO: 4218849 const sites added into alignment
NOTE: minimal branch length is reduced to 0.000000023591 for long alignment
NOTE: GCA_015158625.1_ASM1515862v1_genomic is identical to GCA_015158475.1_ASM1515847v1_genomic but kept for subsequent analysis

---> START RUN NUMBER 1 (seed: 47321424)

Create initial parsimony tree by phylogenetic likelihood library (PLL)... 0.250 seconds
Generating 1000 samples for ultrafast bootstrap (seed: 47321424)...

NOTE: 151 MB RAM (0 GB) is required!
Estimate model parameters (epsilon = 0.100)
1. Initial log-likelihood: -6071481.866
2. Current log-likelihood: -6063890.976
3. Current log-likelihood: -6063884.548
4. Current log-likelihood: -6063881.173
5. Current log-likelihood: -6063878.043
6. Current log-likelihood: -6063873.610
7. Current log-likelihood: -6063867.126
8. Current log-likelihood: -6063862.899
9. Current log-likelihood: -6063858.484
10. Current log-likelihood: -6063857.929
11. Current log-likelihood: -6063857.303
12. Current log-likelihood: -6063856.719
13. Current log-likelihood: -6063856.309
14. Current log-likelihood: -6063856.018
15. Current log-likelihood: -6063855.518
16. Current log-likelihood: -6063855.200
17. Current log-likelihood: -6063854.910
18. Current log-likelihood: -6063854.655
19. Current log-likelihood: -6063854.423
20. Current log-likelihood: -6063854.217
21. Current log-likelihood: -6063854.028
22. Current log-likelihood: -6063853.859
23. Current log-likelihood: -6063853.705
24. Current log-likelihood: -6063853.566
25. Current log-likelihood: -6063853.440
26. Current log-likelihood: -6063853.326
27. Current log-likelihood: -6063853.221
Optimal log-likelihood: -6063853.127
Rate parameters:  A-C: 1.00000  A-G: 3.82473  A-T: 0.39148  C-G: 0.39148  C-T: 3.82473  G-T: 1.00000
Base frequencies:  A: 0.263  C: 0.237  G: 0.239  T: 0.262
Proportion of invariable sites: 0.915
Parameters optimization took 27 rounds (3.452 sec)
Computing ML distances based on estimated model parameters...
Computing ML distances took 0.179684 sec (of wall-clock time) 1.479523 sec(of CPU time)
Computing RapidNJ tree took 0.111423 sec (of wall-clock time) 0.464861 sec (of CPU time)
Log-likelihood of RapidNJ tree: -6064591.274
--------------------------------------------------------------------
|             INITIALIZING CANDIDATE TREE SET                      |
--------------------------------------------------------------------
Generating 98 parsimony trees... 36.615 second
Computing log-likelihood of 98 initial trees ... 3.521 seconds
Current best score: -6063851.673

Do NNI search on 20 best initial trees
Estimate model parameters (epsilon = 0.100)
BETTER TREE FOUND at iteration 1: -6063851.156
Estimate model parameters (epsilon = 0.100)
BETTER TREE FOUND at iteration 2: -6063850.994
Estimate model parameters (epsilon = 0.100)
BETTER TREE FOUND at iteration 3: -6063850.813
Iteration 10 / LogL: -6063851.085 / Time: 0h:1m:45s
Iteration 20 / LogL: -6063851.096 / Time: 0h:1m:54s
Finish initializing candidate tree set (20)
Current best tree score: -6063850.813 / CPU time: 59.581
Number of iterations: 20
--------------------------------------------------------------------
|               OPTIMIZING CANDIDATE TREE SET                      |
--------------------------------------------------------------------
Iteration 30 / LogL: -6063856.896 / Time: 0h:2m:3s (0h:3m:3s left)
Iteration 40 / LogL: -6063854.239 / Time: 0h:2m:11s (0h:2m:11s left)
Iteration 50 / LogL: -6063863.049 / Time: 0h:2m:19s (0h:1m:36s left)
Log-likelihood cutoff on original alignment: -6063948.461
Iteration 60 / LogL: -6063886.325 / Time: 0h:2m:27s (0h:1m:10s left)
Iteration 70 / LogL: -6063887.492 / Time: 0h:2m:36s (0h:0m:50s left)
Iteration 80 / LogL: -6063853.854 / Time: 0h:2m:43s (0h:0m:33s left)
Iteration 90 / LogL: -6063851.951 / Time: 0h:2m:51s (0h:0m:17s left)
Iteration 100 / LogL: -6063854.211 / Time: 0h:2m:59s (0h:0m:3s left)
Log-likelihood cutoff on original alignment: -6063940.327
NOTE: Bootstrap correlation coefficient of split occurrence frequencies: 0.996
TREE SEARCH COMPLETED AFTER 104 ITERATIONS / Time: 0h:3m:3s

--------------------------------------------------------------------
|                    FINALIZING TREE SEARCH                        |
--------------------------------------------------------------------
Performs final model parameters optimization
Estimate model parameters (epsilon = 0.010)
1. Initial log-likelihood: -6063850.813
2. Current log-likelihood: -6063850.748
3. Current log-likelihood: -6063850.687
4. Current log-likelihood: -6063850.632
5. Current log-likelihood: -6063850.582
6. Current log-likelihood: -6063850.537
7. Current log-likelihood: -6063850.495
8. Current log-likelihood: -6063850.457
9. Current log-likelihood: -6063850.422
10. Current log-likelihood: -6063850.391
11. Current log-likelihood: -6063850.362
12. Current log-likelihood: -6063850.336
13. Current log-likelihood: -6063850.312
14. Current log-likelihood: -6063850.290
15. Current log-likelihood: -6063850.270
16. Current log-likelihood: -6063850.252
17. Current log-likelihood: -6063850.235
18. Current log-likelihood: -6063850.221
19. Current log-likelihood: -6063850.206
20. Current log-likelihood: -6063850.194
21. Current log-likelihood: -6063850.182
22. Current log-likelihood: -6063850.172
Optimal log-likelihood: -6063850.162
Rate parameters:  A-C: 1.00000  A-G: 3.89088  A-T: 0.40037  C-G: 0.40037  C-T: 3.89088  G-T: 1.00000
Base frequencies:  A: 0.263  C: 0.237  G: 0.239  T: 0.262
Proportion of invariable sites: 0.915
Parameters optimization took 22 rounds (2.652 sec)
BEST SCORE FOUND : -6063850.162
Creating bootstrap support values...
Split supports printed to NEXUS file /2/scratch/keaton/plague-phylogeography/results/iqtree/all/chromosome/prune/filter5/iqtree.splits.nex
Total tree length: 0.005

Total number of iterations: 104
CPU time used for tree search: 982.458 sec (0h:16m:22s)
Wall-clock time used for tree search: 127.877 sec (0h:2m:7s)
Total CPU time used: 1098.080 sec (0h:18m:18s)
Total wall-clock time used: 186.497 sec (0h:3m:6s)

Computing bootstrap consensus tree...
Reading input file /2/scratch/keaton/plague-phylogeography/results/iqtree/all/chromosome/prune/filter5/iqtree.splits.nex...
196 taxa and 930 splits.
Consensus tree written to /2/scratch/keaton/plague-phylogeography/results/iqtree/all/chromosome/prune/filter5/iqtree.contree
Reading input trees file /2/scratch/keaton/plague-phylogeography/results/iqtree/all/chromosome/prune/filter5/iqtree.contree
Log-likelihood of consensus tree: -6063858.645

---> START RUN NUMBER 2 (seed: 47322424)

Create initial parsimony tree by phylogenetic likelihood library (PLL)... 0.247 seconds
Generating 1000 samples for ultrafast bootstrap (seed: 47322424)...

NOTE: 151 MB RAM (0 GB) is required!
Estimate model parameters (epsilon = 0.100)
1. Initial log-likelihood: -6071481.291
2. Current log-likelihood: -6063890.896
3. Current log-likelihood: -6063884.468
4. Current log-likelihood: -6063881.094
5. Current log-likelihood: -6063877.964
6. Current log-likelihood: -6063873.563
7. Current log-likelihood: -6063867.092
8. Current log-likelihood: -6063862.397
9. Current log-likelihood: -6063858.228
10. Current log-likelihood: -6063857.578
11. Current log-likelihood: -6063857.080
12. Current log-likelihood: -6063856.621
13. Current log-likelihood: -6063856.211
14. Current log-likelihood: -6063855.865
15. Current log-likelihood: -6063855.464
16. Current log-likelihood: -6063855.144
17. Current log-likelihood: -6063854.851
18. Current log-likelihood: -6063854.594
19. Current log-likelihood: -6063854.361
20. Current log-likelihood: -6063854.152
21. Current log-likelihood: -6063853.962
22. Current log-likelihood: -6063853.792
23. Current log-likelihood: -6063853.637
24. Current log-likelihood: -6063853.497
25. Current log-likelihood: -6063853.369
26. Current log-likelihood: -6063853.255
27. Current log-likelihood: -6063853.149
Optimal log-likelihood: -6063853.054
Rate parameters:  A-C: 1.00000  A-G: 3.82436  A-T: 0.39144  C-G: 0.39144  C-T: 3.82436  G-T: 1.00000
Base frequencies:  A: 0.263  C: 0.237  G: 0.239  T: 0.262
Proportion of invariable sites: 0.915
Parameters optimization took 27 rounds (7.563 sec)
Computing ML distances based on estimated model parameters...
Computing ML distances took 0.159174 sec (of wall-clock time) 1.439130 sec(of CPU time)
Computing RapidNJ tree took 0.102964 sec (of wall-clock time) 0.384488 sec (of CPU time)
Log-likelihood of RapidNJ tree: -6064591.056
--------------------------------------------------------------------
|             INITIALIZING CANDIDATE TREE SET                      |
--------------------------------------------------------------------
Generating 98 parsimony trees... 36.673 second
Computing log-likelihood of 98 initial trees ... 6.408 seconds
Current best score: -6063851.681

Do NNI search on 20 best initial trees
Estimate model parameters (epsilon = 0.100)
BETTER TREE FOUND at iteration 1: -6063850.973
BETTER TREE FOUND at iteration 6: -6063850.973
Iteration 10 / LogL: -6063851.073 / Time: 0h:1m:57s
Iteration 20 / LogL: -6063851.130 / Time: 0h:2m:10s
Finish initializing candidate tree set (20)
Current best tree score: -6063850.973 / CPU time: 69.244
Number of iterations: 20
--------------------------------------------------------------------
|               OPTIMIZING CANDIDATE TREE SET                      |
--------------------------------------------------------------------
Iteration 30 / LogL: -6063857.842 / Time: 0h:2m:22s (0h:3m:56s left)
Iteration 40 / LogL: -6063879.906 / Time: 0h:2m:33s (0h:2m:51s left)
Iteration 50 / LogL: -6063941.710 / Time: 0h:2m:45s (0h:2m:9s left)
Log-likelihood cutoff on original alignment: -6063948.565
Iteration 60 / LogL: -6063858.544 / Time: 0h:2m:57s (0h:1m:37s left)
Iteration 70 / LogL: -6063897.852 / Time: 0h:3m:9s (0h:1m:11s left)
Iteration 80 / LogL: -6063948.634 / Time: 0h:3m:20s (0h:0m:48s left)
Iteration 90 / LogL: -6063909.636 / Time: 0h:3m:32s (0h:0m:28s left)
Iteration 100 / LogL: -6063868.502 / Time: 0h:3m:43s (0h:0m:10s left)
Log-likelihood cutoff on original alignment: -6063948.565
NOTE: Bootstrap correlation coefficient of split occurrence frequencies: 0.997
TREE SEARCH COMPLETED AFTER 107 ITERATIONS / Time: 0h:3m:52s

--------------------------------------------------------------------
|                    FINALIZING TREE SEARCH                        |
--------------------------------------------------------------------
Performs final model parameters optimization
Estimate model parameters (epsilon = 0.010)
1. Initial log-likelihood: -6063850.973
2. Current log-likelihood: -6063850.893
3. Current log-likelihood: -6063850.819
4. Current log-likelihood: -6063850.753
5. Current log-likelihood: -6063850.692
6. Current log-likelihood: -6063850.637
7. Current log-likelihood: -6063850.586
8. Current log-likelihood: -6063850.540
9. Current log-likelihood: -6063850.498
10. Current log-likelihood: -6063850.460
11. Current log-likelihood: -6063850.425
12. Current log-likelihood: -6063850.394
13. Current log-likelihood: -6063850.364
14. Current log-likelihood: -6063850.338
15. Current log-likelihood: -6063850.314
16. Current log-likelihood: -6063850.292
17. Current log-likelihood: -6063850.272
18. Current log-likelihood: -6063850.254
19. Current log-likelihood: -6063850.237
20. Current log-likelihood: -6063850.222
21. Current log-likelihood: -6063850.208
22. Current log-likelihood: -6063850.195
23. Current log-likelihood: -6063850.183
24. Current log-likelihood: -6063850.173
Optimal log-likelihood: -6063850.163
Rate parameters:  A-C: 1.00000  A-G: 3.89076  A-T: 0.40036  C-G: 0.40036  C-T: 3.89076  G-T: 1.00000
Base frequencies:  A: 0.263  C: 0.237  G: 0.239  T: 0.262
Proportion of invariable sites: 0.915
Parameters optimization took 24 rounds (6.650 sec)
BEST SCORE FOUND : -6063850.163
Creating bootstrap support values...
Split supports printed to NEXUS file /2/scratch/keaton/plague-phylogeography/results/iqtree/all/chromosome/prune/filter5/iqtree.splits.nex
Total tree length: 0.005

Total number of iterations: 107
CPU time used for tree search: 1411.529 sec (0h:23m:31s)
Wall-clock time used for tree search: 170.571 sec (0h:2m:50s)
Total CPU time used: 1608.832 sec (0h:26m:48s)
Total wall-clock time used: 239.309 sec (0h:3m:59s)

Computing bootstrap consensus tree...
Reading input file /2/scratch/keaton/plague-phylogeography/results/iqtree/all/chromosome/prune/filter5/iqtree.splits.nex...
196 taxa and 946 splits.
Consensus tree written to /2/scratch/keaton/plague-phylogeography/results/iqtree/all/chromosome/prune/filter5/iqtree.contree
Reading input trees file /2/scratch/keaton/plague-phylogeography/results/iqtree/all/chromosome/prune/filter5/iqtree.contree
Log-likelihood of consensus tree: -6063858.846

---> START RUN NUMBER 3 (seed: 47323424)

Create initial parsimony tree by phylogenetic likelihood library (PLL)... 0.319 seconds
Generating 1000 samples for ultrafast bootstrap (seed: 47323424)...

NOTE: 151 MB RAM (0 GB) is required!
Estimate model parameters (epsilon = 0.100)
1. Initial log-likelihood: -6071479.561
2. Current log-likelihood: -6063889.588
3. Current log-likelihood: -6063883.162
4. Current log-likelihood: -6063879.787
5. Current log-likelihood: -6063876.656
6. Current log-likelihood: -6063872.220
7. Current log-likelihood: -6063865.734
8. Current log-likelihood: -6063861.565
9. Current log-likelihood: -6063857.127
10. Current log-likelihood: -6063856.623
11. Current log-likelihood: -6063856.098
12. Current log-likelihood: -6063855.654
13. Current log-likelihood: -6063855.061
14. Current log-likelihood: -6063854.535
15. Current log-likelihood: -6063854.197
16. Current log-likelihood: -6063853.893
17. Current log-likelihood: -6063853.605
18. Current log-likelihood: -6063853.347
19. Current log-likelihood: -6063853.111
20. Current log-likelihood: -6063852.900
21. Current log-likelihood: -6063852.707
22. Current log-likelihood: -6063852.533
23. Current log-likelihood: -6063852.374
24. Current log-likelihood: -6063852.231
25. Current log-likelihood: -6063852.101
26. Current log-likelihood: -6063851.983
27. Current log-likelihood: -6063851.875
Optimal log-likelihood: -6063851.777
Rate parameters:  A-C: 1.00000  A-G: 3.82294  A-T: 0.39131  C-G: 0.39131  C-T: 3.82294  G-T: 1.00000
Base frequencies:  A: 0.263  C: 0.237  G: 0.239  T: 0.262
Proportion of invariable sites: 0.915
Parameters optimization took 27 rounds (3.497 sec)
Computing ML distances based on estimated model parameters...
Computing ML distances took 0.153266 sec (of wall-clock time) 1.388950 sec(of CPU time)
Computing RapidNJ tree took 0.103607 sec (of wall-clock time) 0.383229 sec (of CPU time)
Log-likelihood of RapidNJ tree: -6064591.315
--------------------------------------------------------------------
|             INITIALIZING CANDIDATE TREE SET                      |
--------------------------------------------------------------------
Generating 98 parsimony trees... 37.048 second
Computing log-likelihood of 98 initial trees ... 3.573 seconds
Current best score: -6063851.715

Do NNI search on 20 best initial trees
Estimate model parameters (epsilon = 0.100)
BETTER TREE FOUND at iteration 1: -6063850.999
BETTER TREE FOUND at iteration 3: -6063850.991
Iteration 10 / LogL: -6063851.101 / Time: 0h:1m:47s
Iteration 20 / LogL: -6063851.101 / Time: 0h:1m:57s
Finish initializing candidate tree set (20)
Current best tree score: -6063850.991 / CPU time: 62.038
Number of iterations: 20
--------------------------------------------------------------------
|               OPTIMIZING CANDIDATE TREE SET                      |
--------------------------------------------------------------------
Iteration 30 / LogL: -6063943.472 / Time: 0h:2m:5s (0h:3m:8s left)
Iteration 40 / LogL: -6063891.199 / Time: 0h:2m:13s (0h:2m:13s left)
Iteration 50 / LogL: -6063884.005 / Time: 0h:2m:21s (0h:1m:38s left)
Log-likelihood cutoff on original alignment: -6063950.341
Iteration 60 / LogL: -6063865.874 / Time: 0h:2m:30s (0h:1m:12s left)
Iteration 70 / LogL: -6063891.821 / Time: 0h:2m:38s (0h:0m:51s left)
Iteration 80 / LogL: -6063854.625 / Time: 0h:2m:46s (0h:0m:33s left)
Iteration 90 / LogL: -6063870.037 / Time: 0h:2m:54s (0h:0m:18s left)
Iteration 100 / LogL: -6063856.781 / Time: 0h:3m:2s (0h:0m:3s left)
Log-likelihood cutoff on original alignment: -6063950.341
NOTE: Bootstrap correlation coefficient of split occurrence frequencies: 0.999
TREE SEARCH COMPLETED AFTER 104 ITERATIONS / Time: 0h:3m:6s

--------------------------------------------------------------------
|                    FINALIZING TREE SEARCH                        |
--------------------------------------------------------------------
Performs final model parameters optimization
Estimate model parameters (epsilon = 0.010)
1. Initial log-likelihood: -6063850.991
2. Current log-likelihood: -6063850.909
3. Current log-likelihood: -6063850.833
4. Current log-likelihood: -6063850.765
5. Current log-likelihood: -6063850.702
6. Current log-likelihood: -6063850.645
7. Current log-likelihood: -6063850.593
8. Current log-likelihood: -6063850.546
9. Current log-likelihood: -6063850.502
10. Current log-likelihood: -6063850.463
11. Current log-likelihood: -6063850.427
12. Current log-likelihood: -6063850.395
13. Current log-likelihood: -6063850.365
14. Current log-likelihood: -6063850.338
15. Current log-likelihood: -6063850.313
16. Current log-likelihood: -6063850.291
17. Current log-likelihood: -6063850.270
18. Current log-likelihood: -6063850.251
19. Current log-likelihood: -6063850.233
20. Current log-likelihood: -6063850.218
21. Current log-likelihood: -6063850.203
22. Current log-likelihood: -6063850.191
23. Current log-likelihood: -6063850.178
24. Current log-likelihood: -6063850.167
25. Current log-likelihood: -6063850.157
Optimal log-likelihood: -6063850.148
Rate parameters:  A-C: 1.00000  A-G: 3.89167  A-T: 0.39902  C-G: 0.39902  C-T: 3.89167  G-T: 1.00000
Base frequencies:  A: 0.263  C: 0.237  G: 0.239  T: 0.262
Proportion of invariable sites: 0.915
Parameters optimization took 25 rounds (2.759 sec)
BEST SCORE FOUND : -6063850.148
Creating bootstrap support values...
Split supports printed to NEXUS file /2/scratch/keaton/plague-phylogeography/results/iqtree/all/chromosome/prune/filter5/iqtree.splits.nex
Total tree length: 0.005

Total number of iterations: 104
CPU time used for tree search: 1006.662 sec (0h:16m:46s)
Wall-clock time used for tree search: 130.421 sec (0h:2m:10s)
Total CPU time used: 1124.559 sec (0h:18m:44s)
Total wall-clock time used: 189.428 sec (0h:3m:9s)

Computing bootstrap consensus tree...
Reading input file /2/scratch/keaton/plague-phylogeography/results/iqtree/all/chromosome/prune/filter5/iqtree.splits.nex...
196 taxa and 919 splits.
Consensus tree written to /2/scratch/keaton/plague-phylogeography/results/iqtree/all/chromosome/prune/filter5/iqtree.contree
Reading input trees file /2/scratch/keaton/plague-phylogeography/results/iqtree/all/chromosome/prune/filter5/iqtree.contree
Log-likelihood of consensus tree: -6063858.645

---> START RUN NUMBER 4 (seed: 47324424)

Create initial parsimony tree by phylogenetic likelihood library (PLL)... 0.334 seconds
Generating 1000 samples for ultrafast bootstrap (seed: 47324424)...

NOTE: 151 MB RAM (0 GB) is required!
Estimate model parameters (epsilon = 0.100)
1. Initial log-likelihood: -6071517.917
2. Current log-likelihood: -6063917.525
3. Current log-likelihood: -6063911.144
4. Current log-likelihood: -6063907.878
5. Current log-likelihood: -6063904.844
6. Current log-likelihood: -6063901.065
7. Current log-likelihood: -6063895.182
8. Current log-likelihood: -6063894.812
9. Current log-likelihood: -6063879.890
10. Current log-likelihood: -6063879.724
Optimal log-likelihood: -6063879.721
Rate parameters:  A-C: 1.00000  A-G: 3.92144  A-T: 0.40112  C-G: 0.40112  C-T: 3.92144  G-T: 1.00000
Base frequencies:  A: 0.263  C: 0.237  G: 0.239  T: 0.262
Proportion of invariable sites: 0.916
Parameters optimization took 10 rounds (3.217 sec)
Computing ML distances based on estimated model parameters...
Computing ML distances took 0.152276 sec (of wall-clock time) 1.384518 sec(of CPU time)
Computing RapidNJ tree took 0.104154 sec (of wall-clock time) 0.499925 sec (of CPU time)
Log-likelihood of RapidNJ tree: -6064548.320
--------------------------------------------------------------------
|             INITIALIZING CANDIDATE TREE SET                      |
--------------------------------------------------------------------
Generating 98 parsimony trees... 37.108 second
Computing log-likelihood of 98 initial trees ... 7.248 seconds
Current best score: -6063850.699

Do NNI search on 20 best initial trees
Estimate model parameters (epsilon = 0.100)
BETTER TREE FOUND at iteration 1: -6063850.117
Estimate model parameters (epsilon = 0.100)
BETTER TREE FOUND at iteration 2: -6063850.062
BETTER TREE FOUND at iteration 10: -6063850.062
Iteration 10 / LogL: -6063850.062 / Time: 0h:1m:55s
BETTER TREE FOUND at iteration 11: -6063850.062
Iteration 20 / LogL: -6063850.218 / Time: 0h:2m:7s
Finish initializing candidate tree set (20)
Current best tree score: -6063850.062 / CPU time: 71.320
Number of iterations: 20
--------------------------------------------------------------------
|               OPTIMIZING CANDIDATE TREE SET                      |
--------------------------------------------------------------------
Iteration 30 / LogL: -6063914.226 / Time: 0h:2m:20s (0h:4m:7s left)
Iteration 40 / LogL: -6063959.981 / Time: 0h:2m:31s (0h:3m:2s left)
Iteration 50 / LogL: -6063863.216 / Time: 0h:2m:44s (0h:2m:20s left)
Log-likelihood cutoff on original alignment: -6063939.024
Iteration 60 / LogL: -6063857.968 / Time: 0h:2m:57s (0h:1m:48s left)
Iteration 70 / LogL: -6063859.336 / Time: 0h:3m:9s (0h:1m:22s left)
Iteration 80 / LogL: -6063855.592 / Time: 0h:3m:22s (0h:0m:59s left)
Iteration 90 / LogL: -6063852.193 / Time: 0h:3m:34s (0h:0m:38s left)
Iteration 100 / LogL: -6063851.756 / Time: 0h:3m:46s (0h:0m:19s left)
Log-likelihood cutoff on original alignment: -6063940.017
NOTE: Bootstrap correlation coefficient of split occurrence frequencies: 0.999
Iteration 110 / LogL: -6063923.780 / Time: 0h:3m:59s (0h:2m:35s left)
TREE SEARCH COMPLETED AFTER 112 ITERATIONS / Time: 0h:4m:1s

--------------------------------------------------------------------
|                    FINALIZING TREE SEARCH                        |
--------------------------------------------------------------------
Performs final model parameters optimization
Estimate model parameters (epsilon = 0.010)
1. Initial log-likelihood: -6063850.062
Optimal log-likelihood: -6063850.062
Rate parameters:  A-C: 1.00000  A-G: 3.92144  A-T: 0.40212  C-G: 0.40212  C-T: 3.92144  G-T: 1.00000
Base frequencies:  A: 0.263  C: 0.237  G: 0.239  T: 0.262
Proportion of invariable sites: 0.915
Parameters optimization took 1 rounds (0.388 sec)
BEST SCORE FOUND : -6063850.062
Creating bootstrap support values...
Split supports printed to NEXUS file /2/scratch/keaton/plague-phylogeography/results/iqtree/all/chromosome/prune/filter5/iqtree.splits.nex
Total tree length: 0.005

Total number of iterations: 112
CPU time used for tree search: 1555.480 sec (0h:25m:55s)
Wall-clock time used for tree search: 185.581 sec (0h:3m:5s)
Total CPU time used: 1649.009 sec (0h:27m:29s)
Total wall-clock time used: 242.866 sec (0h:4m:2s)

Computing bootstrap consensus tree...
Reading input file /2/scratch/keaton/plague-phylogeography/results/iqtree/all/chromosome/prune/filter5/iqtree.splits.nex...
196 taxa and 924 splits.
Consensus tree written to /2/scratch/keaton/plague-phylogeography/results/iqtree/all/chromosome/prune/filter5/iqtree.contree
Reading input trees file /2/scratch/keaton/plague-phylogeography/results/iqtree/all/chromosome/prune/filter5/iqtree.contree
Log-likelihood of consensus tree: -6063858.756

---> START RUN NUMBER 5 (seed: 47325424)

Create initial parsimony tree by phylogenetic likelihood library (PLL)... 0.319 seconds
Generating 1000 samples for ultrafast bootstrap (seed: 47325424)...

NOTE: 151 MB RAM (0 GB) is required!
Estimate model parameters (epsilon = 0.100)
1. Initial log-likelihood: -6071480.552
2. Current log-likelihood: -6063889.118
3. Current log-likelihood: -6063882.688
4. Current log-likelihood: -6063879.317
5. Current log-likelihood: -6063876.187
6. Current log-likelihood: -6063871.879
7. Current log-likelihood: -6063865.439
8. Current log-likelihood: -6063859.513
9. Current log-likelihood: -6063855.926
10. Current log-likelihood: -6063855.416
11. Current log-likelihood: -6063854.938
12. Current log-likelihood: -6063854.605
13. Current log-likelihood: -6063854.033
14. Current log-likelihood: -6063853.690
15. Current log-likelihood: -6063853.372
16. Current log-likelihood: -6063853.089
17. Current log-likelihood: -6063852.829
18. Current log-likelihood: -6063852.597
19. Current log-likelihood: -6063852.385
20. Current log-likelihood: -6063852.194
21. Current log-likelihood: -6063852.020
22. Current log-likelihood: -6063851.864
23. Current log-likelihood: -6063851.720
24. Current log-likelihood: -6063851.592
25. Current log-likelihood: -6063851.473
26. Current log-likelihood: -6063851.366
Optimal log-likelihood: -6063851.269
Rate parameters:  A-C: 1.00000  A-G: 3.82375  A-T: 0.39592  C-G: 0.39592  C-T: 3.82375  G-T: 1.00000
Base frequencies:  A: 0.263  C: 0.237  G: 0.239  T: 0.262
Proportion of invariable sites: 0.915
Parameters optimization took 26 rounds (3.447 sec)
Computing ML distances based on estimated model parameters...
Computing ML distances took 0.153630 sec (of wall-clock time) 1.389377 sec(of CPU time)
Computing RapidNJ tree took 0.111623 sec (of wall-clock time) 0.464831 sec (of CPU time)
Log-likelihood of RapidNJ tree: -6064590.209
--------------------------------------------------------------------
|             INITIALIZING CANDIDATE TREE SET                      |
--------------------------------------------------------------------
Generating 98 parsimony trees... 36.800 second
Computing log-likelihood of 98 initial trees ... 4.145 seconds
Current best score: -6063851.269

Do NNI search on 20 best initial trees
Estimate model parameters (epsilon = 0.100)
BETTER TREE FOUND at iteration 1: -6063851.071
Estimate model parameters (epsilon = 0.100)
BETTER TREE FOUND at iteration 3: -6063850.964
Estimate model parameters (epsilon = 0.100)
BETTER TREE FOUND at iteration 5: -6063850.875
Estimate model parameters (epsilon = 0.100)
BETTER TREE FOUND at iteration 8: -6063850.759
Iteration 10 / LogL: -6063850.969 / Time: 0h:1m:47s
Iteration 20 / LogL: -6063850.853 / Time: 0h:1m:56s
Finish initializing candidate tree set (20)
Current best tree score: -6063850.759 / CPU time: 61.847
Number of iterations: 20
--------------------------------------------------------------------
|               OPTIMIZING CANDIDATE TREE SET                      |
--------------------------------------------------------------------
Iteration 30 / LogL: -6063888.107 / Time: 0h:2m:5s (0h:3m:23s left)
Iteration 40 / LogL: -6063865.170 / Time: 0h:2m:14s (0h:2m:28s left)
Iteration 50 / LogL: -6063870.342 / Time: 0h:2m:23s (0h:1m:51s left)
Log-likelihood cutoff on original alignment: -6063949.289
Iteration 60 / LogL: -6063856.196 / Time: 0h:2m:33s (0h:1m:24s left)
Iteration 70 / LogL: -6063863.590 / Time: 0h:2m:42s (0h:1m:2s left)
Iteration 80 / LogL: -6063890.571 / Time: 0h:2m:51s (0h:0m:43s left)
Iteration 90 / LogL: -6063862.939 / Time: 0h:3m:0s (0h:0m:26s left)
Iteration 100 / LogL: -6063856.772 / Time: 0h:3m:9s (0h:0m:11s left)
Log-likelihood cutoff on original alignment: -6063949.289
NOTE: Bootstrap correlation coefficient of split occurrence frequencies: 0.999
TREE SEARCH COMPLETED AFTER 109 ITERATIONS / Time: 0h:3m:17s

--------------------------------------------------------------------
|                    FINALIZING TREE SEARCH                        |
--------------------------------------------------------------------
Performs final model parameters optimization
Estimate model parameters (epsilon = 0.010)
1. Initial log-likelihood: -6063850.759
2. Current log-likelihood: -6063850.699
3. Current log-likelihood: -6063850.643
4. Current log-likelihood: -6063850.593
5. Current log-likelihood: -6063850.547
6. Current log-likelihood: -6063850.505
7. Current log-likelihood: -6063850.467
8. Current log-likelihood: -6063850.432
9. Current log-likelihood: -6063850.400
10. Current log-likelihood: -6063850.372
11. Current log-likelihood: -6063850.345
12. Current log-likelihood: -6063850.322
13. Current log-likelihood: -6063850.299
14. Current log-likelihood: -6063850.280
15. Current log-likelihood: -6063850.261
16. Current log-likelihood: -6063850.245
17. Current log-likelihood: -6063850.229
18. Current log-likelihood: -6063850.215
19. Current log-likelihood: -6063850.202
20. Current log-likelihood: -6063850.191
21. Current log-likelihood: -6063850.180
Optimal log-likelihood: -6063850.171
Rate parameters:  A-C: 1.00000  A-G: 3.89069  A-T: 0.39890  C-G: 0.39890  C-T: 3.89069  G-T: 1.00000
Base frequencies:  A: 0.263  C: 0.237  G: 0.239  T: 0.262
Proportion of invariable sites: 0.915
Parameters optimization took 21 rounds (2.509 sec)
BEST SCORE FOUND : -6063850.171
Creating bootstrap support values...
Split supports printed to NEXUS file /2/scratch/keaton/plague-phylogeography/results/iqtree/all/chromosome/prune/filter5/iqtree.splits.nex
Total tree length: 0.005

Total number of iterations: 109
CPU time used for tree search: 1136.692 sec (0h:18m:56s)
Wall-clock time used for tree search: 142.957 sec (0h:2m:22s)
Total CPU time used: 1251.671 sec (0h:20m:51s)
Total wall-clock time used: 200.932 sec (0h:3m:20s)

Computing bootstrap consensus tree...
Reading input file /2/scratch/keaton/plague-phylogeography/results/iqtree/all/chromosome/prune/filter5/iqtree.splits.nex...
196 taxa and 933 splits.
Consensus tree written to /2/scratch/keaton/plague-phylogeography/results/iqtree/all/chromosome/prune/filter5/iqtree.contree
Reading input trees file /2/scratch/keaton/plague-phylogeography/results/iqtree/all/chromosome/prune/filter5/iqtree.contree
Log-likelihood of consensus tree: -6063858.863

---> START RUN NUMBER 6 (seed: 47326424)

Create initial parsimony tree by phylogenetic likelihood library (PLL)... 0.314 seconds
Generating 1000 samples for ultrafast bootstrap (seed: 47326424)...

NOTE: 151 MB RAM (0 GB) is required!
Estimate model parameters (epsilon = 0.100)
1. Initial log-likelihood: -6071481.056
2. Current log-likelihood: -6063889.143
3. Current log-likelihood: -6063882.713
4. Current log-likelihood: -6063879.340
5. Current log-likelihood: -6063876.209
6. Current log-likelihood: -6063871.850
7. Current log-likelihood: -6063865.391
8. Current log-likelihood: -6063860.122
9. Current log-likelihood: -6063856.374
10. Current log-likelihood: -6063855.804
11. Current log-likelihood: -6063855.280
12. Current log-likelihood: -6063854.790
13. Current log-likelihood: -6063854.322
14. Current log-likelihood: -6063853.894
15. Current log-likelihood: -6063853.477
16. Current log-likelihood: -6063853.102
17. Current log-likelihood: -6063852.754
18. Current log-likelihood: -6063852.448
19. Current log-likelihood: -6063852.243
20. Current log-likelihood: -6063852.058
21. Current log-likelihood: -6063851.901
22. Current log-likelihood: -6063851.759
23. Current log-likelihood: -6063851.629
24. Current log-likelihood: -6063851.511
25. Current log-likelihood: -6063851.403
Optimal log-likelihood: -6063851.306
Rate parameters:  A-C: 1.00000  A-G: 3.82374  A-T: 0.39156  C-G: 0.39156  C-T: 3.82374  G-T: 1.00000
Base frequencies:  A: 0.263  C: 0.237  G: 0.239  T: 0.262
Proportion of invariable sites: 0.915
Parameters optimization took 25 rounds (3.154 sec)
Computing ML distances based on estimated model parameters...
Computing ML distances took 0.152487 sec (of wall-clock time) 1.390132 sec(of CPU time)
Computing RapidNJ tree took 0.114548 sec (of wall-clock time) 0.436667 sec (of CPU time)
Log-likelihood of RapidNJ tree: -6064589.895
--------------------------------------------------------------------
|             INITIALIZING CANDIDATE TREE SET                      |
--------------------------------------------------------------------
Generating 98 parsimony trees... 36.082 second
Computing log-likelihood of 98 initial trees ... 3.548 seconds
Current best score: -6063851.306

Do NNI search on 20 best initial trees
Estimate model parameters (epsilon = 0.100)
BETTER TREE FOUND at iteration 1: -6063851.208
Estimate model parameters (epsilon = 0.100)
BETTER TREE FOUND at iteration 2: -6063851.068
Estimate model parameters (epsilon = 0.100)
BETTER TREE FOUND at iteration 3: -6063850.926
Estimate model parameters (epsilon = 0.100)
BETTER TREE FOUND at iteration 4: -6063850.759
BETTER TREE FOUND at iteration 6: -6063850.752
BETTER TREE FOUND at iteration 9: -6063850.751
Iteration 10 / LogL: -6063850.826 / Time: 0h:1m:45s
Iteration 20 / LogL: -6063851.062 / Time: 0h:1m:55s
Finish initializing candidate tree set (20)
Current best tree score: -6063850.751 / CPU time: 60.943
Number of iterations: 20
--------------------------------------------------------------------
|               OPTIMIZING CANDIDATE TREE SET                      |
--------------------------------------------------------------------
Iteration 30 / LogL: -6063862.110 / Time: 0h:2m:3s (0h:3m:21s left)
Iteration 40 / LogL: -6063900.020 / Time: 0h:2m:11s (0h:2m:23s left)
Iteration 50 / LogL: -6063861.646 / Time: 0h:2m:18s (0h:1m:47s left)
Log-likelihood cutoff on original alignment: -6063926.446
Iteration 60 / LogL: -6063882.970 / Time: 0h:2m:26s (0h:1m:20s left)
Iteration 70 / LogL: -6063859.466 / Time: 0h:2m:34s (0h:0m:58s left)
Iteration 80 / LogL: -6063854.912 / Time: 0h:2m:41s (0h:0m:41s left)
Iteration 90 / LogL: -6063861.015 / Time: 0h:2m:49s (0h:0m:25s left)
Iteration 100 / LogL: -6063852.839 / Time: 0h:2m:57s (0h:0m:11s left)
Log-likelihood cutoff on original alignment: -6063926.446
NOTE: Bootstrap correlation coefficient of split occurrence frequencies: 0.999
Iteration 110 / LogL: -6063883.758 / Time: 0h:3m:5s (0h:1m:52s left)
TREE SEARCH COMPLETED AFTER 110 ITERATIONS / Time: 0h:3m:5s

--------------------------------------------------------------------
|                    FINALIZING TREE SEARCH                        |
--------------------------------------------------------------------
Performs final model parameters optimization
Estimate model parameters (epsilon = 0.010)
1. Initial log-likelihood: -6063850.751
2. Current log-likelihood: -6063850.689
3. Current log-likelihood: -6063850.634
4. Current log-likelihood: -6063850.582
5. Current log-likelihood: -6063850.536
6. Current log-likelihood: -6063850.494
7. Current log-likelihood: -6063850.455
8. Current log-likelihood: -6063850.420
9. Current log-likelihood: -6063850.388
10. Current log-likelihood: -6063850.358
11. Current log-likelihood: -6063850.332
12. Current log-likelihood: -6063850.307
13. Current log-likelihood: -6063850.285
14. Current log-likelihood: -6063850.264
15. Current log-likelihood: -6063850.246
16. Current log-likelihood: -6063850.229
17. Current log-likelihood: -6063850.214
18. Current log-likelihood: -6063850.199
19. Current log-likelihood: -6063850.187
20. Current log-likelihood: -6063850.175
21. Current log-likelihood: -6063850.164
22. Current log-likelihood: -6063850.154
Optimal log-likelihood: -6063850.145
Rate parameters:  A-C: 1.00000  A-G: 3.89215  A-T: 0.39910  C-G: 0.39910  C-T: 3.89215  G-T: 1.00000
Base frequencies:  A: 0.263  C: 0.237  G: 0.239  T: 0.262
Proportion of invariable sites: 0.915
Parameters optimization took 22 rounds (2.533 sec)
BEST SCORE FOUND : -6063850.145
Creating bootstrap support values...
Split supports printed to NEXUS file /2/scratch/keaton/plague-phylogeography/results/iqtree/all/chromosome/prune/filter5/iqtree.splits.nex
Total tree length: 0.005

Total number of iterations: 110
CPU time used for tree search: 1023.568 sec (0h:17m:3s)
Wall-clock time used for tree search: 130.962 sec (0h:2m:10s)
Total CPU time used: 1134.944 sec (0h:18m:54s)
Total wall-clock time used: 188.637 sec (0h:3m:8s)

Computing bootstrap consensus tree...
Reading input file /2/scratch/keaton/plague-phylogeography/results/iqtree/all/chromosome/prune/filter5/iqtree.splits.nex...
196 taxa and 955 splits.
Consensus tree written to /2/scratch/keaton/plague-phylogeography/results/iqtree/all/chromosome/prune/filter5/iqtree.contree
Reading input trees file /2/scratch/keaton/plague-phylogeography/results/iqtree/all/chromosome/prune/filter5/iqtree.contree
Log-likelihood of consensus tree: -6063858.819

---> START RUN NUMBER 7 (seed: 47327424)

Create initial parsimony tree by phylogenetic likelihood library (PLL)... 0.243 seconds
Generating 1000 samples for ultrafast bootstrap (seed: 47327424)...

NOTE: 151 MB RAM (0 GB) is required!
Estimate model parameters (epsilon = 0.100)
1. Initial log-likelihood: -6071481.439
2. Current log-likelihood: -6063889.223
3. Current log-likelihood: -6063882.793
4. Current log-likelihood: -6063879.419
5. Current log-likelihood: -6063876.288
6. Current log-likelihood: -6063871.918
7. Current log-likelihood: -6063865.455
8. Current log-likelihood: -6063860.321
9. Current log-likelihood: -6063856.470
10. Current log-likelihood: -6063855.888
11. Current log-likelihood: -6063855.285
12. Current log-likelihood: -6063854.733
13. Current log-likelihood: -6063854.325
14. Current log-likelihood: -6063853.967
15. Current log-likelihood: -6063853.631
16. Current log-likelihood: -6063853.334
17. Current log-likelihood: -6063853.061
18. Current log-likelihood: -6063852.817
19. Current log-likelihood: -6063852.594
20. Current log-likelihood: -6063852.394
21. Current log-likelihood: -6063852.211
22. Current log-likelihood: -6063852.047
23. Current log-likelihood: -6063851.896
24. Current log-likelihood: -6063851.762
25. Current log-likelihood: -6063851.637
26. Current log-likelihood: -6063851.525
27. Current log-likelihood: -6063851.423
Optimal log-likelihood: -6063851.331
Rate parameters:  A-C: 1.00000  A-G: 3.82667  A-T: 0.39170  C-G: 0.39170  C-T: 3.82667  G-T: 1.00000
Base frequencies:  A: 0.263  C: 0.237  G: 0.239  T: 0.262
Proportion of invariable sites: 0.915
Parameters optimization took 27 rounds (8.519 sec)
Computing ML distances based on estimated model parameters...
Computing ML distances took 0.156582 sec (of wall-clock time) 1.402390 sec(of CPU time)
Computing RapidNJ tree took 0.103783 sec (of wall-clock time) 0.410234 sec (of CPU time)
Log-likelihood of RapidNJ tree: -6064591.137
--------------------------------------------------------------------
|             INITIALIZING CANDIDATE TREE SET                      |
--------------------------------------------------------------------
Generating 98 parsimony trees... 36.520 second
Computing log-likelihood of 98 initial trees ... 7.265 seconds
Current best score: -6063851.331

Do NNI search on 20 best initial trees
Estimate model parameters (epsilon = 0.100)
BETTER TREE FOUND at iteration 1: -6063851.239
Estimate model parameters (epsilon = 0.100)
BETTER TREE FOUND at iteration 2: -6063850.852
Iteration 10 / LogL: -6063851.028 / Time: 0h:1m:56s
Iteration 20 / LogL: -6063850.856 / Time: 0h:2m:7s
Finish initializing candidate tree set (20)
Current best tree score: -6063850.852 / CPU time: 68.278
Number of iterations: 20
--------------------------------------------------------------------
|               OPTIMIZING CANDIDATE TREE SET                      |
--------------------------------------------------------------------
Iteration 30 / LogL: -6063859.586 / Time: 0h:2m:20s (0h:3m:45s left)
Iteration 40 / LogL: -6063860.918 / Time: 0h:2m:32s (0h:2m:44s left)
Iteration 50 / LogL: -6063882.232 / Time: 0h:2m:44s (0h:2m:2s left)
Log-likelihood cutoff on original alignment: -6063943.513
Iteration 60 / LogL: -6063860.297 / Time: 0h:2m:57s (0h:1m:30s left)
Iteration 70 / LogL: -6063886.450 / Time: 0h:3m:8s (0h:1m:4s left)
Iteration 80 / LogL: -6063857.964 / Time: 0h:3m:20s (0h:0m:42s left)
Iteration 90 / LogL: -6063852.741 / Time: 0h:3m:32s (0h:0m:21s left)
Iteration 100 / LogL: -6063882.572 / Time: 0h:3m:44s (0h:0m:3s left)
Log-likelihood cutoff on original alignment: -6063943.363
NOTE: Bootstrap correlation coefficient of split occurrence frequencies: 0.993
TREE SEARCH COMPLETED AFTER 103 ITERATIONS / Time: 0h:3m:48s

--------------------------------------------------------------------
|                    FINALIZING TREE SEARCH                        |
--------------------------------------------------------------------
Performs final model parameters optimization
Estimate model parameters (epsilon = 0.010)
1. Initial log-likelihood: -6063850.852
2. Current log-likelihood: -6063850.782
3. Current log-likelihood: -6063850.719
4. Current log-likelihood: -6063850.660
5. Current log-likelihood: -6063850.608
6. Current log-likelihood: -6063850.560
7. Current log-likelihood: -6063850.516
8. Current log-likelihood: -6063850.476
9. Current log-likelihood: -6063850.440
10. Current log-likelihood: -6063850.406
11. Current log-likelihood: -6063850.377
12. Current log-likelihood: -6063850.349
13. Current log-likelihood: -6063850.324
14. Current log-likelihood: -6063850.301
15. Current log-likelihood: -6063850.280
16. Current log-likelihood: -6063850.261
17. Current log-likelihood: -6063850.243
18. Current log-likelihood: -6063850.227
19. Current log-likelihood: -6063850.213
20. Current log-likelihood: -6063850.199
21. Current log-likelihood: -6063850.187
22. Current log-likelihood: -6063850.176
Optimal log-likelihood: -6063850.166
Rate parameters:  A-C: 1.00000  A-G: 3.88996  A-T: 0.39882  C-G: 0.39882  C-T: 3.88996  G-T: 1.00000
Base frequencies:  A: 0.263  C: 0.237  G: 0.239  T: 0.262
Proportion of invariable sites: 0.915
Parameters optimization took 22 rounds (6.786 sec)
BEST SCORE FOUND : -6063850.166
Creating bootstrap support values...
Split supports printed to NEXUS file /2/scratch/keaton/plague-phylogeography/results/iqtree/all/chromosome/prune/filter5/iqtree.splits.nex
Total tree length: 0.005

Total number of iterations: 103
CPU time used for tree search: 1393.311 sec (0h:23m:13s)
Wall-clock time used for tree search: 168.712 sec (0h:2m:48s)
Total CPU time used: 1593.747 sec (0h:26m:33s)
Total wall-clock time used: 235.774 sec (0h:3m:55s)

Computing bootstrap consensus tree...
Reading input file /2/scratch/keaton/plague-phylogeography/results/iqtree/all/chromosome/prune/filter5/iqtree.splits.nex...
196 taxa and 913 splits.
Consensus tree written to /2/scratch/keaton/plague-phylogeography/results/iqtree/all/chromosome/prune/filter5/iqtree.contree
Reading input trees file /2/scratch/keaton/plague-phylogeography/results/iqtree/all/chromosome/prune/filter5/iqtree.contree
Log-likelihood of consensus tree: -6063858.634

---> START RUN NUMBER 8 (seed: 47328424)

Create initial parsimony tree by phylogenetic likelihood library (PLL)... 0.311 seconds
Generating 1000 samples for ultrafast bootstrap (seed: 47328424)...

NOTE: 151 MB RAM (0 GB) is required!
Estimate model parameters (epsilon = 0.100)
1. Initial log-likelihood: -6071522.591
2. Current log-likelihood: -6063919.240
3. Current log-likelihood: -6063912.857
4. Current log-likelihood: -6063909.596
5. Current log-likelihood: -6063906.565
6. Current log-likelihood: -6063902.856
7. Current log-likelihood: -6063897.012
8. Current log-likelihood: -6063890.323
9. Current log-likelihood: -6063888.453
10. Current log-likelihood: -6063885.741
11. Current log-likelihood: -6063885.254
12. Current log-likelihood: -6063884.826
13. Current log-likelihood: -6063884.503
14. Current log-likelihood: -6063884.208
15. Current log-likelihood: -6063883.950
16. Current log-likelihood: -6063883.715
17. Current log-likelihood: -6063883.506
18. Current log-likelihood: -6063883.316
19. Current log-likelihood: -6063883.145
20. Current log-likelihood: -6063882.989
21. Current log-likelihood: -6063882.850
22. Current log-likelihood: -6063882.721
23. Current log-likelihood: -6063882.606
24. Current log-likelihood: -6063882.500
Optimal log-likelihood: -6063882.405
Rate parameters:  A-C: 1.00000  A-G: 3.82220  A-T: 0.39023  C-G: 0.39023  C-T: 3.82220  G-T: 1.00000
Base frequencies:  A: 0.263  C: 0.237  G: 0.239  T: 0.262
Proportion of invariable sites: 0.916
Parameters optimization took 24 rounds (7.444 sec)
Computing ML distances based on estimated model parameters...
Computing ML distances took 0.154723 sec (of wall-clock time) 1.395963 sec(of CPU time)
Computing RapidNJ tree took 0.101858 sec (of wall-clock time) 0.382027 sec (of CPU time)
Log-likelihood of RapidNJ tree: -6064588.691
--------------------------------------------------------------------
|             INITIALIZING CANDIDATE TREE SET                      |
--------------------------------------------------------------------
Generating 98 parsimony trees... 37.071 second
Computing log-likelihood of 98 initial trees ... 6.640 seconds
Current best score: -6063851.766

Do NNI search on 20 best initial trees
Estimate model parameters (epsilon = 0.100)
BETTER TREE FOUND at iteration 1: -6063851.035
Estimate model parameters (epsilon = 0.100)
BETTER TREE FOUND at iteration 2: -6063850.848
BETTER TREE FOUND at iteration 4: -6063850.843
BETTER TREE FOUND at iteration 7: -6063850.840
Iteration 10 / LogL: -6063851.021 / Time: 0h:1m:55s
Iteration 20 / LogL: -6063850.942 / Time: 0h:2m:6s
Finish initializing candidate tree set (20)
Current best tree score: -6063850.840 / CPU time: 68.088
Number of iterations: 20
--------------------------------------------------------------------
|               OPTIMIZING CANDIDATE TREE SET                      |
--------------------------------------------------------------------
Iteration 30 / LogL: -6063852.293 / Time: 0h:2m:18s (0h:3m:55s left)
Iteration 40 / LogL: -6063865.044 / Time: 0h:2m:29s (0h:2m:51s left)
Iteration 50 / LogL: -6063867.080 / Time: 0h:2m:40s (0h:2m:9s left)
Log-likelihood cutoff on original alignment: -6063940.634
Iteration 60 / LogL: -6063861.597 / Time: 0h:2m:52s (0h:1m:38s left)
Iteration 70 / LogL: -6063871.190 / Time: 0h:3m:4s (0h:1m:12s left)
Iteration 80 / LogL: -6063862.351 / Time: 0h:3m:15s (0h:0m:49s left)
Iteration 90 / LogL: -6064118.862 / Time: 0h:3m:27s (0h:0m:30s left)
Iteration 100 / LogL: -6063879.417 / Time: 0h:3m:38s (0h:0m:11s left)
Log-likelihood cutoff on original alignment: -6063940.634
NOTE: Bootstrap correlation coefficient of split occurrence frequencies: 0.999
TREE SEARCH COMPLETED AFTER 108 ITERATIONS / Time: 0h:3m:47s

--------------------------------------------------------------------
|                    FINALIZING TREE SEARCH                        |
--------------------------------------------------------------------
Performs final model parameters optimization
Estimate model parameters (epsilon = 0.010)
1. Initial log-likelihood: -6063850.840
2. Current log-likelihood: -6063850.764
3. Current log-likelihood: -6063850.696
4. Current log-likelihood: -6063850.636
5. Current log-likelihood: -6063850.581
6. Current log-likelihood: -6063850.532
7. Current log-likelihood: -6063850.488
8. Current log-likelihood: -6063850.449
9. Current log-likelihood: -6063850.413
10. Current log-likelihood: -6063850.381
11. Current log-likelihood: -6063850.352
12. Current log-likelihood: -6063850.326
13. Current log-likelihood: -6063850.302
14. Current log-likelihood: -6063850.281
15. Current log-likelihood: -6063850.261
16. Current log-likelihood: -6063850.243
17. Current log-likelihood: -6063850.227
18. Current log-likelihood: -6063850.213
19. Current log-likelihood: -6063850.199
20. Current log-likelihood: -6063850.188
21. Current log-likelihood: -6063850.176
Optimal log-likelihood: -6063850.167
Rate parameters:  A-C: 1.00000  A-G: 3.89028  A-T: 0.39870  C-G: 0.39870  C-T: 3.89028  G-T: 1.00000
Base frequencies:  A: 0.263  C: 0.237  G: 0.239  T: 0.262
Proportion of invariable sites: 0.915
Parameters optimization took 21 rounds (6.285 sec)
BEST SCORE FOUND : -6063850.167
Creating bootstrap support values...
Split supports printed to NEXUS file /2/scratch/keaton/plague-phylogeography/results/iqtree/all/chromosome/prune/filter5/iqtree.splits.nex
Total tree length: 0.005

Total number of iterations: 108
CPU time used for tree search: 1393.982 sec (0h:23m:13s)
Wall-clock time used for tree search: 169.120 sec (0h:2m:49s)
Total CPU time used: 1579.673 sec (0h:26m:19s)
Total wall-clock time used: 234.709 sec (0h:3m:54s)

Computing bootstrap consensus tree...
Reading input file /2/scratch/keaton/plague-phylogeography/results/iqtree/all/chromosome/prune/filter5/iqtree.splits.nex...
196 taxa and 932 splits.
Consensus tree written to /2/scratch/keaton/plague-phylogeography/results/iqtree/all/chromosome/prune/filter5/iqtree.contree
Reading input trees file /2/scratch/keaton/plague-phylogeography/results/iqtree/all/chromosome/prune/filter5/iqtree.contree
Log-likelihood of consensus tree: -6063858.649

---> START RUN NUMBER 9 (seed: 47329424)

Create initial parsimony tree by phylogenetic likelihood library (PLL)... 0.310 seconds
Generating 1000 samples for ultrafast bootstrap (seed: 47329424)...

NOTE: 151 MB RAM (0 GB) is required!
Estimate model parameters (epsilon = 0.100)
1. Initial log-likelihood: -6071480.709
2. Current log-likelihood: -6063893.100
3. Current log-likelihood: -6063886.678
4. Current log-likelihood: -6063883.305
5. Current log-likelihood: -6063880.178
6. Current log-likelihood: -6063875.716
7. Current log-likelihood: -6063869.231
8. Current log-likelihood: -6063865.370
9. Current log-likelihood: -6063860.850
10. Current log-likelihood: -6063859.768
11. Current log-likelihood: -6063859.021
12. Current log-likelihood: -6063858.481
13. Current log-likelihood: -6063858.027
14. Current log-likelihood: -6063857.682
15. Current log-likelihood: -6063857.365
16. Current log-likelihood: -6063857.086
17. Current log-likelihood: -6063856.831
18. Current log-likelihood: -6063856.604
19. Current log-likelihood: -6063856.397
20. Current log-likelihood: -6063856.211
21. Current log-likelihood: -6063856.042
22. Current log-likelihood: -6063855.889
23. Current log-likelihood: -6063855.750
24. Current log-likelihood: -6063855.625
25. Current log-likelihood: -6063855.510
26. Current log-likelihood: -6063855.406
Optimal log-likelihood: -6063855.312
Rate parameters:  A-C: 1.00000  A-G: 3.82150  A-T: 0.39569  C-G: 0.39569  C-T: 3.82150  G-T: 1.00000
Base frequencies:  A: 0.263  C: 0.237  G: 0.239  T: 0.262
Proportion of invariable sites: 0.915
Parameters optimization took 26 rounds (8.048 sec)
Computing ML distances based on estimated model parameters...
Computing ML distances took 0.155071 sec (of wall-clock time) 1.398486 sec(of CPU time)
Computing RapidNJ tree took 0.099067 sec (of wall-clock time) 0.452287 sec (of CPU time)
Log-likelihood of RapidNJ tree: -6064590.140
--------------------------------------------------------------------
|             INITIALIZING CANDIDATE TREE SET                      |
--------------------------------------------------------------------
Generating 98 parsimony trees... 36.653 second
Computing log-likelihood of 98 initial trees ... 6.962 seconds
Current best score: -6063851.729

Do NNI search on 20 best initial trees
Estimate model parameters (epsilon = 0.100)
BETTER TREE FOUND at iteration 1: -6063851.020
BETTER TREE FOUND at iteration 2: -6063851.020
Iteration 10 / LogL: -6063851.236 / Time: 0h:1m:56s
BETTER TREE FOUND at iteration 12: -6063851.015
BETTER TREE FOUND at iteration 13: -6063851.013
Iteration 20 / LogL: -6063851.181 / Time: 0h:2m:8s
Finish initializing candidate tree set (20)
Current best tree score: -6063851.013 / CPU time: 68.564
Number of iterations: 20
--------------------------------------------------------------------
|               OPTIMIZING CANDIDATE TREE SET                      |
--------------------------------------------------------------------
Iteration 30 / LogL: -6063852.146 / Time: 0h:2m:20s (0h:4m:17s left)
Iteration 40 / LogL: -6063889.554 / Time: 0h:2m:31s (0h:3m:10s left)
Iteration 50 / LogL: -6063852.658 / Time: 0h:2m:43s (0h:2m:25s left)
Log-likelihood cutoff on original alignment: -6063940.005
Iteration 60 / LogL: -6063860.133 / Time: 0h:2m:56s (0h:1m:53s left)
Iteration 70 / LogL: -6063863.623 / Time: 0h:3m:7s (0h:1m:25s left)
Iteration 80 / LogL: -6063865.823 / Time: 0h:3m:18s (0h:1m:1s left)
Iteration 90 / LogL: -6063862.220 / Time: 0h:3m:29s (0h:0m:41s left)
Iteration 100 / LogL: -6063852.383 / Time: 0h:3m:40s (0h:0m:22s left)
Log-likelihood cutoff on original alignment: -6063940.005
NOTE: Bootstrap correlation coefficient of split occurrence frequencies: 1.000
Iteration 110 / LogL: -6063852.254 / Time: 0h:3m:53s (0h:2m:31s left)
TREE SEARCH COMPLETED AFTER 114 ITERATIONS / Time: 0h:3m:57s

--------------------------------------------------------------------
|                    FINALIZING TREE SEARCH                        |
--------------------------------------------------------------------
Performs final model parameters optimization
Estimate model parameters (epsilon = 0.010)
1. Initial log-likelihood: -6063851.013
2. Current log-likelihood: -6063850.928
3. Current log-likelihood: -6063850.852
4. Current log-likelihood: -6063850.782
5. Current log-likelihood: -6063850.718
6. Current log-likelihood: -6063850.660
7. Current log-likelihood: -6063850.608
8. Current log-likelihood: -6063850.560
9. Current log-likelihood: -6063850.516
10. Current log-likelihood: -6063850.476
11. Current log-likelihood: -6063850.440
12. Current log-likelihood: -6063850.407
13. Current log-likelihood: -6063850.377
14. Current log-likelihood: -6063850.350
15. Current log-likelihood: -6063850.325
16. Current log-likelihood: -6063850.302
17. Current log-likelihood: -6063850.281
18. Current log-likelihood: -6063850.262
19. Current log-likelihood: -6063850.245
20. Current log-likelihood: -6063850.229
21. Current log-likelihood: -6063850.215
22. Current log-likelihood: -6063850.201
23. Current log-likelihood: -6063850.189
24. Current log-likelihood: -6063850.178
Optimal log-likelihood: -6063850.168
Rate parameters:  A-C: 1.00000  A-G: 3.88999  A-T: 0.39881  C-G: 0.39881  C-T: 3.88999  G-T: 1.00000
Base frequencies:  A: 0.263  C: 0.237  G: 0.239  T: 0.262
Proportion of invariable sites: 0.915
Parameters optimization took 24 rounds (7.090 sec)
BEST SCORE FOUND : -6063850.168
Creating bootstrap support values...
Split supports printed to NEXUS file /2/scratch/keaton/plague-phylogeography/results/iqtree/all/chromosome/prune/filter5/iqtree.splits.nex
Total tree length: 0.005

Total number of iterations: 114
CPU time used for tree search: 1479.771 sec (0h:24m:39s)
Wall-clock time used for tree search: 177.430 sec (0h:2m:57s)
Total CPU time used: 1682.082 sec (0h:28m:2s)
Total wall-clock time used: 245.112 sec (0h:4m:5s)

Computing bootstrap consensus tree...
Reading input file /2/scratch/keaton/plague-phylogeography/results/iqtree/all/chromosome/prune/filter5/iqtree.splits.nex...
196 taxa and 965 splits.
Consensus tree written to /2/scratch/keaton/plague-phylogeography/results/iqtree/all/chromosome/prune/filter5/iqtree.contree
Reading input trees file /2/scratch/keaton/plague-phylogeography/results/iqtree/all/chromosome/prune/filter5/iqtree.contree
Log-likelihood of consensus tree: -6063858.863

---> START RUN NUMBER 10 (seed: 47330424)

Create initial parsimony tree by phylogenetic likelihood library (PLL)... 0.313 seconds
Generating 1000 samples for ultrafast bootstrap (seed: 47330424)...

NOTE: 151 MB RAM (0 GB) is required!
Estimate model parameters (epsilon = 0.100)
1. Initial log-likelihood: -6071481.315
2. Current log-likelihood: -6063890.918
3. Current log-likelihood: -6063884.489
4. Current log-likelihood: -6063881.115
5. Current log-likelihood: -6063877.985
6. Current log-likelihood: -6063873.565
7. Current log-likelihood: -6063867.087
8. Current log-likelihood: -6063862.653
9. Current log-likelihood: -6063858.331
10. Current log-likelihood: -6063857.681
11. Current log-likelihood: -6063857.115
12. Current log-likelihood: -6063856.737
13. Current log-likelihood: -6063856.149
14. Current log-likelihood: -6063855.786
15. Current log-likelihood: -6063855.439
16. Current log-likelihood: -6063855.133
17. Current log-likelihood: -6063854.852
18. Current log-likelihood: -6063854.602
19. Current log-likelihood: -6063854.372
20. Current log-likelihood: -6063854.167
21. Current log-likelihood: -6063853.979
22. Current log-likelihood: -6063853.810
23. Current log-likelihood: -6063853.656
24. Current log-likelihood: -6063853.518
25. Current log-likelihood: -6063853.390
26. Current log-likelihood: -6063853.276
27. Current log-likelihood: -6063853.171
Optimal log-likelihood: -6063853.076
Rate parameters:  A-C: 1.00000  A-G: 3.82429  A-T: 0.39146  C-G: 0.39146  C-T: 3.82429  G-T: 1.00000
Base frequencies:  A: 0.263  C: 0.237  G: 0.239  T: 0.262
Proportion of invariable sites: 0.915
Parameters optimization took 27 rounds (3.700 sec)
Computing ML distances based on estimated model parameters...
Computing ML distances took 0.157504 sec (of wall-clock time) 1.410785 sec(of CPU time)
Computing RapidNJ tree took 0.106252 sec (of wall-clock time) 0.366601 sec (of CPU time)
Log-likelihood of RapidNJ tree: -6064605.772
--------------------------------------------------------------------
|             INITIALIZING CANDIDATE TREE SET                      |
--------------------------------------------------------------------
Generating 98 parsimony trees... 36.617 second
Computing log-likelihood of 98 initial trees ... 4.437 seconds
Current best score: -6063851.687

Do NNI search on 20 best initial trees
Estimate model parameters (epsilon = 0.100)
BETTER TREE FOUND at iteration 1: -6063850.982
BETTER TREE FOUND at iteration 2: -6063850.973
BETTER TREE FOUND at iteration 7: -6063850.965
Iteration 10 / LogL: -6063851.111 / Time: 0h:1m:48s
Iteration 20 / LogL: -6063851.038 / Time: 0h:1m:58s
Finish initializing candidate tree set (20)
Current best tree score: -6063850.965 / CPU time: 63.200
Number of iterations: 20
--------------------------------------------------------------------
|               OPTIMIZING CANDIDATE TREE SET                      |
--------------------------------------------------------------------
Iteration 30 / LogL: -6063862.303 / Time: 0h:2m:7s (0h:3m:27s left)
Iteration 40 / LogL: -6063852.043 / Time: 0h:2m:17s (0h:2m:30s left)
Iteration 50 / LogL: -6063860.302 / Time: 0h:2m:26s (0h:1m:52s left)
Log-likelihood cutoff on original alignment: -6063940.355
Iteration 60 / LogL: -6063977.113 / Time: 0h:2m:36s (0h:1m:25s left)
Iteration 70 / LogL: -6063862.433 / Time: 0h:2m:46s (0h:1m:2s left)
Iteration 80 / LogL: -6063864.741 / Time: 0h:2m:55s (0h:0m:43s left)
Iteration 90 / LogL: -6063870.648 / Time: 0h:3m:5s (0h:0m:25s left)
Iteration 100 / LogL: -6063851.924 / Time: 0h:3m:14s (0h:0m:10s left)
Log-likelihood cutoff on original alignment: -6063940.355
NOTE: Bootstrap correlation coefficient of split occurrence frequencies: 0.997
TREE SEARCH COMPLETED AFTER 108 ITERATIONS / Time: 0h:3m:22s

--------------------------------------------------------------------
|                    FINALIZING TREE SEARCH                        |
--------------------------------------------------------------------
Performs final model parameters optimization
Estimate model parameters (epsilon = 0.010)
1. Initial log-likelihood: -6063850.966
2. Current log-likelihood: -6063850.885
3. Current log-likelihood: -6063850.812
4. Current log-likelihood: -6063850.745
5. Current log-likelihood: -6063850.684
6. Current log-likelihood: -6063850.629
7. Current log-likelihood: -6063850.578
8. Current log-likelihood: -6063850.533
9. Current log-likelihood: -6063850.490
10. Current log-likelihood: -6063850.452
11. Current log-likelihood: -6063850.417
12. Current log-likelihood: -6063850.386
13. Current log-likelihood: -6063850.356
14. Current log-likelihood: -6063850.330
15. Current log-likelihood: -6063850.306
16. Current log-likelihood: -6063850.284
17. Current log-likelihood: -6063850.264
18. Current log-likelihood: -6063850.246
19. Current log-likelihood: -6063850.229
20. Current log-likelihood: -6063850.214
21. Current log-likelihood: -6063850.199
22. Current log-likelihood: -6063850.187
23. Current log-likelihood: -6063850.175
24. Current log-likelihood: -6063850.164
25. Current log-likelihood: -6063850.154
Optimal log-likelihood: -6063850.146
Rate parameters:  A-C: 1.00000  A-G: 3.89209  A-T: 0.39906  C-G: 0.39906  C-T: 3.89209  G-T: 1.00000
Base frequencies:  A: 0.263  C: 0.237  G: 0.239  T: 0.262
Proportion of invariable sites: 0.915
Parameters optimization took 25 rounds (3.076 sec)
BEST SCORE FOUND : -6063850.146
Creating bootstrap support values...
Split supports printed to NEXUS file /2/scratch/keaton/plague-phylogeography/results/iqtree/all/chromosome/prune/filter5/iqtree.splits.nex
Total tree length: 0.005

Total number of iterations: 108
CPU time used for tree search: 1181.802 sec (0h:19m:41s)
Wall-clock time used for tree search: 147.326 sec (0h:2m:27s)
Total CPU time used: 1304.821 sec (0h:21m:44s)
Total wall-clock time used: 206.193 sec (0h:3m:26s)

Computing bootstrap consensus tree...
Reading input file /2/scratch/keaton/plague-phylogeography/results/iqtree/all/chromosome/prune/filter5/iqtree.splits.nex...
196 taxa and 925 splits.
Consensus tree written to /2/scratch/keaton/plague-phylogeography/results/iqtree/all/chromosome/prune/filter5/iqtree.contree
Reading input trees file /2/scratch/keaton/plague-phylogeography/results/iqtree/all/chromosome/prune/filter5/iqtree.contree
Log-likelihood of consensus tree: -6063858.627

---> SUMMARIZE RESULTS FROM 10 RUNS

Run 4 gave best log-likelihood: -6063850.062
Split supports printed to NEXUS file /2/scratch/keaton/plague-phylogeography/results/iqtree/all/chromosome/prune/filter5/iqtree.splits.nex
Consensus tree written to /2/scratch/keaton/plague-phylogeography/results/iqtree/all/chromosome/prune/filter5/iqtree.contree
Total CPU time for 10 runs: 14052.981 seconds.
Total wall-clock time for 10 runs: 2174.490 seconds.


Analysis results written to: 
  IQ-TREE report:                /2/scratch/keaton/plague-phylogeography/results/iqtree/all/chromosome/prune/filter5/iqtree.iqtree
  Maximum-likelihood tree:       /2/scratch/keaton/plague-phylogeography/results/iqtree/all/chromosome/prune/filter5/iqtree.treefile
  Trees from independent runs:   /2/scratch/keaton/plague-phylogeography/results/iqtree/all/chromosome/prune/filter5/iqtree.runtrees
  Likelihood distances:          /2/scratch/keaton/plague-phylogeography/results/iqtree/all/chromosome/prune/filter5/iqtree.mldist

Ultrafast bootstrap approximation results written to:
  Split support values:          /2/scratch/keaton/plague-phylogeography/results/iqtree/all/chromosome/prune/filter5/iqtree.splits.nex
  Consensus tree:                /2/scratch/keaton/plague-phylogeography/results/iqtree/all/chromosome/prune/filter5/iqtree.contree
  Screen log file:               /2/scratch/keaton/plague-phylogeography/results/iqtree/all/chromosome/prune/filter5/iqtree.log

Date and Time: Sun Apr 18 18:01:06 2021
