2021-06-16 11:24:47,114 Reading the input fasta file: /2/scratch/keaton/plague-phylogeography/results/snippy_multi/all/chromosome/full/snippy-multi.snps.aln
2021-06-16 11:24:47,116 Reading alignment length...
2021-06-16 11:24:47,116 Alignment length: 483
2021-06-16 11:24:47,116 Reading alignment sample names...
2021-06-16 11:24:47,116 Number of samples: 50
2021-06-16 11:24:47,116 Analyzing alignment for sites with >=0.88 samples with data...
2021-06-16 11:24:47,123 5% Complete
2021-06-16 11:24:47,128 10% Complete
2021-06-16 11:24:47,132 15% Complete
2021-06-16 11:24:47,140 20% Complete
2021-06-16 11:24:47,146 25% Complete
2021-06-16 11:24:47,156 30% Complete
2021-06-16 11:24:47,172 35% Complete
2021-06-16 11:24:47,182 40% Complete
2021-06-16 11:24:47,191 45% Complete
2021-06-16 11:24:47,194 50% Complete
2021-06-16 11:24:47,210 55% Complete
2021-06-16 11:24:47,226 60% Complete
2021-06-16 11:24:47,238 65% Complete
2021-06-16 11:24:47,253 70% Complete
2021-06-16 11:24:47,265 75% Complete
2021-06-16 11:24:47,279 80% Complete
2021-06-16 11:24:47,313 85% Complete
2021-06-16 11:24:47,347 90% Complete
2021-06-16 11:24:47,378 95% Complete
2021-06-16 11:24:47,422 100% Complete
2021-06-16 11:24:47,422 Creating the filtered multiple alignment..
2021-06-16 11:24:47,431 Writing to the output fasta file: /2/scratch/keaton/plague-phylogeography/results/snippy_multi/all/chromosome/full/filter12/snippy-multi.snps.aln
2021-06-16 11:24:47,432 Constant sites: 0 (0%)
2021-06-16 11:24:47,432 Parsimony informative sites: 238 (49%)
2021-06-16 11:24:47,432 Biallelic singleton sites: 245 (50%)
2021-06-16 11:24:47,433 Multiallelic singleton sites: 0 (0%)
2021-06-16 11:24:47,433 Pseudo singleton sites: 0 (0%)
2021-06-16 11:24:47,433 Total singleton sites: 245 (50%)
2021-06-16 11:24:47,433 Singleton sites passing missing data filter: 91
2021-06-16 11:24:47,433 Parsimony informative sites passing missing data filter: 138
2021-06-16 11:24:47,433 Total sites passing missing data filter: 229
2021-06-16 11:24:47,433 Total sites failing missing data filter: 254
2021-06-16 11:24:47,433 Wrote a multi-fasta alignment of length: 229
