2021-04-16 16:49:03,540 Reading the input fasta file: /mnt/c/Users/ktmea/Projects/plague-phylogeography/results/snippy_multi/all/chromosome/prune/snippy-multi.snps.aln
2021-04-16 16:49:03,554 Reading alignment length...
2021-04-16 16:49:03,554 Alignment length: 2451
2021-04-16 16:49:03,554 Reading alignment sample names...
2021-04-16 16:49:03,555 Number of samples: 27
2021-04-16 16:49:03,555 Analyzing alignment for sites with >=1.0 samples with data...
2021-04-16 16:49:03,584 5% Complete
2021-04-16 16:49:03,617 10% Complete
2021-04-16 16:49:03,660 15% Complete
2021-04-16 16:49:03,702 20% Complete
2021-04-16 16:49:03,784 25% Complete
2021-04-16 16:49:03,962 30% Complete
2021-04-16 16:49:04,110 35% Complete
2021-04-16 16:49:04,295 40% Complete
2021-04-16 16:49:04,464 45% Complete
2021-04-16 16:49:04,544 50% Complete
2021-04-16 16:49:04,687 55% Complete
2021-04-16 16:49:04,880 60% Complete
2021-04-16 16:49:05,059 65% Complete
2021-04-16 16:49:05,236 70% Complete
2021-04-16 16:49:05,468 75% Complete
2021-04-16 16:49:05,684 80% Complete
2021-04-16 16:49:05,901 85% Complete
2021-04-16 16:49:06,356 90% Complete
2021-04-16 16:49:06,803 95% Complete
2021-04-16 16:49:07,105 100% Complete
2021-04-16 16:49:07,106 Creating the filtered multiple alignment..
2021-04-16 16:49:07,122 Writing to the output fasta file: /mnt/c/Users/ktmea/Projects/plague-phylogeography/results/snippy_multi/all/chromosome/prune/filter0/snippy-multi.snps.aln
2021-04-16 16:49:07,125 Parsimony informative sites: 392 (15%)
2021-04-16 16:49:07,125 Biallelic singleton sites: 2056 (83%)
2021-04-16 16:49:07,125 Multiallelic singleton sites: 1 (0%)
2021-04-16 16:49:07,126 Pseudo singleton sites: 2 (0%)
2021-04-16 16:49:07,126 Total singleton sites: 2059 (84%)
2021-04-16 16:49:07,126 Singleton sites passing missing data filter: 1234
2021-04-16 16:49:07,127 Parsimony informative sites passing missing data filter: 221
2021-04-16 16:49:07,127 Total sites passing missing data filter: 1455
2021-04-16 16:49:07,127 Total sites failing missing data filter: 996
2021-04-16 16:49:07,127 Wrote a multi-fasta alignment of length: 1452
