
                   BEAST v2.6.3 Prerelease, 2002-2020
             Bayesian Evolutionary Analysis Sampling Trees
                       Designed and developed by
 Remco Bouckaert, Alexei J. Drummond, Andrew Rambaut & Marc A. Suchard
                                    
                   Centre for Computational Evolution
                         University of Auckland
                       r.bouckaert@auckland.ac.nz
                        alexei@cs.auckland.ac.nz
                                    
                   Institute of Evolutionary Biology
                        University of Edinburgh
                           a.rambaut@ed.ac.uk
                                    
                    David Geffen School of Medicine
                 University of California, Los Angeles
                           msuchard@ucla.edu
                                    
                      Downloads, Help & Resources:
                           http://beast2.org/
                                    
  Source code distributed under the GNU Lesser General Public License:
                   http://github.com/CompEvol/beast2
                                    
                           BEAST developers:
   Alex Alekseyenko, Trevor Bedford, Erik Bloomquist, Joseph Heled, 
 Sebastian Hoehna, Denise Kuehnert, Philippe Lemey, Wai Lok Sibon Li, 
Gerton Lunter, Sidney Markowitz, Vladimir Minin, Michael Defoin Platel, 
          Oliver Pybus, Tim Vaughan, Chieh-Hsi Wu, Walter Xie
                                    
                               Thanks to:
          Roald Forsberg, Beth Shapiro and Korbinian Strimmer

Random number seed: 45375043257

Alignment(original-dna)
  39 taxa
  10249 sites
  1390 patterns

Filter -
39 taxa
10249 sites + 4218849 constant sites
1390 patterns
GCA_000022805.1_ASM2280v1_genomic = 15.0 (2.0)
GCA_000022825.1_ASM2282v1_genomic = 39.0 (26.0)
GCA_000022845.1_ASM2284v1_genomic = 45.0 (32.0)
GCA_000323285.1_ASM32328v1_genomic = 45.0 (32.0)
GCA_000323445.1_ASM32344v1_genomic = 17.0 (4.0)
GCA_000323545.1_ASM32354v1_genomic = 50.0 (37.0)
GCA_000323605.1_ASM32360v1_genomic = 43.0 (30.0)
GCA_000323685.1_ASM32368v1_genomic = 24.0 (11.0)
GCA_000323745.1_ASM32374v1_genomic = 46.0 (33.0)
GCA_000323785.1_ASM32378v1_genomic = 32.0 (19.0)
GCA_000323805.1_ASM32380v1_genomic = 56.0 (43.0)
GCA_000323825.1_ASM32382v1_genomic = 67.0 (54.0)
GCA_000323865.1_ASM32386v1_genomic = 33.0 (20.0)
GCA_000323885.1_ASM32388v1_genomic = 57.0 (44.0)
GCA_000323965.1_ASM32396v1_genomic = 67.0 (54.0)
GCA_000324085.1_ASM32408v1_genomic = 30.0 (17.0)
GCA_000324105.1_ASM32410v1_genomic = 31.0 (18.0)
GCA_000324285.1_ASM32428v1_genomic = 57.0 (44.0)
GCA_000324365.1_ASM32436v1_genomic = 42.0 (29.0)
GCA_000324385.1_ASM32438v1_genomic = 39.0 (26.0)
GCA_000324405.1_ASM32440v1_genomic = 37.0 (24.0)
GCA_000324685.1_ASM32468v1_genomic = 57.0 (44.0)
GCA_000324705.1_ASM32470v1_genomic = 57.0 (44.0)
GCA_000324725.1_ASM32472v1_genomic = 39.0 (26.0)
GCA_000324745.1_ASM32474v1_genomic = 30.0 (17.0)
GCA_000324765.1_ASM32476v1_genomic = 44.0 (31.0)
GCA_000324785.1_ASM32478v1_genomic = 42.0 (29.0)
GCA_000324845.1_ASM32484v1_genomic = 67.0 (54.0)
GCA_000325165.1_ASM32516v1_genomic = 36.0 (23.0)
GCA_000325365.1_ASM32536v1_genomic = 67.0 (54.0)
GCA_000325385.1_ASM32538v1_genomic = 44.0 (31.0)
GCA_000325465.1_ASM32546v1_genomic = 64.0 (51.0)
GCA_015158475.1_ASM1515847v1_genomic = 13.0 (0.0)
GCA_015158485.1_ASM1515848v1_genomic = 14.0 (1.0)
GCA_015158575.1_ASM1515857v1_genomic = 22.0 (9.0)
GCA_015158585.1_ASM1515858v1_genomic = 22.0 (9.0)
GCA_015158615.1_ASM1515861v1_genomic = 22.0 (9.0)
GCA_015158625.1_ASM1515862v1_genomic = 27.0 (14.0)
GCA_015158635.1_ASM1515863v1_genomic = 25.0 (12.0)
  UCRelaxedClockModel: using 76 rate categories to approximate rate distribution across branches.
Filter 1-2049
39 taxa
2049 sites + 4218849 constant sites
317 patterns
  UCRelaxedClockModel: using 76 rate categories to approximate rate distribution across branches.
  Using BEAGLE version: 3.1.2 resource 0: CPU
    with instance flags:  PRECISION_DOUBLE COMPUTATION_SYNCH EIGEN_REAL SCALING_MANUAL SCALERS_RAW VECTOR_SSE THREADING_NONE PROCESSOR_CPU FRAMEWORK_CPU
Filter 2050-4098
39 taxa
2049 sites
404 patterns
  UCRelaxedClockModel: using 76 rate categories to approximate rate distribution across branches.
  Using BEAGLE version: 3.1.2 resource 0: CPU
    with instance flags:  PRECISION_DOUBLE COMPUTATION_SYNCH EIGEN_REAL SCALING_MANUAL SCALERS_RAW VECTOR_SSE THREADING_NONE PROCESSOR_CPU FRAMEWORK_CPU
Filter 4099-6147
39 taxa
2049 sites
474 patterns
  UCRelaxedClockModel: using 76 rate categories to approximate rate distribution across branches.
  Using BEAGLE version: 3.1.2 resource 0: CPU
    with instance flags:  PRECISION_DOUBLE COMPUTATION_SYNCH EIGEN_REAL SCALING_MANUAL SCALERS_RAW VECTOR_SSE THREADING_NONE PROCESSOR_CPU FRAMEWORK_CPU
Filter 6148-8196
39 taxa
2049 sites
375 patterns
  UCRelaxedClockModel: using 76 rate categories to approximate rate distribution across branches.
  Using BEAGLE version: 3.1.2 resource 0: CPU
    with instance flags:  PRECISION_DOUBLE COMPUTATION_SYNCH EIGEN_REAL SCALING_MANUAL SCALERS_RAW VECTOR_SSE THREADING_NONE PROCESSOR_CPU FRAMEWORK_CPU
Filter 8197-10249
39 taxa
2053 sites
377 patterns
  UCRelaxedClockModel: using 76 rate categories to approximate rate distribution across branches.
  Using BEAGLE version: 3.1.2 resource 0: CPU
    with instance flags:  PRECISION_DOUBLE COMPUTATION_SYNCH EIGEN_REAL SCALING_MANUAL SCALERS_RAW VECTOR_SSE THREADING_NONE PROCESSOR_CPU FRAMEWORK_CPU
===============================================================================
Citations for this model:

Bouckaert, Remco, Timothy G. Vaughan, Joëlle Barido-Sottani, Sebastián Duchêne, Mathieu Fourment, 
Alexandra Gavryushkina, Joseph Heled, Graham Jones, Denise Kühnert, Nicola De Maio, Michael Matschiner, 
Fábio K. Mendes, Nicola F. Müller, Huw A. Ogilvie, Louis du Plessis, Alex Popinga, Andrew Rambaut, 
David Rasmussen, Igor Siveroni, Marc A. Suchard, Chieh-Hsi Wu, Dong Xie, Chi Zhang, Tanja Stadler, 
Alexei J. Drummond 
  BEAST 2.5: An advanced software platform for Bayesian evolutionary analysis. 
  PLoS computational biology 15, no. 4 (2019): e1006650.

Drummond AJ, Ho SYW, Phillips MJ, Rambaut A (2006) Relaxed Phylogenetics and
  Dating with Confidence. PLoS Biol 4(5): e88

===============================================================================
Start likelihood: -1.78048618775903E8 
Writing file beast.log
Writing file beast.trees
         Sample      posterior     likelihood          prior
              0 -1.779828827E8 -1.779827767E8      -106.0305 --
         100000  -5863770.8703  -5863523.8390      -247.0312 --
         200000  -5863504.8528  -5863233.3900      -271.4627 --
         300000  -5863499.2801  -5863221.6788      -277.6012 --
         400000  -5863510.3048  -5863227.3758      -282.9289 --
         500000  -5863509.3347  -5863217.9035      -291.4312 --
         600000  -5863494.1546  -5863212.5154      -281.6391 4m48s/Msamples
         700000  -5863522.1280  -5863210.6776      -311.4503 4m57s/Msamples
         800000  -5863501.0880  -5863215.0028      -286.0852 4m48s/Msamples
         900000  -5863495.6763  -5863216.0236      -279.6527 4m46s/Msamples
        1000000  -5863495.6791  -5863213.5753      -282.1037 4m51s/Msamples
        1100000  -5863534.8053  -5863218.6713      -316.1339 4m51s/Msamples
        1200000  -5863552.7302  -5863218.5731      -334.1571 4m51s/Msamples
        1300000  -5863519.4856  -5863211.7987      -307.6868 4m50s/Msamples
        1400000  -5863527.6569  -5863223.9920      -303.6648 4m48s/Msamples
        1500000  -5863518.0631  -5863215.7647      -302.2984 4m46s/Msamples
        1600000  -5863490.7648  -5863219.0385      -271.7263 4m45s/Msamples
        1700000  -5863470.3271  -5863214.6436      -255.6834 4m44s/Msamples
        1800000  -5863486.7635  -5863211.1212      -275.6422 4m42s/Msamples
        1900000  -5863513.6251  -5863209.2423      -304.3827 4m41s/Msamples
        2000000  -5863501.9135  -5863219.7225      -282.1909 4m40s/Msamples
        2100000  -5863499.0991  -5863214.7228      -284.3763 4m39s/Msamples
        2200000  -5863503.4382  -5863216.7814      -286.6567 4m39s/Msamples
        2300000  -5863497.5497  -5863222.1502      -275.3994 4m38s/Msamples
        2400000  -5863490.6234  -5863213.6302      -276.9931 4m37s/Msamples
        2500000  -5863482.0549  -5863204.2495      -277.8054 4m37s/Msamples
        2600000  -5863495.0170  -5863220.6218      -274.3951 4m38s/Msamples
        2700000  -5863496.8217  -5863217.3747      -279.4469 4m39s/Msamples
        2800000  -5863475.3803  -5863213.2630      -262.1172 4m40s/Msamples
        2900000  -5863476.6182  -5863220.7309      -255.8872 4m40s/Msamples
        3000000  -5863481.6657  -5863218.5971      -263.0686 4m40s/Msamples
        3100000  -5863495.1841  -5863206.5704      -288.6137 4m40s/Msamples
        3200000  -5863499.7889  -5863214.1581      -285.6308 4m41s/Msamples
        3300000  -5863503.5436  -5863223.5264      -280.0172 4m42s/Msamples
        3400000  -5863493.0104  -5863225.7681      -267.2423 4m41s/Msamples
        3500000  -5863493.4633  -5863215.2702      -278.1930 4m41s/Msamples
        3600000  -5863505.6387  -5863211.0828      -294.5558 4m41s/Msamples
        3700000  -5863476.2323  -5863220.6908      -255.5415 4m44s/Msamples
        3800000  -5863500.3034  -5863222.8449      -277.4584 4m44s/Msamples
        3900000  -5863509.6265  -5863222.7428      -286.8837 4m43s/Msamples
        4000000  -5863511.6871  -5863228.7466      -282.9404 4m44s/Msamples
        4100000  -5863482.7933  -5863219.5317      -263.2616 4m44s/Msamples
        4200000  -5863474.8026  -5863211.0716      -263.7310 4m44s/Msamples
        4300000  -5863493.6232  -5863221.6903      -271.9328 4m44s/Msamples
        4400000  -5863494.3005  -5863210.8716      -283.4288 4m44s/Msamples
        4500000  -5863476.3175  -5863206.2341      -270.0834 4m44s/Msamples
        4600000  -5863507.1118  -5863223.5734      -283.5383 4m45s/Msamples
        4700000  -5863497.7512  -5863221.6164      -276.1347 4m44s/Msamples
        4800000  -5863486.4681  -5863212.7163      -273.7517 4m44s/Msamples
        4900000  -5863481.2187  -5863212.9480      -268.2707 4m44s/Msamples
        5000000  -5863509.0823  -5863224.1895      -284.8927 4m46s/Msamples
        5100000  -5863489.8196  -5863212.7738      -277.0458 4m45s/Msamples
        5200000  -5863542.8292  -5863219.9566      -322.8725 4m44s/Msamples
        5300000  -5863511.9664  -5863221.5318      -290.4346 4m44s/Msamples
        5400000  -5863524.3346  -5863222.5276      -301.8070 4m44s/Msamples
        5500000  -5863483.1947  -5863213.8695      -269.3252 4m44s/Msamples
        5600000  -5863507.0786  -5863213.1217      -293.9568 4m43s/Msamples
        5700000  -5863513.8145  -5863212.1090      -301.7055 4m43s/Msamples
        5800000  -5863523.5441  -5863216.8938      -306.6502 4m44s/Msamples
        5900000  -5863494.2486  -5863211.5939      -282.6547 4m44s/Msamples
        6000000  -5863491.1536  -5863217.2672      -273.8863 4m45s/Msamples
        6100000  -5863512.1938  -5863218.7330      -293.4607 4m45s/Msamples
        6200000  -5863504.1646  -5863219.4958      -284.6687 4m46s/Msamples
        6300000  -5863497.8289  -5863215.4041      -282.4248 4m47s/Msamples
        6400000  -5863510.5373  -5863215.1732      -295.3641 4m47s/Msamples
        6500000  -5863496.4092  -5863216.4549      -279.9543 4m46s/Msamples
        6600000  -5863487.0884  -5863206.9060      -280.1823 4m46s/Msamples
        6700000  -5863488.8462  -5863218.4274      -270.4187 4m46s/Msamples
        6800000  -5863473.7083  -5863219.6276      -254.0807 4m46s/Msamples
        6900000  -5863507.7976  -5863222.5262      -285.2713 4m46s/Msamples
        7000000  -5863502.7459  -5863219.6239      -283.1219 4m46s/Msamples
        7100000  -5863524.3364  -5863216.2172      -308.1192 4m45s/Msamples
        7200000  -5863517.5085  -5863224.4934      -293.0151 4m45s/Msamples
        7300000  -5863518.9658  -5863212.9758      -305.9900 4m45s/Msamples
        7400000  -5863478.7887  -5863217.0508      -261.7379 4m45s/Msamples
        7500000  -5863530.7905  -5863215.8958      -314.8946 4m45s/Msamples
        7600000  -5863505.3533  -5863221.8794      -283.4738 4m44s/Msamples
        7700000  -5863496.8504  -5863213.5392      -283.3111 4m44s/Msamples
        7800000  -5863508.9140  -5863217.6337      -291.2803 4m44s/Msamples
        7900000  -5863529.2091  -5863228.9049      -300.3042 4m43s/Msamples
        8000000  -5863508.2778  -5863212.1250      -296.1528 4m43s/Msamples
        8100000  -5863530.9305  -5863230.0967      -300.8338 4m43s/Msamples
        8200000  -5863533.7039  -5863221.2376      -312.4662 4m43s/Msamples
        8300000  -5863539.0286  -5863215.8674      -323.1612 4m43s/Msamples
        8400000  -5863557.0493  -5863212.9938      -344.0555 4m43s/Msamples
        8500000  -5863499.0419  -5863219.7967      -279.2452 4m43s/Msamples
        8600000  -5863529.1416  -5863226.0908      -303.0507 4m42s/Msamples
        8700000  -5863494.5307  -5863212.3566      -282.1740 4m42s/Msamples
        8800000  -5863497.7727  -5863216.8549      -280.9177 4m42s/Msamples
        8900000  -5863505.2989  -5863214.7178      -290.5811 4m42s/Msamples
        9000000  -5863511.3890  -5863214.0853      -297.3037 4m42s/Msamples
        9100000  -5863510.9254  -5863220.7816      -290.1437 4m42s/Msamples
        9200000  -5863474.3351  -5863217.3997      -256.9353 4m42s/Msamples
        9300000  -5863465.1617  -5863220.0053      -245.1564 4m42s/Msamples
        9400000  -5863474.8165  -5863210.6119      -264.2046 4m42s/Msamples
        9500000  -5863514.5358  -5863218.7518      -295.7839 4m41s/Msamples
        9600000  -5863506.0124  -5863208.3104      -297.7020 4m42s/Msamples
        9700000  -5863503.7225  -5863217.0322      -286.6902 4m42s/Msamples
        9800000  -5863504.6929  -5863222.6831      -282.0098 4m42s/Msamples
        9900000  -5863499.7648  -5863214.1984      -285.5664 4m41s/Msamples
       10000000  -5863486.0674  -5863227.3668      -258.7005 4m42s/Msamples
       10100000  -5863483.1702  -5863213.6431      -269.5270 4m43s/Msamples
       10200000  -5863480.5116  -5863220.9940      -259.5176 4m43s/Msamples
       10300000  -5863497.8956  -5863220.8163      -277.0793 4m43s/Msamples
       10400000  -5863485.7866  -5863218.3947      -267.3918 4m43s/Msamples
       10500000  -5863459.6772  -5863216.7080      -242.9691 4m43s/Msamples
       10600000  -5863487.0509  -5863223.3614      -263.6895 4m43s/Msamples
       10700000  -5863498.7474  -5863234.4448      -264.3025 4m43s/Msamples
       10800000  -5863487.4825  -5863228.7459      -258.7366 4m43s/Msamples
       10900000  -5863488.1638  -5863223.7683      -264.3954 4m43s/Msamples
       11000000  -5863497.2900  -5863229.1222      -268.1677 4m43s/Msamples
       11100000  -5863511.8180  -5863225.3362      -286.4818 4m43s/Msamples
       11200000  -5863493.5054  -5863228.6163      -264.8891 4m43s/Msamples
       11300000  -5863509.7811  -5863225.7892      -283.9919 4m43s/Msamples
       11400000  -5863484.0203  -5863226.3207      -257.6995 4m44s/Msamples
       11500000  -5863508.9279  -5863232.9643      -275.9636 4m45s/Msamples
       11600000  -5863492.8828  -5863233.3884      -259.4944 4m46s/Msamples
       11700000  -5863496.5198  -5863223.3188      -273.2009 4m47s/Msamples
       11800000  -5863516.9673  -5863216.7196      -300.2476 4m48s/Msamples
       11900000  -5863558.4672  -5863229.2156      -329.2516 4m48s/Msamples
       12000000  -5863519.0380  -5863216.8591      -302.1789 4m48s/Msamples
       12100000  -5863528.1422  -5863227.8144      -300.3278 4m49s/Msamples
       12200000  -5863503.3146  -5863226.8355      -276.4791 4m49s/Msamples
       12300000  -5863518.5831  -5863235.3315      -283.2515 4m49s/Msamples
       12400000  -5863500.5471  -5863211.6489      -288.8982 4m50s/Msamples
       12500000  -5863512.1162  -5863238.5107      -273.6055 4m50s/Msamples
       12600000  -5863500.9631  -5863221.5566      -279.4064 4m51s/Msamples
       12700000  -5863509.0758  -5863230.3892      -278.6866 4m51s/Msamples
       12800000  -5863517.9553  -5863244.6992      -273.2560 4m51s/Msamples
       12900000  -5863498.5113  -5863220.8608      -277.6504 4m50s/Msamples
       13000000  -5863486.7339  -5863228.4944      -258.2395 4m50s/Msamples
       13100000  -5863471.5612  -5863210.6133      -260.9479 4m50s/Msamples
       13200000  -5863481.4147  -5863223.7430      -257.6717 4m50s/Msamples
       13300000  -5863504.9927  -5863231.2519      -273.7408 4m50s/Msamples
       13400000  -5863491.8546  -5863238.8251      -253.0294 4m51s/Msamples
       13500000  -5863510.7704  -5863225.4572      -285.3131 4m51s/Msamples
       13600000  -5863498.2614  -5863230.3911      -267.8702 4m51s/Msamples
       13700000  -5863484.5696  -5863217.9679      -266.6016 4m52s/Msamples
       13800000  -5863507.7474  -5863221.3217      -286.4256 4m53s/Msamples
       13900000  -5863515.5670  -5863240.5758      -274.9911 4m53s/Msamples
       14000000  -5863521.1405  -5863225.6983      -295.4421 4m53s/Msamples
       14100000  -5863510.6936  -5863234.6910      -276.0026 4m53s/Msamples
       14200000  -5863488.6898  -5863223.0265      -265.6632 4m53s/Msamples
       14300000  -5863493.7027  -5863222.8169      -270.8858 4m54s/Msamples
       14400000  -5863502.8181  -5863225.5666      -277.2514 4m54s/Msamples
       14500000  -5863563.9425  -5863226.6185      -337.3239 4m54s/Msamples
       14600000  -5863527.3487  -5863223.0079      -304.3408 4m54s/Msamples
       14700000  -5863503.0502  -5863229.8325      -273.2177 4m54s/Msamples
       14800000  -5863464.6642  -5863216.7739      -247.8903 4m54s/Msamples
       14900000  -5863509.4119  -5863231.1982      -278.2136 4m54s/Msamples
       15000000  -5863518.3762  -5863224.9956      -293.3805 4m54s/Msamples
       15100000  -5863498.6670  -5863229.6904      -268.9765 4m54s/Msamples
       15200000  -5863490.0137  -5863225.4317      -264.5819 4m54s/Msamples
       15300000  -5863525.7617  -5863223.5509      -302.2107 4m54s/Msamples
       15400000  -5863529.5431  -5863225.0271      -304.5159 4m54s/Msamples
       15500000  -5863507.7022  -5863234.5394      -273.1627 4m54s/Msamples
       15600000  -5863522.4464  -5863222.7479      -299.6985 4m54s/Msamples
       15700000  -5863529.3469  -5863233.2134      -296.1335 4m54s/Msamples
       15800000  -5863502.9336  -5863218.9920      -283.9415 4m54s/Msamples
       15900000  -5863495.5374  -5863228.9153      -266.6220 4m54s/Msamples
       16000000  -5863487.5383  -5863223.8186      -263.7197 4m54s/Msamples
       16100000  -5863515.7086  -5863221.0823      -294.6263 4m54s/Msamples
       16200000  -5863507.5606  -5863227.8392      -279.7213 4m54s/Msamples
       16300000  -5863505.5426  -5863225.5791      -279.9634 4m54s/Msamples
       16400000  -5863509.4666  -5863235.2378      -274.2288 4m54s/Msamples
       16500000  -5863512.0222  -5863228.3121      -283.7101 4m54s/Msamples
       16600000  -5863505.6913  -5863219.1911      -286.5001 4m54s/Msamples
       16700000  -5863495.8660  -5863226.2916      -269.5744 4m54s/Msamples
       16800000  -5863505.7200  -5863225.3008      -280.4192 4m54s/Msamples
       16900000  -5863539.7137  -5863226.1532      -313.5604 4m54s/Msamples
       17000000  -5863513.6266  -5863227.2269      -286.3996 4m54s/Msamples
       17100000  -5863509.3748  -5863233.1553      -276.2194 4m54s/Msamples
       17200000  -5863499.2191  -5863229.9963      -269.2228 4m54s/Msamples
       17300000  -5863491.9694  -5863228.1407      -263.8286 4m55s/Msamples
       17400000  -5863506.2341  -5863221.5050      -284.7290 4m56s/Msamples
       17500000  -5863536.6595  -5863228.7865      -307.8729 4m56s/Msamples
       17600000  -5863516.3127  -5863226.0590      -290.2537 4m56s/Msamples
       17700000  -5863522.3892  -5863236.1171      -286.2720 4m56s/Msamples
       17800000  -5863521.2262  -5863218.9132      -302.3130 4m56s/Msamples
       17900000  -5863528.0356  -5863224.2482      -303.7873 4m56s/Msamples
       18000000  -5863506.6982  -5863226.4304      -280.2677 4m56s/Msamples
       18100000  -5863507.3855  -5863226.7441      -280.6414 4m56s/Msamples
       18200000  -5863496.7254  -5863232.7591      -263.9662 4m56s/Msamples
       18300000  -5863493.8730  -5863226.6003      -267.2727 4m56s/Msamples
       18400000  -5863507.9746  -5863226.5801      -281.3944 4m56s/Msamples
       18500000  -5863506.1046  -5863229.2046      -276.8999 4m56s/Msamples
       18600000  -5863495.0877  -5863236.0331      -259.0545 4m55s/Msamples
       18700000  -5863523.9972  -5863228.0354      -295.9618 4m56s/Msamples
       18800000  -5863521.3497  -5863232.4836      -288.8661 4m56s/Msamples
       18900000  -5863491.7659  -5863218.9537      -272.8121 4m57s/Msamples
       19000000  -5863491.2345  -5863232.3381      -258.8963 4m57s/Msamples
       19100000  -5863490.6833  -5863221.0036      -269.6796 4m57s/Msamples
       19200000  -5863489.8385  -5863226.7724      -263.0660 4m57s/Msamples
       19300000  -5863503.0415  -5863231.3266      -271.7148 4m57s/Msamples
       19400000  -5863507.9194  -5863229.6850      -278.2344 4m57s/Msamples
       19500000  -5863500.2930  -5863219.8924      -280.4005 4m57s/Msamples
       19600000  -5863526.6305  -5863227.5985      -299.0320 4m57s/Msamples
       19700000  -5863535.0163  -5863234.6769      -300.3394 4m57s/Msamples
       19800000  -5863489.8885  -5863224.9410      -264.9475 4m57s/Msamples
       19900000  -5863491.8563  -5863224.0116      -267.8446 4m57s/Msamples
       20000000  -5863513.2105  -5863228.8850      -284.3254 4m57s/Msamples
       20100000  -5863485.9495  -5863224.9379      -261.0116 4m58s/Msamples
       20200000  -5863504.7158  -5863222.6254      -282.0904 4m58s/Msamples
       20300000  -5863512.8240  -5863223.3538      -289.4702 4m58s/Msamples
       20400000  -5863560.6929  -5863227.8570      -332.8358 4m58s/Msamples
       20500000  -5863514.1499  -5863225.1932      -288.9566 4m58s/Msamples
       20600000  -5863514.5775  -5863227.4582      -287.1192 4m58s/Msamples
       20700000  -5863541.2540  -5863231.1767      -310.0773 4m58s/Msamples
       20800000  -5863498.6745  -5863223.3704      -275.3040 4m58s/Msamples
       20900000  -5863522.9391  -5863233.0135      -289.9255 4m58s/Msamples
       21000000  -5863494.8216  -5863220.8127      -274.0089 4m58s/Msamples
       21100000  -5863539.5304  -5863233.7571      -305.7733 4m58s/Msamples
       21200000  -5863521.4208  -5863222.9569      -298.4638 4m58s/Msamples
       21300000  -5863517.9395  -5863230.8067      -287.1327 4m58s/Msamples
       21400000  -5863525.9268  -5863228.7517      -297.1751 4m58s/Msamples
       21500000  -5863524.2437  -5863224.9390      -299.3047 4m58s/Msamples
       21600000  -5863529.3015  -5863226.3722      -302.9293 4m58s/Msamples
       21700000  -5863521.5067  -5863228.7749      -292.7317 4m58s/Msamples
       21800000  -5863514.0337  -5863226.4039      -287.6298 4m58s/Msamples
       21900000  -5863559.8146  -5863231.1366      -328.6780 4m58s/Msamples
       22000000  -5863506.7664  -5863229.1440      -277.6224 4m58s/Msamples
       22100000  -5863500.0009  -5863234.9000      -265.1008 4m58s/Msamples
       22200000  -5863493.7611  -5863213.0581      -280.7030 4m58s/Msamples
       22300000  -5863517.4833  -5863229.8954      -287.5878 4m57s/Msamples
       22400000  -5863524.5840  -5863229.4475      -295.1365 4m57s/Msamples
       22500000  -5863485.3784  -5863210.4038      -274.9745 4m57s/Msamples
       22600000  -5863484.8797  -5863218.3642      -266.5154 4m57s/Msamples
       22700000  -5863548.7076  -5863239.1977      -309.5099 4m57s/Msamples
       22800000  -5863509.5965  -5863219.4118      -290.1846 4m57s/Msamples
       22900000  -5863521.1612  -5863223.1003      -298.0609 4m57s/Msamples
       23000000  -5863506.4777  -5863222.5093      -283.9684 4m57s/Msamples
       23100000  -5863543.2581  -5863230.4647      -312.7933 4m57s/Msamples
       23200000  -5863485.1239  -5863213.8548      -271.2691 4m57s/Msamples
       23300000  -5863543.8888  -5863224.4899      -319.3988 4m58s/Msamples
       23400000  -5863505.7163  -5863229.7128      -276.0034 4m58s/Msamples
       23500000  -5863522.5781  -5863223.9807      -298.5973 4m58s/Msamples
       23600000  -5863526.4675  -5863230.8365      -295.6310 4m58s/Msamples
       23700000  -5863494.5227  -5863219.9600      -274.5627 4m58s/Msamples
       23800000  -5863504.5475  -5863230.4515      -274.0959 4m58s/Msamples
       23900000  -5863515.8154  -5863236.1951      -279.6202 4m58s/Msamples
       24000000  -5863517.6690  -5863245.1484      -272.5205 4m58s/Msamples
       24100000  -5863516.2450  -5863226.4210      -289.8240 4m58s/Msamples
       24200000  -5863529.6593  -5863233.8412      -295.8180 4m58s/Msamples
       24300000  -5863512.1308  -5863226.1750      -285.9558 4m58s/Msamples
       24400000  -5863487.2523  -5863217.6110      -269.6412 4m58s/Msamples
       24500000  -5863526.8699  -5863223.7010      -303.1688 4m58s/Msamples
       24600000  -5863530.6224  -5863227.4609      -303.1614 4m58s/Msamples
       24700000  -5863534.5847  -5863221.7937      -312.7910 4m58s/Msamples
       24800000  -5863522.4736  -5863216.8859      -305.5877 4m58s/Msamples
       24900000  -5863518.2317  -5863233.4291      -284.8026 4m58s/Msamples
       25000000  -5863505.6322  -5863226.6513      -278.9808 4m58s/Msamples
       25100000  -5863510.3774  -5863224.5154      -285.8620 4m58s/Msamples
       25200000  -5863518.5191  -5863228.7998      -289.7193 4m58s/Msamples
       25300000  -5863517.1846  -5863231.2003      -285.9842 4m58s/Msamples
       25400000  -5863508.2023  -5863223.7419      -284.4603 4m58s/Msamples
       25500000  -5863521.8507  -5863230.0426      -291.8081 4m58s/Msamples
       25600000  -5863535.3280  -5863225.9468      -309.3811 4m58s/Msamples
       25700000  -5863509.5175  -5863229.1352      -280.3822 4m58s/Msamples
       25800000  -5863537.1176  -5863224.8768      -312.2408 4m58s/Msamples
       25900000  -5863486.7336  -5863218.4359      -268.2977 4m58s/Msamples
       26000000  -5863496.4313  -5863229.7343      -266.6970 4m58s/Msamples
       26100000  -5863517.7102  -5863236.3275      -281.3827 4m58s/Msamples
       26200000  -5863536.3821  -5863231.0980      -305.2841 4m58s/Msamples
       26300000  -5863506.7721  -5863231.6831      -275.0889 4m58s/Msamples
       26400000  -5863504.7748  -5863224.6443      -280.1304 4m58s/Msamples
       26500000  -5863510.2368  -5863231.7928      -278.4439 4m58s/Msamples
       26600000  -5863498.2719  -5863225.2552      -273.0166 4m58s/Msamples
       26700000  -5863522.8152  -5863220.7721      -302.0430 4m58s/Msamples
       26800000  -5863529.2575  -5863233.7175      -295.5399 4m58s/Msamples
       26900000  -5863499.9748  -5863229.4156      -270.5592 4m58s/Msamples
       27000000  -5863516.4223  -5863227.0129      -289.4094 4m58s/Msamples
       27100000  -5863515.4580  -5863232.9159      -282.5420 4m58s/Msamples
       27200000  -5863508.4737  -5863228.3972      -280.0764 4m58s/Msamples
       27300000  -5863505.0460  -5863225.8747      -279.1713 4m58s/Msamples
       27400000  -5863527.1553  -5863234.4723      -292.6829 4m58s/Msamples
       27500000  -5863508.7607  -5863237.5559      -271.2048 4m58s/Msamples
       27600000  -5863503.0771  -5863234.6216      -268.4554 4m58s/Msamples
       27700000  -5863513.1042  -5863224.7230      -288.3812 4m58s/Msamples
       27800000  -5863499.3606  -5863221.6428      -277.7177 4m57s/Msamples
       27900000  -5863490.0513  -5863221.2708      -268.7805 4m57s/Msamples
       28000000  -5863499.5239  -5863225.1077      -274.4161 4m57s/Msamples
       28100000  -5863485.9734  -5863223.3101      -262.6632 4m57s/Msamples
       28200000  -5863507.2406  -5863228.5103      -278.7302 4m57s/Msamples
       28300000  -5863509.6474  -5863221.2343      -288.4130 4m57s/Msamples
       28400000  -5863493.5616  -5863221.9784      -271.5832 4m57s/Msamples
       28500000  -5863486.1408  -5863226.7850      -259.3558 4m57s/Msamples
       28600000  -5863490.6819  -5863220.9672      -269.7147 4m57s/Msamples
       28700000  -5863533.2565  -5863221.7885      -311.4680 4m56s/Msamples
       28800000  -5863518.6306  -5863222.3528      -296.2778 4m56s/Msamples
       28900000  -5863507.0342  -5863226.6981      -280.3360 4m56s/Msamples
       29000000  -5863477.8948  -5863218.8143      -259.0805 4m56s/Msamples
       29100000  -5863500.4472  -5863229.7558      -270.6913 4m56s/Msamples
       29200000  -5863508.6743  -5863221.0026      -287.6716 4m56s/Msamples
       29300000  -5863490.0869  -5863218.0716      -272.0152 4m56s/Msamples
       29400000  -5863500.4503  -5863225.1690      -275.2812 4m56s/Msamples
       29500000  -5863515.2168  -5863237.0874      -278.1294 4m56s/Msamples
       29600000  -5863504.9901  -5863228.9372      -276.0528 4m55s/Msamples
       29700000  -5863503.6324  -5863213.7912      -289.8411 4m55s/Msamples
       29800000  -5863521.3511  -5863230.2977      -291.0533 4m55s/Msamples
       29900000  -5863480.6384  -5863219.0934      -261.5450 4m55s/Msamples
       30000000  -5863515.0013  -5863216.3939      -298.6073 4m55s/Msamples
       30100000  -5863506.4894  -5863225.3979      -281.0914 4m55s/Msamples
       30200000  -5863493.4968  -5863227.3728      -266.1239 4m55s/Msamples
       30300000  -5863507.9753  -5863219.9285      -288.0468 4m55s/Msamples
       30400000  -5863503.8859  -5863219.7371      -284.1487 4m55s/Msamples
       30500000  -5863508.4286  -5863239.7401      -268.6884 4m54s/Msamples
       30600000  -5863501.7499  -5863220.6741      -281.0758 4m54s/Msamples
       30700000  -5863499.1664  -5863215.9867      -283.1796 4m54s/Msamples
       30800000  -5863505.7324  -5863236.7975      -268.9348 4m54s/Msamples
       30900000  -5863497.2836  -5863227.3685      -269.9150 4m54s/Msamples
       31000000  -5863516.8205  -5863228.7216      -288.0988 4m54s/Msamples
       31100000  -5863555.3247  -5863238.3822      -316.9425 4m54s/Msamples
       31200000  -5863513.2013  -5863237.8028      -275.3985 4m53s/Msamples
       31300000  -5863541.9692  -5863228.1853      -313.7838 4m53s/Msamples
       31400000  -5863519.4011  -5863230.1540      -289.2470 4m53s/Msamples
       31500000  -5863503.3374  -5863221.2271      -282.1102 4m53s/Msamples
       31600000  -5863526.3279  -5863239.6977      -286.6302 4m53s/Msamples
       31700000  -5863514.7911  -5863228.3875      -286.4036 4m53s/Msamples
       31800000  -5863498.0086  -5863218.1022      -279.9064 4m53s/Msamples
       31900000  -5863504.3447  -5863218.4154      -285.9292 4m52s/Msamples
       32000000  -5863498.3854  -5863234.0537      -264.3316 4m52s/Msamples
       32100000  -5863491.5320  -5863224.8041      -266.7278 4m52s/Msamples
       32200000  -5863520.0665  -5863224.4524      -295.6141 4m52s/Msamples
       32300000  -5863558.4458  -5863226.4924      -331.9533 4m52s/Msamples
       32400000  -5863538.9767  -5863224.6158      -314.3608 4m52s/Msamples
       32500000  -5863550.8445  -5863235.2335      -315.6109 4m52s/Msamples
       32600000  -5863516.1732  -5863216.0062      -300.1670 4m52s/Msamples
       32700000  -5863507.1485  -5863227.8437      -279.3047 4m51s/Msamples
       32800000  -5863543.6180  -5863231.1973      -312.4206 4m51s/Msamples
       32900000  -5863544.1700  -5863221.8048      -322.3652 4m51s/Msamples
       33000000  -5863506.7917  -5863231.5802      -275.2115 4m51s/Msamples
       33100000  -5863510.5958  -5863218.1950      -292.4007 4m51s/Msamples
       33200000  -5863516.7856  -5863224.4281      -292.3574 4m51s/Msamples
       33300000  -5863516.6345  -5863228.4484      -288.1860 4m51s/Msamples
       33400000  -5863506.5509  -5863223.0137      -283.5371 4m51s/Msamples
       33500000  -5863504.6844  -5863231.1522      -273.5321 4m50s/Msamples
       33600000  -5863515.0362  -5863233.7433      -281.2929 4m50s/Msamples
       33700000  -5863511.7833  -5863215.8668      -295.9164 4m50s/Msamples
       33800000  -5863499.2366  -5863223.6530      -275.5836 4m50s/Msamples
       33900000  -5863492.4359  -5863226.6764      -265.7594 4m50s/Msamples
       34000000  -5863504.2678  -5863224.5137      -279.7541 4m50s/Msamples
       34100000  -5863508.3810  -5863219.5945      -288.7864 4m50s/Msamples
       34200000  -5863522.3298  -5863221.9476      -300.3822 4m50s/Msamples
       34300000  -5863507.6189  -5863224.1531      -283.4658 4m50s/Msamples
       34400000  -5863496.3885  -5863227.3131      -269.0753 4m49s/Msamples
       34500000  -5863492.6235  -5863225.8267      -266.7967 4m49s/Msamples
       34600000  -5863527.5585  -5863234.7885      -292.7699 4m49s/Msamples
       34700000  -5863492.6495  -5863229.4490      -263.2005 4m49s/Msamples
       34800000  -5863508.0906  -5863222.2633      -285.8272 4m49s/Msamples
       34900000  -5863487.2086  -5863218.5323      -268.6762 4m49s/Msamples
       35000000  -5863495.1267  -5863223.6234      -271.5033 4m49s/Msamples
       35100000  -5863512.2920  -5863219.9383      -292.3537 4m49s/Msamples
       35200000  -5863520.6010  -5863230.3713      -290.2296 4m49s/Msamples
       35300000  -5863487.2663  -5863213.7579      -273.5084 4m48s/Msamples
       35400000  -5863507.7326  -5863233.5755      -274.1571 4m48s/Msamples
       35500000  -5863501.3475  -5863224.4874      -276.8600 4m48s/Msamples
       35600000  -5863522.0928  -5863230.1171      -291.9757 4m48s/Msamples
       35700000  -5863488.5737  -5863230.1020      -258.4717 4m48s/Msamples
       35800000  -5863497.6532  -5863227.8391      -269.8140 4m48s/Msamples
       35900000  -5863493.1568  -5863214.1523      -279.0044 4m48s/Msamples
       36000000  -5863476.0246  -5863224.3434      -251.6812 4m48s/Msamples
       36100000  -5863502.5437  -5863234.0839      -268.4597 4m48s/Msamples
       36200000  -5863507.6466  -5863225.4725      -282.1741 4m47s/Msamples
       36300000  -5863498.6613  -5863227.2042      -271.4571 4m47s/Msamples
       36400000  -5863528.0449  -5863227.9480      -300.0968 4m47s/Msamples
       36500000  -5863484.6353  -5863221.0947      -263.5406 4m47s/Msamples
       36600000  -5863511.2195  -5863222.9934      -288.2261 4m47s/Msamples
       36700000  -5863553.7610  -5863225.6432      -328.1177 4m47s/Msamples
       36800000  -5863525.3721  -5863227.8674      -297.5046 4m47s/Msamples
       36900000  -5863529.0926  -5863236.6173      -292.4752 4m47s/Msamples
       37000000  -5863487.0322  -5863223.0459      -263.9862 4m47s/Msamples
       37100000  -5863518.5200  -5863222.7154      -295.8046 4m46s/Msamples
       37200000  -5863504.3563  -5863227.3317      -277.0246 4m46s/Msamples
       37300000  -5863535.6883  -5863239.4017      -296.2865 4m46s/Msamples
       37400000  -5863525.7108  -5863228.2391      -297.4717 4m46s/Msamples
       37500000  -5863536.1860  -5863218.1430      -318.0430 4m46s/Msamples
       37600000  -5863503.4413  -5863231.0075      -272.4337 4m46s/Msamples
       37700000  -5863522.2791  -5863228.0838      -294.1953 4m46s/Msamples
       37800000  -5863530.0309  -5863228.1512      -301.8796 4m46s/Msamples
       37900000  -5863539.5408  -5863223.5181      -316.0226 4m46s/Msamples
       38000000  -5863487.0120  -5863231.0253      -255.9867 4m46s/Msamples
       38100000  -5863505.7192  -5863228.4530      -277.2662 4m46s/Msamples
       38200000  -5863491.2158  -5863224.0933      -267.1224 4m45s/Msamples
       38300000  -5863514.6891  -5863226.9894      -287.6997 4m45s/Msamples
       38400000  -5863513.8479  -5863237.7689      -276.0789 4m45s/Msamples
       38500000  -5863520.7852  -5863231.5494      -289.2357 4m45s/Msamples
       38600000  -5863484.9168  -5863219.5327      -265.3841 4m45s/Msamples
       38700000  -5863578.4840  -5863229.5342      -348.9498 4m45s/Msamples
       38800000  -5863513.1309  -5863224.9926      -288.1382 4m45s/Msamples
       38900000  -5863502.8464  -5863232.3006      -270.5458 4m45s/Msamples
       39000000  -5863517.3243  -5863229.9713      -287.3530 4m45s/Msamples
       39100000  -5863529.2268  -5863230.3286      -298.8982 4m45s/Msamples
       39200000  -5863535.7496  -5863223.0703      -312.6793 4m45s/Msamples
       39300000  -5863548.0300  -5863236.4990      -311.5310 4m44s/Msamples
       39400000  -5863531.0631  -5863214.0357      -317.0274 4m44s/Msamples
       39500000  -5863505.9835  -5863227.5328      -278.4506 4m44s/Msamples
       39600000  -5863505.0038  -5863218.3298      -286.6740 4m44s/Msamples
       39700000  -5863523.1185  -5863233.2316      -289.8868 4m44s/Msamples
       39800000  -5863500.4749  -5863220.3900      -280.0849 4m44s/Msamples
       39900000  -5863512.4977  -5863224.7364      -287.7612 4m44s/Msamples
       40000000  -5863506.9445  -5863219.5963      -287.3482 4m44s/Msamples
       40100000  -5863493.8328  -5863229.5119      -264.3208 4m44s/Msamples
       40200000  -5863495.4015  -5863215.1239      -280.2776 4m44s/Msamples
       40300000  -5863552.1960  -5863228.7801      -323.4158 4m44s/Msamples
       40400000  -5863508.4755  -5863221.3610      -287.1144 4m44s/Msamples
       40500000  -5863549.8253  -5863236.7558      -313.0694 4m43s/Msamples
       40600000  -5863542.8153  -5863241.1348      -301.6805 4m43s/Msamples
       40700000  -5863530.5347  -5863224.2876      -306.2470 4m43s/Msamples
       40800000  -5863513.5974  -5863244.1351      -269.4623 4m43s/Msamples
       40900000  -5863496.7004  -5863229.0307      -267.6696 4m43s/Msamples
       41000000  -5863510.9008  -5863224.3177      -286.5831 4m43s/Msamples
       41100000  -5863546.1473  -5863243.1769      -302.9703 4m43s/Msamples
       41200000  -5863511.5940  -5863229.0239      -282.5701 4m43s/Msamples
       41300000  -5863525.3949  -5863231.5879      -293.8070 4m43s/Msamples
       41400000  -5863506.8796  -5863218.6786      -288.2010 4m43s/Msamples
       41500000  -5863518.7040  -5863222.7681      -295.9359 4m43s/Msamples
       41600000  -5863537.3320  -5863239.4635      -297.8684 4m43s/Msamples
       41700000  -5863493.7346  -5863226.6999      -267.0346 4m43s/Msamples
       41800000  -5863494.8108  -5863230.2997      -264.5110 4m43s/Msamples
       41900000  -5863553.3386  -5863236.6626      -316.6759 4m42s/Msamples
       42000000  -5863513.7919  -5863230.5362      -283.2556 4m42s/Msamples
       42100000  -5863509.4230  -5863234.6016      -274.8213 4m42s/Msamples
       42200000  -5863490.9514  -5863218.6565      -272.2949 4m42s/Msamples
       42300000  -5863518.1428  -5863229.1643      -288.9785 4m42s/Msamples
       42400000  -5863501.4481  -5863225.4988      -275.9492 4m42s/Msamples
       42500000  -5863507.7241  -5863221.4721      -286.2520 4m42s/Msamples
       42600000  -5863536.3758  -5863226.5100      -309.8658 4m42s/Msamples
       42700000  -5863476.0702  -5863220.6067      -255.4634 4m42s/Msamples
       42800000  -5863500.5911  -5863228.2670      -272.3240 4m42s/Msamples
       42900000  -5863502.2465  -5863218.8247      -283.4218 4m42s/Msamples
       43000000  -5863490.1811  -5863222.1345      -268.0466 4m42s/Msamples
       43100000  -5863516.9853  -5863222.7537      -294.2315 4m42s/Msamples
       43200000  -5863559.6542  -5863223.2627      -336.3915 4m41s/Msamples
       43300000  -5863512.8615  -5863231.8263      -281.0351 4m41s/Msamples
       43400000  -5863496.4288  -5863224.4078      -272.0209 4m41s/Msamples
       43500000  -5863496.8305  -5863226.6925      -270.1380 4m41s/Msamples
       43600000  -5863490.0132  -5863225.4873      -264.5258 4m41s/Msamples
       43700000  -5863500.1167  -5863217.0807      -283.0360 4m41s/Msamples
       43800000  -5863525.3261  -5863227.4419      -297.8841 4m41s/Msamples
       43900000  -5863496.0480  -5863225.3714      -270.6765 4m41s/Msamples
       44000000  -5863544.8979  -5863226.8819      -318.0159 4m41s/Msamples
       44100000  -5863521.0293  -5863221.8123      -299.2169 4m41s/Msamples
       44200000  -5863509.6273  -5863237.7775      -271.8497 4m41s/Msamples
       44300000  -5863503.7234  -5863226.4506      -277.2727 4m41s/Msamples
       44400000  -5863523.3065  -5863222.5696      -300.7369 4m41s/Msamples
       44500000  -5863502.9271  -5863229.0345      -273.8925 4m40s/Msamples
       44600000  -5863486.2713  -5863215.7410      -270.5302 4m40s/Msamples
       44700000  -5863492.8673  -5863226.1018      -266.7655 4m40s/Msamples
       44800000  -5863499.9201  -5863222.6200      -277.3001 4m40s/Msamples
       44900000  -5863486.6798  -5863223.6009      -263.0789 4m40s/Msamples
       45000000  -5863523.1519  -5863229.7110      -293.4409 4m40s/Msamples
       45100000  -5863521.1551  -5863217.5091      -303.6459 4m40s/Msamples
       45200000  -5863522.8645  -5863221.5608      -301.3037 4m40s/Msamples
       45300000  -5863493.7156  -5863237.1629      -256.5527 4m40s/Msamples
       45400000  -5863515.6274  -5863251.5050      -264.1224 4m40s/Msamples
       45500000  -5863504.2781  -5863235.0599      -269.2182 4m40s/Msamples
       45600000  -5863515.3739  -5863231.9733      -283.4005 4m40s/Msamples
       45700000  -5863487.2099  -5863216.7723      -270.4376 4m40s/Msamples
       45800000  -5863550.2728  -5863229.5288      -320.7440 4m39s/Msamples
       45900000  -5863502.0340  -5863211.9484      -290.0856 4m39s/Msamples
       46000000  -5863491.9542  -5863226.3648      -265.5894 4m39s/Msamples
       46100000  -5863503.8148  -5863218.9488      -284.8660 4m39s/Msamples
       46200000  -5863522.9782  -5863229.2577      -293.7205 4m39s/Msamples
       46300000  -5863541.0664  -5863233.1713      -307.8951 4m39s/Msamples
       46400000  -5863507.7098  -5863233.9011      -273.8087 4m39s/Msamples
       46500000  -5863508.8082  -5863225.9366      -282.8715 4m39s/Msamples
       46600000  -5863499.3635  -5863222.3666      -276.9969 4m39s/Msamples
       46700000  -5863519.9520  -5863235.1488      -284.8031 4m39s/Msamples
       46800000  -5863500.2311  -5863221.0099      -279.2212 4m39s/Msamples
       46900000  -5863484.6978  -5863223.9965      -260.7012 4m39s/Msamples
       47000000  -5863523.2608  -5863229.1955      -294.0653 4m39s/Msamples
       47100000  -5863525.4529  -5863232.4837      -292.9691 4m39s/Msamples
       47200000  -5863545.1701  -5863223.7458      -321.4242 4m39s/Msamples
       47300000  -5863538.1309  -5863221.3411      -316.7897 4m39s/Msamples
       47400000  -5863507.0010  -5863218.0502      -288.9507 4m38s/Msamples
       47500000  -5863519.3811  -5863224.7314      -294.6497 4m38s/Msamples
       47600000  -5863515.0716  -5863225.1040      -289.9675 4m38s/Msamples
       47700000  -5863521.5649  -5863224.4839      -297.0809 4m38s/Msamples
       47800000  -5863499.5990  -5863222.7454      -276.8535 4m38s/Msamples
       47900000  -5863501.5448  -5863221.3165      -280.2283 4m38s/Msamples
       48000000  -5863520.1277  -5863235.5362      -284.5915 4m38s/Msamples
       48100000  -5863518.0532  -5863217.1361      -300.9170 4m38s/Msamples
       48200000  -5863530.4190  -5863234.2977      -296.1213 4m38s/Msamples
       48300000  -5863529.6466  -5863228.1100      -301.5366 4m38s/Msamples
       48400000  -5863515.7476  -5863236.5601      -279.1874 4m38s/Msamples
       48500000  -5863510.0739  -5863234.6783      -275.3956 4m38s/Msamples
       48600000  -5863516.4185  -5863230.1050      -286.3135 4m38s/Msamples
       48700000  -5863511.5730  -5863222.4082      -289.1647 4m38s/Msamples
       48800000  -5863500.5097  -5863229.8903      -270.6193 4m38s/Msamples
       48900000  -5863499.4479  -5863227.3970      -272.0508 4m38s/Msamples
       49000000  -5863528.5343  -5863236.5095      -292.0247 4m38s/Msamples
       49100000  -5863538.8894  -5863236.4508      -302.4386 4m38s/Msamples
       49200000  -5863539.3283  -5863234.6870      -304.6412 4m37s/Msamples
       49300000  -5863545.4130  -5863223.1030      -322.3100 4m37s/Msamples
       49400000  -5863529.6721  -5863230.1906      -299.4815 4m37s/Msamples
       49500000  -5863507.8025  -5863235.4926      -272.3099 4m37s/Msamples
       49600000  -5863506.4911  -5863228.7546      -277.7364 4m37s/Msamples
       49700000  -5863514.7130  -5863229.1412      -285.5717 4m37s/Msamples
       49800000  -5863542.2728  -5863231.8462      -310.4266 4m37s/Msamples
       49900000  -5863547.7160  -5863237.2407      -310.4752 4m37s/Msamples
       50000000  -5863495.4897  -5863227.2658      -268.2238 4m37s/Msamples
       50100000  -5863528.6121  -5863228.8630      -299.7491 4m37s/Msamples
       50200000  -5863496.4146  -5863227.5703      -268.8443 4m37s/Msamples
       50300000  -5863501.2355  -5863211.7321      -289.5034 4m37s/Msamples
       50400000  -5863497.7118  -5863228.2155      -269.4963 4m37s/Msamples
       50500000  -5863506.2847  -5863216.8559      -289.4287 4m37s/Msamples
       50600000  -5863516.0464  -5863230.4942      -285.5522 4m37s/Msamples
       50700000  -5863501.8839  -5863220.2597      -281.6241 4m37s/Msamples
       50800000  -5863529.6432  -5863227.8060      -301.8372 4m37s/Msamples
       50900000  -5863500.2189  -5863227.5129      -272.7060 4m37s/Msamples
       51000000  -5863501.5191  -5863225.3123      -276.2067 4m37s/Msamples
       51100000  -5863502.8580  -5863226.0873      -276.7706 4m36s/Msamples
       51200000  -5863526.5891  -5863223.0449      -303.5442 4m36s/Msamples
       51300000  -5863522.0139  -5863228.9693      -293.0445 4m36s/Msamples
       51400000  -5863513.4699  -5863229.7093      -283.7605 4m36s/Msamples
       51500000  -5863588.5757  -5863224.9059      -363.6697 4m36s/Msamples
       51600000  -5863514.0061  -5863233.7479      -280.2581 4m36s/Msamples
       51700000  -5863510.6630  -5863235.5845      -275.0785 4m36s/Msamples
       51800000  -5863495.3793  -5863224.7109      -270.6684 4m36s/Msamples
       51900000  -5863519.0681  -5863231.5206      -287.5474 4m36s/Msamples
       52000000  -5863520.1399  -5863234.7313      -285.4085 4m36s/Msamples
       52100000  -5863554.5108  -5863222.4616      -332.0492 4m36s/Msamples
       52200000  -5863540.7376  -5863230.7941      -309.9434 4m36s/Msamples
       52300000  -5863522.5046  -5863231.5850      -290.9196 4m36s/Msamples
       52400000  -5863488.2419  -5863220.6903      -267.5515 4m36s/Msamples
       52500000  -5863508.5244  -5863225.9727      -282.5517 4m36s/Msamples
       52600000  -5863495.2929  -5863229.4249      -265.8679 4m36s/Msamples
       52700000  -5863510.6774  -5863232.9403      -277.7370 4m36s/Msamples
       52800000  -5863513.7949  -5863223.2258      -290.5690 4m36s/Msamples
       52900000  -5863535.5588  -5863231.5355      -304.0232 4m36s/Msamples
       53000000  -5863500.3094  -5863223.3696      -276.9397 4m35s/Msamples
       53100000  -5863529.0024  -5863237.2925      -291.7098 4m35s/Msamples
       53200000  -5863489.7625  -5863221.0360      -268.7265 4m35s/Msamples
       53300000  -5863511.8734  -5863222.5563      -289.3170 4m35s/Msamples
       53400000  -5863505.8427  -5863224.3424      -281.5003 4m35s/Msamples
       53500000  -5863499.6689  -5863234.0838      -265.5851 4m35s/Msamples
       53600000  -5863498.3720  -5863231.1787      -267.1932 4m35s/Msamples
       53700000  -5863509.3369  -5863221.1401      -288.1968 4m35s/Msamples
       53800000  -5863527.9086  -5863228.3557      -299.5528 4m35s/Msamples
       53900000  -5863508.8561  -5863234.0625      -274.7936 4m35s/Msamples
       54000000  -5863490.4552  -5863222.1178      -268.3373 4m35s/Msamples
       54100000  -5863517.1210  -5863235.6602      -281.4607 4m35s/Msamples
       54200000  -5863501.1470  -5863230.9171      -270.2299 4m35s/Msamples
       54300000  -5863527.4594  -5863216.5791      -310.8802 4m35s/Msamples
       54400000  -5863493.6814  -5863213.0751      -280.6062 4m35s/Msamples
       54500000  -5863522.9201  -5863223.4087      -299.5113 4m35s/Msamples
       54600000  -5863546.5732  -5863220.5388      -326.0343 4m35s/Msamples
       54700000  -5863510.7905  -5863234.2658      -276.5247 4m35s/Msamples
       54800000  -5863496.9170  -5863229.8569      -267.0600 4m35s/Msamples
       54900000  -5863481.4362  -5863218.8181      -262.6181 4m35s/Msamples
       55000000  -5863486.7776  -5863215.1735      -271.6041 4m34s/Msamples
       55100000  -5863475.9983  -5863226.5168      -249.4814 4m34s/Msamples
       55200000  -5863527.9643  -5863240.0733      -287.8910 4m34s/Msamples
       55300000  -5863481.4803  -5863227.9940      -253.4862 4m34s/Msamples
       55400000  -5863505.5116  -5863232.8263      -272.6852 4m34s/Msamples
       55500000  -5863491.1823  -5863226.4644      -264.7178 4m34s/Msamples
       55600000  -5863517.4791  -5863216.8933      -300.5857 4m34s/Msamples
       55700000  -5863531.7931  -5863227.8465      -303.9466 4m34s/Msamples
       55800000  -5863498.5158  -5863230.3841      -268.1316 4m34s/Msamples
       55900000  -5863498.8682  -5863226.4332      -272.4350 4m34s/Msamples
       56000000  -5863485.0063  -5863217.8311      -267.1751 4m34s/Msamples
       56100000  -5863489.8440  -5863223.2744      -266.5695 4m34s/Msamples
       56200000  -5863480.1972  -5863224.1584      -256.0387 4m34s/Msamples
       56300000  -5863509.1527  -5863220.1014      -289.0513 4m34s/Msamples
       56400000  -5863491.0158  -5863221.4599      -269.5558 4m34s/Msamples
       56500000  -5863519.6355  -5863228.2848      -291.3506 4m34s/Msamples
       56600000  -5863543.8816  -5863234.3431      -309.5384 4m34s/Msamples
       56700000  -5863490.5896  -5863217.8378      -272.7518 4m33s/Msamples
       56800000  -5863508.4820  -5863224.0081      -284.4738 4m33s/Msamples
       56900000  -5863491.2953  -5863220.0155      -271.2798 4m33s/Msamples
       57000000  -5863512.9906  -5863225.7272      -287.2634 4m33s/Msamples
       57100000  -5863494.5483  -5863222.4220      -272.1263 4m33s/Msamples
       57200000  -5863478.4152  -5863218.7023      -259.7129 4m33s/Msamples
       57300000  -5863511.7745  -5863223.6107      -288.1637 4m33s/Msamples
       57400000  -5863505.8536  -5863225.3431      -280.5105 4m33s/Msamples
       57500000  -5863515.0103  -5863230.8771      -284.1331 4m33s/Msamples
       57600000  -5863512.2235  -5863220.7718      -291.4516 4m33s/Msamples
       57700000  -5863481.2841  -5863222.0208      -259.2633 4m33s/Msamples
       57800000  -5863512.8531  -5863225.7327      -287.1203 4m33s/Msamples
       57900000  -5863504.0765  -5863232.6703      -271.4062 4m33s/Msamples
       58000000  -5863504.4851  -5863232.9283      -271.5568 4m33s/Msamples
       58100000  -5863538.6600  -5863224.9407      -313.7193 4m33s/Msamples
       58200000  -5863519.3893  -5863220.9270      -298.4622 4m33s/Msamples
       58300000  -5863487.4425  -5863218.8584      -268.5841 4m33s/Msamples
       58400000  -5863509.4503  -5863228.1824      -281.2679 4m33s/Msamples
       58500000  -5863510.6223  -5863221.2961      -289.3261 4m33s/Msamples
       58600000  -5863512.0065  -5863238.3843      -273.6222 4m33s/Msamples
       58700000  -5863488.0572  -5863224.2379      -263.8193 4m32s/Msamples
       58800000  -5863496.7200  -5863217.0151      -279.7048 4m32s/Msamples
       58900000  -5863520.8436  -5863228.6504      -292.1931 4m32s/Msamples
       59000000  -5863506.6579  -5863228.8306      -277.8273 4m32s/Msamples
       59100000  -5863530.2009  -5863237.1241      -293.0767 4m32s/Msamples
       59200000  -5863492.3181  -5863225.7399      -266.5782 4m32s/Msamples
       59300000  -5863524.1804  -5863226.8135      -297.3668 4m32s/Msamples
       59400000  -5863511.1964  -5863226.9722      -284.2242 4m32s/Msamples
       59500000  -5863510.9331  -5863222.9158      -288.0172 4m32s/Msamples
       59600000  -5863508.7648  -5863231.5068      -277.2580 4m32s/Msamples
       59700000  -5863520.5523  -5863225.7569      -294.7954 4m32s/Msamples
       59800000  -5863491.8236  -5863218.6445      -273.1790 4m32s/Msamples
       59900000  -5863546.9921  -5863221.5613      -325.4307 4m32s/Msamples
       60000000  -5863493.8473  -5863225.7633      -268.0840 4m32s/Msamples
       60100000  -5863527.1278  -5863223.9962      -303.1316 4m32s/Msamples
       60200000  -5863481.5511  -5863219.5771      -261.9740 4m32s/Msamples
       60300000  -5863519.2932  -5863226.6575      -292.6357 4m32s/Msamples
       60400000  -5863508.0768  -5863219.0262      -289.0506 4m32s/Msamples
       60500000  -5863525.0769  -5863233.1523      -291.9245 4m32s/Msamples
       60600000  -5863544.3263  -5863223.2259      -321.1004 4m31s/Msamples
       60700000  -5863512.1915  -5863231.9485      -280.2429 4m31s/Msamples
       60800000  -5863511.5434  -5863241.5718      -269.9716 4m31s/Msamples
       60900000  -5863524.1459  -5863229.2507      -294.8951 4m31s/Msamples
       61000000  -5863496.1482  -5863219.7039      -276.4443 4m31s/Msamples
       61100000  -5863507.3594  -5863220.4770      -286.8823 4m31s/Msamples
       61200000  -5863520.8750  -5863229.4356      -291.4393 4m31s/Msamples
       61300000  -5863485.5611  -5863227.7732      -257.7879 4m31s/Msamples
       61400000  -5863498.6500  -5863212.5595      -286.0904 4m31s/Msamples
       61500000  -5863520.2163  -5863221.1078      -299.1084 4m31s/Msamples
       61600000  -5863515.7298  -5863222.0769      -293.6529 4m31s/Msamples
       61700000  -5863506.1879  -5863231.6607      -274.5271 4m31s/Msamples
       61800000  -5863506.4016  -5863236.3505      -270.0511 4m31s/Msamples
       61900000  -5863513.2151  -5863231.2538      -281.9613 4m31s/Msamples
       62000000  -5863511.4149  -5863223.2618      -288.1530 4m31s/Msamples
       62100000  -5863524.9608  -5863230.2653      -294.6955 4m31s/Msamples
       62200000  -5863503.3983  -5863219.5143      -283.8839 4m31s/Msamples
       62300000  -5863505.3940  -5863229.4020      -275.9920 4m31s/Msamples
       62400000  -5863528.2543  -5863233.7963      -294.4580 4m31s/Msamples
       62500000  -5863521.7821  -5863232.9823      -288.7997 4m31s/Msamples
       62600000  -5863531.3491  -5863235.9049      -295.4441 4m30s/Msamples
       62700000  -5863519.8368  -5863245.1320      -274.7048 4m30s/Msamples
       62800000  -5863494.7089  -5863218.6916      -276.0172 4m30s/Msamples
       62900000  -5863503.1211  -5863231.7893      -271.3317 4m30s/Msamples
       63000000  -5863511.9920  -5863231.5564      -280.4355 4m30s/Msamples
       63100000  -5863518.6209  -5863230.2221      -288.3988 4m30s/Msamples
       63200000  -5863504.3203  -5863229.1090      -275.2113 4m30s/Msamples
       63300000  -5863495.6423  -5863222.6586      -272.9836 4m30s/Msamples
       63400000  -5863512.6832  -5863240.8149      -271.8683 4m30s/Msamples
       63500000  -5863478.2736  -5863220.5288      -257.7447 4m30s/Msamples
       63600000  -5863512.1882  -5863228.1921      -283.9960 4m30s/Msamples
       63700000  -5863520.1301  -5863224.3983      -295.7318 4m30s/Msamples
       63800000  -5863503.5121  -5863232.4491      -271.0629 4m30s/Msamples
       63900000  -5863507.8073  -5863231.3604      -276.4468 4m30s/Msamples
       64000000  -5863505.7364  -5863225.3478      -280.3886 4m30s/Msamples
       64100000  -5863527.5751  -5863227.1425      -300.4326 4m30s/Msamples
       64200000  -5863531.9971  -5863237.4968      -294.5002 4m30s/Msamples
       64300000  -5863508.6053  -5863228.5504      -280.0549 4m30s/Msamples
       64400000  -5863505.8365  -5863214.8020      -291.0345 4m30s/Msamples
       64500000  -5863503.7129  -5863218.0268      -285.6861 4m30s/Msamples
       64600000  -5863495.1087  -5863229.5019      -265.6068 4m30s/Msamples
       64700000  -5863498.0528  -5863225.3393      -272.7135 4m30s/Msamples
       64800000  -5863507.6623  -5863221.9886      -285.6737 4m30s/Msamples
       64900000  -5863512.0454  -5863236.1462      -275.8992 4m29s/Msamples
       65000000  -5863517.4173  -5863234.0746      -283.3427 4m29s/Msamples
       65100000  -5863515.5481  -5863234.4435      -281.1045 4m29s/Msamples
       65200000  -5863526.0134  -5863227.2106      -298.8028 4m29s/Msamples
       65300000  -5863505.3768  -5863225.3215      -280.0552 4m29s/Msamples
       65400000  -5863514.4374  -5863228.3325      -286.1049 4m29s/Msamples
       65500000  -5863515.8836  -5863221.5828      -294.3008 4m29s/Msamples
       65600000  -5863508.5725  -5863233.5644      -275.0080 4m29s/Msamples
       65700000  -5863505.3011  -5863229.7254      -275.5757 4m29s/Msamples
       65800000  -5863523.9955  -5863230.4314      -293.5641 4m29s/Msamples
       65900000  -5863520.0155  -5863231.7131      -288.3024 4m29s/Msamples
       66000000  -5863541.9589  -5863223.5374      -318.4215 4m29s/Msamples
       66100000  -5863504.1731  -5863228.0080      -276.1650 4m29s/Msamples
       66200000  -5863505.2576  -5863222.6095      -282.6480 4m29s/Msamples
       66300000  -5863515.4894  -5863222.7196      -292.7697 4m29s/Msamples
       66400000  -5863505.2298  -5863220.9013      -284.3284 4m29s/Msamples
       66500000  -5863505.5771  -5863232.4988      -273.0782 4m29s/Msamples
       66600000  -5863513.6042  -5863229.8717      -283.7324 4m29s/Msamples
       66700000  -5863517.5829  -5863227.7994      -289.7835 4m29s/Msamples
       66800000  -5863532.8090  -5863229.8756      -302.9333 4m29s/Msamples
       66900000  -5863509.9579  -5863219.5341      -290.4237 4m29s/Msamples
       67000000  -5863511.1661  -5863234.7142      -276.4518 4m29s/Msamples
       67100000  -5863535.3127  -5863228.5362      -306.7765 4m29s/Msamples
       67200000  -5863500.7334  -5863221.4390      -279.2943 4m29s/Msamples
       67300000  -5863498.1377  -5863221.1578      -276.9798 4m29s/Msamples
       67400000  -5863506.9746  -5863221.8107      -285.1638 4m29s/Msamples
       67500000  -5863523.6967  -5863229.7974      -293.8993 4m29s/Msamples
       67600000  -5863487.2089  -5863217.8184      -269.3904 4m29s/Msamples
       67700000  -5863518.6655  -5863223.7311      -294.9343 4m29s/Msamples
       67800000  -5863531.5639  -5863232.5235      -299.0403 4m28s/Msamples
       67900000  -5863541.9966  -5863239.4594      -302.5372 4m28s/Msamples
       68000000  -5863547.3468  -5863223.1410      -324.2058 4m28s/Msamples
       68100000  -5863497.4688  -5863218.5134      -278.9553 4m28s/Msamples
       68200000  -5863482.3715  -5863229.5260      -252.8454 4m28s/Msamples
       68300000  -5863514.5531  -5863225.2562      -289.2969 4m28s/Msamples
       68400000  -5863497.5113  -5863225.8871      -271.6242 4m28s/Msamples
       68500000  -5863494.2003  -5863224.0174      -270.1829 4m28s/Msamples
       68600000  -5863496.5406  -5863225.4102      -271.1304 4m28s/Msamples
       68700000  -5863505.8549  -5863237.8636      -267.9913 4m28s/Msamples
       68800000  -5863493.0321  -5863227.2276      -265.8045 4m28s/Msamples
       68900000  -5863513.2073  -5863223.2245      -289.9827 4m28s/Msamples
       69000000  -5863523.8785  -5863227.9618      -295.9167 4m28s/Msamples
       69100000  -5863498.9586  -5863221.0030      -277.9556 4m28s/Msamples
       69200000  -5863509.4629  -5863222.8705      -286.5923 4m28s/Msamples
       69300000  -5863486.0119  -5863229.3594      -256.6525 4m28s/Msamples
       69400000  -5863507.8969  -5863234.7156      -273.1812 4m28s/Msamples
       69500000  -5863492.1861  -5863223.4054      -268.7807 4m28s/Msamples
       69600000  -5863509.5392  -5863217.8924      -291.6468 4m28s/Msamples
       69700000  -5863527.7535  -5863226.0883      -301.6652 4m28s/Msamples
       69800000  -5863484.8126  -5863225.3559      -259.4567 4m28s/Msamples
       69900000  -5863523.2582  -5863225.9213      -297.3369 4m28s/Msamples
       70000000  -5863486.3238  -5863220.5654      -265.7583 4m28s/Msamples
       70100000  -5863515.5204  -5863227.4742      -288.0461 4m28s/Msamples
       70200000  -5863485.3106  -5863225.6247      -259.6858 4m28s/Msamples
       70300000  -5863503.3672  -5863221.3782      -281.9890 4m28s/Msamples
       70400000  -5863478.4118  -5863222.2859      -256.1258 4m28s/Msamples
       70500000  -5863512.5113  -5863228.4889      -284.0223 4m28s/Msamples
       70600000  -5863510.6362  -5863221.1229      -289.5133 4m28s/Msamples
       70700000  -5863501.7981  -5863244.3151      -257.4829 4m28s/Msamples
       70800000  -5863534.2523  -5863233.0077      -301.2445 4m28s/Msamples
       70900000  -5863521.0215  -5863231.1423      -289.8792 4m28s/Msamples
       71000000  -5863503.1007  -5863229.6024      -273.4982 4m28s/Msamples
       71100000  -5863492.2907  -5863216.1274      -276.1632 4m27s/Msamples
       71200000  -5863525.3005  -5863233.8805      -291.4200 4m27s/Msamples
       71300000  -5863504.2792  -5863235.0117      -269.2674 4m27s/Msamples
       71400000  -5863517.6734  -5863217.5766      -300.0968 4m27s/Msamples
       71500000  -5863523.4926  -5863229.5056      -293.9869 4m27s/Msamples
       71600000  -5863505.2595  -5863221.7178      -283.5417 4m27s/Msamples
       71700000  -5863521.3140  -5863223.6637      -297.6503 4m27s/Msamples
       71800000  -5863553.1764  -5863236.1475      -317.0289 4m27s/Msamples
       71900000  -5863501.1432  -5863226.0174      -275.1258 4m27s/Msamples
       72000000  -5863519.1163  -5863240.9303      -278.1859 4m27s/Msamples
       72100000  -5863505.1900  -5863229.9103      -275.2796 4m27s/Msamples
       72200000  -5863528.5109  -5863222.8192      -305.6916 4m27s/Msamples
       72300000  -5863496.4243  -5863226.3025      -270.1217 4m27s/Msamples
       72400000  -5863489.3235  -5863237.9395      -251.3840 4m27s/Msamples
       72500000  -5863493.9448  -5863221.6887      -272.2560 4m27s/Msamples
       72600000  -5863494.1830  -5863226.1122      -268.0707 4m27s/Msamples
       72700000  -5863560.1342  -5863228.8150      -331.3192 4m27s/Msamples
       72800000  -5863489.5410  -5863235.0926      -254.4483 4m27s/Msamples
       72900000  -5863499.0948  -5863218.9428      -280.1520 4m27s/Msamples
       73000000  -5863506.4017  -5863221.3547      -285.0469 4m27s/Msamples
       73100000  -5863532.8524  -5863234.4743      -298.3781 4m27s/Msamples
       73200000  -5863481.2762  -5863220.4790      -260.7972 4m27s/Msamples
       73300000  -5863497.1369  -5863226.2730      -270.8639 4m27s/Msamples
       73400000  -5863512.6963  -5863220.7437      -291.9526 4m27s/Msamples
       73500000  -5863522.1517  -5863227.7333      -294.4184 4m27s/Msamples
       73600000  -5863511.4169  -5863229.7966      -281.6202 4m27s/Msamples
       73700000  -5863503.7869  -5863218.1667      -285.6201 4m27s/Msamples
       73800000  -5863513.4473  -5863228.9340      -284.5133 4m27s/Msamples
       73900000  -5863504.4891  -5863223.8799      -280.6091 4m27s/Msamples
       74000000  -5863522.0358  -5863231.3012      -290.7346 4m27s/Msamples
       74100000  -5863532.5110  -5863230.5348      -301.9761 4m27s/Msamples
       74200000  -5863506.3736  -5863224.3390      -282.0346 4m27s/Msamples
       74300000  -5863492.7897  -5863220.2785      -272.5111 4m27s/Msamples
       74400000  -5863541.1509  -5863228.5860      -312.5649 4m26s/Msamples
       74500000  -5863487.7720  -5863219.2808      -268.4912 4m26s/Msamples
       74600000  -5863517.4213  -5863233.2162      -284.2050 4m26s/Msamples
       74700000  -5863500.8636  -5863221.7120      -279.1515 4m26s/Msamples
       74800000  -5863505.2497  -5863226.5401      -278.7095 4m26s/Msamples
       74900000  -5863524.8164  -5863227.4603      -297.3560 4m26s/Msamples
       75000000  -5863569.7365  -5863230.5554      -339.1810 4m26s/Msamples
       75100000  -5863571.4032  -5863238.4648      -332.9383 4m26s/Msamples
       75200000  -5863489.0550  -5863232.9388      -256.1162 4m26s/Msamples
       75300000  -5863515.3575  -5863226.0683      -289.2891 4m26s/Msamples
       75400000  -5863514.6132  -5863238.0435      -276.5696 4m26s/Msamples
       75500000  -5863549.9679  -5863236.4679      -313.5000 4m26s/Msamples
       75600000  -5863501.4859  -5863223.0687      -278.4172 4m26s/Msamples
       75700000  -5863510.7049  -5863233.3512      -277.3536 4m26s/Msamples
       75800000  -5863523.3333  -5863222.5017      -300.8316 4m26s/Msamples
       75900000  -5863510.8977  -5863227.5499      -283.3477 4m26s/Msamples
       76000000  -5863531.2795  -5863223.6731      -307.6064 4m26s/Msamples
       76100000  -5863519.1786  -5863220.1804      -298.9982 4m26s/Msamples
       76200000  -5863506.6894  -5863217.9858      -288.7035 4m26s/Msamples
       76300000  -5863513.1432  -5863225.0289      -288.1143 4m26s/Msamples
       76400000  -5863516.4694  -5863222.4474      -294.0219 4m26s/Msamples
       76500000  -5863507.0040  -5863213.6488      -293.3551 4m26s/Msamples
       76600000  -5863516.4126  -5863233.0187      -283.3938 4m26s/Msamples
       76700000  -5863525.1584  -5863236.1317      -289.0267 4m26s/Msamples
       76800000  -5863496.5028  -5863220.0688      -276.4339 4m26s/Msamples
       76900000  -5863518.0090  -5863228.1899      -289.8190 4m26s/Msamples
       77000000  -5863508.4040  -5863225.1339      -283.2701 4m26s/Msamples
       77100000  -5863511.7704  -5863229.2941      -282.4763 4m26s/Msamples
       77200000  -5863519.0307  -5863226.5897      -292.4410 4m26s/Msamples
       77300000  -5863555.6535  -5863228.3736      -327.2798 4m26s/Msamples
       77400000  -5863516.2490  -5863222.2240      -294.0250 4m26s/Msamples
       77500000  -5863509.3475  -5863227.5053      -281.8421 4m26s/Msamples
       77600000  -5863497.7082  -5863236.9649      -260.7433 4m26s/Msamples
       77700000  -5863502.5528  -5863221.1953      -281.3575 4m26s/Msamples
       77800000  -5863538.4086  -5863234.0126      -304.3959 4m26s/Msamples
       77900000  -5863493.8811  -5863219.1892      -274.6918 4m26s/Msamples
       78000000  -5863497.3161  -5863219.0225      -278.2936 4m26s/Msamples
       78100000  -5863515.0313  -5863222.3779      -292.6534 4m26s/Msamples
       78200000  -5863525.4606  -5863233.3103      -292.1503 4m26s/Msamples
       78300000  -5863507.7593  -5863229.2628      -278.4965 4m26s/Msamples
       78400000  -5863507.0724  -5863224.2486      -282.8238 4m25s/Msamples
       78500000  -5863486.7199  -5863214.7460      -271.9739 4m25s/Msamples
       78600000  -5863516.8647  -5863227.3606      -289.5041 4m25s/Msamples
       78700000  -5863488.2807  -5863220.6448      -267.6358 4m25s/Msamples
       78800000  -5863554.1888  -5863232.5277      -321.6610 4m25s/Msamples
       78900000  -5863502.9577  -5863220.6407      -282.3169 4m25s/Msamples
       79000000  -5863512.6649  -5863226.9228      -285.7420 4m25s/Msamples
       79100000  -5863523.5561  -5863235.2933      -288.2628 4m25s/Msamples
       79200000  -5863524.6716  -5863230.2187      -294.4528 4m25s/Msamples
       79300000  -5863503.5402  -5863235.9733      -267.5669 4m25s/Msamples
       79400000  -5863516.6052  -5863223.2372      -293.3680 4m25s/Msamples
       79500000  -5863511.0718  -5863226.1596      -284.9121 4m25s/Msamples
       79600000  -5863535.9904  -5863217.9608      -318.0296 4m25s/Msamples
       79700000  -5863493.8112  -5863232.9474      -260.8638 4m25s/Msamples
       79800000  -5863493.0170  -5863222.8161      -270.2008 4m25s/Msamples
       79900000  -5863483.6882  -5863226.7722      -256.9159 4m25s/Msamples
       80000000  -5863492.2090  -5863220.8918      -271.3171 4m25s/Msamples
       80100000  -5863508.1665  -5863242.1955      -265.9710 4m25s/Msamples
       80200000  -5863494.8320  -5863223.9007      -270.9313 4m25s/Msamples
       80300000  -5863509.0909  -5863227.7721      -281.3188 4m25s/Msamples
       80400000  -5863514.8156  -5863231.1220      -283.6936 4m25s/Msamples
       80500000  -5863510.4180  -5863221.3946      -289.0234 4m25s/Msamples
       80600000  -5863529.0225  -5863234.8962      -294.1263 4m25s/Msamples
       80700000  -5863496.5010  -5863227.0614      -269.4396 4m25s/Msamples
       80800000  -5863502.3363  -5863226.9632      -275.3731 4m25s/Msamples
       80900000  -5863499.2840  -5863222.2179      -277.0660 4m25s/Msamples
       81000000  -5863528.1853  -5863231.2792      -296.9061 4m25s/Msamples
       81100000  -5863517.6124  -5863229.3684      -288.2439 4m25s/Msamples
       81200000  -5863503.7058  -5863214.7173      -288.9884 4m25s/Msamples
       81300000  -5863497.5260  -5863224.7540      -272.7719 4m25s/Msamples
       81400000  -5863497.0910  -5863222.4802      -274.6108 4m25s/Msamples
       81500000  -5863497.7816  -5863227.3496      -270.4320 4m25s/Msamples
       81600000  -5863507.9573  -5863220.0326      -287.9247 4m25s/Msamples
       81700000  -5863480.4623  -5863212.5339      -267.9284 4m25s/Msamples
       81800000  -5863501.4698  -5863223.3603      -278.1094 4m25s/Msamples
       81900000  -5863509.9930  -5863219.2092      -290.7837 4m25s/Msamples
       82000000  -5863494.9124  -5863224.1650      -270.7474 4m25s/Msamples
       82100000  -5863520.0508  -5863221.8594      -298.1913 4m25s/Msamples
       82200000  -5863546.0187  -5863233.2954      -312.7233 4m24s/Msamples
       82300000  -5863483.6784  -5863226.5034      -257.1749 4m24s/Msamples
       82400000  -5863523.6844  -5863225.1145      -298.5699 4m24s/Msamples
       82500000  -5863505.2891  -5863221.7192      -283.5698 4m24s/Msamples
       82600000  -5863503.1910  -5863224.6489      -278.5421 4m24s/Msamples
       82700000  -5863489.2168  -5863225.8413      -263.3755 4m24s/Msamples
       82800000  -5863511.7746  -5863238.2227      -273.5519 4m24s/Msamples
       82900000  -5863511.5940  -5863221.5657      -290.0282 4m24s/Msamples
       83000000  -5863502.7839  -5863214.5958      -288.1881 4m24s/Msamples
       83100000  -5863528.6394  -5863231.0256      -297.6137 4m24s/Msamples
       83200000  -5863520.4869  -5863237.2703      -283.2166 4m24s/Msamples
       83300000  -5863490.9483  -5863222.5793      -268.3690 4m24s/Msamples
       83400000  -5863515.8746  -5863222.9861      -292.8884 4m24s/Msamples
       83500000  -5863515.5643  -5863230.6373      -284.9269 4m24s/Msamples
       83600000  -5863510.6259  -5863229.6964      -280.9294 4m24s/Msamples
       83700000  -5863512.9327  -5863223.8950      -289.0376 4m24s/Msamples
       83800000  -5863512.2164  -5863227.1406      -285.0757 4m24s/Msamples
       83900000  -5863514.2431  -5863228.8080      -285.4350 4m24s/Msamples
       84000000  -5863515.6478  -5863225.3273      -290.3204 4m24s/Msamples
       84100000  -5863501.8481  -5863228.5443      -273.3037 4m24s/Msamples
       84200000  -5863494.3153  -5863224.2814      -270.0339 4m24s/Msamples
       84300000  -5863512.2606  -5863220.8933      -291.3673 4m24s/Msamples
       84400000  -5863504.1807  -5863230.0318      -274.1488 4m24s/Msamples
       84500000  -5863489.3417  -5863225.9945      -263.3471 4m24s/Msamples
       84600000  -5863485.7953  -5863226.4728      -259.3225 4m24s/Msamples
       84700000  -5863502.2625  -5863227.2000      -275.0625 4m24s/Msamples
       84800000  -5863516.2606  -5863222.9276      -293.3330 4m24s/Msamples
       84900000  -5863499.0313  -5863216.2815      -282.7498 4m24s/Msamples
       85000000  -5863511.8734  -5863227.8052      -284.0682 4m24s/Msamples
       85100000  -5863510.8904  -5863223.3323      -287.5581 4m24s/Msamples
       85200000  -5863517.9707  -5863235.1629      -282.8077 4m24s/Msamples
       85300000  -5863514.2717  -5863220.2655      -294.0062 4m24s/Msamples
       85400000  -5863544.5247  -5863229.5551      -314.9695 4m24s/Msamples
       85500000  -5863501.3367  -5863221.9397      -279.3970 4m24s/Msamples
       85600000  -5863499.3731  -5863226.5766      -272.7964 4m24s/Msamples
       85700000  -5863475.9130  -5863214.0385      -261.8744 4m24s/Msamples
       85800000  -5863488.6950  -5863222.3720      -266.3229 4m24s/Msamples
       85900000  -5863481.2091  -5863229.1519      -252.0572 4m24s/Msamples
       86000000  -5863506.1619  -5863228.6910      -277.4709 4m24s/Msamples
       86100000  -5863499.2107  -5863227.4073      -271.8033 4m24s/Msamples
       86200000  -5863500.1570  -5863216.1666      -283.9904 4m23s/Msamples
       86300000  -5863495.6726  -5863224.6622      -271.0103 4m23s/Msamples
       86400000  -5863511.2704  -5863237.2170      -274.0533 4m23s/Msamples
       86500000  -5863517.9981  -5863229.8208      -288.1773 4m23s/Msamples
       86600000  -5863517.5413  -5863226.0998      -291.4414 4m23s/Msamples
       86700000  -5863502.1976  -5863235.6241      -266.5734 4m23s/Msamples
       86800000  -5863514.9628  -5863218.3937      -296.5690 4m23s/Msamples
       86900000  -5863484.0465  -5863225.5583      -258.4882 4m23s/Msamples
       87000000  -5863519.0099  -5863239.3402      -279.6696 4m23s/Msamples
       87100000  -5863509.3912  -5863223.6767      -285.7145 4m23s/Msamples
       87200000  -5863486.8317  -5863217.8631      -268.9686 4m23s/Msamples
       87300000  -5863506.7254  -5863232.6886      -274.0367 4m23s/Msamples
       87400000  -5863497.0846  -5863223.6189      -273.4656 4m23s/Msamples
       87500000  -5863517.0002  -5863227.0515      -289.9487 4m23s/Msamples
       87600000  -5863489.9712  -5863223.9283      -266.0428 4m23s/Msamples
       87700000  -5863490.2690  -5863216.8689      -273.4001 4m23s/Msamples
       87800000  -5863501.2047  -5863216.5054      -284.6992 4m23s/Msamples
       87900000  -5863537.3962  -5863235.4628      -301.9334 4m23s/Msamples
       88000000  -5863536.5964  -5863222.4422      -314.1541 4m23s/Msamples
       88100000  -5863503.7830  -5863231.7553      -272.0276 4m23s/Msamples
       88200000  -5863502.0297  -5863226.1523      -275.8774 4m23s/Msamples
       88300000  -5863533.2751  -5863228.9669      -304.3082 4m23s/Msamples
       88400000  -5863499.4519  -5863223.5583      -275.8936 4m23s/Msamples
       88500000  -5863504.4853  -5863230.8709      -273.6143 4m23s/Msamples
       88600000  -5863518.8049  -5863233.3479      -285.4569 4m23s/Msamples
       88700000  -5863492.8674  -5863233.8058      -259.0615 4m23s/Msamples
       88800000  -5863496.4340  -5863218.7801      -277.6539 4m23s/Msamples
       88900000  -5863497.0299  -5863223.2377      -273.7922 4m23s/Msamples
       89000000  -5863523.6545  -5863233.5319      -290.1225 4m23s/Msamples
       89100000  -5863497.9481  -5863228.4374      -269.5106 4m23s/Msamples
       89200000  -5863501.5365  -5863230.4511      -271.0854 4m23s/Msamples
       89300000  -5863516.8216  -5863233.5225      -283.2990 4m23s/Msamples
       89400000  -5863486.2768  -5863224.8993      -261.3775 4m23s/Msamples
       89500000  -5863491.5486  -5863223.8586      -267.6900 4m23s/Msamples
       89600000  -5863499.3434  -5863227.0494      -272.2939 4m23s/Msamples
       89700000  -5863481.9759  -5863221.3095      -260.6663 4m23s/Msamples
       89800000  -5863510.6367  -5863225.1071      -285.5296 4m23s/Msamples
       89900000  -5863511.1122  -5863222.8723      -288.2399 4m23s/Msamples
       90000000  -5863516.3455  -5863232.5116      -283.8338 4m23s/Msamples
       90100000  -5863531.3636  -5863223.1352      -308.2284 4m23s/Msamples
       90200000  -5863501.3747  -5863215.1471      -286.2275 4m23s/Msamples
       90300000  -5863547.9033  -5863235.0716      -312.8317 4m23s/Msamples
       90400000  -5863504.0488  -5863230.8651      -273.1837 4m23s/Msamples
       90500000  -5863504.5337  -5863231.1036      -273.4300 4m23s/Msamples
       90600000  -5863511.4063  -5863226.0386      -285.3677 4m23s/Msamples
       90700000  -5863496.9604  -5863222.6100      -274.3504 4m23s/Msamples
       90800000  -5863526.3677  -5863226.3716      -299.9960 4m23s/Msamples
       90900000  -5863523.6257  -5863214.8990      -308.7267 4m23s/Msamples
       91000000  -5863498.0392  -5863223.2854      -274.7538 4m23s/Msamples
       91100000  -5863489.4538  -5863212.5964      -276.8573 4m23s/Msamples
       91200000  -5863527.4133  -5863221.0331      -306.3801 4m23s/Msamples
       91300000  -5863523.7333  -5863221.3540      -302.3792 4m23s/Msamples
       91400000  -5863499.3048  -5863221.2309      -278.0739 4m23s/Msamples
       91500000  -5863542.9837  -5863244.1327      -298.8509 4m23s/Msamples
       91600000  -5863489.2801  -5863232.1592      -257.1209 4m22s/Msamples
       91700000  -5863565.8200  -5863228.2341      -337.5858 4m22s/Msamples
       91800000  -5863511.5992  -5863223.6055      -287.9936 4m22s/Msamples
       91900000  -5863497.4141  -5863224.4454      -272.9687 4m22s/Msamples
       92000000  -5863513.0922  -5863224.3184      -288.7737 4m22s/Msamples
       92100000  -5863490.0644  -5863219.5615      -270.5029 4m22s/Msamples
       92200000  -5863499.4065  -5863224.8124      -274.5940 4m22s/Msamples
       92300000  -5863493.1687  -5863219.2882      -273.8804 4m22s/Msamples
       92400000  -5863481.6172  -5863228.1706      -253.4466 4m22s/Msamples
       92500000  -5863484.7638  -5863224.0425      -260.7213 4m22s/Msamples
       92600000  -5863498.6836  -5863219.1554      -279.5282 4m22s/Msamples
       92700000  -5863525.9778  -5863234.2450      -291.7328 4m22s/Msamples
       92800000  -5863486.9601  -5863222.6581      -264.3020 4m22s/Msamples
       92900000  -5863519.7706  -5863236.6485      -283.1220 4m22s/Msamples
       93000000  -5863482.0602  -5863218.5115      -263.5486 4m22s/Msamples
       93100000  -5863491.8651  -5863231.0993      -260.7657 4m22s/Msamples
       93200000  -5863516.5492  -5863226.0338      -290.5154 4m22s/Msamples
       93300000  -5863514.2955  -5863240.6528      -273.6427 4m22s/Msamples
       93400000  -5863518.7770  -5863235.7495      -283.0275 4m22s/Msamples
       93500000  -5863525.4618  -5863228.8402      -296.6215 4m22s/Msamples
       93600000  -5863523.5366  -5863224.4410      -299.0955 4m22s/Msamples
       93700000  -5863518.1304  -5863232.1625      -285.9678 4m22s/Msamples
       93800000  -5863508.4761  -5863227.8467      -280.6294 4m22s/Msamples
       93900000  -5863502.0468  -5863229.1900      -272.8568 4m22s/Msamples
       94000000  -5863516.7842  -5863217.2310      -299.5531 4m22s/Msamples
       94100000  -5863521.3593  -5863237.2145      -284.1448 4m22s/Msamples
       94200000  -5863506.2042  -5863228.1936      -278.0105 4m22s/Msamples
       94300000  -5863522.4143  -5863229.7104      -292.7039 4m22s/Msamples
       94400000  -5863501.0335  -5863225.6325      -275.4009 4m22s/Msamples
       94500000  -5863497.2542  -5863220.3886      -276.8655 4m22s/Msamples
       94600000  -5863501.5436  -5863225.4159      -276.1276 4m22s/Msamples
       94700000  -5863507.4503  -5863215.2904      -292.1599 4m22s/Msamples
       94800000  -5863565.5379  -5863228.7420      -336.7958 4m22s/Msamples
       94900000  -5863525.6892  -5863231.9015      -293.7876 4m22s/Msamples
       95000000  -5863515.6978  -5863224.7614      -290.9363 4m22s/Msamples
       95100000  -5863514.5258  -5863222.9136      -291.6122 4m22s/Msamples
       95200000  -5863562.4912  -5863231.0248      -331.4663 4m22s/Msamples
       95300000  -5863523.6237  -5863212.3758      -311.2478 4m22s/Msamples
       95400000  -5863488.0266  -5863219.2524      -268.7741 4m22s/Msamples
       95500000  -5863502.0262  -5863221.1003      -280.9258 4m22s/Msamples
       95600000  -5863499.0745  -5863229.0347      -270.0397 4m22s/Msamples
       95700000  -5863497.2994  -5863224.1249      -273.1744 4m22s/Msamples
       95800000  -5863502.9832  -5863233.6791      -269.3041 4m22s/Msamples
       95900000  -5863517.8702  -5863230.0595      -287.8107 4m22s/Msamples
       96000000  -5863522.4111  -5863234.3083      -288.1027 4m22s/Msamples
       96100000  -5863512.2909  -5863238.0104      -274.2804 4m22s/Msamples
       96200000  -5863508.1755  -5863222.3720      -285.8034 4m22s/Msamples
       96300000  -5863510.0858  -5863230.3169      -279.7689 4m22s/Msamples
       96400000  -5863555.2781  -5863235.9613      -319.3167 4m22s/Msamples
       96500000  -5863543.0896  -5863220.8126      -322.2770 4m22s/Msamples
       96600000  -5863516.8795  -5863220.0487      -296.8307 4m22s/Msamples
       96700000  -5863522.1460  -5863232.9300      -289.2159 4m22s/Msamples
       96800000  -5863506.9562  -5863236.6977      -270.2585 4m22s/Msamples
       96900000  -5863509.7735  -5863218.4353      -291.3382 4m22s/Msamples
       97000000  -5863512.5157  -5863231.6802      -280.8354 4m22s/Msamples
       97100000  -5863522.0745  -5863226.7407      -295.3338 4m22s/Msamples
       97200000  -5863486.5464  -5863218.8779      -267.6684 4m22s/Msamples
       97300000  -5863496.3296  -5863218.3124      -278.0171 4m21s/Msamples
       97400000  -5863497.0138  -5863232.5641      -264.4496 4m21s/Msamples
       97500000  -5863502.1248  -5863226.5392      -275.5856 4m21s/Msamples
       97600000  -5863548.0042  -5863228.1980      -319.8061 4m21s/Msamples
       97700000  -5863528.4732  -5863226.0337      -302.4395 4m21s/Msamples
       97800000  -5863513.0700  -5863238.0339      -275.0360 4m21s/Msamples
       97900000  -5863499.7290  -5863232.2321      -267.4969 4m21s/Msamples
       98000000  -5863549.4471  -5863235.1082      -314.3389 4m21s/Msamples
       98100000  -5863517.8926  -5863217.9272      -299.9653 4m21s/Msamples
       98200000  -5863509.2802  -5863232.1419      -277.1382 4m21s/Msamples
       98300000  -5863515.3903  -5863236.0474      -279.3429 4m21s/Msamples
       98400000  -5863492.0618  -5863223.6168      -268.4450 4m21s/Msamples
       98500000  -5863517.6031  -5863229.1141      -288.4889 4m21s/Msamples
       98600000  -5863497.1536  -5863227.6602      -269.4934 4m21s/Msamples
       98700000  -5863484.9405  -5863219.0106      -265.9298 4m21s/Msamples
       98800000  -5863524.8964  -5863222.4388      -302.4576 4m21s/Msamples
       98900000  -5863537.6767  -5863242.7581      -294.9186 4m21s/Msamples
       99000000  -5863522.0380  -5863222.9974      -299.0406 4m21s/Msamples
       99100000  -5863515.8253  -5863233.9743      -281.8510 4m21s/Msamples
       99200000  -5863505.4674  -5863225.9901      -279.4773 4m21s/Msamples
       99300000  -5863487.7537  -5863228.5124      -259.2413 4m21s/Msamples
       99400000  -5863485.1162  -5863224.9687      -260.1475 4m21s/Msamples
       99500000  -5863516.4637  -5863230.4011      -286.0625 4m21s/Msamples
       99600000  -5863499.7276  -5863231.6171      -268.1105 4m21s/Msamples
       99700000  -5863514.1765  -5863236.0171      -278.1593 4m21s/Msamples
       99800000  -5863530.0003  -5863214.7909      -315.2093 4m21s/Msamples
       99900000  -5863532.4704  -5863222.6433      -309.8270 4m21s/Msamples
      100000000  -5863506.8769  -5863232.6834      -274.1934 4m21s/Msamples

Operator                                                  Tuning    #accept    #reject      Pr(m)  Pr(acc|m)
ScaleOperator(RateACScaler.s:dna)                        0.48543      21352      67360    0.00089    0.24069 
ScaleOperator(RateAGScaler.s:dna)                        0.45604      21242      67806    0.00089    0.23855 
ScaleOperator(RateATScaler.s:dna)                        0.41806      22763      65865    0.00089    0.25684 
ScaleOperator(RateCGScaler.s:dna)                        0.30748      22417      66669    0.00089    0.25163 
ScaleOperator(RateGTScaler.s:dna)                        0.47950      21451      67289    0.00089    0.24173 
ScaleOperator(CoalescentConstantTreeScaler.t:dna)        0.77081     230255    2437063    0.02664    0.08632 Try setting scaleFactor to about 0.878
ScaleOperator(CoalescentConstantTreeRootScaler.t:dna)    0.39375     349283    2317073    0.02664    0.13100 
Uniform(CoalescentConstantUniformOperator.t:dna)               -   13281948   13355340    0.26643    0.49862 
SubtreeSlide(CoalescentConstantSubtreeSlide.t:dna)      29.86837    3318751    9996870    0.13321    0.24924 
Exchange(CoalescentConstantNarrow.t:dna)                       -    4281411    9041254    0.13321    0.32136 
Exchange(CoalescentConstantWide.t:dna)                         -      33978    2628335    0.02664    0.01276 
WilsonBalding(CoalescentConstantWilsonBalding.t:dna)           -      50758    2615529    0.02664    0.01904 
ScaleOperator(PopSizeScaler.t:dna)                       0.40988     667185    1995347    0.02664    0.25058 
ScaleOperator(ucldMeanScaler.c:dna)                      0.70528     200943     687416    0.00888    0.22620 
ScaleOperator(ucldStdevScaler.c:dna)                     0.85516    1223328    1438927    0.02664    0.45951 Try setting scaleFactor to about 0.735
IntRandomWalkOperator(CategoriesRandomWalk.c:dna)              -    5524253    3359058    0.08881    0.62187 
SwapOperator(CategoriesSwapOperator.c:dna)                     -    3244719    5639357    0.08881    0.36523 
UniformOperator(CategoriesUniform.c:dna)                       -    4263647    4619906    0.08881    0.47995 
UpDownOperator(relaxedUpDownOperator.c:dna)              0.77996     317797    2347688    0.02664    0.11923 
DeltaExchangeOperator(FrequenciesExchanger.s:dna)        0.00215      10269      78099    0.00089    0.11621 

     Tuning: The value of the operator's tuning parameter, or '-' if the operator can't be optimized.
    #accept: The total number of times a proposal by this operator has been accepted.
    #reject: The total number of times a proposal by this operator has been rejected.
      Pr(m): The probability this operator is chosen in a step of the MCMC (i.e. the normalized weight).
  Pr(acc|m): The acceptance probability (#accept as a fraction of the total proposals for this operator).


Total calculation time: 26181.587 seconds
