2021-06-16 11:20:57,220 Reading the input fasta file: /2/scratch/keaton/plague-phylogeography/results/snippy_multi/all/chromosome/full/snippy-multi.snps.aln
2021-06-16 11:20:57,226 Reading alignment length...
2021-06-16 11:20:57,226 Alignment length: 483
2021-06-16 11:20:57,226 Reading alignment sample names...
2021-06-16 11:20:57,227 Number of samples: 50
2021-06-16 11:20:57,227 Analyzing alignment for sites with >=0.96 samples with data...
2021-06-16 11:20:57,232 5% Complete
2021-06-16 11:20:57,235 10% Complete
2021-06-16 11:20:57,239 15% Complete
2021-06-16 11:20:57,242 20% Complete
2021-06-16 11:20:57,246 25% Complete
2021-06-16 11:20:57,250 30% Complete
2021-06-16 11:20:57,256 35% Complete
2021-06-16 11:20:57,260 40% Complete
2021-06-16 11:20:57,264 45% Complete
2021-06-16 11:20:57,267 50% Complete
2021-06-16 11:20:57,271 55% Complete
2021-06-16 11:20:57,275 60% Complete
2021-06-16 11:20:57,279 65% Complete
2021-06-16 11:20:57,286 70% Complete
2021-06-16 11:20:57,291 75% Complete
2021-06-16 11:20:57,297 80% Complete
2021-06-16 11:20:57,302 85% Complete
2021-06-16 11:20:57,306 90% Complete
2021-06-16 11:20:57,313 95% Complete
2021-06-16 11:20:57,320 100% Complete
2021-06-16 11:20:57,320 Creating the filtered multiple alignment..
2021-06-16 11:20:57,324 Writing to the output fasta file: /2/scratch/keaton/plague-phylogeography/results/snippy_multi/all/chromosome/full/filter4/snippy-multi.snps.aln
2021-06-16 11:20:57,325 Constant sites: 0 (0%)
2021-06-16 11:20:57,325 Parsimony informative sites: 238 (49%)
2021-06-16 11:20:57,325 Biallelic singleton sites: 245 (50%)
2021-06-16 11:20:57,325 Multiallelic singleton sites: 0 (0%)
2021-06-16 11:20:57,325 Pseudo singleton sites: 0 (0%)
2021-06-16 11:20:57,325 Total singleton sites: 245 (50%)
2021-06-16 11:20:57,325 Singleton sites passing missing data filter: 35
2021-06-16 11:20:57,325 Parsimony informative sites passing missing data filter: 58
2021-06-16 11:20:57,325 Total sites passing missing data filter: 93
2021-06-16 11:20:57,325 Total sites failing missing data filter: 390
2021-06-16 11:20:57,325 Wrote a multi-fasta alignment of length: 93
