2021-05-20 11:48:44,453 Reading the input fasta file: /2/scratch/keaton/plague-phylogeography/results/snippy_multi/all/chromosome/full/snippy-multi.snps.aln
2021-05-20 11:48:44,599 Reading alignment length...
2021-05-20 11:48:44,601 Alignment length: 33703
2021-05-20 11:48:44,601 Reading alignment sample names...
2021-05-20 11:48:44,602 Number of samples: 603
2021-05-20 11:48:44,604 Analyzing alignment for sites with >=0.91 samples with data...
2021-05-20 11:50:32,810 5% Complete
2021-05-20 11:55:20,951 10% Complete
2021-05-20 12:03:40,515 15% Complete
2021-05-20 12:12:03,753 20% Complete
2021-05-20 12:22:57,053 25% Complete
2021-05-20 12:40:42,212 30% Complete
2021-05-20 13:02:09,720 35% Complete
2021-05-20 13:27:10,393 40% Complete
2021-05-20 13:49:18,510 45% Complete
2021-05-20 14:20:21,714 50% Complete
2021-05-20 14:53:32,176 55% Complete
2021-05-20 15:33:30,481 60% Complete
2021-05-20 16:16:48,722 65% Complete
2021-05-20 17:04:26,392 70% Complete
2021-05-20 17:56:03,770 75% Complete
2021-05-20 18:56:21,234 80% Complete
2021-05-20 19:59:17,372 85% Complete
2021-05-20 21:00:24,177 90% Complete
2021-05-20 22:08:40,255 95% Complete
2021-05-20 23:24:15,990 100% Complete
2021-05-20 23:24:15,990 Creating the filtered multiple alignment..
2021-05-20 23:24:30,211 Writing to the output fasta file: /2/scratch/keaton/plague-phylogeography/results/snippy_multi/all/chromosome/full/filter9/snippy-multi.snps.aln
2021-05-20 23:24:30,386 Constant sites: 0 (0%)
2021-05-20 23:24:30,386 Parsimony informative sites: 17333 (51%)
2021-05-20 23:24:30,386 Biallelic singleton sites: 16246 (48%)
2021-05-20 23:24:30,386 Multiallelic singleton sites: 80 (0%)
2021-05-20 23:24:30,386 Pseudo singleton sites: 44 (0%)
2021-05-20 23:24:30,387 Total singleton sites: 16370 (48%)
2021-05-20 23:24:30,387 Singleton sites passing missing data filter: 13647
2021-05-20 23:24:30,387 Parsimony informative sites passing missing data filter: 15055
2021-05-20 23:24:30,387 Total sites passing missing data filter: 28702
2021-05-20 23:24:30,387 Total sites failing missing data filter: 5001
2021-05-20 23:24:30,387 Wrote a multi-fasta alignment of length: 28702
