2021-04-27 15:29:56,985 Reading the input fasta file: /2/scratch/keaton/plague-phylogeography/results/iqtree/all/chromosome/prune/filter5/filter-taxa/snippy-multi.snps.aln
2021-04-27 15:29:57,007 Reading alignment length...
2021-04-27 15:29:57,007 Alignment length: 19979
2021-04-27 15:29:57,007 Reading alignment sample names...
2021-04-27 15:29:57,007 Number of samples: 194
2021-04-27 15:29:57,007 Analyzing alignment for sites with >=0.0 samples with data...
2021-04-27 15:29:57,657 5% Complete
2021-04-27 15:29:58,969 10% Complete
2021-04-27 15:30:01,107 15% Complete
2021-04-27 15:30:03,675 20% Complete
2021-04-27 15:30:07,352 25% Complete
2021-04-27 15:30:13,798 30% Complete
2021-04-27 15:30:21,274 35% Complete
2021-04-27 15:30:30,239 40% Complete
2021-04-27 15:30:40,799 45% Complete
2021-04-27 15:30:53,472 50% Complete
2021-04-27 15:31:01,228 55% Complete
2021-04-27 15:31:12,783 60% Complete
2021-04-27 15:31:20,148 65% Complete
2021-04-27 15:31:30,558 70% Complete
2021-04-27 15:31:45,446 75% Complete
2021-04-27 15:31:56,005 80% Complete
2021-04-27 15:32:10,626 85% Complete
2021-04-27 15:32:22,535 90% Complete
2021-04-27 15:32:36,565 95% Complete
2021-04-27 15:32:51,071 100% Complete
2021-04-27 15:32:51,071 Creating the filtered multiple alignment..
2021-04-27 15:32:51,312 Writing to the output fasta file: /2/scratch/keaton/plague-phylogeography/results/iqtree/all/chromosome/prune/filter5/filter-sites/snippy-multi.snps.aln
2021-04-27 15:32:51,316 Constant sites: 15322 (76%)
2021-04-27 15:32:51,316 Parsimony informative sites: 2120 (10%)
2021-04-27 15:32:51,316 Biallelic singleton sites: 2526 (12%)
2021-04-27 15:32:51,316 Multiallelic singleton sites: 4 (0%)
2021-04-27 15:32:51,316 Pseudo singleton sites: 7 (0%)
2021-04-27 15:32:51,316 Total singleton sites: 2537 (12%)
2021-04-27 15:32:51,316 Singleton sites passing missing data filter: 2537
2021-04-27 15:32:51,316 Parsimony informative sites passing missing data filter: 2120
2021-04-27 15:32:51,316 Total sites passing missing data filter: 4657
2021-04-27 15:32:51,316 Total sites failing missing data filter: 0
2021-04-27 15:32:51,316 Wrote a multi-fasta alignment of length: 4657
