This is snippy-core 4.6.0
Obtained from http://github.com/tseemann/snippy
Enabling bundled tools for linux
Found any2fasta - /home/ktmeaton/miniconda3/envs/plague-phylogeography/bin/any2fasta
Found samtools - /home/ktmeaton/miniconda3/envs/plague-phylogeography/bin/samtools
Found minimap2 - /home/ktmeaton/miniconda3/envs/plague-phylogeography/bin/minimap2
Found bedtools - /home/ktmeaton/miniconda3/envs/plague-phylogeography/bin/bedtools
Found snp-sites - /home/ktmeaton/miniconda3/envs/plague-phylogeography/bin/snp-sites
Saving reference FASTA: /mnt/c/Users/ktmea/Projects/plague-phylogeography/results/snippy_multi/all/snippy-multi.ref.fa
This is any2fasta 0.4.2
Opening '/mnt/c/Users/ktmea/Projects/plague-phylogeography/results/data/reference/GCA_000009065.1_ASM906v1_genomic/GCA_000009065.1_ASM906v1_genomic.fna'
Detected FASTA format
Read 60379 lines from '/mnt/c/Users/ktmea/Projects/plague-phylogeography/results/data/reference/GCA_000009065.1_ASM906v1_genomic/GCA_000009065.1_ASM906v1_genomic.fna'
Wrote 4 sequences from FASTA file.
Processed 1 files.
Done.
Loaded 4 sequences totalling 4829855 bp.
Loading mask bed file: /mnt/c/Users/ktmea/Projects/plague-phylogeography/results/snippy_multi/all/mask.bed
Will mask 2648 regions totalling 382255 bp ~ 7.91%
0	GCA_009670865.1_ASM967086v1_genomic	snp=265	del=616	ins=601	het=837	unaligned=259372
1	GCA_008630435.1_ASM863043v1_genomic	snp=325	del=696	ins=782	het=879	unaligned=412719
2	GCA_000170275.1_ASM17027v1_genomic	snp=72	del=282	ins=342	het=688	unaligned=199979
3	GCA_001294975.1_ASM129497v1_genomic	snp=492	del=1143	ins=1271	het=992	unaligned=295556
4	GCA_002981895.1_ASM298189v1_genomic	snp=477	del=942	ins=1137	het=1121	unaligned=319624
5	GCA_003074535.1_ASM307453v1_genomic	snp=189	del=561	ins=737	het=725	unaligned=354818
6	GCA_002005285.1_ASM200528v1_genomic	snp=517	del=3971	ins=756	het=1025	unaligned=176631
7	GCA_003074235.1_ASM307423v1_genomic	snp=222	del=2751	ins=722	het=938	unaligned=384858
8	GCA_000835005.1_ASM83500v1_genomic	snp=227	del=672	ins=628	het=787	unaligned=686761
9	GCA_001188795.1_ASM118879v1_genomic	snp=733	del=1576	ins=1298	het=916	unaligned=300417
10	GCA_000590535.1_EV_NIIEG_genomic	snp=78	del=1572	ins=219	het=463	unaligned=392458
11	GCA_000590535.2_ASM59053v2_genomic	snp=51	del=174	ins=192	het=638	unaligned=447497
12	GCA_000325365.1_ASM32536v1_genomic	snp=75	del=241	ins=256	het=110	unaligned=405361
13	GCA_000325305.1_ASM32530v1_genomic	snp=162	del=249	ins=430	het=104	unaligned=451772
14	GCA_000324725.1_ASM32472v1_genomic	snp=82	del=190	ins=383	het=120	unaligned=444707
15	GCA_000324565.1_ASM32456v1_genomic	snp=180	del=299	ins=409	het=108	unaligned=370845
16	GCA_000324065.1_ASM32406v1_genomic	snp=129	del=156	ins=409	het=71	unaligned=643373
17	GCA_000323965.1_ASM32396v1_genomic	snp=72	del=261	ins=329	het=107	unaligned=463040
18	GCA_000323945.1_ASM32394v1_genomic	snp=190	del=328	ins=382	het=206	unaligned=420555
19	GCA_000323845.1_ASM32384v1_genomic	snp=574	del=790	ins=495	het=170	unaligned=456678
20	GCA_000323625.1_ASM32362v1_genomic	snp=340	del=576	ins=644	het=201	unaligned=441394
21	GCA_000323565.1_ASM32356v1_genomic	snp=183	del=372	ins=466	het=200	unaligned=545413
22	GCA_000323505.1_ASM32350v1_genomic	snp=139	del=362	ins=376	het=108	unaligned=348230
23	GCA_000323485.1_ASM32348v1_genomic	snp=589	del=1097	ins=731	het=418	unaligned=438700
24	GCA_000320465.1_ASM32046v1_genomic	snp=132	del=241	ins=408	het=124	unaligned=461492
25	GCA_000269145.1_ASM26914v1_genomic	snp=94	del=228	ins=298	het=452	unaligned=243325
26	GCA_016102905.1_ASM1610290v1_genomic	snp=237	del=638	ins=841	het=1045	unaligned=278957
27	GCA_015158755.1_ASM1515875v1_genomic	snp=206	del=444	ins=757	het=795	unaligned=347770
Opening: /mnt/c/Users/ktmea/Projects/plague-phylogeography/results/snippy_multi/all/snippy-multi.tab
Opening: /mnt/c/Users/ktmea/Projects/plague-phylogeography/results/snippy_multi/all/snippy-multi.vcf
Processing contig: AL590842
Processing contig: AL117189
Processing contig: AL117211
Processing contig: AL109969
Masking alignment at 2648 regions
Generating /mnt/c/Users/ktmea/Projects/plague-phylogeography/results/snippy_multi/all/snippy-multi.full.aln
Creating TSV file: /mnt/c/Users/ktmea/Projects/plague-phylogeography/results/snippy_multi/all/snippy-multi.txt
Running: snp-sites -c -o /mnt/c/Users/ktmea/Projects/plague-phylogeography/results/snippy_multi/all/snippy-multi.aln /mnt/c/Users/ktmea/Projects/plague-phylogeography/results/snippy_multi/all/snippy-multi.full.aln
This analysis is totally hard-core!
Done.
