2021-04-29 10:51:13,273 Reading the input fasta file: /mnt/c/Users/ktmea/Projects/plague-phylogeography/results/iqtree/all/chromosome/prune/filter5/filter-taxa/snippy-multi.snps.aln
2021-04-29 10:51:13,299 Reading alignment length...
2021-04-29 10:51:13,299 Alignment length: 18063
2021-04-29 10:51:13,300 Reading alignment sample names...
2021-04-29 10:51:13,300 Number of samples: 27
2021-04-29 10:51:13,300 Analyzing alignment for sites with >=0.0 samples with data...
2021-04-29 10:51:13,371 5% Complete
2021-04-29 10:51:13,455 10% Complete
2021-04-29 10:51:13,557 15% Complete
2021-04-29 10:51:13,642 20% Complete
2021-04-29 10:51:13,752 25% Complete
2021-04-29 10:51:13,926 30% Complete
2021-04-29 10:51:14,114 35% Complete
2021-04-29 10:51:14,319 40% Complete
2021-04-29 10:51:14,546 45% Complete
2021-04-29 10:51:14,820 50% Complete
2021-04-29 10:51:15,024 55% Complete
2021-04-29 10:51:15,289 60% Complete
2021-04-29 10:51:15,424 65% Complete
2021-04-29 10:51:15,616 70% Complete
2021-04-29 10:51:15,871 75% Complete
2021-04-29 10:51:16,075 80% Complete
2021-04-29 10:51:16,289 85% Complete
2021-04-29 10:51:16,520 90% Complete
2021-04-29 10:51:16,744 95% Complete
2021-04-29 10:51:16,981 100% Complete
2021-04-29 10:51:16,982 Creating the filtered multiple alignment..
2021-04-29 10:51:17,004 Writing to the output fasta file: /mnt/c/Users/ktmea/Projects/plague-phylogeography/results/iqtree/all/chromosome/prune/filter5/filter-sites/snippy-multi.snps.aln
2021-04-29 10:51:17,006 Constant sites: 16187 (89%)
2021-04-29 10:51:17,007 Parsimony informative sites: 291 (1%)
2021-04-29 10:51:17,007 Biallelic singleton sites: 1584 (8%)
2021-04-29 10:51:17,007 Multiallelic singleton sites: 0 (0%)
2021-04-29 10:51:17,008 Pseudo singleton sites: 1 (0%)
2021-04-29 10:51:17,008 Total singleton sites: 1585 (8%)
2021-04-29 10:51:17,008 Singleton sites passing missing data filter: 1585
2021-04-29 10:51:17,008 Parsimony informative sites passing missing data filter: 291
2021-04-29 10:51:17,009 Total sites passing missing data filter: 1876
2021-04-29 10:51:17,009 Total sites failing missing data filter: 0
2021-04-29 10:51:17,009 Wrote a multi-fasta alignment of length: 1876
