Using column 'sample' as taxon name. This needs to match the taxa in the tree!

0.00	-TreeAnc: set-up
Assigned discrete traits to 601 out of 601 taxa.


0.43	-SequenceData: loaded alignment.

0.43	-SeqData: making compressed alignment...

0.44	-SequenceData: constructed compressed alignment...

0.47	-TreeAnc.infer_ancestral_sequences with method: ml, marginal
0.47	--TreeAnc._ml_anc_marginal: type of reconstruction: Marginal
0.47	---Attaching sequence profiles to leafs...
0.49	---Postorder: computing likelihoods...
0.65	---Computing root node sequence and total tree likelihood...
0.65	---Preorder: computing marginal profiles...
0.84	---TreeAnc._ml_anc_marginal: ...done
0.89	--TreeAnc.infer_gtr: counting mutations...
1.19	---TreeAnc.infer_gtr: counting mutations...done

1.19	-GTR: with alphabet: ['A', 'B', 'C', 'D', 'E', 'F', 'G', 'H', 'I', 'J',
    	 'K', 'L', 'M', 'N', 'O', 'P', 'Q', 'R', 'S', 'T', 'U', 'V', 'W', 'X', 'Y',
    	 'Z', '[', '\\', ']', '^', '_', '`', 'a', 'b', 'c', 'd', 'e']
1.19	--GTR: ambiguous character: f
1.19	----GTR: no gap symbol!
1.19	---GTR: init with dummy values!

1.19	-GTR: model inference
1.19	---GTR inference iteration 0 change: 0.1643989873053573
1.19	---GTR inference iteration 1 change: 0.00391280607743528
1.19	--TreeAnc._ml_anc_marginal: type of reconstruction: Marginal
1.19	---Attaching sequence profiles to leafs...
1.20	---Postorder: computing likelihoods...
1.39	---Computing root node sequence and total tree likelihood...
1.39	---Preorder: computing marginal profiles...
1.69	---TreeAnc._ml_anc_marginal: ...done
1.73	---Attaching sequence profiles to leafs...
1.74	---Postorder: computing likelihoods...
1.92	---Computing root node sequence and total tree likelihood...
1.92	---Attaching sequence profiles to leafs...
1.92	---Postorder: computing likelihoods...
2.10	---Computing root node sequence and total tree likelihood...
2.10	---Attaching sequence profiles to leafs...
2.11	---Postorder: computing likelihoods...
2.28	---Computing root node sequence and total tree likelihood...
2.28	---Attaching sequence profiles to leafs...
2.29	---Postorder: computing likelihoods...
2.46	---Computing root node sequence and total tree likelihood...
2.46	---Attaching sequence profiles to leafs...
2.47	---Postorder: computing likelihoods...
2.67	---Computing root node sequence and total tree likelihood...
2.67	---Attaching sequence profiles to leafs...
2.68	---Postorder: computing likelihoods...
2.86	---Computing root node sequence and total tree likelihood...
2.86	---Attaching sequence profiles to leafs...
2.87	---Postorder: computing likelihoods...
3.04	---Computing root node sequence and total tree likelihood...
3.04	---Attaching sequence profiles to leafs...
3.05	---Postorder: computing likelihoods...
3.22	---Computing root node sequence and total tree likelihood...
3.22	---Attaching sequence profiles to leafs...
3.23	---Postorder: computing likelihoods...
3.41	---Computing root node sequence and total tree likelihood...
3.41	---Attaching sequence profiles to leafs...
3.41	---Postorder: computing likelihoods...
3.60	---Computing root node sequence and total tree likelihood...
3.60	---Attaching sequence profiles to leafs...
3.61	---Postorder: computing likelihoods...
3.79	---Computing root node sequence and total tree likelihood...
3.79	---Attaching sequence profiles to leafs...
3.80	---Postorder: computing likelihoods...
3.98	---Computing root node sequence and total tree likelihood...
3.98	---Attaching sequence profiles to leafs...
3.98	---Postorder: computing likelihoods...
4.29	---Computing root node sequence and total tree likelihood...
4.29	---Attaching sequence profiles to leafs...
4.30	---Postorder: computing likelihoods...
4.52	---Computing root node sequence and total tree likelihood...
4.52	---Attaching sequence profiles to leafs...
4.52	---Postorder: computing likelihoods...
4.69	---Computing root node sequence and total tree likelihood...
4.69	---Attaching sequence profiles to leafs...
4.70	---Postorder: computing likelihoods...
4.87	---Computing root node sequence and total tree likelihood...
4.87	---Attaching sequence profiles to leafs...
4.88	---Postorder: computing likelihoods...
5.05	---Computing root node sequence and total tree likelihood...
5.05	---Attaching sequence profiles to leafs...
5.06	---Postorder: computing likelihoods...
5.22	---Computing root node sequence and total tree likelihood...
5.22	---Attaching sequence profiles to leafs...
5.23	---Postorder: computing likelihoods...
5.40	---Computing root node sequence and total tree likelihood...
5.40	---Attaching sequence profiles to leafs...
5.41	---Postorder: computing likelihoods...
5.58	---Computing root node sequence and total tree likelihood...

5.58	-treeanc:optimize_gtr_rate: optimization successful. Overall rate estimated
    	 to be 31.454535
5.58	--TreeAnc.infer_gtr: counting mutations...
5.88	---TreeAnc.infer_gtr: counting mutations...done

5.88	-GTR: with alphabet: ['A', 'B', 'C', 'D', 'E', 'F', 'G', 'H', 'I', 'J',
    	 'K', 'L', 'M', 'N', 'O', 'P', 'Q', 'R', 'S', 'T', 'U', 'V', 'W', 'X', 'Y',
    	 'Z', '[', '\\', ']', '^', '_', '`', 'a', 'b', 'c', 'd', 'e']
5.88	--GTR: ambiguous character: f
5.88	----GTR: no gap symbol!
5.88	---GTR: init with dummy values!

5.88	-GTR: model inference
5.88	---GTR inference iteration 0 change: 0.1643989873053573
5.88	---GTR inference iteration 1 change: 0.003949250746802272
5.88	---Attaching sequence profiles to leafs...
5.89	---Postorder: computing likelihoods...
6.06	---Computing root node sequence and total tree likelihood...
6.06	---Attaching sequence profiles to leafs...
6.06	---Postorder: computing likelihoods...
6.24	---Computing root node sequence and total tree likelihood...
6.24	---Attaching sequence profiles to leafs...
6.25	---Postorder: computing likelihoods...
6.43	---Computing root node sequence and total tree likelihood...
6.43	---Attaching sequence profiles to leafs...
6.44	---Postorder: computing likelihoods...
6.61	---Computing root node sequence and total tree likelihood...
6.62	---Attaching sequence profiles to leafs...
6.62	---Postorder: computing likelihoods...
6.80	---Computing root node sequence and total tree likelihood...
6.80	---Attaching sequence profiles to leafs...
6.81	---Postorder: computing likelihoods...
6.98	---Computing root node sequence and total tree likelihood...
6.99	---Attaching sequence profiles to leafs...
6.99	---Postorder: computing likelihoods...
7.16	---Computing root node sequence and total tree likelihood...
7.16	---Attaching sequence profiles to leafs...
7.17	---Postorder: computing likelihoods...
7.34	---Computing root node sequence and total tree likelihood...
7.34	---Attaching sequence profiles to leafs...
7.35	---Postorder: computing likelihoods...
7.54	---Computing root node sequence and total tree likelihood...
7.54	---Attaching sequence profiles to leafs...
7.55	---Postorder: computing likelihoods...
7.73	---Computing root node sequence and total tree likelihood...
7.74	---Attaching sequence profiles to leafs...
7.74	---Postorder: computing likelihoods...
7.93	---Computing root node sequence and total tree likelihood...
7.93	---Attaching sequence profiles to leafs...
7.93	---Postorder: computing likelihoods...
8.10	---Computing root node sequence and total tree likelihood...
8.10	---Attaching sequence profiles to leafs...
8.11	---Postorder: computing likelihoods...
8.27	---Computing root node sequence and total tree likelihood...
8.27	---Attaching sequence profiles to leafs...
8.27	---Postorder: computing likelihoods...
8.45	---Computing root node sequence and total tree likelihood...
8.45	---Attaching sequence profiles to leafs...
8.46	---Postorder: computing likelihoods...
8.62	---Computing root node sequence and total tree likelihood...
8.62	---Attaching sequence profiles to leafs...
8.63	---Postorder: computing likelihoods...
8.85	---Computing root node sequence and total tree likelihood...
8.85	---Attaching sequence profiles to leafs...
8.86	---Postorder: computing likelihoods...
9.04	---Computing root node sequence and total tree likelihood...
9.04	---Attaching sequence profiles to leafs...
9.05	---Postorder: computing likelihoods...
9.23	---Computing root node sequence and total tree likelihood...
9.23	---Attaching sequence profiles to leafs...
9.24	---Postorder: computing likelihoods...
9.42	---Computing root node sequence and total tree likelihood...
9.42	---Attaching sequence profiles to leafs...
9.43	---Postorder: computing likelihoods...
9.61	---Computing root node sequence and total tree likelihood...

9.61	-treeanc:optimize_gtr_rate: optimization successful. Overall rate estimated
    	 to be 31.453157
9.61	--TreeAnc.infer_gtr: counting mutations...
9.92	---TreeAnc.infer_gtr: counting mutations...done

9.92	-GTR: with alphabet: ['A', 'B', 'C', 'D', 'E', 'F', 'G', 'H', 'I', 'J',
    	 'K', 'L', 'M', 'N', 'O', 'P', 'Q', 'R', 'S', 'T', 'U', 'V', 'W', 'X', 'Y',
    	 'Z', '[', '\\', ']', '^', '_', '`', 'a', 'b', 'c', 'd', 'e']
9.92	--GTR: ambiguous character: f
9.92	----GTR: no gap symbol!
9.92	---GTR: init with dummy values!

9.92	-GTR: model inference
9.92	---GTR inference iteration 0 change: 0.1643989873053573
9.92	---GTR inference iteration 1 change: 0.003955066150430736
9.92	---Attaching sequence profiles to leafs...
9.93	---Postorder: computing likelihoods...
10.10	---Computing root node sequence and total tree likelihood...
10.10	---Attaching sequence profiles to leafs...
10.11	---Postorder: computing likelihoods...
10.27	---Computing root node sequence and total tree likelihood...
10.27	---Attaching sequence profiles to leafs...
10.28	---Postorder: computing likelihoods...
10.45	---Computing root node sequence and total tree likelihood...
10.45	---Attaching sequence profiles to leafs...
10.46	---Postorder: computing likelihoods...
10.62	---Computing root node sequence and total tree likelihood...
10.62	---Attaching sequence profiles to leafs...
10.63	---Postorder: computing likelihoods...
10.79	---Computing root node sequence and total tree likelihood...
10.79	---Attaching sequence profiles to leafs...
10.80	---Postorder: computing likelihoods...
10.97	---Computing root node sequence and total tree likelihood...
10.97	---Attaching sequence profiles to leafs...
10.98	---Postorder: computing likelihoods...
11.14	---Computing root node sequence and total tree likelihood...
11.14	---Attaching sequence profiles to leafs...
11.15	---Postorder: computing likelihoods...
11.32	---Computing root node sequence and total tree likelihood...
11.32	---Attaching sequence profiles to leafs...
11.33	---Postorder: computing likelihoods...
11.49	---Computing root node sequence and total tree likelihood...
11.49	---Attaching sequence profiles to leafs...
11.50	---Postorder: computing likelihoods...
11.66	---Computing root node sequence and total tree likelihood...
11.67	---Attaching sequence profiles to leafs...
11.67	---Postorder: computing likelihoods...
11.83	---Computing root node sequence and total tree likelihood...
11.84	---Attaching sequence profiles to leafs...
11.84	---Postorder: computing likelihoods...
12.01	---Computing root node sequence and total tree likelihood...
12.01	---Attaching sequence profiles to leafs...
12.02	---Postorder: computing likelihoods...
12.19	---Computing root node sequence and total tree likelihood...
12.19	---Attaching sequence profiles to leafs...
12.19	---Postorder: computing likelihoods...
12.37	---Computing root node sequence and total tree likelihood...
12.38	---Attaching sequence profiles to leafs...
12.38	---Postorder: computing likelihoods...
12.56	---Computing root node sequence and total tree likelihood...
12.56	---Attaching sequence profiles to leafs...
12.57	---Postorder: computing likelihoods...
12.75	---Computing root node sequence and total tree likelihood...
12.75	---Attaching sequence profiles to leafs...
12.76	---Postorder: computing likelihoods...
12.92	---Computing root node sequence and total tree likelihood...
12.92	---Attaching sequence profiles to leafs...
12.93	---Postorder: computing likelihoods...
13.10	---Computing root node sequence and total tree likelihood...
13.10	---Attaching sequence profiles to leafs...
13.11	---Postorder: computing likelihoods...
13.29	---Computing root node sequence and total tree likelihood...
13.29	---Attaching sequence profiles to leafs...
13.30	---Postorder: computing likelihoods...
13.48	---Computing root node sequence and total tree likelihood...
13.48	---Attaching sequence profiles to leafs...
13.49	---Postorder: computing likelihoods...
13.67	---Computing root node sequence and total tree likelihood...
13.67	---Attaching sequence profiles to leafs...
13.68	---Postorder: computing likelihoods...
13.85	---Computing root node sequence and total tree likelihood...
13.85	---Attaching sequence profiles to leafs...
13.86	---Postorder: computing likelihoods...
14.02	---Computing root node sequence and total tree likelihood...

14.02	-treeanc:optimize_gtr_rate: optimization successful. Overall rate
     	 estimated to be 31.452889
14.02	--TreeAnc.infer_gtr: counting mutations...
14.33	---TreeAnc.infer_gtr: counting mutations...done

14.33	-GTR: with alphabet: ['A', 'B', 'C', 'D', 'E', 'F', 'G', 'H', 'I', 'J',
     	 'K', 'L', 'M', 'N', 'O', 'P', 'Q', 'R', 'S', 'T', 'U', 'V', 'W', 'X',
     	 'Y', 'Z', '[', '\\', ']', '^', '_', '`', 'a', 'b', 'c', 'd', 'e']
14.33	--GTR: ambiguous character: f
14.33	----GTR: no gap symbol!
14.33	---GTR: init with dummy values!

14.33	-GTR: model inference
14.33	---GTR inference iteration 0 change: 0.1643989873053573
14.33	---GTR inference iteration 1 change: 0.003956014401076922
14.33	---Attaching sequence profiles to leafs...
14.34	---Postorder: computing likelihoods...
14.52	---Computing root node sequence and total tree likelihood...
14.52	---Attaching sequence profiles to leafs...
14.53	---Postorder: computing likelihoods...
14.70	---Computing root node sequence and total tree likelihood...
14.70	---Attaching sequence profiles to leafs...
14.71	---Postorder: computing likelihoods...
14.88	---Computing root node sequence and total tree likelihood...
14.88	---Attaching sequence profiles to leafs...
14.89	---Postorder: computing likelihoods...
15.06	---Computing root node sequence and total tree likelihood...
15.06	---Attaching sequence profiles to leafs...
15.07	---Postorder: computing likelihoods...
15.23	---Computing root node sequence and total tree likelihood...
15.23	---Attaching sequence profiles to leafs...
15.24	---Postorder: computing likelihoods...
15.41	---Computing root node sequence and total tree likelihood...
15.41	---Attaching sequence profiles to leafs...
15.41	---Postorder: computing likelihoods...
15.59	---Computing root node sequence and total tree likelihood...
15.59	---Attaching sequence profiles to leafs...
15.60	---Postorder: computing likelihoods...
15.78	---Computing root node sequence and total tree likelihood...
15.78	---Attaching sequence profiles to leafs...
15.79	---Postorder: computing likelihoods...
15.97	---Computing root node sequence and total tree likelihood...
15.97	---Attaching sequence profiles to leafs...
15.98	---Postorder: computing likelihoods...
16.14	---Computing root node sequence and total tree likelihood...
16.14	---Attaching sequence profiles to leafs...
16.15	---Postorder: computing likelihoods...
16.33	---Computing root node sequence and total tree likelihood...
16.33	---Attaching sequence profiles to leafs...
16.34	---Postorder: computing likelihoods...
16.51	---Computing root node sequence and total tree likelihood...
16.51	---Attaching sequence profiles to leafs...
16.51	---Postorder: computing likelihoods...
16.68	---Computing root node sequence and total tree likelihood...
16.68	---Attaching sequence profiles to leafs...
16.69	---Postorder: computing likelihoods...
16.87	---Computing root node sequence and total tree likelihood...
16.87	---Attaching sequence profiles to leafs...
16.88	---Postorder: computing likelihoods...
17.05	---Computing root node sequence and total tree likelihood...
17.05	---Attaching sequence profiles to leafs...
17.06	---Postorder: computing likelihoods...
17.23	---Computing root node sequence and total tree likelihood...
17.23	---Attaching sequence profiles to leafs...
17.25	---Postorder: computing likelihoods...
17.49	---Computing root node sequence and total tree likelihood...
17.49	---Attaching sequence profiles to leafs...
17.50	---Postorder: computing likelihoods...
17.68	---Computing root node sequence and total tree likelihood...
17.68	---Attaching sequence profiles to leafs...
17.69	---Postorder: computing likelihoods...
17.85	---Computing root node sequence and total tree likelihood...
17.85	---Attaching sequence profiles to leafs...
17.86	---Postorder: computing likelihoods...
18.03	---Computing root node sequence and total tree likelihood...

18.03	-treeanc:optimize_gtr_rate: optimization successful. Overall rate
     	 estimated to be 31.452838
18.03	--TreeAnc.infer_gtr: counting mutations...
18.35	---TreeAnc.infer_gtr: counting mutations...done

18.35	-GTR: with alphabet: ['A', 'B', 'C', 'D', 'E', 'F', 'G', 'H', 'I', 'J',
     	 'K', 'L', 'M', 'N', 'O', 'P', 'Q', 'R', 'S', 'T', 'U', 'V', 'W', 'X',
     	 'Y', 'Z', '[', '\\', ']', '^', '_', '`', 'a', 'b', 'c', 'd', 'e']
18.35	--GTR: ambiguous character: f
18.35	----GTR: no gap symbol!
18.35	---GTR: init with dummy values!

18.35	-GTR: model inference
18.35	---GTR inference iteration 0 change: 0.1643989873053573
18.35	---GTR inference iteration 1 change: 0.0039561666907344415
18.35	---Attaching sequence profiles to leafs...
18.36	---Postorder: computing likelihoods...
18.53	---Computing root node sequence and total tree likelihood...
18.53	---Attaching sequence profiles to leafs...
18.54	---Postorder: computing likelihoods...
18.71	---Computing root node sequence and total tree likelihood...
18.71	---Attaching sequence profiles to leafs...
18.72	---Postorder: computing likelihoods...
18.88	---Computing root node sequence and total tree likelihood...
18.88	---Attaching sequence profiles to leafs...
18.89	---Postorder: computing likelihoods...
19.07	---Computing root node sequence and total tree likelihood...
19.07	---Attaching sequence profiles to leafs...
19.08	---Postorder: computing likelihoods...
19.24	---Computing root node sequence and total tree likelihood...
19.24	---Attaching sequence profiles to leafs...
19.24	---Postorder: computing likelihoods...
19.41	---Computing root node sequence and total tree likelihood...
19.41	---Attaching sequence profiles to leafs...
19.42	---Postorder: computing likelihoods...
19.60	---Computing root node sequence and total tree likelihood...
19.60	---Attaching sequence profiles to leafs...
19.60	---Postorder: computing likelihoods...
19.77	---Computing root node sequence and total tree likelihood...
19.77	---Attaching sequence profiles to leafs...
19.78	---Postorder: computing likelihoods...
19.94	---Computing root node sequence and total tree likelihood...
19.95	---Attaching sequence profiles to leafs...
19.95	---Postorder: computing likelihoods...
20.12	---Computing root node sequence and total tree likelihood...
20.12	---Attaching sequence profiles to leafs...
20.13	---Postorder: computing likelihoods...
20.31	---Computing root node sequence and total tree likelihood...
20.31	---Attaching sequence profiles to leafs...
20.32	---Postorder: computing likelihoods...
20.50	---Computing root node sequence and total tree likelihood...
20.50	---Attaching sequence profiles to leafs...
20.51	---Postorder: computing likelihoods...
20.67	---Computing root node sequence and total tree likelihood...
20.67	---Attaching sequence profiles to leafs...
20.68	---Postorder: computing likelihoods...
20.85	---Computing root node sequence and total tree likelihood...
20.85	---Attaching sequence profiles to leafs...
20.86	---Postorder: computing likelihoods...
21.02	---Computing root node sequence and total tree likelihood...
21.03	---Attaching sequence profiles to leafs...
21.03	---Postorder: computing likelihoods...
21.19	---Computing root node sequence and total tree likelihood...
21.19	---Attaching sequence profiles to leafs...
21.20	---Postorder: computing likelihoods...
21.37	---Computing root node sequence and total tree likelihood...
21.37	---Attaching sequence profiles to leafs...
21.38	---Postorder: computing likelihoods...
21.56	---Computing root node sequence and total tree likelihood...
21.56	---Attaching sequence profiles to leafs...
21.57	---Postorder: computing likelihoods...
21.74	---Computing root node sequence and total tree likelihood...
21.74	---Attaching sequence profiles to leafs...
21.74	---Postorder: computing likelihoods...
21.92	---Computing root node sequence and total tree likelihood...

21.92	-treeanc:optimize_gtr_rate: optimization successful. Overall rate
     	 estimated to be 31.452840
21.92	--TreeAnc.infer_gtr: counting mutations...
22.23	---TreeAnc.infer_gtr: counting mutations...done

22.23	-GTR: with alphabet: ['A', 'B', 'C', 'D', 'E', 'F', 'G', 'H', 'I', 'J',
     	 'K', 'L', 'M', 'N', 'O', 'P', 'Q', 'R', 'S', 'T', 'U', 'V', 'W', 'X',
     	 'Y', 'Z', '[', '\\', ']', '^', '_', '`', 'a', 'b', 'c', 'd', 'e']
22.23	--GTR: ambiguous character: f
22.23	----GTR: no gap symbol!
22.23	---GTR: init with dummy values!

22.23	-GTR: model inference
22.23	---GTR inference iteration 0 change: 0.1643989873053573
22.23	---GTR inference iteration 1 change: 0.0039561917859526055
22.24	---Attaching sequence profiles to leafs...
22.25	---Postorder: computing likelihoods...
22.42	---Computing root node sequence and total tree likelihood...
22.42	---Attaching sequence profiles to leafs...
22.42	---Postorder: computing likelihoods...
22.60	---Computing root node sequence and total tree likelihood...
22.60	---Attaching sequence profiles to leafs...
22.61	---Postorder: computing likelihoods...
22.77	---Computing root node sequence and total tree likelihood...
22.78	---Attaching sequence profiles to leafs...
22.78	---Postorder: computing likelihoods...
22.95	---Computing root node sequence and total tree likelihood...
22.95	---Attaching sequence profiles to leafs...
22.96	---Postorder: computing likelihoods...
23.14	---Computing root node sequence and total tree likelihood...
23.14	---Attaching sequence profiles to leafs...
23.14	---Postorder: computing likelihoods...
23.32	---Computing root node sequence and total tree likelihood...
23.32	---Attaching sequence profiles to leafs...
23.33	---Postorder: computing likelihoods...
23.50	---Computing root node sequence and total tree likelihood...
23.50	---Attaching sequence profiles to leafs...
23.51	---Postorder: computing likelihoods...
23.68	---Computing root node sequence and total tree likelihood...
23.68	---Attaching sequence profiles to leafs...
23.69	---Postorder: computing likelihoods...
23.84	---Computing root node sequence and total tree likelihood...
23.85	---Attaching sequence profiles to leafs...
23.85	---Postorder: computing likelihoods...
24.02	---Computing root node sequence and total tree likelihood...
24.02	---Attaching sequence profiles to leafs...
24.03	---Postorder: computing likelihoods...
24.21	---Computing root node sequence and total tree likelihood...
24.21	---Attaching sequence profiles to leafs...
24.22	---Postorder: computing likelihoods...
24.38	---Computing root node sequence and total tree likelihood...
24.38	---Attaching sequence profiles to leafs...
24.39	---Postorder: computing likelihoods...
24.56	---Computing root node sequence and total tree likelihood...
24.56	---Attaching sequence profiles to leafs...
24.57	---Postorder: computing likelihoods...
24.73	---Computing root node sequence and total tree likelihood...
24.73	---Attaching sequence profiles to leafs...
24.73	---Postorder: computing likelihoods...
24.91	---Computing root node sequence and total tree likelihood...
24.92	---Attaching sequence profiles to leafs...
24.92	---Postorder: computing likelihoods...
25.09	---Computing root node sequence and total tree likelihood...
25.09	---Attaching sequence profiles to leafs...
25.10	---Postorder: computing likelihoods...
25.27	---Computing root node sequence and total tree likelihood...
25.27	---Attaching sequence profiles to leafs...
25.28	---Postorder: computing likelihoods...
25.45	---Computing root node sequence and total tree likelihood...
25.45	---Attaching sequence profiles to leafs...
25.46	---Postorder: computing likelihoods...
25.63	---Computing root node sequence and total tree likelihood...
25.63	---Attaching sequence profiles to leafs...
25.64	---Postorder: computing likelihoods...
25.80	---Computing root node sequence and total tree likelihood...

25.80	-treeanc:optimize_gtr_rate: optimization successful. Overall rate
     	 estimated to be 31.452834

25.80	-TreeAnc.infer_ancestral_sequences with method: probabilistic, marginal
25.80	--TreeAnc._ml_anc_marginal: type of reconstruction: Marginal
25.80	---Attaching sequence profiles to leafs...
25.81	---Postorder: computing likelihoods...
25.98	---Computing root node sequence and total tree likelihood...
25.98	---Preorder: computing marginal profiles...
26.27	---TreeAnc._ml_anc_marginal: ...done
NOTE: previous versions (<0.7.0) of this command made a 'short-branch
length assumption. TreeTime now optimizes the overall rate numerically
and thus allows for long branches along which multiple changes
accumulated. This is expected to affect estimates of the overall rate
while leaving the relative rates mostly unchanged.

Completed mugration model inference of attribute 'branch_minor' for /mnt/c/Users/ktmea/Projects/plague-phylogeography/results/iqtree/all/chromosome/full/filter5/filter-taxa/iqtree.treefile

Saved inferred mugration model as: /mnt/c/Users/ktmea/Projects/plague-phylogeography/results/mugration/all/chromosome/full/filter5/GTR.txt
Saved table with ancestral state confidences as: /mnt/c/Users/ktmea/Projects/plague-phylogeography/results/mugration/all/chromosome/full/filter5/confidence.csv
Saved annotated tree as: /mnt/c/Users/ktmea/Projects/plague-phylogeography/results/mugration/all/chromosome/full/filter5/annotated_tree.nexus
---Done!

