Using column 'sample' as taxon name. This needs to match the taxa in the tree!

0.00	-TreeAnc: set-up
Assigned discrete traits to 601 out of 601 taxa.


0.44	-SequenceData: loaded alignment.

0.44	-SeqData: making compressed alignment...

0.44	-SequenceData: constructed compressed alignment...

0.48	-TreeAnc.infer_ancestral_sequences with method: ml, marginal
0.48	--TreeAnc._ml_anc_marginal: type of reconstruction: Marginal
0.48	---Attaching sequence profiles to leafs...
0.50	---Postorder: computing likelihoods...
0.63	---Computing root node sequence and total tree likelihood...
0.63	---Preorder: computing marginal profiles...
0.79	---TreeAnc._ml_anc_marginal: ...done
0.84	--TreeAnc.infer_gtr: counting mutations...
1.06	---TreeAnc.infer_gtr: counting mutations...done

1.06	-GTR: with alphabet: ['A', 'B', 'C', 'D', 'E', 'F', 'G', 'H', 'I', 'J',
    	 'K']
1.06	--GTR: ambiguous character: L
1.06	----GTR: no gap symbol!
1.06	---GTR: init with dummy values!

1.06	-GTR: model inference
1.06	---GTR inference iteration 0 change: 0.30151134457776363
1.06	---GTR inference iteration 1 change: 0.011777260093447081
1.06	---GTR inference iteration 2 change: 5.844628353754906e-05
1.06	--TreeAnc._ml_anc_marginal: type of reconstruction: Marginal
1.06	---Attaching sequence profiles to leafs...
1.07	---Postorder: computing likelihoods...
1.19	---Computing root node sequence and total tree likelihood...
1.19	---Preorder: computing marginal profiles...
1.43	---TreeAnc._ml_anc_marginal: ...done
1.47	---Attaching sequence profiles to leafs...
1.48	---Postorder: computing likelihoods...
1.61	---Computing root node sequence and total tree likelihood...
1.61	---Attaching sequence profiles to leafs...
1.62	---Postorder: computing likelihoods...
1.74	---Computing root node sequence and total tree likelihood...
1.74	---Attaching sequence profiles to leafs...
1.75	---Postorder: computing likelihoods...
1.88	---Computing root node sequence and total tree likelihood...
1.88	---Attaching sequence profiles to leafs...
1.89	---Postorder: computing likelihoods...
2.01	---Computing root node sequence and total tree likelihood...
2.01	---Attaching sequence profiles to leafs...
2.02	---Postorder: computing likelihoods...
2.14	---Computing root node sequence and total tree likelihood...
2.14	---Attaching sequence profiles to leafs...
2.15	---Postorder: computing likelihoods...
2.28	---Computing root node sequence and total tree likelihood...
2.28	---Attaching sequence profiles to leafs...
2.29	---Postorder: computing likelihoods...
2.43	---Computing root node sequence and total tree likelihood...
2.43	---Attaching sequence profiles to leafs...
2.44	---Postorder: computing likelihoods...
2.56	---Computing root node sequence and total tree likelihood...
2.56	---Attaching sequence profiles to leafs...
2.57	---Postorder: computing likelihoods...
2.68	---Computing root node sequence and total tree likelihood...
2.68	---Attaching sequence profiles to leafs...
2.69	---Postorder: computing likelihoods...
2.80	---Computing root node sequence and total tree likelihood...
2.80	---Attaching sequence profiles to leafs...
2.81	---Postorder: computing likelihoods...
2.93	---Computing root node sequence and total tree likelihood...
2.93	---Attaching sequence profiles to leafs...
2.94	---Postorder: computing likelihoods...
3.07	---Computing root node sequence and total tree likelihood...
3.07	---Attaching sequence profiles to leafs...
3.08	---Postorder: computing likelihoods...
3.20	---Computing root node sequence and total tree likelihood...
3.20	---Attaching sequence profiles to leafs...
3.21	---Postorder: computing likelihoods...
3.33	---Computing root node sequence and total tree likelihood...
3.33	---Attaching sequence profiles to leafs...
3.34	---Postorder: computing likelihoods...
3.47	---Computing root node sequence and total tree likelihood...
3.47	---Attaching sequence profiles to leafs...
3.47	---Postorder: computing likelihoods...
3.60	---Computing root node sequence and total tree likelihood...
3.60	---Attaching sequence profiles to leafs...
3.61	---Postorder: computing likelihoods...
3.74	---Computing root node sequence and total tree likelihood...
3.74	---Attaching sequence profiles to leafs...
3.75	---Postorder: computing likelihoods...
3.87	---Computing root node sequence and total tree likelihood...
3.87	---Attaching sequence profiles to leafs...
3.88	---Postorder: computing likelihoods...
4.00	---Computing root node sequence and total tree likelihood...
4.00	---Attaching sequence profiles to leafs...
4.01	---Postorder: computing likelihoods...
4.13	---Computing root node sequence and total tree likelihood...
4.13	---Attaching sequence profiles to leafs...
4.14	---Postorder: computing likelihoods...
4.26	---Computing root node sequence and total tree likelihood...

4.26	-treeanc:optimize_gtr_rate: optimization successful. Overall rate estimated
    	 to be 8.384320
4.26	--TreeAnc.infer_gtr: counting mutations...
4.48	---TreeAnc.infer_gtr: counting mutations...done

4.49	-GTR: with alphabet: ['A', 'B', 'C', 'D', 'E', 'F', 'G', 'H', 'I', 'J',
    	 'K']
4.49	--GTR: ambiguous character: L
4.49	----GTR: no gap symbol!
4.49	---GTR: init with dummy values!

4.49	-GTR: model inference
4.49	---GTR inference iteration 0 change: 0.30151134457776363
4.49	---GTR inference iteration 1 change: 0.011810277472182917
4.49	---GTR inference iteration 2 change: 5.8974994493580885e-05
4.49	---Attaching sequence profiles to leafs...
4.50	---Postorder: computing likelihoods...
4.62	---Computing root node sequence and total tree likelihood...
4.62	---Attaching sequence profiles to leafs...
4.62	---Postorder: computing likelihoods...
4.74	---Computing root node sequence and total tree likelihood...
4.74	---Attaching sequence profiles to leafs...
4.74	---Postorder: computing likelihoods...
4.87	---Computing root node sequence and total tree likelihood...
4.87	---Attaching sequence profiles to leafs...
4.88	---Postorder: computing likelihoods...
5.00	---Computing root node sequence and total tree likelihood...
5.00	---Attaching sequence profiles to leafs...
5.01	---Postorder: computing likelihoods...
5.13	---Computing root node sequence and total tree likelihood...
5.14	---Attaching sequence profiles to leafs...
5.15	---Postorder: computing likelihoods...
5.27	---Computing root node sequence and total tree likelihood...
5.27	---Attaching sequence profiles to leafs...
5.28	---Postorder: computing likelihoods...
5.41	---Computing root node sequence and total tree likelihood...
5.41	---Attaching sequence profiles to leafs...
5.42	---Postorder: computing likelihoods...
5.54	---Computing root node sequence and total tree likelihood...
5.54	---Attaching sequence profiles to leafs...
5.55	---Postorder: computing likelihoods...
5.67	---Computing root node sequence and total tree likelihood...
5.67	---Attaching sequence profiles to leafs...
5.68	---Postorder: computing likelihoods...
5.80	---Computing root node sequence and total tree likelihood...
5.80	---Attaching sequence profiles to leafs...
5.81	---Postorder: computing likelihoods...
5.93	---Computing root node sequence and total tree likelihood...
5.93	---Attaching sequence profiles to leafs...
5.94	---Postorder: computing likelihoods...
6.07	---Computing root node sequence and total tree likelihood...
6.07	---Attaching sequence profiles to leafs...
6.08	---Postorder: computing likelihoods...
6.20	---Computing root node sequence and total tree likelihood...
6.21	---Attaching sequence profiles to leafs...
6.21	---Postorder: computing likelihoods...
6.34	---Computing root node sequence and total tree likelihood...
6.34	---Attaching sequence profiles to leafs...
6.35	---Postorder: computing likelihoods...
6.47	---Computing root node sequence and total tree likelihood...
6.47	---Attaching sequence profiles to leafs...
6.48	---Postorder: computing likelihoods...
6.60	---Computing root node sequence and total tree likelihood...
6.60	---Attaching sequence profiles to leafs...
6.61	---Postorder: computing likelihoods...
6.74	---Computing root node sequence and total tree likelihood...
6.74	---Attaching sequence profiles to leafs...
6.74	---Postorder: computing likelihoods...
6.87	---Computing root node sequence and total tree likelihood...
6.87	---Attaching sequence profiles to leafs...
6.87	---Postorder: computing likelihoods...
7.00	---Computing root node sequence and total tree likelihood...
7.00	---Attaching sequence profiles to leafs...
7.01	---Postorder: computing likelihoods...
7.13	---Computing root node sequence and total tree likelihood...
7.13	---Attaching sequence profiles to leafs...
7.14	---Postorder: computing likelihoods...
7.25	---Computing root node sequence and total tree likelihood...

7.26	-treeanc:optimize_gtr_rate: optimization successful. Overall rate estimated
    	 to be 8.384437
7.26	--TreeAnc.infer_gtr: counting mutations...
7.49	---TreeAnc.infer_gtr: counting mutations...done

7.49	-GTR: with alphabet: ['A', 'B', 'C', 'D', 'E', 'F', 'G', 'H', 'I', 'J',
    	 'K']
7.49	--GTR: ambiguous character: L
7.49	----GTR: no gap symbol!
7.49	---GTR: init with dummy values!

7.49	-GTR: model inference
7.49	---GTR inference iteration 0 change: 0.30151134457776363
7.49	---GTR inference iteration 1 change: 0.011809131586389408
7.49	---GTR inference iteration 2 change: 5.907826552679703e-05
7.49	---Attaching sequence profiles to leafs...
7.50	---Postorder: computing likelihoods...
7.61	---Computing root node sequence and total tree likelihood...
7.61	---Attaching sequence profiles to leafs...
7.62	---Postorder: computing likelihoods...
7.74	---Computing root node sequence and total tree likelihood...
7.74	---Attaching sequence profiles to leafs...
7.75	---Postorder: computing likelihoods...
7.87	---Computing root node sequence and total tree likelihood...
7.87	---Attaching sequence profiles to leafs...
7.88	---Postorder: computing likelihoods...
8.00	---Computing root node sequence and total tree likelihood...
8.00	---Attaching sequence profiles to leafs...
8.00	---Postorder: computing likelihoods...
8.12	---Computing root node sequence and total tree likelihood...
8.12	---Attaching sequence profiles to leafs...
8.13	---Postorder: computing likelihoods...
8.24	---Computing root node sequence and total tree likelihood...
8.24	---Attaching sequence profiles to leafs...
8.25	---Postorder: computing likelihoods...
8.38	---Computing root node sequence and total tree likelihood...
8.38	---Attaching sequence profiles to leafs...
8.39	---Postorder: computing likelihoods...
8.51	---Computing root node sequence and total tree likelihood...
8.51	---Attaching sequence profiles to leafs...
8.51	---Postorder: computing likelihoods...
8.64	---Computing root node sequence and total tree likelihood...
8.64	---Attaching sequence profiles to leafs...
8.66	---Postorder: computing likelihoods...
8.78	---Computing root node sequence and total tree likelihood...
8.78	---Attaching sequence profiles to leafs...
8.79	---Postorder: computing likelihoods...
8.92	---Computing root node sequence and total tree likelihood...
8.92	---Attaching sequence profiles to leafs...
8.93	---Postorder: computing likelihoods...
9.04	---Computing root node sequence and total tree likelihood...
9.04	---Attaching sequence profiles to leafs...
9.05	---Postorder: computing likelihoods...
9.17	---Computing root node sequence and total tree likelihood...
9.17	---Attaching sequence profiles to leafs...
9.19	---Postorder: computing likelihoods...
9.31	---Computing root node sequence and total tree likelihood...
9.31	---Attaching sequence profiles to leafs...
9.31	---Postorder: computing likelihoods...
9.44	---Computing root node sequence and total tree likelihood...
9.44	---Attaching sequence profiles to leafs...
9.45	---Postorder: computing likelihoods...
9.57	---Computing root node sequence and total tree likelihood...
9.57	---Attaching sequence profiles to leafs...
9.57	---Postorder: computing likelihoods...
9.69	---Computing root node sequence and total tree likelihood...
9.69	---Attaching sequence profiles to leafs...
9.70	---Postorder: computing likelihoods...
9.82	---Computing root node sequence and total tree likelihood...
9.82	---Attaching sequence profiles to leafs...
9.83	---Postorder: computing likelihoods...
9.94	---Computing root node sequence and total tree likelihood...
9.94	---Attaching sequence profiles to leafs...
9.95	---Postorder: computing likelihoods...
10.07	---Computing root node sequence and total tree likelihood...
10.07	---Attaching sequence profiles to leafs...
10.08	---Postorder: computing likelihoods...
10.19	---Computing root node sequence and total tree likelihood...

10.19	-treeanc:optimize_gtr_rate: optimization successful. Overall rate
     	 estimated to be 8.384538
10.19	--TreeAnc.infer_gtr: counting mutations...
10.42	---TreeAnc.infer_gtr: counting mutations...done

10.42	-GTR: with alphabet: ['A', 'B', 'C', 'D', 'E', 'F', 'G', 'H', 'I', 'J',
     	 'K']
10.42	--GTR: ambiguous character: L
10.42	----GTR: no gap symbol!
10.42	---GTR: init with dummy values!

10.42	-GTR: model inference
10.42	---GTR inference iteration 0 change: 0.30151134457776363
10.42	---GTR inference iteration 1 change: 0.01180896383524898
10.42	---GTR inference iteration 2 change: 5.9096283259146354e-05
10.42	---Attaching sequence profiles to leafs...
10.43	---Postorder: computing likelihoods...
10.56	---Computing root node sequence and total tree likelihood...
10.56	---Attaching sequence profiles to leafs...
10.57	---Postorder: computing likelihoods...
10.69	---Computing root node sequence and total tree likelihood...
10.69	---Attaching sequence profiles to leafs...
10.70	---Postorder: computing likelihoods...
10.83	---Computing root node sequence and total tree likelihood...
10.83	---Attaching sequence profiles to leafs...
10.84	---Postorder: computing likelihoods...
10.96	---Computing root node sequence and total tree likelihood...
10.96	---Attaching sequence profiles to leafs...
10.97	---Postorder: computing likelihoods...
11.09	---Computing root node sequence and total tree likelihood...
11.09	---Attaching sequence profiles to leafs...
11.10	---Postorder: computing likelihoods...
11.23	---Computing root node sequence and total tree likelihood...
11.23	---Attaching sequence profiles to leafs...
11.23	---Postorder: computing likelihoods...
11.36	---Computing root node sequence and total tree likelihood...
11.36	---Attaching sequence profiles to leafs...
11.37	---Postorder: computing likelihoods...
11.49	---Computing root node sequence and total tree likelihood...
11.49	---Attaching sequence profiles to leafs...
11.50	---Postorder: computing likelihoods...
11.63	---Computing root node sequence and total tree likelihood...
11.63	---Attaching sequence profiles to leafs...
11.64	---Postorder: computing likelihoods...
11.76	---Computing root node sequence and total tree likelihood...
11.76	---Attaching sequence profiles to leafs...
11.77	---Postorder: computing likelihoods...
11.90	---Computing root node sequence and total tree likelihood...
11.90	---Attaching sequence profiles to leafs...
11.91	---Postorder: computing likelihoods...
12.03	---Computing root node sequence and total tree likelihood...
12.03	---Attaching sequence profiles to leafs...
12.04	---Postorder: computing likelihoods...
12.17	---Computing root node sequence and total tree likelihood...
12.17	---Attaching sequence profiles to leafs...
12.17	---Postorder: computing likelihoods...
12.30	---Computing root node sequence and total tree likelihood...
12.30	---Attaching sequence profiles to leafs...
12.31	---Postorder: computing likelihoods...
12.43	---Computing root node sequence and total tree likelihood...
12.44	---Attaching sequence profiles to leafs...
12.44	---Postorder: computing likelihoods...
12.57	---Computing root node sequence and total tree likelihood...
12.57	---Attaching sequence profiles to leafs...
12.58	---Postorder: computing likelihoods...
12.70	---Computing root node sequence and total tree likelihood...
12.70	---Attaching sequence profiles to leafs...
12.71	---Postorder: computing likelihoods...
12.83	---Computing root node sequence and total tree likelihood...
12.83	---Attaching sequence profiles to leafs...
12.84	---Postorder: computing likelihoods...
12.96	---Computing root node sequence and total tree likelihood...

12.96	-treeanc:optimize_gtr_rate: optimization successful. Overall rate
     	 estimated to be 8.384555
12.96	--TreeAnc.infer_gtr: counting mutations...
13.18	---TreeAnc.infer_gtr: counting mutations...done

13.18	-GTR: with alphabet: ['A', 'B', 'C', 'D', 'E', 'F', 'G', 'H', 'I', 'J',
     	 'K']
13.18	--GTR: ambiguous character: L
13.18	----GTR: no gap symbol!
13.19	---GTR: init with dummy values!

13.19	-GTR: model inference
13.19	---GTR inference iteration 0 change: 0.30151134457776363
13.19	---GTR inference iteration 1 change: 0.01180893049237091
13.19	---GTR inference iteration 2 change: 5.9099337662851745e-05
13.19	---Attaching sequence profiles to leafs...
13.19	---Postorder: computing likelihoods...
13.31	---Computing root node sequence and total tree likelihood...
13.32	---Attaching sequence profiles to leafs...
13.32	---Postorder: computing likelihoods...
13.44	---Computing root node sequence and total tree likelihood...
13.44	---Attaching sequence profiles to leafs...
13.45	---Postorder: computing likelihoods...
13.56	---Computing root node sequence and total tree likelihood...
13.56	---Attaching sequence profiles to leafs...
13.57	---Postorder: computing likelihoods...
13.70	---Computing root node sequence and total tree likelihood...
13.70	---Attaching sequence profiles to leafs...
13.71	---Postorder: computing likelihoods...
13.83	---Computing root node sequence and total tree likelihood...
13.83	---Attaching sequence profiles to leafs...
13.84	---Postorder: computing likelihoods...
13.96	---Computing root node sequence and total tree likelihood...
13.96	---Attaching sequence profiles to leafs...
13.97	---Postorder: computing likelihoods...
14.10	---Computing root node sequence and total tree likelihood...
14.10	---Attaching sequence profiles to leafs...
14.11	---Postorder: computing likelihoods...
14.23	---Computing root node sequence and total tree likelihood...
14.23	---Attaching sequence profiles to leafs...
14.24	---Postorder: computing likelihoods...
14.37	---Computing root node sequence and total tree likelihood...
14.37	---Attaching sequence profiles to leafs...
14.37	---Postorder: computing likelihoods...
14.50	---Computing root node sequence and total tree likelihood...
14.50	---Attaching sequence profiles to leafs...
14.51	---Postorder: computing likelihoods...
14.63	---Computing root node sequence and total tree likelihood...
14.63	---Attaching sequence profiles to leafs...
14.64	---Postorder: computing likelihoods...
14.77	---Computing root node sequence and total tree likelihood...
14.77	---Attaching sequence profiles to leafs...
14.78	---Postorder: computing likelihoods...
14.90	---Computing root node sequence and total tree likelihood...
14.90	---Attaching sequence profiles to leafs...
14.91	---Postorder: computing likelihoods...
15.03	---Computing root node sequence and total tree likelihood...
15.03	---Attaching sequence profiles to leafs...
15.04	---Postorder: computing likelihoods...
15.17	---Computing root node sequence and total tree likelihood...
15.17	---Attaching sequence profiles to leafs...
15.18	---Postorder: computing likelihoods...
15.30	---Computing root node sequence and total tree likelihood...
15.30	---Attaching sequence profiles to leafs...
15.31	---Postorder: computing likelihoods...
15.43	---Computing root node sequence and total tree likelihood...
15.43	---Attaching sequence profiles to leafs...
15.43	---Postorder: computing likelihoods...
15.55	---Computing root node sequence and total tree likelihood...

15.55	-treeanc:optimize_gtr_rate: optimization successful. Overall rate
     	 estimated to be 8.384558
15.55	--TreeAnc.infer_gtr: counting mutations...
15.77	---TreeAnc.infer_gtr: counting mutations...done

15.77	-GTR: with alphabet: ['A', 'B', 'C', 'D', 'E', 'F', 'G', 'H', 'I', 'J',
     	 'K']
15.77	--GTR: ambiguous character: L
15.77	----GTR: no gap symbol!
15.77	---GTR: init with dummy values!

15.77	-GTR: model inference
15.77	---GTR inference iteration 0 change: 0.30151134457776363
15.77	---GTR inference iteration 1 change: 0.011808924021037729
15.77	---GTR inference iteration 2 change: 5.909988365094208e-05
15.77	---Attaching sequence profiles to leafs...
15.78	---Postorder: computing likelihoods...
15.90	---Computing root node sequence and total tree likelihood...
15.90	---Attaching sequence profiles to leafs...
15.90	---Postorder: computing likelihoods...
16.03	---Computing root node sequence and total tree likelihood...
16.03	---Attaching sequence profiles to leafs...
16.03	---Postorder: computing likelihoods...
16.16	---Computing root node sequence and total tree likelihood...
16.16	---Attaching sequence profiles to leafs...
16.17	---Postorder: computing likelihoods...
16.29	---Computing root node sequence and total tree likelihood...
16.29	---Attaching sequence profiles to leafs...
16.30	---Postorder: computing likelihoods...
16.56	---Computing root node sequence and total tree likelihood...
16.56	---Attaching sequence profiles to leafs...
16.58	---Postorder: computing likelihoods...
16.73	---Computing root node sequence and total tree likelihood...
16.73	---Attaching sequence profiles to leafs...
16.74	---Postorder: computing likelihoods...
16.86	---Computing root node sequence and total tree likelihood...
16.86	---Attaching sequence profiles to leafs...
16.87	---Postorder: computing likelihoods...
16.98	---Computing root node sequence and total tree likelihood...
16.98	---Attaching sequence profiles to leafs...
16.99	---Postorder: computing likelihoods...
17.11	---Computing root node sequence and total tree likelihood...
17.11	---Attaching sequence profiles to leafs...
17.11	---Postorder: computing likelihoods...
17.23	---Computing root node sequence and total tree likelihood...
17.23	---Attaching sequence profiles to leafs...
17.24	---Postorder: computing likelihoods...
17.36	---Computing root node sequence and total tree likelihood...
17.36	---Attaching sequence profiles to leafs...
17.37	---Postorder: computing likelihoods...
17.49	---Computing root node sequence and total tree likelihood...
17.49	---Attaching sequence profiles to leafs...
17.50	---Postorder: computing likelihoods...
17.62	---Computing root node sequence and total tree likelihood...
17.62	---Attaching sequence profiles to leafs...
17.63	---Postorder: computing likelihoods...
17.75	---Computing root node sequence and total tree likelihood...
17.76	---Attaching sequence profiles to leafs...
17.76	---Postorder: computing likelihoods...
17.89	---Computing root node sequence and total tree likelihood...
17.89	---Attaching sequence profiles to leafs...
17.90	---Postorder: computing likelihoods...
18.02	---Computing root node sequence and total tree likelihood...
18.02	---Attaching sequence profiles to leafs...
18.02	---Postorder: computing likelihoods...
18.14	---Computing root node sequence and total tree likelihood...
18.14	---Attaching sequence profiles to leafs...
18.15	---Postorder: computing likelihoods...
18.27	---Computing root node sequence and total tree likelihood...
18.27	---Attaching sequence profiles to leafs...
18.28	---Postorder: computing likelihoods...
18.41	---Computing root node sequence and total tree likelihood...
18.41	---Attaching sequence profiles to leafs...
18.42	---Postorder: computing likelihoods...
18.54	---Computing root node sequence and total tree likelihood...
18.55	---Attaching sequence profiles to leafs...
18.55	---Postorder: computing likelihoods...
18.69	---Computing root node sequence and total tree likelihood...
18.69	---Attaching sequence profiles to leafs...
18.71	---Postorder: computing likelihoods...
18.84	---Computing root node sequence and total tree likelihood...
18.84	---Attaching sequence profiles to leafs...
18.85	---Postorder: computing likelihoods...
18.97	---Computing root node sequence and total tree likelihood...
18.97	---Attaching sequence profiles to leafs...
18.98	---Postorder: computing likelihoods...
19.11	---Computing root node sequence and total tree likelihood...

19.11	-treeanc:optimize_gtr_rate: optimization successful. Overall rate
     	 estimated to be 8.384556

19.11	-TreeAnc.infer_ancestral_sequences with method: probabilistic, marginal
19.11	--TreeAnc._ml_anc_marginal: type of reconstruction: Marginal
19.11	---Attaching sequence profiles to leafs...
19.12	---Postorder: computing likelihoods...
19.24	---Computing root node sequence and total tree likelihood...
19.24	---Preorder: computing marginal profiles...
19.48	---TreeAnc._ml_anc_marginal: ...done
NOTE: previous versions (<0.7.0) of this command made a 'short-branch
length assumption. TreeTime now optimizes the overall rate numerically
and thus allows for long branches along which multiple changes
accumulated. This is expected to affect estimates of the overall rate
while leaving the relative rates mostly unchanged.

Completed mugration model inference of attribute 'branch_major' for /mnt/c/Users/ktmea/Projects/plague-phylogeography/results/iqtree/all/chromosome/full/filter5/filter-taxa/iqtree.treefile

Saved inferred mugration model as: /mnt/c/Users/ktmea/Projects/plague-phylogeography/results/mugration/all/chromosome/full/filter5/GTR.txt
Saved table with ancestral state confidences as: /mnt/c/Users/ktmea/Projects/plague-phylogeography/results/mugration/all/chromosome/full/filter5/confidence.csv
Saved annotated tree as: /mnt/c/Users/ktmea/Projects/plague-phylogeography/results/mugration/all/chromosome/full/filter5/annotated_tree.nexus
---Done!

