Using column 'sample' as taxon name. This needs to match the taxa in the tree!

0.00	-TreeAnc: set-up
Assigned discrete traits to 601 out of 601 taxa.


0.54	-SequenceData: loaded alignment.

0.54	-SeqData: making compressed alignment...

0.54	-SequenceData: constructed compressed alignment...

0.58	-TreeAnc.infer_ancestral_sequences with method: ml, marginal
0.58	--TreeAnc._ml_anc_marginal: type of reconstruction: Marginal
0.58	---Attaching sequence profiles to leafs...
0.60	---Postorder: computing likelihoods...
0.73	---Computing root node sequence and total tree likelihood...
0.73	---Preorder: computing marginal profiles...
0.89	---TreeAnc._ml_anc_marginal: ...done
0.95	--TreeAnc.infer_gtr: counting mutations...
1.27	---TreeAnc.infer_gtr: counting mutations...done

1.28	-GTR: with alphabet: ['A', 'B', 'C', 'D', 'E']
1.28	--GTR: ambiguous character: F
1.28	----GTR: no gap symbol!
1.28	---GTR: init with dummy values!

1.28	-GTR: model inference
1.28	---GTR inference iteration 0 change: 0.447213595499958
1.28	---GTR inference iteration 1 change: 0.02977029775031231
1.28	---GTR inference iteration 2 change: 0.010308113675901955
1.28	---GTR inference iteration 3 change: 0.003395155644813919
1.28	---GTR inference iteration 4 change: 0.0002018376319148428
1.28	---GTR inference iteration 5 change: 0.0003450513630510877
1.28	---GTR inference iteration 6 change: 5.885038969422854e-05
1.28	---GTR inference iteration 7 change: 1.783811662718307e-05
1.28	--TreeAnc._ml_anc_marginal: type of reconstruction: Marginal
1.28	---Attaching sequence profiles to leafs...
1.29	---Postorder: computing likelihoods...
1.42	---Computing root node sequence and total tree likelihood...
1.42	---Preorder: computing marginal profiles...
1.72	---TreeAnc._ml_anc_marginal: ...done
1.77	---Attaching sequence profiles to leafs...
1.79	---Postorder: computing likelihoods...
1.94	---Computing root node sequence and total tree likelihood...
1.95	---Attaching sequence profiles to leafs...
1.95	---Postorder: computing likelihoods...
2.12	---Computing root node sequence and total tree likelihood...
2.12	---Attaching sequence profiles to leafs...
2.13	---Postorder: computing likelihoods...
2.30	---Computing root node sequence and total tree likelihood...
2.30	---Attaching sequence profiles to leafs...
2.31	---Postorder: computing likelihoods...
2.42	---Computing root node sequence and total tree likelihood...
2.43	---Attaching sequence profiles to leafs...
2.43	---Postorder: computing likelihoods...
2.54	---Computing root node sequence and total tree likelihood...
2.54	---Attaching sequence profiles to leafs...
2.55	---Postorder: computing likelihoods...
2.67	---Computing root node sequence and total tree likelihood...
2.67	---Attaching sequence profiles to leafs...
2.68	---Postorder: computing likelihoods...
2.80	---Computing root node sequence and total tree likelihood...
2.80	---Attaching sequence profiles to leafs...
2.81	---Postorder: computing likelihoods...
2.93	---Computing root node sequence and total tree likelihood...
2.93	---Attaching sequence profiles to leafs...
2.94	---Postorder: computing likelihoods...
3.09	---Computing root node sequence and total tree likelihood...
3.09	---Attaching sequence profiles to leafs...
3.10	---Postorder: computing likelihoods...
3.29	---Computing root node sequence and total tree likelihood...
3.29	---Attaching sequence profiles to leafs...
3.31	---Postorder: computing likelihoods...
3.53	---Computing root node sequence and total tree likelihood...
3.53	---Attaching sequence profiles to leafs...
3.54	---Postorder: computing likelihoods...
3.67	---Computing root node sequence and total tree likelihood...
3.67	---Attaching sequence profiles to leafs...
3.68	---Postorder: computing likelihoods...
3.81	---Computing root node sequence and total tree likelihood...
3.82	---Attaching sequence profiles to leafs...
3.82	---Postorder: computing likelihoods...
3.94	---Computing root node sequence and total tree likelihood...
3.94	---Attaching sequence profiles to leafs...
3.95	---Postorder: computing likelihoods...
4.07	---Computing root node sequence and total tree likelihood...
4.07	---Attaching sequence profiles to leafs...
4.08	---Postorder: computing likelihoods...
4.24	---Computing root node sequence and total tree likelihood...
4.24	---Attaching sequence profiles to leafs...
4.25	---Postorder: computing likelihoods...
4.42	---Computing root node sequence and total tree likelihood...
4.42	---Attaching sequence profiles to leafs...
4.43	---Postorder: computing likelihoods...
4.58	---Computing root node sequence and total tree likelihood...
4.59	---Attaching sequence profiles to leafs...
4.60	---Postorder: computing likelihoods...
4.75	---Computing root node sequence and total tree likelihood...
4.75	---Attaching sequence profiles to leafs...
4.76	---Postorder: computing likelihoods...
4.91	---Computing root node sequence and total tree likelihood...
4.92	---Attaching sequence profiles to leafs...
4.92	---Postorder: computing likelihoods...
5.04	---Computing root node sequence and total tree likelihood...
5.04	---Attaching sequence profiles to leafs...
5.05	---Postorder: computing likelihoods...
5.18	---Computing root node sequence and total tree likelihood...
5.18	---Attaching sequence profiles to leafs...
5.19	---Postorder: computing likelihoods...
5.37	---Computing root node sequence and total tree likelihood...
5.37	---Attaching sequence profiles to leafs...
5.38	---Postorder: computing likelihoods...
5.52	---Computing root node sequence and total tree likelihood...
5.52	---Attaching sequence profiles to leafs...
5.53	---Postorder: computing likelihoods...
5.65	---Computing root node sequence and total tree likelihood...
5.65	---Attaching sequence profiles to leafs...
5.66	---Postorder: computing likelihoods...
5.78	---Computing root node sequence and total tree likelihood...
5.78	---Attaching sequence profiles to leafs...
5.79	---Postorder: computing likelihoods...
5.91	---Computing root node sequence and total tree likelihood...
5.91	---Attaching sequence profiles to leafs...
5.92	---Postorder: computing likelihoods...
6.04	---Computing root node sequence and total tree likelihood...
6.04	---Attaching sequence profiles to leafs...
6.05	---Postorder: computing likelihoods...
6.18	---Computing root node sequence and total tree likelihood...
6.18	---Attaching sequence profiles to leafs...
6.19	---Postorder: computing likelihoods...
6.31	---Computing root node sequence and total tree likelihood...
6.31	---Attaching sequence profiles to leafs...
6.31	---Postorder: computing likelihoods...
6.44	---Computing root node sequence and total tree likelihood...
6.44	---Attaching sequence profiles to leafs...
6.45	---Postorder: computing likelihoods...
6.57	---Computing root node sequence and total tree likelihood...

6.57	-treeanc:optimize_gtr_rate: optimization successful. Overall rate estimated
    	 to be 21.432554
6.57	--TreeAnc.infer_gtr: counting mutations...
6.79	---TreeAnc.infer_gtr: counting mutations...done

6.80	-GTR: with alphabet: ['A', 'B', 'C', 'D', 'E']
6.80	--GTR: ambiguous character: F
6.80	----GTR: no gap symbol!
6.80	---GTR: init with dummy values!

6.80	-GTR: model inference
6.80	---GTR inference iteration 0 change: 0.447213595499958
6.80	---GTR inference iteration 1 change: 0.035704936912051205
6.80	---GTR inference iteration 2 change: 0.009566673678052029
6.80	---GTR inference iteration 3 change: 0.003447586565835317
6.80	---GTR inference iteration 4 change: 0.00014779106141312777
6.80	---GTR inference iteration 5 change: 0.000354196296540613
6.80	---GTR inference iteration 6 change: 6.649034264319613e-05
6.80	---GTR inference iteration 7 change: 1.8408590998479885e-05
6.80	---GTR inference iteration 8 change: 1.0292405421623249e-05
6.80	---Attaching sequence profiles to leafs...
6.81	---Postorder: computing likelihoods...
6.96	---Computing root node sequence and total tree likelihood...
6.96	---Attaching sequence profiles to leafs...
6.97	---Postorder: computing likelihoods...
7.13	---Computing root node sequence and total tree likelihood...
7.13	---Attaching sequence profiles to leafs...
7.14	---Postorder: computing likelihoods...
7.27	---Computing root node sequence and total tree likelihood...
7.27	---Attaching sequence profiles to leafs...
7.28	---Postorder: computing likelihoods...
7.40	---Computing root node sequence and total tree likelihood...
7.40	---Attaching sequence profiles to leafs...
7.41	---Postorder: computing likelihoods...
7.53	---Computing root node sequence and total tree likelihood...
7.53	---Attaching sequence profiles to leafs...
7.54	---Postorder: computing likelihoods...
7.66	---Computing root node sequence and total tree likelihood...
7.66	---Attaching sequence profiles to leafs...
7.67	---Postorder: computing likelihoods...
7.79	---Computing root node sequence and total tree likelihood...
7.79	---Attaching sequence profiles to leafs...
7.79	---Postorder: computing likelihoods...
7.91	---Computing root node sequence and total tree likelihood...
7.91	---Attaching sequence profiles to leafs...
7.92	---Postorder: computing likelihoods...
8.05	---Computing root node sequence and total tree likelihood...
8.05	---Attaching sequence profiles to leafs...
8.05	---Postorder: computing likelihoods...
8.18	---Computing root node sequence and total tree likelihood...
8.18	---Attaching sequence profiles to leafs...
8.18	---Postorder: computing likelihoods...
8.31	---Computing root node sequence and total tree likelihood...
8.31	---Attaching sequence profiles to leafs...
8.32	---Postorder: computing likelihoods...
8.44	---Computing root node sequence and total tree likelihood...
8.44	---Attaching sequence profiles to leafs...
8.45	---Postorder: computing likelihoods...
8.57	---Computing root node sequence and total tree likelihood...
8.57	---Attaching sequence profiles to leafs...
8.58	---Postorder: computing likelihoods...
8.71	---Computing root node sequence and total tree likelihood...
8.71	---Attaching sequence profiles to leafs...
8.72	---Postorder: computing likelihoods...
8.87	---Computing root node sequence and total tree likelihood...
8.87	---Attaching sequence profiles to leafs...
8.88	---Postorder: computing likelihoods...
9.14	---Computing root node sequence and total tree likelihood...
9.14	---Attaching sequence profiles to leafs...
9.17	---Postorder: computing likelihoods...
9.45	---Computing root node sequence and total tree likelihood...
9.45	---Attaching sequence profiles to leafs...
9.47	---Postorder: computing likelihoods...
9.61	---Computing root node sequence and total tree likelihood...
9.61	---Attaching sequence profiles to leafs...
9.62	---Postorder: computing likelihoods...
9.76	---Computing root node sequence and total tree likelihood...

9.76	-treeanc:optimize_gtr_rate: optimization successful. Overall rate estimated
    	 to be 21.436068
9.76	--TreeAnc.infer_gtr: counting mutations...
10.03	---TreeAnc.infer_gtr: counting mutations...done

10.03	-GTR: with alphabet: ['A', 'B', 'C', 'D', 'E']
10.03	--GTR: ambiguous character: F
10.03	----GTR: no gap symbol!
10.03	---GTR: init with dummy values!

10.03	-GTR: model inference
10.03	---GTR inference iteration 0 change: 0.447213595499958
10.03	---GTR inference iteration 1 change: 0.03694610323359948
10.03	---GTR inference iteration 2 change: 0.00966198036732242
10.03	---GTR inference iteration 3 change: 0.003398276442704233
10.03	---GTR inference iteration 4 change: 0.0001727513520642866
10.03	---GTR inference iteration 5 change: 0.0003588249152411438
10.03	---GTR inference iteration 6 change: 6.508296795495643e-05
10.03	---GTR inference iteration 7 change: 1.9430452348400787e-05
10.03	---GTR inference iteration 8 change: 1.046057504821512e-05
10.03	---Attaching sequence profiles to leafs...
10.04	---Postorder: computing likelihoods...
10.18	---Computing root node sequence and total tree likelihood...
10.18	---Attaching sequence profiles to leafs...
10.19	---Postorder: computing likelihoods...
10.32	---Computing root node sequence and total tree likelihood...
10.32	---Attaching sequence profiles to leafs...
10.33	---Postorder: computing likelihoods...
10.48	---Computing root node sequence and total tree likelihood...
10.48	---Attaching sequence profiles to leafs...
10.49	---Postorder: computing likelihoods...
10.62	---Computing root node sequence and total tree likelihood...
10.62	---Attaching sequence profiles to leafs...
10.63	---Postorder: computing likelihoods...
10.86	---Computing root node sequence and total tree likelihood...
10.86	---Attaching sequence profiles to leafs...
10.88	---Postorder: computing likelihoods...
11.20	---Computing root node sequence and total tree likelihood...
11.21	---Attaching sequence profiles to leafs...
11.23	---Postorder: computing likelihoods...
11.45	---Computing root node sequence and total tree likelihood...
11.45	---Attaching sequence profiles to leafs...
11.46	---Postorder: computing likelihoods...
11.63	---Computing root node sequence and total tree likelihood...
11.64	---Attaching sequence profiles to leafs...
11.64	---Postorder: computing likelihoods...
11.85	---Computing root node sequence and total tree likelihood...
11.85	---Attaching sequence profiles to leafs...
11.86	---Postorder: computing likelihoods...
12.10	---Computing root node sequence and total tree likelihood...
12.10	---Attaching sequence profiles to leafs...
12.12	---Postorder: computing likelihoods...
12.34	---Computing root node sequence and total tree likelihood...
12.34	---Attaching sequence profiles to leafs...
12.35	---Postorder: computing likelihoods...
12.57	---Computing root node sequence and total tree likelihood...
12.57	---Attaching sequence profiles to leafs...
12.58	---Postorder: computing likelihoods...
12.80	---Computing root node sequence and total tree likelihood...
12.80	---Attaching sequence profiles to leafs...
12.81	---Postorder: computing likelihoods...
12.96	---Computing root node sequence and total tree likelihood...
12.97	---Attaching sequence profiles to leafs...
12.97	---Postorder: computing likelihoods...
13.13	---Computing root node sequence and total tree likelihood...
13.13	---Attaching sequence profiles to leafs...
13.16	---Postorder: computing likelihoods...
13.31	---Computing root node sequence and total tree likelihood...
13.31	---Attaching sequence profiles to leafs...
13.32	---Postorder: computing likelihoods...
13.50	---Computing root node sequence and total tree likelihood...
13.50	---Attaching sequence profiles to leafs...
13.51	---Postorder: computing likelihoods...
13.66	---Computing root node sequence and total tree likelihood...

13.66	-treeanc:optimize_gtr_rate: optimization successful. Overall rate
     	 estimated to be 21.493412
13.66	--TreeAnc.infer_gtr: counting mutations...
13.89	---TreeAnc.infer_gtr: counting mutations...done

13.89	-GTR: with alphabet: ['A', 'B', 'C', 'D', 'E']
13.89	--GTR: ambiguous character: F
13.89	----GTR: no gap symbol!
13.89	---GTR: init with dummy values!

13.89	-GTR: model inference
13.89	---GTR inference iteration 0 change: 0.447213595499958
13.89	---GTR inference iteration 1 change: 0.037241073636180476
13.89	---GTR inference iteration 2 change: 0.00969012269027981
13.89	---GTR inference iteration 3 change: 0.0033870793116683342
13.89	---GTR inference iteration 4 change: 0.0001792085971106516
13.89	---GTR inference iteration 5 change: 0.0003600080738552789
13.90	---GTR inference iteration 6 change: 6.471971097476382e-05
13.90	---GTR inference iteration 7 change: 1.968375064639863e-05
13.90	---GTR inference iteration 8 change: 1.0498667644672758e-05
13.90	---Attaching sequence profiles to leafs...
13.90	---Postorder: computing likelihoods...
14.03	---Computing root node sequence and total tree likelihood...
14.03	---Attaching sequence profiles to leafs...
14.04	---Postorder: computing likelihoods...
14.16	---Computing root node sequence and total tree likelihood...
14.16	---Attaching sequence profiles to leafs...
14.17	---Postorder: computing likelihoods...
14.29	---Computing root node sequence and total tree likelihood...
14.29	---Attaching sequence profiles to leafs...
14.29	---Postorder: computing likelihoods...
14.41	---Computing root node sequence and total tree likelihood...
14.41	---Attaching sequence profiles to leafs...
14.42	---Postorder: computing likelihoods...
14.54	---Computing root node sequence and total tree likelihood...
14.54	---Attaching sequence profiles to leafs...
14.55	---Postorder: computing likelihoods...
14.67	---Computing root node sequence and total tree likelihood...
14.67	---Attaching sequence profiles to leafs...
14.68	---Postorder: computing likelihoods...
14.80	---Computing root node sequence and total tree likelihood...
14.80	---Attaching sequence profiles to leafs...
14.81	---Postorder: computing likelihoods...
14.94	---Computing root node sequence and total tree likelihood...
14.94	---Attaching sequence profiles to leafs...
14.95	---Postorder: computing likelihoods...
15.07	---Computing root node sequence and total tree likelihood...
15.07	---Attaching sequence profiles to leafs...
15.08	---Postorder: computing likelihoods...
15.20	---Computing root node sequence and total tree likelihood...
15.20	---Attaching sequence profiles to leafs...
15.21	---Postorder: computing likelihoods...
15.33	---Computing root node sequence and total tree likelihood...
15.33	---Attaching sequence profiles to leafs...
15.34	---Postorder: computing likelihoods...
15.48	---Computing root node sequence and total tree likelihood...
15.48	---Attaching sequence profiles to leafs...
15.49	---Postorder: computing likelihoods...
15.61	---Computing root node sequence and total tree likelihood...
15.61	---Attaching sequence profiles to leafs...
15.62	---Postorder: computing likelihoods...
15.73	---Computing root node sequence and total tree likelihood...
15.74	---Attaching sequence profiles to leafs...
15.74	---Postorder: computing likelihoods...
15.86	---Computing root node sequence and total tree likelihood...
15.86	---Attaching sequence profiles to leafs...
15.87	---Postorder: computing likelihoods...
15.99	---Computing root node sequence and total tree likelihood...
15.99	---Attaching sequence profiles to leafs...
16.00	---Postorder: computing likelihoods...
16.12	---Computing root node sequence and total tree likelihood...

16.12	-treeanc:optimize_gtr_rate: optimization successful. Overall rate
     	 estimated to be 21.506866
16.12	--TreeAnc.infer_gtr: counting mutations...
16.36	---TreeAnc.infer_gtr: counting mutations...done

16.36	-GTR: with alphabet: ['A', 'B', 'C', 'D', 'E']
16.36	--GTR: ambiguous character: F
16.36	----GTR: no gap symbol!
16.36	---GTR: init with dummy values!

16.37	-GTR: model inference
16.37	---GTR inference iteration 0 change: 0.447213595499958
16.37	---GTR inference iteration 1 change: 0.037307467329902665
16.37	---GTR inference iteration 2 change: 0.00969727208611306
16.37	---GTR inference iteration 3 change: 0.0033845569375935756
16.37	---GTR inference iteration 4 change: 0.0001807460881560526
16.37	---GTR inference iteration 5 change: 0.00036028691585983407
16.37	---GTR inference iteration 6 change: 6.463253559830486e-05
16.37	---GTR inference iteration 7 change: 1.9742770597337516e-05
16.37	---GTR inference iteration 8 change: 1.0507039193946978e-05
16.37	---Attaching sequence profiles to leafs...
16.38	---Postorder: computing likelihoods...
16.50	---Computing root node sequence and total tree likelihood...
16.50	---Attaching sequence profiles to leafs...
16.50	---Postorder: computing likelihoods...
16.62	---Computing root node sequence and total tree likelihood...
16.62	---Attaching sequence profiles to leafs...
16.63	---Postorder: computing likelihoods...
16.75	---Computing root node sequence and total tree likelihood...
16.75	---Attaching sequence profiles to leafs...
16.75	---Postorder: computing likelihoods...
16.87	---Computing root node sequence and total tree likelihood...
16.87	---Attaching sequence profiles to leafs...
16.88	---Postorder: computing likelihoods...
16.99	---Computing root node sequence and total tree likelihood...
16.99	---Attaching sequence profiles to leafs...
17.00	---Postorder: computing likelihoods...
17.17	---Computing root node sequence and total tree likelihood...
17.17	---Attaching sequence profiles to leafs...
17.18	---Postorder: computing likelihoods...
17.40	---Computing root node sequence and total tree likelihood...
17.40	---Attaching sequence profiles to leafs...
17.41	---Postorder: computing likelihoods...
17.55	---Computing root node sequence and total tree likelihood...
17.55	---Attaching sequence profiles to leafs...
17.55	---Postorder: computing likelihoods...
17.67	---Computing root node sequence and total tree likelihood...
17.67	---Attaching sequence profiles to leafs...
17.68	---Postorder: computing likelihoods...
17.80	---Computing root node sequence and total tree likelihood...
17.80	---Attaching sequence profiles to leafs...
17.81	---Postorder: computing likelihoods...
17.93	---Computing root node sequence and total tree likelihood...
17.93	---Attaching sequence profiles to leafs...
17.93	---Postorder: computing likelihoods...
18.06	---Computing root node sequence and total tree likelihood...
18.06	---Attaching sequence profiles to leafs...
18.06	---Postorder: computing likelihoods...
18.18	---Computing root node sequence and total tree likelihood...
18.18	---Attaching sequence profiles to leafs...
18.19	---Postorder: computing likelihoods...
18.31	---Computing root node sequence and total tree likelihood...
18.31	---Attaching sequence profiles to leafs...
18.31	---Postorder: computing likelihoods...
18.43	---Computing root node sequence and total tree likelihood...
18.43	---Attaching sequence profiles to leafs...
18.44	---Postorder: computing likelihoods...
18.56	---Computing root node sequence and total tree likelihood...
18.56	---Attaching sequence profiles to leafs...
18.57	---Postorder: computing likelihoods...
18.68	---Computing root node sequence and total tree likelihood...
18.69	---Attaching sequence profiles to leafs...
18.69	---Postorder: computing likelihoods...
18.81	---Computing root node sequence and total tree likelihood...
18.81	---Attaching sequence profiles to leafs...
18.82	---Postorder: computing likelihoods...
18.94	---Computing root node sequence and total tree likelihood...
18.94	---Attaching sequence profiles to leafs...
18.95	---Postorder: computing likelihoods...
19.07	---Computing root node sequence and total tree likelihood...
19.07	---Attaching sequence profiles to leafs...
19.08	---Postorder: computing likelihoods...
19.19	---Computing root node sequence and total tree likelihood...
19.20	---Attaching sequence profiles to leafs...
19.20	---Postorder: computing likelihoods...
19.32	---Computing root node sequence and total tree likelihood...

19.32	-treeanc:optimize_gtr_rate: optimization successful. Overall rate
     	 estimated to be 21.509933
19.32	--TreeAnc.infer_gtr: counting mutations...
19.54	---TreeAnc.infer_gtr: counting mutations...done

19.54	-GTR: with alphabet: ['A', 'B', 'C', 'D', 'E']
19.54	--GTR: ambiguous character: F
19.54	----GTR: no gap symbol!
19.54	---GTR: init with dummy values!

19.54	-GTR: model inference
19.54	---GTR inference iteration 0 change: 0.447213595499958
19.54	---GTR inference iteration 1 change: 0.037322678213884714
19.54	---GTR inference iteration 2 change: 0.009699063564583789
19.54	---GTR inference iteration 3 change: 0.003383957354256346
19.54	---GTR inference iteration 4 change: 0.00018111660336234033
19.54	---GTR inference iteration 5 change: 0.0003603511026085045
19.54	---GTR inference iteration 6 change: 6.46107264962702e-05
19.54	---GTR inference iteration 7 change: 1.975659031322685e-05
19.54	---GTR inference iteration 8 change: 1.0508804155375913e-05
19.54	---Attaching sequence profiles to leafs...
19.55	---Postorder: computing likelihoods...
19.71	---Computing root node sequence and total tree likelihood...
19.71	---Attaching sequence profiles to leafs...
19.72	---Postorder: computing likelihoods...
19.89	---Computing root node sequence and total tree likelihood...
19.89	---Attaching sequence profiles to leafs...
19.90	---Postorder: computing likelihoods...
20.06	---Computing root node sequence and total tree likelihood...
20.06	---Attaching sequence profiles to leafs...
20.08	---Postorder: computing likelihoods...
20.23	---Computing root node sequence and total tree likelihood...
20.23	---Attaching sequence profiles to leafs...
20.24	---Postorder: computing likelihoods...
20.39	---Computing root node sequence and total tree likelihood...
20.39	---Attaching sequence profiles to leafs...
20.40	---Postorder: computing likelihoods...
20.55	---Computing root node sequence and total tree likelihood...
20.55	---Attaching sequence profiles to leafs...
20.56	---Postorder: computing likelihoods...
20.71	---Computing root node sequence and total tree likelihood...
20.71	---Attaching sequence profiles to leafs...
20.72	---Postorder: computing likelihoods...
20.84	---Computing root node sequence and total tree likelihood...
20.84	---Attaching sequence profiles to leafs...
20.85	---Postorder: computing likelihoods...
20.97	---Computing root node sequence and total tree likelihood...
20.97	---Attaching sequence profiles to leafs...
20.98	---Postorder: computing likelihoods...
21.11	---Computing root node sequence and total tree likelihood...
21.11	---Attaching sequence profiles to leafs...
21.12	---Postorder: computing likelihoods...
21.26	---Computing root node sequence and total tree likelihood...
21.26	---Attaching sequence profiles to leafs...
21.27	---Postorder: computing likelihoods...
21.40	---Computing root node sequence and total tree likelihood...
21.40	---Attaching sequence profiles to leafs...
21.41	---Postorder: computing likelihoods...
21.54	---Computing root node sequence and total tree likelihood...
21.54	---Attaching sequence profiles to leafs...
21.55	---Postorder: computing likelihoods...
21.73	---Computing root node sequence and total tree likelihood...
21.73	---Attaching sequence profiles to leafs...
21.74	---Postorder: computing likelihoods...
21.87	---Computing root node sequence and total tree likelihood...
21.87	---Attaching sequence profiles to leafs...
21.88	---Postorder: computing likelihoods...
22.00	---Computing root node sequence and total tree likelihood...
22.00	---Attaching sequence profiles to leafs...
22.01	---Postorder: computing likelihoods...
22.14	---Computing root node sequence and total tree likelihood...
22.14	---Attaching sequence profiles to leafs...
22.15	---Postorder: computing likelihoods...
22.30	---Computing root node sequence and total tree likelihood...
22.30	---Attaching sequence profiles to leafs...
22.30	---Postorder: computing likelihoods...
22.47	---Computing root node sequence and total tree likelihood...
22.47	---Attaching sequence profiles to leafs...
22.48	---Postorder: computing likelihoods...
22.74	---Computing root node sequence and total tree likelihood...
22.74	---Attaching sequence profiles to leafs...
22.75	---Postorder: computing likelihoods...
22.89	---Computing root node sequence and total tree likelihood...
22.89	---Attaching sequence profiles to leafs...
22.90	---Postorder: computing likelihoods...
23.03	---Computing root node sequence and total tree likelihood...

23.03	-treeanc:optimize_gtr_rate: optimization successful. Overall rate
     	 estimated to be 21.510650

23.03	-TreeAnc.infer_ancestral_sequences with method: probabilistic, marginal
23.03	--TreeAnc._ml_anc_marginal: type of reconstruction: Marginal
23.03	---Attaching sequence profiles to leafs...
23.03	---Postorder: computing likelihoods...
23.20	---Computing root node sequence and total tree likelihood...
23.20	---Preorder: computing marginal profiles...
23.46	---TreeAnc._ml_anc_marginal: ...done
NOTE: previous versions (<0.7.0) of this command made a 'short-branch
length assumption. TreeTime now optimizes the overall rate numerically
and thus allows for long branches along which multiple changes
accumulated. This is expected to affect estimates of the overall rate
while leaving the relative rates mostly unchanged.

Completed mugration model inference of attribute 'continent' for /mnt/c/Users/ktmea/Projects/plague-phylogeography/results/iqtree/all/chromosome/full/filter5/filter-taxa/iqtree.treefile

Saved inferred mugration model as: /mnt/c/Users/ktmea/Projects/plague-phylogeography/results/mugration/all/chromosome/full/filter5/GTR.txt
Saved table with ancestral state confidences as: /mnt/c/Users/ktmea/Projects/plague-phylogeography/results/mugration/all/chromosome/full/filter5/confidence.csv
Saved annotated tree as: /mnt/c/Users/ktmea/Projects/plague-phylogeography/results/mugration/all/chromosome/full/filter5/annotated_tree.nexus
---Done!

