Using column 'sample' as taxon name. This needs to match the taxa in the tree!

0.00	-TreeAnc: set-up
Assigned discrete traits to 555 out of 601 taxa.


0.44	-SequenceData: loaded alignment.

0.44	-SeqData: making compressed alignment...

0.44	-SequenceData: constructed compressed alignment...

0.48	-TreeAnc.infer_ancestral_sequences with method: ml, marginal
0.48	--TreeAnc._ml_anc_marginal: type of reconstruction: Marginal
0.48	---Attaching sequence profiles to leafs...
0.50	---Postorder: computing likelihoods...
0.63	---Computing root node sequence and total tree likelihood...
0.63	---Preorder: computing marginal profiles...
0.81	---TreeAnc._ml_anc_marginal: ...done
0.85	--TreeAnc.infer_gtr: counting mutations...
1.09	---TreeAnc.infer_gtr: counting mutations...done

1.09	-GTR: with alphabet: ['A', 'B', 'C', 'D', 'E', 'F', 'G', 'H', 'I', 'J']
1.09	--GTR: ambiguous character: K
1.09	----GTR: no gap symbol!
1.09	---GTR: init with dummy values!

1.09	-GTR: model inference
1.09	---GTR inference iteration 0 change: 0.31622776601683794
1.09	---GTR inference iteration 1 change: 0.10190296938826887
1.09	---GTR inference iteration 2 change: 0.0009765769230334826
1.09	---GTR inference iteration 3 change: 0.006776653057212603
1.09	---GTR inference iteration 4 change: 0.0012247175194091437
1.09	---GTR inference iteration 5 change: 0.00031217315611442673
1.09	---GTR inference iteration 6 change: 0.0001496444546185573
1.09	--TreeAnc._ml_anc_marginal: type of reconstruction: Marginal
1.09	---Attaching sequence profiles to leafs...
1.10	---Postorder: computing likelihoods...
1.22	---Computing root node sequence and total tree likelihood...
1.22	---Preorder: computing marginal profiles...
1.47	---TreeAnc._ml_anc_marginal: ...done
1.51	---Attaching sequence profiles to leafs...
1.52	---Postorder: computing likelihoods...
1.63	---Computing root node sequence and total tree likelihood...
1.63	---Attaching sequence profiles to leafs...
1.64	---Postorder: computing likelihoods...
1.77	---Computing root node sequence and total tree likelihood...
1.77	---Attaching sequence profiles to leafs...
1.78	---Postorder: computing likelihoods...
1.91	---Computing root node sequence and total tree likelihood...
1.91	---Attaching sequence profiles to leafs...
1.92	---Postorder: computing likelihoods...
2.04	---Computing root node sequence and total tree likelihood...
2.04	---Attaching sequence profiles to leafs...
2.05	---Postorder: computing likelihoods...
2.21	---Computing root node sequence and total tree likelihood...
2.21	---Attaching sequence profiles to leafs...
2.22	---Postorder: computing likelihoods...
2.36	---Computing root node sequence and total tree likelihood...
2.36	---Attaching sequence profiles to leafs...
2.37	---Postorder: computing likelihoods...
2.51	---Computing root node sequence and total tree likelihood...
2.51	---Attaching sequence profiles to leafs...
2.51	---Postorder: computing likelihoods...
2.65	---Computing root node sequence and total tree likelihood...
2.65	---Attaching sequence profiles to leafs...
2.66	---Postorder: computing likelihoods...
2.82	---Computing root node sequence and total tree likelihood...
2.82	---Attaching sequence profiles to leafs...
2.83	---Postorder: computing likelihoods...
2.96	---Computing root node sequence and total tree likelihood...
2.96	---Attaching sequence profiles to leafs...
2.97	---Postorder: computing likelihoods...
3.10	---Computing root node sequence and total tree likelihood...
3.10	---Attaching sequence profiles to leafs...
3.11	---Postorder: computing likelihoods...
3.24	---Computing root node sequence and total tree likelihood...
3.24	---Attaching sequence profiles to leafs...
3.25	---Postorder: computing likelihoods...
3.39	---Computing root node sequence and total tree likelihood...
3.39	---Attaching sequence profiles to leafs...
3.40	---Postorder: computing likelihoods...
3.55	---Computing root node sequence and total tree likelihood...
3.55	---Attaching sequence profiles to leafs...
3.57	---Postorder: computing likelihoods...
3.72	---Computing root node sequence and total tree likelihood...
3.72	---Attaching sequence profiles to leafs...
3.73	---Postorder: computing likelihoods...
3.86	---Computing root node sequence and total tree likelihood...
3.86	---Attaching sequence profiles to leafs...
3.86	---Postorder: computing likelihoods...
4.00	---Computing root node sequence and total tree likelihood...
4.00	---Attaching sequence profiles to leafs...
4.01	---Postorder: computing likelihoods...
4.17	---Computing root node sequence and total tree likelihood...

4.17	-treeanc:optimize_gtr_rate: optimization successful. Overall rate estimated
    	 to be 59.906590
4.17	--TreeAnc.infer_gtr: counting mutations...
4.42	---TreeAnc.infer_gtr: counting mutations...done

4.42	-GTR: with alphabet: ['A', 'B', 'C', 'D', 'E', 'F', 'G', 'H', 'I', 'J']
4.42	--GTR: ambiguous character: K
4.42	----GTR: no gap symbol!
4.42	---GTR: init with dummy values!

4.43	-GTR: model inference
4.43	---GTR inference iteration 0 change: 0.31622776601683794
4.43	---GTR inference iteration 1 change: 0.10739922386352573
4.43	---GTR inference iteration 2 change: 0.0011395259358930837
4.43	---GTR inference iteration 3 change: 0.006379236163013849
4.43	---GTR inference iteration 4 change: 0.0012367202507282907
4.43	---GTR inference iteration 5 change: 0.000323392078820111
4.43	---GTR inference iteration 6 change: 0.00016257233540798626
4.43	---Attaching sequence profiles to leafs...
4.44	---Postorder: computing likelihoods...
4.57	---Computing root node sequence and total tree likelihood...
4.57	---Attaching sequence profiles to leafs...
4.58	---Postorder: computing likelihoods...
4.70	---Computing root node sequence and total tree likelihood...
4.70	---Attaching sequence profiles to leafs...
4.70	---Postorder: computing likelihoods...
4.82	---Computing root node sequence and total tree likelihood...
4.82	---Attaching sequence profiles to leafs...
4.83	---Postorder: computing likelihoods...
4.99	---Computing root node sequence and total tree likelihood...
4.99	---Attaching sequence profiles to leafs...
5.00	---Postorder: computing likelihoods...
5.17	---Computing root node sequence and total tree likelihood...
5.17	---Attaching sequence profiles to leafs...
5.18	---Postorder: computing likelihoods...
5.32	---Computing root node sequence and total tree likelihood...
5.32	---Attaching sequence profiles to leafs...
5.33	---Postorder: computing likelihoods...
5.44	---Computing root node sequence and total tree likelihood...
5.44	---Attaching sequence profiles to leafs...
5.44	---Postorder: computing likelihoods...
5.56	---Computing root node sequence and total tree likelihood...
5.56	---Attaching sequence profiles to leafs...
5.57	---Postorder: computing likelihoods...
5.71	---Computing root node sequence and total tree likelihood...
5.71	---Attaching sequence profiles to leafs...
5.72	---Postorder: computing likelihoods...
5.85	---Computing root node sequence and total tree likelihood...
5.85	---Attaching sequence profiles to leafs...
5.85	---Postorder: computing likelihoods...
5.97	---Computing root node sequence and total tree likelihood...
5.97	---Attaching sequence profiles to leafs...
5.98	---Postorder: computing likelihoods...
6.13	---Computing root node sequence and total tree likelihood...
6.13	---Attaching sequence profiles to leafs...
6.13	---Postorder: computing likelihoods...
6.26	---Computing root node sequence and total tree likelihood...
6.26	---Attaching sequence profiles to leafs...
6.26	---Postorder: computing likelihoods...
6.38	---Computing root node sequence and total tree likelihood...
6.38	---Attaching sequence profiles to leafs...
6.39	---Postorder: computing likelihoods...
6.50	---Computing root node sequence and total tree likelihood...
6.50	---Attaching sequence profiles to leafs...
6.51	---Postorder: computing likelihoods...
6.62	---Computing root node sequence and total tree likelihood...
6.62	---Attaching sequence profiles to leafs...
6.63	---Postorder: computing likelihoods...
6.76	---Computing root node sequence and total tree likelihood...
6.76	---Attaching sequence profiles to leafs...
6.78	---Postorder: computing likelihoods...
6.93	---Computing root node sequence and total tree likelihood...
6.93	---Attaching sequence profiles to leafs...
6.94	---Postorder: computing likelihoods...
7.09	---Computing root node sequence and total tree likelihood...

7.09	-treeanc:optimize_gtr_rate: optimization successful. Overall rate estimated
    	 to be 63.528872
7.09	--TreeAnc.infer_gtr: counting mutations...
7.34	---TreeAnc.infer_gtr: counting mutations...done

7.34	-GTR: with alphabet: ['A', 'B', 'C', 'D', 'E', 'F', 'G', 'H', 'I', 'J']
7.34	--GTR: ambiguous character: K
7.34	----GTR: no gap symbol!
7.34	---GTR: init with dummy values!

7.34	-GTR: model inference
7.34	---GTR inference iteration 0 change: 0.31622776601683794
7.34	---GTR inference iteration 1 change: 0.10878900064800179
7.34	---GTR inference iteration 2 change: 0.0013001039961998814
7.35	---GTR inference iteration 3 change: 0.00659105638848227
7.35	---GTR inference iteration 4 change: 0.0013259087189739884
7.35	---GTR inference iteration 5 change: 0.0003390958200425309
7.35	---GTR inference iteration 6 change: 0.00017794664528342807
7.35	---Attaching sequence profiles to leafs...
7.36	---Postorder: computing likelihoods...
7.48	---Computing root node sequence and total tree likelihood...
7.48	---Attaching sequence profiles to leafs...
7.49	---Postorder: computing likelihoods...
7.61	---Computing root node sequence and total tree likelihood...
7.61	---Attaching sequence profiles to leafs...
7.62	---Postorder: computing likelihoods...
7.75	---Computing root node sequence and total tree likelihood...
7.75	---Attaching sequence profiles to leafs...
7.76	---Postorder: computing likelihoods...
7.87	---Computing root node sequence and total tree likelihood...
7.87	---Attaching sequence profiles to leafs...
7.88	---Postorder: computing likelihoods...
8.00	---Computing root node sequence and total tree likelihood...
8.00	---Attaching sequence profiles to leafs...
8.00	---Postorder: computing likelihoods...
8.13	---Computing root node sequence and total tree likelihood...
8.13	---Attaching sequence profiles to leafs...
8.14	---Postorder: computing likelihoods...
8.29	---Computing root node sequence and total tree likelihood...
8.29	---Attaching sequence profiles to leafs...
8.30	---Postorder: computing likelihoods...
8.42	---Computing root node sequence and total tree likelihood...
8.42	---Attaching sequence profiles to leafs...
8.42	---Postorder: computing likelihoods...
8.54	---Computing root node sequence and total tree likelihood...
8.54	---Attaching sequence profiles to leafs...
8.55	---Postorder: computing likelihoods...
8.69	---Computing root node sequence and total tree likelihood...
8.69	---Attaching sequence profiles to leafs...
8.70	---Postorder: computing likelihoods...
8.89	---Computing root node sequence and total tree likelihood...
8.89	---Attaching sequence profiles to leafs...
8.90	---Postorder: computing likelihoods...
9.06	---Computing root node sequence and total tree likelihood...
9.06	---Attaching sequence profiles to leafs...
9.07	---Postorder: computing likelihoods...
9.21	---Computing root node sequence and total tree likelihood...
9.21	---Attaching sequence profiles to leafs...
9.22	---Postorder: computing likelihoods...
9.35	---Computing root node sequence and total tree likelihood...
9.35	---Attaching sequence profiles to leafs...
9.36	---Postorder: computing likelihoods...
9.49	---Computing root node sequence and total tree likelihood...
9.49	---Attaching sequence profiles to leafs...
9.51	---Postorder: computing likelihoods...
9.66	---Computing root node sequence and total tree likelihood...
9.66	---Attaching sequence profiles to leafs...
9.67	---Postorder: computing likelihoods...
9.80	---Computing root node sequence and total tree likelihood...
9.80	---Attaching sequence profiles to leafs...
9.81	---Postorder: computing likelihoods...
9.94	---Computing root node sequence and total tree likelihood...
9.94	---Attaching sequence profiles to leafs...
9.95	---Postorder: computing likelihoods...
10.09	---Computing root node sequence and total tree likelihood...

10.09	-treeanc:optimize_gtr_rate: optimization successful. Overall rate
     	 estimated to be 62.527306
10.09	--TreeAnc.infer_gtr: counting mutations...
10.34	---TreeAnc.infer_gtr: counting mutations...done

10.34	-GTR: with alphabet: ['A', 'B', 'C', 'D', 'E', 'F', 'G', 'H', 'I', 'J']
10.34	--GTR: ambiguous character: K
10.34	----GTR: no gap symbol!
10.34	---GTR: init with dummy values!

10.34	-GTR: model inference
10.34	---GTR inference iteration 0 change: 0.31622776601683794
10.34	---GTR inference iteration 1 change: 0.10910353528772726
10.34	---GTR inference iteration 2 change: 0.0013490855378570604
10.34	---GTR inference iteration 3 change: 0.006647051715156265
10.34	---GTR inference iteration 4 change: 0.0013490219280069917
10.34	---GTR inference iteration 5 change: 0.00034213949105075056
10.34	---GTR inference iteration 6 change: 0.00018157715388087892
10.34	---Attaching sequence profiles to leafs...
10.35	---Postorder: computing likelihoods...
10.47	---Computing root node sequence and total tree likelihood...
10.47	---Attaching sequence profiles to leafs...
10.48	---Postorder: computing likelihoods...
10.61	---Computing root node sequence and total tree likelihood...
10.61	---Attaching sequence profiles to leafs...
10.62	---Postorder: computing likelihoods...
10.74	---Computing root node sequence and total tree likelihood...
10.74	---Attaching sequence profiles to leafs...
10.75	---Postorder: computing likelihoods...
10.87	---Computing root node sequence and total tree likelihood...
10.87	---Attaching sequence profiles to leafs...
10.88	---Postorder: computing likelihoods...
11.02	---Computing root node sequence and total tree likelihood...
11.02	---Attaching sequence profiles to leafs...
11.03	---Postorder: computing likelihoods...
11.17	---Computing root node sequence and total tree likelihood...
11.17	---Attaching sequence profiles to leafs...
11.18	---Postorder: computing likelihoods...
11.31	---Computing root node sequence and total tree likelihood...
11.31	---Attaching sequence profiles to leafs...
11.32	---Postorder: computing likelihoods...
11.49	---Computing root node sequence and total tree likelihood...
11.49	---Attaching sequence profiles to leafs...
11.50	---Postorder: computing likelihoods...
11.64	---Computing root node sequence and total tree likelihood...
11.64	---Attaching sequence profiles to leafs...
11.65	---Postorder: computing likelihoods...
11.78	---Computing root node sequence and total tree likelihood...
11.78	---Attaching sequence profiles to leafs...
11.79	---Postorder: computing likelihoods...
11.93	---Computing root node sequence and total tree likelihood...
11.93	---Attaching sequence profiles to leafs...
11.94	---Postorder: computing likelihoods...
12.08	---Computing root node sequence and total tree likelihood...
12.08	---Attaching sequence profiles to leafs...
12.09	---Postorder: computing likelihoods...
12.27	---Computing root node sequence and total tree likelihood...
12.27	---Attaching sequence profiles to leafs...
12.27	---Postorder: computing likelihoods...
12.46	---Computing root node sequence and total tree likelihood...
12.46	---Attaching sequence profiles to leafs...
12.47	---Postorder: computing likelihoods...
12.60	---Computing root node sequence and total tree likelihood...
12.60	---Attaching sequence profiles to leafs...
12.61	---Postorder: computing likelihoods...
12.73	---Computing root node sequence and total tree likelihood...
12.73	---Attaching sequence profiles to leafs...
12.74	---Postorder: computing likelihoods...
12.86	---Computing root node sequence and total tree likelihood...
12.86	---Attaching sequence profiles to leafs...
12.87	---Postorder: computing likelihoods...
12.99	---Computing root node sequence and total tree likelihood...
12.99	---Attaching sequence profiles to leafs...
13.00	---Postorder: computing likelihoods...
13.17	---Computing root node sequence and total tree likelihood...

13.17	-treeanc:optimize_gtr_rate: optimization successful. Overall rate
     	 estimated to be 62.345221
13.17	--TreeAnc.infer_gtr: counting mutations...
13.40	---TreeAnc.infer_gtr: counting mutations...done

13.41	-GTR: with alphabet: ['A', 'B', 'C', 'D', 'E', 'F', 'G', 'H', 'I', 'J']
13.41	--GTR: ambiguous character: K
13.41	----GTR: no gap symbol!
13.41	---GTR: init with dummy values!

13.41	-GTR: model inference
13.41	---GTR inference iteration 0 change: 0.31622776601683794
13.41	---GTR inference iteration 1 change: 0.10916357150343099
13.41	---GTR inference iteration 2 change: 0.0013608618833623114
13.41	---GTR inference iteration 3 change: 0.006657877564465035
13.41	---GTR inference iteration 4 change: 0.0013535509997223297
13.41	---GTR inference iteration 5 change: 0.000342592495442763
13.41	---GTR inference iteration 6 change: 0.00018222283507861333
13.41	---Attaching sequence profiles to leafs...
13.42	---Postorder: computing likelihoods...
13.54	---Computing root node sequence and total tree likelihood...
13.54	---Attaching sequence profiles to leafs...
13.55	---Postorder: computing likelihoods...
13.66	---Computing root node sequence and total tree likelihood...
13.66	---Attaching sequence profiles to leafs...
13.67	---Postorder: computing likelihoods...
13.80	---Computing root node sequence and total tree likelihood...
13.80	---Attaching sequence profiles to leafs...
13.81	---Postorder: computing likelihoods...
13.93	---Computing root node sequence and total tree likelihood...
13.93	---Attaching sequence profiles to leafs...
13.94	---Postorder: computing likelihoods...
14.05	---Computing root node sequence and total tree likelihood...
14.05	---Attaching sequence profiles to leafs...
14.06	---Postorder: computing likelihoods...
14.21	---Computing root node sequence and total tree likelihood...
14.21	---Attaching sequence profiles to leafs...
14.22	---Postorder: computing likelihoods...
14.34	---Computing root node sequence and total tree likelihood...
14.34	---Attaching sequence profiles to leafs...
14.35	---Postorder: computing likelihoods...
14.47	---Computing root node sequence and total tree likelihood...
14.47	---Attaching sequence profiles to leafs...
14.47	---Postorder: computing likelihoods...
14.60	---Computing root node sequence and total tree likelihood...
14.60	---Attaching sequence profiles to leafs...
14.61	---Postorder: computing likelihoods...
14.73	---Computing root node sequence and total tree likelihood...
14.73	---Attaching sequence profiles to leafs...
14.73	---Postorder: computing likelihoods...
14.86	---Computing root node sequence and total tree likelihood...
14.86	---Attaching sequence profiles to leafs...
14.87	---Postorder: computing likelihoods...
15.00	---Computing root node sequence and total tree likelihood...
15.00	---Attaching sequence profiles to leafs...
15.01	---Postorder: computing likelihoods...
15.13	---Computing root node sequence and total tree likelihood...
15.13	---Attaching sequence profiles to leafs...
15.14	---Postorder: computing likelihoods...
15.27	---Computing root node sequence and total tree likelihood...
15.27	---Attaching sequence profiles to leafs...
15.28	---Postorder: computing likelihoods...
15.41	---Computing root node sequence and total tree likelihood...
15.41	---Attaching sequence profiles to leafs...
15.42	---Postorder: computing likelihoods...
15.61	---Computing root node sequence and total tree likelihood...
15.61	---Attaching sequence profiles to leafs...
15.62	---Postorder: computing likelihoods...
15.75	---Computing root node sequence and total tree likelihood...
15.75	---Attaching sequence profiles to leafs...
15.76	---Postorder: computing likelihoods...
15.91	---Computing root node sequence and total tree likelihood...
15.91	---Attaching sequence profiles to leafs...
15.93	---Postorder: computing likelihoods...
16.09	---Computing root node sequence and total tree likelihood...
16.10	---Attaching sequence profiles to leafs...
16.10	---Postorder: computing likelihoods...
16.26	---Computing root node sequence and total tree likelihood...
16.26	---Attaching sequence profiles to leafs...
16.27	---Postorder: computing likelihoods...
16.42	---Computing root node sequence and total tree likelihood...
16.42	---Attaching sequence profiles to leafs...
16.43	---Postorder: computing likelihoods...
16.56	---Computing root node sequence and total tree likelihood...
16.56	---Attaching sequence profiles to leafs...
16.57	---Postorder: computing likelihoods...
16.70	---Computing root node sequence and total tree likelihood...
16.70	---Attaching sequence profiles to leafs...
16.71	---Postorder: computing likelihoods...
16.85	---Computing root node sequence and total tree likelihood...
16.85	---Attaching sequence profiles to leafs...
16.86	---Postorder: computing likelihoods...
16.99	---Computing root node sequence and total tree likelihood...
16.99	---Attaching sequence profiles to leafs...
16.99	---Postorder: computing likelihoods...
17.11	---Computing root node sequence and total tree likelihood...
17.11	---Attaching sequence profiles to leafs...
17.12	---Postorder: computing likelihoods...
17.29	---Computing root node sequence and total tree likelihood...
17.29	---Attaching sequence profiles to leafs...
17.29	---Postorder: computing likelihoods...
17.45	---Computing root node sequence and total tree likelihood...
17.45	---Attaching sequence profiles to leafs...
17.46	---Postorder: computing likelihoods...
17.59	---Computing root node sequence and total tree likelihood...

17.59	-treeanc:optimize_gtr_rate: optimization successful. Overall rate
     	 estimated to be 62.305908
17.59	--TreeAnc.infer_gtr: counting mutations...
17.82	---TreeAnc.infer_gtr: counting mutations...done

17.82	-GTR: with alphabet: ['A', 'B', 'C', 'D', 'E', 'F', 'G', 'H', 'I', 'J']
17.82	--GTR: ambiguous character: K
17.82	----GTR: no gap symbol!
17.82	---GTR: init with dummy values!

17.82	-GTR: model inference
17.82	---GTR inference iteration 0 change: 0.31622776601683794
17.82	---GTR inference iteration 1 change: 0.10917427059697742
17.82	---GTR inference iteration 2 change: 0.0013635175322225701
17.82	---GTR inference iteration 3 change: 0.006659964874599304
17.82	---GTR inference iteration 4 change: 0.0013544203884910105
17.82	---GTR inference iteration 5 change: 0.0003426532927166114
17.82	---GTR inference iteration 6 change: 0.00018233301387000225
17.82	---Attaching sequence profiles to leafs...
17.83	---Postorder: computing likelihoods...
17.96	---Computing root node sequence and total tree likelihood...
17.96	---Attaching sequence profiles to leafs...
17.97	---Postorder: computing likelihoods...
18.10	---Computing root node sequence and total tree likelihood...
18.10	---Attaching sequence profiles to leafs...
18.11	---Postorder: computing likelihoods...
18.25	---Computing root node sequence and total tree likelihood...
18.25	---Attaching sequence profiles to leafs...
18.25	---Postorder: computing likelihoods...
18.37	---Computing root node sequence and total tree likelihood...
18.37	---Attaching sequence profiles to leafs...
18.38	---Postorder: computing likelihoods...
18.50	---Computing root node sequence and total tree likelihood...
18.51	---Attaching sequence profiles to leafs...
18.52	---Postorder: computing likelihoods...
18.64	---Computing root node sequence and total tree likelihood...
18.64	---Attaching sequence profiles to leafs...
18.65	---Postorder: computing likelihoods...
18.77	---Computing root node sequence and total tree likelihood...
18.77	---Attaching sequence profiles to leafs...
18.77	---Postorder: computing likelihoods...
18.89	---Computing root node sequence and total tree likelihood...
18.89	---Attaching sequence profiles to leafs...
18.89	---Postorder: computing likelihoods...
19.02	---Computing root node sequence and total tree likelihood...
19.02	---Attaching sequence profiles to leafs...
19.03	---Postorder: computing likelihoods...
19.16	---Computing root node sequence and total tree likelihood...
19.16	---Attaching sequence profiles to leafs...
19.17	---Postorder: computing likelihoods...
19.30	---Computing root node sequence and total tree likelihood...
19.30	---Attaching sequence profiles to leafs...
19.31	---Postorder: computing likelihoods...
19.42	---Computing root node sequence and total tree likelihood...
19.42	---Attaching sequence profiles to leafs...
19.43	---Postorder: computing likelihoods...
19.55	---Computing root node sequence and total tree likelihood...
19.55	---Attaching sequence profiles to leafs...
19.56	---Postorder: computing likelihoods...
19.68	---Computing root node sequence and total tree likelihood...
19.68	---Attaching sequence profiles to leafs...
19.69	---Postorder: computing likelihoods...
19.81	---Computing root node sequence and total tree likelihood...
19.81	---Attaching sequence profiles to leafs...
19.82	---Postorder: computing likelihoods...
19.94	---Computing root node sequence and total tree likelihood...
19.94	---Attaching sequence profiles to leafs...
19.95	---Postorder: computing likelihoods...
20.07	---Computing root node sequence and total tree likelihood...
20.07	---Attaching sequence profiles to leafs...
20.08	---Postorder: computing likelihoods...
20.22	---Computing root node sequence and total tree likelihood...
20.22	---Attaching sequence profiles to leafs...
20.23	---Postorder: computing likelihoods...
20.35	---Computing root node sequence and total tree likelihood...

20.35	-treeanc:optimize_gtr_rate: optimization successful. Overall rate
     	 estimated to be 62.296438

20.35	-TreeAnc.infer_ancestral_sequences with method: probabilistic, marginal
20.35	--TreeAnc._ml_anc_marginal: type of reconstruction: Marginal
20.35	---Attaching sequence profiles to leafs...
20.36	---Postorder: computing likelihoods...
20.48	---Computing root node sequence and total tree likelihood...
20.48	---Preorder: computing marginal profiles...
20.75	---TreeAnc._ml_anc_marginal: ...done
NOTE: previous versions (<0.7.0) of this command made a 'short-branch
length assumption. TreeTime now optimizes the overall rate numerically
and thus allows for long branches along which multiple changes
accumulated. This is expected to affect estimates of the overall rate
while leaving the relative rates mostly unchanged.

Completed mugration model inference of attribute 'host_order' for /mnt/c/Users/ktmea/Projects/plague-phylogeography/results/iqtree/all/chromosome/full/filter5/filter-taxa/iqtree.treefile

Saved inferred mugration model as: /mnt/c/Users/ktmea/Projects/plague-phylogeography/results/mugration/all/chromosome/full/filter5/GTR.txt
Saved table with ancestral state confidences as: /mnt/c/Users/ktmea/Projects/plague-phylogeography/results/mugration/all/chromosome/full/filter5/confidence.csv
Saved annotated tree as: /mnt/c/Users/ktmea/Projects/plague-phylogeography/results/mugration/all/chromosome/full/filter5/annotated_tree.nexus
---Done!

