Using column 'sample' as taxon name. This needs to match the taxa in the tree!

0.00	-TreeAnc: set-up
Assigned discrete traits to 600 out of 601 taxa.


0.37	-SequenceData: loaded alignment.

0.37	-SeqData: making compressed alignment...

0.37	-SequenceData: constructed compressed alignment...

0.40	-TreeAnc.infer_ancestral_sequences with method: ml, marginal
0.40	--TreeAnc._ml_anc_marginal: type of reconstruction: Marginal
0.40	---Attaching sequence profiles to leafs...
0.42	---Postorder: computing likelihoods...
0.53	---Computing root node sequence and total tree likelihood...
0.53	---Preorder: computing marginal profiles...
0.69	---TreeAnc._ml_anc_marginal: ...done
0.74	--TreeAnc.infer_gtr: counting mutations...
1.05	---TreeAnc.infer_gtr: counting mutations...done

1.06	-GTR: with alphabet: ['A', 'B', 'C', 'D', 'E', 'F', 'G', 'H', 'I', 'J',
    	 'K']
1.06	--GTR: ambiguous character: L
1.06	----GTR: no gap symbol!
1.06	---GTR: init with dummy values!

1.06	-GTR: model inference
1.06	---GTR inference iteration 0 change: 0.30151134457776363
1.06	---GTR inference iteration 1 change: 0.1231698194404633
1.07	---GTR inference iteration 2 change: 0.047546174892956164
1.07	---GTR inference iteration 3 change: 0.01963373939306147
1.07	---GTR inference iteration 4 change: 0.009084900858562502
1.07	---GTR inference iteration 5 change: 0.004493323543848041
1.07	---GTR inference iteration 6 change: 0.002309041443995941
1.07	---GTR inference iteration 7 change: 0.0012156029406559946
1.07	---GTR inference iteration 8 change: 0.0006508807310640765
1.07	---GTR inference iteration 9 change: 0.000352996444689824
1.07	---GTR inference iteration 10 change: 0.0001933900469700062
1.07	---GTR inference iteration 11 change: 0.00010681633346847751
1.07	---GTR inference iteration 12 change: 5.93886770134146e-05
1.07	---GTR inference iteration 13 change: 3.319555091359467e-05
1.07	---GTR inference iteration 14 change: 1.863445639692e-05
1.07	---GTR inference iteration 15 change: 1.0496726955852126e-05
1.07	--TreeAnc._ml_anc_marginal: type of reconstruction: Marginal
1.07	---Attaching sequence profiles to leafs...
1.09	---Postorder: computing likelihoods...
1.33	---Computing root node sequence and total tree likelihood...
1.33	---Preorder: computing marginal profiles...
1.56	---TreeAnc._ml_anc_marginal: ...done
1.60	---Attaching sequence profiles to leafs...
1.60	---Postorder: computing likelihoods...
1.72	---Computing root node sequence and total tree likelihood...
1.73	---Attaching sequence profiles to leafs...
1.73	---Postorder: computing likelihoods...
1.85	---Computing root node sequence and total tree likelihood...
1.85	---Attaching sequence profiles to leafs...
1.86	---Postorder: computing likelihoods...
1.98	---Computing root node sequence and total tree likelihood...

1.98	-treeanc:optimize_gtr_rate: optimization failed, continuing with previous
    	 mu
1.98	--TreeAnc.infer_gtr: counting mutations...
2.19	---TreeAnc.infer_gtr: counting mutations...done

2.19	-GTR: with alphabet: ['A', 'B', 'C', 'D', 'E', 'F', 'G', 'H', 'I', 'J',
    	 'K']
2.19	--GTR: ambiguous character: L
2.19	----GTR: no gap symbol!
2.19	---GTR: init with dummy values!

2.20	-GTR: model inference
2.20	---GTR inference iteration 0 change: 0.30151134457776363
2.20	---GTR inference iteration 1 change: 0.13346394054446822
2.20	---GTR inference iteration 2 change: 0.07190432913098505
2.20	---GTR inference iteration 3 change: 0.03382395977283353
2.20	---GTR inference iteration 4 change: 0.01568570187097422
2.20	---GTR inference iteration 5 change: 0.007346770542733951
2.20	---GTR inference iteration 6 change: 0.0034910301216269685
2.20	---GTR inference iteration 7 change: 0.001686266117895872
2.20	---GTR inference iteration 8 change: 0.0008287747810272739
2.20	---GTR inference iteration 9 change: 0.0004141723703716971
2.20	---GTR inference iteration 10 change: 0.0002100092467763482
2.20	---GTR inference iteration 11 change: 0.00010775361812363842
2.20	---GTR inference iteration 12 change: 5.5799822585055985e-05
2.20	---GTR inference iteration 13 change: 2.910080687870073e-05
2.20	---GTR inference iteration 14 change: 1.525915936451788e-05
2.20	---Attaching sequence profiles to leafs...
2.21	---Postorder: computing likelihoods...
2.32	---Computing root node sequence and total tree likelihood...
2.33	---Attaching sequence profiles to leafs...
2.33	---Postorder: computing likelihoods...
2.47	---Computing root node sequence and total tree likelihood...
2.47	---Attaching sequence profiles to leafs...
2.48	---Postorder: computing likelihoods...
2.67	---Computing root node sequence and total tree likelihood...

2.67	-treeanc:optimize_gtr_rate: optimization failed, continuing with previous
    	 mu
2.67	--TreeAnc.infer_gtr: counting mutations...
2.99	---TreeAnc.infer_gtr: counting mutations...done

2.99	-GTR: with alphabet: ['A', 'B', 'C', 'D', 'E', 'F', 'G', 'H', 'I', 'J',
    	 'K']
2.99	--GTR: ambiguous character: L
2.99	----GTR: no gap symbol!
2.99	---GTR: init with dummy values!

2.99	-GTR: model inference
2.99	---GTR inference iteration 0 change: 0.30151134457776363
2.99	---GTR inference iteration 1 change: 0.1259137410251977
2.99	---GTR inference iteration 2 change: 0.06731260702446391
2.99	---GTR inference iteration 3 change: 0.026649820602570772
3.00	---GTR inference iteration 4 change: 0.00915039563033549
3.00	---GTR inference iteration 5 change: 0.00320540972804378
3.00	---GTR inference iteration 6 change: 0.0015936610487817372
3.00	---GTR inference iteration 7 change: 0.0008766222142990052
3.00	---GTR inference iteration 8 change: 0.00043607150938923056
3.00	---GTR inference iteration 9 change: 0.00020450955028811818
3.00	---GTR inference iteration 10 change: 9.76879638266275e-05
3.00	---GTR inference iteration 11 change: 4.913064032230159e-05
3.00	---GTR inference iteration 12 change: 2.5708840643230487e-05
3.00	---GTR inference iteration 13 change: 1.3729263797375657e-05
3.01	---Attaching sequence profiles to leafs...
3.02	---Postorder: computing likelihoods...
3.18	---Computing root node sequence and total tree likelihood...
3.19	---Attaching sequence profiles to leafs...
3.19	---Postorder: computing likelihoods...
3.31	---Computing root node sequence and total tree likelihood...
3.31	---Attaching sequence profiles to leafs...
3.32	---Postorder: computing likelihoods...
3.44	---Computing root node sequence and total tree likelihood...
3.44	---Attaching sequence profiles to leafs...
3.45	---Postorder: computing likelihoods...
3.57	---Computing root node sequence and total tree likelihood...
3.57	---Attaching sequence profiles to leafs...
3.58	---Postorder: computing likelihoods...
3.70	---Computing root node sequence and total tree likelihood...
3.70	---Attaching sequence profiles to leafs...
3.71	---Postorder: computing likelihoods...
3.83	---Computing root node sequence and total tree likelihood...
3.83	---Attaching sequence profiles to leafs...
3.83	---Postorder: computing likelihoods...
3.95	---Computing root node sequence and total tree likelihood...
3.95	---Attaching sequence profiles to leafs...
3.96	---Postorder: computing likelihoods...
4.08	---Computing root node sequence and total tree likelihood...
4.08	---Attaching sequence profiles to leafs...
4.09	---Postorder: computing likelihoods...
4.20	---Computing root node sequence and total tree likelihood...
4.20	---Attaching sequence profiles to leafs...
4.21	---Postorder: computing likelihoods...
4.33	---Computing root node sequence and total tree likelihood...
4.33	---Attaching sequence profiles to leafs...
4.34	---Postorder: computing likelihoods...
4.45	---Computing root node sequence and total tree likelihood...
4.45	---Attaching sequence profiles to leafs...
4.46	---Postorder: computing likelihoods...
4.58	---Computing root node sequence and total tree likelihood...
4.58	---Attaching sequence profiles to leafs...
4.59	---Postorder: computing likelihoods...
4.71	---Computing root node sequence and total tree likelihood...
4.71	---Attaching sequence profiles to leafs...
4.71	---Postorder: computing likelihoods...
4.83	---Computing root node sequence and total tree likelihood...
4.83	---Attaching sequence profiles to leafs...
4.85	---Postorder: computing likelihoods...
4.96	---Computing root node sequence and total tree likelihood...
4.97	---Attaching sequence profiles to leafs...
4.97	---Postorder: computing likelihoods...
5.09	---Computing root node sequence and total tree likelihood...
5.09	---Attaching sequence profiles to leafs...
5.10	---Postorder: computing likelihoods...
5.22	---Computing root node sequence and total tree likelihood...
5.22	---Attaching sequence profiles to leafs...
5.22	---Postorder: computing likelihoods...
5.34	---Computing root node sequence and total tree likelihood...
5.34	---Attaching sequence profiles to leafs...
5.35	---Postorder: computing likelihoods...
5.47	---Computing root node sequence and total tree likelihood...
5.47	---Attaching sequence profiles to leafs...
5.48	---Postorder: computing likelihoods...
5.60	---Computing root node sequence and total tree likelihood...
5.60	---Attaching sequence profiles to leafs...
5.61	---Postorder: computing likelihoods...
5.73	---Computing root node sequence and total tree likelihood...
5.73	---Attaching sequence profiles to leafs...
5.73	---Postorder: computing likelihoods...
5.85	---Computing root node sequence and total tree likelihood...
5.85	---Attaching sequence profiles to leafs...
5.86	---Postorder: computing likelihoods...
5.98	---Computing root node sequence and total tree likelihood...
5.98	---Attaching sequence profiles to leafs...
5.99	---Postorder: computing likelihoods...
6.11	---Computing root node sequence and total tree likelihood...
6.11	---Attaching sequence profiles to leafs...
6.12	---Postorder: computing likelihoods...
6.23	---Computing root node sequence and total tree likelihood...
6.23	---Attaching sequence profiles to leafs...
6.24	---Postorder: computing likelihoods...
6.36	---Computing root node sequence and total tree likelihood...

6.36	-treeanc:optimize_gtr_rate: optimization successful. Overall rate estimated
    	 to be 0.000086
6.36	--TreeAnc.infer_gtr: counting mutations...
6.57	---TreeAnc.infer_gtr: counting mutations...done

6.57	-GTR: with alphabet: ['A', 'B', 'C', 'D', 'E', 'F', 'G', 'H', 'I', 'J',
    	 'K']
6.57	--GTR: ambiguous character: L
6.57	----GTR: no gap symbol!
6.57	---GTR: init with dummy values!

6.57	-GTR: model inference
6.57	---GTR inference iteration 0 change: 0.30151134457776363
6.57	---GTR inference iteration 1 change: 0.04354445258333366
6.57	---GTR inference iteration 2 change: 0.03426704891600974
6.57	---GTR inference iteration 3 change: 0.00958172814014619
6.57	---GTR inference iteration 4 change: 0.0027351762295621546
6.57	---GTR inference iteration 5 change: 0.0014650107451446017
6.57	---GTR inference iteration 6 change: 0.00044719907496696364
6.57	---GTR inference iteration 7 change: 0.00016334796819258756
6.57	---GTR inference iteration 8 change: 0.0001099658994802212
6.58	---GTR inference iteration 9 change: 5.429058217149221e-05
6.58	---GTR inference iteration 10 change: 2.5772890255967947e-05
6.58	---GTR inference iteration 11 change: 1.28045274685375e-05
6.58	---Attaching sequence profiles to leafs...
6.58	---Postorder: computing likelihoods...
6.70	---Computing root node sequence and total tree likelihood...
6.70	---Attaching sequence profiles to leafs...
6.71	---Postorder: computing likelihoods...
6.83	---Computing root node sequence and total tree likelihood...
6.83	---Attaching sequence profiles to leafs...
6.84	---Postorder: computing likelihoods...
6.96	---Computing root node sequence and total tree likelihood...
6.96	---Attaching sequence profiles to leafs...
6.97	---Postorder: computing likelihoods...
7.08	---Computing root node sequence and total tree likelihood...
7.08	---Attaching sequence profiles to leafs...
7.09	---Postorder: computing likelihoods...
7.21	---Computing root node sequence and total tree likelihood...
7.21	---Attaching sequence profiles to leafs...
7.22	---Postorder: computing likelihoods...
7.33	---Computing root node sequence and total tree likelihood...
7.34	---Attaching sequence profiles to leafs...
7.34	---Postorder: computing likelihoods...
7.46	---Computing root node sequence and total tree likelihood...
7.46	---Attaching sequence profiles to leafs...
7.47	---Postorder: computing likelihoods...
7.58	---Computing root node sequence and total tree likelihood...
7.58	---Attaching sequence profiles to leafs...
7.59	---Postorder: computing likelihoods...
7.71	---Computing root node sequence and total tree likelihood...
7.71	---Attaching sequence profiles to leafs...
7.72	---Postorder: computing likelihoods...
7.83	---Computing root node sequence and total tree likelihood...
7.83	---Attaching sequence profiles to leafs...
7.84	---Postorder: computing likelihoods...
7.96	---Computing root node sequence and total tree likelihood...
7.96	---Attaching sequence profiles to leafs...
7.97	---Postorder: computing likelihoods...
8.09	---Computing root node sequence and total tree likelihood...
8.09	---Attaching sequence profiles to leafs...
8.09	---Postorder: computing likelihoods...
8.22	---Computing root node sequence and total tree likelihood...
8.22	---Attaching sequence profiles to leafs...
8.23	---Postorder: computing likelihoods...
8.36	---Computing root node sequence and total tree likelihood...
8.36	---Attaching sequence profiles to leafs...
8.37	---Postorder: computing likelihoods...
8.49	---Computing root node sequence and total tree likelihood...
8.49	---Attaching sequence profiles to leafs...
8.50	---Postorder: computing likelihoods...
8.62	---Computing root node sequence and total tree likelihood...
8.62	---Attaching sequence profiles to leafs...
8.62	---Postorder: computing likelihoods...
8.74	---Computing root node sequence and total tree likelihood...
8.74	---Attaching sequence profiles to leafs...
8.75	---Postorder: computing likelihoods...
8.87	---Computing root node sequence and total tree likelihood...
8.87	---Attaching sequence profiles to leafs...
8.87	---Postorder: computing likelihoods...
8.99	---Computing root node sequence and total tree likelihood...
8.99	---Attaching sequence profiles to leafs...
9.00	---Postorder: computing likelihoods...
9.12	---Computing root node sequence and total tree likelihood...
9.12	---Attaching sequence profiles to leafs...
9.13	---Postorder: computing likelihoods...
9.24	---Computing root node sequence and total tree likelihood...
9.24	---Attaching sequence profiles to leafs...
9.25	---Postorder: computing likelihoods...
9.37	---Computing root node sequence and total tree likelihood...
9.37	---Attaching sequence profiles to leafs...
9.38	---Postorder: computing likelihoods...
9.50	---Computing root node sequence and total tree likelihood...
9.50	---Attaching sequence profiles to leafs...
9.50	---Postorder: computing likelihoods...
9.62	---Computing root node sequence and total tree likelihood...
9.62	---Attaching sequence profiles to leafs...
9.63	---Postorder: computing likelihoods...
9.75	---Computing root node sequence and total tree likelihood...
9.75	---Attaching sequence profiles to leafs...
9.75	---Postorder: computing likelihoods...
9.87	---Computing root node sequence and total tree likelihood...
9.87	---Attaching sequence profiles to leafs...
9.88	---Postorder: computing likelihoods...
10.00	---Computing root node sequence and total tree likelihood...
10.00	---Attaching sequence profiles to leafs...
10.01	---Postorder: computing likelihoods...
10.13	---Computing root node sequence and total tree likelihood...
10.13	---Attaching sequence profiles to leafs...
10.13	---Postorder: computing likelihoods...
10.25	---Computing root node sequence and total tree likelihood...

10.25	-treeanc:optimize_gtr_rate: optimization successful. Overall rate
     	 estimated to be 0.000118
10.25	--TreeAnc.infer_gtr: counting mutations...
10.47	---TreeAnc.infer_gtr: counting mutations...done

10.47	-GTR: with alphabet: ['A', 'B', 'C', 'D', 'E', 'F', 'G', 'H', 'I', 'J',
     	 'K']
10.47	--GTR: ambiguous character: L
10.47	----GTR: no gap symbol!
10.47	---GTR: init with dummy values!

10.47	-GTR: model inference
10.47	---GTR inference iteration 0 change: 0.30151134457776363
10.47	---GTR inference iteration 1 change: 0.03656645254990278
10.47	---GTR inference iteration 2 change: 0.031520724617632036
10.47	---GTR inference iteration 3 change: 0.009050274637166265
10.47	---GTR inference iteration 4 change: 0.002491662264494589
10.47	---GTR inference iteration 5 change: 0.0012645935547582685
10.47	---GTR inference iteration 6 change: 0.0003813659519110811
10.47	---GTR inference iteration 7 change: 0.0001451401135011168
10.47	---GTR inference iteration 8 change: 9.336499882419819e-05
10.48	---GTR inference iteration 9 change: 4.526973958080948e-05
10.48	---GTR inference iteration 10 change: 2.118087737080685e-05
10.48	---GTR inference iteration 11 change: 1.0257960302507249e-05
10.48	---Attaching sequence profiles to leafs...
10.48	---Postorder: computing likelihoods...
10.61	---Computing root node sequence and total tree likelihood...
10.61	---Attaching sequence profiles to leafs...
10.61	---Postorder: computing likelihoods...
10.87	---Computing root node sequence and total tree likelihood...
10.87	---Attaching sequence profiles to leafs...
10.89	---Postorder: computing likelihoods...
11.06	---Computing root node sequence and total tree likelihood...
11.06	---Attaching sequence profiles to leafs...
11.06	---Postorder: computing likelihoods...
11.18	---Computing root node sequence and total tree likelihood...
11.19	---Attaching sequence profiles to leafs...
11.19	---Postorder: computing likelihoods...
11.31	---Computing root node sequence and total tree likelihood...
11.31	---Attaching sequence profiles to leafs...
11.32	---Postorder: computing likelihoods...
11.44	---Computing root node sequence and total tree likelihood...
11.44	---Attaching sequence profiles to leafs...
11.44	---Postorder: computing likelihoods...
11.56	---Computing root node sequence and total tree likelihood...
11.56	---Attaching sequence profiles to leafs...
11.57	---Postorder: computing likelihoods...
11.69	---Computing root node sequence and total tree likelihood...
11.69	---Attaching sequence profiles to leafs...
11.70	---Postorder: computing likelihoods...
11.82	---Computing root node sequence and total tree likelihood...
11.82	---Attaching sequence profiles to leafs...
11.83	---Postorder: computing likelihoods...
11.95	---Computing root node sequence and total tree likelihood...
11.95	---Attaching sequence profiles to leafs...
11.96	---Postorder: computing likelihoods...
12.07	---Computing root node sequence and total tree likelihood...
12.07	---Attaching sequence profiles to leafs...
12.08	---Postorder: computing likelihoods...
12.20	---Computing root node sequence and total tree likelihood...
12.20	---Attaching sequence profiles to leafs...
12.21	---Postorder: computing likelihoods...
12.33	---Computing root node sequence and total tree likelihood...
12.33	---Attaching sequence profiles to leafs...
12.33	---Postorder: computing likelihoods...
12.45	---Computing root node sequence and total tree likelihood...
12.45	---Attaching sequence profiles to leafs...
12.46	---Postorder: computing likelihoods...
12.58	---Computing root node sequence and total tree likelihood...
12.58	---Attaching sequence profiles to leafs...
12.59	---Postorder: computing likelihoods...
12.71	---Computing root node sequence and total tree likelihood...
12.71	---Attaching sequence profiles to leafs...
12.72	---Postorder: computing likelihoods...
12.84	---Computing root node sequence and total tree likelihood...
12.84	---Attaching sequence profiles to leafs...
12.84	---Postorder: computing likelihoods...
12.96	---Computing root node sequence and total tree likelihood...
12.96	---Attaching sequence profiles to leafs...
12.97	---Postorder: computing likelihoods...
13.09	---Computing root node sequence and total tree likelihood...
13.09	---Attaching sequence profiles to leafs...
13.10	---Postorder: computing likelihoods...
13.22	---Computing root node sequence and total tree likelihood...
13.22	---Attaching sequence profiles to leafs...
13.22	---Postorder: computing likelihoods...
13.34	---Computing root node sequence and total tree likelihood...
13.34	---Attaching sequence profiles to leafs...
13.35	---Postorder: computing likelihoods...
13.47	---Computing root node sequence and total tree likelihood...
13.47	---Attaching sequence profiles to leafs...
13.48	---Postorder: computing likelihoods...
13.60	---Computing root node sequence and total tree likelihood...
13.60	---Attaching sequence profiles to leafs...
13.61	---Postorder: computing likelihoods...
13.73	---Computing root node sequence and total tree likelihood...
13.73	---Attaching sequence profiles to leafs...
13.74	---Postorder: computing likelihoods...
13.85	---Computing root node sequence and total tree likelihood...
13.85	---Attaching sequence profiles to leafs...
13.86	---Postorder: computing likelihoods...
13.98	---Computing root node sequence and total tree likelihood...
13.98	---Attaching sequence profiles to leafs...
13.99	---Postorder: computing likelihoods...
14.11	---Computing root node sequence and total tree likelihood...
14.11	---Attaching sequence profiles to leafs...
14.12	---Postorder: computing likelihoods...
14.23	---Computing root node sequence and total tree likelihood...
14.23	---Attaching sequence profiles to leafs...
14.24	---Postorder: computing likelihoods...
14.36	---Computing root node sequence and total tree likelihood...
14.36	---Attaching sequence profiles to leafs...
14.37	---Postorder: computing likelihoods...
14.49	---Computing root node sequence and total tree likelihood...
14.49	---Attaching sequence profiles to leafs...
14.50	---Postorder: computing likelihoods...
14.62	---Computing root node sequence and total tree likelihood...
14.62	---Attaching sequence profiles to leafs...
14.63	---Postorder: computing likelihoods...
14.74	---Computing root node sequence and total tree likelihood...
14.74	---Attaching sequence profiles to leafs...
14.75	---Postorder: computing likelihoods...
14.87	---Computing root node sequence and total tree likelihood...
14.87	---Attaching sequence profiles to leafs...
14.88	---Postorder: computing likelihoods...
15.00	---Computing root node sequence and total tree likelihood...

15.00	-treeanc:optimize_gtr_rate: optimization successful. Overall rate
     	 estimated to be 0.000121
15.00	--TreeAnc.infer_gtr: counting mutations...
15.21	---TreeAnc.infer_gtr: counting mutations...done

15.21	-GTR: with alphabet: ['A', 'B', 'C', 'D', 'E', 'F', 'G', 'H', 'I', 'J',
     	 'K']
15.21	--GTR: ambiguous character: L
15.21	----GTR: no gap symbol!
15.21	---GTR: init with dummy values!

15.21	-GTR: model inference
15.21	---GTR inference iteration 0 change: 0.30151134457776363
15.21	---GTR inference iteration 1 change: 0.03642574813309821
15.21	---GTR inference iteration 2 change: 0.031506497295528256
15.21	---GTR inference iteration 3 change: 0.00910482626193166
15.21	---GTR inference iteration 4 change: 0.002510189284421145
15.21	---GTR inference iteration 5 change: 0.0012710770831147848
15.21	---GTR inference iteration 6 change: 0.0003867326541322278
15.21	---GTR inference iteration 7 change: 0.0001476036050256232
15.22	---GTR inference iteration 8 change: 9.46323140581992e-05
15.22	---GTR inference iteration 9 change: 4.6117029986675414e-05
15.22	---GTR inference iteration 10 change: 2.166284822891541e-05
15.22	---GTR inference iteration 11 change: 1.0516568713647538e-05
15.22	---Attaching sequence profiles to leafs...
15.22	---Postorder: computing likelihoods...
15.34	---Computing root node sequence and total tree likelihood...
15.34	---Attaching sequence profiles to leafs...
15.35	---Postorder: computing likelihoods...
15.47	---Computing root node sequence and total tree likelihood...
15.47	---Attaching sequence profiles to leafs...
15.48	---Postorder: computing likelihoods...
15.60	---Computing root node sequence and total tree likelihood...
15.60	---Attaching sequence profiles to leafs...
15.61	---Postorder: computing likelihoods...
15.72	---Computing root node sequence and total tree likelihood...
15.72	---Attaching sequence profiles to leafs...
15.73	---Postorder: computing likelihoods...
15.85	---Computing root node sequence and total tree likelihood...
15.85	---Attaching sequence profiles to leafs...
15.86	---Postorder: computing likelihoods...
15.98	---Computing root node sequence and total tree likelihood...
15.98	---Attaching sequence profiles to leafs...
15.99	---Postorder: computing likelihoods...
16.11	---Computing root node sequence and total tree likelihood...
16.11	---Attaching sequence profiles to leafs...
16.12	---Postorder: computing likelihoods...
16.24	---Computing root node sequence and total tree likelihood...
16.24	---Attaching sequence profiles to leafs...
16.25	---Postorder: computing likelihoods...
16.37	---Computing root node sequence and total tree likelihood...
16.37	---Attaching sequence profiles to leafs...
16.37	---Postorder: computing likelihoods...
16.49	---Computing root node sequence and total tree likelihood...
16.49	---Attaching sequence profiles to leafs...
16.50	---Postorder: computing likelihoods...
16.62	---Computing root node sequence and total tree likelihood...
16.62	---Attaching sequence profiles to leafs...
16.63	---Postorder: computing likelihoods...
16.90	---Computing root node sequence and total tree likelihood...
16.90	---Attaching sequence profiles to leafs...
16.93	---Postorder: computing likelihoods...
17.05	---Computing root node sequence and total tree likelihood...
17.05	---Attaching sequence profiles to leafs...
17.06	---Postorder: computing likelihoods...
17.18	---Computing root node sequence and total tree likelihood...
17.18	---Attaching sequence profiles to leafs...
17.19	---Postorder: computing likelihoods...
17.31	---Computing root node sequence and total tree likelihood...
17.31	---Attaching sequence profiles to leafs...
17.31	---Postorder: computing likelihoods...
17.43	---Computing root node sequence and total tree likelihood...
17.43	---Attaching sequence profiles to leafs...
17.44	---Postorder: computing likelihoods...
17.56	---Computing root node sequence and total tree likelihood...
17.56	---Attaching sequence profiles to leafs...
17.57	---Postorder: computing likelihoods...
17.69	---Computing root node sequence and total tree likelihood...
17.69	---Attaching sequence profiles to leafs...
17.70	---Postorder: computing likelihoods...
17.81	---Computing root node sequence and total tree likelihood...
17.82	---Attaching sequence profiles to leafs...
17.82	---Postorder: computing likelihoods...
17.94	---Computing root node sequence and total tree likelihood...
17.94	---Attaching sequence profiles to leafs...
17.95	---Postorder: computing likelihoods...
18.07	---Computing root node sequence and total tree likelihood...
18.07	---Attaching sequence profiles to leafs...
18.08	---Postorder: computing likelihoods...
18.21	---Computing root node sequence and total tree likelihood...
18.21	---Attaching sequence profiles to leafs...
18.22	---Postorder: computing likelihoods...
18.33	---Computing root node sequence and total tree likelihood...
18.33	---Attaching sequence profiles to leafs...
18.34	---Postorder: computing likelihoods...
18.46	---Computing root node sequence and total tree likelihood...
18.46	---Attaching sequence profiles to leafs...
18.47	---Postorder: computing likelihoods...
18.59	---Computing root node sequence and total tree likelihood...
18.59	---Attaching sequence profiles to leafs...
18.60	---Postorder: computing likelihoods...
18.72	---Computing root node sequence and total tree likelihood...

18.72	-treeanc:optimize_gtr_rate: optimization successful. Overall rate
     	 estimated to be 0.000121

18.72	-TreeAnc.infer_ancestral_sequences with method: probabilistic, marginal
18.72	--TreeAnc._ml_anc_marginal: type of reconstruction: Marginal
18.72	---Attaching sequence profiles to leafs...
18.73	---Postorder: computing likelihoods...
18.84	---Computing root node sequence and total tree likelihood...
18.84	---Preorder: computing marginal profiles...
19.07	---TreeAnc._ml_anc_marginal: ...done
NOTE: previous versions (<0.7.0) of this command made a 'short-branch
length assumption. TreeTime now optimizes the overall rate numerically
and thus allows for long branches along which multiple changes
accumulated. This is expected to affect estimates of the overall rate
while leaving the relative rates mostly unchanged.

Completed mugration model inference of attribute 'branch_major' for lsd.filter.nwk

Saved inferred mugration model as: ./GTR.txt
Saved table with ancestral state confidences as: ./confidence.csv
Saved annotated tree as: ./annotated_tree.nexus
---Done!

