Using column 'sample' as taxon name. This needs to match the taxa in the tree!

0.00	-TreeAnc: set-up
Assigned discrete traits to 580 out of 601 taxa.


0.37	-SequenceData: loaded alignment.

0.37	-SeqData: making compressed alignment...

0.37	-SequenceData: constructed compressed alignment...

0.40	-TreeAnc.infer_ancestral_sequences with method: ml, marginal
0.40	--TreeAnc._ml_anc_marginal: type of reconstruction: Marginal
0.40	---Attaching sequence profiles to leafs...
0.41	---Postorder: computing likelihoods...
1.06	---Computing root node sequence and total tree likelihood...
1.06	---Preorder: computing marginal profiles...
1.52	---TreeAnc._ml_anc_marginal: ...done
1.56	--TreeAnc.infer_gtr: counting mutations...
2.52	---TreeAnc.infer_gtr: counting mutations...done

2.52	-GTR: with alphabet: ['A', 'B', 'C', 'D', 'E', 'F', 'G', 'H', 'I', 'J',
    	 'K', 'L', 'M', 'N', 'O', 'P', 'Q', 'R', 'S', 'T', 'U', 'V', 'W', 'X', 'Y',
    	 'Z', '[', '\\', ']', '^', '_', '`', 'a', 'b', 'c', 'd', 'e', 'f', 'g',
    	 'h', 'i', 'j', 'k', 'l', 'm', 'n', 'o', 'p', 'q', 'r', 's', 't', 'u', 'v',
    	 'w', 'x', 'y', 'z', '{', '|', '}', '~', '\x7f', '\x80', '\x81', '\x82',
    	 '\x83', '\x84', '\x85', '\x86', '\x87', '\x88', '\x89', '\x8a', '\x8b',
    	 '\x8c', '\x8d', '\x8e', '\x8f', '\x90', '\x91', '\x92', '\x93', '\x94',
    	 '\x95', '\x96', '\x97', '\x98', '\x99', '\x9a', '\x9b', '\x9c', '\x9d',
    	 '\x9e', '\x9f', '\xa0', '¡', '¢', '£', '¤', '¥', '¦', '§', '¨', '©', 'ª',
    	 '«', '¬', '\xad', '®', '¯', '°']
2.53	--GTR: ambiguous character: ±
2.53	----GTR: no gap symbol!
2.53	---GTR: init with dummy values!

2.53	-GTR: model inference
2.53	---GTR inference iteration 0 change: 0.0944911182523068
2.53	---GTR inference iteration 1 change: 0.023332988862945634
2.53	---GTR inference iteration 2 change: 0.009636007964023191
2.53	---GTR inference iteration 3 change: 0.003653266779386816
2.53	---GTR inference iteration 4 change: 0.001381897256517546
2.53	---GTR inference iteration 5 change: 0.0005341980460711323
2.53	---GTR inference iteration 6 change: 0.0002107167883718723
2.53	---GTR inference iteration 7 change: 8.420059703947435e-05
2.54	---GTR inference iteration 8 change: 3.3910756081743145e-05
2.54	---GTR inference iteration 9 change: 1.3729545631637711e-05
2.54	--TreeAnc._ml_anc_marginal: type of reconstruction: Marginal
2.54	---Attaching sequence profiles to leafs...
2.55	---Postorder: computing likelihoods...
3.11	---Computing root node sequence and total tree likelihood...
3.11	---Preorder: computing marginal profiles...
3.73	---TreeAnc._ml_anc_marginal: ...done
3.77	---Attaching sequence profiles to leafs...
3.78	---Postorder: computing likelihoods...
4.28	---Computing root node sequence and total tree likelihood...
4.28	---Attaching sequence profiles to leafs...
4.29	---Postorder: computing likelihoods...
4.87	---Computing root node sequence and total tree likelihood...
4.87	---Attaching sequence profiles to leafs...
4.88	---Postorder: computing likelihoods...
5.61	---Computing root node sequence and total tree likelihood...
5.61	---Attaching sequence profiles to leafs...
5.62	---Postorder: computing likelihoods...
6.11	---Computing root node sequence and total tree likelihood...
6.11	---Attaching sequence profiles to leafs...
6.12	---Postorder: computing likelihoods...
7.21	---Computing root node sequence and total tree likelihood...
7.21	---Attaching sequence profiles to leafs...
7.22	---Postorder: computing likelihoods...
8.02	---Computing root node sequence and total tree likelihood...
8.02	---Attaching sequence profiles to leafs...
8.03	---Postorder: computing likelihoods...
8.54	---Computing root node sequence and total tree likelihood...
8.55	---Attaching sequence profiles to leafs...
8.55	---Postorder: computing likelihoods...
9.04	---Computing root node sequence and total tree likelihood...
9.05	---Attaching sequence profiles to leafs...
9.05	---Postorder: computing likelihoods...
9.59	---Computing root node sequence and total tree likelihood...
9.59	---Attaching sequence profiles to leafs...
9.60	---Postorder: computing likelihoods...
10.09	---Computing root node sequence and total tree likelihood...
10.09	---Attaching sequence profiles to leafs...
10.10	---Postorder: computing likelihoods...
10.58	---Computing root node sequence and total tree likelihood...
10.59	---Attaching sequence profiles to leafs...
10.60	---Postorder: computing likelihoods...
11.09	---Computing root node sequence and total tree likelihood...
11.09	---Attaching sequence profiles to leafs...
11.10	---Postorder: computing likelihoods...
11.59	---Computing root node sequence and total tree likelihood...
11.59	---Attaching sequence profiles to leafs...
11.60	---Postorder: computing likelihoods...
12.11	---Computing root node sequence and total tree likelihood...
12.11	---Attaching sequence profiles to leafs...
12.12	---Postorder: computing likelihoods...
12.61	---Computing root node sequence and total tree likelihood...
12.62	---Attaching sequence profiles to leafs...
12.63	---Postorder: computing likelihoods...
13.13	---Computing root node sequence and total tree likelihood...
13.14	---Attaching sequence profiles to leafs...
13.14	---Postorder: computing likelihoods...
13.64	---Computing root node sequence and total tree likelihood...
13.64	---Attaching sequence profiles to leafs...
13.65	---Postorder: computing likelihoods...
14.15	---Computing root node sequence and total tree likelihood...
14.15	---Attaching sequence profiles to leafs...
14.16	---Postorder: computing likelihoods...
14.65	---Computing root node sequence and total tree likelihood...
14.65	---Attaching sequence profiles to leafs...
14.66	---Postorder: computing likelihoods...
15.23	---Computing root node sequence and total tree likelihood...
15.24	---Attaching sequence profiles to leafs...
15.24	---Postorder: computing likelihoods...
15.97	---Computing root node sequence and total tree likelihood...
15.97	---Attaching sequence profiles to leafs...
15.98	---Postorder: computing likelihoods...
16.48	---Computing root node sequence and total tree likelihood...
16.48	---Attaching sequence profiles to leafs...
16.49	---Postorder: computing likelihoods...
17.00	---Computing root node sequence and total tree likelihood...
17.01	---Attaching sequence profiles to leafs...
17.02	---Postorder: computing likelihoods...
17.51	---Computing root node sequence and total tree likelihood...

17.52	-treeanc:optimize_gtr_rate: optimization successful. Overall rate
     	 estimated to be 0.002607
17.52	--TreeAnc.infer_gtr: counting mutations...
18.29	---TreeAnc.infer_gtr: counting mutations...done

18.29	-GTR: with alphabet: ['A', 'B', 'C', 'D', 'E', 'F', 'G', 'H', 'I', 'J',
     	 'K', 'L', 'M', 'N', 'O', 'P', 'Q', 'R', 'S', 'T', 'U', 'V', 'W', 'X',
     	 'Y', 'Z', '[', '\\', ']', '^', '_', '`', 'a', 'b', 'c', 'd', 'e', 'f',
     	 'g', 'h', 'i', 'j', 'k', 'l', 'm', 'n', 'o', 'p', 'q', 'r', 's', 't',
     	 'u', 'v', 'w', 'x', 'y', 'z', '{', '|', '}', '~', '\x7f', '\x80', '\x81',
     	 '\x82', '\x83', '\x84', '\x85', '\x86', '\x87', '\x88', '\x89', '\x8a',
     	 '\x8b', '\x8c', '\x8d', '\x8e', '\x8f', '\x90', '\x91', '\x92', '\x93',
     	 '\x94', '\x95', '\x96', '\x97', '\x98', '\x99', '\x9a', '\x9b', '\x9c',
     	 '\x9d', '\x9e', '\x9f', '\xa0', '¡', '¢', '£', '¤', '¥', '¦', '§', '¨',
     	 '©', 'ª', '«', '¬', '\xad', '®', '¯', '°']
18.30	--GTR: ambiguous character: ±
18.30	----GTR: no gap symbol!
18.30	---GTR: init with dummy values!

18.30	-GTR: model inference
18.30	---GTR inference iteration 0 change: 0.0944911182523068
18.30	---GTR inference iteration 1 change: 0.01838579159716264
18.30	---GTR inference iteration 2 change: 0.016267397387329
18.30	---GTR inference iteration 3 change: 0.004479309470219632
18.30	---GTR inference iteration 4 change: 0.001018044339229914
18.30	---GTR inference iteration 5 change: 0.0008282242643776155
18.30	---GTR inference iteration 6 change: 0.0002530353741338216
18.30	---GTR inference iteration 7 change: 3.057619815837119e-05
18.31	---GTR inference iteration 8 change: 4.061456337433956e-05
18.31	---GTR inference iteration 9 change: 1.3706153063206431e-05
18.33	---Attaching sequence profiles to leafs...
18.33	---Postorder: computing likelihoods...
18.83	---Computing root node sequence and total tree likelihood...
18.84	---Attaching sequence profiles to leafs...
18.84	---Postorder: computing likelihoods...
19.33	---Computing root node sequence and total tree likelihood...
19.34	---Attaching sequence profiles to leafs...
19.35	---Postorder: computing likelihoods...
20.33	---Computing root node sequence and total tree likelihood...
20.33	---Attaching sequence profiles to leafs...
20.34	---Postorder: computing likelihoods...
20.82	---Computing root node sequence and total tree likelihood...
20.83	---Attaching sequence profiles to leafs...
20.84	---Postorder: computing likelihoods...
22.38	---Computing root node sequence and total tree likelihood...
22.38	---Attaching sequence profiles to leafs...
22.39	---Postorder: computing likelihoods...
23.02	---Computing root node sequence and total tree likelihood...
23.02	---Attaching sequence profiles to leafs...
23.03	---Postorder: computing likelihoods...
23.54	---Computing root node sequence and total tree likelihood...
23.54	---Attaching sequence profiles to leafs...
23.55	---Postorder: computing likelihoods...
24.04	---Computing root node sequence and total tree likelihood...
24.04	---Attaching sequence profiles to leafs...
24.05	---Postorder: computing likelihoods...
24.58	---Computing root node sequence and total tree likelihood...
24.59	---Attaching sequence profiles to leafs...
24.59	---Postorder: computing likelihoods...
25.10	---Computing root node sequence and total tree likelihood...
25.10	---Attaching sequence profiles to leafs...
25.11	---Postorder: computing likelihoods...
25.61	---Computing root node sequence and total tree likelihood...
25.61	---Attaching sequence profiles to leafs...
25.62	---Postorder: computing likelihoods...
26.14	---Computing root node sequence and total tree likelihood...
26.14	---Attaching sequence profiles to leafs...
26.15	---Postorder: computing likelihoods...
26.64	---Computing root node sequence and total tree likelihood...
26.65	---Attaching sequence profiles to leafs...
26.66	---Postorder: computing likelihoods...
27.19	---Computing root node sequence and total tree likelihood...
27.19	---Attaching sequence profiles to leafs...
27.20	---Postorder: computing likelihoods...
27.70	---Computing root node sequence and total tree likelihood...
27.70	---Attaching sequence profiles to leafs...
27.71	---Postorder: computing likelihoods...
28.20	---Computing root node sequence and total tree likelihood...
28.20	---Attaching sequence profiles to leafs...
28.21	---Postorder: computing likelihoods...
28.70	---Computing root node sequence and total tree likelihood...
28.71	---Attaching sequence profiles to leafs...
28.71	---Postorder: computing likelihoods...
29.20	---Computing root node sequence and total tree likelihood...
29.20	---Attaching sequence profiles to leafs...
29.21	---Postorder: computing likelihoods...
29.70	---Computing root node sequence and total tree likelihood...
29.71	---Attaching sequence profiles to leafs...
29.71	---Postorder: computing likelihoods...
30.20	---Computing root node sequence and total tree likelihood...
30.20	---Attaching sequence profiles to leafs...
30.21	---Postorder: computing likelihoods...
30.71	---Computing root node sequence and total tree likelihood...
30.72	---Attaching sequence profiles to leafs...
30.72	---Postorder: computing likelihoods...
31.22	---Computing root node sequence and total tree likelihood...
31.22	---Attaching sequence profiles to leafs...
31.23	---Postorder: computing likelihoods...
31.73	---Computing root node sequence and total tree likelihood...

31.74	-treeanc:optimize_gtr_rate: optimization successful. Overall rate
     	 estimated to be 0.004235
31.74	--TreeAnc.infer_gtr: counting mutations...
32.54	---TreeAnc.infer_gtr: counting mutations...done

32.54	-GTR: with alphabet: ['A', 'B', 'C', 'D', 'E', 'F', 'G', 'H', 'I', 'J',
     	 'K', 'L', 'M', 'N', 'O', 'P', 'Q', 'R', 'S', 'T', 'U', 'V', 'W', 'X',
     	 'Y', 'Z', '[', '\\', ']', '^', '_', '`', 'a', 'b', 'c', 'd', 'e', 'f',
     	 'g', 'h', 'i', 'j', 'k', 'l', 'm', 'n', 'o', 'p', 'q', 'r', 's', 't',
     	 'u', 'v', 'w', 'x', 'y', 'z', '{', '|', '}', '~', '\x7f', '\x80', '\x81',
     	 '\x82', '\x83', '\x84', '\x85', '\x86', '\x87', '\x88', '\x89', '\x8a',
     	 '\x8b', '\x8c', '\x8d', '\x8e', '\x8f', '\x90', '\x91', '\x92', '\x93',
     	 '\x94', '\x95', '\x96', '\x97', '\x98', '\x99', '\x9a', '\x9b', '\x9c',
     	 '\x9d', '\x9e', '\x9f', '\xa0', '¡', '¢', '£', '¤', '¥', '¦', '§', '¨',
     	 '©', 'ª', '«', '¬', '\xad', '®', '¯', '°']
32.54	--GTR: ambiguous character: ±
32.54	----GTR: no gap symbol!
32.54	---GTR: init with dummy values!

32.54	-GTR: model inference
32.55	---GTR inference iteration 0 change: 0.0944911182523068
32.55	---GTR inference iteration 1 change: 0.018903372850908762
32.55	---GTR inference iteration 2 change: 0.016354524870288444
32.55	---GTR inference iteration 3 change: 0.004434011751023445
32.55	---GTR inference iteration 4 change: 0.0010381797769025256
32.55	---GTR inference iteration 5 change: 0.0008268119543466477
32.55	---GTR inference iteration 6 change: 0.00024637528781607974
32.55	---GTR inference iteration 7 change: 3.1641838753028766e-05
32.55	---GTR inference iteration 8 change: 4.003345688851497e-05
32.55	---GTR inference iteration 9 change: 1.3042043593909374e-05
32.56	---Attaching sequence profiles to leafs...
32.57	---Postorder: computing likelihoods...
33.06	---Computing root node sequence and total tree likelihood...
33.07	---Attaching sequence profiles to leafs...
33.07	---Postorder: computing likelihoods...
33.57	---Computing root node sequence and total tree likelihood...
33.58	---Attaching sequence profiles to leafs...
33.58	---Postorder: computing likelihoods...
34.63	---Computing root node sequence and total tree likelihood...
34.63	---Attaching sequence profiles to leafs...
34.64	---Postorder: computing likelihoods...
35.13	---Computing root node sequence and total tree likelihood...
35.14	---Attaching sequence profiles to leafs...
35.15	---Postorder: computing likelihoods...
36.34	---Computing root node sequence and total tree likelihood...
36.35	---Attaching sequence profiles to leafs...
36.35	---Postorder: computing likelihoods...
36.98	---Computing root node sequence and total tree likelihood...
36.98	---Attaching sequence profiles to leafs...
36.99	---Postorder: computing likelihoods...
37.50	---Computing root node sequence and total tree likelihood...
37.50	---Attaching sequence profiles to leafs...
37.51	---Postorder: computing likelihoods...
38.00	---Computing root node sequence and total tree likelihood...
38.01	---Attaching sequence profiles to leafs...
38.01	---Postorder: computing likelihoods...
38.51	---Computing root node sequence and total tree likelihood...
38.51	---Attaching sequence profiles to leafs...
38.52	---Postorder: computing likelihoods...
39.01	---Computing root node sequence and total tree likelihood...
39.01	---Attaching sequence profiles to leafs...
39.02	---Postorder: computing likelihoods...
39.56	---Computing root node sequence and total tree likelihood...
39.56	---Attaching sequence profiles to leafs...
39.57	---Postorder: computing likelihoods...
40.09	---Computing root node sequence and total tree likelihood...
40.10	---Attaching sequence profiles to leafs...
40.11	---Postorder: computing likelihoods...
40.62	---Computing root node sequence and total tree likelihood...
40.63	---Attaching sequence profiles to leafs...
40.64	---Postorder: computing likelihoods...
41.12	---Computing root node sequence and total tree likelihood...
41.13	---Attaching sequence profiles to leafs...
41.13	---Postorder: computing likelihoods...
41.63	---Computing root node sequence and total tree likelihood...
41.63	---Attaching sequence profiles to leafs...
41.64	---Postorder: computing likelihoods...
42.15	---Computing root node sequence and total tree likelihood...
42.15	---Attaching sequence profiles to leafs...
42.16	---Postorder: computing likelihoods...
42.66	---Computing root node sequence and total tree likelihood...
42.67	---Attaching sequence profiles to leafs...
42.68	---Postorder: computing likelihoods...
43.18	---Computing root node sequence and total tree likelihood...
43.18	---Attaching sequence profiles to leafs...
43.19	---Postorder: computing likelihoods...
43.69	---Computing root node sequence and total tree likelihood...
43.69	---Attaching sequence profiles to leafs...
43.70	---Postorder: computing likelihoods...
44.19	---Computing root node sequence and total tree likelihood...
44.20	---Attaching sequence profiles to leafs...
44.20	---Postorder: computing likelihoods...
44.69	---Computing root node sequence and total tree likelihood...

44.70	-treeanc:optimize_gtr_rate: optimization successful. Overall rate
     	 estimated to be 0.004199
44.70	--TreeAnc.infer_gtr: counting mutations...
45.48	---TreeAnc.infer_gtr: counting mutations...done

45.48	-GTR: with alphabet: ['A', 'B', 'C', 'D', 'E', 'F', 'G', 'H', 'I', 'J',
     	 'K', 'L', 'M', 'N', 'O', 'P', 'Q', 'R', 'S', 'T', 'U', 'V', 'W', 'X',
     	 'Y', 'Z', '[', '\\', ']', '^', '_', '`', 'a', 'b', 'c', 'd', 'e', 'f',
     	 'g', 'h', 'i', 'j', 'k', 'l', 'm', 'n', 'o', 'p', 'q', 'r', 's', 't',
     	 'u', 'v', 'w', 'x', 'y', 'z', '{', '|', '}', '~', '\x7f', '\x80', '\x81',
     	 '\x82', '\x83', '\x84', '\x85', '\x86', '\x87', '\x88', '\x89', '\x8a',
     	 '\x8b', '\x8c', '\x8d', '\x8e', '\x8f', '\x90', '\x91', '\x92', '\x93',
     	 '\x94', '\x95', '\x96', '\x97', '\x98', '\x99', '\x9a', '\x9b', '\x9c',
     	 '\x9d', '\x9e', '\x9f', '\xa0', '¡', '¢', '£', '¤', '¥', '¦', '§', '¨',
     	 '©', 'ª', '«', '¬', '\xad', '®', '¯', '°']
45.48	--GTR: ambiguous character: ±
45.48	----GTR: no gap symbol!
45.48	---GTR: init with dummy values!

45.48	-GTR: model inference
45.48	---GTR inference iteration 0 change: 0.0944911182523068
45.48	---GTR inference iteration 1 change: 0.01894175703819441
45.49	---GTR inference iteration 2 change: 0.016399012593833626
45.49	---GTR inference iteration 3 change: 0.0044494661083045286
45.49	---GTR inference iteration 4 change: 0.001041172059004227
45.49	---GTR inference iteration 5 change: 0.0008314858623924016
45.49	---GTR inference iteration 6 change: 0.00024805750562278137
45.49	---GTR inference iteration 7 change: 3.182530541718474e-05
45.49	---GTR inference iteration 8 change: 4.0404867229522584e-05
45.49	---GTR inference iteration 9 change: 1.317274377371063e-05
45.50	---Attaching sequence profiles to leafs...
45.51	---Postorder: computing likelihoods...
46.01	---Computing root node sequence and total tree likelihood...
46.01	---Attaching sequence profiles to leafs...
46.02	---Postorder: computing likelihoods...
46.51	---Computing root node sequence and total tree likelihood...
46.52	---Attaching sequence profiles to leafs...
46.52	---Postorder: computing likelihoods...
47.49	---Computing root node sequence and total tree likelihood...
47.49	---Attaching sequence profiles to leafs...
47.50	---Postorder: computing likelihoods...
47.99	---Computing root node sequence and total tree likelihood...
48.00	---Attaching sequence profiles to leafs...
48.00	---Postorder: computing likelihoods...
49.58	---Computing root node sequence and total tree likelihood...
49.58	---Attaching sequence profiles to leafs...
49.59	---Postorder: computing likelihoods...
50.19	---Computing root node sequence and total tree likelihood...
50.19	---Attaching sequence profiles to leafs...
50.20	---Postorder: computing likelihoods...
50.71	---Computing root node sequence and total tree likelihood...
50.72	---Attaching sequence profiles to leafs...
50.72	---Postorder: computing likelihoods...
51.21	---Computing root node sequence and total tree likelihood...
51.21	---Attaching sequence profiles to leafs...
51.22	---Postorder: computing likelihoods...
51.73	---Computing root node sequence and total tree likelihood...
51.73	---Attaching sequence profiles to leafs...
51.74	---Postorder: computing likelihoods...
52.24	---Computing root node sequence and total tree likelihood...
52.25	---Attaching sequence profiles to leafs...
52.26	---Postorder: computing likelihoods...
52.75	---Computing root node sequence and total tree likelihood...
52.76	---Attaching sequence profiles to leafs...
52.77	---Postorder: computing likelihoods...
53.25	---Computing root node sequence and total tree likelihood...
53.26	---Attaching sequence profiles to leafs...
53.26	---Postorder: computing likelihoods...
53.76	---Computing root node sequence and total tree likelihood...
53.77	---Attaching sequence profiles to leafs...
53.77	---Postorder: computing likelihoods...
54.29	---Computing root node sequence and total tree likelihood...
54.30	---Attaching sequence profiles to leafs...
54.30	---Postorder: computing likelihoods...
54.80	---Computing root node sequence and total tree likelihood...
54.80	---Attaching sequence profiles to leafs...
54.81	---Postorder: computing likelihoods...
55.31	---Computing root node sequence and total tree likelihood...
55.31	---Attaching sequence profiles to leafs...
55.32	---Postorder: computing likelihoods...
55.82	---Computing root node sequence and total tree likelihood...
55.83	---Attaching sequence profiles to leafs...
55.83	---Postorder: computing likelihoods...
56.32	---Computing root node sequence and total tree likelihood...
56.32	---Attaching sequence profiles to leafs...
56.33	---Postorder: computing likelihoods...
56.83	---Computing root node sequence and total tree likelihood...
56.83	---Attaching sequence profiles to leafs...
56.84	---Postorder: computing likelihoods...
57.33	---Computing root node sequence and total tree likelihood...
57.34	---Attaching sequence profiles to leafs...
57.35	---Postorder: computing likelihoods...
57.84	---Computing root node sequence and total tree likelihood...
57.84	---Attaching sequence profiles to leafs...
57.85	---Postorder: computing likelihoods...
58.49	---Computing root node sequence and total tree likelihood...
58.49	---Attaching sequence profiles to leafs...
58.50	---Postorder: computing likelihoods...
58.99	---Computing root node sequence and total tree likelihood...
58.99	---Attaching sequence profiles to leafs...
59.00	---Postorder: computing likelihoods...
59.49	---Computing root node sequence and total tree likelihood...
59.49	---Attaching sequence profiles to leafs...
59.50	---Postorder: computing likelihoods...
59.99	---Computing root node sequence and total tree likelihood...
59.99	---Attaching sequence profiles to leafs...
60.00	---Postorder: computing likelihoods...
60.49	---Computing root node sequence and total tree likelihood...
60.50	---Attaching sequence profiles to leafs...
60.50	---Postorder: computing likelihoods...
61.00	---Computing root node sequence and total tree likelihood...
61.01	---Attaching sequence profiles to leafs...
61.01	---Postorder: computing likelihoods...
61.60	---Computing root node sequence and total tree likelihood...
61.60	---Attaching sequence profiles to leafs...
61.61	---Postorder: computing likelihoods...
62.13	---Computing root node sequence and total tree likelihood...

62.13	-treeanc:optimize_gtr_rate: optimization successful. Overall rate
     	 estimated to be 0.004194
62.13	--TreeAnc.infer_gtr: counting mutations...
62.91	---TreeAnc.infer_gtr: counting mutations...done

62.92	-GTR: with alphabet: ['A', 'B', 'C', 'D', 'E', 'F', 'G', 'H', 'I', 'J',
     	 'K', 'L', 'M', 'N', 'O', 'P', 'Q', 'R', 'S', 'T', 'U', 'V', 'W', 'X',
     	 'Y', 'Z', '[', '\\', ']', '^', '_', '`', 'a', 'b', 'c', 'd', 'e', 'f',
     	 'g', 'h', 'i', 'j', 'k', 'l', 'm', 'n', 'o', 'p', 'q', 'r', 's', 't',
     	 'u', 'v', 'w', 'x', 'y', 'z', '{', '|', '}', '~', '\x7f', '\x80', '\x81',
     	 '\x82', '\x83', '\x84', '\x85', '\x86', '\x87', '\x88', '\x89', '\x8a',
     	 '\x8b', '\x8c', '\x8d', '\x8e', '\x8f', '\x90', '\x91', '\x92', '\x93',
     	 '\x94', '\x95', '\x96', '\x97', '\x98', '\x99', '\x9a', '\x9b', '\x9c',
     	 '\x9d', '\x9e', '\x9f', '\xa0', '¡', '¢', '£', '¤', '¥', '¦', '§', '¨',
     	 '©', 'ª', '«', '¬', '\xad', '®', '¯', '°']
62.92	--GTR: ambiguous character: ±
62.92	----GTR: no gap symbol!
62.92	---GTR: init with dummy values!

62.92	-GTR: model inference
62.92	---GTR inference iteration 0 change: 0.0944911182523068
62.94	---GTR inference iteration 1 change: 0.018942263662559855
62.94	---GTR inference iteration 2 change: 0.016398954828480743
62.94	---GTR inference iteration 3 change: 0.004450187632333976
62.94	---GTR inference iteration 4 change: 0.0010416179487325442
62.94	---GTR inference iteration 5 change: 0.0008314784589649695
62.94	---GTR inference iteration 6 change: 0.000248138888993056
62.94	---GTR inference iteration 7 change: 3.181903226043593e-05
62.94	---GTR inference iteration 8 change: 4.038686063837437e-05
62.94	---GTR inference iteration 9 change: 1.3175292465177966e-05
62.96	---Attaching sequence profiles to leafs...
62.97	---Postorder: computing likelihoods...
63.47	---Computing root node sequence and total tree likelihood...
63.47	---Attaching sequence profiles to leafs...
63.48	---Postorder: computing likelihoods...
63.97	---Computing root node sequence and total tree likelihood...
63.98	---Attaching sequence profiles to leafs...
63.98	---Postorder: computing likelihoods...
64.93	---Computing root node sequence and total tree likelihood...
64.93	---Attaching sequence profiles to leafs...
64.94	---Postorder: computing likelihoods...
65.46	---Computing root node sequence and total tree likelihood...
65.46	---Attaching sequence profiles to leafs...
65.47	---Postorder: computing likelihoods...
66.66	---Computing root node sequence and total tree likelihood...
66.66	---Attaching sequence profiles to leafs...
66.67	---Postorder: computing likelihoods...
67.24	---Computing root node sequence and total tree likelihood...
67.25	---Attaching sequence profiles to leafs...
67.26	---Postorder: computing likelihoods...
67.77	---Computing root node sequence and total tree likelihood...
67.77	---Attaching sequence profiles to leafs...
67.78	---Postorder: computing likelihoods...
68.27	---Computing root node sequence and total tree likelihood...
68.27	---Attaching sequence profiles to leafs...
68.28	---Postorder: computing likelihoods...
68.77	---Computing root node sequence and total tree likelihood...
68.77	---Attaching sequence profiles to leafs...
68.78	---Postorder: computing likelihoods...
69.30	---Computing root node sequence and total tree likelihood...
69.30	---Attaching sequence profiles to leafs...
69.31	---Postorder: computing likelihoods...
69.92	---Computing root node sequence and total tree likelihood...
69.92	---Attaching sequence profiles to leafs...
69.93	---Postorder: computing likelihoods...
70.42	---Computing root node sequence and total tree likelihood...
70.43	---Attaching sequence profiles to leafs...
70.43	---Postorder: computing likelihoods...
70.92	---Computing root node sequence and total tree likelihood...
70.93	---Attaching sequence profiles to leafs...
70.93	---Postorder: computing likelihoods...
71.42	---Computing root node sequence and total tree likelihood...
71.43	---Attaching sequence profiles to leafs...
71.44	---Postorder: computing likelihoods...
71.93	---Computing root node sequence and total tree likelihood...
71.94	---Attaching sequence profiles to leafs...
71.95	---Postorder: computing likelihoods...
72.44	---Computing root node sequence and total tree likelihood...
72.44	---Attaching sequence profiles to leafs...
72.45	---Postorder: computing likelihoods...
72.94	---Computing root node sequence and total tree likelihood...
72.94	---Attaching sequence profiles to leafs...
72.95	---Postorder: computing likelihoods...
73.44	---Computing root node sequence and total tree likelihood...
73.44	---Attaching sequence profiles to leafs...
73.45	---Postorder: computing likelihoods...
73.94	---Computing root node sequence and total tree likelihood...
73.95	---Attaching sequence profiles to leafs...
73.95	---Postorder: computing likelihoods...
74.45	---Computing root node sequence and total tree likelihood...
74.45	---Attaching sequence profiles to leafs...
74.46	---Postorder: computing likelihoods...
74.94	---Computing root node sequence and total tree likelihood...
74.95	---Attaching sequence profiles to leafs...
74.95	---Postorder: computing likelihoods...
75.45	---Computing root node sequence and total tree likelihood...
75.45	---Attaching sequence profiles to leafs...
75.46	---Postorder: computing likelihoods...
76.20	---Computing root node sequence and total tree likelihood...
76.20	---Attaching sequence profiles to leafs...
76.21	---Postorder: computing likelihoods...
76.71	---Computing root node sequence and total tree likelihood...

76.71	-treeanc:optimize_gtr_rate: optimization successful. Overall rate
     	 estimated to be 0.004194
76.71	--TreeAnc.infer_gtr: counting mutations...
77.50	---TreeAnc.infer_gtr: counting mutations...done

77.50	-GTR: with alphabet: ['A', 'B', 'C', 'D', 'E', 'F', 'G', 'H', 'I', 'J',
     	 'K', 'L', 'M', 'N', 'O', 'P', 'Q', 'R', 'S', 'T', 'U', 'V', 'W', 'X',
     	 'Y', 'Z', '[', '\\', ']', '^', '_', '`', 'a', 'b', 'c', 'd', 'e', 'f',
     	 'g', 'h', 'i', 'j', 'k', 'l', 'm', 'n', 'o', 'p', 'q', 'r', 's', 't',
     	 'u', 'v', 'w', 'x', 'y', 'z', '{', '|', '}', '~', '\x7f', '\x80', '\x81',
     	 '\x82', '\x83', '\x84', '\x85', '\x86', '\x87', '\x88', '\x89', '\x8a',
     	 '\x8b', '\x8c', '\x8d', '\x8e', '\x8f', '\x90', '\x91', '\x92', '\x93',
     	 '\x94', '\x95', '\x96', '\x97', '\x98', '\x99', '\x9a', '\x9b', '\x9c',
     	 '\x9d', '\x9e', '\x9f', '\xa0', '¡', '¢', '£', '¤', '¥', '¦', '§', '¨',
     	 '©', 'ª', '«', '¬', '\xad', '®', '¯', '°']
77.50	--GTR: ambiguous character: ±
77.50	----GTR: no gap symbol!
77.50	---GTR: init with dummy values!

77.51	-GTR: model inference
77.51	---GTR inference iteration 0 change: 0.0944911182523068
77.51	---GTR inference iteration 1 change: 0.018943534960839146
77.51	---GTR inference iteration 2 change: 0.016400044807168633
77.51	---GTR inference iteration 3 change: 0.004450363422064409
77.51	---GTR inference iteration 4 change: 0.0010415821600772593
77.51	---GTR inference iteration 5 change: 0.0008315820225715895
77.51	---GTR inference iteration 6 change: 0.00024815737701706014
77.51	---GTR inference iteration 7 change: 3.182449966206109e-05
77.51	---GTR inference iteration 8 change: 4.039911573195114e-05
77.51	---GTR inference iteration 9 change: 1.317761573849203e-05
77.52	---Attaching sequence profiles to leafs...
77.53	---Postorder: computing likelihoods...
78.06	---Computing root node sequence and total tree likelihood...
78.07	---Attaching sequence profiles to leafs...
78.07	---Postorder: computing likelihoods...
78.56	---Computing root node sequence and total tree likelihood...
78.57	---Attaching sequence profiles to leafs...
78.57	---Postorder: computing likelihoods...
79.54	---Computing root node sequence and total tree likelihood...
79.55	---Attaching sequence profiles to leafs...
79.55	---Postorder: computing likelihoods...
80.06	---Computing root node sequence and total tree likelihood...
80.07	---Attaching sequence profiles to leafs...
80.07	---Postorder: computing likelihoods...
81.32	---Computing root node sequence and total tree likelihood...
81.33	---Attaching sequence profiles to leafs...
81.33	---Postorder: computing likelihoods...
81.91	---Computing root node sequence and total tree likelihood...
81.91	---Attaching sequence profiles to leafs...
81.92	---Postorder: computing likelihoods...
82.42	---Computing root node sequence and total tree likelihood...
82.42	---Attaching sequence profiles to leafs...
82.43	---Postorder: computing likelihoods...
82.92	---Computing root node sequence and total tree likelihood...
82.93	---Attaching sequence profiles to leafs...
82.94	---Postorder: computing likelihoods...
83.43	---Computing root node sequence and total tree likelihood...
83.43	---Attaching sequence profiles to leafs...
83.44	---Postorder: computing likelihoods...
83.93	---Computing root node sequence and total tree likelihood...
83.93	---Attaching sequence profiles to leafs...
83.94	---Postorder: computing likelihoods...
84.48	---Computing root node sequence and total tree likelihood...
84.48	---Attaching sequence profiles to leafs...
84.49	---Postorder: computing likelihoods...
84.98	---Computing root node sequence and total tree likelihood...
84.98	---Attaching sequence profiles to leafs...
84.99	---Postorder: computing likelihoods...
85.50	---Computing root node sequence and total tree likelihood...
85.51	---Attaching sequence profiles to leafs...
85.52	---Postorder: computing likelihoods...
86.01	---Computing root node sequence and total tree likelihood...
86.01	---Attaching sequence profiles to leafs...
86.02	---Postorder: computing likelihoods...
86.51	---Computing root node sequence and total tree likelihood...
86.52	---Attaching sequence profiles to leafs...
86.53	---Postorder: computing likelihoods...
87.02	---Computing root node sequence and total tree likelihood...
87.03	---Attaching sequence profiles to leafs...
87.04	---Postorder: computing likelihoods...
87.53	---Computing root node sequence and total tree likelihood...
87.53	---Attaching sequence profiles to leafs...
87.54	---Postorder: computing likelihoods...
88.07	---Computing root node sequence and total tree likelihood...
88.07	---Attaching sequence profiles to leafs...
88.08	---Postorder: computing likelihoods...
88.57	---Computing root node sequence and total tree likelihood...
88.58	---Attaching sequence profiles to leafs...
88.59	---Postorder: computing likelihoods...
89.08	---Computing root node sequence and total tree likelihood...
89.08	---Attaching sequence profiles to leafs...
89.09	---Postorder: computing likelihoods...
89.59	---Computing root node sequence and total tree likelihood...
89.60	---Attaching sequence profiles to leafs...
89.61	---Postorder: computing likelihoods...
90.11	---Computing root node sequence and total tree likelihood...

90.11	-treeanc:optimize_gtr_rate: optimization successful. Overall rate
     	 estimated to be 0.004194

90.11	-TreeAnc.infer_ancestral_sequences with method: probabilistic, marginal
90.11	--TreeAnc._ml_anc_marginal: type of reconstruction: Marginal
90.11	---Attaching sequence profiles to leafs...
90.12	---Postorder: computing likelihoods...
90.61	---Computing root node sequence and total tree likelihood...
90.61	---Preorder: computing marginal profiles...
91.23	---TreeAnc._ml_anc_marginal: ...done
NOTE: previous versions (<0.7.0) of this command made a 'short-branch
length assumption. TreeTime now optimizes the overall rate numerically
and thus allows for long branches along which multiple changes
accumulated. This is expected to affect estimates of the overall rate
while leaving the relative rates mostly unchanged.

Completed mugration model inference of attribute 'province' for lsd.filter.nwk

Saved inferred mugration model as: ./GTR.txt
Saved table with ancestral state confidences as: ./confidence.csv
Saved annotated tree as: ./annotated_tree.nexus
---Done!

