Using column 'sample' as taxon name. This needs to match the taxa in the tree!

0.00	-TreeAnc: set-up
Assigned discrete traits to 600 out of 601 taxa.


0.37	-SequenceData: loaded alignment.

0.37	-SeqData: making compressed alignment...

0.37	-SequenceData: constructed compressed alignment...

0.41	-TreeAnc.infer_ancestral_sequences with method: ml, marginal
0.41	--TreeAnc._ml_anc_marginal: type of reconstruction: Marginal
0.41	---Attaching sequence profiles to leafs...
0.42	---Postorder: computing likelihoods...
0.61	---Computing root node sequence and total tree likelihood...
0.61	---Preorder: computing marginal profiles...
0.80	---TreeAnc._ml_anc_marginal: ...done
0.84	--TreeAnc.infer_gtr: counting mutations...
1.15	---TreeAnc.infer_gtr: counting mutations...done

1.15	-GTR: with alphabet: ['A', 'B', 'C', 'D', 'E', 'F', 'G', 'H', 'I', 'J',
    	 'K', 'L', 'M', 'N', 'O', 'P', 'Q', 'R', 'S', 'T', 'U', 'V', 'W', 'X', 'Y',
    	 'Z', '[', '\\', ']', '^', '_', '`', 'a', 'b', 'c', 'd', 'e', 'f', 'g']
1.15	--GTR: ambiguous character: h
1.15	----GTR: no gap symbol!
1.15	---GTR: init with dummy values!

1.15	-GTR: model inference
1.15	---GTR inference iteration 0 change: 0.16012815380508713
1.15	---GTR inference iteration 1 change: 0.10667821200698567
1.15	---GTR inference iteration 2 change: 0.05843569136776761
1.15	---GTR inference iteration 3 change: 0.03268190912709809
1.15	---GTR inference iteration 4 change: 0.019986471269412134
1.15	---GTR inference iteration 5 change: 0.013075033500562324
1.15	---GTR inference iteration 6 change: 0.008875497304479335
1.15	---GTR inference iteration 7 change: 0.006125343242015234
1.15	---GTR inference iteration 8 change: 0.004253281324237988
1.16	---GTR inference iteration 9 change: 0.002957718250980718
1.16	---GTR inference iteration 10 change: 0.0020560121848687434
1.16	---GTR inference iteration 11 change: 0.0014277982055378457
1.16	---GTR inference iteration 12 change: 0.0009904697400162019
1.16	---GTR inference iteration 13 change: 0.0006864279083499923
1.16	---GTR inference iteration 14 change: 0.0004753340414810381
1.16	---GTR inference iteration 15 change: 0.00032894565353630534
1.16	---GTR inference iteration 16 change: 0.00022752686031580542
1.16	---GTR inference iteration 17 change: 0.00015731689817209278
1.16	---GTR inference iteration 18 change: 0.00010874081135414615
1.16	---GTR inference iteration 19 change: 7.514767003691769e-05
1.16	---GTR inference iteration 20 change: 5.1923999550072415e-05
1.16	---GTR inference iteration 21 change: 3.587306932138961e-05
1.16	---GTR inference iteration 22 change: 2.4781657315180068e-05
1.16	---GTR inference iteration 23 change: 1.7118423654055543e-05
1.16	---GTR inference iteration 24 change: 1.18243263956197e-05
1.16	--TreeAnc._ml_anc_marginal: type of reconstruction: Marginal
1.16	---Attaching sequence profiles to leafs...
1.17	---Postorder: computing likelihoods...
1.35	---Computing root node sequence and total tree likelihood...
1.35	---Preorder: computing marginal profiles...
1.63	---TreeAnc._ml_anc_marginal: ...done
1.67	---Attaching sequence profiles to leafs...
1.68	---Postorder: computing likelihoods...
1.86	---Computing root node sequence and total tree likelihood...
1.86	---Attaching sequence profiles to leafs...
1.87	---Postorder: computing likelihoods...
2.04	---Computing root node sequence and total tree likelihood...
2.04	---Attaching sequence profiles to leafs...
2.05	---Postorder: computing likelihoods...
2.27	---Computing root node sequence and total tree likelihood...
2.27	---Attaching sequence profiles to leafs...
2.27	---Postorder: computing likelihoods...
2.45	---Computing root node sequence and total tree likelihood...
2.46	---Attaching sequence profiles to leafs...
2.46	---Postorder: computing likelihoods...
2.72	---Computing root node sequence and total tree likelihood...
2.73	---Attaching sequence profiles to leafs...
2.73	---Postorder: computing likelihoods...
2.96	---Computing root node sequence and total tree likelihood...
2.97	---Attaching sequence profiles to leafs...
2.97	---Postorder: computing likelihoods...
3.15	---Computing root node sequence and total tree likelihood...
3.15	---Attaching sequence profiles to leafs...
3.16	---Postorder: computing likelihoods...
3.33	---Computing root node sequence and total tree likelihood...
3.34	---Attaching sequence profiles to leafs...
3.35	---Postorder: computing likelihoods...
3.54	---Computing root node sequence and total tree likelihood...
3.54	---Attaching sequence profiles to leafs...
3.54	---Postorder: computing likelihoods...
3.72	---Computing root node sequence and total tree likelihood...
3.72	---Attaching sequence profiles to leafs...
3.73	---Postorder: computing likelihoods...
3.91	---Computing root node sequence and total tree likelihood...
3.91	---Attaching sequence profiles to leafs...
3.92	---Postorder: computing likelihoods...
4.10	---Computing root node sequence and total tree likelihood...
4.10	---Attaching sequence profiles to leafs...
4.11	---Postorder: computing likelihoods...
4.29	---Computing root node sequence and total tree likelihood...
4.29	---Attaching sequence profiles to leafs...
4.29	---Postorder: computing likelihoods...
4.47	---Computing root node sequence and total tree likelihood...
4.47	---Attaching sequence profiles to leafs...
4.48	---Postorder: computing likelihoods...
4.66	---Computing root node sequence and total tree likelihood...
4.66	---Attaching sequence profiles to leafs...
4.67	---Postorder: computing likelihoods...
4.85	---Computing root node sequence and total tree likelihood...
4.85	---Attaching sequence profiles to leafs...
4.86	---Postorder: computing likelihoods...
5.04	---Computing root node sequence and total tree likelihood...
5.04	---Attaching sequence profiles to leafs...
5.04	---Postorder: computing likelihoods...
5.22	---Computing root node sequence and total tree likelihood...
5.22	---Attaching sequence profiles to leafs...
5.23	---Postorder: computing likelihoods...
5.41	---Computing root node sequence and total tree likelihood...
5.41	---Attaching sequence profiles to leafs...
5.42	---Postorder: computing likelihoods...
5.60	---Computing root node sequence and total tree likelihood...
5.60	---Attaching sequence profiles to leafs...
5.61	---Postorder: computing likelihoods...
5.79	---Computing root node sequence and total tree likelihood...
5.79	---Attaching sequence profiles to leafs...
5.80	---Postorder: computing likelihoods...
5.98	---Computing root node sequence and total tree likelihood...
5.98	---Attaching sequence profiles to leafs...
5.99	---Postorder: computing likelihoods...
6.17	---Computing root node sequence and total tree likelihood...
6.17	---Attaching sequence profiles to leafs...
6.18	---Postorder: computing likelihoods...
6.36	---Computing root node sequence and total tree likelihood...
6.36	---Attaching sequence profiles to leafs...
6.37	---Postorder: computing likelihoods...
6.54	---Computing root node sequence and total tree likelihood...
6.55	---Attaching sequence profiles to leafs...
6.55	---Postorder: computing likelihoods...
6.73	---Computing root node sequence and total tree likelihood...
6.73	---Attaching sequence profiles to leafs...
6.74	---Postorder: computing likelihoods...
6.92	---Computing root node sequence and total tree likelihood...
6.92	---Attaching sequence profiles to leafs...
6.92	---Postorder: computing likelihoods...
7.11	---Computing root node sequence and total tree likelihood...

7.11	-treeanc:optimize_gtr_rate: optimization successful. Overall rate estimated
    	 to be 0.001404
7.11	--TreeAnc.infer_gtr: counting mutations...
7.41	---TreeAnc.infer_gtr: counting mutations...done

7.41	-GTR: with alphabet: ['A', 'B', 'C', 'D', 'E', 'F', 'G', 'H', 'I', 'J',
    	 'K', 'L', 'M', 'N', 'O', 'P', 'Q', 'R', 'S', 'T', 'U', 'V', 'W', 'X', 'Y',
    	 'Z', '[', '\\', ']', '^', '_', '`', 'a', 'b', 'c', 'd', 'e', 'f', 'g']
7.41	--GTR: ambiguous character: h
7.41	----GTR: no gap symbol!
7.41	---GTR: init with dummy values!

7.41	-GTR: model inference
7.41	---GTR inference iteration 0 change: 0.16012815380508713
7.41	---GTR inference iteration 1 change: 0.04920878595347384
7.41	---GTR inference iteration 2 change: 0.06569792384880846
7.42	---GTR inference iteration 3 change: 0.0322352162139407
7.42	---GTR inference iteration 4 change: 0.008163377420467768
7.42	---GTR inference iteration 5 change: 0.005840387103272574
7.42	---GTR inference iteration 6 change: 0.0058543330383095775
7.42	---GTR inference iteration 7 change: 0.0027105763866241794
7.42	---GTR inference iteration 8 change: 0.0003572321935793868
7.42	---GTR inference iteration 9 change: 0.0007037468157347642
7.42	---GTR inference iteration 10 change: 0.000523236750994703
7.42	---GTR inference iteration 11 change: 0.00015513872547624327
7.42	---GTR inference iteration 12 change: 7.075022019195317e-05
7.42	---GTR inference iteration 13 change: 9.221191574004903e-05
7.42	---GTR inference iteration 14 change: 4.6414094288267853e-05
7.43	---Attaching sequence profiles to leafs...
7.44	---Postorder: computing likelihoods...
7.62	---Computing root node sequence and total tree likelihood...
7.62	---Attaching sequence profiles to leafs...
7.63	---Postorder: computing likelihoods...
7.80	---Computing root node sequence and total tree likelihood...
7.81	---Attaching sequence profiles to leafs...
7.81	---Postorder: computing likelihoods...
8.06	---Computing root node sequence and total tree likelihood...
8.06	---Attaching sequence profiles to leafs...
8.07	---Postorder: computing likelihoods...
8.24	---Computing root node sequence and total tree likelihood...
8.25	---Attaching sequence profiles to leafs...
8.25	---Postorder: computing likelihoods...
8.52	---Computing root node sequence and total tree likelihood...
8.52	---Attaching sequence profiles to leafs...
8.53	---Postorder: computing likelihoods...
8.73	---Computing root node sequence and total tree likelihood...
8.73	---Attaching sequence profiles to leafs...
8.73	---Postorder: computing likelihoods...
8.92	---Computing root node sequence and total tree likelihood...
8.92	---Attaching sequence profiles to leafs...
8.93	---Postorder: computing likelihoods...
9.11	---Computing root node sequence and total tree likelihood...
9.11	---Attaching sequence profiles to leafs...
9.12	---Postorder: computing likelihoods...
9.29	---Computing root node sequence and total tree likelihood...
9.30	---Attaching sequence profiles to leafs...
9.30	---Postorder: computing likelihoods...
9.48	---Computing root node sequence and total tree likelihood...
9.48	---Attaching sequence profiles to leafs...
9.49	---Postorder: computing likelihoods...
9.67	---Computing root node sequence and total tree likelihood...
9.67	---Attaching sequence profiles to leafs...
9.68	---Postorder: computing likelihoods...
9.87	---Computing root node sequence and total tree likelihood...
9.88	---Attaching sequence profiles to leafs...
9.90	---Postorder: computing likelihoods...
10.15	---Computing root node sequence and total tree likelihood...
10.15	---Attaching sequence profiles to leafs...
10.16	---Postorder: computing likelihoods...
10.34	---Computing root node sequence and total tree likelihood...
10.34	---Attaching sequence profiles to leafs...
10.35	---Postorder: computing likelihoods...
10.53	---Computing root node sequence and total tree likelihood...
10.53	---Attaching sequence profiles to leafs...
10.54	---Postorder: computing likelihoods...
10.71	---Computing root node sequence and total tree likelihood...
10.71	---Attaching sequence profiles to leafs...
10.72	---Postorder: computing likelihoods...
10.91	---Computing root node sequence and total tree likelihood...
10.92	---Attaching sequence profiles to leafs...
10.92	---Postorder: computing likelihoods...
11.11	---Computing root node sequence and total tree likelihood...
11.11	---Attaching sequence profiles to leafs...
11.11	---Postorder: computing likelihoods...
11.29	---Computing root node sequence and total tree likelihood...
11.29	---Attaching sequence profiles to leafs...
11.30	---Postorder: computing likelihoods...
11.48	---Computing root node sequence and total tree likelihood...
11.48	---Attaching sequence profiles to leafs...
11.49	---Postorder: computing likelihoods...
11.67	---Computing root node sequence and total tree likelihood...
11.67	---Attaching sequence profiles to leafs...
11.67	---Postorder: computing likelihoods...
11.86	---Computing root node sequence and total tree likelihood...

11.86	-treeanc:optimize_gtr_rate: optimization successful. Overall rate
     	 estimated to be 0.003495
11.86	--TreeAnc.infer_gtr: counting mutations...
12.16	---TreeAnc.infer_gtr: counting mutations...done

12.16	-GTR: with alphabet: ['A', 'B', 'C', 'D', 'E', 'F', 'G', 'H', 'I', 'J',
     	 'K', 'L', 'M', 'N', 'O', 'P', 'Q', 'R', 'S', 'T', 'U', 'V', 'W', 'X',
     	 'Y', 'Z', '[', '\\', ']', '^', '_', '`', 'a', 'b', 'c', 'd', 'e', 'f',
     	 'g']
12.16	--GTR: ambiguous character: h
12.16	----GTR: no gap symbol!
12.16	---GTR: init with dummy values!

12.17	-GTR: model inference
12.17	---GTR inference iteration 0 change: 0.16012815380508713
12.17	---GTR inference iteration 1 change: 0.046789704907423395
12.17	---GTR inference iteration 2 change: 0.06609699531294412
12.17	---GTR inference iteration 3 change: 0.03266453039246634
12.17	---GTR inference iteration 4 change: 0.00810936590618262
12.17	---GTR inference iteration 5 change: 0.00631525033430977
12.17	---GTR inference iteration 6 change: 0.006113402548135567
12.17	---GTR inference iteration 7 change: 0.002696828128282677
12.17	---GTR inference iteration 8 change: 0.00033449530696073935
12.17	---GTR inference iteration 9 change: 0.0007818703442786122
12.17	---GTR inference iteration 10 change: 0.0005376976700120675
12.17	---GTR inference iteration 11 change: 0.00013835529998309164
12.17	---GTR inference iteration 12 change: 8.935622671261327e-05
12.17	---GTR inference iteration 13 change: 9.981064817116807e-05
12.17	---GTR inference iteration 14 change: 4.488999510194382e-05
12.17	---Attaching sequence profiles to leafs...
12.18	---Postorder: computing likelihoods...
12.36	---Computing root node sequence and total tree likelihood...
12.36	---Attaching sequence profiles to leafs...
12.37	---Postorder: computing likelihoods...
12.54	---Computing root node sequence and total tree likelihood...
12.55	---Attaching sequence profiles to leafs...
12.55	---Postorder: computing likelihoods...
12.80	---Computing root node sequence and total tree likelihood...
12.80	---Attaching sequence profiles to leafs...
12.81	---Postorder: computing likelihoods...
12.98	---Computing root node sequence and total tree likelihood...
12.99	---Attaching sequence profiles to leafs...
12.99	---Postorder: computing likelihoods...
13.28	---Computing root node sequence and total tree likelihood...
13.28	---Attaching sequence profiles to leafs...
13.29	---Postorder: computing likelihoods...
13.49	---Computing root node sequence and total tree likelihood...
13.49	---Attaching sequence profiles to leafs...
13.50	---Postorder: computing likelihoods...
13.68	---Computing root node sequence and total tree likelihood...
13.68	---Attaching sequence profiles to leafs...
13.69	---Postorder: computing likelihoods...
13.87	---Computing root node sequence and total tree likelihood...
13.87	---Attaching sequence profiles to leafs...
13.88	---Postorder: computing likelihoods...
14.06	---Computing root node sequence and total tree likelihood...
14.06	---Attaching sequence profiles to leafs...
14.07	---Postorder: computing likelihoods...
14.24	---Computing root node sequence and total tree likelihood...
14.24	---Attaching sequence profiles to leafs...
14.25	---Postorder: computing likelihoods...
14.43	---Computing root node sequence and total tree likelihood...
14.43	---Attaching sequence profiles to leafs...
14.44	---Postorder: computing likelihoods...
14.62	---Computing root node sequence and total tree likelihood...
14.62	---Attaching sequence profiles to leafs...
14.62	---Postorder: computing likelihoods...
14.81	---Computing root node sequence and total tree likelihood...
14.81	---Attaching sequence profiles to leafs...
14.81	---Postorder: computing likelihoods...
14.99	---Computing root node sequence and total tree likelihood...
14.99	---Attaching sequence profiles to leafs...
15.00	---Postorder: computing likelihoods...
15.18	---Computing root node sequence and total tree likelihood...
15.18	---Attaching sequence profiles to leafs...
15.19	---Postorder: computing likelihoods...
15.37	---Computing root node sequence and total tree likelihood...
15.37	---Attaching sequence profiles to leafs...
15.38	---Postorder: computing likelihoods...
15.56	---Computing root node sequence and total tree likelihood...
15.56	---Attaching sequence profiles to leafs...
15.57	---Postorder: computing likelihoods...
15.74	---Computing root node sequence and total tree likelihood...
15.75	---Attaching sequence profiles to leafs...
15.75	---Postorder: computing likelihoods...
15.94	---Computing root node sequence and total tree likelihood...
15.94	---Attaching sequence profiles to leafs...
15.95	---Postorder: computing likelihoods...
16.12	---Computing root node sequence and total tree likelihood...
16.12	---Attaching sequence profiles to leafs...
16.13	---Postorder: computing likelihoods...
16.32	---Computing root node sequence and total tree likelihood...

16.32	-treeanc:optimize_gtr_rate: optimization successful. Overall rate
     	 estimated to be 0.003588
16.32	--TreeAnc.infer_gtr: counting mutations...
16.67	---TreeAnc.infer_gtr: counting mutations...done

16.67	-GTR: with alphabet: ['A', 'B', 'C', 'D', 'E', 'F', 'G', 'H', 'I', 'J',
     	 'K', 'L', 'M', 'N', 'O', 'P', 'Q', 'R', 'S', 'T', 'U', 'V', 'W', 'X',
     	 'Y', 'Z', '[', '\\', ']', '^', '_', '`', 'a', 'b', 'c', 'd', 'e', 'f',
     	 'g']
16.67	--GTR: ambiguous character: h
16.67	----GTR: no gap symbol!
16.67	---GTR: init with dummy values!

16.67	-GTR: model inference
16.67	---GTR inference iteration 0 change: 0.16012815380508713
16.67	---GTR inference iteration 1 change: 0.0466249277729908
16.67	---GTR inference iteration 2 change: 0.06617871002846781
16.67	---GTR inference iteration 3 change: 0.03272149964813432
16.67	---GTR inference iteration 4 change: 0.008113829109994591
16.67	---GTR inference iteration 5 change: 0.006375264591827191
16.67	---GTR inference iteration 6 change: 0.006150200033766057
16.67	---GTR inference iteration 7 change: 0.002701873391742443
16.67	---GTR inference iteration 8 change: 0.0003357653182823345
16.68	---GTR inference iteration 9 change: 0.0007912222906122983
16.68	---GTR inference iteration 10 change: 0.0005405967427059609
16.68	---GTR inference iteration 11 change: 0.00013724744668905682
16.68	---GTR inference iteration 12 change: 9.155819539595455e-05
16.68	---GTR inference iteration 13 change: 0.00010097102034368246
16.68	---GTR inference iteration 14 change: 4.495948531031788e-05
16.69	---Attaching sequence profiles to leafs...
16.70	---Postorder: computing likelihoods...
16.90	---Computing root node sequence and total tree likelihood...
16.90	---Attaching sequence profiles to leafs...
16.91	---Postorder: computing likelihoods...
17.08	---Computing root node sequence and total tree likelihood...
17.08	---Attaching sequence profiles to leafs...
17.09	---Postorder: computing likelihoods...
17.33	---Computing root node sequence and total tree likelihood...
17.33	---Attaching sequence profiles to leafs...
17.34	---Postorder: computing likelihoods...
17.52	---Computing root node sequence and total tree likelihood...
17.52	---Attaching sequence profiles to leafs...
17.53	---Postorder: computing likelihoods...
17.80	---Computing root node sequence and total tree likelihood...
17.80	---Attaching sequence profiles to leafs...
17.81	---Postorder: computing likelihoods...
18.01	---Computing root node sequence and total tree likelihood...
18.01	---Attaching sequence profiles to leafs...
18.02	---Postorder: computing likelihoods...
18.20	---Computing root node sequence and total tree likelihood...
18.20	---Attaching sequence profiles to leafs...
18.21	---Postorder: computing likelihoods...
18.39	---Computing root node sequence and total tree likelihood...
18.39	---Attaching sequence profiles to leafs...
18.40	---Postorder: computing likelihoods...
18.58	---Computing root node sequence and total tree likelihood...
18.58	---Attaching sequence profiles to leafs...
18.59	---Postorder: computing likelihoods...
18.76	---Computing root node sequence and total tree likelihood...
18.76	---Attaching sequence profiles to leafs...
18.77	---Postorder: computing likelihoods...
18.95	---Computing root node sequence and total tree likelihood...
18.95	---Attaching sequence profiles to leafs...
18.96	---Postorder: computing likelihoods...
19.13	---Computing root node sequence and total tree likelihood...
19.14	---Attaching sequence profiles to leafs...
19.14	---Postorder: computing likelihoods...
19.32	---Computing root node sequence and total tree likelihood...
19.32	---Attaching sequence profiles to leafs...
19.33	---Postorder: computing likelihoods...
19.50	---Computing root node sequence and total tree likelihood...
19.50	---Attaching sequence profiles to leafs...
19.51	---Postorder: computing likelihoods...
19.69	---Computing root node sequence and total tree likelihood...
19.69	---Attaching sequence profiles to leafs...
19.70	---Postorder: computing likelihoods...
19.88	---Computing root node sequence and total tree likelihood...
19.88	---Attaching sequence profiles to leafs...
19.89	---Postorder: computing likelihoods...
20.06	---Computing root node sequence and total tree likelihood...
20.06	---Attaching sequence profiles to leafs...
20.07	---Postorder: computing likelihoods...
20.25	---Computing root node sequence and total tree likelihood...
20.25	---Attaching sequence profiles to leafs...
20.26	---Postorder: computing likelihoods...
20.44	---Computing root node sequence and total tree likelihood...
20.44	---Attaching sequence profiles to leafs...
20.46	---Postorder: computing likelihoods...
20.63	---Computing root node sequence and total tree likelihood...
20.63	---Attaching sequence profiles to leafs...
20.64	---Postorder: computing likelihoods...
20.82	---Computing root node sequence and total tree likelihood...
20.82	---Attaching sequence profiles to leafs...
20.83	---Postorder: computing likelihoods...
21.00	---Computing root node sequence and total tree likelihood...
21.01	---Attaching sequence profiles to leafs...
21.01	---Postorder: computing likelihoods...
21.19	---Computing root node sequence and total tree likelihood...

21.19	-treeanc:optimize_gtr_rate: optimization successful. Overall rate
     	 estimated to be 0.003595
21.19	--TreeAnc.infer_gtr: counting mutations...
21.49	---TreeAnc.infer_gtr: counting mutations...done

21.49	-GTR: with alphabet: ['A', 'B', 'C', 'D', 'E', 'F', 'G', 'H', 'I', 'J',
     	 'K', 'L', 'M', 'N', 'O', 'P', 'Q', 'R', 'S', 'T', 'U', 'V', 'W', 'X',
     	 'Y', 'Z', '[', '\\', ']', '^', '_', '`', 'a', 'b', 'c', 'd', 'e', 'f',
     	 'g']
21.49	--GTR: ambiguous character: h
21.49	----GTR: no gap symbol!
21.49	---GTR: init with dummy values!

21.49	-GTR: model inference
21.50	---GTR inference iteration 0 change: 0.16012815380508713
21.50	---GTR inference iteration 1 change: 0.04662529171460081
21.50	---GTR inference iteration 2 change: 0.06619712709395797
21.50	---GTR inference iteration 3 change: 0.03272932395007167
21.50	---GTR inference iteration 4 change: 0.008112883880910974
21.50	---GTR inference iteration 5 change: 0.006383999825131708
21.50	---GTR inference iteration 6 change: 0.006154834064538057
21.50	---GTR inference iteration 7 change: 0.0027019451168942285
21.50	---GTR inference iteration 8 change: 0.0003358263991899624
21.50	---GTR inference iteration 9 change: 0.000792342411923882
21.50	---GTR inference iteration 10 change: 0.0005407715128971529
21.50	---GTR inference iteration 11 change: 0.00013698200064987933
21.50	---GTR inference iteration 12 change: 9.185267665718552e-05
21.50	---GTR inference iteration 13 change: 0.00010108586114812076
21.50	---GTR inference iteration 14 change: 4.4936021827611846e-05
21.50	---Attaching sequence profiles to leafs...
21.51	---Postorder: computing likelihoods...
21.69	---Computing root node sequence and total tree likelihood...
21.69	---Attaching sequence profiles to leafs...
21.70	---Postorder: computing likelihoods...
21.87	---Computing root node sequence and total tree likelihood...
21.87	---Attaching sequence profiles to leafs...
21.88	---Postorder: computing likelihoods...
22.13	---Computing root node sequence and total tree likelihood...
22.13	---Attaching sequence profiles to leafs...
22.14	---Postorder: computing likelihoods...
22.32	---Computing root node sequence and total tree likelihood...
22.32	---Attaching sequence profiles to leafs...
22.33	---Postorder: computing likelihoods...
22.60	---Computing root node sequence and total tree likelihood...
22.60	---Attaching sequence profiles to leafs...
22.61	---Postorder: computing likelihoods...
22.81	---Computing root node sequence and total tree likelihood...
22.81	---Attaching sequence profiles to leafs...
22.82	---Postorder: computing likelihoods...
23.00	---Computing root node sequence and total tree likelihood...
23.00	---Attaching sequence profiles to leafs...
23.01	---Postorder: computing likelihoods...
23.18	---Computing root node sequence and total tree likelihood...
23.18	---Attaching sequence profiles to leafs...
23.19	---Postorder: computing likelihoods...
23.37	---Computing root node sequence and total tree likelihood...
23.37	---Attaching sequence profiles to leafs...
23.38	---Postorder: computing likelihoods...
23.56	---Computing root node sequence and total tree likelihood...
23.56	---Attaching sequence profiles to leafs...
23.57	---Postorder: computing likelihoods...
23.75	---Computing root node sequence and total tree likelihood...
23.75	---Attaching sequence profiles to leafs...
23.76	---Postorder: computing likelihoods...
23.93	---Computing root node sequence and total tree likelihood...
23.93	---Attaching sequence profiles to leafs...
23.94	---Postorder: computing likelihoods...
24.12	---Computing root node sequence and total tree likelihood...
24.12	---Attaching sequence profiles to leafs...
24.13	---Postorder: computing likelihoods...
24.31	---Computing root node sequence and total tree likelihood...
24.31	---Attaching sequence profiles to leafs...
24.32	---Postorder: computing likelihoods...
24.50	---Computing root node sequence and total tree likelihood...
24.50	---Attaching sequence profiles to leafs...
24.50	---Postorder: computing likelihoods...
24.68	---Computing root node sequence and total tree likelihood...
24.68	---Attaching sequence profiles to leafs...
24.69	---Postorder: computing likelihoods...
24.87	---Computing root node sequence and total tree likelihood...
24.87	---Attaching sequence profiles to leafs...
24.87	---Postorder: computing likelihoods...
25.05	---Computing root node sequence and total tree likelihood...
25.05	---Attaching sequence profiles to leafs...
25.06	---Postorder: computing likelihoods...
25.24	---Computing root node sequence and total tree likelihood...
25.24	---Attaching sequence profiles to leafs...
25.25	---Postorder: computing likelihoods...
25.42	---Computing root node sequence and total tree likelihood...

25.43	-treeanc:optimize_gtr_rate: optimization successful. Overall rate
     	 estimated to be 0.003595
25.43	--TreeAnc.infer_gtr: counting mutations...
25.73	---TreeAnc.infer_gtr: counting mutations...done

25.73	-GTR: with alphabet: ['A', 'B', 'C', 'D', 'E', 'F', 'G', 'H', 'I', 'J',
     	 'K', 'L', 'M', 'N', 'O', 'P', 'Q', 'R', 'S', 'T', 'U', 'V', 'W', 'X',
     	 'Y', 'Z', '[', '\\', ']', '^', '_', '`', 'a', 'b', 'c', 'd', 'e', 'f',
     	 'g']
25.73	--GTR: ambiguous character: h
25.73	----GTR: no gap symbol!
25.73	---GTR: init with dummy values!

25.73	-GTR: model inference
25.73	---GTR inference iteration 0 change: 0.16012815380508713
25.73	---GTR inference iteration 1 change: 0.046628456190319384
25.73	---GTR inference iteration 2 change: 0.06620084814528213
25.73	---GTR inference iteration 3 change: 0.03273081859145186
25.73	---GTR inference iteration 4 change: 0.008112804859735014
25.73	---GTR inference iteration 5 change: 0.006385178129661591
25.73	---GTR inference iteration 6 change: 0.00615548375128186
25.73	---GTR inference iteration 7 change: 0.0027019672877532
25.74	---GTR inference iteration 8 change: 0.0003358273891989615
25.74	---GTR inference iteration 9 change: 0.0007924796924678466
25.74	---GTR inference iteration 10 change: 0.0005407860631866663
25.74	---GTR inference iteration 11 change: 0.00013694330047171922
25.74	---GTR inference iteration 12 change: 9.188972951104527e-05
25.74	---GTR inference iteration 13 change: 0.0001010985673092221
25.74	---GTR inference iteration 14 change: 4.493153828514994e-05
25.74	---Attaching sequence profiles to leafs...
25.75	---Postorder: computing likelihoods...
25.93	---Computing root node sequence and total tree likelihood...
25.93	---Attaching sequence profiles to leafs...
25.94	---Postorder: computing likelihoods...
26.12	---Computing root node sequence and total tree likelihood...
26.12	---Attaching sequence profiles to leafs...
26.12	---Postorder: computing likelihoods...
26.37	---Computing root node sequence and total tree likelihood...
26.37	---Attaching sequence profiles to leafs...
26.38	---Postorder: computing likelihoods...
26.56	---Computing root node sequence and total tree likelihood...
26.56	---Attaching sequence profiles to leafs...
26.56	---Postorder: computing likelihoods...
26.84	---Computing root node sequence and total tree likelihood...
26.84	---Attaching sequence profiles to leafs...
26.85	---Postorder: computing likelihoods...
27.04	---Computing root node sequence and total tree likelihood...
27.04	---Attaching sequence profiles to leafs...
27.05	---Postorder: computing likelihoods...
27.22	---Computing root node sequence and total tree likelihood...
27.23	---Attaching sequence profiles to leafs...
27.23	---Postorder: computing likelihoods...
27.42	---Computing root node sequence and total tree likelihood...
27.42	---Attaching sequence profiles to leafs...
27.43	---Postorder: computing likelihoods...
27.60	---Computing root node sequence and total tree likelihood...
27.60	---Attaching sequence profiles to leafs...
27.61	---Postorder: computing likelihoods...
27.78	---Computing root node sequence and total tree likelihood...
27.79	---Attaching sequence profiles to leafs...
27.79	---Postorder: computing likelihoods...
27.98	---Computing root node sequence and total tree likelihood...
27.98	---Attaching sequence profiles to leafs...
27.98	---Postorder: computing likelihoods...
28.17	---Computing root node sequence and total tree likelihood...
28.17	---Attaching sequence profiles to leafs...
28.18	---Postorder: computing likelihoods...
28.36	---Computing root node sequence and total tree likelihood...
28.36	---Attaching sequence profiles to leafs...
28.37	---Postorder: computing likelihoods...
28.54	---Computing root node sequence and total tree likelihood...
28.54	---Attaching sequence profiles to leafs...
28.55	---Postorder: computing likelihoods...
28.73	---Computing root node sequence and total tree likelihood...
28.73	---Attaching sequence profiles to leafs...
28.74	---Postorder: computing likelihoods...
28.92	---Computing root node sequence and total tree likelihood...
28.92	---Attaching sequence profiles to leafs...
28.93	---Postorder: computing likelihoods...
29.11	---Computing root node sequence and total tree likelihood...
29.11	---Attaching sequence profiles to leafs...
29.12	---Postorder: computing likelihoods...
29.29	---Computing root node sequence and total tree likelihood...
29.29	---Attaching sequence profiles to leafs...
29.30	---Postorder: computing likelihoods...
29.48	---Computing root node sequence and total tree likelihood...
29.49	---Attaching sequence profiles to leafs...
29.49	---Postorder: computing likelihoods...
29.67	---Computing root node sequence and total tree likelihood...
29.67	---Attaching sequence profiles to leafs...
29.68	---Postorder: computing likelihoods...
29.85	---Computing root node sequence and total tree likelihood...
29.85	---Attaching sequence profiles to leafs...
29.86	---Postorder: computing likelihoods...
30.04	---Computing root node sequence and total tree likelihood...

30.04	-treeanc:optimize_gtr_rate: optimization successful. Overall rate
     	 estimated to be 0.003595

30.04	-TreeAnc.infer_ancestral_sequences with method: probabilistic, marginal
30.04	--TreeAnc._ml_anc_marginal: type of reconstruction: Marginal
30.04	---Attaching sequence profiles to leafs...
30.06	---Postorder: computing likelihoods...
30.24	---Computing root node sequence and total tree likelihood...
30.24	---Preorder: computing marginal profiles...
30.52	---TreeAnc._ml_anc_marginal: ...done
NOTE: previous versions (<0.7.0) of this command made a 'short-branch
length assumption. TreeTime now optimizes the overall rate numerically
and thus allows for long branches along which multiple changes
accumulated. This is expected to affect estimates of the overall rate
while leaving the relative rates mostly unchanged.

Completed mugration model inference of attribute 'country' for lsd.filter.nwk

Saved inferred mugration model as: ./GTR.txt
Saved table with ancestral state confidences as: ./confidence.csv
Saved annotated tree as: ./annotated_tree.nexus
---Done!

