Using column 'sample' as taxon name. This needs to match the taxa in the tree!

0.00	-TreeAnc: set-up
Assigned discrete traits to 601 out of 601 taxa.


0.44	-SequenceData: loaded alignment.

0.44	-SeqData: making compressed alignment...

0.44	-SequenceData: constructed compressed alignment...

0.48	-TreeAnc.infer_ancestral_sequences with method: ml, marginal
0.48	--TreeAnc._ml_anc_marginal: type of reconstruction: Marginal
0.48	---Attaching sequence profiles to leafs...
0.49	---Postorder: computing likelihoods...
0.62	---Computing root node sequence and total tree likelihood...
0.62	---Preorder: computing marginal profiles...
0.78	---TreeAnc._ml_anc_marginal: ...done
0.83	--TreeAnc.infer_gtr: counting mutations...
1.09	---TreeAnc.infer_gtr: counting mutations...done

1.09	-GTR: with alphabet: ['A', 'B', 'C', 'D', 'E', 'F', 'G', 'H', 'I', 'J',
    	 'K', 'L']
1.09	--GTR: ambiguous character: M
1.09	----GTR: no gap symbol!
1.09	---GTR: init with dummy values!

1.09	-GTR: model inference
1.09	---GTR inference iteration 0 change: 0.28867513459481287
1.09	---GTR inference iteration 1 change: 0.010767556238096063
1.09	---GTR inference iteration 2 change: 1.9017509255636675e-05
1.09	--TreeAnc._ml_anc_marginal: type of reconstruction: Marginal
1.09	---Attaching sequence profiles to leafs...
1.10	---Postorder: computing likelihoods...
1.23	---Computing root node sequence and total tree likelihood...
1.23	---Preorder: computing marginal profiles...
1.56	---TreeAnc._ml_anc_marginal: ...done
1.63	---Attaching sequence profiles to leafs...
1.64	---Postorder: computing likelihoods...
1.80	---Computing root node sequence and total tree likelihood...
1.80	---Attaching sequence profiles to leafs...
1.81	---Postorder: computing likelihoods...
1.94	---Computing root node sequence and total tree likelihood...
1.94	---Attaching sequence profiles to leafs...
1.95	---Postorder: computing likelihoods...
2.09	---Computing root node sequence and total tree likelihood...
2.09	---Attaching sequence profiles to leafs...
2.10	---Postorder: computing likelihoods...
2.28	---Computing root node sequence and total tree likelihood...
2.28	---Attaching sequence profiles to leafs...
2.29	---Postorder: computing likelihoods...
2.42	---Computing root node sequence and total tree likelihood...
2.42	---Attaching sequence profiles to leafs...
2.43	---Postorder: computing likelihoods...
2.62	---Computing root node sequence and total tree likelihood...
2.62	---Attaching sequence profiles to leafs...
2.63	---Postorder: computing likelihoods...
2.78	---Computing root node sequence and total tree likelihood...
2.78	---Attaching sequence profiles to leafs...
2.79	---Postorder: computing likelihoods...
2.93	---Computing root node sequence and total tree likelihood...
2.93	---Attaching sequence profiles to leafs...
2.93	---Postorder: computing likelihoods...
3.08	---Computing root node sequence and total tree likelihood...
3.08	---Attaching sequence profiles to leafs...
3.09	---Postorder: computing likelihoods...
3.22	---Computing root node sequence and total tree likelihood...
3.23	---Attaching sequence profiles to leafs...
3.24	---Postorder: computing likelihoods...
3.38	---Computing root node sequence and total tree likelihood...
3.38	---Attaching sequence profiles to leafs...
3.38	---Postorder: computing likelihoods...
3.56	---Computing root node sequence and total tree likelihood...
3.56	---Attaching sequence profiles to leafs...
3.57	---Postorder: computing likelihoods...
3.73	---Computing root node sequence and total tree likelihood...
3.73	---Attaching sequence profiles to leafs...
3.74	---Postorder: computing likelihoods...
3.89	---Computing root node sequence and total tree likelihood...
3.89	---Attaching sequence profiles to leafs...
3.90	---Postorder: computing likelihoods...
4.05	---Computing root node sequence and total tree likelihood...
4.05	---Attaching sequence profiles to leafs...
4.05	---Postorder: computing likelihoods...
4.19	---Computing root node sequence and total tree likelihood...
4.19	---Attaching sequence profiles to leafs...
4.20	---Postorder: computing likelihoods...
4.36	---Computing root node sequence and total tree likelihood...
4.36	---Attaching sequence profiles to leafs...
4.37	---Postorder: computing likelihoods...
4.51	---Computing root node sequence and total tree likelihood...
4.51	---Attaching sequence profiles to leafs...
4.52	---Postorder: computing likelihoods...
4.66	---Computing root node sequence and total tree likelihood...
4.66	---Attaching sequence profiles to leafs...
4.67	---Postorder: computing likelihoods...
4.79	---Computing root node sequence and total tree likelihood...
4.79	---Attaching sequence profiles to leafs...
4.80	---Postorder: computing likelihoods...
4.94	---Computing root node sequence and total tree likelihood...

4.94	-treeanc:optimize_gtr_rate: optimization successful. Overall rate estimated
    	 to be 9.184982
4.94	--TreeAnc.infer_gtr: counting mutations...
5.18	---TreeAnc.infer_gtr: counting mutations...done

5.18	-GTR: with alphabet: ['A', 'B', 'C', 'D', 'E', 'F', 'G', 'H', 'I', 'J',
    	 'K', 'L']
5.18	--GTR: ambiguous character: M
5.18	----GTR: no gap symbol!
5.18	---GTR: init with dummy values!

5.18	-GTR: model inference
5.18	---GTR inference iteration 0 change: 0.28867513459481287
5.18	---GTR inference iteration 1 change: 0.010799592221704936
5.18	---GTR inference iteration 2 change: 1.923625328064085e-05
5.18	---Attaching sequence profiles to leafs...
5.19	---Postorder: computing likelihoods...
5.32	---Computing root node sequence and total tree likelihood...
5.32	---Attaching sequence profiles to leafs...
5.33	---Postorder: computing likelihoods...
5.46	---Computing root node sequence and total tree likelihood...
5.46	---Attaching sequence profiles to leafs...
5.46	---Postorder: computing likelihoods...
5.64	---Computing root node sequence and total tree likelihood...
5.64	---Attaching sequence profiles to leafs...
5.65	---Postorder: computing likelihoods...
5.83	---Computing root node sequence and total tree likelihood...
5.83	---Attaching sequence profiles to leafs...
5.84	---Postorder: computing likelihoods...
5.97	---Computing root node sequence and total tree likelihood...
5.97	---Attaching sequence profiles to leafs...
5.98	---Postorder: computing likelihoods...
6.10	---Computing root node sequence and total tree likelihood...
6.10	---Attaching sequence profiles to leafs...
6.11	---Postorder: computing likelihoods...
6.24	---Computing root node sequence and total tree likelihood...
6.24	---Attaching sequence profiles to leafs...
6.25	---Postorder: computing likelihoods...
6.37	---Computing root node sequence and total tree likelihood...
6.37	---Attaching sequence profiles to leafs...
6.38	---Postorder: computing likelihoods...
6.53	---Computing root node sequence and total tree likelihood...
6.53	---Attaching sequence profiles to leafs...
6.54	---Postorder: computing likelihoods...
6.72	---Computing root node sequence and total tree likelihood...
6.72	---Attaching sequence profiles to leafs...
6.73	---Postorder: computing likelihoods...
6.89	---Computing root node sequence and total tree likelihood...
6.89	---Attaching sequence profiles to leafs...
6.90	---Postorder: computing likelihoods...
7.04	---Computing root node sequence and total tree likelihood...
7.04	---Attaching sequence profiles to leafs...
7.05	---Postorder: computing likelihoods...
7.19	---Computing root node sequence and total tree likelihood...
7.19	---Attaching sequence profiles to leafs...
7.20	---Postorder: computing likelihoods...
7.33	---Computing root node sequence and total tree likelihood...
7.33	---Attaching sequence profiles to leafs...
7.35	---Postorder: computing likelihoods...
7.56	---Computing root node sequence and total tree likelihood...
7.56	---Attaching sequence profiles to leafs...
7.56	---Postorder: computing likelihoods...
7.70	---Computing root node sequence and total tree likelihood...
7.70	---Attaching sequence profiles to leafs...
7.71	---Postorder: computing likelihoods...
7.84	---Computing root node sequence and total tree likelihood...
7.84	---Attaching sequence profiles to leafs...
7.84	---Postorder: computing likelihoods...
7.98	---Computing root node sequence and total tree likelihood...
7.98	---Attaching sequence profiles to leafs...
7.99	---Postorder: computing likelihoods...
8.12	---Computing root node sequence and total tree likelihood...

8.12	-treeanc:optimize_gtr_rate: optimization successful. Overall rate estimated
    	 to be 9.185037
8.12	--TreeAnc.infer_gtr: counting mutations...
8.37	---TreeAnc.infer_gtr: counting mutations...done

8.37	-GTR: with alphabet: ['A', 'B', 'C', 'D', 'E', 'F', 'G', 'H', 'I', 'J',
    	 'K', 'L']
8.37	--GTR: ambiguous character: M
8.37	----GTR: no gap symbol!
8.37	---GTR: init with dummy values!

8.37	-GTR: model inference
8.37	---GTR inference iteration 0 change: 0.28867513459481287
8.37	---GTR inference iteration 1 change: 0.010799466207993732
8.37	---GTR inference iteration 2 change: 1.9266701216002735e-05
8.37	---Attaching sequence profiles to leafs...
8.38	---Postorder: computing likelihoods...
8.51	---Computing root node sequence and total tree likelihood...
8.51	---Attaching sequence profiles to leafs...
8.52	---Postorder: computing likelihoods...
8.65	---Computing root node sequence and total tree likelihood...
8.65	---Attaching sequence profiles to leafs...
8.66	---Postorder: computing likelihoods...
8.79	---Computing root node sequence and total tree likelihood...
8.79	---Attaching sequence profiles to leafs...
8.80	---Postorder: computing likelihoods...
8.93	---Computing root node sequence and total tree likelihood...
8.93	---Attaching sequence profiles to leafs...
8.93	---Postorder: computing likelihoods...
9.06	---Computing root node sequence and total tree likelihood...
9.06	---Attaching sequence profiles to leafs...
9.07	---Postorder: computing likelihoods...
9.20	---Computing root node sequence and total tree likelihood...
9.20	---Attaching sequence profiles to leafs...
9.21	---Postorder: computing likelihoods...
9.34	---Computing root node sequence and total tree likelihood...
9.34	---Attaching sequence profiles to leafs...
9.35	---Postorder: computing likelihoods...
9.49	---Computing root node sequence and total tree likelihood...
9.49	---Attaching sequence profiles to leafs...
9.50	---Postorder: computing likelihoods...
9.63	---Computing root node sequence and total tree likelihood...
9.63	---Attaching sequence profiles to leafs...
9.64	---Postorder: computing likelihoods...
9.77	---Computing root node sequence and total tree likelihood...
9.77	---Attaching sequence profiles to leafs...
9.77	---Postorder: computing likelihoods...
9.91	---Computing root node sequence and total tree likelihood...
9.91	---Attaching sequence profiles to leafs...
9.92	---Postorder: computing likelihoods...
10.05	---Computing root node sequence and total tree likelihood...
10.06	---Attaching sequence profiles to leafs...
10.06	---Postorder: computing likelihoods...
10.19	---Computing root node sequence and total tree likelihood...
10.20	---Attaching sequence profiles to leafs...
10.20	---Postorder: computing likelihoods...
10.33	---Computing root node sequence and total tree likelihood...
10.33	---Attaching sequence profiles to leafs...
10.34	---Postorder: computing likelihoods...
10.48	---Computing root node sequence and total tree likelihood...
10.48	---Attaching sequence profiles to leafs...
10.49	---Postorder: computing likelihoods...
10.62	---Computing root node sequence and total tree likelihood...
10.62	---Attaching sequence profiles to leafs...
10.62	---Postorder: computing likelihoods...
10.76	---Computing root node sequence and total tree likelihood...
10.76	---Attaching sequence profiles to leafs...
10.77	---Postorder: computing likelihoods...
10.90	---Computing root node sequence and total tree likelihood...

10.90	-treeanc:optimize_gtr_rate: optimization successful. Overall rate
     	 estimated to be 9.185097
10.90	--TreeAnc.infer_gtr: counting mutations...
11.14	---TreeAnc.infer_gtr: counting mutations...done

11.14	-GTR: with alphabet: ['A', 'B', 'C', 'D', 'E', 'F', 'G', 'H', 'I', 'J',
     	 'K', 'L']
11.14	--GTR: ambiguous character: M
11.14	----GTR: no gap symbol!
11.14	---GTR: init with dummy values!

11.14	-GTR: model inference
11.14	---GTR inference iteration 0 change: 0.28867513459481287
11.14	---GTR inference iteration 1 change: 0.01079952632580994
11.14	---GTR inference iteration 2 change: 1.92733823820834e-05
11.14	---Attaching sequence profiles to leafs...
11.15	---Postorder: computing likelihoods...
11.28	---Computing root node sequence and total tree likelihood...
11.28	---Attaching sequence profiles to leafs...
11.29	---Postorder: computing likelihoods...
11.43	---Computing root node sequence and total tree likelihood...
11.43	---Attaching sequence profiles to leafs...
11.43	---Postorder: computing likelihoods...
11.56	---Computing root node sequence and total tree likelihood...
11.56	---Attaching sequence profiles to leafs...
11.57	---Postorder: computing likelihoods...
11.70	---Computing root node sequence and total tree likelihood...
11.70	---Attaching sequence profiles to leafs...
11.71	---Postorder: computing likelihoods...
11.84	---Computing root node sequence and total tree likelihood...
11.84	---Attaching sequence profiles to leafs...
11.85	---Postorder: computing likelihoods...
11.96	---Computing root node sequence and total tree likelihood...
11.97	---Attaching sequence profiles to leafs...
11.97	---Postorder: computing likelihoods...
12.09	---Computing root node sequence and total tree likelihood...
12.09	---Attaching sequence profiles to leafs...
12.10	---Postorder: computing likelihoods...
12.22	---Computing root node sequence and total tree likelihood...
12.22	---Attaching sequence profiles to leafs...
12.22	---Postorder: computing likelihoods...
12.34	---Computing root node sequence and total tree likelihood...
12.34	---Attaching sequence profiles to leafs...
12.35	---Postorder: computing likelihoods...
12.48	---Computing root node sequence and total tree likelihood...
12.48	---Attaching sequence profiles to leafs...
12.48	---Postorder: computing likelihoods...
12.61	---Computing root node sequence and total tree likelihood...
12.61	---Attaching sequence profiles to leafs...
12.61	---Postorder: computing likelihoods...
12.74	---Computing root node sequence and total tree likelihood...
12.74	---Attaching sequence profiles to leafs...
12.75	---Postorder: computing likelihoods...
12.88	---Computing root node sequence and total tree likelihood...
12.88	---Attaching sequence profiles to leafs...
12.89	---Postorder: computing likelihoods...
13.01	---Computing root node sequence and total tree likelihood...
13.02	---Attaching sequence profiles to leafs...
13.02	---Postorder: computing likelihoods...
13.14	---Computing root node sequence and total tree likelihood...
13.14	---Attaching sequence profiles to leafs...
13.15	---Postorder: computing likelihoods...
13.27	---Computing root node sequence and total tree likelihood...
13.27	---Attaching sequence profiles to leafs...
13.28	---Postorder: computing likelihoods...
13.40	---Computing root node sequence and total tree likelihood...
13.40	---Attaching sequence profiles to leafs...
13.41	---Postorder: computing likelihoods...
13.53	---Computing root node sequence and total tree likelihood...

13.53	-treeanc:optimize_gtr_rate: optimization successful. Overall rate
     	 estimated to be 9.185107
13.53	--TreeAnc.infer_gtr: counting mutations...
13.76	---TreeAnc.infer_gtr: counting mutations...done

13.76	-GTR: with alphabet: ['A', 'B', 'C', 'D', 'E', 'F', 'G', 'H', 'I', 'J',
     	 'K', 'L']
13.76	--GTR: ambiguous character: M
13.76	----GTR: no gap symbol!
13.76	---GTR: init with dummy values!

13.76	-GTR: model inference
13.76	---GTR inference iteration 0 change: 0.28867513459481287
13.76	---GTR inference iteration 1 change: 0.010799532909328809
13.76	---GTR inference iteration 2 change: 1.9274678257851463e-05
13.76	---Attaching sequence profiles to leafs...
13.77	---Postorder: computing likelihoods...
13.90	---Computing root node sequence and total tree likelihood...
13.90	---Attaching sequence profiles to leafs...
13.91	---Postorder: computing likelihoods...
14.03	---Computing root node sequence and total tree likelihood...
14.03	---Attaching sequence profiles to leafs...
14.04	---Postorder: computing likelihoods...
14.17	---Computing root node sequence and total tree likelihood...
14.17	---Attaching sequence profiles to leafs...
14.17	---Postorder: computing likelihoods...
14.30	---Computing root node sequence and total tree likelihood...
14.30	---Attaching sequence profiles to leafs...
14.31	---Postorder: computing likelihoods...
14.44	---Computing root node sequence and total tree likelihood...
14.44	---Attaching sequence profiles to leafs...
14.45	---Postorder: computing likelihoods...
14.58	---Computing root node sequence and total tree likelihood...
14.58	---Attaching sequence profiles to leafs...
14.59	---Postorder: computing likelihoods...
14.72	---Computing root node sequence and total tree likelihood...
14.72	---Attaching sequence profiles to leafs...
14.73	---Postorder: computing likelihoods...
14.86	---Computing root node sequence and total tree likelihood...
14.86	---Attaching sequence profiles to leafs...
14.86	---Postorder: computing likelihoods...
15.00	---Computing root node sequence and total tree likelihood...
15.00	---Attaching sequence profiles to leafs...
15.01	---Postorder: computing likelihoods...
15.14	---Computing root node sequence and total tree likelihood...
15.15	---Attaching sequence profiles to leafs...
15.15	---Postorder: computing likelihoods...
15.28	---Computing root node sequence and total tree likelihood...
15.28	---Attaching sequence profiles to leafs...
15.29	---Postorder: computing likelihoods...
15.42	---Computing root node sequence and total tree likelihood...
15.42	---Attaching sequence profiles to leafs...
15.43	---Postorder: computing likelihoods...
15.56	---Computing root node sequence and total tree likelihood...
15.56	---Attaching sequence profiles to leafs...
15.56	---Postorder: computing likelihoods...
15.69	---Computing root node sequence and total tree likelihood...
15.69	---Attaching sequence profiles to leafs...
15.70	---Postorder: computing likelihoods...
15.83	---Computing root node sequence and total tree likelihood...
15.83	---Attaching sequence profiles to leafs...
15.84	---Postorder: computing likelihoods...
15.96	---Computing root node sequence and total tree likelihood...
15.96	---Attaching sequence profiles to leafs...
15.97	---Postorder: computing likelihoods...
16.09	---Computing root node sequence and total tree likelihood...
16.09	---Attaching sequence profiles to leafs...
16.09	---Postorder: computing likelihoods...
16.22	---Computing root node sequence and total tree likelihood...

16.22	-treeanc:optimize_gtr_rate: optimization successful. Overall rate
     	 estimated to be 9.185109
16.22	--TreeAnc.infer_gtr: counting mutations...
16.45	---TreeAnc.infer_gtr: counting mutations...done

16.45	-GTR: with alphabet: ['A', 'B', 'C', 'D', 'E', 'F', 'G', 'H', 'I', 'J',
     	 'K', 'L']
16.45	--GTR: ambiguous character: M
16.45	----GTR: no gap symbol!
16.45	---GTR: init with dummy values!

16.45	-GTR: model inference
16.45	---GTR inference iteration 0 change: 0.28867513459481287
16.45	---GTR inference iteration 1 change: 0.010799533232075564
16.45	---GTR inference iteration 2 change: 1.9274930474255563e-05
16.45	---Attaching sequence profiles to leafs...
16.46	---Postorder: computing likelihoods...
16.59	---Computing root node sequence and total tree likelihood...
16.59	---Attaching sequence profiles to leafs...
16.60	---Postorder: computing likelihoods...
16.73	---Computing root node sequence and total tree likelihood...
16.73	---Attaching sequence profiles to leafs...
16.74	---Postorder: computing likelihoods...
16.87	---Computing root node sequence and total tree likelihood...
16.87	---Attaching sequence profiles to leafs...
16.88	---Postorder: computing likelihoods...
17.01	---Computing root node sequence and total tree likelihood...
17.01	---Attaching sequence profiles to leafs...
17.01	---Postorder: computing likelihoods...
17.15	---Computing root node sequence and total tree likelihood...
17.15	---Attaching sequence profiles to leafs...
17.16	---Postorder: computing likelihoods...
17.28	---Computing root node sequence and total tree likelihood...
17.28	---Attaching sequence profiles to leafs...
17.28	---Postorder: computing likelihoods...
17.41	---Computing root node sequence and total tree likelihood...
17.41	---Attaching sequence profiles to leafs...
17.42	---Postorder: computing likelihoods...
17.54	---Computing root node sequence and total tree likelihood...
17.54	---Attaching sequence profiles to leafs...
17.55	---Postorder: computing likelihoods...
17.67	---Computing root node sequence and total tree likelihood...
17.67	---Attaching sequence profiles to leafs...
17.68	---Postorder: computing likelihoods...
17.81	---Computing root node sequence and total tree likelihood...
17.81	---Attaching sequence profiles to leafs...
17.82	---Postorder: computing likelihoods...
17.95	---Computing root node sequence and total tree likelihood...
17.95	---Attaching sequence profiles to leafs...
17.96	---Postorder: computing likelihoods...
18.08	---Computing root node sequence and total tree likelihood...
18.09	---Attaching sequence profiles to leafs...
18.09	---Postorder: computing likelihoods...
18.22	---Computing root node sequence and total tree likelihood...
18.22	---Attaching sequence profiles to leafs...
18.23	---Postorder: computing likelihoods...
18.37	---Computing root node sequence and total tree likelihood...
18.37	---Attaching sequence profiles to leafs...
18.38	---Postorder: computing likelihoods...
18.50	---Computing root node sequence and total tree likelihood...
18.50	---Attaching sequence profiles to leafs...
18.51	---Postorder: computing likelihoods...
18.66	---Computing root node sequence and total tree likelihood...
18.66	---Attaching sequence profiles to leafs...
18.67	---Postorder: computing likelihoods...
18.88	---Computing root node sequence and total tree likelihood...
18.88	---Attaching sequence profiles to leafs...
18.89	---Postorder: computing likelihoods...
19.05	---Computing root node sequence and total tree likelihood...
19.05	---Attaching sequence profiles to leafs...
19.06	---Postorder: computing likelihoods...
19.19	---Computing root node sequence and total tree likelihood...
19.19	---Attaching sequence profiles to leafs...
19.20	---Postorder: computing likelihoods...
19.35	---Computing root node sequence and total tree likelihood...

19.35	-treeanc:optimize_gtr_rate: optimization successful. Overall rate
     	 estimated to be 9.185110

19.35	-TreeAnc.infer_ancestral_sequences with method: probabilistic, marginal
19.35	--TreeAnc._ml_anc_marginal: type of reconstruction: Marginal
19.35	---Attaching sequence profiles to leafs...
19.36	---Postorder: computing likelihoods...
19.53	---Computing root node sequence and total tree likelihood...
19.53	---Preorder: computing marginal profiles...
19.81	---TreeAnc._ml_anc_marginal: ...done
NOTE: previous versions (<0.7.0) of this command made a 'short-branch
length assumption. TreeTime now optimizes the overall rate numerically
and thus allows for long branches along which multiple changes
accumulated. This is expected to affect estimates of the overall rate
while leaving the relative rates mostly unchanged.

Completed mugration model inference of attribute 'population' for /mnt/c/Users/ktmea/Projects/plague-phylogeography/results/iqtree/all/chromosome/full/filter5/filter-taxa/iqtree.treefile

Saved inferred mugration model as: /mnt/c/Users/ktmea/Projects/plague-phylogeography/results/mugration/all/chromosome/full/filter5/GTR.txt
Saved table with ancestral state confidences as: /mnt/c/Users/ktmea/Projects/plague-phylogeography/results/mugration/all/chromosome/full/filter5/confidence.csv
Saved annotated tree as: /mnt/c/Users/ktmea/Projects/plague-phylogeography/results/mugration/all/chromosome/full/filter5/annotated_tree.nexus
---Done!

