Using column 'sample' as taxon name. This needs to match the taxa in the tree!

0.00	-TreeAnc: set-up
Assigned discrete traits to 581 out of 601 taxa.


0.16	-SequenceData: loaded alignment.

0.16	-SeqData: making compressed alignment...

0.16	-SequenceData: constructed compressed alignment...

0.17	-TreeAnc.infer_ancestral_sequences with method: ml, marginal
0.17	--TreeAnc._ml_anc_marginal: type of reconstruction: Marginal
0.17	---Attaching sequence profiles to leafs...
0.18	---Postorder: computing likelihoods...
0.38	---Computing root node sequence and total tree likelihood...
0.38	---Preorder: computing marginal profiles...
0.52	---TreeAnc._ml_anc_marginal: ...done
0.55	--TreeAnc.infer_gtr: counting mutations...
0.86	---TreeAnc.infer_gtr: counting mutations...done

0.86	-GTR: with alphabet: ['A', 'B', 'C', 'D', 'E', 'F', 'G', 'H', 'I', 'J',
    	 'K', 'L', 'M', 'N', 'O', 'P', 'Q', 'R', 'S', 'T', 'U', 'V', 'W', 'X', 'Y',
    	 'Z', '[', '\\', ']', '^', '_', '`', 'a', 'b', 'c', 'd', 'e', 'f', 'g',
    	 'h', 'i', 'j', 'k', 'l', 'm', 'n', 'o', 'p', 'q', 'r', 's', 't', 'u', 'v',
    	 'w', 'x', 'y', 'z', '{', '|', '}', '~', '\x7f', '\x80', '\x81', '\x82',
    	 '\x83', '\x84', '\x85', '\x86', '\x87', '\x88', '\x89', '\x8a', '\x8b',
    	 '\x8c', '\x8d', '\x8e', '\x8f', '\x90', '\x91', '\x92', '\x93', '\x94',
    	 '\x95', '\x96', '\x97', '\x98', '\x99', '\x9a', '\x9b', '\x9c', '\x9d',
    	 '\x9e', '\x9f', '\xa0', '¡', '¢', '£', '¤', '¥', '¦', '§', '¨', '©', 'ª',
    	 '«', '¬', '\xad', '®', '¯', '°', '±']
0.86	--GTR: ambiguous character: ²
0.86	----GTR: no gap symbol!
0.86	---GTR: init with dummy values!

0.86	-GTR: model inference
0.86	---GTR inference iteration 0 change: 0.09407208683835973
0.86	---GTR inference iteration 1 change: 0.0024650314500253316
0.86	---GTR inference iteration 2 change: 2.5864500986847153e-05
0.86	--TreeAnc._ml_anc_marginal: type of reconstruction: Marginal
0.86	---Attaching sequence profiles to leafs...
0.87	---Postorder: computing likelihoods...
1.05	---Computing root node sequence and total tree likelihood...
1.05	---Preorder: computing marginal profiles...
1.29	---TreeAnc._ml_anc_marginal: ...done
1.31	---Attaching sequence profiles to leafs...
1.31	---Postorder: computing likelihoods...
1.51	---Computing root node sequence and total tree likelihood...
1.51	---Attaching sequence profiles to leafs...
1.51	---Postorder: computing likelihoods...
1.70	---Computing root node sequence and total tree likelihood...
1.70	---Attaching sequence profiles to leafs...
1.70	---Postorder: computing likelihoods...
1.89	---Computing root node sequence and total tree likelihood...
1.89	---Attaching sequence profiles to leafs...
1.89	---Postorder: computing likelihoods...
2.08	---Computing root node sequence and total tree likelihood...
2.08	---Attaching sequence profiles to leafs...
2.08	---Postorder: computing likelihoods...
2.26	---Computing root node sequence and total tree likelihood...
2.26	---Attaching sequence profiles to leafs...
2.27	---Postorder: computing likelihoods...
2.45	---Computing root node sequence and total tree likelihood...
2.45	---Attaching sequence profiles to leafs...
2.46	---Postorder: computing likelihoods...
2.64	---Computing root node sequence and total tree likelihood...
2.64	---Attaching sequence profiles to leafs...
2.65	---Postorder: computing likelihoods...
2.83	---Computing root node sequence and total tree likelihood...
2.83	---Attaching sequence profiles to leafs...
2.84	---Postorder: computing likelihoods...
3.02	---Computing root node sequence and total tree likelihood...
3.02	---Attaching sequence profiles to leafs...
3.03	---Postorder: computing likelihoods...
3.21	---Computing root node sequence and total tree likelihood...
3.21	---Attaching sequence profiles to leafs...
3.22	---Postorder: computing likelihoods...
3.41	---Computing root node sequence and total tree likelihood...
3.41	---Attaching sequence profiles to leafs...
3.42	---Postorder: computing likelihoods...
3.62	---Computing root node sequence and total tree likelihood...
3.62	---Attaching sequence profiles to leafs...
3.62	---Postorder: computing likelihoods...
3.83	---Computing root node sequence and total tree likelihood...
3.83	---Attaching sequence profiles to leafs...
3.83	---Postorder: computing likelihoods...
4.03	---Computing root node sequence and total tree likelihood...
4.03	---Attaching sequence profiles to leafs...
4.03	---Postorder: computing likelihoods...
4.24	---Computing root node sequence and total tree likelihood...
4.24	---Attaching sequence profiles to leafs...
4.24	---Postorder: computing likelihoods...
4.45	---Computing root node sequence and total tree likelihood...
4.45	---Attaching sequence profiles to leafs...
4.46	---Postorder: computing likelihoods...
4.65	---Computing root node sequence and total tree likelihood...
4.65	---Attaching sequence profiles to leafs...
4.65	---Postorder: computing likelihoods...
4.85	---Computing root node sequence and total tree likelihood...
4.85	---Attaching sequence profiles to leafs...
4.85	---Postorder: computing likelihoods...
5.05	---Computing root node sequence and total tree likelihood...
5.06	---Attaching sequence profiles to leafs...
5.06	---Postorder: computing likelihoods...
5.26	---Computing root node sequence and total tree likelihood...

5.26	-treeanc:optimize_gtr_rate: optimization successful. Overall rate estimated
    	 to be 166.124355
5.26	--TreeAnc.infer_gtr: counting mutations...
5.58	---TreeAnc.infer_gtr: counting mutations...done

5.58	-GTR: with alphabet: ['A', 'B', 'C', 'D', 'E', 'F', 'G', 'H', 'I', 'J',
    	 'K', 'L', 'M', 'N', 'O', 'P', 'Q', 'R', 'S', 'T', 'U', 'V', 'W', 'X', 'Y',
    	 'Z', '[', '\\', ']', '^', '_', '`', 'a', 'b', 'c', 'd', 'e', 'f', 'g',
    	 'h', 'i', 'j', 'k', 'l', 'm', 'n', 'o', 'p', 'q', 'r', 's', 't', 'u', 'v',
    	 'w', 'x', 'y', 'z', '{', '|', '}', '~', '\x7f', '\x80', '\x81', '\x82',
    	 '\x83', '\x84', '\x85', '\x86', '\x87', '\x88', '\x89', '\x8a', '\x8b',
    	 '\x8c', '\x8d', '\x8e', '\x8f', '\x90', '\x91', '\x92', '\x93', '\x94',
    	 '\x95', '\x96', '\x97', '\x98', '\x99', '\x9a', '\x9b', '\x9c', '\x9d',
    	 '\x9e', '\x9f', '\xa0', '¡', '¢', '£', '¤', '¥', '¦', '§', '¨', '©', 'ª',
    	 '«', '¬', '\xad', '®', '¯', '°', '±']
5.58	--GTR: ambiguous character: ²
5.58	----GTR: no gap symbol!
5.58	---GTR: init with dummy values!

5.58	-GTR: model inference
5.59	---GTR inference iteration 0 change: 0.09407208683835973
5.59	---GTR inference iteration 1 change: 0.002627129285765248
5.59	---GTR inference iteration 2 change: 2.6368482628421676e-05
5.59	---Attaching sequence profiles to leafs...
5.59	---Postorder: computing likelihoods...
5.80	---Computing root node sequence and total tree likelihood...
5.80	---Attaching sequence profiles to leafs...
5.80	---Postorder: computing likelihoods...
6.00	---Computing root node sequence and total tree likelihood...
6.00	---Attaching sequence profiles to leafs...
6.01	---Postorder: computing likelihoods...
6.21	---Computing root node sequence and total tree likelihood...
6.21	---Attaching sequence profiles to leafs...
6.22	---Postorder: computing likelihoods...
6.42	---Computing root node sequence and total tree likelihood...
6.42	---Attaching sequence profiles to leafs...
6.42	---Postorder: computing likelihoods...
6.63	---Computing root node sequence and total tree likelihood...
6.63	---Attaching sequence profiles to leafs...
6.63	---Postorder: computing likelihoods...
6.84	---Computing root node sequence and total tree likelihood...
6.84	---Attaching sequence profiles to leafs...
6.84	---Postorder: computing likelihoods...
7.04	---Computing root node sequence and total tree likelihood...
7.04	---Attaching sequence profiles to leafs...
7.04	---Postorder: computing likelihoods...
7.25	---Computing root node sequence and total tree likelihood...
7.25	---Attaching sequence profiles to leafs...
7.25	---Postorder: computing likelihoods...
7.44	---Computing root node sequence and total tree likelihood...
7.44	---Attaching sequence profiles to leafs...
7.44	---Postorder: computing likelihoods...
7.63	---Computing root node sequence and total tree likelihood...
7.64	---Attaching sequence profiles to leafs...
7.64	---Postorder: computing likelihoods...
7.83	---Computing root node sequence and total tree likelihood...
7.83	---Attaching sequence profiles to leafs...
7.83	---Postorder: computing likelihoods...
8.02	---Computing root node sequence and total tree likelihood...
8.02	---Attaching sequence profiles to leafs...
8.03	---Postorder: computing likelihoods...
8.23	---Computing root node sequence and total tree likelihood...
8.23	---Attaching sequence profiles to leafs...
8.23	---Postorder: computing likelihoods...
8.44	---Computing root node sequence and total tree likelihood...
8.44	---Attaching sequence profiles to leafs...
8.44	---Postorder: computing likelihoods...
8.64	---Computing root node sequence and total tree likelihood...
8.65	---Attaching sequence profiles to leafs...
8.65	---Postorder: computing likelihoods...
8.85	---Computing root node sequence and total tree likelihood...
8.85	---Attaching sequence profiles to leafs...
8.86	---Postorder: computing likelihoods...
9.04	---Computing root node sequence and total tree likelihood...

9.04	-treeanc:optimize_gtr_rate: optimization successful. Overall rate estimated
    	 to be 166.034748
9.04	--TreeAnc.infer_gtr: counting mutations...
9.34	---TreeAnc.infer_gtr: counting mutations...done

9.34	-GTR: with alphabet: ['A', 'B', 'C', 'D', 'E', 'F', 'G', 'H', 'I', 'J',
    	 'K', 'L', 'M', 'N', 'O', 'P', 'Q', 'R', 'S', 'T', 'U', 'V', 'W', 'X', 'Y',
    	 'Z', '[', '\\', ']', '^', '_', '`', 'a', 'b', 'c', 'd', 'e', 'f', 'g',
    	 'h', 'i', 'j', 'k', 'l', 'm', 'n', 'o', 'p', 'q', 'r', 's', 't', 'u', 'v',
    	 'w', 'x', 'y', 'z', '{', '|', '}', '~', '\x7f', '\x80', '\x81', '\x82',
    	 '\x83', '\x84', '\x85', '\x86', '\x87', '\x88', '\x89', '\x8a', '\x8b',
    	 '\x8c', '\x8d', '\x8e', '\x8f', '\x90', '\x91', '\x92', '\x93', '\x94',
    	 '\x95', '\x96', '\x97', '\x98', '\x99', '\x9a', '\x9b', '\x9c', '\x9d',
    	 '\x9e', '\x9f', '\xa0', '¡', '¢', '£', '¤', '¥', '¦', '§', '¨', '©', 'ª',
    	 '«', '¬', '\xad', '®', '¯', '°', '±']
9.34	--GTR: ambiguous character: ²
9.34	----GTR: no gap symbol!
9.34	---GTR: init with dummy values!

9.34	-GTR: model inference
9.34	---GTR inference iteration 0 change: 0.09407208683835973
9.34	---GTR inference iteration 1 change: 0.0026489050078381984
9.34	---GTR inference iteration 2 change: 2.6590087693626155e-05
9.35	---Attaching sequence profiles to leafs...
9.35	---Postorder: computing likelihoods...
9.55	---Computing root node sequence and total tree likelihood...
9.55	---Attaching sequence profiles to leafs...
9.56	---Postorder: computing likelihoods...
9.76	---Computing root node sequence and total tree likelihood...
9.76	---Attaching sequence profiles to leafs...
9.76	---Postorder: computing likelihoods...
9.96	---Computing root node sequence and total tree likelihood...
9.97	---Attaching sequence profiles to leafs...
9.97	---Postorder: computing likelihoods...
10.17	---Computing root node sequence and total tree likelihood...
10.17	---Attaching sequence profiles to leafs...
10.18	---Postorder: computing likelihoods...
10.37	---Computing root node sequence and total tree likelihood...
10.37	---Attaching sequence profiles to leafs...
10.38	---Postorder: computing likelihoods...
10.58	---Computing root node sequence and total tree likelihood...
10.58	---Attaching sequence profiles to leafs...
10.58	---Postorder: computing likelihoods...
10.79	---Computing root node sequence and total tree likelihood...
10.79	---Attaching sequence profiles to leafs...
10.79	---Postorder: computing likelihoods...
11.00	---Computing root node sequence and total tree likelihood...
11.00	---Attaching sequence profiles to leafs...
11.00	---Postorder: computing likelihoods...
11.21	---Computing root node sequence and total tree likelihood...
11.21	---Attaching sequence profiles to leafs...
11.21	---Postorder: computing likelihoods...
11.41	---Computing root node sequence and total tree likelihood...
11.41	---Attaching sequence profiles to leafs...
11.42	---Postorder: computing likelihoods...
11.62	---Computing root node sequence and total tree likelihood...
11.62	---Attaching sequence profiles to leafs...
11.63	---Postorder: computing likelihoods...
11.82	---Computing root node sequence and total tree likelihood...
11.83	---Attaching sequence profiles to leafs...
11.83	---Postorder: computing likelihoods...
12.03	---Computing root node sequence and total tree likelihood...
12.03	---Attaching sequence profiles to leafs...
12.04	---Postorder: computing likelihoods...
12.24	---Computing root node sequence and total tree likelihood...
12.24	---Attaching sequence profiles to leafs...
12.25	---Postorder: computing likelihoods...
12.44	---Computing root node sequence and total tree likelihood...
12.44	---Attaching sequence profiles to leafs...
12.45	---Postorder: computing likelihoods...
12.64	---Computing root node sequence and total tree likelihood...
12.64	---Attaching sequence profiles to leafs...
12.65	---Postorder: computing likelihoods...
12.85	---Computing root node sequence and total tree likelihood...
12.85	---Attaching sequence profiles to leafs...
12.85	---Postorder: computing likelihoods...
13.06	---Computing root node sequence and total tree likelihood...

13.06	-treeanc:optimize_gtr_rate: optimization successful. Overall rate
     	 estimated to be 166.007964
13.06	--TreeAnc.infer_gtr: counting mutations...
13.38	---TreeAnc.infer_gtr: counting mutations...done

13.38	-GTR: with alphabet: ['A', 'B', 'C', 'D', 'E', 'F', 'G', 'H', 'I', 'J',
     	 'K', 'L', 'M', 'N', 'O', 'P', 'Q', 'R', 'S', 'T', 'U', 'V', 'W', 'X',
     	 'Y', 'Z', '[', '\\', ']', '^', '_', '`', 'a', 'b', 'c', 'd', 'e', 'f',
     	 'g', 'h', 'i', 'j', 'k', 'l', 'm', 'n', 'o', 'p', 'q', 'r', 's', 't',
     	 'u', 'v', 'w', 'x', 'y', 'z', '{', '|', '}', '~', '\x7f', '\x80', '\x81',
     	 '\x82', '\x83', '\x84', '\x85', '\x86', '\x87', '\x88', '\x89', '\x8a',
     	 '\x8b', '\x8c', '\x8d', '\x8e', '\x8f', '\x90', '\x91', '\x92', '\x93',
     	 '\x94', '\x95', '\x96', '\x97', '\x98', '\x99', '\x9a', '\x9b', '\x9c',
     	 '\x9d', '\x9e', '\x9f', '\xa0', '¡', '¢', '£', '¤', '¥', '¦', '§', '¨',
     	 '©', 'ª', '«', '¬', '\xad', '®', '¯', '°', '±']
13.38	--GTR: ambiguous character: ²
13.38	----GTR: no gap symbol!
13.38	---GTR: init with dummy values!

13.38	-GTR: model inference
13.38	---GTR inference iteration 0 change: 0.09407208683835973
13.38	---GTR inference iteration 1 change: 0.002653906673865377
13.38	---GTR inference iteration 2 change: 2.6641827978005156e-05
13.39	---Attaching sequence profiles to leafs...
13.39	---Postorder: computing likelihoods...
13.59	---Computing root node sequence and total tree likelihood...
13.59	---Attaching sequence profiles to leafs...
13.59	---Postorder: computing likelihoods...
13.79	---Computing root node sequence and total tree likelihood...
13.79	---Attaching sequence profiles to leafs...
13.79	---Postorder: computing likelihoods...
14.00	---Computing root node sequence and total tree likelihood...
14.00	---Attaching sequence profiles to leafs...
14.00	---Postorder: computing likelihoods...
14.20	---Computing root node sequence and total tree likelihood...
14.21	---Attaching sequence profiles to leafs...
14.21	---Postorder: computing likelihoods...
14.41	---Computing root node sequence and total tree likelihood...
14.42	---Attaching sequence profiles to leafs...
14.42	---Postorder: computing likelihoods...
14.62	---Computing root node sequence and total tree likelihood...
14.63	---Attaching sequence profiles to leafs...
14.63	---Postorder: computing likelihoods...
14.83	---Computing root node sequence and total tree likelihood...
14.83	---Attaching sequence profiles to leafs...
14.84	---Postorder: computing likelihoods...
15.04	---Computing root node sequence and total tree likelihood...
15.04	---Attaching sequence profiles to leafs...
15.04	---Postorder: computing likelihoods...
15.25	---Computing root node sequence and total tree likelihood...
15.25	---Attaching sequence profiles to leafs...
15.25	---Postorder: computing likelihoods...
15.45	---Computing root node sequence and total tree likelihood...
15.45	---Attaching sequence profiles to leafs...
15.45	---Postorder: computing likelihoods...
15.65	---Computing root node sequence and total tree likelihood...
15.66	---Attaching sequence profiles to leafs...
15.66	---Postorder: computing likelihoods...
15.86	---Computing root node sequence and total tree likelihood...
15.87	---Attaching sequence profiles to leafs...
15.87	---Postorder: computing likelihoods...
16.07	---Computing root node sequence and total tree likelihood...
16.07	---Attaching sequence profiles to leafs...
16.08	---Postorder: computing likelihoods...
16.28	---Computing root node sequence and total tree likelihood...
16.28	---Attaching sequence profiles to leafs...
16.29	---Postorder: computing likelihoods...
16.49	---Computing root node sequence and total tree likelihood...
16.49	---Attaching sequence profiles to leafs...
16.49	---Postorder: computing likelihoods...
16.70	---Computing root node sequence and total tree likelihood...
16.70	---Attaching sequence profiles to leafs...
16.71	---Postorder: computing likelihoods...
16.91	---Computing root node sequence and total tree likelihood...

16.91	-treeanc:optimize_gtr_rate: optimization successful. Overall rate
     	 estimated to be 166.000565
16.91	--TreeAnc.infer_gtr: counting mutations...
17.23	---TreeAnc.infer_gtr: counting mutations...done

17.23	-GTR: with alphabet: ['A', 'B', 'C', 'D', 'E', 'F', 'G', 'H', 'I', 'J',
     	 'K', 'L', 'M', 'N', 'O', 'P', 'Q', 'R', 'S', 'T', 'U', 'V', 'W', 'X',
     	 'Y', 'Z', '[', '\\', ']', '^', '_', '`', 'a', 'b', 'c', 'd', 'e', 'f',
     	 'g', 'h', 'i', 'j', 'k', 'l', 'm', 'n', 'o', 'p', 'q', 'r', 's', 't',
     	 'u', 'v', 'w', 'x', 'y', 'z', '{', '|', '}', '~', '\x7f', '\x80', '\x81',
     	 '\x82', '\x83', '\x84', '\x85', '\x86', '\x87', '\x88', '\x89', '\x8a',
     	 '\x8b', '\x8c', '\x8d', '\x8e', '\x8f', '\x90', '\x91', '\x92', '\x93',
     	 '\x94', '\x95', '\x96', '\x97', '\x98', '\x99', '\x9a', '\x9b', '\x9c',
     	 '\x9d', '\x9e', '\x9f', '\xa0', '¡', '¢', '£', '¤', '¥', '¦', '§', '¨',
     	 '©', 'ª', '«', '¬', '\xad', '®', '¯', '°', '±']
17.23	--GTR: ambiguous character: ²
17.23	----GTR: no gap symbol!
17.23	---GTR: init with dummy values!

17.23	-GTR: model inference
17.23	---GTR inference iteration 0 change: 0.09407208683835973
17.23	---GTR inference iteration 1 change: 0.0026550168520411413
17.23	---GTR inference iteration 2 change: 2.6653813871875564e-05
17.24	---Attaching sequence profiles to leafs...
17.24	---Postorder: computing likelihoods...
17.44	---Computing root node sequence and total tree likelihood...
17.44	---Attaching sequence profiles to leafs...
17.45	---Postorder: computing likelihoods...
17.65	---Computing root node sequence and total tree likelihood...
17.65	---Attaching sequence profiles to leafs...
17.65	---Postorder: computing likelihoods...
17.85	---Computing root node sequence and total tree likelihood...
17.86	---Attaching sequence profiles to leafs...
17.86	---Postorder: computing likelihoods...
18.06	---Computing root node sequence and total tree likelihood...
18.06	---Attaching sequence profiles to leafs...
18.07	---Postorder: computing likelihoods...
18.27	---Computing root node sequence and total tree likelihood...
18.27	---Attaching sequence profiles to leafs...
18.27	---Postorder: computing likelihoods...
18.47	---Computing root node sequence and total tree likelihood...
18.47	---Attaching sequence profiles to leafs...
18.48	---Postorder: computing likelihoods...
18.68	---Computing root node sequence and total tree likelihood...
18.68	---Attaching sequence profiles to leafs...
18.68	---Postorder: computing likelihoods...
18.89	---Computing root node sequence and total tree likelihood...
18.89	---Attaching sequence profiles to leafs...
18.89	---Postorder: computing likelihoods...
19.09	---Computing root node sequence and total tree likelihood...
19.10	---Attaching sequence profiles to leafs...
19.10	---Postorder: computing likelihoods...
19.30	---Computing root node sequence and total tree likelihood...
19.30	---Attaching sequence profiles to leafs...
19.30	---Postorder: computing likelihoods...
19.49	---Computing root node sequence and total tree likelihood...
19.49	---Attaching sequence profiles to leafs...
19.50	---Postorder: computing likelihoods...
19.70	---Computing root node sequence and total tree likelihood...
19.70	---Attaching sequence profiles to leafs...
19.71	---Postorder: computing likelihoods...
19.90	---Computing root node sequence and total tree likelihood...
19.90	---Attaching sequence profiles to leafs...
19.90	---Postorder: computing likelihoods...
20.10	---Computing root node sequence and total tree likelihood...
20.10	---Attaching sequence profiles to leafs...
20.10	---Postorder: computing likelihoods...
20.30	---Computing root node sequence and total tree likelihood...
20.30	---Attaching sequence profiles to leafs...
20.30	---Postorder: computing likelihoods...
20.50	---Computing root node sequence and total tree likelihood...
20.50	---Attaching sequence profiles to leafs...
20.51	---Postorder: computing likelihoods...
20.71	---Computing root node sequence and total tree likelihood...
20.71	---Attaching sequence profiles to leafs...
20.71	---Postorder: computing likelihoods...
20.91	---Computing root node sequence and total tree likelihood...
20.91	---Attaching sequence profiles to leafs...
20.92	---Postorder: computing likelihoods...
21.11	---Computing root node sequence and total tree likelihood...
21.11	---Attaching sequence profiles to leafs...
21.11	---Postorder: computing likelihoods...
21.32	---Computing root node sequence and total tree likelihood...

21.32	-treeanc:optimize_gtr_rate: optimization successful. Overall rate
     	 estimated to be 165.998691
21.32	--TreeAnc.infer_gtr: counting mutations...
21.63	---TreeAnc.infer_gtr: counting mutations...done

21.63	-GTR: with alphabet: ['A', 'B', 'C', 'D', 'E', 'F', 'G', 'H', 'I', 'J',
     	 'K', 'L', 'M', 'N', 'O', 'P', 'Q', 'R', 'S', 'T', 'U', 'V', 'W', 'X',
     	 'Y', 'Z', '[', '\\', ']', '^', '_', '`', 'a', 'b', 'c', 'd', 'e', 'f',
     	 'g', 'h', 'i', 'j', 'k', 'l', 'm', 'n', 'o', 'p', 'q', 'r', 's', 't',
     	 'u', 'v', 'w', 'x', 'y', 'z', '{', '|', '}', '~', '\x7f', '\x80', '\x81',
     	 '\x82', '\x83', '\x84', '\x85', '\x86', '\x87', '\x88', '\x89', '\x8a',
     	 '\x8b', '\x8c', '\x8d', '\x8e', '\x8f', '\x90', '\x91', '\x92', '\x93',
     	 '\x94', '\x95', '\x96', '\x97', '\x98', '\x99', '\x9a', '\x9b', '\x9c',
     	 '\x9d', '\x9e', '\x9f', '\xa0', '¡', '¢', '£', '¤', '¥', '¦', '§', '¨',
     	 '©', 'ª', '«', '¬', '\xad', '®', '¯', '°', '±']
21.64	--GTR: ambiguous character: ²
21.64	----GTR: no gap symbol!
21.64	---GTR: init with dummy values!

21.64	-GTR: model inference
21.64	---GTR inference iteration 0 change: 0.09407208683835973
21.64	---GTR inference iteration 1 change: 0.0026552656796031606
21.64	---GTR inference iteration 2 change: 2.6656719713368767e-05
21.64	---Attaching sequence profiles to leafs...
21.64	---Postorder: computing likelihoods...
21.85	---Computing root node sequence and total tree likelihood...
21.85	---Attaching sequence profiles to leafs...
21.85	---Postorder: computing likelihoods...
22.05	---Computing root node sequence and total tree likelihood...
22.06	---Attaching sequence profiles to leafs...
22.06	---Postorder: computing likelihoods...
22.26	---Computing root node sequence and total tree likelihood...
22.26	---Attaching sequence profiles to leafs...
22.27	---Postorder: computing likelihoods...
22.47	---Computing root node sequence and total tree likelihood...
22.47	---Attaching sequence profiles to leafs...
22.48	---Postorder: computing likelihoods...
22.68	---Computing root node sequence and total tree likelihood...
22.68	---Attaching sequence profiles to leafs...
22.68	---Postorder: computing likelihoods...
22.89	---Computing root node sequence and total tree likelihood...
22.89	---Attaching sequence profiles to leafs...
22.89	---Postorder: computing likelihoods...
23.10	---Computing root node sequence and total tree likelihood...
23.10	---Attaching sequence profiles to leafs...
23.10	---Postorder: computing likelihoods...
23.29	---Computing root node sequence and total tree likelihood...
23.30	---Attaching sequence profiles to leafs...
23.30	---Postorder: computing likelihoods...
23.49	---Computing root node sequence and total tree likelihood...
23.50	---Attaching sequence profiles to leafs...
23.50	---Postorder: computing likelihoods...
23.70	---Computing root node sequence and total tree likelihood...
23.71	---Attaching sequence profiles to leafs...
23.71	---Postorder: computing likelihoods...
23.91	---Computing root node sequence and total tree likelihood...
23.91	---Attaching sequence profiles to leafs...
23.91	---Postorder: computing likelihoods...
24.12	---Computing root node sequence and total tree likelihood...
24.12	---Attaching sequence profiles to leafs...
24.12	---Postorder: computing likelihoods...
24.32	---Computing root node sequence and total tree likelihood...
24.33	---Attaching sequence profiles to leafs...
24.33	---Postorder: computing likelihoods...
24.54	---Computing root node sequence and total tree likelihood...
24.54	---Attaching sequence profiles to leafs...
24.54	---Postorder: computing likelihoods...
24.73	---Computing root node sequence and total tree likelihood...
24.73	---Attaching sequence profiles to leafs...
24.74	---Postorder: computing likelihoods...
24.93	---Computing root node sequence and total tree likelihood...
24.93	---Attaching sequence profiles to leafs...
24.93	---Postorder: computing likelihoods...
25.12	---Computing root node sequence and total tree likelihood...
25.12	---Attaching sequence profiles to leafs...
25.13	---Postorder: computing likelihoods...
25.33	---Computing root node sequence and total tree likelihood...
25.33	---Attaching sequence profiles to leafs...
25.33	---Postorder: computing likelihoods...
25.54	---Computing root node sequence and total tree likelihood...
25.54	---Attaching sequence profiles to leafs...
25.54	---Postorder: computing likelihoods...
25.75	---Computing root node sequence and total tree likelihood...

25.75	-treeanc:optimize_gtr_rate: optimization successful. Overall rate
     	 estimated to be 165.998220

25.75	-TreeAnc.infer_ancestral_sequences with method: probabilistic, marginal
25.75	--TreeAnc._ml_anc_marginal: type of reconstruction: Marginal
25.75	---Attaching sequence profiles to leafs...
25.75	---Postorder: computing likelihoods...
25.95	---Computing root node sequence and total tree likelihood...
25.95	---Preorder: computing marginal profiles...
26.20	---TreeAnc._ml_anc_marginal: ...done
NOTE: previous versions (<0.7.0) of this command made a 'short-branch
length assumption. TreeTime now optimizes the overall rate numerically
and thus allows for long branches along which multiple changes
accumulated. This is expected to affect estimates of the overall rate
while leaving the relative rates mostly unchanged.

Completed mugration model inference of attribute 'province' for /2/scratch/keaton/plague-phylogeography/results/iqtree/all/chromosome/full/filter5/filter-taxa/iqtree.treefile

Saved inferred mugration model as: /2/scratch/keaton/plague-phylogeography/results/mugration/all/chromosome/full/filter5/GTR.txt
Saved table with ancestral state confidences as: /2/scratch/keaton/plague-phylogeography/results/mugration/all/chromosome/full/filter5/confidence.csv
Saved annotated tree as: /2/scratch/keaton/plague-phylogeography/results/mugration/all/chromosome/full/filter5/annotated_tree.nexus
---Done!

