IQ-TREE multicore version 2.1.2 COVID-edition for Linux 64-bit built Mar 30 2021
Developed by Bui Quang Minh, James Barbetti, Nguyen Lam Tung,
Olga Chernomor, Heiko Schmidt, Dominik Schrempf, Michael Woodhams.

Host:    info113 (SSE3, 252 GB RAM)
Command: iqtree -s /2/scratch/keaton/plague-phylogeography/results/snippy_multi/all/chromosome/full/filter30/snippy-multi.snps.aln -m K3Pu+F+I --threads-max 10 -nt 10 -o GCA_000323385.1_ASM32338v1_genomic,GCA_000323405.1_ASM32340v1_genomic,GCA_000323705.1_ASM32370v1_genomic,GCA_000324065.1_ASM32406v1_genomic,GCA_000324165.1_ASM32416v1_genomic,GCA_000734805.1_ASM73480v1_genomic,GCA_001188675.1_ASM118867v1_genomic,GCA_002412225.1_Y.pestis_A-1486_genomic -seed 521985475123 --runs 10 -fconst 1126849,1014112,1025137,1123712 --ufboot 1000 -redo -pre /2/scratch/keaton/plague-phylogeography/results/iqtree/all/chromosome/full/filter30/iqtree
Seed:    2000534989 (Using SPRNG - Scalable Parallel Random Number Generator)
Time:    Wed Jun 16 13:15:10 2021
Kernel:  SSE2 - 10 threads (48 CPU cores detected)

Reading alignment file /2/scratch/keaton/plague-phylogeography/results/snippy_multi/all/chromosome/full/filter30/snippy-multi.snps.aln ... Fasta format detected
Alignment most likely contains DNA/RNA sequences
Alignment has 58 sequences with 474 columns, 472 distinct patterns
240 parsimony-informative, 234 singleton sites, 0 constant sites
                                         Gap/Ambiguity  Composition  p-value
   1  D51                                       30.17%    passed     52.33%
   2  D62                                       42.83%    passed     24.39%
   3  D71                                        9.07%    passed     59.33%
   4  D72                                       27.22%    passed     92.73%
   5  D75                                        8.44%    passed     90.80%
   6  GCA_000323385.1_ASM32338v1_genomic        10.34%    passed      5.33%
   7  GCA_000323405.1_ASM32340v1_genomic         5.91%    passed     34.87%
   8  GCA_000323705.1_ASM32370v1_genomic         5.70%    passed     29.80%
   9  GCA_000324065.1_ASM32406v1_genomic        11.81%    passed     13.67%
  10  GCA_000324165.1_ASM32416v1_genomic         6.75%    passed     11.65%
  11  GCA_000734805.1_ASM73480v1_genomic         0.84%    passed     87.52%
  12  GCA_001188675.1_ASM118867v1_genomic        0.21%    passed     70.08%
  13  GCA_002412225.1_Y.pestis_A-1486_genomic    1.69%    passed     71.48%
  14  P187                                      40.93%    passed     61.19%
  15  P212                                      36.29%    passed     21.52%
  16  P387                                      40.51%    passed     66.26%
  17  R36                                        7.59%    passed     64.36%
  18  Reference                                  0.00%    passed     10.92%
  19  SAMEA3713711                              11.81%    failed      2.29%
  20  SAMEA3713712                               7.59%    failed      0.56%
  21  SAMEA3713713                               6.54%    failed      0.51%
  22  SAMEA3713714                              11.39%    failed      0.96%
  23  SAMEA3713715                               6.33%    failed      1.84%
  24  SAMEA3937653                               6.54%    passed     18.67%
  25  SAMEA3937654                               2.53%    passed     23.49%
  26  SAMEA5054089                               6.12%    passed     56.85%
  27  SAMEA5054090                               4.85%    passed     63.28%
  28  SAMEA5054092                               3.16%    passed     20.50%
  29  SAMEA5054093                              28.69%    passed     25.71%
  30  SAMEA5818798                              10.55%    passed     14.66%
  31  SAMEA5818799                               5.70%    passed      7.65%
  32  SAMEA5818800                               5.27%    passed      6.21%
  33  SAMEA5818801                              13.29%    passed     13.77%
  34  SAMEA5818803                               4.85%    passed     59.24%
  35  SAMEA5818805                               3.80%    passed     96.14%
  36  SAMEA5818806                               1.05%    passed     10.97%
  37  SAMEA5818808                              26.79%    passed     90.00%
  38  SAMEA5818809                               5.91%    passed     41.00%
  39  SAMEA5818811                              16.24%    failed      1.51%
  40  SAMEA5818815                               1.05%    passed     95.30%
  41  SAMEA5818817                               6.96%    passed     77.12%
  42  SAMEA5818818                              12.24%    passed     97.76%
  43  SAMEA5818821                               5.49%    passed     91.92%
  44  SAMEA5818822                              15.61%    passed     94.66%
  45  SAMEA5818825                              17.72%    passed     95.82%
  46  SAMEA5818826                               1.05%    passed     90.27%
  47  SAMEA5818828                               7.81%    passed     97.94%
  48  SAMEA5818829                               4.64%    passed     95.55%
  49  SAMEA5818830                               7.81%    passed     93.85%
  50  SAMEA6637002                               0.21%    passed     97.96%
  51  SAMEA6637004                               2.11%    passed     98.46%
  52  SAMEA6651390                               4.43%    passed     92.84%
  53  SAMEA7293135                               5.27%    failed      0.03%
  54  SAMEA7293136                              11.60%    passed     53.60%
  55  SAMEA7313236_38                           13.50%    failed      0.16%
  56  SAMEA7313243_45                           38.19%    passed     49.21%
  57  SAMEA7313246_49                            0.21%    passed     98.21%
  58  SAMN00715800                               4.22%    failed      4.06%
****  TOTAL                                     10.96%  9 sequences failed composition chi2 test (p-value<5%; df=3)
INFO: 4289810 const sites added into alignment
NOTE: minimal branch length is reduced to 0.000000023308 for long alignment

---> START RUN NUMBER 1 (seed: 2000534989)

Create initial parsimony tree by phylogenetic likelihood library (PLL)... 0.010 seconds
Generating 1000 samples for ultrafast bootstrap (seed: 2000534989)...

NOTE: 2 MB RAM (0 GB) is required!
WARNING: Number of threads seems too high for short alignments. Use -T AUTO to determine best number of threads.
Estimate model parameters (epsilon = 0.100)
1. Initial log-likelihood: -5950835.132
2. Current log-likelihood: -5950003.644
3. Current log-likelihood: -5949961.233
4. Current log-likelihood: -5949947.611
5. Current log-likelihood: -5949942.589
6. Current log-likelihood: -5949942.427
7. Current log-likelihood: -5949942.299
Optimal log-likelihood: -5949942.222
Rate parameters:  A-C: 1.00000  A-G: 2.27313  A-T: 0.41562  C-G: 0.41562  C-T: 2.27313  G-T: 1.00000
Base frequencies:  A: 0.263  C: 0.236  G: 0.239  T: 0.262
Proportion of invariable sites: 1.000
Parameters optimization took 7 rounds (0.090 sec)
Computing ML distances based on estimated model parameters...
Computing ML distances took 0.011987 sec (of wall-clock time) 0.097985 sec(of CPU time)
WARNING: Some pairwise ML distances are too long (saturated)
Computing RapidNJ tree took 0.042901 sec (of wall-clock time) 0.167974 sec (of CPU time)
Log-likelihood of RapidNJ tree: -5975204.766
--------------------------------------------------------------------
|             INITIALIZING CANDIDATE TREE SET                      |
--------------------------------------------------------------------
Generating 98 parsimony trees... 0.871 second
Computing log-likelihood of 98 initial trees ... 0.696 seconds
Current best score: -5949941.974

Do NNI search on 20 best initial trees
Estimate model parameters (epsilon = 0.100)
BETTER TREE FOUND at iteration 1: -5949941.108
Estimate model parameters (epsilon = 0.100)
BETTER TREE FOUND at iteration 2: -5949940.678
Estimate model parameters (epsilon = 0.100)
BETTER TREE FOUND at iteration 10: -5949940.645
Iteration 10 / LogL: -5949940.645 / Time: 0h:0m:40s
Estimate model parameters (epsilon = 0.100)
BETTER TREE FOUND at iteration 12: -5949940.602
Estimate model parameters (epsilon = 0.100)
BETTER TREE FOUND at iteration 20: -5949940.505
Iteration 20 / LogL: -5949940.505 / Time: 0h:0m:41s
Finish initializing candidate tree set (19)
Current best tree score: -5949940.505 / CPU time: 4.945
Number of iterations: 20
--------------------------------------------------------------------
|               OPTIMIZING CANDIDATE TREE SET                      |
--------------------------------------------------------------------
Iteration 30 / LogL: -5949942.561 / Time: 0h:0m:43s (0h:0m:22s left)
Iteration 40 / LogL: -5949940.839 / Time: 0h:0m:45s (0h:0m:18s left)
Iteration 50 / LogL: -5949942.224 / Time: 0h:0m:47s (0h:0m:15s left)
Log-likelihood cutoff on original alignment: -5949967.999
Iteration 60 / LogL: -5949940.787 / Time: 0h:0m:50s (0h:0m:13s left)
Iteration 70 / LogL: -5949940.765 / Time: 0h:0m:51s (0h:0m:10s left)
Iteration 80 / LogL: -5949952.677 / Time: 0h:0m:53s (0h:0m:8s left)
BETTER TREE FOUND at iteration 82: -5949940.499
Iteration 90 / LogL: -5949942.425 / Time: 0h:0m:55s (0h:0m:19s left)
Iteration 100 / LogL: -5949941.034 / Time: 0h:0m:57s (0h:0m:17s left)
Log-likelihood cutoff on original alignment: -5949968.471
NOTE: Bootstrap correlation coefficient of split occurrence frequencies: 0.977
NOTE: UFBoot does not converge, continue at least 100 more iterations
Iteration 110 / LogL: -5949944.723 / Time: 0h:0m:59s (0h:0m:19s left)
Iteration 120 / LogL: -5949941.004 / Time: 0h:1m:1s (0h:0m:16s left)
Iteration 130 / LogL: -5949940.608 / Time: 0h:1m:3s (0h:0m:14s left)
Iteration 140 / LogL: -5949940.746 / Time: 0h:1m:5s (0h:0m:12s left)
Iteration 150 / LogL: -5949940.627 / Time: 0h:1m:7s (0h:0m:10s left)
Log-likelihood cutoff on original alignment: -5949968.218
Iteration 160 / LogL: -5949940.750 / Time: 0h:1m:9s (0h:0m:8s left)
Iteration 170 / LogL: -5949940.652 / Time: 0h:1m:11s (0h:0m:6s left)
Iteration 180 / LogL: -5949940.774 / Time: 0h:1m:13s (0h:0m:4s left)
Iteration 190 / LogL: -5949955.239 / Time: 0h:1m:15s (0h:0m:2s left)
Iteration 200 / LogL: -5949941.000 / Time: 0h:1m:17s (0h:0m:0s left)
Log-likelihood cutoff on original alignment: -5949968.353
NOTE: Bootstrap correlation coefficient of split occurrence frequencies: 0.995
TREE SEARCH COMPLETED AFTER 200 ITERATIONS / Time: 0h:1m:17s

--------------------------------------------------------------------
|                    FINALIZING TREE SEARCH                        |
--------------------------------------------------------------------
Performs final model parameters optimization
Estimate model parameters (epsilon = 0.010)
1. Initial log-likelihood: -5949940.499
Optimal log-likelihood: -5949940.490
Rate parameters:  A-C: 1.00000  A-G: 2.23830  A-T: 0.38558  C-G: 0.38558  C-T: 2.23830  G-T: 1.00000
Base frequencies:  A: 0.263  C: 0.236  G: 0.239  T: 0.262
Proportion of invariable sites: 1.000
Parameters optimization took 1 rounds (0.019 sec)
BEST SCORE FOUND : -5949940.490
Creating bootstrap support values...
Split supports printed to NEXUS file /2/scratch/keaton/plague-phylogeography/results/iqtree/all/chromosome/full/filter30/iqtree.splits.nex
Total tree length: 0.000

Total number of iterations: 200
CPU time used for tree search: 356.740 sec (0h:5m:56s)
Wall-clock time used for tree search: 40.801 sec (0h:0m:40s)
Total CPU time used: 394.347 sec (0h:6m:34s)
Total wall-clock time used: 78.231 sec (0h:1m:18s)

Computing bootstrap consensus tree...
Reading input file /2/scratch/keaton/plague-phylogeography/results/iqtree/all/chromosome/full/filter30/iqtree.splits.nex...
58 taxa and 530 splits.
Consensus tree written to /2/scratch/keaton/plague-phylogeography/results/iqtree/all/chromosome/full/filter30/iqtree.contree
Reading input trees file /2/scratch/keaton/plague-phylogeography/results/iqtree/all/chromosome/full/filter30/iqtree.contree
Log-likelihood of consensus tree: -5949942.817

---> START RUN NUMBER 2 (seed: 2000535989)

Create initial parsimony tree by phylogenetic likelihood library (PLL)... 0.010 seconds
Generating 1000 samples for ultrafast bootstrap (seed: 2000535989)...

NOTE: 2 MB RAM (0 GB) is required!
WARNING: Number of threads seems too high for short alignments. Use -T AUTO to determine best number of threads.
Estimate model parameters (epsilon = 0.100)
1. Initial log-likelihood: -5950830.351
2. Current log-likelihood: -5950003.170
3. Current log-likelihood: -5949960.798
4. Current log-likelihood: -5949947.022
5. Current log-likelihood: -5949942.273
6. Current log-likelihood: -5949942.073
7. Current log-likelihood: -5949941.867
8. Current log-likelihood: -5949941.746
Optimal log-likelihood: -5949941.736
Rate parameters:  A-C: 1.00000  A-G: 2.24927  A-T: 0.38508  C-G: 0.38508  C-T: 2.24927  G-T: 1.00000
Base frequencies:  A: 0.263  C: 0.236  G: 0.239  T: 0.262
Proportion of invariable sites: 1.000
Parameters optimization took 8 rounds (0.100 sec)
Computing ML distances based on estimated model parameters...
Computing ML distances took 0.010868 sec (of wall-clock time) 0.093986 sec(of CPU time)
WARNING: Some pairwise ML distances are too long (saturated)
Computing RapidNJ tree took 0.043501 sec (of wall-clock time) 0.170974 sec (of CPU time)
Log-likelihood of RapidNJ tree: -5979800.088
--------------------------------------------------------------------
|             INITIALIZING CANDIDATE TREE SET                      |
--------------------------------------------------------------------
Generating 98 parsimony trees... 0.897 second
Computing log-likelihood of 98 initial trees ... 0.686 seconds
Current best score: -5949941.735

Do NNI search on 20 best initial trees
Estimate model parameters (epsilon = 0.100)
BETTER TREE FOUND at iteration 1: -5949940.836
Estimate model parameters (epsilon = 0.100)
BETTER TREE FOUND at iteration 2: -5949940.679
BETTER TREE FOUND at iteration 8: -5949940.676
Iteration 10 / LogL: -5949940.717 / Time: 0h:0m:40s
Estimate model parameters (epsilon = 0.100)
BETTER TREE FOUND at iteration 15: -5949940.598
Iteration 20 / LogL: -5949940.764 / Time: 0h:0m:42s
Finish initializing candidate tree set (20)
Current best tree score: -5949940.598 / CPU time: 5.026
Number of iterations: 20
--------------------------------------------------------------------
|               OPTIMIZING CANDIDATE TREE SET                      |
--------------------------------------------------------------------
Iteration 30 / LogL: -5949940.698 / Time: 0h:0m:44s (0h:0m:20s left)
Iteration 40 / LogL: -5949943.816 / Time: 0h:0m:45s (0h:0m:17s left)
Iteration 50 / LogL: -5949941.191 / Time: 0h:0m:47s (0h:0m:14s left)
Log-likelihood cutoff on original alignment: -5949967.578
Iteration 60 / LogL: -5949940.983 / Time: 0h:0m:49s (0h:0m:12s left)
Estimate model parameters (epsilon = 0.100)
BETTER TREE FOUND at iteration 68: -5949940.556
Iteration 70 / LogL: -5949940.731 / Time: 0h:0m:51s (0h:0m:20s left)
BETTER TREE FOUND at iteration 72: -5949940.547
Iteration 80 / LogL: -5949941.033 / Time: 0h:0m:53s (0h:0m:19s left)
Iteration 90 / LogL: -5949940.976 / Time: 0h:0m:55s (0h:0m:16s left)
Iteration 100 / LogL: -5949940.873 / Time: 0h:0m:56s (0h:0m:14s left)
Log-likelihood cutoff on original alignment: -5949968.043
NOTE: Bootstrap correlation coefficient of split occurrence frequencies: 0.993
Iteration 110 / LogL: -5949943.275 / Time: 0h:0m:59s (0h:0m:18s left)
Estimate model parameters (epsilon = 0.100)
BETTER TREE FOUND at iteration 117: -5949940.519
Iteration 120 / LogL: -5949942.309 / Time: 0h:1m:1s (0h:0m:19s left)
Iteration 130 / LogL: -5949940.725 / Time: 0h:1m:3s (0h:0m:17s left)
Iteration 140 / LogL: -5949945.001 / Time: 0h:1m:5s (0h:0m:15s left)
Iteration 150 / LogL: -5949940.733 / Time: 0h:1m:6s (0h:0m:13s left)
Log-likelihood cutoff on original alignment: -5949969.668
Estimate model parameters (epsilon = 0.100)
BETTER TREE FOUND at iteration 158: -5949940.494
Iteration 160 / LogL: -5949940.712 / Time: 0h:1m:9s (0h:0m:19s left)
Estimate model parameters (epsilon = 0.100)
BETTER TREE FOUND at iteration 169: -5949940.474
Iteration 170 / LogL: -5949964.701 / Time: 0h:1m:11s (0h:0m:20s left)
BETTER TREE FOUND at iteration 175: -5949940.473
Iteration 180 / LogL: -5949940.640 / Time: 0h:1m:12s (0h:0m:19s left)
Iteration 190 / LogL: -5949954.824 / Time: 0h:1m:14s (0h:0m:17s left)
Iteration 200 / LogL: -5949943.478 / Time: 0h:1m:16s (0h:0m:14s left)
Log-likelihood cutoff on original alignment: -5949971.185
NOTE: Bootstrap correlation coefficient of split occurrence frequencies: 0.991
Iteration 210 / LogL: -5949941.125 / Time: 0h:1m:18s (0h:0m:18s left)
Iteration 220 / LogL: -5949940.686 / Time: 0h:1m:20s (0h:0m:16s left)
Iteration 230 / LogL: -5949940.547 / Time: 0h:1m:22s (0h:0m:14s left)
Iteration 240 / LogL: -5949940.651 / Time: 0h:1m:24s (0h:0m:11s left)
Iteration 250 / LogL: -5949940.853 / Time: 0h:1m:26s (0h:0m:9s left)
Log-likelihood cutoff on original alignment: -5949971.185
Iteration 260 / LogL: -5949940.603 / Time: 0h:1m:29s (0h:0m:8s left)
Iteration 270 / LogL: -5949940.756 / Time: 0h:1m:31s (0h:0m:6s left)
TREE SEARCH COMPLETED AFTER 276 ITERATIONS / Time: 0h:1m:32s

--------------------------------------------------------------------
|                    FINALIZING TREE SEARCH                        |
--------------------------------------------------------------------
Performs final model parameters optimization
Estimate model parameters (epsilon = 0.010)
1. Initial log-likelihood: -5949940.473
Optimal log-likelihood: -5949940.473
Rate parameters:  A-C: 1.00000  A-G: 2.21384  A-T: 0.38056  C-G: 0.38056  C-T: 2.21384  G-T: 1.00000
Base frequencies:  A: 0.263  C: 0.236  G: 0.239  T: 0.262
Proportion of invariable sites: 1.000
Parameters optimization took 1 rounds (0.019 sec)
BEST SCORE FOUND : -5949940.473
Creating bootstrap support values...
Split supports printed to NEXUS file /2/scratch/keaton/plague-phylogeography/results/iqtree/all/chromosome/full/filter30/iqtree.splits.nex
Total tree length: 0.000

Total number of iterations: 276
CPU time used for tree search: 476.092 sec (0h:7m:56s)
Wall-clock time used for tree search: 55.099 sec (0h:0m:55s)
Total CPU time used: 513.775 sec (0h:8m:33s)
Total wall-clock time used: 92.625 sec (0h:1m:32s)

Computing bootstrap consensus tree...
Reading input file /2/scratch/keaton/plague-phylogeography/results/iqtree/all/chromosome/full/filter30/iqtree.splits.nex...
58 taxa and 557 splits.
Consensus tree written to /2/scratch/keaton/plague-phylogeography/results/iqtree/all/chromosome/full/filter30/iqtree.contree
Reading input trees file /2/scratch/keaton/plague-phylogeography/results/iqtree/all/chromosome/full/filter30/iqtree.contree
Log-likelihood of consensus tree: -5949942.670

---> START RUN NUMBER 3 (seed: 2000536989)

Create initial parsimony tree by phylogenetic likelihood library (PLL)... 0.009 seconds
Generating 1000 samples for ultrafast bootstrap (seed: 2000536989)...

NOTE: 2 MB RAM (0 GB) is required!
WARNING: Number of threads seems too high for short alignments. Use -T AUTO to determine best number of threads.
Estimate model parameters (epsilon = 0.100)
1. Initial log-likelihood: -5950834.668
2. Current log-likelihood: -5950003.059
3. Current log-likelihood: -5949960.672
4. Current log-likelihood: -5949947.044
5. Current log-likelihood: -5949942.023
6. Current log-likelihood: -5949941.831
7. Current log-likelihood: -5949941.689
Optimal log-likelihood: -5949941.598
Rate parameters:  A-C: 1.00000  A-G: 2.29201  A-T: 0.37741  C-G: 0.37741  C-T: 2.29201  G-T: 1.00000
Base frequencies:  A: 0.263  C: 0.236  G: 0.239  T: 0.262
Proportion of invariable sites: 1.000
Parameters optimization took 7 rounds (0.084 sec)
Computing ML distances based on estimated model parameters...
Computing ML distances took 0.010900 sec (of wall-clock time) 0.093986 sec(of CPU time)
WARNING: Some pairwise ML distances are too long (saturated)
Computing RapidNJ tree took 0.043558 sec (of wall-clock time) 0.180972 sec (of CPU time)
Log-likelihood of RapidNJ tree: -5979800.092
--------------------------------------------------------------------
|             INITIALIZING CANDIDATE TREE SET                      |
--------------------------------------------------------------------
Generating 98 parsimony trees... 0.897 second
Computing log-likelihood of 98 initial trees ... 0.683 seconds
Current best score: -5949941.597

Do NNI search on 20 best initial trees
Estimate model parameters (epsilon = 0.100)
BETTER TREE FOUND at iteration 1: -5949940.654
Estimate model parameters (epsilon = 0.100)
BETTER TREE FOUND at iteration 2: -5949940.599
Estimate model parameters (epsilon = 0.100)
BETTER TREE FOUND at iteration 3: -5949940.546
Iteration 10 / LogL: -5949941.005 / Time: 0h:0m:40s
Iteration 20 / LogL: -5949940.817 / Time: 0h:0m:42s
Finish initializing candidate tree set (20)
Current best tree score: -5949940.546 / CPU time: 5.031
Number of iterations: 20
--------------------------------------------------------------------
|               OPTIMIZING CANDIDATE TREE SET                      |
--------------------------------------------------------------------
Iteration 30 / LogL: -5949940.635 / Time: 0h:0m:43s (0h:0m:18s left)
Estimate model parameters (epsilon = 0.100)
BETTER TREE FOUND at iteration 37: -5949940.473
Iteration 40 / LogL: -5949942.219 / Time: 0h:0m:45s (0h:0m:22s left)
Iteration 50 / LogL: -5950179.637 / Time: 0h:0m:47s (0h:0m:19s left)
Log-likelihood cutoff on original alignment: -5949964.500
Iteration 60 / LogL: -5949942.091 / Time: 0h:0m:49s (0h:0m:16s left)
Iteration 70 / LogL: -5949941.022 / Time: 0h:0m:51s (0h:0m:14s left)
Iteration 80 / LogL: -5949940.821 / Time: 0h:0m:53s (0h:0m:12s left)
Iteration 90 / LogL: -5950179.667 / Time: 0h:0m:55s (0h:0m:9s left)
Iteration 100 / LogL: -5949940.718 / Time: 0h:0m:57s (0h:0m:7s left)
Log-likelihood cutoff on original alignment: -5949965.392
NOTE: Bootstrap correlation coefficient of split occurrence frequencies: 0.990
Iteration 110 / LogL: -5949940.888 / Time: 0h:0m:59s (0h:0m:18s left)
Iteration 120 / LogL: -5949940.682 / Time: 0h:1m:1s (0h:0m:16s left)
Iteration 130 / LogL: -5949940.950 / Time: 0h:1m:3s (0h:0m:14s left)
TREE SEARCH COMPLETED AFTER 138 ITERATIONS / Time: 0h:1m:4s

--------------------------------------------------------------------
|                    FINALIZING TREE SEARCH                        |
--------------------------------------------------------------------
Performs final model parameters optimization
Estimate model parameters (epsilon = 0.010)
1. Initial log-likelihood: -5949940.472
Optimal log-likelihood: -5949940.466
Rate parameters:  A-C: 1.00000  A-G: 2.21735  A-T: 0.38226  C-G: 0.38226  C-T: 2.21735  G-T: 1.00000
Base frequencies:  A: 0.263  C: 0.236  G: 0.239  T: 0.262
Proportion of invariable sites: 1.000
Parameters optimization took 1 rounds (0.021 sec)
BEST SCORE FOUND : -5949940.466
Creating bootstrap support values...
Split supports printed to NEXUS file /2/scratch/keaton/plague-phylogeography/results/iqtree/all/chromosome/full/filter30/iqtree.splits.nex
Total tree length: 0.000

Total number of iterations: 138
CPU time used for tree search: 242.804 sec (0h:4m:2s)
Wall-clock time used for tree search: 27.577 sec (0h:0m:27s)
Total CPU time used: 280.306 sec (0h:4m:40s)
Total wall-clock time used: 65.047 sec (0h:1m:5s)

Computing bootstrap consensus tree...
Reading input file /2/scratch/keaton/plague-phylogeography/results/iqtree/all/chromosome/full/filter30/iqtree.splits.nex...
58 taxa and 493 splits.
Consensus tree written to /2/scratch/keaton/plague-phylogeography/results/iqtree/all/chromosome/full/filter30/iqtree.contree
Reading input trees file /2/scratch/keaton/plague-phylogeography/results/iqtree/all/chromosome/full/filter30/iqtree.contree
Log-likelihood of consensus tree: -5949942.667

---> START RUN NUMBER 4 (seed: 2000537989)

Create initial parsimony tree by phylogenetic likelihood library (PLL)... 0.006 seconds
Generating 1000 samples for ultrafast bootstrap (seed: 2000537989)...

NOTE: 2 MB RAM (0 GB) is required!
WARNING: Number of threads seems too high for short alignments. Use -T AUTO to determine best number of threads.
Estimate model parameters (epsilon = 0.100)
1. Initial log-likelihood: -5950829.746
2. Current log-likelihood: -5950002.957
3. Current log-likelihood: -5949960.597
4. Current log-likelihood: -5949946.811
5. Current log-likelihood: -5949942.072
6. Current log-likelihood: -5949941.861
7. Current log-likelihood: -5949941.617
8. Current log-likelihood: -5949941.513
Optimal log-likelihood: -5949941.509
Rate parameters:  A-C: 1.00000  A-G: 2.22562  A-T: 0.38293  C-G: 0.38293  C-T: 2.22562  G-T: 1.00000
Base frequencies:  A: 0.263  C: 0.236  G: 0.239  T: 0.262
Proportion of invariable sites: 1.000
Parameters optimization took 8 rounds (0.098 sec)
Computing ML distances based on estimated model parameters...
Computing ML distances took 0.010857 sec (of wall-clock time) 0.095985 sec(of CPU time)
WARNING: Some pairwise ML distances are too long (saturated)
Computing RapidNJ tree took 0.040003 sec (of wall-clock time) 0.137979 sec (of CPU time)
Log-likelihood of RapidNJ tree: -5979800.086
--------------------------------------------------------------------
|             INITIALIZING CANDIDATE TREE SET                      |
--------------------------------------------------------------------
Generating 98 parsimony trees... 0.880 second
Computing log-likelihood of 98 initial trees ... 0.695 seconds
Current best score: -5949941.509

Do NNI search on 20 best initial trees
Estimate model parameters (epsilon = 0.100)
BETTER TREE FOUND at iteration 1: -5949940.481
Iteration 10 / LogL: -5949940.737 / Time: 0h:0m:40s
Iteration 20 / LogL: -5949940.842 / Time: 0h:0m:41s
Finish initializing candidate tree set (20)
Current best tree score: -5949940.481 / CPU time: 4.933
Number of iterations: 20
--------------------------------------------------------------------
|               OPTIMIZING CANDIDATE TREE SET                      |
--------------------------------------------------------------------
Iteration 30 / LogL: -5949942.748 / Time: 0h:0m:43s (0h:0m:17s left)
Iteration 40 / LogL: -5949944.810 / Time: 0h:0m:45s (0h:0m:13s left)
Iteration 50 / LogL: -5949940.577 / Time: 0h:0m:47s (0h:0m:11s left)
Log-likelihood cutoff on original alignment: -5949984.460
Iteration 60 / LogL: -5949940.735 / Time: 0h:0m:49s (0h:0m:9s left)
Estimate model parameters (epsilon = 0.100)
BETTER TREE FOUND at iteration 68: -5949940.462
Iteration 70 / LogL: -5949944.402 / Time: 0h:0m:51s (0h:0m:21s left)
Iteration 80 / LogL: -5949940.904 / Time: 0h:0m:53s (0h:0m:18s left)
Iteration 90 / LogL: -5949942.154 / Time: 0h:0m:55s (0h:0m:16s left)
Iteration 100 / LogL: -5949940.914 / Time: 0h:0m:57s (0h:0m:14s left)
Log-likelihood cutoff on original alignment: -5949984.460
NOTE: Bootstrap correlation coefficient of split occurrence frequencies: 0.992
Iteration 110 / LogL: -5949944.301 / Time: 0h:0m:59s (0h:0m:19s left)
Iteration 120 / LogL: -5949944.279 / Time: 0h:1m:1s (0h:0m:16s left)
Iteration 130 / LogL: -5949940.514 / Time: 0h:1m:3s (0h:0m:14s left)
Iteration 140 / LogL: -5949940.738 / Time: 0h:1m:5s (0h:0m:12s left)
Iteration 150 / LogL: -5949940.861 / Time: 0h:1m:7s (0h:0m:10s left)
Log-likelihood cutoff on original alignment: -5949982.097
Iteration 160 / LogL: -5949940.574 / Time: 0h:1m:9s (0h:0m:8s left)
TREE SEARCH COMPLETED AFTER 169 ITERATIONS / Time: 0h:1m:11s

--------------------------------------------------------------------
|                    FINALIZING TREE SEARCH                        |
--------------------------------------------------------------------
Performs final model parameters optimization
Estimate model parameters (epsilon = 0.010)
1. Initial log-likelihood: -5949940.462
Optimal log-likelihood: -5949940.462
Rate parameters:  A-C: 1.00000  A-G: 2.21092  A-T: 0.38243  C-G: 0.38243  C-T: 2.21092  G-T: 1.00000
Base frequencies:  A: 0.263  C: 0.236  G: 0.239  T: 0.262
Proportion of invariable sites: 1.000
Parameters optimization took 1 rounds (0.019 sec)
BEST SCORE FOUND : -5949940.462
Creating bootstrap support values...
Split supports printed to NEXUS file /2/scratch/keaton/plague-phylogeography/results/iqtree/all/chromosome/full/filter30/iqtree.splits.nex
Total tree length: 0.000

Total number of iterations: 169
CPU time used for tree search: 300.972 sec (0h:5m:0s)
Wall-clock time used for tree search: 34.462 sec (0h:0m:34s)
Total CPU time used: 338.380 sec (0h:5m:38s)
Total wall-clock time used: 71.836 sec (0h:1m:11s)

Computing bootstrap consensus tree...
Reading input file /2/scratch/keaton/plague-phylogeography/results/iqtree/all/chromosome/full/filter30/iqtree.splits.nex...
58 taxa and 603 splits.
Consensus tree written to /2/scratch/keaton/plague-phylogeography/results/iqtree/all/chromosome/full/filter30/iqtree.contree
Reading input trees file /2/scratch/keaton/plague-phylogeography/results/iqtree/all/chromosome/full/filter30/iqtree.contree
Log-likelihood of consensus tree: -5949942.669

---> START RUN NUMBER 5 (seed: 2000538989)

Create initial parsimony tree by phylogenetic likelihood library (PLL)... 0.009 seconds
Generating 1000 samples for ultrafast bootstrap (seed: 2000538989)...

NOTE: 2 MB RAM (0 GB) is required!
WARNING: Number of threads seems too high for short alignments. Use -T AUTO to determine best number of threads.
Estimate model parameters (epsilon = 0.100)
1. Initial log-likelihood: -5950835.362
2. Current log-likelihood: -5950003.670
3. Current log-likelihood: -5949961.260
4. Current log-likelihood: -5949947.640
5. Current log-likelihood: -5949942.619
6. Current log-likelihood: -5949942.466
7. Current log-likelihood: -5949942.343
Optimal log-likelihood: -5949942.268
Rate parameters:  A-C: 1.00000  A-G: 2.29723  A-T: 0.41710  C-G: 0.41710  C-T: 2.29723  G-T: 1.00000
Base frequencies:  A: 0.263  C: 0.236  G: 0.239  T: 0.262
Proportion of invariable sites: 1.000
Parameters optimization took 7 rounds (0.091 sec)
Computing ML distances based on estimated model parameters...
Computing ML distances took 0.011068 sec (of wall-clock time) 0.093986 sec(of CPU time)
WARNING: Some pairwise ML distances are too long (saturated)
Computing RapidNJ tree took 0.043673 sec (of wall-clock time) 0.168974 sec (of CPU time)
Log-likelihood of RapidNJ tree: -5979800.087
--------------------------------------------------------------------
|             INITIALIZING CANDIDATE TREE SET                      |
--------------------------------------------------------------------
Generating 98 parsimony trees... 0.916 second
Computing log-likelihood of 98 initial trees ... 0.685 seconds
Current best score: -5949942.066

Do NNI search on 20 best initial trees
Estimate model parameters (epsilon = 0.100)
BETTER TREE FOUND at iteration 1: -5949940.646
Estimate model parameters (epsilon = 0.100)
BETTER TREE FOUND at iteration 6: -5949940.598
Estimate model parameters (epsilon = 0.100)
BETTER TREE FOUND at iteration 9: -5949940.526
Iteration 10 / LogL: -5949940.894 / Time: 0h:0m:40s
Iteration 20 / LogL: -5949940.979 / Time: 0h:0m:42s
Finish initializing candidate tree set (20)
Current best tree score: -5949940.526 / CPU time: 5.347
Number of iterations: 20
--------------------------------------------------------------------
|               OPTIMIZING CANDIDATE TREE SET                      |
--------------------------------------------------------------------
Iteration 30 / LogL: -5949943.400 / Time: 0h:0m:44s (0h:0m:20s left)
Iteration 40 / LogL: -5949942.209 / Time: 0h:0m:46s (0h:0m:16s left)
Iteration 50 / LogL: -5949940.969 / Time: 0h:0m:47s (0h:0m:13s left)
Log-likelihood cutoff on original alignment: -5949971.205
Iteration 60 / LogL: -5949940.952 / Time: 0h:0m:50s (0h:0m:11s left)
Estimate model parameters (epsilon = 0.100)
BETTER TREE FOUND at iteration 66: -5949940.474
Iteration 70 / LogL: -5949941.931 / Time: 0h:0m:51s (0h:0m:21s left)
Iteration 80 / LogL: -5949942.241 / Time: 0h:0m:53s (0h:0m:18s left)
Iteration 90 / LogL: -5949941.374 / Time: 0h:0m:55s (0h:0m:16s left)
Iteration 100 / LogL: -5949940.612 / Time: 0h:0m:57s (0h:0m:13s left)
Log-likelihood cutoff on original alignment: -5949971.269
NOTE: Bootstrap correlation coefficient of split occurrence frequencies: 0.992
Iteration 110 / LogL: -5949940.562 / Time: 0h:0m:59s (0h:0m:19s left)
Iteration 120 / LogL: -5949940.769 / Time: 0h:1m:1s (0h:0m:16s left)
Iteration 130 / LogL: -5949949.414 / Time: 0h:1m:3s (0h:0m:14s left)
Iteration 140 / LogL: -5949942.343 / Time: 0h:1m:5s (0h:0m:12s left)
Iteration 150 / LogL: -5949940.940 / Time: 0h:1m:7s (0h:0m:10s left)
Log-likelihood cutoff on original alignment: -5949971.262
Iteration 160 / LogL: -5949941.224 / Time: 0h:1m:9s (0h:0m:8s left)
TREE SEARCH COMPLETED AFTER 167 ITERATIONS / Time: 0h:1m:11s

--------------------------------------------------------------------
|                    FINALIZING TREE SEARCH                        |
--------------------------------------------------------------------
Performs final model parameters optimization
Estimate model parameters (epsilon = 0.010)
1. Initial log-likelihood: -5949940.473
Optimal log-likelihood: -5949940.467
Rate parameters:  A-C: 1.00000  A-G: 2.22555  A-T: 0.37782  C-G: 0.37782  C-T: 2.22555  G-T: 1.00000
Base frequencies:  A: 0.263  C: 0.236  G: 0.239  T: 0.262
Proportion of invariable sites: 1.000
Parameters optimization took 1 rounds (0.022 sec)
BEST SCORE FOUND : -5949940.467
Creating bootstrap support values...
Split supports printed to NEXUS file /2/scratch/keaton/plague-phylogeography/results/iqtree/all/chromosome/full/filter30/iqtree.splits.nex
Total tree length: 0.000

Total number of iterations: 167
CPU time used for tree search: 299.258 sec (0h:4m:59s)
Wall-clock time used for tree search: 34.287 sec (0h:0m:34s)
Total CPU time used: 336.778 sec (0h:5m:36s)
Total wall-clock time used: 71.673 sec (0h:1m:11s)

Computing bootstrap consensus tree...
Reading input file /2/scratch/keaton/plague-phylogeography/results/iqtree/all/chromosome/full/filter30/iqtree.splits.nex...
58 taxa and 569 splits.
Consensus tree written to /2/scratch/keaton/plague-phylogeography/results/iqtree/all/chromosome/full/filter30/iqtree.contree
Reading input trees file /2/scratch/keaton/plague-phylogeography/results/iqtree/all/chromosome/full/filter30/iqtree.contree
Log-likelihood of consensus tree: -5949942.675

---> START RUN NUMBER 6 (seed: 2000539989)

Create initial parsimony tree by phylogenetic likelihood library (PLL)... 0.008 seconds
Generating 1000 samples for ultrafast bootstrap (seed: 2000539989)...

NOTE: 2 MB RAM (0 GB) is required!
WARNING: Number of threads seems too high for short alignments. Use -T AUTO to determine best number of threads.
Estimate model parameters (epsilon = 0.100)
1. Initial log-likelihood: -5950835.637
2. Current log-likelihood: -5950003.465
3. Current log-likelihood: -5949961.059
4. Current log-likelihood: -5949947.438
5. Current log-likelihood: -5949942.417
6. Current log-likelihood: -5949942.261
7. Current log-likelihood: -5949942.136
Optimal log-likelihood: -5949942.060
Rate parameters:  A-C: 1.00000  A-G: 2.28883  A-T: 0.41674  C-G: 0.41674  C-T: 2.28883  G-T: 1.00000
Base frequencies:  A: 0.263  C: 0.236  G: 0.239  T: 0.262
Proportion of invariable sites: 1.000
Parameters optimization took 7 rounds (0.115 sec)
Computing ML distances based on estimated model parameters...
Computing ML distances took 0.010880 sec (of wall-clock time) 0.094986 sec(of CPU time)
WARNING: Some pairwise ML distances are too long (saturated)
Computing RapidNJ tree took 0.043258 sec (of wall-clock time) 0.160976 sec (of CPU time)
Log-likelihood of RapidNJ tree: -5978704.301
--------------------------------------------------------------------
|             INITIALIZING CANDIDATE TREE SET                      |
--------------------------------------------------------------------
Generating 98 parsimony trees... 0.914 second
Computing log-likelihood of 98 initial trees ... 0.680 seconds
Current best score: -5949941.939

Do NNI search on 20 best initial trees
Estimate model parameters (epsilon = 0.100)
BETTER TREE FOUND at iteration 1: -5949940.473
Iteration 10 / LogL: -5949941.142 / Time: 0h:0m:40s
Iteration 20 / LogL: -5949940.633 / Time: 0h:0m:41s
Finish initializing candidate tree set (20)
Current best tree score: -5949940.473 / CPU time: 4.993
Number of iterations: 20
--------------------------------------------------------------------
|               OPTIMIZING CANDIDATE TREE SET                      |
--------------------------------------------------------------------
Iteration 30 / LogL: -5949940.837 / Time: 0h:0m:43s (0h:0m:17s left)
Iteration 40 / LogL: -5949942.464 / Time: 0h:0m:45s (0h:0m:14s left)
Iteration 50 / LogL: -5949950.922 / Time: 0h:0m:47s (0h:0m:11s left)
Log-likelihood cutoff on original alignment: -5949970.985
Iteration 60 / LogL: -5949940.716 / Time: 0h:0m:49s (0h:0m:9s left)
Iteration 70 / LogL: -5949940.702 / Time: 0h:0m:51s (0h:0m:6s left)
Iteration 80 / LogL: -5949940.833 / Time: 0h:0m:53s (0h:0m:4s left)
Iteration 90 / LogL: -5949942.724 / Time: 0h:0m:55s (0h:0m:2s left)
Iteration 100 / LogL: -5949941.222 / Time: 0h:0m:57s (0h:0m:0s left)
Log-likelihood cutoff on original alignment: -5949970.854
NOTE: Bootstrap correlation coefficient of split occurrence frequencies: 0.988
NOTE: UFBoot does not converge, continue at least 100 more iterations
Iteration 110 / LogL: -5949953.377 / Time: 0h:0m:59s (0h:0m:18s left)
Iteration 120 / LogL: -5949956.572 / Time: 0h:1m:1s (0h:0m:16s left)
Iteration 130 / LogL: -5949940.890 / Time: 0h:1m:3s (0h:0m:14s left)
Iteration 140 / LogL: -5949942.227 / Time: 0h:1m:5s (0h:0m:12s left)
Iteration 150 / LogL: -5949941.277 / Time: 0h:1m:7s (0h:0m:10s left)
Log-likelihood cutoff on original alignment: -5949970.603
Iteration 160 / LogL: -5949940.561 / Time: 0h:1m:9s (0h:0m:8s left)
BETTER TREE FOUND at iteration 162: -5949940.468
Iteration 170 / LogL: -5949940.790 / Time: 0h:1m:11s (0h:0m:18s left)
Iteration 180 / LogL: -5949940.871 / Time: 0h:1m:13s (0h:0m:16s left)
Iteration 190 / LogL: -5949940.961 / Time: 0h:1m:15s (0h:0m:14s left)
Iteration 200 / LogL: -5949952.901 / Time: 0h:1m:16s (0h:0m:12s left)
Log-likelihood cutoff on original alignment: -5949970.603
NOTE: Bootstrap correlation coefficient of split occurrence frequencies: 0.997
Iteration 210 / LogL: -5949940.833 / Time: 0h:1m:19s (0h:0m:18s left)
Iteration 220 / LogL: -5949953.958 / Time: 0h:1m:21s (0h:0m:16s left)
Iteration 230 / LogL: -5949942.096 / Time: 0h:1m:23s (0h:0m:14s left)
Iteration 240 / LogL: -5949940.815 / Time: 0h:1m:25s (0h:0m:12s left)
Iteration 250 / LogL: -5949944.045 / Time: 0h:1m:27s (0h:0m:10s left)
Log-likelihood cutoff on original alignment: -5949970.247
Iteration 260 / LogL: -5949944.146 / Time: 0h:1m:29s (0h:0m:8s left)
TREE SEARCH COMPLETED AFTER 263 ITERATIONS / Time: 0h:1m:30s

--------------------------------------------------------------------
|                    FINALIZING TREE SEARCH                        |
--------------------------------------------------------------------
Performs final model parameters optimization
Estimate model parameters (epsilon = 0.010)
1. Initial log-likelihood: -5949940.468
2. Current log-likelihood: -5949940.451
3. Current log-likelihood: -5949940.440
Optimal log-likelihood: -5949940.433
Rate parameters:  A-C: 1.00000  A-G: 2.24860  A-T: 0.38783  C-G: 0.38783  C-T: 2.24860  G-T: 1.00000
Base frequencies:  A: 0.263  C: 0.236  G: 0.239  T: 0.262
Proportion of invariable sites: 1.000
Parameters optimization took 3 rounds (0.042 sec)
BEST SCORE FOUND : -5949940.433
Creating bootstrap support values...
Split supports printed to NEXUS file /2/scratch/keaton/plague-phylogeography/results/iqtree/all/chromosome/full/filter30/iqtree.splits.nex
Total tree length: 0.000

Total number of iterations: 263
CPU time used for tree search: 462.025 sec (0h:7m:42s)
Wall-clock time used for tree search: 53.426 sec (0h:0m:53s)
Total CPU time used: 499.694 sec (0h:8m:19s)
Total wall-clock time used: 90.808 sec (0h:1m:30s)

Computing bootstrap consensus tree...
Reading input file /2/scratch/keaton/plague-phylogeography/results/iqtree/all/chromosome/full/filter30/iqtree.splits.nex...
58 taxa and 548 splits.
Consensus tree written to /2/scratch/keaton/plague-phylogeography/results/iqtree/all/chromosome/full/filter30/iqtree.contree
Reading input trees file /2/scratch/keaton/plague-phylogeography/results/iqtree/all/chromosome/full/filter30/iqtree.contree
Log-likelihood of consensus tree: -5949942.687

---> START RUN NUMBER 7 (seed: 2000540989)

Create initial parsimony tree by phylogenetic likelihood library (PLL)... 0.009 seconds
Generating 1000 samples for ultrafast bootstrap (seed: 2000540989)...

NOTE: 2 MB RAM (0 GB) is required!
WARNING: Number of threads seems too high for short alignments. Use -T AUTO to determine best number of threads.
Estimate model parameters (epsilon = 0.100)
1. Initial log-likelihood: -5950830.670
2. Current log-likelihood: -5950018.967
3. Current log-likelihood: -5949978.181
4. Current log-likelihood: -5949964.659
Optimal log-likelihood: -5949964.568
Rate parameters:  A-C: 1.00000  A-G: 1.96396  A-T: 0.50237  C-G: 0.50237  C-T: 1.96396  G-T: 1.00000
Base frequencies:  A: 0.263  C: 0.236  G: 0.239  T: 0.262
Proportion of invariable sites: 1.000
Parameters optimization took 4 rounds (0.057 sec)
Computing ML distances based on estimated model parameters...
Computing ML distances took 0.011224 sec (of wall-clock time) 0.096985 sec(of CPU time)
WARNING: Some pairwise ML distances are too long (saturated)
Computing RapidNJ tree took 0.044303 sec (of wall-clock time) 0.158976 sec (of CPU time)
Log-likelihood of RapidNJ tree: -5979194.806
--------------------------------------------------------------------
|             INITIALIZING CANDIDATE TREE SET                      |
--------------------------------------------------------------------
Generating 98 parsimony trees... 0.889 second
Computing log-likelihood of 98 initial trees ... 0.697 seconds
Current best score: -5949946.203

Do NNI search on 20 best initial trees
Estimate model parameters (epsilon = 0.100)
BETTER TREE FOUND at iteration 1: -5949940.782
Estimate model parameters (epsilon = 0.100)
BETTER TREE FOUND at iteration 2: -5949940.686
Estimate model parameters (epsilon = 0.100)
BETTER TREE FOUND at iteration 4: -5949940.547
BETTER TREE FOUND at iteration 5: -5949940.544
BETTER TREE FOUND at iteration 7: -5949940.544
Iteration 10 / LogL: -5949940.956 / Time: 0h:0m:40s
Iteration 20 / LogL: -5949941.029 / Time: 0h:0m:42s
Finish initializing candidate tree set (20)
Current best tree score: -5949940.544 / CPU time: 5.117
Number of iterations: 20
--------------------------------------------------------------------
|               OPTIMIZING CANDIDATE TREE SET                      |
--------------------------------------------------------------------
Iteration 30 / LogL: -5949941.187 / Time: 0h:0m:43s (0h:0m:19s left)
Iteration 40 / LogL: -5949944.906 / Time: 0h:0m:45s (0h:0m:15s left)
Iteration 50 / LogL: -5949942.134 / Time: 0h:0m:47s (0h:0m:12s left)
Log-likelihood cutoff on original alignment: -5949978.860
Iteration 60 / LogL: -5949940.839 / Time: 0h:0m:49s (0h:0m:10s left)
Iteration 70 / LogL: -5949970.445 / Time: 0h:0m:51s (0h:0m:7s left)
Iteration 80 / LogL: -5949943.087 / Time: 0h:0m:53s (0h:0m:5s left)
Iteration 90 / LogL: -5949940.825 / Time: 0h:0m:55s (0h:0m:3s left)
Iteration 100 / LogL: -5949940.715 / Time: 0h:0m:57s (0h:0m:1s left)
Log-likelihood cutoff on original alignment: -5949978.860
NOTE: Bootstrap correlation coefficient of split occurrence frequencies: 0.981
NOTE: UFBoot does not converge, continue at least 100 more iterations
Iteration 110 / LogL: -5949942.293 / Time: 0h:0m:59s (0h:0m:18s left)
Estimate model parameters (epsilon = 0.100)
BETTER TREE FOUND at iteration 119: -5949940.489
Iteration 120 / LogL: -5949940.559 / Time: 0h:1m:1s (0h:0m:20s left)
Iteration 130 / LogL: -5949940.931 / Time: 0h:1m:3s (0h:0m:18s left)
Estimate model parameters (epsilon = 0.100)
BETTER TREE FOUND at iteration 136: -5949940.456
Iteration 140 / LogL: -5949941.488 / Time: 0h:1m:4s (0h:0m:19s left)
Iteration 150 / LogL: -5949940.825 / Time: 0h:1m:6s (0h:0m:17s left)
Log-likelihood cutoff on original alignment: -5949978.860
Iteration 160 / LogL: -5949941.142 / Time: 0h:1m:8s (0h:0m:15s left)
Iteration 170 / LogL: -5949941.167 / Time: 0h:1m:11s (0h:0m:13s left)
Iteration 180 / LogL: -5949941.361 / Time: 0h:1m:12s (0h:0m:11s left)
Iteration 190 / LogL: -5949942.139 / Time: 0h:1m:14s (0h:0m:9s left)
Iteration 200 / LogL: -5949956.193 / Time: 0h:1m:16s (0h:0m:7s left)
Log-likelihood cutoff on original alignment: -5949978.860
NOTE: Bootstrap correlation coefficient of split occurrence frequencies: 0.998
Iteration 210 / LogL: -5949940.595 / Time: 0h:1m:19s (0h:0m:18s left)
Iteration 220 / LogL: -5949941.552 / Time: 0h:1m:21s (0h:0m:16s left)
Iteration 230 / LogL: -5949940.687 / Time: 0h:1m:23s (0h:0m:14s left)
TREE SEARCH COMPLETED AFTER 237 ITERATIONS / Time: 0h:1m:24s

--------------------------------------------------------------------
|                    FINALIZING TREE SEARCH                        |
--------------------------------------------------------------------
Performs final model parameters optimization
Estimate model parameters (epsilon = 0.010)
1. Initial log-likelihood: -5949940.456
2. Current log-likelihood: -5949940.443
3. Current log-likelihood: -5949940.432
Optimal log-likelihood: -5949940.426
Rate parameters:  A-C: 1.00000  A-G: 2.17443  A-T: 0.37161  C-G: 0.37161  C-T: 2.17443  G-T: 1.00000
Base frequencies:  A: 0.263  C: 0.236  G: 0.239  T: 0.262
Proportion of invariable sites: 1.000
Parameters optimization took 3 rounds (0.034 sec)
BEST SCORE FOUND : -5949940.426
Creating bootstrap support values...
Split supports printed to NEXUS file /2/scratch/keaton/plague-phylogeography/results/iqtree/all/chromosome/full/filter30/iqtree.splits.nex
Total tree length: 0.000

Total number of iterations: 237
CPU time used for tree search: 412.605 sec (0h:6m:52s)
Wall-clock time used for tree search: 47.593 sec (0h:0m:47s)
Total CPU time used: 449.852 sec (0h:7m:29s)
Total wall-clock time used: 84.940 sec (0h:1m:24s)

Computing bootstrap consensus tree...
Reading input file /2/scratch/keaton/plague-phylogeography/results/iqtree/all/chromosome/full/filter30/iqtree.splits.nex...
58 taxa and 551 splits.
Consensus tree written to /2/scratch/keaton/plague-phylogeography/results/iqtree/all/chromosome/full/filter30/iqtree.contree
Reading input trees file /2/scratch/keaton/plague-phylogeography/results/iqtree/all/chromosome/full/filter30/iqtree.contree
Log-likelihood of consensus tree: -5949942.683

---> START RUN NUMBER 8 (seed: 2000541989)

Create initial parsimony tree by phylogenetic likelihood library (PLL)... 0.006 seconds
Generating 1000 samples for ultrafast bootstrap (seed: 2000541989)...

NOTE: 2 MB RAM (0 GB) is required!
WARNING: Number of threads seems too high for short alignments. Use -T AUTO to determine best number of threads.
Estimate model parameters (epsilon = 0.100)
1. Initial log-likelihood: -5950829.911
2. Current log-likelihood: -5950018.962
3. Current log-likelihood: -5949978.174
4. Current log-likelihood: -5949964.655
Optimal log-likelihood: -5949964.555
Rate parameters:  A-C: 1.00000  A-G: 1.96446  A-T: 0.50230  C-G: 0.50230  C-T: 1.96446  G-T: 1.00000
Base frequencies:  A: 0.263  C: 0.236  G: 0.239  T: 0.262
Proportion of invariable sites: 1.000
Parameters optimization took 4 rounds (0.072 sec)
Computing ML distances based on estimated model parameters...
Computing ML distances took 0.011285 sec (of wall-clock time) 0.097985 sec(of CPU time)
WARNING: Some pairwise ML distances are too long (saturated)
Computing RapidNJ tree took 0.040047 sec (of wall-clock time) 0.163975 sec (of CPU time)
Log-likelihood of RapidNJ tree: -5979800.075
--------------------------------------------------------------------
|             INITIALIZING CANDIDATE TREE SET                      |
--------------------------------------------------------------------
Generating 98 parsimony trees... 0.896 second
Computing log-likelihood of 98 initial trees ... 0.683 seconds
Current best score: -5949946.441

Do NNI search on 20 best initial trees
Estimate model parameters (epsilon = 0.100)
BETTER TREE FOUND at iteration 1: -5949940.730
Iteration 10 / LogL: -5949940.825 / Time: 0h:0m:40s
Estimate model parameters (epsilon = 0.100)
BETTER TREE FOUND at iteration 12: -5949940.471
Iteration 20 / LogL: -5949940.649 / Time: 0h:0m:41s
Finish initializing candidate tree set (20)
Current best tree score: -5949940.471 / CPU time: 5.105
Number of iterations: 20
--------------------------------------------------------------------
|               OPTIMIZING CANDIDATE TREE SET                      |
--------------------------------------------------------------------
Iteration 30 / LogL: -5949940.669 / Time: 0h:0m:43s (0h:0m:20s left)
Iteration 40 / LogL: -5949940.564 / Time: 0h:0m:45s (0h:0m:16s left)
Iteration 50 / LogL: -5949942.196 / Time: 0h:0m:47s (0h:0m:13s left)
Log-likelihood cutoff on original alignment: -5949970.819
Iteration 60 / LogL: -5949942.324 / Time: 0h:0m:49s (0h:0m:11s left)
Iteration 70 / LogL: -5949940.985 / Time: 0h:0m:51s (0h:0m:9s left)
Estimate model parameters (epsilon = 0.100)
BETTER TREE FOUND at iteration 78: -5949940.426
Iteration 80 / LogL: -5949944.671 / Time: 0h:0m:53s (0h:0m:21s left)
Iteration 90 / LogL: -5949954.961 / Time: 0h:0m:55s (0h:0m:18s left)
Estimate model parameters (epsilon = 0.100)
BETTER TREE FOUND at iteration 98: -5949940.400
Iteration 100 / LogL: -5949941.130 / Time: 0h:0m:57s (0h:0m:20s left)
Log-likelihood cutoff on original alignment: -5949971.195
NOTE: Bootstrap correlation coefficient of split occurrence frequencies: 0.990
NOTE: UFBoot does not converge, continue at least 100 more iterations
Iteration 110 / LogL: -5949940.684 / Time: 0h:0m:59s (0h:0m:18s left)
Iteration 120 / LogL: -5949940.697 / Time: 0h:1m:1s (0h:0m:16s left)
Iteration 130 / LogL: -5949941.360 / Time: 0h:1m:3s (0h:0m:14s left)
Iteration 140 / LogL: -5949941.239 / Time: 0h:1m:5s (0h:0m:12s left)
Iteration 150 / LogL: -5949942.498 / Time: 0h:1m:7s (0h:0m:10s left)
Log-likelihood cutoff on original alignment: -5949971.195
BETTER TREE FOUND at iteration 157: -5949940.397
Iteration 160 / LogL: -5949942.205 / Time: 0h:1m:9s (0h:0m:20s left)
Iteration 170 / LogL: -5949940.502 / Time: 0h:1m:11s (0h:0m:17s left)
Iteration 180 / LogL: -5949940.748 / Time: 0h:1m:13s (0h:0m:15s left)
Iteration 190 / LogL: -5949940.683 / Time: 0h:1m:15s (0h:0m:13s left)
Iteration 200 / LogL: -5949942.142 / Time: 0h:1m:17s (0h:0m:11s left)
Log-likelihood cutoff on original alignment: -5949971.835
NOTE: Bootstrap correlation coefficient of split occurrence frequencies: 0.995
Iteration 210 / LogL: -5949941.149 / Time: 0h:1m:19s (0h:0m:18s left)
Iteration 220 / LogL: -5949940.526 / Time: 0h:1m:21s (0h:0m:16s left)
Iteration 230 / LogL: -5949941.422 / Time: 0h:1m:23s (0h:0m:14s left)
Iteration 240 / LogL: -5949940.499 / Time: 0h:1m:25s (0h:0m:12s left)
Iteration 250 / LogL: -5949943.902 / Time: 0h:1m:27s (0h:0m:10s left)
Log-likelihood cutoff on original alignment: -5949971.835
TREE SEARCH COMPLETED AFTER 258 ITERATIONS / Time: 0h:1m:29s

--------------------------------------------------------------------
|                    FINALIZING TREE SEARCH                        |
--------------------------------------------------------------------
Performs final model parameters optimization
Estimate model parameters (epsilon = 0.010)
1. Initial log-likelihood: -5949940.397
Optimal log-likelihood: -5949940.395
Rate parameters:  A-C: 1.00000  A-G: 2.15711  A-T: 0.37191  C-G: 0.37191  C-T: 2.15711  G-T: 1.00000
Base frequencies:  A: 0.263  C: 0.236  G: 0.239  T: 0.262
Proportion of invariable sites: 1.000
Parameters optimization took 1 rounds (0.021 sec)
BEST SCORE FOUND : -5949940.395
Creating bootstrap support values...
Split supports printed to NEXUS file /2/scratch/keaton/plague-phylogeography/results/iqtree/all/chromosome/full/filter30/iqtree.splits.nex
Total tree length: 0.000

Total number of iterations: 258
CPU time used for tree search: 455.411 sec (0h:7m:35s)
Wall-clock time used for tree search: 53.042 sec (0h:0m:53s)
Total CPU time used: 492.500 sec (0h:8m:12s)
Total wall-clock time used: 90.352 sec (0h:1m:30s)

Computing bootstrap consensus tree...
Reading input file /2/scratch/keaton/plague-phylogeography/results/iqtree/all/chromosome/full/filter30/iqtree.splits.nex...
58 taxa and 669 splits.
Consensus tree written to /2/scratch/keaton/plague-phylogeography/results/iqtree/all/chromosome/full/filter30/iqtree.contree
Reading input trees file /2/scratch/keaton/plague-phylogeography/results/iqtree/all/chromosome/full/filter30/iqtree.contree
Log-likelihood of consensus tree: -5949942.836

---> START RUN NUMBER 9 (seed: 2000542989)

Create initial parsimony tree by phylogenetic likelihood library (PLL)... 0.008 seconds
Generating 1000 samples for ultrafast bootstrap (seed: 2000542989)...

NOTE: 2 MB RAM (0 GB) is required!
WARNING: Number of threads seems too high for short alignments. Use -T AUTO to determine best number of threads.
Estimate model parameters (epsilon = 0.100)
1. Initial log-likelihood: -5950831.696
2. Current log-likelihood: -5950003.104
3. Current log-likelihood: -5949960.715
4. Current log-likelihood: -5949946.939
5. Current log-likelihood: -5949942.188
6. Current log-likelihood: -5949941.988
7. Current log-likelihood: -5949941.787
8. Current log-likelihood: -5949941.664
Optimal log-likelihood: -5949941.653
Rate parameters:  A-C: 1.00000  A-G: 2.25206  A-T: 0.38528  C-G: 0.38528  C-T: 2.25206  G-T: 1.00000
Base frequencies:  A: 0.263  C: 0.236  G: 0.239  T: 0.262
Proportion of invariable sites: 1.000
Parameters optimization took 8 rounds (0.092 sec)
Computing ML distances based on estimated model parameters...
Computing ML distances took 0.010830 sec (of wall-clock time) 0.093986 sec(of CPU time)
WARNING: Some pairwise ML distances are too long (saturated)
Computing RapidNJ tree took 0.043476 sec (of wall-clock time) 0.157976 sec (of CPU time)
Log-likelihood of RapidNJ tree: -5979800.088
--------------------------------------------------------------------
|             INITIALIZING CANDIDATE TREE SET                      |
--------------------------------------------------------------------
Generating 98 parsimony trees... 0.881 second
Computing log-likelihood of 98 initial trees ... 0.692 seconds
Current best score: -5949941.653

Do NNI search on 20 best initial trees
Estimate model parameters (epsilon = 0.100)
BETTER TREE FOUND at iteration 1: -5949940.461
Iteration 10 / LogL: -5949940.644 / Time: 0h:0m:40s
Iteration 20 / LogL: -5949955.806 / Time: 0h:0m:42s
Finish initializing candidate tree set (20)
Current best tree score: -5949940.461 / CPU time: 5.010
Number of iterations: 20
--------------------------------------------------------------------
|               OPTIMIZING CANDIDATE TREE SET                      |
--------------------------------------------------------------------
Iteration 30 / LogL: -5949941.131 / Time: 0h:0m:43s (0h:0m:17s left)
Iteration 40 / LogL: -5949940.776 / Time: 0h:0m:45s (0h:0m:13s left)
Iteration 50 / LogL: -5949941.277 / Time: 0h:0m:47s (0h:0m:11s left)
Log-likelihood cutoff on original alignment: -5949981.209
Iteration 60 / LogL: -5949940.940 / Time: 0h:0m:49s (0h:0m:9s left)
Iteration 70 / LogL: -5949940.892 / Time: 0h:0m:51s (0h:0m:6s left)
Iteration 80 / LogL: -5949941.275 / Time: 0h:0m:53s (0h:0m:4s left)
Iteration 90 / LogL: -5949940.844 / Time: 0h:0m:55s (0h:0m:2s left)
Iteration 100 / LogL: -5949941.163 / Time: 0h:0m:57s (0h:0m:0s left)
Log-likelihood cutoff on original alignment: -5949981.209
NOTE: Bootstrap correlation coefficient of split occurrence frequencies: 0.998
TREE SEARCH COMPLETED AFTER 102 ITERATIONS / Time: 0h:0m:58s

--------------------------------------------------------------------
|                    FINALIZING TREE SEARCH                        |
--------------------------------------------------------------------
Performs final model parameters optimization
Estimate model parameters (epsilon = 0.010)
1. Initial log-likelihood: -5949940.460
Optimal log-likelihood: -5949940.456
Rate parameters:  A-C: 1.00000  A-G: 2.23807  A-T: 0.38390  C-G: 0.38390  C-T: 2.23807  G-T: 1.00000
Base frequencies:  A: 0.263  C: 0.236  G: 0.239  T: 0.262
Proportion of invariable sites: 1.000
Parameters optimization took 1 rounds (0.019 sec)
BEST SCORE FOUND : -5949940.456
Creating bootstrap support values...
Split supports printed to NEXUS file /2/scratch/keaton/plague-phylogeography/results/iqtree/all/chromosome/full/filter30/iqtree.splits.nex
Total tree length: 0.000

Total number of iterations: 102
CPU time used for tree search: 188.754 sec (0h:3m:8s)
Wall-clock time used for tree search: 21.614 sec (0h:0m:21s)
Total CPU time used: 226.251 sec (0h:3m:46s)
Total wall-clock time used: 59.039 sec (0h:0m:59s)

Computing bootstrap consensus tree...
Reading input file /2/scratch/keaton/plague-phylogeography/results/iqtree/all/chromosome/full/filter30/iqtree.splits.nex...
58 taxa and 642 splits.
Consensus tree written to /2/scratch/keaton/plague-phylogeography/results/iqtree/all/chromosome/full/filter30/iqtree.contree
Reading input trees file /2/scratch/keaton/plague-phylogeography/results/iqtree/all/chromosome/full/filter30/iqtree.contree
Log-likelihood of consensus tree: -5949942.779

---> START RUN NUMBER 10 (seed: 2000543989)

Create initial parsimony tree by phylogenetic likelihood library (PLL)... 0.008 seconds
Generating 1000 samples for ultrafast bootstrap (seed: 2000543989)...

NOTE: 2 MB RAM (0 GB) is required!
WARNING: Number of threads seems too high for short alignments. Use -T AUTO to determine best number of threads.
Estimate model parameters (epsilon = 0.100)
1. Initial log-likelihood: -5950829.655
2. Current log-likelihood: -5950018.680
3. Current log-likelihood: -5949977.859
4. Current log-likelihood: -5949964.227
5. Current log-likelihood: -5949962.668
6. Current log-likelihood: -5949961.457
7. Current log-likelihood: -5949960.665
8. Current log-likelihood: -5949960.010
9. Current log-likelihood: -5949959.851
Optimal log-likelihood: -5949959.764
Rate parameters:  A-C: 1.00000  A-G: 2.02846  A-T: 0.35242  C-G: 0.35242  C-T: 2.02846  G-T: 1.00000
Base frequencies:  A: 0.263  C: 0.236  G: 0.239  T: 0.262
Proportion of invariable sites: 1.000
Parameters optimization took 9 rounds (0.101 sec)
Computing ML distances based on estimated model parameters...
Computing ML distances took 0.011144 sec (of wall-clock time) 0.095985 sec(of CPU time)
WARNING: Some pairwise ML distances are too long (saturated)
Computing RapidNJ tree took 0.043143 sec (of wall-clock time) 0.171973 sec (of CPU time)
Log-likelihood of RapidNJ tree: -5976081.745
--------------------------------------------------------------------
|             INITIALIZING CANDIDATE TREE SET                      |
--------------------------------------------------------------------
Generating 98 parsimony trees... 0.859 second
Computing log-likelihood of 98 initial trees ... 0.692 seconds
Current best score: -5949942.038

Do NNI search on 20 best initial trees
Estimate model parameters (epsilon = 0.100)
BETTER TREE FOUND at iteration 1: -5949941.069
Estimate model parameters (epsilon = 0.100)
BETTER TREE FOUND at iteration 3: -5949940.704
Estimate model parameters (epsilon = 0.100)
BETTER TREE FOUND at iteration 5: -5949940.642
Estimate model parameters (epsilon = 0.100)
BETTER TREE FOUND at iteration 6: -5949940.505
Iteration 10 / LogL: -5949941.029 / Time: 0h:0m:40s
Iteration 20 / LogL: -5949940.734 / Time: 0h:0m:41s
Finish initializing candidate tree set (20)
Current best tree score: -5949940.505 / CPU time: 4.995
Number of iterations: 20
--------------------------------------------------------------------
|               OPTIMIZING CANDIDATE TREE SET                      |
--------------------------------------------------------------------
Iteration 30 / LogL: -5949944.594 / Time: 0h:0m:43s (0h:0m:18s left)
Iteration 40 / LogL: -5949941.598 / Time: 0h:0m:45s (0h:0m:15s left)
Iteration 50 / LogL: -5949940.550 / Time: 0h:0m:47s (0h:0m:12s left)
Log-likelihood cutoff on original alignment: -5949967.599
Estimate model parameters (epsilon = 0.100)
BETTER TREE FOUND at iteration 51: -5949940.486
Iteration 60 / LogL: -5949940.651 / Time: 0h:0m:49s (0h:0m:20s left)
Iteration 70 / LogL: -5949940.831 / Time: 0h:0m:51s (0h:0m:17s left)
Iteration 80 / LogL: -5949940.798 / Time: 0h:0m:53s (0h:0m:15s left)
Iteration 90 / LogL: -5949940.752 / Time: 0h:0m:55s (0h:0m:12s left)
Iteration 100 / LogL: -5949940.808 / Time: 0h:0m:57s (0h:0m:10s left)
Log-likelihood cutoff on original alignment: -5949967.517
NOTE: Bootstrap correlation coefficient of split occurrence frequencies: 0.989
NOTE: UFBoot does not converge, continue at least 100 more iterations
Iteration 110 / LogL: -5949941.271 / Time: 0h:0m:59s (0h:0m:18s left)
Iteration 120 / LogL: -5949940.794 / Time: 0h:1m:1s (0h:0m:16s left)
Iteration 130 / LogL: -5949942.569 / Time: 0h:1m:3s (0h:0m:14s left)
Iteration 140 / LogL: -5949940.673 / Time: 0h:1m:5s (0h:0m:12s left)
Iteration 150 / LogL: -5949960.075 / Time: 0h:1m:7s (0h:0m:10s left)
Log-likelihood cutoff on original alignment: -5949967.517
BETTER TREE FOUND at iteration 154: -5949940.480
Iteration 160 / LogL: -5949940.693 / Time: 0h:1m:9s (0h:0m:19s left)
Iteration 170 / LogL: -5949942.865 / Time: 0h:1m:11s (0h:0m:17s left)
Iteration 180 / LogL: -5949940.904 / Time: 0h:1m:13s (0h:0m:15s left)
Iteration 190 / LogL: -5949940.665 / Time: 0h:1m:15s (0h:0m:13s left)
Iteration 200 / LogL: -5949940.536 / Time: 0h:1m:17s (0h:0m:11s left)
Log-likelihood cutoff on original alignment: -5949968.483
NOTE: Bootstrap correlation coefficient of split occurrence frequencies: 0.996
Iteration 210 / LogL: -5949940.924 / Time: 0h:1m:19s (0h:0m:18s left)
Iteration 220 / LogL: -5949941.333 / Time: 0h:1m:21s (0h:0m:16s left)
Iteration 230 / LogL: -5949941.230 / Time: 0h:1m:23s (0h:0m:14s left)
Iteration 240 / LogL: -5949941.102 / Time: 0h:1m:25s (0h:0m:12s left)
Iteration 250 / LogL: -5949941.615 / Time: 0h:1m:27s (0h:0m:10s left)
Log-likelihood cutoff on original alignment: -5949968.483
TREE SEARCH COMPLETED AFTER 255 ITERATIONS / Time: 0h:1m:29s

--------------------------------------------------------------------
|                    FINALIZING TREE SEARCH                        |
--------------------------------------------------------------------
Performs final model parameters optimization
Estimate model parameters (epsilon = 0.010)
1. Initial log-likelihood: -5949940.479
Optimal log-likelihood: -5949940.473
Rate parameters:  A-C: 1.00000  A-G: 2.17421  A-T: 0.37733  C-G: 0.37733  C-T: 2.17421  G-T: 1.00000
Base frequencies:  A: 0.263  C: 0.236  G: 0.239  T: 0.262
Proportion of invariable sites: 1.000
Parameters optimization took 1 rounds (0.018 sec)
BEST SCORE FOUND : -5949940.473
Creating bootstrap support values...
Split supports printed to NEXUS file /2/scratch/keaton/plague-phylogeography/results/iqtree/all/chromosome/full/filter30/iqtree.splits.nex
Total tree length: 0.000

Total number of iterations: 255
CPU time used for tree search: 449.892 sec (0h:7m:29s)
Wall-clock time used for tree search: 52.145 sec (0h:0m:52s)
Total CPU time used: 487.714 sec (0h:8m:7s)
Total wall-clock time used: 89.569 sec (0h:1m:29s)

Computing bootstrap consensus tree...
Reading input file /2/scratch/keaton/plague-phylogeography/results/iqtree/all/chromosome/full/filter30/iqtree.splits.nex...
58 taxa and 563 splits.
Consensus tree written to /2/scratch/keaton/plague-phylogeography/results/iqtree/all/chromosome/full/filter30/iqtree.contree
Reading input trees file /2/scratch/keaton/plague-phylogeography/results/iqtree/all/chromosome/full/filter30/iqtree.contree
Log-likelihood of consensus tree: -5949942.817

---> SUMMARIZE RESULTS FROM 10 RUNS

Run 8 gave best log-likelihood: -5949940.395
Split supports printed to NEXUS file /2/scratch/keaton/plague-phylogeography/results/iqtree/all/chromosome/full/filter30/iqtree.splits.nex
Consensus tree written to /2/scratch/keaton/plague-phylogeography/results/iqtree/all/chromosome/full/filter30/iqtree.contree
Total CPU time for 10 runs: 4023.483 seconds.
Total wall-clock time for 10 runs: 796.163 seconds.


Analysis results written to: 
  IQ-TREE report:                /2/scratch/keaton/plague-phylogeography/results/iqtree/all/chromosome/full/filter30/iqtree.iqtree
  Maximum-likelihood tree:       /2/scratch/keaton/plague-phylogeography/results/iqtree/all/chromosome/full/filter30/iqtree.treefile
  Trees from independent runs:   /2/scratch/keaton/plague-phylogeography/results/iqtree/all/chromosome/full/filter30/iqtree.runtrees
  Likelihood distances:          /2/scratch/keaton/plague-phylogeography/results/iqtree/all/chromosome/full/filter30/iqtree.mldist

Ultrafast bootstrap approximation results written to:
  Split support values:          /2/scratch/keaton/plague-phylogeography/results/iqtree/all/chromosome/full/filter30/iqtree.splits.nex
  Consensus tree:                /2/scratch/keaton/plague-phylogeography/results/iqtree/all/chromosome/full/filter30/iqtree.contree
  Screen log file:               /2/scratch/keaton/plague-phylogeography/results/iqtree/all/chromosome/full/filter30/iqtree.log

Date and Time: Wed Jun 16 13:29:04 2021
