2021-06-16 11:20:57,218 Reading the input fasta file: /2/scratch/keaton/plague-phylogeography/results/snippy_multi/all/chromosome/full/snippy-multi.snps.aln
2021-06-16 11:20:57,220 Reading alignment length...
2021-06-16 11:20:57,220 Alignment length: 483
2021-06-16 11:20:57,220 Reading alignment sample names...
2021-06-16 11:20:57,221 Number of samples: 50
2021-06-16 11:20:57,221 Analyzing alignment for sites with >=0.97 samples with data...
2021-06-16 11:20:57,225 5% Complete
2021-06-16 11:20:57,228 10% Complete
2021-06-16 11:20:57,231 15% Complete
2021-06-16 11:20:57,235 20% Complete
2021-06-16 11:20:57,237 25% Complete
2021-06-16 11:20:57,241 30% Complete
2021-06-16 11:20:57,246 35% Complete
2021-06-16 11:20:57,249 40% Complete
2021-06-16 11:20:57,252 45% Complete
2021-06-16 11:20:57,255 50% Complete
2021-06-16 11:20:57,259 55% Complete
2021-06-16 11:20:57,262 60% Complete
2021-06-16 11:20:57,265 65% Complete
2021-06-16 11:20:57,271 70% Complete
2021-06-16 11:20:57,275 75% Complete
2021-06-16 11:20:57,279 80% Complete
2021-06-16 11:20:57,282 85% Complete
2021-06-16 11:20:57,285 90% Complete
2021-06-16 11:20:57,291 95% Complete
2021-06-16 11:20:57,295 100% Complete
2021-06-16 11:20:57,295 Creating the filtered multiple alignment..
2021-06-16 11:20:57,299 Writing to the output fasta file: /2/scratch/keaton/plague-phylogeography/results/snippy_multi/all/chromosome/full/filter3/snippy-multi.snps.aln
2021-06-16 11:20:57,299 Constant sites: 0 (0%)
2021-06-16 11:20:57,299 Parsimony informative sites: 238 (49%)
2021-06-16 11:20:57,299 Biallelic singleton sites: 245 (50%)
2021-06-16 11:20:57,299 Multiallelic singleton sites: 0 (0%)
2021-06-16 11:20:57,300 Pseudo singleton sites: 0 (0%)
2021-06-16 11:20:57,300 Total singleton sites: 245 (50%)
2021-06-16 11:20:57,300 Singleton sites passing missing data filter: 20
2021-06-16 11:20:57,300 Parsimony informative sites passing missing data filter: 38
2021-06-16 11:20:57,300 Total sites passing missing data filter: 58
2021-06-16 11:20:57,300 Total sites failing missing data filter: 425
2021-06-16 11:20:57,300 Wrote a multi-fasta alignment of length: 58
