2021-04-16 18:57:31,534 Reading the input fasta file: /2/scratch/keaton/plague-phylogeography/results/snippy_multi/all/chromosome/prune/snippy-multi.snps.aln
2021-04-16 18:57:31,566 Reading alignment length...
2021-04-16 18:57:31,566 Alignment length: 13532
2021-04-16 18:57:31,566 Reading alignment sample names...
2021-04-16 18:57:31,566 Number of samples: 201
2021-04-16 18:57:31,566 Analyzing alignment for sites with >=0.95 samples with data...
2021-04-16 18:57:33,186 5% Complete
2021-04-16 18:57:37,429 10% Complete
2021-04-16 18:57:45,175 15% Complete
2021-04-16 18:57:53,158 20% Complete
2021-04-16 18:58:05,285 25% Complete
2021-04-16 18:58:22,969 30% Complete
2021-04-16 18:58:43,104 35% Complete
2021-04-16 18:59:06,428 40% Complete
2021-04-16 18:59:32,006 45% Complete
2021-04-16 18:59:52,637 50% Complete
2021-04-16 19:00:21,569 55% Complete
2021-04-16 19:01:03,235 60% Complete
2021-04-16 19:01:46,313 65% Complete
2021-04-16 19:02:35,674 70% Complete
2021-04-16 19:03:25,862 75% Complete
2021-04-16 19:04:19,128 80% Complete
2021-04-16 19:05:22,611 85% Complete
2021-04-16 19:06:32,757 90% Complete
2021-04-16 19:07:45,544 95% Complete
2021-04-16 19:09:00,641 100% Complete
2021-04-16 19:09:00,642 Creating the filtered multiple alignment..
2021-04-16 19:09:01,114 Writing to the output fasta file: /2/scratch/keaton/plague-phylogeography/results/snippy_multi/all/chromosome/prune/filter5/snippy-multi.snps.aln
2021-04-16 19:09:01,122 Parsimony informative sites: 9730 (71%)
2021-04-16 19:09:01,122 Biallelic singleton sites: 3785 (27%)
2021-04-16 19:09:01,122 Multiallelic singleton sites: 9 (0%)
2021-04-16 19:09:01,122 Pseudo singleton sites: 8 (0%)
2021-04-16 19:09:01,122 Total singleton sites: 3802 (28%)
2021-04-16 19:09:01,122 Singleton sites passing missing data filter: 2586
2021-04-16 19:09:01,122 Parsimony informative sites passing missing data filter: 7114
2021-04-16 19:09:01,122 Total sites passing missing data filter: 9700
2021-04-16 19:09:01,122 Total sites failing missing data filter: 3832
2021-04-16 19:09:01,122 Wrote a multi-fasta alignment of length: 9206
