2021-04-15 17:48:39,473 Reading the input fasta file: /2/scratch/keaton/plague-phylogeography/results/snippy_multi/all/chromosome/snippy-multi.snps.aln
2021-04-15 17:48:39,476 Reading alignment length...
2021-04-15 17:48:39,476 Alignment length: 2683
2021-04-15 17:48:39,476 Reading alignment sample names...
2021-04-15 17:48:39,476 Number of samples: 28
2021-04-15 17:48:39,476 Analyzing alignment for sites with >=0.97 samples with data...
2021-04-15 17:48:39,510 5% Complete
2021-04-15 17:48:39,551 10% Complete
2021-04-15 17:48:39,603 15% Complete
2021-04-15 17:48:39,645 20% Complete
2021-04-15 17:48:39,746 25% Complete
2021-04-15 17:48:39,906 30% Complete
2021-04-15 17:48:40,091 35% Complete
2021-04-15 17:48:40,307 40% Complete
2021-04-15 17:48:40,555 45% Complete
2021-04-15 17:48:40,739 50% Complete
2021-04-15 17:48:41,008 55% Complete
2021-04-15 17:48:41,300 60% Complete
2021-04-15 17:48:41,670 65% Complete
2021-04-15 17:48:42,073 70% Complete
2021-04-15 17:48:42,477 75% Complete
2021-04-15 17:48:42,955 80% Complete
2021-04-15 17:48:43,443 85% Complete
2021-04-15 17:48:44,017 90% Complete
2021-04-15 17:48:44,663 95% Complete
2021-04-15 17:48:45,282 100% Complete
2021-04-15 17:48:45,282 Creating the filtered multiple alignment..
2021-04-15 17:48:45,316 Writing to the output fasta file: /2/scratch/keaton/plague-phylogeography/results/snippy_multi/all/chromosome/filter3/snippy-multi.snps.aln
2021-04-15 17:48:45,318 Parsimony informative sites: 398 (14%)
2021-04-15 17:48:45,318 Biallelic singleton sites: 2280 (84%)
2021-04-15 17:48:45,318 Multiallelic singleton sites: 3 (0%)
2021-04-15 17:48:45,318 Pseudo singleton sites: 2 (0%)
2021-04-15 17:48:45,318 Total singleton sites: 2285 (85%)
2021-04-15 17:48:45,318 Singleton sites passing missing data filter: 1359
2021-04-15 17:48:45,319 Parsimony informative sites passing missing data filter: 226
2021-04-15 17:48:45,319 Total sites passing missing data filter: 1585
2021-04-15 17:48:45,319 Total sites failing missing data filter: 1098
2021-04-15 17:48:45,319 Wrote a multi-fasta alignment of length: 1585
