Removing outgroups of tree(s) ...

TREE 1
*PROCESSING:
Reading the tree ... 
Collapse 0 (over 599) internal branches having branch length <= -1
 (settable via option -l)
Parameter to adjust variances was set to 2.37031e-06 (settable via option -b)
Minimum branch length of time scaled tree (settable via option -u and -U): 0
Estimating the root position on the branch defined by given outgroups ...
Re-estimating using variances based on the branch lengths of the first run ...
Computing confidence intervals using sequence length 4218849 and a lognormal
 relaxed clock with mean 1, standard deviation 0.2 (settable via option -q)
*RESULTS:
- Dating results:
 rate 9.26195e-09, tMRCA -5786.69 , objective function 0.00121756
- Results of the second run with variances based on results of the first run:
 rate 1.42148e-08, tMRCA -5278, objective function 0.00425005
- Results with confidence intervals:
 rate 1.42148e-08 [1.32619e-08; 1.54815e-08], tMRCA -5278 [-5465.7; -5084.38], objective function 0.00425005

TOTAL ELAPSED TIME: 2.75856 seconds
