2021-04-15 17:48:54,100 Reading the input fasta file: /2/scratch/keaton/plague-phylogeography/results/snippy_multi/all/chromosome/snippy-multi.snps.aln
2021-04-15 17:48:54,102 Reading alignment length...
2021-04-15 17:48:54,102 Alignment length: 2683
2021-04-15 17:48:54,102 Reading alignment sample names...
2021-04-15 17:48:54,102 Number of samples: 28
2021-04-15 17:48:54,102 Analyzing alignment for sites with >=0.92 samples with data...
2021-04-15 17:48:54,144 5% Complete
2021-04-15 17:48:54,206 10% Complete
2021-04-15 17:48:54,340 15% Complete
2021-04-15 17:48:54,531 20% Complete
2021-04-15 17:48:54,787 25% Complete
2021-04-15 17:48:55,132 30% Complete
2021-04-15 17:48:55,557 35% Complete
2021-04-15 17:48:56,057 40% Complete
2021-04-15 17:48:56,492 45% Complete
2021-04-15 17:48:56,820 50% Complete
2021-04-15 17:48:57,370 55% Complete
2021-04-15 17:48:58,010 60% Complete
2021-04-15 17:48:58,710 65% Complete
2021-04-15 17:48:59,466 70% Complete
2021-04-15 17:49:00,271 75% Complete
2021-04-15 17:49:01,002 80% Complete
2021-04-15 17:49:01,920 85% Complete
2021-04-15 17:49:02,814 90% Complete
2021-04-15 17:49:03,806 95% Complete
2021-04-15 17:49:04,834 100% Complete
2021-04-15 17:49:04,834 Creating the filtered multiple alignment..
2021-04-15 17:49:04,880 Writing to the output fasta file: /2/scratch/keaton/plague-phylogeography/results/snippy_multi/all/chromosome/filter8/snippy-multi.snps.aln
2021-04-15 17:49:04,882 Parsimony informative sites: 398 (14%)
2021-04-15 17:49:04,882 Biallelic singleton sites: 2280 (84%)
2021-04-15 17:49:04,882 Multiallelic singleton sites: 3 (0%)
2021-04-15 17:49:04,882 Pseudo singleton sites: 2 (0%)
2021-04-15 17:49:04,882 Total singleton sites: 2285 (85%)
2021-04-15 17:49:04,882 Singleton sites passing missing data filter: 1907
2021-04-15 17:49:04,882 Parsimony informative sites passing missing data filter: 342
2021-04-15 17:49:04,882 Total sites passing missing data filter: 2249
2021-04-15 17:49:04,882 Total sites failing missing data filter: 434
2021-04-15 17:49:04,882 Wrote a multi-fasta alignment of length: 2249
