2021-06-16 12:49:50,230 Reading the input fasta file: /2/scratch/keaton/plague-phylogeography/results/iqtree/all/chromosome/full/filter10/filter-taxa/snippy-multi.snps.aln
2021-06-16 12:49:50,235 Reading alignment length...
2021-06-16 12:49:50,236 Alignment length: 202
2021-06-16 12:49:50,236 Reading alignment sample names...
2021-06-16 12:49:50,236 Number of samples: 49
2021-06-16 12:49:50,236 Analyzing alignment for sites with >=0.0 samples with data...
2021-06-16 12:49:50,239 5% Complete
2021-06-16 12:49:50,243 10% Complete
2021-06-16 12:49:50,247 15% Complete
2021-06-16 12:49:50,251 20% Complete
2021-06-16 12:49:50,255 25% Complete
2021-06-16 12:49:50,259 30% Complete
2021-06-16 12:49:50,264 35% Complete
2021-06-16 12:49:50,269 40% Complete
2021-06-16 12:49:50,274 45% Complete
2021-06-16 12:49:50,280 50% Complete
2021-06-16 12:49:50,287 55% Complete
2021-06-16 12:49:50,292 60% Complete
2021-06-16 12:49:50,298 65% Complete
2021-06-16 12:49:50,304 70% Complete
2021-06-16 12:49:50,311 75% Complete
2021-06-16 12:49:50,317 80% Complete
2021-06-16 12:49:50,324 85% Complete
2021-06-16 12:49:50,330 90% Complete
2021-06-16 12:49:50,340 95% Complete
2021-06-16 12:49:50,350 100% Complete
2021-06-16 12:49:50,350 Creating the filtered multiple alignment..
2021-06-16 12:49:50,357 Writing to the output fasta file: /2/scratch/keaton/plague-phylogeography/results/iqtree/all/chromosome/full/filter10/filter-sites/snippy-multi.snps.aln
2021-06-16 12:49:50,357 Constant sites: 22 (10%)
2021-06-16 12:49:50,357 Parsimony informative sites: 101 (50%)
2021-06-16 12:49:50,357 Biallelic singleton sites: 79 (39%)
2021-06-16 12:49:50,357 Multiallelic singleton sites: 0 (0%)
2021-06-16 12:49:50,358 Pseudo singleton sites: 0 (0%)
2021-06-16 12:49:50,358 Total singleton sites: 79 (39%)
2021-06-16 12:49:50,358 Singleton sites passing missing data filter: 79
2021-06-16 12:49:50,358 Parsimony informative sites passing missing data filter: 101
2021-06-16 12:49:50,358 Filtered nucleotides: 8820
2021-06-16 12:49:50,358 Ambiguous nucleotides: 471 (5%)
2021-06-16 12:49:50,358 Total sites passing missing data filter: 180
2021-06-16 12:49:50,358 Total sites failing missing data filter: 0
2021-06-16 12:49:50,358 Total nucleotides passing missing data filter: 8820
2021-06-16 12:49:50,358 Ambiguous nucleotides passing missing data filter: 471
2021-06-16 12:49:50,358 Wrote a multi-fasta alignment of length: 180
