2021-04-15 17:48:39,472 Reading the input fasta file: /2/scratch/keaton/plague-phylogeography/results/snippy_multi/all/chromosome/snippy-multi.snps.aln
2021-04-15 17:48:39,474 Reading alignment length...
2021-04-15 17:48:39,474 Alignment length: 2683
2021-04-15 17:48:39,474 Reading alignment sample names...
2021-04-15 17:48:39,474 Number of samples: 28
2021-04-15 17:48:39,474 Analyzing alignment for sites with >=0.96 samples with data...
2021-04-15 17:48:39,514 5% Complete
2021-04-15 17:48:39,569 10% Complete
2021-04-15 17:48:39,673 15% Complete
2021-04-15 17:48:39,812 20% Complete
2021-04-15 17:48:39,995 25% Complete
2021-04-15 17:48:40,269 30% Complete
2021-04-15 17:48:40,575 35% Complete
2021-04-15 17:48:40,981 40% Complete
2021-04-15 17:48:41,371 45% Complete
2021-04-15 17:48:41,665 50% Complete
2021-04-15 17:48:42,146 55% Complete
2021-04-15 17:48:42,675 60% Complete
2021-04-15 17:48:43,329 65% Complete
2021-04-15 17:48:44,041 70% Complete
2021-04-15 17:48:44,771 75% Complete
2021-04-15 17:48:45,519 80% Complete
2021-04-15 17:48:46,392 85% Complete
2021-04-15 17:48:47,275 90% Complete
2021-04-15 17:48:48,243 95% Complete
2021-04-15 17:48:49,292 100% Complete
2021-04-15 17:48:49,292 Creating the filtered multiple alignment..
2021-04-15 17:48:49,339 Writing to the output fasta file: /2/scratch/keaton/plague-phylogeography/results/snippy_multi/all/chromosome/filter4/snippy-multi.snps.aln
2021-04-15 17:48:49,340 Parsimony informative sites: 398 (14%)
2021-04-15 17:48:49,340 Biallelic singleton sites: 2280 (84%)
2021-04-15 17:48:49,341 Multiallelic singleton sites: 3 (0%)
2021-04-15 17:48:49,341 Pseudo singleton sites: 2 (0%)
2021-04-15 17:48:49,341 Total singleton sites: 2285 (85%)
2021-04-15 17:48:49,341 Singleton sites passing missing data filter: 1798
2021-04-15 17:48:49,341 Parsimony informative sites passing missing data filter: 315
2021-04-15 17:48:49,341 Total sites passing missing data filter: 2113
2021-04-15 17:48:49,341 Total sites failing missing data filter: 570
2021-04-15 17:48:49,341 Wrote a multi-fasta alignment of length: 2113
