IQ-TREE multicore version 2.0.3 for Linux 64-bit built Apr 26 2020
Developed by Bui Quang Minh, Nguyen Lam Tung, Olga Chernomor,
Heiko Schmidt, Dominik Schrempf, Michael Woodhams.

Host:    info113 (SSE3, 252 GB RAM)
Command: iqtree -t /2/scratch/keaton/plague-phylogeography/results/iqtree/assembly/iqtree-core_chromosome.filter1.treefile -s /2/scratch/keaton/plague-phylogeography/results/snippy_multi/assembly/snippy-core_chromosome.snps.filter1.aln --prefix /2/scratch/keaton/plague-phylogeography/results/iqtree/assembly/iqtree-core_chromosome.filter1_post -fconst 1122123,1009917,1021103,1118914 --scf 1000 --seed 13587543 --threads-max 10 -nt 10
Seed:    13587543 (Using SPRNG - Scalable Parallel Random Number Generator)
Time:    Mon Mar 29 18:44:54 2021
Kernel:  SSE2 - 10 threads (48 CPU cores detected)

Reading alignment file /2/scratch/keaton/plague-phylogeography/results/snippy_multi/assembly/snippy-core_chromosome.snps.filter1.aln ... Fasta format detected
Alignment most likely contains DNA/RNA sequences
Alignment has 364 sequences with 1206 columns, 1077 distinct patterns
1206 parsimony-informative, 0 singleton sites, 0 constant sites
                                                Gap/Ambiguity  Composition  p-value
   1  GCA_000006645.1_ASM664v1_genomic                  0.00%    passed     62.77%
   2  GCA_000013825.1_ASM1382v1_genomic                 0.08%    passed     15.10%
   3  GCA_000022805.1_ASM2280v1_genomic                 0.00%    passed     82.59%
   4  GCA_000022825.1_ASM2282v1_genomic                 0.00%    passed     84.29%
   5  GCA_000022845.1_ASM2284v1_genomic                 1.08%    passed     90.58%
   6  GCA_000168235.2_ASM16823v2_genomic                0.41%    passed     88.73%
   7  GCA_000169615.1_ASM16961v1_genomic                1.82%    passed     18.85%
   8  GCA_000169635.1_ASM16963v1_genomic                0.00%    passed     89.80%
   9  GCA_000169655.1_ASM16965v1_genomic                0.00%    passed     98.50%
  10  GCA_000169675.1_ASM16967v1_genomic                0.00%    passed     70.84%
  11  GCA_000170275.1_ASM17027v1_genomic                0.08%    passed     82.66%
  12  GCA_000181455.2_ASM18145v2_genomic                0.08%    passed     91.73%
  13  GCA_000182485.1_ASM18248v1_genomic                0.00%    passed     90.15%
  14  GCA_000182505.1_ASM18250v1_genomic                0.00%    passed     90.96%
  15  GCA_000182525.1_ASM18252v1_genomic                0.08%    passed     88.52%
  16  GCA_000182705.1_ASM18270v1_genomic                0.00%    passed     62.77%
  17  GCA_000222975.1_ASM22297v1_genomic                0.00%    passed     88.14%
  18  GCA_000268325.1_ASM26832v1_genomic                0.08%    passed     80.15%
  19  GCA_000268345.1_ASM26834v1_genomic                0.08%    passed     84.75%
  20  GCA_000268365.1_ASM26836v1_genomic                0.17%    passed     78.29%
  21  GCA_000268385.1_ASM26838v1_genomic                0.08%    passed     80.97%
  22  GCA_000268405.1_ASM26840v1_genomic                0.17%    passed     75.57%
  23  GCA_000268425.1_ASM26842v1_genomic                0.33%    passed     82.42%
  24  GCA_000268445.1_ASM26844v1_genomic                0.08%    passed     80.18%
  25  GCA_000268545.1_ASM26854v1_genomic                0.00%    passed     75.73%
  26  GCA_000268565.1_ASM26856v1_genomic                0.75%    passed     81.20%
  27  GCA_000268585.1_ASM26858v1_genomic                0.08%    passed     79.87%
  28  GCA_000268605.1_ASM26860v1_genomic                0.17%    passed     78.58%
  29  GCA_000275685.1_ASM27568v1_genomic                0.00%    passed     84.33%
  30  GCA_000320445.1_ASM32044v1_genomic                0.00%    passed     99.69%
  31  GCA_000320465.1_ASM32046v1_genomic                0.00%    passed     70.84%
  32  GCA_000323185.1_ASM32318v1_genomic                0.08%    passed     84.78%
  33  GCA_000323205.1_ASM32320v1_genomic                0.66%    passed     81.61%
  34  GCA_000323225.1_ASM32322v1_genomic                0.00%    passed     82.83%
  35  GCA_000323245.1_ASM32324v1_genomic                4.98%    passed     78.26%
  36  GCA_000323285.1_ASM32328v1_genomic                0.00%    passed     92.35%
  37  GCA_000323305.1_ASM32330v1_genomic                0.17%    passed     99.53%
  38  GCA_000323325.1_ASM32332v1_genomic                0.33%    passed     99.34%
  39  GCA_000323345.1_ASM32334v1_genomic                0.08%    passed     97.34%
  40  GCA_000323365.1_ASM32336v1_genomic                0.17%    passed     69.70%
  41  GCA_000323385.1_ASM32338v1_genomic                2.82%    passed     80.27%
  42  GCA_000323405.1_ASM32340v1_genomic                0.08%    passed     76.18%
  43  GCA_000323425.1_ASM32342v1_genomic                0.17%    passed     83.64%
  44  GCA_000323445.1_ASM32344v1_genomic                0.08%    passed     91.62%
  45  GCA_000323465.1_ASM32346v1_genomic                0.00%    passed     98.74%
  46  GCA_000323505.1_ASM32350v1_genomic                0.00%    passed     80.18%
  47  GCA_000323525.1_ASM32352v1_genomic                0.33%    passed     84.98%
  48  GCA_000323545.1_ASM32354v1_genomic                0.66%    passed     95.35%
  49  GCA_000323565.1_ASM32356v1_genomic                0.41%    passed     94.99%
  50  GCA_000323585.1_ASM32358v1_genomic                0.33%    passed     99.17%
  51  GCA_000323605.1_ASM32360v1_genomic                0.08%    passed     87.07%
  52  GCA_000323645.1_ASM32364v1_genomic                0.00%    passed     99.17%
  53  GCA_000323665.1_ASM32366v1_genomic                0.41%    passed     69.41%
  54  GCA_000323685.1_ASM32368v1_genomic                0.00%    passed     93.81%
  55  GCA_000323705.1_ASM32370v1_genomic                0.08%    passed     76.85%
  56  GCA_000323725.1_ASM32372v1_genomic                2.07%    passed     96.49%
  57  GCA_000323745.1_ASM32374v1_genomic                1.41%    passed     77.45%
  58  GCA_000323765.1_ASM32376v1_genomic                0.58%    passed     88.71%
  59  GCA_000323785.1_ASM32378v1_genomic                0.58%    passed     90.62%
  60  GCA_000323805.1_ASM32380v1_genomic                0.25%    passed     90.93%
  61  GCA_000323825.1_ASM32382v1_genomic                0.08%    passed     91.88%
  62  GCA_000323865.1_ASM32386v1_genomic                0.17%    passed     93.57%
  63  GCA_000323885.1_ASM32388v1_genomic                0.08%    passed     91.95%
  64  GCA_000323905.1_ASM32390v1_genomic                0.17%    passed     91.56%
  65  GCA_000323925.1_ASM32392v1_genomic                0.00%    passed     92.62%
  66  GCA_000323945.1_ASM32394v1_genomic                8.21%    passed     97.16%
  67  GCA_000323965.1_ASM32396v1_genomic                0.08%    passed     88.48%
  68  GCA_000323985.1_ASM32398v1_genomic                1.41%    passed     91.63%
  69  GCA_000324005.1_ASM32400v1_genomic                0.17%    passed     95.21%
  70  GCA_000324025.1_ASM32402v1_genomic                0.00%    passed     98.26%
  71  GCA_000324065.1_ASM32406v1_genomic                0.17%    passed     75.13%
  72  GCA_000324085.1_ASM32408v1_genomic                1.00%    passed     93.14%
  73  GCA_000324105.1_ASM32410v1_genomic                0.00%    passed     88.28%
  74  GCA_000324125.1_ASM32412v1_genomic                0.50%    passed     95.74%
  75  GCA_000324145.1_ASM32414v1_genomic                0.17%    passed     98.27%
  76  GCA_000324165.1_ASM32416v1_genomic                0.00%    passed     68.65%
  77  GCA_000324185.1_ASM32418v1_genomic                0.08%    passed     82.99%
  78  GCA_000324205.1_ASM32420v1_genomic                0.66%    passed     90.41%
  79  GCA_000324225.1_ASM32422v1_genomic                0.08%    passed     37.10%
  80  GCA_000324245.1_ASM32424v1_genomic                0.08%    passed     94.42%
  81  GCA_000324265.1_ASM32426v1_genomic                0.25%    passed     88.08%
  82  GCA_000324285.1_ASM32428v1_genomic                0.75%    passed     84.96%
  83  GCA_000324305.1_ASM32430v1_genomic                0.17%    passed     97.61%
  84  GCA_000324325.1_ASM32432v1_genomic                1.33%    passed     83.18%
  85  GCA_000324345.1_ASM32434v1_genomic                0.00%    passed     84.17%
  86  GCA_000324365.1_ASM32436v1_genomic                0.41%    passed     87.29%
  87  GCA_000324385.1_ASM32438v1_genomic                6.38%    passed     75.67%
  88  GCA_000324405.1_ASM32440v1_genomic                2.32%    passed     75.07%
  89  GCA_000324425.1_ASM32442v1_genomic                0.00%    passed     78.22%
  90  GCA_000324445.1_ASM32444v1_genomic                0.00%    passed     99.70%
  91  GCA_000324485.1_ASM32448v1_genomic                0.25%    passed     99.59%
  92  GCA_000324505.1_ASM32450v1_genomic                0.00%    passed     94.15%
  93  GCA_000324545.1_ASM32454v1_genomic                0.58%    passed     96.42%
  94  GCA_000324565.1_ASM32456v1_genomic                0.25%    passed     98.96%
  95  GCA_000324585.1_ASM32458v1_genomic                1.82%    passed     99.64%
  96  GCA_000324605.1_ASM32460v1_genomic                0.33%    passed     99.27%
  97  GCA_000324625.1_ASM32462v1_genomic                1.00%    passed     75.67%
  98  GCA_000324645.1_ASM32464v1_genomic                0.33%    passed     87.10%
  99  GCA_000324685.1_ASM32468v1_genomic                0.41%    passed     91.67%
 100  GCA_000324705.1_ASM32470v1_genomic                2.07%    passed     90.20%
 101  GCA_000324725.1_ASM32472v1_genomic                0.50%    passed     89.47%
 102  GCA_000324745.1_ASM32474v1_genomic                1.16%    passed     97.17%
 103  GCA_000324765.1_ASM32476v1_genomic                0.33%    passed     82.04%
 104  GCA_000324785.1_ASM32478v1_genomic                0.41%    passed     80.70%
 105  GCA_000324805.2_EV76-CN_genomic                   0.00%    passed     89.80%
 106  GCA_000324825.1_ASM32482v1_genomic                0.66%    passed     84.28%
 107  GCA_000324845.1_ASM32484v1_genomic                0.17%    passed     88.40%
 108  GCA_000324865.1_ASM32486v1_genomic                0.25%    passed     83.07%
 109  GCA_000324885.1_ASM32488v1_genomic                0.17%    passed     99.28%
 110  GCA_000324905.1_ASM32490v1_genomic                0.17%    passed     98.27%
 111  GCA_000324945.1_ASM32494v1_genomic                0.83%    passed     97.60%
 112  GCA_000324965.1_ASM32496v1_genomic                0.00%    passed     98.02%
 113  GCA_000324985.1_ASM32498v1_genomic                0.41%    passed     99.77%
 114  GCA_000325005.1_ASM32500v1_genomic                0.50%    passed     98.76%
 115  GCA_000325025.1_ASM32502v1_genomic                0.41%    passed     99.28%
 116  GCA_000325045.1_ASM32504v1_genomic                0.33%    passed     94.22%
 117  GCA_000325065.1_ASM32506v1_genomic                0.17%    passed     96.67%
 118  GCA_000325085.1_ASM32508v1_genomic                2.57%    passed     99.05%
 119  GCA_000325105.1_ASM32510v1_genomic                0.00%    passed     98.27%
 120  GCA_000325125.1_ASM32512v1_genomic                0.66%    passed     97.92%
 121  GCA_000325165.1_ASM32516v1_genomic                0.25%    passed     90.73%
 122  GCA_000325205.1_ASM32520v1_genomic                0.17%    passed     99.66%
 123  GCA_000325225.1_ASM32522v1_genomic                0.25%    passed     95.91%
 124  GCA_000325245.1_ASM32524v1_genomic                1.00%    passed     93.11%
 125  GCA_000325265.1_ASM32526v1_genomic                0.08%    passed     98.29%
 126  GCA_000325285.1_ASM32528v1_genomic                0.33%    passed     95.80%
 127  GCA_000325305.1_ASM32530v1_genomic                0.00%    passed     99.25%
 128  GCA_000325325.1_ASM32532v1_genomic                0.08%    passed     94.46%
 129  GCA_000325345.1_ASM32534v1_genomic                1.00%    passed     96.59%
 130  GCA_000325365.1_ASM32536v1_genomic                0.25%    passed     87.75%
 131  GCA_000325385.1_ASM32538v1_genomic                2.57%    passed     88.39%
 132  GCA_000325405.1_ASM32540v1_genomic                1.08%    passed     90.44%
 133  GCA_000325425.1_ASM32542v1_genomic                0.08%    passed     81.03%
 134  GCA_000325445.1_ASM32544v1_genomic                0.08%    passed     84.75%
 135  GCA_000325465.1_ASM32546v1_genomic                1.24%    passed     79.11%
 136  GCA_000325485.1_ASM32548v1_genomic                0.25%    passed     77.15%
 137  GCA_000475095.2_YP009_v2_genomic                  0.00%    passed     90.18%
 138  GCA_000475115.2_YP113_v2_genomic                  0.00%    passed     93.75%
 139  GCA_000475135.2_YPS03_v2_genomic                  0.00%    passed     92.36%
 140  GCA_000475155.2_YP24H_v2_genomic                  0.00%    passed     88.30%
 141  GCA_000590535.1_EV_NIIEG_genomic                  0.41%    passed     90.47%
 142  GCA_000590535.2_ASM59053v2_genomic                0.00%    passed     89.32%
 143  GCA_000734805.1_ASM73480v1_genomic                0.17%    passed     71.12%
 144  GCA_000834235.1_ASM83423v1_genomic                0.00%    passed     82.65%
 145  GCA_000834275.1_ASM83427v1_genomic                0.00%    passed     97.81%
 146  GCA_000834335.1_ASM83433v1_genomic                0.00%    passed     91.26%
 147  GCA_000834495.1_ASM83449v1_genomic                0.17%    passed     91.50%
 148  GCA_000834755.1_ASM83475v1_genomic                0.00%    passed     89.80%
 149  GCA_000834775.1_ASM83477v1_genomic                0.00%    passed     91.26%
 150  GCA_000834905.1_ASM83490v1_genomic                0.00%    passed     86.01%
 151  GCA_000835005.1_ASM83500v1_genomic                4.81%    passed     96.13%
 152  GCA_000970105.1_ASM97010v1_genomic                0.08%    passed     62.59%
 153  GCA_000986995.1_YPES001-SEQ-2-ASM-1_genomic       2.40%    passed     92.48%
 154  GCA_001188675.1_ASM118867v1_genomic               0.00%    passed     78.77%
 155  GCA_001188735.1_ASM118873v1_genomic               0.00%    passed     65.77%
 156  GCA_001188815.1_ASM118881v1_genomic               0.00%    passed     71.26%
 157  GCA_001261975.1_YPW_8_IHQD_genomic                0.50%    passed     60.08%
 158  GCA_001261985.1_YPW_3_IHQD_genomic                0.00%    passed     86.33%
 159  GCA_001487065.1_Yersinia_pestis_genomic           0.41%    passed     94.03%
 160  GCA_001559935.1_ASM155993v1_genomic               0.58%    passed     57.39%
 161  GCA_001601285.1_ASM160128v1_genomic               0.08%    passed     97.37%
 162  GCA_001613865.1_ASM161386v1_genomic               0.25%    passed     87.10%
 163  GCA_001613885.1_ASM161388v1_genomic               0.17%    passed     56.48%
 164  GCA_001613895.1_ASM161389v1_genomic               0.33%    passed     72.70%
 165  GCA_001617705.1_Yersinia_pestis_C-791_genomic     0.00%    passed     61.38%
 166  GCA_001617715.1_Yersinia_pestis_M-519_genomic     0.17%    passed     60.05%
 167  GCA_001617725.1_Yersinia_pestis_M-1484_genomic    0.08%    passed     49.49%
 168  GCA_001617735.1_Yersinia_pestis_M-1763_genomic    0.00%    passed     70.45%
 169  GCA_001617785.1_Yersinia_pestis_M-549_genomic     0.00%    passed     73.25%
 170  GCA_001617805.1_Yersinia_pestis_173_genomic       0.50%    passed     66.44%
 171  GCA_001617815.1_Yersinia_pestis_M-1453_genomic    0.41%    passed     67.49%
 172  GCA_002005285.1_ASM200528v1_genomic               0.00%    passed     89.77%
 173  GCA_002188835.1_ASM218883v1_genomic               0.00%    passed     98.68%
 174  GCA_002188855.1_ASM218885v1_genomic               0.00%    passed     99.41%
 175  GCA_002412225.1_Y.pestis_A-1486_genomic           0.17%    passed     79.29%
 176  GCA_002412245.1_Y.pestis_A-1691_genomic           0.58%    passed     58.84%
 177  GCA_002412255.1_Y.pestis_A-1836_genomic           0.17%    passed     18.13%
 178  GCA_002412305.1_Y.pestis_A-1809_genomic           0.25%    passed     88.92%
 179  GCA_003074235.1_ASM307423v1_genomic               0.25%    passed     99.34%
 180  GCA_003074275.1_ASM307427v1_genomic               1.00%    passed     74.20%
 181  GCA_003074295.1_ASM307429v1_genomic               0.17%    passed     68.29%
 182  GCA_003074315.1_ASM307431v1_genomic               0.41%    passed     95.27%
 183  GCA_003074335.1_ASM307433v1_genomic               0.00%    passed     70.60%
 184  GCA_003074355.1_ASM307435v1_genomic               0.17%    passed     68.44%
 185  GCA_003074375.1_ASM307437v1_genomic               0.00%    passed     70.60%
 186  GCA_003074535.1_ASM307453v1_genomic               0.00%    passed     71.31%
 187  GCA_003074595.1_ASM307459v1_genomic               0.00%    passed     67.90%
 188  GCA_003085855.1_ASM308585v1_genomic               0.08%    passed     58.47%
 189  GCA_003086075.1_ASM308607v1_genomic               2.32%    passed     95.45%
 190  GCA_003086095.1_ASM308609v1_genomic               0.25%    passed     82.38%
 191  GCA_003086115.1_ASM308611v1_genomic               0.91%    passed     79.92%
 192  GCA_003086155.1_ASM308615v1_genomic               0.17%    passed     66.89%
 193  GCA_003797205.1_ASM379720v1_genomic               0.08%    passed     89.57%
 194  GCA_003798085.1_ASM379808v1_genomic               0.00%    passed     86.01%
 195  GCA_003798225.1_ASM379822v1_genomic               0.08%    passed     15.10%
 196  GCA_004023585.1_ASM402358v1_genomic               0.00%    passed     84.33%
 197  GCA_004023595.1_ASM402359v1_genomic               0.17%    passed     85.80%
 198  GCA_006376415.1_ASM637641v1_genomic               0.25%    passed     55.69%
 199  GCA_006376435.1_ASM637643v1_genomic               0.25%    passed     70.06%
 200  GCA_006376475.1_ASM637647v1_genomic               0.17%    passed     72.86%
 201  GCA_006376495.1_ASM637649v1_genomic               0.00%    passed     48.79%
 202  GCA_006376535.1_ASM637653v1_genomic               1.41%    passed     52.62%
 203  GCA_006376535.2_ASM637653v2_genomic               0.08%    passed     46.56%
 204  GCA_006376575.1_ASM637657v1_genomic               0.33%    passed     70.13%
 205  GCA_008630375.1_ASM863037v1_genomic               0.41%    passed     60.00%
 206  GCA_008630375.2_ASM863037v2_genomic               0.83%    passed     76.35%
 207  GCA_008630395.1_ASM863039v1_genomic               0.00%    passed     68.32%
 208  GCA_008630435.1_ASM863043v1_genomic               0.58%    passed     78.01%
 209  GCA_008630485.1_ASM863048v1_genomic               0.00%    passed     64.51%
 210  GCA_008630575.1_ASM863057v1_genomic               0.58%    passed     69.71%
 211  GCA_009295945.1_ASM929594v1_genomic               0.00%    passed     95.09%
 212  GCA_009295985.1_ASM929598v1_genomic               0.00%    passed     77.75%
 213  GCA_009296005.1_ASM929600v1_genomic               0.00%    passed     76.11%
 214  GCA_009363195.1_ASM936319v1_genomic               0.00%    passed     98.77%
 215  GCA_009667885.1_ASM966788v1_genomic               0.00%    passed     70.67%
 216  GCA_009667895.1_ASM966789v1_genomic               0.00%    passed     65.73%
 217  GCA_009667925.1_ASM966792v1_genomic               0.00%    passed     76.30%
 218  GCA_009667935.1_ASM966793v1_genomic               0.08%    passed     68.74%
 219  GCA_009667945.1_ASM966794v1_genomic               0.00%    passed     70.67%
 220  GCA_009667985.1_ASM966798v1_genomic               0.00%    passed     70.67%
 221  GCA_009669545.1_ASM966954v1_genomic               0.00%    passed     70.67%
 222  GCA_009669555.1_ASM966955v1_genomic               0.00%    passed     70.67%
 223  GCA_009669565.1_ASM966956v1_genomic               0.00%    passed     70.67%
 224  GCA_009669605.1_ASM966960v1_genomic               0.00%    passed     70.67%
 225  GCA_009669625.1_ASM966962v1_genomic               0.00%    passed     69.34%
 226  GCA_009669635.1_ASM966963v1_genomic               0.00%    passed     76.30%
 227  GCA_009669665.1_ASM966966v1_genomic               0.00%    passed     70.67%
 228  GCA_009669675.1_ASM966967v1_genomic               0.00%    passed     73.35%
 229  GCA_009669705.1_ASM966970v1_genomic               0.25%    passed     67.28%
 230  GCA_009669715.1_ASM966971v1_genomic               0.00%    passed     62.55%
 231  GCA_009669725.1_ASM966972v1_genomic               0.00%    passed     76.30%
 232  GCA_009669765.1_ASM966976v1_genomic               0.00%    passed     67.30%
 233  GCA_009669775.1_ASM966977v1_genomic               0.00%    passed     65.73%
 234  GCA_009669805.1_ASM966980v1_genomic               0.00%    passed     71.02%
 235  GCA_009669825.1_ASM966982v1_genomic               0.00%    passed     73.35%
 236  GCA_009669835.1_ASM966983v1_genomic               0.00%    passed     70.67%
 237  GCA_009669845.1_ASM966984v1_genomic               0.00%    passed     70.67%
 238  GCA_009669875.1_ASM966987v1_genomic               0.00%    passed     70.67%
 239  GCA_009669905.1_ASM966990v1_genomic               0.00%    passed     70.67%
 240  GCA_009669925.1_ASM966992v1_genomic               0.00%    passed     70.67%
 241  GCA_009669935.1_ASM966993v1_genomic               0.00%    passed     69.34%
 242  GCA_009669955.1_ASM966995v1_genomic               0.08%    passed     72.02%
 243  GCA_009669975.1_ASM966997v1_genomic               0.00%    passed     65.73%
 244  GCA_009670005.1_ASM967000v1_genomic               0.00%    passed     67.46%
 245  GCA_009670015.1_ASM967001v1_genomic               0.00%    passed     65.73%
 246  GCA_009670045.1_ASM967004v1_genomic               0.00%    passed     69.34%
 247  GCA_009670055.1_ASM967005v1_genomic               0.00%    passed     66.72%
 248  GCA_009670075.1_ASM967007v1_genomic               0.00%    passed     65.73%
 249  GCA_009670105.1_ASM967010v1_genomic               0.00%    passed     70.67%
 250  GCA_009670115.1_ASM967011v1_genomic               0.00%    passed     66.72%
 251  GCA_009670135.1_ASM967013v1_genomic               0.00%    passed     65.73%
 252  GCA_009670155.1_ASM967015v1_genomic               0.00%    passed     65.73%
 253  GCA_009670185.1_ASM967018v1_genomic               0.00%    passed     76.30%
 254  GCA_009670205.1_ASM967020v1_genomic               0.00%    passed     70.67%
 255  GCA_009670225.1_ASM967022v1_genomic               0.00%    passed     76.30%
 256  GCA_009670235.1_ASM967023v1_genomic               0.00%    passed     77.06%
 257  GCA_009670245.1_ASM967024v1_genomic               0.00%    passed     72.36%
 258  GCA_009670285.1_ASM967028v1_genomic               0.00%    passed     76.30%
 259  GCA_009670305.1_ASM967030v1_genomic               0.00%    passed     76.30%
 260  GCA_009670325.1_ASM967032v1_genomic               0.00%    passed     70.67%
 261  GCA_009670345.1_ASM967034v1_genomic               0.00%    passed     70.67%
 262  GCA_009670355.1_ASM967035v1_genomic               0.00%    passed     70.67%
 263  GCA_009670385.1_ASM967038v1_genomic               0.00%    passed     65.73%
 264  GCA_009670395.1_ASM967039v1_genomic               0.00%    passed     67.30%
 265  GCA_009670415.1_ASM967041v1_genomic               0.00%    passed     70.67%
 266  GCA_009670445.1_ASM967044v1_genomic               0.00%    passed     72.36%
 267  GCA_009670465.1_ASM967046v1_genomic               0.00%    passed     67.30%
 268  GCA_009670475.1_ASM967047v1_genomic               0.00%    passed     65.73%
 269  GCA_009670485.1_ASM967048v1_genomic               0.00%    passed     70.67%
 270  GCA_009670515.1_ASM967051v1_genomic               0.00%    passed     65.73%
 271  GCA_009670545.1_ASM967054v1_genomic               0.00%    passed     70.67%
 272  GCA_009670565.1_ASM967056v1_genomic               0.00%    passed     65.73%
 273  GCA_009670575.1_ASM967057v1_genomic               0.00%    passed     73.91%
 274  GCA_009670585.1_ASM967058v1_genomic               0.00%    passed     70.67%
 275  GCA_009670605.1_ASM967060v1_genomic               0.00%    passed     70.67%
 276  GCA_009670625.1_ASM967062v1_genomic               0.00%    passed     73.91%
 277  GCA_009670665.1_ASM967066v1_genomic               0.17%    passed     65.77%
 278  GCA_009670675.1_ASM967067v1_genomic               0.08%    passed     71.95%
 279  GCA_009670705.1_ASM967070v1_genomic               0.00%    passed     67.30%
 280  GCA_009670715.1_ASM967071v1_genomic               0.75%    passed     78.08%
 281  GCA_009670725.1_ASM967072v1_genomic               0.00%    passed     73.35%
 282  GCA_009670765.1_ASM967076v1_genomic               0.17%    passed     69.11%
 283  GCA_009670775.1_ASM967077v1_genomic               0.00%    passed     73.91%
 284  GCA_009670785.1_ASM967078v1_genomic               0.00%    passed     70.67%
 285  GCA_009670815.1_ASM967081v1_genomic               0.00%    passed     73.35%
 286  GCA_009670835.1_ASM967083v1_genomic               0.00%    passed     70.67%
 287  GCA_009670865.1_ASM967086v1_genomic               0.00%    passed     70.67%
 288  GCA_009670875.1_ASM967087v1_genomic               0.00%    passed     65.73%
 289  GCA_009670895.1_ASM967089v1_genomic               0.00%    passed     65.73%
 290  GCA_009670905.1_ASM967090v1_genomic               0.00%    passed     65.73%
 291  GCA_009670935.1_ASM967093v1_genomic               0.00%    passed     69.88%
 292  GCA_009670995.1_ASM967099v1_genomic               0.00%    passed     69.34%
 293  GCA_009909635.1_ASM990963v1_genomic               0.08%    passed     71.33%
 294  GCA_009909645.1_ASM990964v1_genomic               0.00%    passed     59.80%
 295  GCA_009909655.1_ASM990965v1_genomic               0.00%    passed     66.37%
 296  GCA_010974835.1_ASM1097483v1_genomic              0.08%    passed     68.72%
 297  GCA_010974845.1_ASM1097484v1_genomic              0.00%    passed     70.74%
 298  GCA_010974855.1_ASM1097485v1_genomic              0.66%    passed     73.21%
 299  GCA_013421455.1_ASM1342145v1_genomic              0.00%    passed     77.44%
 300  GCA_013421465.1_ASM1342146v1_genomic              0.00%    passed     75.75%
 301  GCA_013421535.1_ASM1342153v1_genomic              1.49%    passed     73.78%
 302  GCA_013421545.1_ASM1342154v1_genomic              0.25%    passed     82.58%
 303  GCA_013421555.1_ASM1342155v1_genomic              0.00%    passed     77.44%
 304  GCA_015158485.1_ASM1515848v1_genomic              0.00%    passed     87.17%
 305  GCA_015158575.1_ASM1515857v1_genomic              0.00%    passed     91.55%
 306  GCA_015158585.1_ASM1515858v1_genomic              0.00%    passed     93.29%
 307  GCA_015158615.1_ASM1515861v1_genomic              0.17%    passed     93.05%
 308  GCA_015158625.1_ASM1515862v1_genomic              1.08%    passed     92.30%
 309  GCA_015158635.1_ASM1515863v1_genomic              0.00%    passed     91.55%
 310  GCA_015158675.1_ASM1515867v1_genomic              0.00%    passed     99.13%
 311  GCA_015158715.1_ASM1515871v1_genomic              0.00%    passed     99.87%
 312  GCA_015158795.1_ASM1515879v1_genomic              0.00%    passed     99.05%
 313  GCA_015158845.1_ASM1515884v1_genomic              0.00%    passed     97.59%
 314  GCA_015158905.1_ASM1515890v1_genomic              0.00%    passed     98.93%
 315  GCA_015158945.1_ASM1515894v1_genomic              0.00%    passed     99.05%
 316  GCA_015158955.1_ASM1515895v1_genomic              0.33%    passed     99.37%
 317  GCA_015158995.1_ASM1515899v1_genomic              0.00%    passed     97.79%
 318  GCA_015159005.1_ASM1515900v1_genomic              0.00%    passed     98.93%
 319  GCA_015159035.1_ASM1515903v1_genomic              0.00%    passed     99.05%
 320  GCA_015159045.1_ASM1515904v1_genomic              0.00%    passed     98.96%
 321  GCA_015159075.1_ASM1515907v1_genomic              0.00%    passed     96.61%
 322  GCA_015159085.1_ASM1515908v1_genomic              0.00%    passed     99.05%
 323  GCA_015159105.1_ASM1515910v1_genomic              0.00%    passed     96.61%
 324  GCA_015159135.1_ASM1515913v1_genomic              0.00%    passed     98.71%
 325  GCA_015159145.1_ASM1515914v1_genomic              0.00%    passed     98.71%
 326  GCA_015159175.1_ASM1515917v1_genomic              0.00%    passed     97.79%
 327  GCA_015159195.1_ASM1515919v1_genomic              0.00%    passed     99.05%
 328  GCA_015159615.1_ASM1515961v1_genomic              0.17%    passed     49.19%
 329  GCA_015190655.1_ASM1519065v1_genomic              0.00%    passed     99.05%
 330  GCA_015336085.1_ASM1533608v1_genomic              0.00%    passed     52.68%
 331  GCA_015336465.1_ASM1533646v1_genomic              0.41%    passed     96.86%
 332  GCA_015337085.1_ASM1533708v1_genomic              1.58%    passed     92.90%
 333  GCA_015337285.1_ASM1533728v1_genomic              0.00%    passed     77.75%
 334  GCA_015337445.1_ASM1533744v1_genomic              0.00%    passed     51.56%
 335  GCA_015337645.1_ASM1533764v1_genomic              0.00%    passed     57.43%
 336  GCA_015337825.1_ASM1533782v1_genomic              0.00%    passed     93.57%
 337  GCA_015350425.1_ASM1535042v1_genomic              0.17%    passed     63.44%
 338  GCA_015350435.1_ASM1535043v1_genomic              0.00%    passed     64.12%
 339  GCA_015350455.1_ASM1535045v1_genomic              0.00%    passed     64.12%
 340  GCA_016102545.1_ASM1610254v1_genomic              0.08%    passed     83.64%
 341  GCA_016102555.1_ASM1610255v1_genomic              2.32%    passed     57.79%
 342  GCA_016102565.1_ASM1610256v1_genomic              0.58%    passed     73.07%
 343  GCA_016102575.1_ASM1610257v1_genomic              0.25%    passed     79.95%
 344  GCA_016102585.1_ASM1610258v1_genomic              0.00%    passed     59.80%
 345  GCA_016102645.1_ASM1610264v1_genomic              0.75%    passed     65.33%
 346  GCA_016102655.1_ASM1610265v1_genomic              0.25%    passed     75.87%
 347  GCA_016102665.1_ASM1610266v1_genomic              1.49%    passed     70.54%
 348  GCA_016102685.1_ASM1610268v1_genomic              0.17%    passed     60.05%
 349  GCA_016102745.1_ASM1610274v1_genomic              0.08%    passed     55.91%
 350  GCA_016102755.1_ASM1610275v1_genomic              0.00%    passed     79.39%
 351  GCA_016102765.1_ASM1610276v1_genomic              0.00%    passed     65.77%
 352  GCA_016102775.1_ASM1610277v1_genomic              0.00%    passed     70.60%
 353  GCA_016102785.1_ASM1610278v1_genomic              0.17%    passed     63.44%
 354  GCA_016102845.1_ASM1610284v1_genomic              0.00%    passed     59.80%
 355  GCA_016102855.1_ASM1610285v1_genomic              0.00%    passed     59.80%
 356  GCA_016102875.1_ASM1610287v1_genomic              0.08%    passed     61.21%
 357  GCA_016102905.1_ASM1610290v1_genomic              0.17%    passed     61.62%
 358  GCA_016102915.1_ASM1610291v1_genomic              0.00%    passed     64.51%
 359  GCA_016102945.1_ASM1610294v1_genomic              0.00%    passed     64.12%
 360  GCA_016102965.1_ASM1610296v1_genomic              0.00%    passed     58.75%
 361  GCA_016102975.1_ASM1610297v1_genomic              0.00%    passed     58.63%
 362  GCA_016103005.1_ASM1610300v1_genomic              0.08%    passed     64.45%
 363  GCA_900460465.1_57940_B01_genomic                 0.33%    passed     89.32%
 364  Reference                                         0.00%    passed     90.18%
****  TOTAL                                             0.31%  0 sequences failed composition chi2 test (p-value<5%; df=3)
Reading tree /2/scratch/keaton/plague-phylogeography/results/iqtree/assembly/iqtree-core_chromosome.filter1.treefile ...
un-rooted tree with 364 taxa and 725 branches
Computing site concordance factor...
1.330 sec
Tree with concordance factors written to /2/scratch/keaton/plague-phylogeography/results/iqtree/assembly/iqtree-core_chromosome.filter1_post.cf.tree
Annotated tree (best viewed in FigTree) written to /2/scratch/keaton/plague-phylogeography/results/iqtree/assembly/iqtree-core_chromosome.filter1_post.cf.tree.nex
Tree with branch IDs written to /2/scratch/keaton/plague-phylogeography/results/iqtree/assembly/iqtree-core_chromosome.filter1_post.cf.branch
Concordance factors per branch printed to /2/scratch/keaton/plague-phylogeography/results/iqtree/assembly/iqtree-core_chromosome.filter1_post.cf.stat
Date and Time: Mon Mar 29 18:44:56 2021
