2021-06-16 11:20:57,219 Reading the input fasta file: /2/scratch/keaton/plague-phylogeography/results/snippy_multi/all/chromosome/full/snippy-multi.snps.aln
2021-06-16 11:20:57,221 Reading alignment length...
2021-06-16 11:20:57,222 Alignment length: 483
2021-06-16 11:20:57,222 Reading alignment sample names...
2021-06-16 11:20:57,222 Number of samples: 50
2021-06-16 11:20:57,222 Analyzing alignment for sites with >=0.99 samples with data...
2021-06-16 11:20:57,225 5% Complete
2021-06-16 11:20:57,228 10% Complete
2021-06-16 11:20:57,231 15% Complete
2021-06-16 11:20:57,234 20% Complete
2021-06-16 11:20:57,236 25% Complete
2021-06-16 11:20:57,240 30% Complete
2021-06-16 11:20:57,243 35% Complete
2021-06-16 11:20:57,246 40% Complete
2021-06-16 11:20:57,249 45% Complete
2021-06-16 11:20:57,252 50% Complete
2021-06-16 11:20:57,255 55% Complete
2021-06-16 11:20:57,258 60% Complete
2021-06-16 11:20:57,261 65% Complete
2021-06-16 11:20:57,264 70% Complete
2021-06-16 11:20:57,267 75% Complete
2021-06-16 11:20:57,270 80% Complete
2021-06-16 11:20:57,273 85% Complete
2021-06-16 11:20:57,276 90% Complete
2021-06-16 11:20:57,279 95% Complete
2021-06-16 11:20:57,282 100% Complete
2021-06-16 11:20:57,282 Creating the filtered multiple alignment..
2021-06-16 11:20:57,284 Writing to the output fasta file: /2/scratch/keaton/plague-phylogeography/results/snippy_multi/all/chromosome/full/filter1/snippy-multi.snps.aln
2021-06-16 11:20:57,285 Constant sites: 0 (0%)
2021-06-16 11:20:57,285 Parsimony informative sites: 238 (49%)
2021-06-16 11:20:57,285 Biallelic singleton sites: 245 (50%)
2021-06-16 11:20:57,285 Multiallelic singleton sites: 0 (0%)
2021-06-16 11:20:57,285 Pseudo singleton sites: 0 (0%)
2021-06-16 11:20:57,285 Total singleton sites: 245 (50%)
2021-06-16 11:20:57,285 Singleton sites passing missing data filter: 6
2021-06-16 11:20:57,285 Parsimony informative sites passing missing data filter: 16
2021-06-16 11:20:57,285 Total sites passing missing data filter: 22
2021-06-16 11:20:57,285 Total sites failing missing data filter: 461
2021-06-16 11:20:57,285 Wrote a multi-fasta alignment of length: 22
