2021-06-16 11:20:57,219 Reading the input fasta file: /2/scratch/keaton/plague-phylogeography/results/snippy_multi/all/chromosome/full/snippy-multi.snps.aln
2021-06-16 11:20:57,222 Reading alignment length...
2021-06-16 11:20:57,222 Alignment length: 483
2021-06-16 11:20:57,222 Reading alignment sample names...
2021-06-16 11:20:57,222 Number of samples: 50
2021-06-16 11:20:57,222 Analyzing alignment for sites with >=0.95 samples with data...
2021-06-16 11:20:57,227 5% Complete
2021-06-16 11:20:57,231 10% Complete
2021-06-16 11:20:57,234 15% Complete
2021-06-16 11:20:57,238 20% Complete
2021-06-16 11:20:57,241 25% Complete
2021-06-16 11:20:57,246 30% Complete
2021-06-16 11:20:57,251 35% Complete
2021-06-16 11:20:57,256 40% Complete
2021-06-16 11:20:57,260 45% Complete
2021-06-16 11:20:57,263 50% Complete
2021-06-16 11:20:57,267 55% Complete
2021-06-16 11:20:57,271 60% Complete
2021-06-16 11:20:57,274 65% Complete
2021-06-16 11:20:57,281 70% Complete
2021-06-16 11:20:57,286 75% Complete
2021-06-16 11:20:57,291 80% Complete
2021-06-16 11:20:57,296 85% Complete
2021-06-16 11:20:57,299 90% Complete
2021-06-16 11:20:57,306 95% Complete
2021-06-16 11:20:57,313 100% Complete
2021-06-16 11:20:57,313 Creating the filtered multiple alignment..
2021-06-16 11:20:57,318 Writing to the output fasta file: /2/scratch/keaton/plague-phylogeography/results/snippy_multi/all/chromosome/full/filter5/snippy-multi.snps.aln
2021-06-16 11:20:57,319 Constant sites: 0 (0%)
2021-06-16 11:20:57,319 Parsimony informative sites: 238 (49%)
2021-06-16 11:20:57,319 Biallelic singleton sites: 245 (50%)
2021-06-16 11:20:57,319 Multiallelic singleton sites: 0 (0%)
2021-06-16 11:20:57,319 Pseudo singleton sites: 0 (0%)
2021-06-16 11:20:57,319 Total singleton sites: 245 (50%)
2021-06-16 11:20:57,319 Singleton sites passing missing data filter: 35
2021-06-16 11:20:57,319 Parsimony informative sites passing missing data filter: 58
2021-06-16 11:20:57,319 Total sites passing missing data filter: 93
2021-06-16 11:20:57,319 Total sites failing missing data filter: 390
2021-06-16 11:20:57,319 Wrote a multi-fasta alignment of length: 93
