2021-08-12 10:03:22,259 Reading the input fasta file: /mnt/c/Users/ktmea/Projects/plague-phylogeography/results/iqtree/all/chromosome/full/filter5/filter-taxa/snippy-multi.snps.aln
2021-08-12 10:03:22,849 Reading alignment length...
2021-08-12 10:03:22,851 Alignment length: 26282
2021-08-12 10:03:22,851 Reading alignment sample names...
2021-08-12 10:03:22,852 Number of samples: 601
2021-08-12 10:03:22,853 Analyzing alignment for sites with >=0.0 samples with data...
2021-08-12 10:03:29,035 5% Complete
2021-08-12 10:03:40,581 10% Complete
2021-08-12 10:03:56,264 15% Complete
2021-08-12 10:04:15,914 20% Complete
2021-08-12 10:04:46,342 25% Complete
2021-08-12 10:05:29,990 30% Complete
2021-08-12 10:06:25,839 35% Complete
2021-08-12 10:07:26,347 40% Complete
2021-08-12 10:08:36,937 45% Complete
2021-08-12 10:10:07,183 50% Complete
2021-08-12 10:11:19,400 55% Complete
2021-08-12 10:12:52,376 60% Complete
2021-08-12 10:14:11,286 65% Complete
2021-08-12 10:15:16,007 70% Complete
2021-08-12 10:16:50,805 75% Complete
2021-08-12 10:18:25,716 80% Complete
2021-08-12 10:20:03,592 85% Complete
2021-08-12 10:22:09,273 90% Complete
2021-08-12 10:23:41,606 95% Complete
2021-08-12 10:25:22,986 100% Complete
2021-08-12 10:25:22,987 Creating the filtered multiple alignment..
2021-08-12 10:25:25,924 Writing to the output fasta file: /mnt/c/Users/ktmea/Projects/plague-phylogeography/results/iqtree/all/chromosome/full/filter5/filter-sites/snippy-multi.snps.aln
2021-08-12 10:25:26,130 Constant sites: 16033 (61%)
2021-08-12 10:25:26,130 Parsimony informative sites: 3844 (14%)
2021-08-12 10:25:26,131 Biallelic singleton sites: 6356 (24%)
2021-08-12 10:25:26,131 Multiallelic singleton sites: 35 (0%)
2021-08-12 10:25:26,131 Pseudo singleton sites: 14 (0%)
2021-08-12 10:25:26,131 Total singleton sites: 6405 (24%)
2021-08-12 10:25:26,132 Singleton sites passing missing data filter: 6405
2021-08-12 10:25:26,132 Parsimony informative sites passing missing data filter: 3844
2021-08-12 10:25:26,132 Filtered nucleotides: 6159649
2021-08-12 10:25:26,133 Ambiguous nucleotides: 79278 (1%)
2021-08-12 10:25:26,133 Total sites passing missing data filter: 10249
2021-08-12 10:25:26,133 Total sites failing missing data filter: 0
2021-08-12 10:25:26,133 Total nucleotides passing missing data filter: 6159649
2021-08-12 10:25:26,134 Ambiguous nucleotides passing missing data filter: 79278
2021-08-12 10:25:26,134 Wrote a multi-fasta alignment of length: 10249
