2021-04-16 16:48:20,369 Reading the input fasta file: /mnt/c/Users/ktmea/Projects/plague-phylogeography/results/snippy_multi/all/chromosome/prune/snippy-multi.snps.aln
2021-04-16 16:48:20,376 Reading alignment length...
2021-04-16 16:48:20,377 Alignment length: 2451
2021-04-16 16:48:20,378 Reading alignment sample names...
2021-04-16 16:48:20,378 Number of samples: 27
2021-04-16 16:48:20,378 Analyzing alignment for sites with >=0.95 samples with data...
2021-04-16 16:48:20,415 5% Complete
2021-04-16 16:48:20,466 10% Complete
2021-04-16 16:48:20,541 15% Complete
2021-04-16 16:48:20,615 20% Complete
2021-04-16 16:48:20,713 25% Complete
2021-04-16 16:48:20,951 30% Complete
2021-04-16 16:48:21,080 35% Complete
2021-04-16 16:48:21,251 40% Complete
2021-04-16 16:48:21,426 45% Complete
2021-04-16 16:48:21,508 50% Complete
2021-04-16 16:48:21,685 55% Complete
2021-04-16 16:48:21,883 60% Complete
2021-04-16 16:48:22,075 65% Complete
2021-04-16 16:48:22,306 70% Complete
2021-04-16 16:48:22,529 75% Complete
2021-04-16 16:48:22,780 80% Complete
2021-04-16 16:48:23,043 85% Complete
2021-04-16 16:48:23,324 90% Complete
2021-04-16 16:48:23,609 95% Complete
2021-04-16 16:48:23,878 100% Complete
2021-04-16 16:48:23,879 Creating the filtered multiple alignment..
2021-04-16 16:48:23,899 Writing to the output fasta file: /mnt/c/Users/ktmea/Projects/plague-phylogeography/results/snippy_multi/all/chromosome/prune/filter5/snippy-multi.snps.aln
2021-04-16 16:48:23,903 Parsimony informative sites: 392 (15%)
2021-04-16 16:48:23,904 Biallelic singleton sites: 2056 (83%)
2021-04-16 16:48:23,904 Multiallelic singleton sites: 1 (0%)
2021-04-16 16:48:23,904 Pseudo singleton sites: 2 (0%)
2021-04-16 16:48:23,905 Total singleton sites: 2059 (84%)
2021-04-16 16:48:23,905 Singleton sites passing missing data filter: 1626
2021-04-16 16:48:23,906 Parsimony informative sites passing missing data filter: 310
2021-04-16 16:48:23,906 Total sites passing missing data filter: 1936
2021-04-16 16:48:23,906 Total sites failing missing data filter: 515
2021-04-16 16:48:23,907 Wrote a multi-fasta alignment of length: 1933
