2021-06-16 11:24:47,108 Reading the input fasta file: /2/scratch/keaton/plague-phylogeography/results/snippy_multi/all/chromosome/full/snippy-multi.snps.aln
2021-06-16 11:24:47,110 Reading alignment length...
2021-06-16 11:24:47,111 Alignment length: 483
2021-06-16 11:24:47,111 Reading alignment sample names...
2021-06-16 11:24:47,111 Number of samples: 50
2021-06-16 11:24:47,111 Analyzing alignment for sites with >=0.84 samples with data...
2021-06-16 11:24:47,118 5% Complete
2021-06-16 11:24:47,125 10% Complete
2021-06-16 11:24:47,130 15% Complete
2021-06-16 11:24:47,139 20% Complete
2021-06-16 11:24:47,147 25% Complete
2021-06-16 11:24:47,160 30% Complete
2021-06-16 11:24:47,178 35% Complete
2021-06-16 11:24:47,191 40% Complete
2021-06-16 11:24:47,204 45% Complete
2021-06-16 11:24:47,207 50% Complete
2021-06-16 11:24:47,234 55% Complete
2021-06-16 11:24:47,244 60% Complete
2021-06-16 11:24:47,257 65% Complete
2021-06-16 11:24:47,283 70% Complete
2021-06-16 11:24:47,309 75% Complete
2021-06-16 11:24:47,334 80% Complete
2021-06-16 11:24:47,370 85% Complete
2021-06-16 11:24:47,407 90% Complete
2021-06-16 11:24:47,439 95% Complete
2021-06-16 11:24:47,483 100% Complete
2021-06-16 11:24:47,483 Creating the filtered multiple alignment..
2021-06-16 11:24:47,494 Writing to the output fasta file: /2/scratch/keaton/plague-phylogeography/results/snippy_multi/all/chromosome/full/filter16/snippy-multi.snps.aln
2021-06-16 11:24:47,495 Constant sites: 0 (0%)
2021-06-16 11:24:47,495 Parsimony informative sites: 238 (49%)
2021-06-16 11:24:47,495 Biallelic singleton sites: 245 (50%)
2021-06-16 11:24:47,495 Multiallelic singleton sites: 0 (0%)
2021-06-16 11:24:47,495 Pseudo singleton sites: 0 (0%)
2021-06-16 11:24:47,495 Total singleton sites: 245 (50%)
2021-06-16 11:24:47,495 Singleton sites passing missing data filter: 114
2021-06-16 11:24:47,495 Parsimony informative sites passing missing data filter: 160
2021-06-16 11:24:47,495 Total sites passing missing data filter: 274
2021-06-16 11:24:47,495 Total sites failing missing data filter: 209
2021-06-16 11:24:47,495 Wrote a multi-fasta alignment of length: 274
