Removing outgroups of tree(s) ...

TREE 1
*PROCESSING:
Reading the tree ... 
Collapse 0 (over 48) internal branches having branch length <= -1
 (settable via option -l)
Parameter to adjust variances was set to 2.33111e-06 (settable via option -b)
Minimum branch length of time scaled tree (settable via option -u and -U): 0
Estimating the root position on the branch defined by given outgroups ...
Re-estimating using variances based on the branch lengths of the first run ...
Computing confidence intervals using sequence length 4289810 and a lognormal
 relaxed clock with mean 1, standard deviation 0.2 (settable via option -q)
*RESULTS:
- Dating results:
 rate 4.54578e-08, tMRCA -698.902 , objective function 9.7512e-06
- Results of the second run with variances based on results of the first run:
 rate 5.10583e-08, tMRCA -698.902, objective function 1.27346e-05
- Results with confidence intervals:
 rate 5.10583e-08 [4.02472e-08; 6.49979e-08], tMRCA -698.902 [-722.445; -698.902], objective function 1.27346e-05

TOTAL ELAPSED TIME: 0.11 seconds
