2021-03-31 15:39:16,567 Reading the input fasta file: /2/scratch/keaton/plague-phylogeography/results/snippy_multi/all/snippy-core_chromosome.snps.filter7.aln.tmp
2021-03-31 15:39:16,631 Reading alignment length...
2021-03-31 15:39:16,632 Alignment length: 13590
2021-03-31 15:39:16,632 Reading alignment sample names...
2021-03-31 15:39:16,634 Number of samples: 615
2021-03-31 15:39:16,635 Analyzing alignment for sites with >=0.9299999999999999 samples with data...
2021-03-31 15:39:20,424 5% Complete
2021-03-31 15:39:28,178 10% Complete
2021-03-31 15:39:40,197 15% Complete
2021-03-31 15:39:50,509 20% Complete
2021-03-31 15:40:11,639 25% Complete
2021-03-31 15:40:46,062 30% Complete
2021-03-31 15:41:24,574 35% Complete
2021-03-31 15:42:11,991 40% Complete
2021-03-31 15:43:04,816 45% Complete
2021-03-31 15:43:41,432 50% Complete
2021-03-31 15:44:49,584 55% Complete
2021-03-31 15:46:17,216 60% Complete
2021-03-31 15:47:38,639 65% Complete
2021-03-31 15:48:54,984 70% Complete
2021-03-31 15:50:30,339 75% Complete
2021-03-31 15:52:05,955 80% Complete
2021-03-31 15:53:36,005 85% Complete
2021-03-31 15:55:24,759 90% Complete
2021-03-31 15:57:09,472 95% Complete
2021-03-31 15:58:37,989 100% Complete
2021-03-31 15:58:37,990 Creating the filtered multiple alignment..
2021-03-31 15:58:40,049 Writing to the output fasta file: /2/scratch/keaton/plague-phylogeography/results/snippy_multi/all/snippy-core_chromosome.snps.filter7.aln
2021-03-31 15:58:40,083 Parsimony informative sites: 5002 (36%)
2021-03-31 15:58:40,083 Biallelic singleton sites: 8521 (62%)
2021-03-31 15:58:40,083 Multiallelic singleton sites: 44 (0%)
2021-03-31 15:58:40,083 Pseudo singleton sites: 23 (0%)
2021-03-31 15:58:40,083 Total singleton sites: 8588 (63%)
2021-03-31 15:58:40,083 Sites passing missing data filter: 4091
2021-03-31 15:58:40,083 Sites failing missing data filter: 911
2021-03-31 15:58:40,083 Wrote a multi-fasta alignment of length: 4091
