2021-04-14 16:24:40,444 Reading the input fasta file: /2/scratch/keaton/plague-phylogeography/results/snippy_multi/all/snippy-core_chromosome.snps.filter0.aln.tmp
2021-04-14 16:24:40,506 Reading alignment length...
2021-04-14 16:24:40,508 Alignment length: 13532
2021-04-14 16:24:40,508 Reading alignment sample names...
2021-04-14 16:24:40,509 Number of samples: 601
2021-04-14 16:24:40,511 Analyzing alignment for sites with >=1.0 samples with data...
2021-04-14 16:24:41,257 5% Complete
2021-04-14 16:24:42,034 10% Complete
2021-04-14 16:24:42,826 15% Complete
2021-04-14 16:24:43,571 20% Complete
2021-04-14 16:24:44,363 25% Complete
2021-04-14 16:24:45,148 30% Complete
2021-04-14 16:24:45,967 35% Complete
2021-04-14 16:24:46,702 40% Complete
2021-04-14 16:24:47,456 45% Complete
2021-04-14 16:24:48,177 50% Complete
2021-04-14 16:24:48,934 55% Complete
2021-04-14 16:24:49,669 60% Complete
2021-04-14 16:24:50,410 65% Complete
2021-04-14 16:24:51,240 70% Complete
2021-04-14 16:24:52,019 75% Complete
2021-04-14 16:24:52,852 80% Complete
2021-04-14 16:24:53,679 85% Complete
2021-04-14 16:24:54,568 90% Complete
2021-04-14 16:24:55,485 95% Complete
2021-04-14 16:24:56,369 100% Complete
2021-04-14 16:24:56,369 Creating the filtered multiple alignment..
2021-04-14 16:24:56,452 Writing to the output fasta file: /2/scratch/keaton/plague-phylogeography/results/snippy_multi/all/snippy-core_chromosome.snps.filter0.aln
2021-04-14 16:24:56,459 Parsimony informative sites: 4966 (36%)
2021-04-14 16:24:56,460 Biallelic singleton sites: 8500 (62%)
2021-04-14 16:24:56,460 Multiallelic singleton sites: 43 (0%)
2021-04-14 16:24:56,460 Pseudo singleton sites: 23 (0%)
2021-04-14 16:24:56,460 Total singleton sites: 8566 (63%)
2021-04-14 16:24:56,460 Singleton sites passing missing data filter: 0
2021-04-14 16:24:56,460 Parsimony informative sites passing missing data filter: 152
2021-04-14 16:24:56,460 Total sites passing missing data filter: 152
2021-04-14 16:24:56,460 Total sites failing missing data filter: 4814
2021-04-14 16:24:56,460 Wrote a multi-fasta alignment of length: 152
