2021-04-14 15:27:56,548 Reading the input fasta file: /2/scratch/keaton/plague-phylogeography/results/snippy_multi/all/snippy-core_chromosome.snps.filter1.aln.tmp
2021-04-14 15:27:56,606 Reading alignment length...
2021-04-14 15:27:56,608 Alignment length: 13532
2021-04-14 15:27:56,608 Reading alignment sample names...
2021-04-14 15:27:56,609 Number of samples: 601
2021-04-14 15:27:56,610 Analyzing alignment for sites with >=0.99 samples with data...
2021-04-14 15:27:58,679 5% Complete
2021-04-14 15:28:02,026 10% Complete
2021-04-14 15:28:06,069 15% Complete
2021-04-14 15:28:09,968 20% Complete
2021-04-14 15:28:17,371 25% Complete
2021-04-14 15:28:25,017 30% Complete
2021-04-14 15:28:33,779 35% Complete
2021-04-14 15:28:39,401 40% Complete
2021-04-14 15:28:49,286 45% Complete
2021-04-14 15:28:54,798 50% Complete
2021-04-14 15:29:04,190 55% Complete
2021-04-14 15:29:16,226 60% Complete
2021-04-14 15:29:27,211 65% Complete
2021-04-14 15:29:41,457 70% Complete
2021-04-14 15:29:59,020 75% Complete
2021-04-14 15:30:14,577 80% Complete
2021-04-14 15:30:33,718 85% Complete
2021-04-14 15:31:00,436 90% Complete
2021-04-14 15:31:28,533 95% Complete
2021-04-14 15:31:53,316 100% Complete
2021-04-14 15:31:53,317 Creating the filtered multiple alignment..
2021-04-14 15:31:54,339 Writing to the output fasta file: /2/scratch/keaton/plague-phylogeography/results/snippy_multi/all/snippy-core_chromosome.snps.filter1.aln
2021-04-14 15:31:54,360 Parsimony informative sites: 4966 (36%)
2021-04-14 15:31:54,360 Biallelic singleton sites: 8500 (62%)
2021-04-14 15:31:54,361 Multiallelic singleton sites: 43 (0%)
2021-04-14 15:31:54,361 Pseudo singleton sites: 23 (0%)
2021-04-14 15:31:54,361 Total singleton sites: 8566 (63%)
2021-04-14 15:31:54,361 Singleton sites passing missing data filter: 0
2021-04-14 15:31:54,361 Parsimony informative sites passing missing data filter: 2279
2021-04-14 15:31:54,361 Total sites passing missing data filter: 2279
2021-04-14 15:31:54,361 Total sites failing missing data filter: 2687
2021-04-14 15:31:54,361 Wrote a multi-fasta alignment of length: 2279
