2021-03-31 15:39:17,115 Reading the input fasta file: /2/scratch/keaton/plague-phylogeography/results/snippy_multi/all/snippy-core_chromosome.snps.filter10.aln.tmp
2021-03-31 15:39:17,191 Reading alignment length...
2021-03-31 15:39:17,193 Alignment length: 13590
2021-03-31 15:39:17,193 Reading alignment sample names...
2021-03-31 15:39:17,195 Number of samples: 615
2021-03-31 15:39:17,196 Analyzing alignment for sites with >=0.9 samples with data...
2021-03-31 15:39:22,441 5% Complete
2021-03-31 15:39:34,840 10% Complete
2021-03-31 15:39:56,972 15% Complete
2021-03-31 15:40:18,226 20% Complete
2021-03-31 15:40:49,385 25% Complete
2021-03-31 15:41:29,884 30% Complete
2021-03-31 15:42:11,274 35% Complete
2021-03-31 15:42:59,016 40% Complete
2021-03-31 15:43:50,221 45% Complete
2021-03-31 15:44:26,277 50% Complete
2021-03-31 15:45:34,750 55% Complete
2021-03-31 15:47:05,313 60% Complete
2021-03-31 15:48:38,161 65% Complete
2021-03-31 15:50:02,162 70% Complete
2021-03-31 15:51:47,869 75% Complete
2021-03-31 15:53:23,686 80% Complete
2021-03-31 15:55:00,130 85% Complete
2021-03-31 15:56:55,063 90% Complete
2021-03-31 15:58:52,148 95% Complete
2021-03-31 16:00:39,316 100% Complete
2021-03-31 16:00:39,316 Creating the filtered multiple alignment..
2021-03-31 16:00:41,551 Writing to the output fasta file: /2/scratch/keaton/plague-phylogeography/results/snippy_multi/all/snippy-core_chromosome.snps.filter10.aln
2021-03-31 16:00:41,584 Parsimony informative sites: 5002 (36%)
2021-03-31 16:00:41,585 Biallelic singleton sites: 8521 (62%)
2021-03-31 16:00:41,585 Multiallelic singleton sites: 44 (0%)
2021-03-31 16:00:41,585 Pseudo singleton sites: 23 (0%)
2021-03-31 16:00:41,585 Total singleton sites: 8588 (63%)
2021-03-31 16:00:41,585 Sites passing missing data filter: 4325
2021-03-31 16:00:41,585 Sites failing missing data filter: 677
2021-03-31 16:00:41,585 Wrote a multi-fasta alignment of length: 4325
