2021-03-31 15:39:16,313 Reading the input fasta file: /2/scratch/keaton/plague-phylogeography/results/snippy_multi/all/snippy-core_chromosome.snps.filter8.aln.tmp
2021-03-31 15:39:16,373 Reading alignment length...
2021-03-31 15:39:16,375 Alignment length: 13590
2021-03-31 15:39:16,375 Reading alignment sample names...
2021-03-31 15:39:16,376 Number of samples: 615
2021-03-31 15:39:16,378 Analyzing alignment for sites with >=0.92 samples with data...
2021-03-31 15:39:20,454 5% Complete
2021-03-31 15:39:30,159 10% Complete
2021-03-31 15:39:47,604 15% Complete
2021-03-31 15:40:03,965 20% Complete
2021-03-31 15:40:25,329 25% Complete
2021-03-31 15:40:53,460 30% Complete
2021-03-31 15:41:22,726 35% Complete
2021-03-31 15:41:56,265 40% Complete
2021-03-31 15:42:31,554 45% Complete
2021-03-31 15:42:56,395 50% Complete
2021-03-31 15:43:41,382 55% Complete
2021-03-31 15:44:36,033 60% Complete
2021-03-31 15:45:31,388 65% Complete
2021-03-31 15:46:27,491 70% Complete
2021-03-31 15:47:39,903 75% Complete
2021-03-31 15:48:57,542 80% Complete
2021-03-31 15:50:19,504 85% Complete
2021-03-31 15:52:04,392 90% Complete
2021-03-31 15:53:46,160 95% Complete
2021-03-31 15:55:16,213 100% Complete
2021-03-31 15:55:16,213 Creating the filtered multiple alignment..
2021-03-31 15:55:18,639 Writing to the output fasta file: /2/scratch/keaton/plague-phylogeography/results/snippy_multi/all/snippy-core_chromosome.snps.filter8.aln
2021-03-31 15:55:18,674 Parsimony informative sites: 5002 (36%)
2021-03-31 15:55:18,674 Biallelic singleton sites: 8521 (62%)
2021-03-31 15:55:18,674 Multiallelic singleton sites: 44 (0%)
2021-03-31 15:55:18,675 Pseudo singleton sites: 23 (0%)
2021-03-31 15:55:18,675 Total singleton sites: 8588 (63%)
2021-03-31 15:55:18,675 Sites passing missing data filter: 4191
2021-03-31 15:55:18,675 Sites failing missing data filter: 811
2021-03-31 15:55:18,675 Wrote a multi-fasta alignment of length: 4191
