2021-04-14 16:24:39,265 Reading the input fasta file: /2/scratch/keaton/plague-phylogeography/results/snippy_multi/all/snippy-core_chromosome.snps.filter5.aln.tmp
2021-04-14 16:24:39,326 Reading alignment length...
2021-04-14 16:24:39,328 Alignment length: 13532
2021-04-14 16:24:39,328 Reading alignment sample names...
2021-04-14 16:24:39,330 Number of samples: 601
2021-04-14 16:24:39,331 Analyzing alignment for sites with >=0.95 samples with data...
2021-04-14 16:24:42,951 5% Complete
2021-04-14 16:24:50,198 10% Complete
2021-04-14 16:25:01,622 15% Complete
2021-04-14 16:25:11,578 20% Complete
2021-04-14 16:25:27,876 25% Complete
2021-04-14 16:25:49,346 30% Complete
2021-04-14 16:26:11,479 35% Complete
2021-04-14 16:26:35,092 40% Complete
2021-04-14 16:27:03,279 45% Complete
2021-04-14 16:27:22,108 50% Complete
2021-04-14 16:27:54,287 55% Complete
2021-04-14 16:28:36,726 60% Complete
2021-04-14 16:29:16,901 65% Complete
2021-04-14 16:29:59,997 70% Complete
2021-04-14 16:30:52,771 75% Complete
2021-04-14 16:31:47,196 80% Complete
2021-04-14 16:32:40,407 85% Complete
2021-04-14 16:33:47,162 90% Complete
2021-04-14 16:34:51,814 95% Complete
2021-04-14 16:35:51,192 100% Complete
2021-04-14 16:35:51,192 Creating the filtered multiple alignment..
2021-04-14 16:35:53,295 Writing to the output fasta file: /2/scratch/keaton/plague-phylogeography/results/snippy_multi/all/snippy-core_chromosome.snps.filter5.aln
2021-04-14 16:35:53,327 Parsimony informative sites: 4966 (36%)
2021-04-14 16:35:53,327 Biallelic singleton sites: 8500 (62%)
2021-04-14 16:35:53,327 Multiallelic singleton sites: 43 (0%)
2021-04-14 16:35:53,327 Pseudo singleton sites: 23 (0%)
2021-04-14 16:35:53,327 Total singleton sites: 8566 (63%)
2021-04-14 16:35:53,327 Singleton sites passing missing data filter: 0
2021-04-14 16:35:53,327 Parsimony informative sites passing missing data filter: 3868
2021-04-14 16:35:53,327 Total sites passing missing data filter: 3868
2021-04-14 16:35:53,327 Total sites failing missing data filter: 1098
2021-04-14 16:35:53,327 Wrote a multi-fasta alignment of length: 3868
