2021-03-31 15:39:16,315 Reading the input fasta file: /2/scratch/keaton/plague-phylogeography/results/snippy_multi/all/snippy-core_chromosome.snps.filter4.aln.tmp
2021-03-31 15:39:16,480 Reading alignment length...
2021-03-31 15:39:16,482 Alignment length: 13590
2021-03-31 15:39:16,482 Reading alignment sample names...
2021-03-31 15:39:16,484 Number of samples: 615
2021-03-31 15:39:16,485 Analyzing alignment for sites with >=0.96 samples with data...
2021-03-31 15:39:20,601 5% Complete
2021-03-31 15:39:29,042 10% Complete
2021-03-31 15:39:44,592 15% Complete
2021-03-31 15:39:59,455 20% Complete
2021-03-31 15:40:28,583 25% Complete
2021-03-31 15:41:08,751 30% Complete
2021-03-31 15:41:49,603 35% Complete
2021-03-31 15:42:34,292 40% Complete
2021-03-31 15:43:29,105 45% Complete
2021-03-31 15:44:06,340 50% Complete
2021-03-31 15:45:10,213 55% Complete
2021-03-31 15:46:32,508 60% Complete
2021-03-31 15:47:47,448 65% Complete
2021-03-31 15:49:03,182 70% Complete
2021-03-31 15:50:32,811 75% Complete
2021-03-31 15:51:59,451 80% Complete
2021-03-31 15:53:17,803 85% Complete
2021-03-31 15:54:56,239 90% Complete
2021-03-31 15:56:28,832 95% Complete
2021-03-31 15:57:42,446 100% Complete
2021-03-31 15:57:42,446 Creating the filtered multiple alignment..
2021-03-31 15:57:44,868 Writing to the output fasta file: /2/scratch/keaton/plague-phylogeography/results/snippy_multi/all/snippy-core_chromosome.snps.filter4.aln
2021-03-31 15:57:44,900 Parsimony informative sites: 5002 (36%)
2021-03-31 15:57:44,900 Biallelic singleton sites: 8521 (62%)
2021-03-31 15:57:44,900 Multiallelic singleton sites: 44 (0%)
2021-03-31 15:57:44,900 Pseudo singleton sites: 23 (0%)
2021-03-31 15:57:44,900 Total singleton sites: 8588 (63%)
2021-03-31 15:57:44,900 Sites passing missing data filter: 3753
2021-03-31 15:57:44,900 Sites failing missing data filter: 1249
2021-03-31 15:57:44,900 Wrote a multi-fasta alignment of length: 3753
