2021-03-31 15:39:17,837 Reading the input fasta file: /2/scratch/keaton/plague-phylogeography/results/snippy_multi/all/snippy-core_chromosome.snps.filter3.aln.tmp
2021-03-31 15:39:17,905 Reading alignment length...
2021-03-31 15:39:17,907 Alignment length: 13590
2021-03-31 15:39:17,907 Reading alignment sample names...
2021-03-31 15:39:17,908 Number of samples: 615
2021-03-31 15:39:17,909 Analyzing alignment for sites with >=0.97 samples with data...
2021-03-31 15:39:22,112 5% Complete
2021-03-31 15:39:30,752 10% Complete
2021-03-31 15:39:44,664 15% Complete
2021-03-31 15:39:58,113 20% Complete
2021-03-31 15:40:24,892 25% Complete
2021-03-31 15:41:00,836 30% Complete
2021-03-31 15:41:37,573 35% Complete
2021-03-31 15:42:13,335 40% Complete
2021-03-31 15:43:04,111 45% Complete
2021-03-31 15:43:36,668 50% Complete
2021-03-31 15:44:29,586 55% Complete
2021-03-31 15:45:42,766 60% Complete
2021-03-31 15:46:42,346 65% Complete
2021-03-31 15:47:44,554 70% Complete
2021-03-31 15:48:55,708 75% Complete
2021-03-31 15:50:05,261 80% Complete
2021-03-31 15:51:26,766 85% Complete
2021-03-31 15:53:05,582 90% Complete
2021-03-31 15:54:38,320 95% Complete
2021-03-31 15:55:59,113 100% Complete
2021-03-31 15:55:59,114 Creating the filtered multiple alignment..
2021-03-31 15:56:01,205 Writing to the output fasta file: /2/scratch/keaton/plague-phylogeography/results/snippy_multi/all/snippy-core_chromosome.snps.filter3.aln
2021-03-31 15:56:01,234 Parsimony informative sites: 5002 (36%)
2021-03-31 15:56:01,235 Biallelic singleton sites: 8521 (62%)
2021-03-31 15:56:01,235 Multiallelic singleton sites: 44 (0%)
2021-03-31 15:56:01,235 Pseudo singleton sites: 23 (0%)
2021-03-31 15:56:01,235 Total singleton sites: 8588 (63%)
2021-03-31 15:56:01,235 Sites passing missing data filter: 3509
2021-03-31 15:56:01,235 Sites failing missing data filter: 1493
2021-03-31 15:56:01,235 Wrote a multi-fasta alignment of length: 3509
