2021-04-13 16:51:18,188 Reading the input fasta file: /2/scratch/keaton/plague-phylogeography/results/snippy_multi/all/snippy-core_chromosome.snps.filter2.aln.tmp
2021-04-13 16:51:18,247 Reading alignment length...
2021-04-13 16:51:18,248 Alignment length: 13586
2021-04-13 16:51:18,249 Reading alignment sample names...
2021-04-13 16:51:18,250 Number of samples: 613
2021-04-13 16:51:18,251 Analyzing alignment for sites with >=0.98 samples with data...
2021-04-13 16:51:32,060 5% Complete
2021-04-13 16:52:01,840 10% Complete
2021-04-13 16:52:48,396 15% Complete
2021-04-13 16:53:29,176 20% Complete
2021-04-13 16:54:45,074 25% Complete
2021-04-13 16:56:16,854 30% Complete
2021-04-13 16:57:51,694 35% Complete
2021-04-13 16:59:22,443 40% Complete
2021-04-13 17:01:21,647 45% Complete
2021-04-13 17:02:55,075 50% Complete
2021-04-13 17:05:04,685 55% Complete
2021-04-13 17:08:03,228 60% Complete
2021-04-13 17:10:37,644 65% Complete
2021-04-13 17:14:09,677 70% Complete
2021-04-13 17:17:45,212 75% Complete
2021-04-13 17:21:15,209 80% Complete
2021-04-13 17:25:38,790 85% Complete
2021-04-13 17:30:41,560 90% Complete
2021-04-13 17:35:52,698 95% Complete
2021-04-13 17:40:51,362 100% Complete
2021-04-13 17:40:51,363 Creating the filtered multiple alignment..
2021-04-13 17:40:55,605 Writing to the output fasta file: /2/scratch/keaton/plague-phylogeography/results/snippy_multi/all/snippy-core_chromosome.snps.filter2.aln
2021-04-13 17:40:55,661 Parsimony informative sites: 5002 (36%)
2021-04-13 17:40:55,661 Biallelic singleton sites: 8517 (62%)
2021-04-13 17:40:55,661 Multiallelic singleton sites: 44 (0%)
2021-04-13 17:40:55,661 Pseudo singleton sites: 23 (0%)
2021-04-13 17:40:55,662 Total singleton sites: 8584 (63%)
2021-04-13 17:40:55,662 Singleton sites passing missing data filter: 5096
2021-04-13 17:40:55,662 Parsimony informative sites passing missing data filter: 3143
2021-04-13 17:40:55,662 Total sites passing missing data filter: 8239
2021-04-13 17:40:55,662 Total sites failing missing data filter: 5347
2021-04-13 17:40:55,662 Wrote a multi-fasta alignment of length: 8239
