2021-04-13 14:57:35,924 Reading the input fasta file: /2/scratch/keaton/plague-phylogeography/results/snippy_multi/all/snippy-core_chromosome.snps.filter6.aln.tmp
2021-04-13 14:57:35,986 Reading alignment length...
2021-04-13 14:57:35,988 Alignment length: 13586
2021-04-13 14:57:35,988 Reading alignment sample names...
2021-04-13 14:57:35,989 Number of samples: 613
2021-04-13 14:57:35,990 Analyzing alignment for sites with >=0.94 samples with data...
2021-04-13 14:57:57,587 5% Complete
2021-04-13 14:58:43,763 10% Complete
2021-04-13 15:00:01,225 15% Complete
2021-04-13 15:01:08,647 20% Complete
2021-04-13 15:02:53,982 25% Complete
2021-04-13 15:05:22,441 30% Complete
2021-04-13 15:08:01,570 35% Complete
2021-04-13 15:11:17,747 40% Complete
2021-04-13 15:14:34,713 45% Complete
2021-04-13 15:17:05,581 50% Complete
2021-04-13 15:21:15,908 55% Complete
2021-04-13 15:26:43,681 60% Complete
2021-04-13 15:32:58,023 65% Complete
2021-04-13 15:39:19,405 70% Complete
2021-04-13 15:45:57,770 75% Complete
2021-04-13 15:53:00,059 80% Complete
2021-04-13 16:01:00,671 85% Complete
2021-04-13 16:10:44,627 90% Complete
2021-04-13 16:21:18,236 95% Complete
2021-04-13 16:33:53,718 100% Complete
2021-04-13 16:33:53,718 Creating the filtered multiple alignment..
2021-04-13 16:34:00,791 Writing to the output fasta file: /2/scratch/keaton/plague-phylogeography/results/snippy_multi/all/snippy-core_chromosome.snps.filter6.aln
2021-04-13 16:34:00,866 Parsimony informative sites: 5002 (36%)
2021-04-13 16:34:00,866 Biallelic singleton sites: 8517 (62%)
2021-04-13 16:34:00,866 Multiallelic singleton sites: 44 (0%)
2021-04-13 16:34:00,866 Pseudo singleton sites: 23 (0%)
2021-04-13 16:34:00,866 Total singleton sites: 8584 (63%)
2021-04-13 16:34:00,866 Singleton sites passing missing data filter: 6653
2021-04-13 16:34:00,866 Parsimony informative sites passing missing data filter: 4003
2021-04-13 16:34:00,866 Total sites passing missing data filter: 10656
2021-04-13 16:34:00,866 Total sites failing missing data filter: 2930
2021-04-13 16:34:00,867 Wrote a multi-fasta alignment of length: 10656
