2021-04-13 14:57:34,209 Reading the input fasta file: /2/scratch/keaton/plague-phylogeography/results/snippy_multi/all/snippy-core_chromosome.snps.filter9.aln.tmp
2021-04-13 14:57:34,280 Reading alignment length...
2021-04-13 14:57:34,282 Alignment length: 13586
2021-04-13 14:57:34,282 Reading alignment sample names...
2021-04-13 14:57:34,284 Number of samples: 613
2021-04-13 14:57:34,285 Analyzing alignment for sites with >=0.91 samples with data...
2021-04-13 14:58:00,235 5% Complete
2021-04-13 14:58:53,153 10% Complete
2021-04-13 15:00:29,302 15% Complete
2021-04-13 15:02:13,435 20% Complete
2021-04-13 15:04:58,055 25% Complete
2021-04-13 15:07:44,234 30% Complete
2021-04-13 15:10:45,503 35% Complete
2021-04-13 15:14:29,736 40% Complete
2021-04-13 15:18:03,443 45% Complete
2021-04-13 15:20:44,176 50% Complete
2021-04-13 15:25:23,486 55% Complete
2021-04-13 15:31:10,311 60% Complete
2021-04-13 15:37:46,572 65% Complete
2021-04-13 15:44:22,923 70% Complete
2021-04-13 15:51:47,675 75% Complete
2021-04-13 15:59:53,033 80% Complete
2021-04-13 16:08:54,146 85% Complete
2021-04-13 16:17:46,688 90% Complete
2021-04-13 16:26:53,034 95% Complete
2021-04-13 16:35:52,949 100% Complete
2021-04-13 16:35:52,949 Creating the filtered multiple alignment..
2021-04-13 16:36:00,320 Writing to the output fasta file: /2/scratch/keaton/plague-phylogeography/results/snippy_multi/all/snippy-core_chromosome.snps.filter9.aln
2021-04-13 16:36:00,397 Parsimony informative sites: 5002 (36%)
2021-04-13 16:36:00,397 Biallelic singleton sites: 8517 (62%)
2021-04-13 16:36:00,397 Multiallelic singleton sites: 44 (0%)
2021-04-13 16:36:00,397 Pseudo singleton sites: 23 (0%)
2021-04-13 16:36:00,397 Total singleton sites: 8584 (63%)
2021-04-13 16:36:00,397 Singleton sites passing missing data filter: 7112
2021-04-13 16:36:00,397 Parsimony informative sites passing missing data filter: 4265
2021-04-13 16:36:00,397 Total sites passing missing data filter: 11377
2021-04-13 16:36:00,397 Total sites failing missing data filter: 2209
2021-04-13 16:36:00,397 Wrote a multi-fasta alignment of length: 11377
