2021-04-16 16:49:03,438 Reading the input fasta file: /mnt/c/Users/ktmea/Projects/plague-phylogeography/results/snippy_multi/all/chromosome/prune/snippy-multi.snps.aln
2021-04-16 16:49:03,445 Reading alignment length...
2021-04-16 16:49:03,446 Alignment length: 2451
2021-04-16 16:49:03,446 Reading alignment sample names...
2021-04-16 16:49:03,446 Number of samples: 27
2021-04-16 16:49:03,447 Analyzing alignment for sites with >=0.9 samples with data...
2021-04-16 16:49:03,482 5% Complete
2021-04-16 16:49:03,552 10% Complete
2021-04-16 16:49:03,645 15% Complete
2021-04-16 16:49:03,747 20% Complete
2021-04-16 16:49:03,973 25% Complete
2021-04-16 16:49:04,187 30% Complete
2021-04-16 16:49:04,413 35% Complete
2021-04-16 16:49:04,645 40% Complete
2021-04-16 16:49:04,921 45% Complete
2021-04-16 16:49:05,046 50% Complete
2021-04-16 16:49:05,295 55% Complete
2021-04-16 16:49:05,601 60% Complete
2021-04-16 16:49:05,907 65% Complete
2021-04-16 16:49:06,516 70% Complete
2021-04-16 16:49:07,016 75% Complete
2021-04-16 16:49:07,299 80% Complete
2021-04-16 16:49:07,564 85% Complete
2021-04-16 16:49:07,854 90% Complete
2021-04-16 16:49:08,181 95% Complete
2021-04-16 16:49:08,495 100% Complete
2021-04-16 16:49:08,496 Creating the filtered multiple alignment..
2021-04-16 16:49:08,521 Writing to the output fasta file: /mnt/c/Users/ktmea/Projects/plague-phylogeography/results/snippy_multi/all/chromosome/prune/filter10/snippy-multi.snps.aln
2021-04-16 16:49:08,525 Parsimony informative sites: 392 (15%)
2021-04-16 16:49:08,525 Biallelic singleton sites: 2056 (83%)
2021-04-16 16:49:08,526 Multiallelic singleton sites: 1 (0%)
2021-04-16 16:49:08,526 Pseudo singleton sites: 2 (0%)
2021-04-16 16:49:08,526 Total singleton sites: 2059 (84%)
2021-04-16 16:49:08,527 Singleton sites passing missing data filter: 1723
2021-04-16 16:49:08,527 Parsimony informative sites passing missing data filter: 337
2021-04-16 16:49:08,527 Total sites passing missing data filter: 2060
2021-04-16 16:49:08,527 Total sites failing missing data filter: 391
2021-04-16 16:49:08,528 Wrote a multi-fasta alignment of length: 2057
