2021-04-16 16:49:09,267 Reading the input fasta file: /mnt/c/Users/ktmea/Projects/plague-phylogeography/results/snippy_multi/all/chromosome/prune/snippy-multi.snps.aln
2021-04-16 16:49:09,273 Reading alignment length...
2021-04-16 16:49:09,273 Alignment length: 2451
2021-04-16 16:49:09,273 Reading alignment sample names...
2021-04-16 16:49:09,274 Number of samples: 27
2021-04-16 16:49:09,274 Analyzing alignment for sites with >=0.75 samples with data...
2021-04-16 16:49:09,301 5% Complete
2021-04-16 16:49:09,353 10% Complete
2021-04-16 16:49:09,433 15% Complete
2021-04-16 16:49:09,536 20% Complete
2021-04-16 16:49:09,732 25% Complete
2021-04-16 16:49:09,936 30% Complete
2021-04-16 16:49:10,154 35% Complete
2021-04-16 16:49:10,391 40% Complete
2021-04-16 16:49:10,639 45% Complete
2021-04-16 16:49:10,754 50% Complete
2021-04-16 16:49:11,046 55% Complete
2021-04-16 16:49:11,392 60% Complete
2021-04-16 16:49:11,758 65% Complete
2021-04-16 16:49:12,142 70% Complete
2021-04-16 16:49:12,559 75% Complete
2021-04-16 16:49:12,944 80% Complete
2021-04-16 16:49:13,351 85% Complete
2021-04-16 16:49:13,755 90% Complete
2021-04-16 16:49:14,201 95% Complete
2021-04-16 16:49:14,658 100% Complete
2021-04-16 16:49:14,659 Creating the filtered multiple alignment..
2021-04-16 16:49:14,686 Writing to the output fasta file: /mnt/c/Users/ktmea/Projects/plague-phylogeography/results/snippy_multi/all/chromosome/prune/filter25/snippy-multi.snps.aln
2021-04-16 16:49:14,689 Parsimony informative sites: 392 (15%)
2021-04-16 16:49:14,690 Biallelic singleton sites: 2056 (83%)
2021-04-16 16:49:14,690 Multiallelic singleton sites: 1 (0%)
2021-04-16 16:49:14,690 Pseudo singleton sites: 2 (0%)
2021-04-16 16:49:14,690 Total singleton sites: 2059 (84%)
2021-04-16 16:49:14,691 Singleton sites passing missing data filter: 1860
2021-04-16 16:49:14,691 Parsimony informative sites passing missing data filter: 362
2021-04-16 16:49:14,691 Total sites passing missing data filter: 2222
2021-04-16 16:49:14,692 Total sites failing missing data filter: 229
2021-04-16 16:49:14,692 Wrote a multi-fasta alignment of length: 2219
