2021-05-20 11:48:44,454 Reading the input fasta file: /2/scratch/keaton/plague-phylogeography/results/snippy_multi/all/chromosome/full/snippy-multi.snps.aln
2021-05-20 11:48:44,571 Reading alignment length...
2021-05-20 11:48:44,573 Alignment length: 33703
2021-05-20 11:48:44,573 Reading alignment sample names...
2021-05-20 11:48:44,574 Number of samples: 603
2021-05-20 11:48:44,576 Analyzing alignment for sites with >=0.99 samples with data...
2021-05-20 11:49:45,647 5% Complete
2021-05-20 11:52:00,305 10% Complete
2021-05-20 11:54:22,430 15% Complete
2021-05-20 11:55:58,456 20% Complete
2021-05-20 11:59:42,372 25% Complete
2021-05-20 12:04:30,326 30% Complete
2021-05-20 12:11:25,242 35% Complete
2021-05-20 12:17:47,067 40% Complete
2021-05-20 12:25:02,810 45% Complete
2021-05-20 12:30:43,605 50% Complete
2021-05-20 12:37:57,378 55% Complete
2021-05-20 12:46:28,799 60% Complete
2021-05-20 12:58:49,706 65% Complete
2021-05-20 13:10:24,611 70% Complete
2021-05-20 13:27:30,635 75% Complete
2021-05-20 13:44:19,147 80% Complete
2021-05-20 14:07:15,778 85% Complete
2021-05-20 14:32:19,686 90% Complete
2021-05-20 14:56:26,112 95% Complete
2021-05-20 15:24:01,563 100% Complete
2021-05-20 15:24:01,563 Creating the filtered multiple alignment..
2021-05-20 15:24:10,097 Writing to the output fasta file: /2/scratch/keaton/plague-phylogeography/results/snippy_multi/all/chromosome/full/filter1/snippy-multi.snps.aln
2021-05-20 15:24:10,200 Constant sites: 0 (0%)
2021-05-20 15:24:10,201 Parsimony informative sites: 17333 (51%)
2021-05-20 15:24:10,201 Biallelic singleton sites: 16246 (48%)
2021-05-20 15:24:10,201 Multiallelic singleton sites: 80 (0%)
2021-05-20 15:24:10,201 Pseudo singleton sites: 44 (0%)
2021-05-20 15:24:10,201 Total singleton sites: 16370 (48%)
2021-05-20 15:24:10,201 Singleton sites passing missing data filter: 7460
2021-05-20 15:24:10,201 Parsimony informative sites passing missing data filter: 8373
2021-05-20 15:24:10,201 Total sites passing missing data filter: 15833
2021-05-20 15:24:10,201 Total sites failing missing data filter: 17870
2021-05-20 15:24:10,201 Wrote a multi-fasta alignment of length: 15833
