2021-06-16 13:09:07,705 Reading the input fasta file: /2/scratch/keaton/plague-phylogeography/results/snippy_multi/all/chromosome/full/snippy-multi.snps.aln
2021-06-16 13:09:07,707 Reading alignment length...
2021-06-16 13:09:07,707 Alignment length: 572
2021-06-16 13:09:07,708 Reading alignment sample names...
2021-06-16 13:09:07,708 Number of samples: 58
2021-06-16 13:09:07,708 Analyzing alignment for sites with >=0.30000000000000004 samples with data...
2021-06-16 13:09:07,721 5% Complete
2021-06-16 13:09:07,739 10% Complete
2021-06-16 13:09:07,762 15% Complete
2021-06-16 13:09:07,791 20% Complete
2021-06-16 13:09:07,828 25% Complete
2021-06-16 13:09:07,876 30% Complete
2021-06-16 13:09:07,945 35% Complete
2021-06-16 13:09:08,022 40% Complete
2021-06-16 13:09:08,118 45% Complete
2021-06-16 13:09:08,222 50% Complete
2021-06-16 13:09:08,347 55% Complete
2021-06-16 13:09:08,489 60% Complete
2021-06-16 13:09:08,609 65% Complete
2021-06-16 13:09:08,779 70% Complete
2021-06-16 13:09:08,956 75% Complete
2021-06-16 13:09:09,118 80% Complete
2021-06-16 13:09:09,280 85% Complete
2021-06-16 13:09:09,445 90% Complete
2021-06-16 13:09:09,622 95% Complete
2021-06-16 13:09:09,807 100% Complete
2021-06-16 13:09:09,808 Creating the filtered multiple alignment..
2021-06-16 13:09:09,840 Writing to the output fasta file: /2/scratch/keaton/plague-phylogeography/results/snippy_multi/all/chromosome/full/filter70/snippy-multi.snps.aln
2021-06-16 13:09:09,841 Constant sites: 0 (0%)
2021-06-16 13:09:09,841 Parsimony informative sites: 281 (49%)
2021-06-16 13:09:09,841 Biallelic singleton sites: 291 (50%)
2021-06-16 13:09:09,841 Multiallelic singleton sites: 0 (0%)
2021-06-16 13:09:09,841 Pseudo singleton sites: 0 (0%)
2021-06-16 13:09:09,841 Total singleton sites: 291 (50%)
2021-06-16 13:09:09,841 Singleton sites passing missing data filter: 280
2021-06-16 13:09:09,841 Parsimony informative sites passing missing data filter: 276
2021-06-16 13:09:09,841 Filtered nucleotides: 32248
2021-06-16 13:09:09,841 Ambiguous nucleotides: 5128 (15%)
2021-06-16 13:09:09,842 Total sites passing missing data filter: 556
2021-06-16 13:09:09,842 Total sites failing missing data filter: 16
2021-06-16 13:09:09,842 Total nucleotides passing missing data filter: 32248
2021-06-16 13:09:09,842 Ambiguous nucleotides passing missing data filter: 5128
2021-06-16 13:09:09,842 Wrote a multi-fasta alignment of length: 556
