2021-04-15 17:48:39,468 Reading the input fasta file: /2/scratch/keaton/plague-phylogeography/results/snippy_multi/all/chromosome/snippy-multi.snps.aln
2021-04-15 17:48:39,469 Reading alignment length...
2021-04-15 17:48:39,470 Alignment length: 2683
2021-04-15 17:48:39,470 Reading alignment sample names...
2021-04-15 17:48:39,470 Number of samples: 28
2021-04-15 17:48:39,470 Analyzing alignment for sites with >=0.94 samples with data...
2021-04-15 17:48:39,511 5% Complete
2021-04-15 17:48:39,573 10% Complete
2021-04-15 17:48:39,705 15% Complete
2021-04-15 17:48:39,885 20% Complete
2021-04-15 17:48:40,132 25% Complete
2021-04-15 17:48:40,503 30% Complete
2021-04-15 17:48:40,932 35% Complete
2021-04-15 17:48:41,499 40% Complete
2021-04-15 17:48:42,028 45% Complete
2021-04-15 17:48:42,415 50% Complete
2021-04-15 17:48:43,046 55% Complete
2021-04-15 17:48:43,738 60% Complete
2021-04-15 17:48:44,599 65% Complete
2021-04-15 17:48:45,571 70% Complete
2021-04-15 17:48:46,464 75% Complete
2021-04-15 17:48:47,320 80% Complete
2021-04-15 17:48:48,282 85% Complete
2021-04-15 17:48:49,320 90% Complete
2021-04-15 17:48:50,481 95% Complete
2021-04-15 17:48:51,709 100% Complete
2021-04-15 17:48:51,709 Creating the filtered multiple alignment..
2021-04-15 17:48:51,758 Writing to the output fasta file: /2/scratch/keaton/plague-phylogeography/results/snippy_multi/all/chromosome/filter6/snippy-multi.snps.aln
2021-04-15 17:48:51,759 Parsimony informative sites: 398 (14%)
2021-04-15 17:48:51,760 Biallelic singleton sites: 2280 (84%)
2021-04-15 17:48:51,760 Multiallelic singleton sites: 3 (0%)
2021-04-15 17:48:51,760 Pseudo singleton sites: 2 (0%)
2021-04-15 17:48:51,760 Total singleton sites: 2285 (85%)
2021-04-15 17:48:51,760 Singleton sites passing missing data filter: 1798
2021-04-15 17:48:51,760 Parsimony informative sites passing missing data filter: 315
2021-04-15 17:48:51,760 Total sites passing missing data filter: 2113
2021-04-15 17:48:51,760 Total sites failing missing data filter: 570
2021-04-15 17:48:51,760 Wrote a multi-fasta alignment of length: 2113
