2021-05-20 11:48:44,452 Reading the input fasta file: /2/scratch/keaton/plague-phylogeography/results/snippy_multi/all/chromosome/full/snippy-multi.snps.aln
2021-05-20 11:48:44,577 Reading alignment length...
2021-05-20 11:48:44,579 Alignment length: 33703
2021-05-20 11:48:44,579 Reading alignment sample names...
2021-05-20 11:48:44,580 Number of samples: 603
2021-05-20 11:48:44,581 Analyzing alignment for sites with >=0.92 samples with data...
2021-05-20 11:51:01,318 5% Complete
2021-05-20 11:56:17,656 10% Complete
2021-05-20 12:04:35,154 15% Complete
2021-05-20 12:10:58,661 20% Complete
2021-05-20 12:26:50,370 25% Complete
2021-05-20 12:42:04,720 30% Complete
2021-05-20 13:02:30,045 35% Complete
2021-05-20 13:29:23,140 40% Complete
2021-05-20 13:50:50,537 45% Complete
2021-05-20 14:19:03,178 50% Complete
2021-05-20 14:55:37,115 55% Complete
2021-05-20 15:40:12,246 60% Complete
2021-05-20 16:26:34,204 65% Complete
2021-05-20 17:13:29,424 70% Complete
2021-05-20 18:07:53,085 75% Complete
2021-05-20 19:02:45,129 80% Complete
2021-05-20 20:02:18,702 85% Complete
2021-05-20 21:08:34,516 90% Complete
2021-05-20 22:12:16,818 95% Complete
2021-05-20 23:22:53,864 100% Complete
2021-05-20 23:22:53,864 Creating the filtered multiple alignment..
2021-05-20 23:23:12,604 Writing to the output fasta file: /2/scratch/keaton/plague-phylogeography/results/snippy_multi/all/chromosome/full/filter8/snippy-multi.snps.aln
2021-05-20 23:23:12,792 Constant sites: 0 (0%)
2021-05-20 23:23:12,792 Parsimony informative sites: 17333 (51%)
2021-05-20 23:23:12,792 Biallelic singleton sites: 16246 (48%)
2021-05-20 23:23:12,792 Multiallelic singleton sites: 80 (0%)
2021-05-20 23:23:12,793 Pseudo singleton sites: 44 (0%)
2021-05-20 23:23:12,793 Total singleton sites: 16370 (48%)
2021-05-20 23:23:12,793 Singleton sites passing missing data filter: 13378
2021-05-20 23:23:12,793 Parsimony informative sites passing missing data filter: 14803
2021-05-20 23:23:12,793 Total sites passing missing data filter: 28181
2021-05-20 23:23:12,793 Total sites failing missing data filter: 5522
2021-05-20 23:23:12,793 Wrote a multi-fasta alignment of length: 28181
