2021-06-16 13:09:07,699 Reading the input fasta file: /2/scratch/keaton/plague-phylogeography/results/snippy_multi/all/chromosome/full/snippy-multi.snps.aln
2021-06-16 13:09:07,702 Reading alignment length...
2021-06-16 13:09:07,702 Alignment length: 572
2021-06-16 13:09:07,702 Reading alignment sample names...
2021-06-16 13:09:07,702 Number of samples: 58
2021-06-16 13:09:07,703 Analyzing alignment for sites with >=0.5 samples with data...
2021-06-16 13:09:07,715 5% Complete
2021-06-16 13:09:07,732 10% Complete
2021-06-16 13:09:07,755 15% Complete
2021-06-16 13:09:07,780 20% Complete
2021-06-16 13:09:07,818 25% Complete
2021-06-16 13:09:07,862 30% Complete
2021-06-16 13:09:07,910 35% Complete
2021-06-16 13:09:07,962 40% Complete
2021-06-16 13:09:08,023 45% Complete
2021-06-16 13:09:08,089 50% Complete
2021-06-16 13:09:08,161 55% Complete
2021-06-16 13:09:08,245 60% Complete
2021-06-16 13:09:08,304 65% Complete
2021-06-16 13:09:08,404 70% Complete
2021-06-16 13:09:08,517 75% Complete
2021-06-16 13:09:08,632 80% Complete
2021-06-16 13:09:08,778 85% Complete
2021-06-16 13:09:08,935 90% Complete
2021-06-16 13:09:09,092 95% Complete
2021-06-16 13:09:09,267 100% Complete
2021-06-16 13:09:09,267 Creating the filtered multiple alignment..
2021-06-16 13:09:09,300 Writing to the output fasta file: /2/scratch/keaton/plague-phylogeography/results/snippy_multi/all/chromosome/full/filter50/snippy-multi.snps.aln
2021-06-16 13:09:09,301 Constant sites: 0 (0%)
2021-06-16 13:09:09,301 Parsimony informative sites: 281 (49%)
2021-06-16 13:09:09,301 Biallelic singleton sites: 291 (50%)
2021-06-16 13:09:09,302 Multiallelic singleton sites: 0 (0%)
2021-06-16 13:09:09,302 Pseudo singleton sites: 0 (0%)
2021-06-16 13:09:09,302 Total singleton sites: 291 (50%)
2021-06-16 13:09:09,302 Singleton sites passing missing data filter: 268
2021-06-16 13:09:09,302 Parsimony informative sites passing missing data filter: 264
2021-06-16 13:09:09,302 Filtered nucleotides: 30856
2021-06-16 13:09:09,302 Ambiguous nucleotides: 4290 (13%)
2021-06-16 13:09:09,302 Total sites passing missing data filter: 532
2021-06-16 13:09:09,302 Total sites failing missing data filter: 40
2021-06-16 13:09:09,302 Total nucleotides passing missing data filter: 30856
2021-06-16 13:09:09,302 Ambiguous nucleotides passing missing data filter: 4290
2021-06-16 13:09:09,302 Wrote a multi-fasta alignment of length: 532
