IQ-TREE multicore version 2.1.2 COVID-edition for Linux 64-bit built Mar 30 2021
Developed by Bui Quang Minh, James Barbetti, Nguyen Lam Tung,
Olga Chernomor, Heiko Schmidt, Dominik Schrempf, Michael Woodhams.

Host:    DESKTOP-36M8DA7 (SSE4.2, 12 GB RAM)
Command: iqtree -s /mnt/c/Users/ktmea/Projects/plague-phylogeography/results/snippy_multi/all/chromosome/full/filter5/snippy-multi.snps.aln -m MFP --threads-max 2 -nt 2 -o GCA_000323485.1_ASM32348v1_genomic -seed 674947425 --runs 1 -fconst 1126283,1013395,1024525,1123137 -redo -pre /mnt/c/Users/ktmea/Projects/plague-phylogeography/results/iqtree/all/chromosome/full/filter5/iqtree
Seed:    674947425 (Using SPRNG - Scalable Parallel Random Number Generator)
Time:    Fri Apr 16 16:53:34 2021
Kernel:  SSE2 - 2 threads (4 CPU cores detected)

Reading alignment file /mnt/c/Users/ktmea/Projects/plague-phylogeography/results/snippy_multi/all/chromosome/full/filter5/snippy-multi.snps.aln ... Fasta format detected
Alignment most likely contains DNA/RNA sequences
Alignment has 28 sequences with 1926 columns, 697 distinct patterns
538 parsimony-informative, 1388 singleton sites, 0 constant sites
                                      Gap/Ambiguity  Composition  p-value
   1  GCA_000169635.1_ASM16963v1_genomic      0.00%    passed     70.60%
   2  GCA_000170275.1_ASM17027v1_genomic      0.21%    passed     71.95%
   3  GCA_000269145.1_ASM26914v1_genomic      1.19%    passed     62.74%
   4  GCA_000320465.1_ASM32046v1_genomic      0.00%    passed     87.68%
   5  GCA_000323485.1_ASM32348v1_genomic      0.67%    failed      0.00%
   6  GCA_000323505.1_ASM32350v1_genomic      0.10%    passed     98.82%
   7  GCA_000323565.1_ASM32356v1_genomic      1.61%    passed     91.31%
   8  GCA_000323625.1_ASM32362v1_genomic      1.45%    passed     61.08%
   9  GCA_000323845.1_ASM32384v1_genomic      1.25%    failed      0.01%
  10  GCA_000323945.1_ASM32394v1_genomic      9.66%    passed     99.33%
  11  GCA_000323965.1_ASM32396v1_genomic      0.57%    passed     94.72%
  12  GCA_000324065.1_ASM32406v1_genomic      2.65%    passed     85.49%
  13  GCA_000324565.1_ASM32456v1_genomic      0.05%    passed     93.56%
  14  GCA_000324725.1_ASM32472v1_genomic      0.42%    passed     92.26%
  15  GCA_000325305.1_ASM32530v1_genomic      0.36%    passed     99.14%
  16  GCA_000325365.1_ASM32536v1_genomic      0.26%    passed     89.46%
  17  GCA_000835005.1_ASM83500v1_genomic      3.06%    passed      7.14%
  18  GCA_001188795.1_ASM118879v1_genomic     1.04%    passed     16.13%
  19  GCA_001294975.1_ASM129497v1_genomic     0.05%    passed     70.31%
  20  GCA_002005285.1_ASM200528v1_genomic     0.00%    passed     85.62%
  21  GCA_002981895.1_ASM298189v1_genomic     0.10%    passed     82.94%
  22  GCA_003074235.1_ASM307423v1_genomic     0.31%    passed     97.71%
  23  GCA_003074535.1_ASM307453v1_genomic     0.00%    passed     95.78%
  24  GCA_008630435.1_ASM863043v1_genomic     0.67%    passed     58.79%
  25  GCA_009670865.1_ASM967086v1_genomic     0.00%    passed     75.11%
  26  GCA_015158755.1_ASM1515875v1_genomic    0.00%    passed     96.77%
  27  GCA_016102905.1_ASM1610290v1_genomic    0.00%    passed     30.48%
  28  Reference                               0.00%    passed     65.99%
****  TOTAL                                   0.92%  2 sequences failed composition chi2 test (p-value<5%; df=3)
INFO: 4287340 const sites added into alignment
NOTE: minimal branch length is reduced to 0.000000023314 for long alignment


Create initial parsimony tree by phylogenetic likelihood library (PLL)... 0.005 seconds
Perform fast likelihood tree search using GTR+I+G model...
Estimate model parameters (epsilon = 5.000)
Perform nearest neighbor interchange...
Estimate model parameters (epsilon = 1.000)
1. Initial log-likelihood: -5965687.990
Optimal log-likelihood: -5965687.580
Rate parameters:  A-C: 0.89064  A-G: 1.70536  A-T: 0.35907  C-G: 0.23034  C-T: 1.86615  G-T: 1.00000
Base frequencies:  A: 0.263  C: 0.236  G: 0.239  T: 0.262
Proportion of invariable sites: 0.500
Gamma shape alpha: 0.020
Parameters optimization took 1 rounds (0.057 sec)
Time for fast ML tree search: 0.590 seconds

NOTE: ModelFinder requires 6 MB RAM!
ModelFinder will test up to 286 DNA models (sample size: 4289266) ...
 No. Model         -LnL         df  AIC          AICc         BIC
  1  GTR+F         5965702.497  61  11931526.994 11931526.996 11932336.563
  2  GTR+F+I       5965676.286  62  11931476.573 11931476.574 11932299.413
  3  GTR+F+G4      5965688.337  62  11931500.675 11931500.677 11932323.516
  4  GTR+F+I+G4    5965682.277  63  11931490.553 11931490.555 11932326.666
  5  GTR+F+R2      5965698.064  63  11931522.128 11931522.129 11932358.240
  6  GTR+F+R3      5965696.413  65  11931522.827 11931522.829 11932385.482
 15  SYM+I         5970930.443  59  11941978.887 11941978.889 11942761.913
 28  TVM+F+I       5965677.717  61  11931477.435 11931477.436 11932287.004
 41  TVMe+I        5970931.668  58  11941979.337 11941979.338 11942749.091
 54  TIM3+F+I      5965783.161  60  11931686.322 11931686.324 11932482.620
 67  TIM3e+I       5971038.475  57  11942190.949 11942190.951 11942947.432
 80  TIM2+F+I      5965781.717  60  11931683.433 11931683.435 11932479.731
 93  TIM2e+I       5971036.445  57  11942186.890 11942186.891 11942943.373
106  TIM+F+I       5965684.259  60  11931488.518 11931488.519 11932284.815
119  TIMe+I        5970941.114  57  11941996.227 11941996.229 11942752.710
132  TPM3u+F+I     5965784.558  59  11931687.115 11931687.117 11932470.141
145  TPM3+F+I      5965784.558  59  11931687.115 11931687.117 11932470.141
158  TPM2u+F+I     5965783.238  59  11931684.476 11931684.477 11932467.502
171  TPM2+F+I      5965783.238  59  11931684.476 11931684.477 11932467.502
184  K3Pu+F+I      5965685.508  59  11931489.015 11931489.017 11932272.041
197  K3P+I         5970942.280  56  11941996.561 11941996.562 11942739.772
210  TN+F+I        5965783.341  59  11931684.683 11931684.685 11932467.709
223  TNe+I         5971039.478  56  11942190.956 11942190.958 11942934.167
236  HKY+F+I       5965784.796  58  11931685.592 11931685.593 11932455.346
249  K2P+I         5971040.735  55  11942191.469 11942191.471 11942921.409
262  F81+F+I       5966105.883  57  11932325.766 11932325.767 11933082.248
275  JC+I          5971360.614  54  11942829.227 11942829.229 11943545.895
Akaike Information Criterion:           GTR+F+I
Corrected Akaike Information Criterion: GTR+F+I
Bayesian Information Criterion:         K3Pu+F+I
Best-fit model: K3Pu+F+I chosen according to BIC

All model information printed to /mnt/c/Users/ktmea/Projects/plague-phylogeography/results/iqtree/all/chromosome/full/filter5/iqtree.model.gz
CPU time for ModelFinder: 13.144 seconds (0h:0m:13s)
Wall-clock time for ModelFinder: 11.739 seconds (0h:0m:11s)

NOTE: 0 MB RAM (0 GB) is required!
Estimate model parameters (epsilon = 0.100)
1. Initial log-likelihood: -5965685.508
Optimal log-likelihood: -5965685.498
Rate parameters:  A-C: 1.00000  A-G: 2.10728  A-T: 0.32933  C-G: 0.32933  C-T: 2.10728  G-T: 1.00000
Base frequencies:  A: 0.263  C: 0.236  G: 0.239  T: 0.262
Proportion of invariable sites: 0.964
Parameters optimization took 1 rounds (0.019 sec)
Computing ML distances based on estimated model parameters...
Computing ML distances took 0.005010 sec (of wall-clock time) 0.008253 sec(of CPU time)
Computing RapidNJ tree took 0.007289 sec (of wall-clock time) 0.000000 sec (of CPU time)
Log-likelihood of RapidNJ tree: -6140490.659
--------------------------------------------------------------------
|             INITIALIZING CANDIDATE TREE SET                      |
--------------------------------------------------------------------
Generating 98 parsimony trees... 0.547 second
Computing log-likelihood of 98 initial trees ... 0.350 seconds
Current best score: -5965685.498

Do NNI search on 20 best initial trees
Estimate model parameters (epsilon = 0.100)
BETTER TREE FOUND at iteration 1: -5965685.494
Iteration 10 / LogL: -5965685.494 / Time: 0h:0m:1s
Iteration 20 / LogL: -5965685.494 / Time: 0h:0m:1s
Finish initializing candidate tree set (1)
Current best tree score: -5965685.494 / CPU time: 1.225
Number of iterations: 20
--------------------------------------------------------------------
|               OPTIMIZING CANDIDATE TREE SET                      |
--------------------------------------------------------------------
Iteration 30 / LogL: -5965687.125 / Time: 0h:0m:1s (0h:0m:4s left)
Iteration 40 / LogL: -5965687.076 / Time: 0h:0m:2s (0h:0m:3s left)
UPDATE BEST LOG-LIKELIHOOD: -5965685.492
UPDATE BEST LOG-LIKELIHOOD: -5965685.492
Iteration 50 / LogL: -5965685.634 / Time: 0h:0m:2s (0h:0m:2s left)
UPDATE BEST LOG-LIKELIHOOD: -5965685.492
Iteration 60 / LogL: -5965685.776 / Time: 0h:0m:3s (0h:0m:2s left)
Iteration 70 / LogL: -5965685.749 / Time: 0h:0m:3s (0h:0m:1s left)
Iteration 80 / LogL: -5965685.812 / Time: 0h:0m:4s (0h:0m:1s left)
Iteration 90 / LogL: -5965685.797 / Time: 0h:0m:4s (0h:0m:0s left)
Iteration 100 / LogL: -5965697.108 / Time: 0h:0m:5s (0h:0m:0s left)
TREE SEARCH COMPLETED AFTER 102 ITERATIONS / Time: 0h:0m:5s

--------------------------------------------------------------------
|                    FINALIZING TREE SEARCH                        |
--------------------------------------------------------------------
Performs final model parameters optimization
Estimate model parameters (epsilon = 0.010)
1. Initial log-likelihood: -5965685.492
Optimal log-likelihood: -5965685.489
Rate parameters:  A-C: 1.00000  A-G: 2.11036  A-T: 0.32829  C-G: 0.32829  C-T: 2.11036  G-T: 1.00000
Base frequencies:  A: 0.263  C: 0.236  G: 0.239  T: 0.262
Proportion of invariable sites: 0.964
Parameters optimization took 1 rounds (0.013 sec)
BEST SCORE FOUND : -5965685.489
Total tree length: 0.000

Total number of iterations: 102
CPU time used for tree search: 9.682 sec (0h:0m:9s)
Wall-clock time used for tree search: 5.284 sec (0h:0m:5s)
Total CPU time used: 9.820 sec (0h:0m:9s)
Total wall-clock time used: 5.414 sec (0h:0m:5s)

Analysis results written to:
  IQ-TREE report:                /mnt/c/Users/ktmea/Projects/plague-phylogeography/results/iqtree/all/chromosome/full/filter5/iqtree.iqtree
  Maximum-likelihood tree:       /mnt/c/Users/ktmea/Projects/plague-phylogeography/results/iqtree/all/chromosome/full/filter5/iqtree.treefile
  Likelihood distances:          /mnt/c/Users/ktmea/Projects/plague-phylogeography/results/iqtree/all/chromosome/full/filter5/iqtree.mldist
  Screen log file:               /mnt/c/Users/ktmea/Projects/plague-phylogeography/results/iqtree/all/chromosome/full/filter5/iqtree.log

Date and Time: Fri Apr 16 16:54:02 2021
