
                   BEAST v2.6.3 Prerelease, 2002-2020
             Bayesian Evolutionary Analysis Sampling Trees
                       Designed and developed by
 Remco Bouckaert, Alexei J. Drummond, Andrew Rambaut & Marc A. Suchard
                                    
                   Centre for Computational Evolution
                         University of Auckland
                       r.bouckaert@auckland.ac.nz
                        alexei@cs.auckland.ac.nz
                                    
                   Institute of Evolutionary Biology
                        University of Edinburgh
                           a.rambaut@ed.ac.uk
                                    
                    David Geffen School of Medicine
                 University of California, Los Angeles
                           msuchard@ucla.edu
                                    
                      Downloads, Help & Resources:
                           http://beast2.org/
                                    
  Source code distributed under the GNU Lesser General Public License:
                   http://github.com/CompEvol/beast2
                                    
                           BEAST developers:
   Alex Alekseyenko, Trevor Bedford, Erik Bloomquist, Joseph Heled, 
 Sebastian Hoehna, Denise Kuehnert, Philippe Lemey, Wai Lok Sibon Li, 
Gerton Lunter, Sidney Markowitz, Vladimir Minin, Michael Defoin Platel, 
          Oliver Pybus, Tim Vaughan, Chieh-Hsi Wu, Walter Xie
                                    
                               Thanks to:
          Roald Forsberg, Beth Shapiro and Korbinian Strimmer

Random number seed: 75273452

Alignment(original-dna)
  49 taxa
  356 sites
  355 patterns

Filter -
49 taxa
356 sites + 4289810 constant sites
359 patterns
Filter 1-71
49 taxa
71 sites + 4289810 constant sites
75 patterns
  Using BEAGLE version: 3.1.2 resource 0: CPU
    with instance flags:  PRECISION_DOUBLE COMPUTATION_SYNCH EIGEN_REAL SCALING_MANUAL SCALERS_RAW VECTOR_SSE THREADING_NONE PROCESSOR_CPU FRAMEWORK_CPU
Filter 72-142
49 taxa
71 sites
71 patterns
  Using BEAGLE version: 3.1.2 resource 0: CPU
    with instance flags:  PRECISION_DOUBLE COMPUTATION_SYNCH EIGEN_REAL SCALING_MANUAL SCALERS_RAW VECTOR_SSE THREADING_NONE PROCESSOR_CPU FRAMEWORK_CPU
Filter 143-213
49 taxa
71 sites
71 patterns
  Using BEAGLE version: 3.1.2 resource 0: CPU
    with instance flags:  PRECISION_DOUBLE COMPUTATION_SYNCH EIGEN_REAL SCALING_MANUAL SCALERS_RAW VECTOR_SSE THREADING_NONE PROCESSOR_CPU FRAMEWORK_CPU
Filter 214-284
49 taxa
71 sites
71 patterns
  Using BEAGLE version: 3.1.2 resource 0: CPU
    with instance flags:  PRECISION_DOUBLE COMPUTATION_SYNCH EIGEN_REAL SCALING_MANUAL SCALERS_RAW VECTOR_SSE THREADING_NONE PROCESSOR_CPU FRAMEWORK_CPU
Filter 285-356
49 taxa
72 sites
71 patterns
  Using BEAGLE version: 3.1.2 resource 0: CPU
    with instance flags:  PRECISION_DOUBLE COMPUTATION_SYNCH EIGEN_REAL SCALING_MANUAL SCALERS_RAW VECTOR_SSE THREADING_NONE PROCESSOR_CPU FRAMEWORK_CPU
===============================================================================
Citations for this model:

Bouckaert, Remco, Timothy G. Vaughan, Joëlle Barido-Sottani, Sebastián Duchêne, Mathieu Fourment, 
Alexandra Gavryushkina, Joseph Heled, Graham Jones, Denise Kühnert, Nicola De Maio, Michael Matschiner, 
Fábio K. Mendes, Nicola F. Müller, Huw A. Ogilvie, Louis du Plessis, Alex Popinga, Andrew Rambaut, 
David Rasmussen, Igor Siveroni, Marc A. Suchard, Chieh-Hsi Wu, Dong Xie, Chi Zhang, Tanja Stadler, 
Alexei J. Drummond 
  BEAST 2.5: An advanced software platform for Bayesian evolutionary analysis. 
  PLoS computational biology 15, no. 4 (2019): e1006650.

===============================================================================
Start likelihood: -3.1738594148756202E7 
Writing file beast.log
Writing file beast.trees
         Sample      posterior     likelihood          prior
              0 -3.173859414E7 -3.173851916E7       -74.9822 --
         100000  -5948145.4041  -5948618.3254       472.9213 --
         200000  -5948134.5536  -5948597.4171       462.8635 --
         300000  -5948126.3492  -5948587.5086       461.1593 --
         400000  -5948125.0341  -5948587.4744       462.4403 --
         500000  -5948131.4699  -5948592.5175       461.0475 --
         600000  -5948131.6818  -5948595.0367       463.3549 2m37s/Msamples
         700000  -5948124.7254  -5948589.2954       464.5699 2m41s/Msamples
         800000  -5948119.0363  -5948585.2064       466.1700 2m42s/Msamples
         900000  -5948131.0952  -5948595.6558       464.5605 2m39s/Msamples
        1000000  -5948126.6290  -5948595.6811       469.0520 2m36s/Msamples
        1100000  -5948126.1863  -5948590.6530       464.4666 2m35s/Msamples
        1200000  -5948137.9244  -5948600.6212       462.6968 2m35s/Msamples
        1300000  -5948140.8403  -5948603.3185       462.4782 2m34s/Msamples
        1400000  -5948124.6534  -5948587.5309       462.8774 2m37s/Msamples
        1500000  -5948124.9730  -5948588.2407       463.2677 2m38s/Msamples
        1600000  -5948124.3464  -5948587.1962       462.8497 2m38s/Msamples
        1700000  -5948127.9137  -5948593.5521       465.6384 2m37s/Msamples
        1800000  -5948125.4575  -5948592.1360       466.6784 2m38s/Msamples
        1900000  -5948127.4084  -5948590.9086       463.5002 2m37s/Msamples
        2000000  -5948125.8611  -5948593.2394       467.3783 2m37s/Msamples
        2100000  -5948130.2841  -5948591.6765       461.3923 2m38s/Msamples
        2200000  -5948119.0471  -5948587.3491       468.3019 2m39s/Msamples
        2300000  -5948128.1329  -5948591.6146       463.4817 2m40s/Msamples
        2400000  -5948127.6598  -5948591.2010       463.5411 2m40s/Msamples
        2500000  -5948128.3721  -5948595.7917       467.4195 2m40s/Msamples
        2600000  -5948134.4330  -5948598.2753       463.8423 2m39s/Msamples
        2700000  -5948138.6652  -5948604.1916       465.5264 2m39s/Msamples
        2800000  -5948118.9450  -5948585.6162       466.6711 2m40s/Msamples
        2900000  -5948133.1647  -5948602.3165       469.1517 2m39s/Msamples
        3000000  -5948125.4916  -5948588.4508       462.9591 2m39s/Msamples
        3100000  -5948125.8418  -5948589.9510       464.1091 2m39s/Msamples
        3200000  -5948129.3374  -5948596.9663       467.6288 2m39s/Msamples
        3300000  -5948126.5934  -5948592.2489       465.6555 2m39s/Msamples
        3400000  -5948130.2939  -5948592.5190       462.2251 2m39s/Msamples
        3500000  -5948125.6620  -5948590.6219       464.9599 2m39s/Msamples
        3600000  -5948131.8718  -5948595.2644       463.3925 2m39s/Msamples
        3700000  -5948133.8912  -5948596.9544       463.0631 2m39s/Msamples
        3800000  -5948127.2685  -5948590.2976       463.0290 2m39s/Msamples
        3900000  -5948133.6812  -5948598.0321       464.3508 2m38s/Msamples
        4000000  -5948131.0608  -5948599.3479       468.2871 2m38s/Msamples
        4100000  -5948126.8582  -5948599.2776       472.4194 2m38s/Msamples
        4200000  -5948133.2437  -5948598.8039       465.5602 2m38s/Msamples
        4300000  -5948112.9686  -5948580.1817       467.2130 2m38s/Msamples
        4400000  -5948131.7050  -5948592.6423       460.9372 2m38s/Msamples
        4500000  -5948126.3738  -5948591.2667       464.8928 2m37s/Msamples
        4600000  -5948124.8277  -5948589.8328       465.0050 2m37s/Msamples
        4700000  -5948116.5030  -5948581.1872       464.6842 2m37s/Msamples
        4800000  -5948127.2432  -5948593.0688       465.8255 2m37s/Msamples
        4900000  -5948122.4751  -5948584.8407       462.3656 2m37s/Msamples
        5000000  -5948135.0568  -5948598.4513       463.3944 2m36s/Msamples
        5100000  -5948120.2468  -5948587.4302       467.1834 2m36s/Msamples
        5200000  -5948134.1421  -5948591.4635       457.3214 2m36s/Msamples
        5300000  -5948122.6144  -5948589.7302       467.1157 2m36s/Msamples
        5400000  -5948135.5167  -5948604.5771       469.0603 2m36s/Msamples
        5500000  -5948134.7675  -5948594.6567       459.8891 2m36s/Msamples
        5600000  -5948133.7842  -5948596.9649       463.1806 2m36s/Msamples
        5700000  -5948122.0292  -5948586.3693       464.3401 2m36s/Msamples
        5800000  -5948130.8974  -5948592.4349       461.5375 2m36s/Msamples
        5900000  -5948134.9972  -5948597.8784       462.8811 2m36s/Msamples
        6000000  -5948128.4964  -5948589.5009       461.0044 2m36s/Msamples
        6100000  -5948126.9007  -5948595.5056       468.6048 2m36s/Msamples
        6200000  -5948123.8463  -5948588.4270       464.5806 2m36s/Msamples
        6300000  -5948136.3846  -5948598.2441       461.8594 2m36s/Msamples
        6400000  -5948132.1756  -5948591.0473       458.8717 2m36s/Msamples
        6500000  -5948130.0705  -5948594.0181       463.9476 2m36s/Msamples
        6600000  -5948124.4331  -5948590.0474       465.6143 2m36s/Msamples
        6700000  -5948128.1774  -5948596.2671       468.0896 2m36s/Msamples
        6800000  -5948121.6244  -5948589.7714       468.1470 2m36s/Msamples
        6900000  -5948125.1885  -5948589.6731       464.4845 2m35s/Msamples
        7000000  -5948115.5857  -5948583.0033       467.4176 2m35s/Msamples
        7100000  -5948121.0651  -5948584.7138       463.6486 2m35s/Msamples
        7200000  -5948124.3709  -5948592.7120       468.3410 2m35s/Msamples
        7300000  -5948134.8159  -5948597.3303       462.5144 2m35s/Msamples
        7400000  -5948123.9210  -5948592.0860       468.1650 2m35s/Msamples
        7500000  -5948133.1349  -5948593.9969       460.8620 2m35s/Msamples
        7600000  -5948134.6324  -5948595.0915       460.4591 2m35s/Msamples
        7700000  -5948120.3587  -5948585.0548       464.6961 2m35s/Msamples
        7800000  -5948126.7271  -5948590.2628       463.5357 2m35s/Msamples
        7900000  -5948127.3400  -5948596.9664       469.6264 2m35s/Msamples
        8000000  -5948114.2375  -5948583.0067       468.7691 2m35s/Msamples
        8100000  -5948130.8903  -5948598.1271       467.2367 2m35s/Msamples
        8200000  -5948127.7705  -5948589.0038       461.2332 2m35s/Msamples
        8300000  -5948141.7762  -5948601.3781       459.6018 2m35s/Msamples
        8400000  -5948129.1873  -5948590.1670       460.9796 2m35s/Msamples
        8500000  -5948124.9107  -5948595.4364       470.5256 2m35s/Msamples
        8600000  -5948125.5522  -5948592.9186       467.3663 2m35s/Msamples
        8700000  -5948128.7759  -5948592.1489       463.3729 2m35s/Msamples
        8800000  -5948116.2341  -5948583.7527       467.5185 2m36s/Msamples
        8900000  -5948129.3659  -5948596.9893       467.6234 2m35s/Msamples
        9000000  -5948121.4069  -5948581.1728       459.7659 2m35s/Msamples
        9100000  -5948122.5056  -5948584.8184       462.3127 2m35s/Msamples
        9200000  -5948143.7742  -5948604.6508       460.8766 2m35s/Msamples
        9300000  -5948123.8027  -5948589.6725       465.8697 2m35s/Msamples
        9400000  -5948128.5982  -5948594.4939       465.8956 2m35s/Msamples
        9500000  -5948133.1264  -5948600.0515       466.9251 2m35s/Msamples
        9600000  -5948132.9483  -5948596.1370       463.1886 2m35s/Msamples
        9700000  -5948127.4052  -5948589.3691       461.9638 2m35s/Msamples
        9800000  -5948118.5550  -5948583.8382       465.2831 2m35s/Msamples
        9900000  -5948126.1733  -5948588.1894       462.0161 2m35s/Msamples
       10000000  -5948122.1346  -5948591.0219       468.8872 2m35s/Msamples
       10100000  -5948120.5930  -5948587.8771       467.2840 2m36s/Msamples
       10200000  -5948127.8465  -5948598.5416       470.6950 2m36s/Msamples
       10300000  -5948127.2082  -5948593.5192       466.3110 2m36s/Msamples
       10400000  -5948126.2628  -5948590.8885       464.6257 2m36s/Msamples
       10500000  -5948128.6152  -5948598.6125       469.9973 2m36s/Msamples
       10600000  -5948131.0921  -5948594.6639       463.5718 2m36s/Msamples
       10700000  -5948149.0033  -5948608.7486       459.7452 2m36s/Msamples
       10800000  -5948127.0646  -5948589.5938       462.5291 2m36s/Msamples
       10900000  -5948131.0059  -5948596.1748       465.1688 2m36s/Msamples
       11000000  -5948137.4995  -5948594.7389       457.2394 2m36s/Msamples
       11100000  -5948124.9201  -5948586.6628       461.7426 2m36s/Msamples
       11200000  -5948132.2553  -5948594.2654       462.0101 2m36s/Msamples
       11300000  -5948124.2047  -5948585.1870       460.9823 2m36s/Msamples
       11400000  -5948131.2729  -5948592.6726       461.3996 2m36s/Msamples
       11500000  -5948123.9749  -5948586.1947       462.2198 2m36s/Msamples
       11600000  -5948128.0306  -5948589.3351       461.3044 2m36s/Msamples
       11700000  -5948123.8329  -5948589.4230       465.5901 2m36s/Msamples
       11800000  -5948130.5532  -5948594.5359       463.9826 2m36s/Msamples
       11900000  -5948128.2204  -5948590.3190       462.0986 2m36s/Msamples
       12000000  -5948130.3334  -5948589.9132       459.5798 2m36s/Msamples
       12100000  -5948130.7366  -5948599.5429       468.8063 2m36s/Msamples
       12200000  -5948137.8426  -5948599.2752       461.4325 2m36s/Msamples
       12300000  -5948124.2602  -5948590.1835       465.9232 2m36s/Msamples
       12400000  -5948123.7641  -5948591.6507       467.8866 2m36s/Msamples
       12500000  -5948132.1573  -5948595.0768       462.9195 2m36s/Msamples
       12600000  -5948122.9736  -5948586.8954       463.9217 2m36s/Msamples
       12700000  -5948128.8746  -5948595.2448       466.3702 2m36s/Msamples
       12800000  -5948124.8202  -5948586.6915       461.8713 2m36s/Msamples
       12900000  -5948130.3057  -5948593.5431       463.2373 2m36s/Msamples
       13000000  -5948130.0954  -5948595.8322       465.7368 2m36s/Msamples
       13100000  -5948127.0704  -5948591.2084       464.1379 2m36s/Msamples
       13200000  -5948124.6622  -5948586.1573       461.4951 2m36s/Msamples
       13300000  -5948144.1643  -5948602.3734       458.2090 2m36s/Msamples
       13400000  -5948130.8302  -5948593.3375       462.5072 2m36s/Msamples
       13500000  -5948138.7265  -5948601.2885       462.5619 2m36s/Msamples
       13600000  -5948122.0024  -5948584.0780       462.0756 2m36s/Msamples
       13700000  -5948126.4268  -5948591.6964       465.2695 2m36s/Msamples
       13800000  -5948129.2763  -5948598.9914       469.7150 2m36s/Msamples
       13900000  -5948119.3155  -5948581.9137       462.5982 2m36s/Msamples
       14000000  -5948128.8283  -5948593.4208       464.5925 2m36s/Msamples
       14100000  -5948131.8176  -5948590.1013       458.2837 2m36s/Msamples
       14200000  -5948124.1240  -5948589.1953       465.0713 2m36s/Msamples
       14300000  -5948117.4326  -5948583.6857       466.2531 2m36s/Msamples
       14400000  -5948134.5926  -5948597.5810       462.9884 2m36s/Msamples
       14500000  -5948120.1918  -5948582.9528       462.7610 2m36s/Msamples
       14600000  -5948123.7951  -5948589.1945       465.3993 2m36s/Msamples
       14700000  -5948149.4510  -5948610.8753       461.4242 2m36s/Msamples
       14800000  -5948121.1618  -5948589.2796       468.1177 2m36s/Msamples
       14900000  -5948126.4395  -5948588.1652       461.7256 2m36s/Msamples
       15000000  -5948125.5196  -5948590.8220       465.3024 2m36s/Msamples
       15100000  -5948130.2163  -5948596.5900       466.3737 2m36s/Msamples
       15200000  -5948144.4640  -5948607.4417       462.9777 2m36s/Msamples
       15300000  -5948134.5818  -5948594.0171       459.4352 2m36s/Msamples
       15400000  -5948133.7145  -5948596.8341       463.1195 2m36s/Msamples
       15500000  -5948123.6416  -5948583.6333       459.9917 2m36s/Msamples
       15600000  -5948121.2480  -5948584.3931       463.1451 2m36s/Msamples
       15700000  -5948144.6721  -5948601.3801       456.7079 2m36s/Msamples
       15800000  -5948125.3487  -5948587.2742       461.9254 2m36s/Msamples
       15900000  -5948136.1458  -5948599.8819       463.7361 2m36s/Msamples
       16000000  -5948131.1238  -5948591.5792       460.4553 2m36s/Msamples
       16100000  -5948128.5979  -5948590.6008       462.0029 2m36s/Msamples
       16200000  -5948123.5142  -5948584.3914       460.8772 2m36s/Msamples
       16300000  -5948129.6794  -5948594.7426       465.0631 2m36s/Msamples
       16400000  -5948132.4992  -5948592.5563       460.0570 2m36s/Msamples
       16500000  -5948126.1295  -5948589.2312       463.1016 2m36s/Msamples
       16600000  -5948131.3555  -5948591.9253       460.5697 2m36s/Msamples
       16700000  -5948130.5881  -5948592.4100       461.8219 2m36s/Msamples
       16800000  -5948124.8735  -5948584.4970       459.6235 2m36s/Msamples
       16900000  -5948123.5535  -5948585.6822       462.1287 2m36s/Msamples
       17000000  -5948132.5364  -5948597.0191       464.4826 2m36s/Msamples
       17100000  -5948130.2181  -5948595.0604       464.8422 2m36s/Msamples
       17200000  -5948124.5904  -5948588.6938       464.1034 2m36s/Msamples
       17300000  -5948126.0351  -5948592.4375       466.4023 2m36s/Msamples
       17400000  -5948136.5284  -5948597.0853       460.5569 2m36s/Msamples
       17500000  -5948121.1411  -5948589.2435       468.1023 2m36s/Msamples
       17600000  -5948128.4324  -5948595.3078       466.8754 2m36s/Msamples
       17700000  -5948117.1888  -5948582.7091       465.5202 2m36s/Msamples
       17800000  -5948133.0500  -5948591.2810       458.2310 2m36s/Msamples
       17900000  -5948140.0804  -5948601.9050       461.8245 2m36s/Msamples
       18000000  -5948113.5160  -5948583.9381       470.4221 2m36s/Msamples
       18100000  -5948128.2551  -5948590.7501       462.4949 2m36s/Msamples
       18200000  -5948126.0231  -5948588.7416       462.7184 2m36s/Msamples
       18300000  -5948138.3326  -5948597.7544       459.4218 2m36s/Msamples
       18400000  -5948126.7124  -5948588.4322       461.7198 2m36s/Msamples
       18500000  -5948126.3165  -5948597.3415       471.0250 2m36s/Msamples
       18600000  -5948133.4617  -5948594.8663       461.4045 2m36s/Msamples
       18700000  -5948124.6527  -5948587.1495       462.4967 2m36s/Msamples
       18800000  -5948121.6790  -5948584.1737       462.4946 2m36s/Msamples
       18900000  -5948125.2592  -5948591.3222       466.0630 2m36s/Msamples
       19000000  -5948121.3478  -5948585.8489       464.5010 2m36s/Msamples
       19100000  -5948135.1807  -5948595.4739       460.2932 2m36s/Msamples
       19200000  -5948126.9698  -5948593.3276       466.3578 2m36s/Msamples
       19300000  -5948133.1980  -5948592.7799       459.5818 2m36s/Msamples
       19400000  -5948135.2182  -5948608.1329       472.9146 2m36s/Msamples
       19500000  -5948125.7848  -5948592.2664       466.4815 2m36s/Msamples
       19600000  -5948135.7259  -5948601.7397       466.0138 2m36s/Msamples
       19700000  -5948138.8281  -5948605.6193       466.7912 2m36s/Msamples
       19800000  -5948141.7484  -5948601.6782       459.9297 2m36s/Msamples
       19900000  -5948131.5308  -5948590.6607       459.1298 2m36s/Msamples
       20000000  -5948121.9470  -5948584.3858       462.4387 2m36s/Msamples
       20100000  -5948132.7850  -5948595.4080       462.6230 2m36s/Msamples
       20200000  -5948140.1147  -5948604.6917       464.5769 2m36s/Msamples
       20300000  -5948134.7576  -5948594.9696       460.2120 2m36s/Msamples
       20400000  -5948140.9341  -5948598.1263       457.1921 2m36s/Msamples
       20500000  -5948126.6921  -5948597.2734       470.5813 2m36s/Msamples
       20600000  -5948123.8243  -5948585.9882       462.1638 2m36s/Msamples
       20700000  -5948136.8877  -5948595.4359       458.5482 2m36s/Msamples
       20800000  -5948134.9318  -5948597.7940       462.8622 2m36s/Msamples
       20900000  -5948132.8183  -5948594.8220       462.0037 2m36s/Msamples
       21000000  -5948133.1887  -5948592.5714       459.3827 2m36s/Msamples
       21100000  -5948128.9373  -5948589.3683       460.4309 2m36s/Msamples
       21200000  -5948122.1514  -5948584.7913       462.6398 2m36s/Msamples
       21300000  -5948127.2229  -5948589.1189       461.8960 2m36s/Msamples
       21400000  -5948118.4461  -5948586.1255       467.6794 2m36s/Msamples
       21500000  -5948117.0878  -5948584.0092       466.9213 2m36s/Msamples
       21600000  -5948125.1187  -5948591.1551       466.0363 2m37s/Msamples
       21700000  -5948134.5199  -5948596.4486       461.9287 2m37s/Msamples
       21800000  -5948126.4506  -5948591.7679       465.3172 2m37s/Msamples
       21900000  -5948124.2889  -5948588.2844       463.9954 2m37s/Msamples
       22000000  -5948125.4485  -5948585.7257       460.2772 2m37s/Msamples
       22100000  -5948128.3057  -5948590.1747       461.8690 2m37s/Msamples
       22200000  -5948134.5127  -5948594.5081       459.9953 2m36s/Msamples
       22300000  -5948124.8490  -5948587.5868       462.7377 2m36s/Msamples
       22400000  -5948117.2709  -5948581.0043       463.7333 2m36s/Msamples
       22500000  -5948136.5536  -5948603.2240       466.6703 2m36s/Msamples
       22600000  -5948137.1840  -5948595.2590       458.0749 2m36s/Msamples
       22700000  -5948128.1835  -5948592.6367       464.4532 2m37s/Msamples
       22800000  -5948126.8222  -5948587.1363       460.3140 2m37s/Msamples
       22900000  -5948131.2506  -5948595.7730       464.5224 2m37s/Msamples
       23000000  -5948133.0883  -5948591.3944       458.3061 2m37s/Msamples
       23100000  -5948137.6104  -5948600.5001       462.8897 2m37s/Msamples
       23200000  -5948127.1797  -5948592.6012       465.4215 2m37s/Msamples
       23300000  -5948137.1804  -5948597.5144       460.3339 2m36s/Msamples
       23400000  -5948127.9375  -5948593.5877       465.6502 2m37s/Msamples
       23500000  -5948128.0970  -5948590.8773       462.7802 2m36s/Msamples
       23600000  -5948130.6627  -5948589.8629       459.2002 2m37s/Msamples
       23700000  -5948124.4766  -5948591.8274       467.3507 2m37s/Msamples
       23800000  -5948125.1722  -5948591.0498       465.8775 2m36s/Msamples
       23900000  -5948124.3142  -5948583.3000       458.9857 2m37s/Msamples
       24000000  -5948136.9135  -5948601.8844       464.9708 2m37s/Msamples
       24100000  -5948131.0754  -5948596.8708       465.7953 2m37s/Msamples
       24200000  -5948128.2231  -5948592.5949       464.3718 2m37s/Msamples
       24300000  -5948140.2926  -5948596.8038       456.5112 2m37s/Msamples
       24400000  -5948119.7738  -5948584.7749       465.0010 2m37s/Msamples
       24500000  -5948124.8754  -5948594.2031       469.3277 2m37s/Msamples
       24600000  -5948122.7854  -5948588.4161       465.6306 2m36s/Msamples
       24700000  -5948145.4294  -5948608.9631       463.5336 2m36s/Msamples
       24800000  -5948130.2336  -5948595.4054       465.1718 2m36s/Msamples
       24900000  -5948124.3228  -5948591.6804       467.3575 2m37s/Msamples
       25000000  -5948124.2382  -5948588.2222       463.9840 2m36s/Msamples
       25100000  -5948131.4080  -5948592.1484       460.7404 2m36s/Msamples
       25200000  -5948126.0089  -5948589.6663       463.6574 2m36s/Msamples
       25300000  -5948121.3615  -5948584.0954       462.7338 2m36s/Msamples
       25400000  -5948127.3449  -5948593.3589       466.0139 2m36s/Msamples
       25500000  -5948129.4213  -5948593.6593       464.2380 2m36s/Msamples
       25600000  -5948135.3721  -5948601.2269       465.8547 2m36s/Msamples
       25700000  -5948125.7958  -5948590.0326       464.2368 2m36s/Msamples
       25800000  -5948129.2829  -5948594.0037       464.7207 2m36s/Msamples
       25900000  -5948132.3234  -5948592.5756       460.2522 2m36s/Msamples
       26000000  -5948128.2242  -5948591.3378       463.1136 2m36s/Msamples
       26100000  -5948123.2734  -5948586.3078       463.0344 2m36s/Msamples
       26200000  -5948126.0120  -5948593.1584       467.1464 2m36s/Msamples
       26300000  -5948127.4484  -5948592.3328       464.8844 2m36s/Msamples
       26400000  -5948129.1413  -5948594.0053       464.8639 2m36s/Msamples
       26500000  -5948133.8159  -5948592.5427       458.7268 2m36s/Msamples
       26600000  -5948132.2598  -5948595.4320       463.1721 2m36s/Msamples
       26700000  -5948139.1332  -5948599.6656       460.5324 2m36s/Msamples
       26800000  -5948128.2379  -5948590.4142       462.1763 2m36s/Msamples
       26900000  -5948124.9850  -5948588.9831       463.9981 2m36s/Msamples
       27000000  -5948132.3046  -5948593.7169       461.4123 2m36s/Msamples
       27100000  -5948120.3265  -5948592.3344       472.0079 2m36s/Msamples
       27200000  -5948126.9646  -5948592.7707       465.8060 2m36s/Msamples
       27300000  -5948127.8455  -5948592.1245       464.2790 2m36s/Msamples
       27400000  -5948122.0943  -5948587.2663       465.1720 2m36s/Msamples
       27500000  -5948123.0097  -5948585.6026       462.5928 2m36s/Msamples
       27600000  -5948124.9291  -5948588.5313       463.6021 2m36s/Msamples
       27700000  -5948132.0241  -5948592.9333       460.9092 2m36s/Msamples
       27800000  -5948119.0356  -5948586.6516       467.6160 2m36s/Msamples
       27900000  -5948122.0245  -5948587.7650       465.7405 2m36s/Msamples
       28000000  -5948122.2893  -5948589.9504       467.6611 2m36s/Msamples
       28100000  -5948126.3285  -5948588.1493       461.8208 2m36s/Msamples
       28200000  -5948126.0225  -5948591.3201       465.2975 2m36s/Msamples
       28300000  -5948124.3146  -5948589.6181       465.3035 2m36s/Msamples
       28400000  -5948116.0367  -5948586.2857       470.2489 2m35s/Msamples
       28500000  -5948128.2147  -5948588.6063       460.3915 2m35s/Msamples
       28600000  -5948119.8605  -5948582.0943       462.2337 2m35s/Msamples
       28700000  -5948127.5792  -5948592.7806       465.2014 2m35s/Msamples
       28800000  -5948121.2772  -5948590.2431       468.9658 2m35s/Msamples
       28900000  -5948129.7910  -5948593.8970       464.1059 2m35s/Msamples
       29000000  -5948128.3942  -5948591.4591       463.0648 2m35s/Msamples
       29100000  -5948126.8077  -5948599.0910       472.2833 2m35s/Msamples
       29200000  -5948133.7922  -5948596.1374       462.3451 2m35s/Msamples
       29300000  -5948125.5082  -5948585.9556       460.4473 2m35s/Msamples
       29400000  -5948119.7412  -5948589.2065       469.4653 2m35s/Msamples
       29500000  -5948144.1416  -5948603.2648       459.1231 2m35s/Msamples
       29600000  -5948114.1398  -5948579.6498       465.5100 2m35s/Msamples
       29700000  -5948121.6925  -5948585.1340       463.4414 2m35s/Msamples
       29800000  -5948132.3032  -5948595.9324       463.6291 2m35s/Msamples
       29900000  -5948131.5827  -5948595.7499       464.1672 2m35s/Msamples
       30000000  -5948145.2096  -5948606.8905       461.6809 2m35s/Msamples
       30100000  -5948130.4728  -5948594.5341       464.0613 2m35s/Msamples
       30200000  -5948128.0358  -5948591.4758       463.4400 2m35s/Msamples
       30300000  -5948118.9727  -5948583.7566       464.7838 2m35s/Msamples
       30400000  -5948126.3163  -5948591.4625       465.1462 2m35s/Msamples
       30500000  -5948125.1636  -5948590.9860       465.8224 2m35s/Msamples
       30600000  -5948125.6790  -5948589.2470       463.5680 2m35s/Msamples
       30700000  -5948131.1773  -5948595.9399       464.7625 2m35s/Msamples
       30800000  -5948137.6863  -5948597.9851       460.2988 2m35s/Msamples
       30900000  -5948135.3659  -5948592.3132       456.9472 2m35s/Msamples
       31000000  -5948134.0539  -5948597.3569       463.3030 2m35s/Msamples
       31100000  -5948123.8881  -5948587.6884       463.8002 2m35s/Msamples
       31200000  -5948119.5134  -5948588.6932       469.1797 2m35s/Msamples
       31300000  -5948148.9151  -5948609.7965       460.8813 2m35s/Msamples
       31400000  -5948133.5867  -5948602.1818       468.5950 2m35s/Msamples
       31500000  -5948124.5904  -5948590.7008       466.1103 2m35s/Msamples
       31600000  -5948139.2262  -5948604.1356       464.9093 2m35s/Msamples
       31700000  -5948142.1453  -5948603.0739       460.9286 2m35s/Msamples
       31800000  -5948124.8728  -5948589.9097       465.0368 2m35s/Msamples
       31900000  -5948131.1631  -5948597.4857       466.3226 2m35s/Msamples
       32000000  -5948140.1478  -5948599.2671       459.1193 2m35s/Msamples
       32100000  -5948129.2786  -5948591.1855       461.9069 2m35s/Msamples
       32200000  -5948131.7957  -5948597.3142       465.5184 2m35s/Msamples
       32300000  -5948126.8023  -5948592.4043       465.6019 2m35s/Msamples
       32400000  -5948127.1140  -5948591.3561       464.2420 2m35s/Msamples
       32500000  -5948110.7904  -5948577.7788       466.9884 2m35s/Msamples
       32600000  -5948122.7129  -5948584.7587       462.0457 2m35s/Msamples
       32700000  -5948125.7840  -5948591.9159       466.1318 2m35s/Msamples
       32800000  -5948120.1067  -5948586.2748       466.1681 2m35s/Msamples
       32900000  -5948130.7913  -5948592.9287       462.1373 2m35s/Msamples
       33000000  -5948121.9742  -5948586.9195       464.9452 2m35s/Msamples
       33100000  -5948124.3894  -5948585.8269       461.4375 2m35s/Msamples
       33200000  -5948119.7741  -5948588.1920       468.4178 2m34s/Msamples
       33300000  -5948117.2175  -5948582.1697       464.9522 2m34s/Msamples
       33400000  -5948133.8153  -5948601.2754       467.4600 2m34s/Msamples
       33500000  -5948122.6146  -5948586.2213       463.6066 2m34s/Msamples
       33600000  -5948144.4162  -5948605.6210       461.2047 2m34s/Msamples
       33700000  -5948134.2006  -5948595.1192       460.9185 2m34s/Msamples
       33800000  -5948123.9281  -5948589.0522       465.1240 2m34s/Msamples
       33900000  -5948127.6665  -5948594.3980       466.7315 2m34s/Msamples
       34000000  -5948143.0772  -5948605.2446       462.1673 2m34s/Msamples
       34100000  -5948128.8641  -5948594.4920       465.6279 2m34s/Msamples
       34200000  -5948134.6115  -5948597.2662       462.6547 2m34s/Msamples
       34300000  -5948133.2104  -5948603.8404       470.6299 2m34s/Msamples
       34400000  -5948124.8404  -5948591.0452       466.2047 2m34s/Msamples
       34500000  -5948129.1024  -5948599.7869       470.6845 2m34s/Msamples
       34600000  -5948139.9609  -5948600.9395       460.9786 2m34s/Msamples
       34700000  -5948122.6736  -5948591.2072       468.5335 2m34s/Msamples
       34800000  -5948137.3727  -5948597.8201       460.4474 2m34s/Msamples
       34900000  -5948133.2026  -5948594.1184       460.9157 2m34s/Msamples
       35000000  -5948137.3601  -5948598.7621       461.4019 2m34s/Msamples
       35100000  -5948134.3874  -5948593.7170       459.3295 2m34s/Msamples
       35200000  -5948126.4594  -5948595.3694       468.9099 2m34s/Msamples
       35300000  -5948124.5746  -5948586.0582       461.4836 2m34s/Msamples
       35400000  -5948123.4822  -5948588.2579       464.7757 2m34s/Msamples
       35500000  -5948126.0248  -5948591.4152       465.3903 2m34s/Msamples
       35600000  -5948133.2863  -5948601.2897       468.0033 2m34s/Msamples
       35700000  -5948135.6653  -5948593.1498       457.4845 2m34s/Msamples
       35800000  -5948130.1233  -5948593.9879       463.8646 2m34s/Msamples
       35900000  -5948116.1240  -5948582.4170       466.2929 2m34s/Msamples
       36000000  -5948123.1982  -5948587.7754       464.5772 2m34s/Msamples
       36100000  -5948130.6733  -5948593.0742       462.4008 2m34s/Msamples
       36200000  -5948128.9431  -5948591.4760       462.5329 2m34s/Msamples
       36300000  -5948121.9938  -5948593.3053       471.3115 2m34s/Msamples
       36400000  -5948141.7505  -5948597.2266       455.4760 2m34s/Msamples
       36500000  -5948127.7557  -5948592.1454       464.3897 2m34s/Msamples
       36600000  -5948135.2204  -5948602.6984       467.4780 2m34s/Msamples
       36700000  -5948130.3348  -5948593.4901       463.1553 2m34s/Msamples
       36800000  -5948127.6714  -5948594.2291       466.5576 2m34s/Msamples
       36900000  -5948129.1300  -5948587.5285       458.3985 2m34s/Msamples
       37000000  -5948131.4439  -5948595.0920       463.6480 2m34s/Msamples
       37100000  -5948132.4573  -5948594.9284       462.4710 2m34s/Msamples
       37200000  -5948118.6115  -5948585.3508       466.7392 2m34s/Msamples
       37300000  -5948119.1904  -5948586.6228       467.4324 2m34s/Msamples
       37400000  -5948129.1293  -5948589.6988       460.5695 2m34s/Msamples
       37500000  -5948124.8424  -5948586.9870       462.1446 2m34s/Msamples
       37600000  -5948125.0197  -5948591.1353       466.1156 2m34s/Msamples
       37700000  -5948120.2944  -5948583.8018       463.5074 2m34s/Msamples
       37800000  -5948121.4615  -5948584.7739       463.3124 2m34s/Msamples
       37900000  -5948135.2913  -5948599.6558       464.3645 2m34s/Msamples
       38000000  -5948132.1533  -5948595.8213       463.6680 2m34s/Msamples
       38100000  -5948144.3353  -5948605.9322       461.5968 2m34s/Msamples
       38200000  -5948119.8988  -5948587.0936       467.1947 2m34s/Msamples
       38300000  -5948128.6671  -5948588.8393       460.1721 2m34s/Msamples
       38400000  -5948129.3943  -5948592.3604       462.9660 2m34s/Msamples
       38500000  -5948115.7814  -5948579.9098       464.1284 2m34s/Msamples
       38600000  -5948127.6048  -5948591.7873       464.1825 2m34s/Msamples
       38700000  -5948124.1646  -5948586.5251       462.3604 2m34s/Msamples
       38800000  -5948132.8093  -5948596.6230       463.8137 2m34s/Msamples
       38900000  -5948121.7575  -5948584.0350       462.2775 2m34s/Msamples
       39000000  -5948118.2245  -5948594.0478       475.8233 2m34s/Msamples
       39100000  -5948126.8015  -5948592.8836       466.0820 2m34s/Msamples
       39200000  -5948117.7552  -5948584.2458       466.4905 2m34s/Msamples
       39300000  -5948128.4339  -5948589.7129       461.2789 2m34s/Msamples
       39400000  -5948133.7607  -5948590.9728       457.2120 2m34s/Msamples
       39500000  -5948126.8921  -5948588.4728       461.5806 2m33s/Msamples
       39600000  -5948131.3709  -5948593.2123       461.8414 2m34s/Msamples
       39700000  -5948123.4560  -5948592.9465       469.4905 2m34s/Msamples
       39800000  -5948132.3638  -5948596.2542       463.8903 2m34s/Msamples
       39900000  -5948132.1836  -5948596.7654       464.5818 2m34s/Msamples
       40000000  -5948122.8037  -5948590.3749       467.5712 2m33s/Msamples
       40100000  -5948124.6420  -5948588.6523       464.0102 2m34s/Msamples
       40200000  -5948118.4050  -5948585.7773       467.3722 2m34s/Msamples
       40300000  -5948130.3628  -5948591.5747       461.2119 2m33s/Msamples
       40400000  -5948123.8286  -5948597.6183       473.7896 2m33s/Msamples
       40500000  -5948115.0049  -5948578.9803       463.9754 2m33s/Msamples
       40600000  -5948127.0766  -5948588.8891       461.8124 2m33s/Msamples
       40700000  -5948135.1635  -5948592.9925       457.8290 2m33s/Msamples
       40800000  -5948136.2168  -5948598.8068       462.5899 2m33s/Msamples
       40900000  -5948143.2721  -5948602.6478       459.3756 2m33s/Msamples
       41000000  -5948128.2604  -5948593.1055       464.8451 2m33s/Msamples
       41100000  -5948120.4949  -5948586.5922       466.0973 2m33s/Msamples
       41200000  -5948131.6028  -5948592.0430       460.4401 2m33s/Msamples
       41300000  -5948122.2283  -5948588.8989       466.6705 2m33s/Msamples
       41400000  -5948133.3396  -5948597.1072       463.7675 2m33s/Msamples
       41500000  -5948127.0551  -5948593.1801       466.1249 2m33s/Msamples
       41600000  -5948132.4485  -5948597.4101       464.9615 2m33s/Msamples
       41700000  -5948129.3392  -5948594.7508       465.4115 2m33s/Msamples
       41800000  -5948132.9981  -5948598.3322       465.3341 2m33s/Msamples
       41900000  -5948123.3373  -5948589.4783       466.1409 2m33s/Msamples
       42000000  -5948115.8857  -5948585.8991       470.0133 2m33s/Msamples
       42100000  -5948123.8001  -5948585.5031       461.7029 2m33s/Msamples
       42200000  -5948118.6502  -5948582.5916       463.9414 2m33s/Msamples
       42300000  -5948128.5588  -5948598.0008       469.4419 2m33s/Msamples
       42400000  -5948131.0962  -5948596.6964       465.6002 2m33s/Msamples
       42500000  -5948118.5921  -5948584.3477       465.7555 2m33s/Msamples
       42600000  -5948128.1383  -5948590.1070       461.9687 2m33s/Msamples
       42700000  -5948127.1643  -5948588.5929       461.4286 2m32s/Msamples
       42800000  -5948125.5228  -5948589.2884       463.7656 2m32s/Msamples
       42900000  -5948127.9122  -5948589.2371       461.3248 2m32s/Msamples
       43000000  -5948125.5829  -5948592.0563       466.4733 2m32s/Msamples
       43100000  -5948122.9118  -5948587.8969       464.9851 2m32s/Msamples
       43200000  -5948121.0077  -5948588.8084       467.8007 2m32s/Msamples
       43300000  -5948127.8688  -5948589.5809       461.7120 2m32s/Msamples
       43400000  -5948121.9672  -5948593.5358       471.5686 2m32s/Msamples
       43500000  -5948134.0654  -5948598.8293       464.7638 2m32s/Msamples
       43600000  -5948124.3506  -5948586.1190       461.7684 2m32s/Msamples
       43700000  -5948130.7844  -5948592.5005       461.7161 2m32s/Msamples
       43800000  -5948125.4578  -5948586.3379       460.8800 2m32s/Msamples
       43900000  -5948131.2155  -5948594.9723       463.7567 2m32s/Msamples
       44000000  -5948122.5375  -5948587.0582       464.5206 2m32s/Msamples
       44100000  -5948119.5459  -5948589.4980       469.9520 2m32s/Msamples
       44200000  -5948132.4027  -5948595.1852       462.7825 2m32s/Msamples
       44300000  -5948131.6913  -5948598.0881       466.3968 2m32s/Msamples
       44400000  -5948133.2377  -5948599.3838       466.1460 2m32s/Msamples
       44500000  -5948134.2332  -5948595.8392       461.6060 2m32s/Msamples
       44600000  -5948120.6516  -5948590.4987       469.8470 2m32s/Msamples
       44700000  -5948122.5836  -5948586.5756       463.9919 2m32s/Msamples
       44800000  -5948123.3675  -5948588.5131       465.1455 2m32s/Msamples
       44900000  -5948134.4702  -5948593.4575       458.9873 2m32s/Msamples
       45000000  -5948133.9060  -5948594.4673       460.5613 2m32s/Msamples
       45100000  -5948132.0152  -5948593.2273       461.2121 2m32s/Msamples
       45200000  -5948130.3480  -5948595.2674       464.9193 2m32s/Msamples
       45300000  -5948130.2298  -5948592.5662       462.3363 2m32s/Msamples
       45400000  -5948142.8338  -5948600.7147       457.8808 2m32s/Msamples
       45500000  -5948142.2026  -5948595.2348       453.0322 2m32s/Msamples
       45600000  -5948118.0630  -5948581.9414       463.8784 2m32s/Msamples
       45700000  -5948118.3274  -5948581.9187       463.5913 2m32s/Msamples
       45800000  -5948134.3164  -5948595.1665       460.8501 2m32s/Msamples
       45900000  -5948130.2664  -5948592.2070       461.9405 2m32s/Msamples
       46000000  -5948121.2269  -5948585.8643       464.6374 2m32s/Msamples
       46100000  -5948144.2596  -5948599.1736       454.9140 2m32s/Msamples
       46200000  -5948126.2684  -5948591.0863       464.8178 2m32s/Msamples
       46300000  -5948121.9289  -5948584.3672       462.4383 2m32s/Msamples
       46400000  -5948119.5496  -5948587.4962       467.9465 2m32s/Msamples
       46500000  -5948130.4293  -5948595.5828       465.1534 2m32s/Msamples
       46600000  -5948131.7442  -5948592.4366       460.6923 2m32s/Msamples
       46700000  -5948124.1041  -5948588.4614       464.3572 2m32s/Msamples
       46800000  -5948131.0987  -5948593.8711       462.7723 2m32s/Msamples
       46900000  -5948129.1198  -5948590.3818       461.2619 2m32s/Msamples
       47000000  -5948132.6372  -5948594.9638       462.3265 2m32s/Msamples
       47100000  -5948131.4059  -5948590.8060       459.4001 2m32s/Msamples
       47200000  -5948139.2583  -5948603.8515       464.5931 2m32s/Msamples
       47300000  -5948128.5585  -5948591.0565       462.4980 2m32s/Msamples
       47400000  -5948131.4585  -5948590.9391       459.4805 2m32s/Msamples
       47500000  -5948128.7636  -5948591.1593       462.3957 2m32s/Msamples
       47600000  -5948117.3896  -5948586.0346       468.6450 2m32s/Msamples
       47700000  -5948135.4952  -5948596.1039       460.6086 2m32s/Msamples
       47800000  -5948129.9236  -5948598.8374       468.9138 2m32s/Msamples
       47900000  -5948122.7498  -5948584.8656       462.1158 2m32s/Msamples
       48000000  -5948135.0027  -5948599.7950       464.7922 2m32s/Msamples
       48100000  -5948126.8205  -5948590.1524       463.3318 2m32s/Msamples
       48200000  -5948132.0592  -5948599.2476       467.1883 2m32s/Msamples
       48300000  -5948127.7279  -5948594.6227       466.8947 2m32s/Msamples
       48400000  -5948134.5623  -5948601.0126       466.4502 2m32s/Msamples
       48500000  -5948133.3356  -5948591.0858       457.7501 2m32s/Msamples
       48600000  -5948126.3428  -5948589.6252       463.2823 2m32s/Msamples
       48700000  -5948124.4301  -5948586.4457       462.0156 2m32s/Msamples
       48800000  -5948139.5365  -5948596.4961       456.9595 2m32s/Msamples
       48900000  -5948127.4567  -5948586.6133       459.1566 2m32s/Msamples
       49000000  -5948131.9123  -5948590.8739       458.9615 2m31s/Msamples
       49100000  -5948131.9709  -5948593.4711       461.5002 2m31s/Msamples
       49200000  -5948124.3184  -5948585.9340       461.6156 2m31s/Msamples
       49300000  -5948138.1509  -5948598.5284       460.3774 2m31s/Msamples
       49400000  -5948126.2449  -5948586.8576       460.6127 2m31s/Msamples
       49500000  -5948119.8280  -5948583.9691       464.1410 2m31s/Msamples
       49600000  -5948128.7076  -5948593.8749       465.1673 2m31s/Msamples
       49700000  -5948123.0615  -5948584.6771       461.6155 2m31s/Msamples
       49800000  -5948127.2068  -5948591.0794       463.8726 2m31s/Msamples
       49900000  -5948119.8154  -5948585.7385       465.9230 2m31s/Msamples
       50000000  -5948126.2600  -5948589.8174       463.5573 2m31s/Msamples
       50100000  -5948122.9483  -5948589.0322       466.0838 2m31s/Msamples
       50200000  -5948126.4837  -5948591.3747       464.8910 2m31s/Msamples
       50300000  -5948121.1857  -5948588.2905       467.1048 2m31s/Msamples
       50400000  -5948123.1813  -5948592.3316       469.1503 2m31s/Msamples
       50500000  -5948127.9107  -5948593.9795       466.0688 2m31s/Msamples
       50600000  -5948127.3207  -5948592.8587       465.5379 2m31s/Msamples
       50700000  -5948123.8627  -5948586.0936       462.2309 2m31s/Msamples
       50800000  -5948131.4485  -5948593.9423       462.4937 2m31s/Msamples
       50900000  -5948130.4007  -5948591.7190       461.3182 2m31s/Msamples
       51000000  -5948116.5677  -5948584.3385       467.7707 2m31s/Msamples
       51100000  -5948137.2336  -5948594.8603       457.6267 2m31s/Msamples
       51200000  -5948141.0981  -5948607.7972       466.6990 2m31s/Msamples
       51300000  -5948121.6385  -5948586.2873       464.6487 2m31s/Msamples
       51400000  -5948119.9261  -5948582.9030       462.9769 2m31s/Msamples
       51500000  -5948129.9890  -5948592.6684       462.6794 2m31s/Msamples
       51600000  -5948119.4957  -5948585.2542       465.7585 2m31s/Msamples
       51700000  -5948127.0699  -5948591.3901       464.3201 2m31s/Msamples
       51800000  -5948117.8753  -5948583.6673       465.7920 2m31s/Msamples
       51900000  -5948125.5892  -5948589.9614       464.3722 2m31s/Msamples
       52000000  -5948128.2434  -5948592.0855       463.8420 2m31s/Msamples
       52100000  -5948127.0112  -5948587.4887       460.4775 2m31s/Msamples
       52200000  -5948118.7587  -5948588.1479       469.3892 2m31s/Msamples
       52300000  -5948136.0283  -5948598.4924       462.4641 2m31s/Msamples
       52400000  -5948132.4006  -5948597.0735       464.6728 2m31s/Msamples
       52500000  -5948127.4107  -5948593.9286       466.5178 2m31s/Msamples
       52600000  -5948133.9733  -5948597.7086       463.7353 2m31s/Msamples
       52700000  -5948126.7621  -5948596.1640       469.4019 2m31s/Msamples
       52800000  -5948126.0894  -5948587.8223       461.7329 2m31s/Msamples
       52900000  -5948127.7990  -5948589.9657       462.1667 2m31s/Msamples
       53000000  -5948117.1340  -5948583.0483       465.9142 2m31s/Msamples
       53100000  -5948131.2312  -5948592.0091       460.7779 2m31s/Msamples
       53200000  -5948125.8661  -5948593.0963       467.2302 2m31s/Msamples
       53300000  -5948130.4125  -5948593.1620       462.7494 2m31s/Msamples
       53400000  -5948130.3695  -5948592.6336       462.2641 2m31s/Msamples
       53500000  -5948117.9594  -5948585.0421       467.0827 2m31s/Msamples
       53600000  -5948136.0069  -5948600.9074       464.9005 2m31s/Msamples
       53700000  -5948119.9846  -5948587.5322       467.5475 2m31s/Msamples
       53800000  -5948121.7966  -5948589.0969       467.3003 2m31s/Msamples
       53900000  -5948131.7574  -5948593.0310       461.2735 2m30s/Msamples
       54000000  -5948119.6745  -5948585.2014       465.5268 2m30s/Msamples
       54100000  -5948120.5831  -5948588.6288       468.0456 2m30s/Msamples
       54200000  -5948124.0925  -5948585.4721       461.3796 2m30s/Msamples
       54300000  -5948119.7391  -5948587.6830       467.9438 2m30s/Msamples
       54400000  -5948127.4867  -5948591.7062       464.2195 2m30s/Msamples
       54500000  -5948116.2924  -5948583.4255       467.1331 2m30s/Msamples
       54600000  -5948120.6550  -5948584.5304       463.8754 2m30s/Msamples
       54700000  -5948133.9477  -5948598.4834       464.5356 2m30s/Msamples
       54800000  -5948126.0058  -5948589.7339       463.7280 2m30s/Msamples
       54900000  -5948124.9839  -5948590.0670       465.0830 2m30s/Msamples
       55000000  -5948130.3647  -5948593.4291       463.0643 2m30s/Msamples
       55100000  -5948127.3666  -5948593.1143       465.7477 2m30s/Msamples
       55200000  -5948130.9103  -5948590.2607       459.3503 2m30s/Msamples
       55300000  -5948125.4986  -5948587.9015       462.4029 2m30s/Msamples
       55400000  -5948135.9501  -5948597.7903       461.8401 2m30s/Msamples
       55500000  -5948137.6333  -5948602.6389       465.0055 2m30s/Msamples
       55600000  -5948128.5912  -5948592.0826       463.4914 2m30s/Msamples
       55700000  -5948119.5130  -5948586.9969       467.4838 2m30s/Msamples
       55800000  -5948125.3370  -5948586.7823       461.4453 2m30s/Msamples
       55900000  -5948134.6566  -5948600.7895       466.1328 2m30s/Msamples
       56000000  -5948131.4403  -5948594.2807       462.8403 2m30s/Msamples
       56100000  -5948123.0483  -5948583.8782       460.8299 2m30s/Msamples
       56200000  -5948124.6696  -5948588.1284       463.4587 2m30s/Msamples
       56300000  -5948117.0297  -5948585.4649       468.4351 2m30s/Msamples
       56400000  -5948120.9285  -5948583.6517       462.7232 2m30s/Msamples
       56500000  -5948128.8085  -5948591.5409       462.7324 2m30s/Msamples
       56600000  -5948125.1687  -5948589.5297       464.3610 2m30s/Msamples
       56700000  -5948125.5323  -5948588.6585       463.1262 2m30s/Msamples
       56800000  -5948123.5115  -5948589.0193       465.5077 2m30s/Msamples
       56900000  -5948113.3655  -5948579.5774       466.2119 2m30s/Msamples
       57000000  -5948137.9405  -5948601.7069       463.7664 2m30s/Msamples
       57100000  -5948133.5613  -5948597.4473       463.8859 2m30s/Msamples
       57200000  -5948119.0785  -5948583.2624       464.1839 2m30s/Msamples
       57300000  -5948120.5465  -5948590.6859       470.1394 2m30s/Msamples
       57400000  -5948124.8509  -5948590.5134       465.6625 2m30s/Msamples
       57500000  -5948124.0865  -5948588.2549       464.1684 2m30s/Msamples
       57600000  -5948132.2187  -5948593.3131       461.0944 2m30s/Msamples
       57700000  -5948118.6626  -5948586.6138       467.9512 2m30s/Msamples
       57800000  -5948130.8259  -5948598.1007       467.2747 2m30s/Msamples
       57900000  -5948132.6151  -5948595.1469       462.5317 2m30s/Msamples
       58000000  -5948118.9217  -5948586.4492       467.5274 2m30s/Msamples
       58100000  -5948133.7132  -5948594.1710       460.4578 2m30s/Msamples
       58200000  -5948130.3294  -5948595.9791       465.6497 2m30s/Msamples
       58300000  -5948121.2832  -5948586.8403       465.5571 2m30s/Msamples
       58400000  -5948124.2262  -5948588.1164       463.8901 2m30s/Msamples
       58500000  -5948121.4688  -5948588.1167       466.6478 2m30s/Msamples
       58600000  -5948121.0086  -5948583.8036       462.7949 2m30s/Msamples
       58700000  -5948123.6188  -5948588.1086       464.4898 2m30s/Msamples
       58800000  -5948128.0533  -5948590.8723       462.8190 2m30s/Msamples
       58900000  -5948121.0159  -5948584.6486       463.6326 2m30s/Msamples
       59000000  -5948124.6136  -5948590.7447       466.1311 2m30s/Msamples
       59100000  -5948142.2658  -5948601.7432       459.4774 2m30s/Msamples
       59200000  -5948130.3749  -5948596.5530       466.1781 2m30s/Msamples
       59300000  -5948124.5312  -5948586.1146       461.5834 2m30s/Msamples
       59400000  -5948135.3673  -5948597.5514       462.1840 2m30s/Msamples
       59500000  -5948120.4907  -5948584.5816       464.0909 2m30s/Msamples
       59600000  -5948126.1881  -5948590.8773       464.6891 2m30s/Msamples
       59700000  -5948143.9202  -5948602.8558       458.9356 2m30s/Msamples
       59800000  -5948125.8525  -5948586.6257       460.7731 2m30s/Msamples
       59900000  -5948127.9959  -5948593.1706       465.1746 2m30s/Msamples
       60000000  -5948126.1220  -5948589.9062       463.7841 2m30s/Msamples
       60100000  -5948123.9675  -5948588.3564       464.3888 2m29s/Msamples
       60200000  -5948121.1108  -5948584.7649       463.6540 2m29s/Msamples
       60300000  -5948116.3366  -5948579.4602       463.1236 2m29s/Msamples
       60400000  -5948118.9238  -5948580.9311       462.0072 2m29s/Msamples
       60500000  -5948125.4520  -5948591.0629       465.6108 2m29s/Msamples
       60600000  -5948120.1569  -5948584.6789       464.5219 2m29s/Msamples
       60700000  -5948126.4320  -5948587.7696       461.3376 2m29s/Msamples
       60800000  -5948136.2689  -5948598.9239       462.6549 2m29s/Msamples
       60900000  -5948116.2598  -5948584.9594       468.6996 2m29s/Msamples
       61000000  -5948122.5629  -5948588.5296       465.9666 2m29s/Msamples
       61100000  -5948118.4555  -5948583.1226       464.6671 2m29s/Msamples
       61200000  -5948114.8829  -5948585.2421       470.3592 2m29s/Msamples
       61300000  -5948140.5636  -5948602.3840       461.8204 2m29s/Msamples
       61400000  -5948127.7306  -5948593.8689       466.1383 2m29s/Msamples
       61500000  -5948141.9743  -5948601.2057       459.2313 2m29s/Msamples
       61600000  -5948126.2225  -5948591.4302       465.2077 2m29s/Msamples
       61700000  -5948134.2711  -5948597.5024       463.2313 2m29s/Msamples
       61800000  -5948123.5136  -5948589.8622       466.3485 2m29s/Msamples
       61900000  -5948122.9601  -5948589.1472       466.1871 2m29s/Msamples
       62000000  -5948126.4010  -5948588.8701       462.4691 2m29s/Msamples
       62100000  -5948128.2118  -5948592.6052       464.3933 2m29s/Msamples
       62200000  -5948118.8030  -5948587.3424       468.5393 2m29s/Msamples
       62300000  -5948133.3729  -5948595.7038       462.3309 2m29s/Msamples
       62400000  -5948118.6318  -5948581.2123       462.5804 2m29s/Msamples
       62500000  -5948130.9876  -5948592.5406       461.5530 2m29s/Msamples
       62600000  -5948133.7170  -5948596.9085       463.1914 2m29s/Msamples
       62700000  -5948120.2219  -5948588.6501       468.4281 2m29s/Msamples
       62800000  -5948126.7854  -5948588.7658       461.9804 2m29s/Msamples
       62900000  -5948119.9809  -5948584.7304       464.7495 2m29s/Msamples
       63000000  -5948134.7574  -5948592.8165       458.0590 2m29s/Msamples
       63100000  -5948129.4298  -5948593.3393       463.9094 2m29s/Msamples
       63200000  -5948128.9169  -5948592.3584       463.4414 2m29s/Msamples
       63300000  -5948128.0520  -5948589.7559       461.7039 2m29s/Msamples
       63400000  -5948129.3098  -5948591.7079       462.3981 2m29s/Msamples
       63500000  -5948122.1633  -5948592.7491       470.5858 2m29s/Msamples
       63600000  -5948120.3100  -5948584.3593       464.0492 2m29s/Msamples
       63700000  -5948120.9589  -5948585.7410       464.7820 2m29s/Msamples
       63800000  -5948121.2242  -5948586.2293       465.0050 2m29s/Msamples
       63900000  -5948124.5693  -5948588.5328       463.9635 2m29s/Msamples
       64000000  -5948130.6250  -5948592.1939       461.5688 2m29s/Msamples
       64100000  -5948135.9859  -5948598.0741       462.0881 2m29s/Msamples
       64200000  -5948122.5133  -5948584.0117       461.4984 2m29s/Msamples
       64300000  -5948123.0528  -5948590.5693       467.5164 2m29s/Msamples
       64400000  -5948127.2341  -5948593.7002       466.4660 2m29s/Msamples
       64500000  -5948124.2347  -5948587.6927       463.4579 2m29s/Msamples
       64600000  -5948125.1650  -5948593.0464       467.8813 2m29s/Msamples
       64700000  -5948130.5334  -5948590.8221       460.2886 2m29s/Msamples
       64800000  -5948129.7322  -5948593.4213       463.6891 2m29s/Msamples
       64900000  -5948122.9291  -5948590.7274       467.7982 2m29s/Msamples
       65000000  -5948124.9655  -5948587.5286       462.5630 2m29s/Msamples
       65100000  -5948136.8567  -5948599.1799       462.3232 2m29s/Msamples
       65200000  -5948128.3373  -5948587.8520       459.5146 2m29s/Msamples
       65300000  -5948127.8899  -5948586.5662       458.6762 2m29s/Msamples
       65400000  -5948123.5512  -5948587.7349       464.1836 2m29s/Msamples
       65500000  -5948127.1951  -5948593.1815       465.9863 2m29s/Msamples
       65600000  -5948129.4217  -5948591.9703       462.5486 2m29s/Msamples
       65700000  -5948129.2249  -5948588.9327       459.7077 2m29s/Msamples
       65800000  -5948122.8070  -5948586.8702       464.0631 2m29s/Msamples
       65900000  -5948133.2668  -5948593.3387       460.0719 2m29s/Msamples
       66000000  -5948129.0317  -5948591.3492       462.3174 2m28s/Msamples
       66100000  -5948127.8925  -5948590.7637       462.8711 2m28s/Msamples
       66200000  -5948134.4833  -5948594.6489       460.1656 2m28s/Msamples
       66300000  -5948126.9458  -5948589.7672       462.8214 2m28s/Msamples
       66400000  -5948114.5455  -5948581.7096       467.1641 2m28s/Msamples
       66500000  -5948125.4474  -5948597.1349       471.6875 2m28s/Msamples
       66600000  -5948114.7926  -5948584.0299       469.2372 2m28s/Msamples
       66700000  -5948123.9642  -5948590.6620       466.6977 2m28s/Msamples
       66800000  -5948121.5325  -5948587.4428       465.9102 2m28s/Msamples
       66900000  -5948131.3161  -5948589.2756       457.9594 2m28s/Msamples
       67000000  -5948121.3329  -5948584.9038       463.5708 2m28s/Msamples
       67100000  -5948127.5984  -5948593.1463       465.5479 2m28s/Msamples
       67200000  -5948132.0217  -5948593.5841       461.5623 2m28s/Msamples
       67300000  -5948123.8766  -5948586.7781       462.9014 2m28s/Msamples
       67400000  -5948125.6850  -5948590.5175       464.8325 2m28s/Msamples
       67500000  -5948130.1880  -5948589.7594       459.5713 2m28s/Msamples
       67600000  -5948123.3120  -5948592.9442       469.6322 2m28s/Msamples
       67700000  -5948137.2699  -5948597.7222       460.4523 2m28s/Msamples
       67800000  -5948127.3090  -5948595.3677       468.0587 2m28s/Msamples
       67900000  -5948136.9830  -5948600.3345       463.3514 2m28s/Msamples
       68000000  -5948127.7261  -5948592.2187       464.4925 2m28s/Msamples
       68100000  -5948119.8511  -5948584.8081       464.9570 2m28s/Msamples
       68200000  -5948120.3415  -5948587.5623       467.2207 2m29s/Msamples
       68300000  -5948128.0745  -5948589.8789       461.8044 2m31s/Msamples
       68400000  -5948118.4037  -5948584.2623       465.8586 2m31s/Msamples
       68500000  -5948120.7649  -5948588.5907       467.8258 2m31s/Msamples
       68600000  -5948126.2644  -5948590.2505       463.9860 2m31s/Msamples
       68700000  -5948127.0892  -5948590.2551       463.1659 2m31s/Msamples
       68800000  -5948120.4434  -5948582.8448       462.4014 2m31s/Msamples
       68900000  -5948127.2646  -5948591.4136       464.1490 2m31s/Msamples
       69000000  -5948134.9549  -5948594.1102       459.1552 2m31s/Msamples
       69100000  -5948122.2817  -5948589.5138       467.2321 2m31s/Msamples
       69200000  -5948126.2726  -5948592.1744       465.9018 2m31s/Msamples
       69300000  -5948126.3960  -5948586.0671       459.6710 2m31s/Msamples
       69400000  -5948120.2534  -5948587.0419       466.7885 2m31s/Msamples
       69500000  -5948132.8514  -5948595.8352       462.9838 2m31s/Msamples
       69600000  -5948137.4608  -5948604.5863       467.1255 2m31s/Msamples
       69700000  -5948128.2078  -5948598.1362       469.9283 2m31s/Msamples
       69800000  -5948123.1598  -5948590.3005       467.1407 2m31s/Msamples
       69900000  -5948136.7782  -5948597.9217       461.1434 2m31s/Msamples
       70000000  -5948122.2785  -5948583.5417       461.2632 2m31s/Msamples
       70100000  -5948134.2499  -5948594.8435       460.5936 2m31s/Msamples
       70200000  -5948119.1217  -5948583.0074       463.8857 2m31s/Msamples
       70300000  -5948124.4177  -5948588.2732       463.8555 2m31s/Msamples
       70400000  -5948129.3104  -5948594.6175       465.3070 2m31s/Msamples
       70500000  -5948129.2392  -5948592.9251       463.6859 2m31s/Msamples
       70600000  -5948122.7934  -5948582.6103       459.8169 2m31s/Msamples
       70700000  -5948129.0419  -5948588.8782       459.8363 2m31s/Msamples
       70800000  -5948129.6210  -5948591.7728       462.1518 2m31s/Msamples
       70900000  -5948126.1066  -5948594.9663       468.8596 2m31s/Msamples
       71000000  -5948130.0327  -5948590.9992       460.9665 2m31s/Msamples
       71100000  -5948130.0303  -5948595.4033       465.3730 2m31s/Msamples
       71200000  -5948141.8886  -5948604.1100       462.2214 2m31s/Msamples
       71300000  -5948125.9180  -5948589.5300       463.6119 2m31s/Msamples
       71400000  -5948128.3038  -5948601.2550       472.9511 2m31s/Msamples
       71500000  -5948136.9596  -5948598.0078       461.0481 2m31s/Msamples
       71600000  -5948124.5638  -5948588.7983       464.2344 2m31s/Msamples
       71700000  -5948139.4793  -5948606.9003       467.4209 2m31s/Msamples
       71800000  -5948118.1217  -5948582.9007       464.7790 2m31s/Msamples
       71900000  -5948132.7823  -5948596.2693       463.4870 2m31s/Msamples
       72000000  -5948134.1000  -5948594.7238       460.6237 2m31s/Msamples
       72100000  -5948127.6713  -5948592.7141       465.0428 2m31s/Msamples
       72200000  -5948132.8385  -5948593.6014       460.7628 2m31s/Msamples
       72300000  -5948116.3894  -5948587.9905       471.6011 2m31s/Msamples
       72400000  -5948134.0724  -5948595.0093       460.9369 2m31s/Msamples
       72500000  -5948130.0649  -5948592.4740       462.4090 2m31s/Msamples
       72600000  -5948130.3889  -5948594.8073       464.4184 2m31s/Msamples
       72700000  -5948121.4225  -5948586.5632       465.1407 2m31s/Msamples
       72800000  -5948125.6831  -5948587.9892       462.3060 2m31s/Msamples
       72900000  -5948135.4385  -5948596.9708       461.5322 2m31s/Msamples
       73000000  -5948116.9000  -5948579.4335       462.5334 2m31s/Msamples
       73100000  -5948124.7471  -5948586.8264       462.0792 2m31s/Msamples
       73200000  -5948124.3206  -5948587.7556       463.4350 2m31s/Msamples
       73300000  -5948122.9828  -5948589.1094       466.1266 2m31s/Msamples
       73400000  -5948138.1536  -5948602.2161       464.0625 2m31s/Msamples
       73500000  -5948129.6588  -5948592.1961       462.5372 2m31s/Msamples
       73600000  -5948143.7516  -5948601.5383       457.7866 2m31s/Msamples
       73700000  -5948136.1235  -5948597.5006       461.3771 2m31s/Msamples
       73800000  -5948126.1789  -5948593.3190       467.1400 2m31s/Msamples
       73900000  -5948136.0402  -5948597.7127       461.6725 2m31s/Msamples
       74000000  -5948128.4350  -5948600.5714       472.1363 2m31s/Msamples
       74100000  -5948129.2541  -5948593.3668       464.1127 2m31s/Msamples
       74200000  -5948129.4141  -5948595.1061       465.6919 2m31s/Msamples
       74300000  -5948138.4684  -5948604.8094       466.3409 2m31s/Msamples
       74400000  -5948135.3691  -5948600.5046       465.1355 2m31s/Msamples
       74500000  -5948125.0050  -5948587.4023       462.3972 2m31s/Msamples
       74600000  -5948137.3697  -5948606.5963       469.2265 2m31s/Msamples
       74700000  -5948119.8598  -5948586.9441       467.0843 2m31s/Msamples
       74800000  -5948136.4134  -5948602.0746       465.6611 2m31s/Msamples
       74900000  -5948117.3162  -5948583.2531       465.9369 2m31s/Msamples
       75000000  -5948136.1072  -5948596.8470       460.7397 2m31s/Msamples
       75100000  -5948134.6849  -5948601.6572       466.9723 2m31s/Msamples
       75200000  -5948125.1495  -5948584.5450       459.3954 2m31s/Msamples
       75300000  -5948134.5890  -5948596.3349       461.7458 2m31s/Msamples
       75400000  -5948128.0383  -5948593.7997       465.7614 2m30s/Msamples
       75500000  -5948128.3075  -5948592.9072       464.5996 2m30s/Msamples
       75600000  -5948125.8181  -5948587.5165       461.6983 2m30s/Msamples
       75700000  -5948130.7806  -5948594.3757       463.5950 2m30s/Msamples
       75800000  -5948125.1369  -5948585.5528       460.4159 2m30s/Msamples
       75900000  -5948138.2399  -5948600.1673       461.9273 2m30s/Msamples
       76000000  -5948126.7614  -5948593.0152       466.2537 2m30s/Msamples
       76100000  -5948123.0055  -5948589.0306       466.0250 2m30s/Msamples
       76200000  -5948127.6144  -5948594.3476       466.7332 2m30s/Msamples
       76300000  -5948127.8610  -5948595.9712       468.1101 2m30s/Msamples
       76400000  -5948132.9532  -5948597.6464       464.6932 2m30s/Msamples
       76500000  -5948131.1455  -5948593.2293       462.0837 2m30s/Msamples
       76600000  -5948128.3930  -5948590.4951       462.1021 2m30s/Msamples
       76700000  -5948122.3312  -5948581.1693       458.8380 2m30s/Msamples
       76800000  -5948126.2514  -5948590.5387       464.2872 2m30s/Msamples
       76900000  -5948139.9922  -5948603.1002       463.1080 2m30s/Msamples
       77000000  -5948131.6234  -5948595.0692       463.4458 2m30s/Msamples
       77100000  -5948126.5730  -5948591.6097       465.0367 2m30s/Msamples
       77200000  -5948142.2820  -5948608.3550       466.0730 2m30s/Msamples
       77300000  -5948133.0459  -5948601.0515       468.0056 2m30s/Msamples
       77400000  -5948129.5619  -5948594.1718       464.6098 2m30s/Msamples
       77500000  -5948128.6749  -5948593.2416       464.5667 2m30s/Msamples
       77600000  -5948133.7522  -5948593.6665       459.9143 2m30s/Msamples
       77700000  -5948141.3706  -5948593.8659       452.4952 2m30s/Msamples
       77800000  -5948123.3830  -5948586.5531       463.1700 2m30s/Msamples
       77900000  -5948128.9297  -5948592.0783       463.1486 2m30s/Msamples
       78000000  -5948140.2162  -5948597.6439       457.4276 2m30s/Msamples
       78100000  -5948132.6604  -5948597.7979       465.1374 2m30s/Msamples
       78200000  -5948126.4810  -5948593.6211       467.1400 2m30s/Msamples
       78300000  -5948122.9390  -5948588.2386       465.2996 2m30s/Msamples
       78400000  -5948134.7693  -5948594.2301       459.4607 2m30s/Msamples
       78500000  -5948119.5579  -5948587.5073       467.9494 2m30s/Msamples
       78600000  -5948128.6140  -5948590.7600       462.1460 2m30s/Msamples
       78700000  -5948130.5967  -5948589.1075       458.5108 2m30s/Msamples
       78800000  -5948123.0170  -5948587.1220       464.1049 2m30s/Msamples
       78900000  -5948131.9421  -5948597.6529       465.7108 2m30s/Msamples
       79000000  -5948123.9427  -5948593.3060       469.3633 2m30s/Msamples
       79100000  -5948124.3745  -5948592.0275       467.6530 2m30s/Msamples
       79200000  -5948124.7734  -5948589.3530       464.5795 2m30s/Msamples
       79300000  -5948132.8910  -5948594.9262       462.0351 2m30s/Msamples
       79400000  -5948132.7270  -5948596.9545       464.2274 2m30s/Msamples
       79500000  -5948134.1353  -5948597.4697       463.3343 2m30s/Msamples
       79600000  -5948144.8091  -5948610.2105       465.4013 2m30s/Msamples
       79700000  -5948134.8671  -5948593.7742       458.9070 2m30s/Msamples
       79800000  -5948123.4740  -5948589.9174       466.4433 2m30s/Msamples
       79900000  -5948126.6806  -5948589.2219       462.5413 2m30s/Msamples
       80000000  -5948142.8153  -5948600.8181       458.0027 2m30s/Msamples
       80100000  -5948128.9070  -5948594.1506       465.2435 2m30s/Msamples
       80200000  -5948122.9665  -5948589.4475       466.4809 2m30s/Msamples
       80300000  -5948134.5254  -5948595.1537       460.6283 2m30s/Msamples
       80400000  -5948123.4921  -5948586.8674       463.3752 2m30s/Msamples
       80500000  -5948136.0912  -5948594.3335       458.2422 2m30s/Msamples
       80600000  -5948127.7190  -5948592.6035       464.8845 2m30s/Msamples
       80700000  -5948129.3874  -5948589.7213       460.3338 2m30s/Msamples
       80800000  -5948127.3427  -5948593.9103       466.5676 2m30s/Msamples
       80900000  -5948135.2624  -5948597.1202       461.8577 2m30s/Msamples
       81000000  -5948119.4833  -5948583.4685       463.9851 2m30s/Msamples
       81100000  -5948128.3776  -5948590.5977       462.2201 2m30s/Msamples
       81200000  -5948123.4317  -5948589.3451       465.9134 2m30s/Msamples
       81300000  -5948120.6949  -5948586.0150       465.3200 2m30s/Msamples
       81400000  -5948120.9550  -5948581.6632       460.7081 2m30s/Msamples
       81500000  -5948128.8652  -5948589.3531       460.4878 2m30s/Msamples
       81600000  -5948114.8843  -5948580.1614       465.2770 2m30s/Msamples
       81700000  -5948126.5964  -5948589.7790       463.1826 2m30s/Msamples
       81800000  -5948119.6107  -5948585.3271       465.7163 2m30s/Msamples
       81900000  -5948127.0548  -5948589.8866       462.8317 2m30s/Msamples
       82000000  -5948129.5468  -5948597.8379       468.2911 2m30s/Msamples
       82100000  -5948136.3518  -5948600.2019       463.8500 2m29s/Msamples
       82200000  -5948141.9996  -5948603.5303       461.5306 2m29s/Msamples
       82300000  -5948126.9310  -5948588.7010       461.7699 2m29s/Msamples
       82400000  -5948133.2258  -5948596.1988       462.9730 2m29s/Msamples
       82500000  -5948125.3468  -5948587.9916       462.6447 2m29s/Msamples
       82600000  -5948124.1329  -5948590.0463       465.9133 2m29s/Msamples
       82700000  -5948126.6441  -5948588.0010       461.3568 2m29s/Msamples
       82800000  -5948125.1168  -5948594.9523       469.8354 2m29s/Msamples
       82900000  -5948122.6236  -5948585.8116       463.1879 2m29s/Msamples
       83000000  -5948136.9629  -5948597.7223       460.7594 2m29s/Msamples
       83100000  -5948118.5012  -5948582.7426       464.2414 2m29s/Msamples
       83200000  -5948124.1284  -5948589.2016       465.0732 2m29s/Msamples
       83300000  -5948125.4094  -5948591.7760       466.3666 2m29s/Msamples
       83400000  -5948134.5835  -5948600.1916       465.6080 2m30s/Msamples
       83500000  -5948132.2663  -5948598.4296       466.1632 2m30s/Msamples
       83600000  -5948133.9661  -5948598.5407       464.5745 2m30s/Msamples
       83700000  -5948136.4394  -5948599.9318       463.4924 2m30s/Msamples
       83800000  -5948126.4986  -5948595.3438       468.8451 2m30s/Msamples
       83900000  -5948136.9290  -5948598.6344       461.7054 2m30s/Msamples
       84000000  -5948135.2037  -5948596.1210       460.9173 2m30s/Msamples
       84100000  -5948119.8889  -5948586.1281       466.2391 2m30s/Msamples
       84200000  -5948130.1569  -5948597.2740       467.1171 2m30s/Msamples
       84300000  -5948133.2185  -5948597.0855       463.8670 2m30s/Msamples
       84400000  -5948131.5165  -5948592.1317       460.6151 2m30s/Msamples
       84500000  -5948122.8852  -5948587.4967       464.6114 2m30s/Msamples
       84600000  -5948135.2575  -5948598.8175       463.5599 2m31s/Msamples
       84700000  -5948129.9849  -5948597.3864       467.4015 2m31s/Msamples
       84800000  -5948130.4249  -5948590.3326       459.9076 2m31s/Msamples
       84900000  -5948124.9347  -5948592.1773       467.2426 2m31s/Msamples
       85000000  -5948133.8524  -5948598.0856       464.2331 2m31s/Msamples
       85100000  -5948125.7704  -5948589.7821       464.0117 2m31s/Msamples
       85200000  -5948136.9463  -5948591.8900       454.9436 2m31s/Msamples
       85300000  -5948129.7682  -5948594.1411       464.3728 2m31s/Msamples
       85400000  -5948125.8285  -5948589.2821       463.4535 2m31s/Msamples
       85500000  -5948124.3016  -5948589.4733       465.1717 2m31s/Msamples
       85600000  -5948126.9494  -5948593.9994       467.0500 2m31s/Msamples
       85700000  -5948122.4721  -5948585.3409       462.8687 2m31s/Msamples
       85800000  -5948126.2089  -5948587.9423       461.7334 2m31s/Msamples
       85900000  -5948114.9524  -5948583.3340       468.3816 2m31s/Msamples
       86000000  -5948120.6727  -5948592.9934       472.3207 2m31s/Msamples
       86100000  -5948131.3369  -5948591.0499       459.7130 2m32s/Msamples
       86200000  -5948126.0046  -5948585.9287       459.9241 2m32s/Msamples
       86300000  -5948122.4547  -5948586.3126       463.8578 2m32s/Msamples
       86400000  -5948122.5464  -5948584.3577       461.8112 2m32s/Msamples
       86500000  -5948124.0562  -5948590.6787       466.6224 2m32s/Msamples
       86600000  -5948120.3824  -5948583.4727       463.0902 2m32s/Msamples
       86700000  -5948123.1186  -5948590.4189       467.3002 2m32s/Msamples
       86800000  -5948132.2103  -5948593.4183       461.2080 2m32s/Msamples
       86900000  -5948125.8939  -5948588.9556       463.0617 2m32s/Msamples
       87000000  -5948132.3396  -5948600.5712       468.2315 2m32s/Msamples
       87100000  -5948127.2681  -5948592.4829       465.2148 2m32s/Msamples
       87200000  -5948145.2215  -5948601.4136       456.1920 2m32s/Msamples
       87300000  -5948121.0577  -5948583.4355       462.3778 2m32s/Msamples
       87400000  -5948132.6894  -5948595.8319       463.1424 2m32s/Msamples
       87500000  -5948129.9057  -5948593.3118       463.4061 2m32s/Msamples
       87600000  -5948123.2410  -5948591.1541       467.9131 2m33s/Msamples
       87700000  -5948125.0485  -5948592.6010       467.5524 2m33s/Msamples
       87800000  -5948122.8538  -5948588.7814       465.9275 2m33s/Msamples
       87900000  -5948125.8147  -5948591.2631       465.4483 2m33s/Msamples
       88000000  -5948135.2794  -5948597.4800       462.2006 2m33s/Msamples
       88100000  -5948125.8691  -5948590.8283       464.9592 2m33s/Msamples
       88200000  -5948125.2854  -5948592.8240       467.5385 2m33s/Msamples
       88300000  -5948124.5188  -5948587.5869       463.0681 2m33s/Msamples
       88400000  -5948129.0792  -5948592.2265       463.1473 2m33s/Msamples
       88500000  -5948131.9549  -5948600.2016       468.2466 2m33s/Msamples
       88600000  -5948121.8127  -5948586.7642       464.9515 2m33s/Msamples
       88700000  -5948125.1325  -5948588.5941       463.4616 2m33s/Msamples
       88800000  -5948122.4586  -5948592.8535       470.3948 2m33s/Msamples
       88900000  -5948126.9981  -5948586.2242       459.2260 2m33s/Msamples
       89000000  -5948129.6357  -5948595.3774       465.7416 2m33s/Msamples
       89100000  -5948125.2298  -5948588.5825       463.3527 2m33s/Msamples
       89200000  -5948135.5752  -5948600.3623       464.7870 2m33s/Msamples
       89300000  -5948139.3672  -5948601.3548       461.9876 2m33s/Msamples
       89400000  -5948123.7726  -5948588.4848       464.7121 2m33s/Msamples
       89500000  -5948124.6622  -5948590.7534       466.0911 2m33s/Msamples
       89600000  -5948123.8783  -5948590.3863       466.5080 2m33s/Msamples
       89700000  -5948137.8487  -5948605.3702       467.5214 2m33s/Msamples
       89800000  -5948120.6841  -5948586.0242       465.3401 2m34s/Msamples
       89900000  -5948135.8588  -5948601.0346       465.1758 2m34s/Msamples
       90000000  -5948132.2229  -5948595.9232       463.7003 2m34s/Msamples
       90100000  -5948137.3563  -5948601.6027       464.2463 2m34s/Msamples
       90200000  -5948131.9159  -5948597.1052       465.1893 2m34s/Msamples
       90300000  -5948125.9040  -5948593.1636       467.2595 2m34s/Msamples
       90400000  -5948131.5913  -5948595.9018       464.3105 2m34s/Msamples
       90500000  -5948129.7976  -5948593.7428       463.9452 2m34s/Msamples
       90600000  -5948139.1589  -5948600.0575       460.8985 2m34s/Msamples
       90700000  -5948132.6515  -5948596.5470       463.8954 2m34s/Msamples
       90800000  -5948125.9878  -5948595.9610       469.9731 2m34s/Msamples
       90900000  -5948135.1071  -5948597.1338       462.0266 2m34s/Msamples
       91000000  -5948136.2059  -5948598.2765       462.0706 2m34s/Msamples
       91100000  -5948134.3698  -5948599.3684       464.9986 2m34s/Msamples
       91200000  -5948126.7430  -5948588.2327       461.4896 2m34s/Msamples
       91300000  -5948127.2015  -5948593.1401       465.9385 2m35s/Msamples
       91400000  -5948124.2472  -5948588.9468       464.6996 2m35s/Msamples
       91500000  -5948133.1675  -5948596.1040       462.9364 2m35s/Msamples
       91600000  -5948142.4317  -5948611.6485       469.2167 2m35s/Msamples
       91700000  -5948133.4156  -5948596.7856       463.3700 2m35s/Msamples
       91800000  -5948129.6256  -5948593.2384       463.6128 2m35s/Msamples
       91900000  -5948123.9902  -5948592.5433       468.5531 2m35s/Msamples
       92000000  -5948109.8082  -5948580.3735       470.5653 2m35s/Msamples
       92100000  -5948129.7278  -5948593.6554       463.9276 2m36s/Msamples
       92200000  -5948123.1653  -5948586.7702       463.6048 2m36s/Msamples
       92300000  -5948132.3288  -5948595.6941       463.3652 2m36s/Msamples
       92400000  -5948123.3246  -5948588.0282       464.7036 2m36s/Msamples
       92500000  -5948122.6158  -5948591.8451       469.2292 2m36s/Msamples
       92600000  -5948128.4068  -5948592.1191       463.7122 2m36s/Msamples
       92700000  -5948134.7031  -5948596.3921       461.6890 2m36s/Msamples
       92800000  -5948129.0048  -5948596.4723       467.4674 2m36s/Msamples
       92900000  -5948122.5610  -5948590.0863       467.5253 2m36s/Msamples
       93000000  -5948126.9314  -5948591.0313       464.0998 2m36s/Msamples
       93100000  -5948130.7742  -5948592.0314       461.2572 2m36s/Msamples
       93200000  -5948120.8159  -5948584.8214       464.0055 2m36s/Msamples
       93300000  -5948117.8593  -5948584.4831       466.6238 2m36s/Msamples
       93400000  -5948138.7473  -5948601.9525       463.2052 2m36s/Msamples
       93500000  -5948139.0622  -5948600.8537       461.7915 2m36s/Msamples
       93600000  -5948133.6420  -5948597.4065       463.7645 2m36s/Msamples
       93700000  -5948138.0839  -5948600.7670       462.6831 2m37s/Msamples
       93800000  -5948124.4180  -5948585.3294       460.9114 2m37s/Msamples
       93900000  -5948123.0423  -5948593.5367       470.4944 2m37s/Msamples
       94000000  -5948127.3948  -5948590.0536       462.6588 2m37s/Msamples
       94100000  -5948136.4737  -5948599.9206       463.4468 2m37s/Msamples
       94200000  -5948137.1842  -5948600.1508       462.9665 2m37s/Msamples
       94300000  -5948120.8943  -5948584.4536       463.5592 2m37s/Msamples
       94400000  -5948129.1615  -5948594.8938       465.7322 2m37s/Msamples
       94500000  -5948124.8045  -5948592.3710       467.5664 2m37s/Msamples
       94600000  -5948127.4410  -5948591.9603       464.5192 2m37s/Msamples
       94700000  -5948134.7193  -5948589.7558       455.0364 2m37s/Msamples
       94800000  -5948121.1539  -5948584.2115       463.0575 2m37s/Msamples
       94900000  -5948125.6775  -5948589.0651       463.3875 2m38s/Msamples
       95000000  -5948126.4234  -5948590.1467       463.7233 2m38s/Msamples
       95100000  -5948129.1075  -5948595.4766       466.3691 2m38s/Msamples
       95200000  -5948129.5286  -5948590.1169       460.5882 2m38s/Msamples
       95300000  -5948123.3890  -5948590.9895       467.6004 2m38s/Msamples
       95400000  -5948129.3381  -5948592.9495       463.6114 2m38s/Msamples
       95500000  -5948134.3832  -5948592.1229       457.7396 2m38s/Msamples
       95600000  -5948116.3931  -5948584.4903       468.0971 2m38s/Msamples
       95700000  -5948130.9762  -5948591.3117       460.3355 2m38s/Msamples
       95800000  -5948151.0757  -5948608.5792       457.5034 2m38s/Msamples
       95900000  -5948135.1384  -5948596.9476       461.8091 2m38s/Msamples
       96000000  -5948123.8346  -5948585.3490       461.5144 2m38s/Msamples
       96100000  -5948128.5113  -5948587.3209       458.8096 2m38s/Msamples
       96200000  -5948137.3602  -5948594.2109       456.8506 2m39s/Msamples
       96300000  -5948127.5277  -5948592.6136       465.0858 2m39s/Msamples
       96400000  -5948128.2947  -5948593.8249       465.5302 2m39s/Msamples
       96500000  -5948131.6880  -5948601.0062       469.3181 2m39s/Msamples
       96600000  -5948125.7540  -5948587.7366       461.9826 2m39s/Msamples
       96700000  -5948127.8905  -5948589.5653       461.6747 2m39s/Msamples
       96800000  -5948127.6182  -5948591.8659       464.2477 2m39s/Msamples
       96900000  -5948115.1474  -5948580.6132       465.4657 2m39s/Msamples
       97000000  -5948119.3420  -5948584.5644       465.2224 2m39s/Msamples
       97100000  -5948130.0611  -5948593.1299       463.0688 2m39s/Msamples
       97200000  -5948130.0827  -5948594.3839       464.3012 2m39s/Msamples
       97300000  -5948123.9369  -5948591.3176       467.3807 2m39s/Msamples
       97400000  -5948117.6298  -5948582.3080       464.6781 2m39s/Msamples
       97500000  -5948143.2650  -5948606.9668       463.7017 2m39s/Msamples
       97600000  -5948125.8660  -5948586.6952       460.8291 2m40s/Msamples
       97700000  -5948138.6719  -5948599.9961       461.3242 2m40s/Msamples
       97800000  -5948129.3107  -5948594.0292       464.7184 2m40s/Msamples
       97900000  -5948133.1018  -5948595.6511       462.5492 2m40s/Msamples
       98000000  -5948133.9715  -5948597.7358       463.7642 2m40s/Msamples
       98100000  -5948124.5251  -5948590.8581       466.3330 2m40s/Msamples
       98200000  -5948132.6417  -5948595.9960       463.3542 2m40s/Msamples
       98300000  -5948132.8477  -5948596.9855       464.1377 2m40s/Msamples
       98400000  -5948127.5845  -5948588.6945       461.1099 2m40s/Msamples
       98500000  -5948141.6703  -5948604.4812       462.8108 2m40s/Msamples
       98600000  -5948126.2778  -5948588.0971       461.8192 2m40s/Msamples
       98700000  -5948122.4493  -5948589.5814       467.1320 2m40s/Msamples
       98800000  -5948130.2227  -5948594.4934       464.2707 2m40s/Msamples
       98900000  -5948139.8930  -5948598.4381       458.5450 2m40s/Msamples
       99000000  -5948128.6211  -5948589.8186       461.1975 2m40s/Msamples
       99100000  -5948123.8896  -5948590.5636       466.6740 2m40s/Msamples
       99200000  -5948132.3550  -5948590.7876       458.4326 2m40s/Msamples
       99300000  -5948141.8581  -5948601.3572       459.4990 2m40s/Msamples
       99400000  -5948133.9814  -5948598.8505       464.8691 2m41s/Msamples
       99500000  -5948140.3005  -5948601.6120       461.3114 2m41s/Msamples
       99600000  -5948125.9669  -5948589.3458       463.3788 2m41s/Msamples
       99700000  -5948135.8578  -5948595.3153       459.4574 2m41s/Msamples
       99800000  -5948124.1502  -5948591.7077       467.5575 2m41s/Msamples
       99900000  -5948129.4841  -5948595.1592       465.6751 2m41s/Msamples
      100000000  -5948133.2128  -5948598.2286       465.0158 2m41s/Msamples

Operator                                                  Tuning    #accept    #reject      Pr(m)  Pr(acc|m)
DeltaExchangeOperator(FrequenciesExchanger.s:dna)        0.00202      15922     116351    0.00132    0.12037 
ScaleOperator(RateACScaler.s:dna)                        0.40661      32194      99853    0.00132    0.24381 
ScaleOperator(RateAGScaler.s:dna)                        0.51710      31790     100183    0.00132    0.24088 
ScaleOperator(RateATScaler.s:dna)                        0.35556      32381      99306    0.00132    0.24589 
ScaleOperator(RateCGScaler.s:dna)                        0.30632      33203      98941    0.00132    0.25126 
ScaleOperator(RateGTScaler.s:dna)                        0.43859      29875     102291    0.00132    0.22604 
ScaleOperator(CoalescentConstantTreeScaler.t:dna)        0.70735     811367    3154233    0.03968    0.20460 
ScaleOperator(CoalescentConstantTreeRootScaler.t:dna)    0.74896     249987    3721693    0.03968    0.06294 Try setting scaleFactor to about 0.865
Uniform(CoalescentConstantUniformOperator.t:dna)               -   20494658   19181632    0.39683    0.51655 
SubtreeSlide(CoalescentConstantSubtreeSlide.t:dna)       0.26847         15   19842957    0.19841    0.00000 Try decreasing size to about 0.134
Exchange(CoalescentConstantNarrow.t:dna)                       -    4120692   15723811    0.19841    0.20765 
Exchange(CoalescentConstantWide.t:dna)                         -      24748    3941860    0.03968    0.00624 
WilsonBalding(CoalescentConstantWilsonBalding.t:dna)           -      27401    3942123    0.03968    0.00690 
ScaleOperator(PopSizeScaler.t:dna)                       0.44086     988198    2982336    0.03968    0.24888 

     Tuning: The value of the operator's tuning parameter, or '-' if the operator can't be optimized.
    #accept: The total number of times a proposal by this operator has been accepted.
    #reject: The total number of times a proposal by this operator has been rejected.
      Pr(m): The probability this operator is chosen in a step of the MCMC (i.e. the normalized weight).
  Pr(acc|m): The acceptance probability (#accept as a fraction of the total proposals for this operator).


Total calculation time: 16148.491 seconds
