2021-06-16 12:14:47,169 Reading the input fasta file: /2/scratch/keaton/plague-phylogeography/results/snippy_multi/all/chromosome/full/snippy-multi.snps.aln
2021-06-16 12:14:47,171 Reading alignment length...
2021-06-16 12:14:47,171 Alignment length: 483
2021-06-16 12:14:47,171 Reading alignment sample names...
2021-06-16 12:14:47,171 Number of samples: 50
2021-06-16 12:14:47,172 Analyzing alignment for sites with >=0.4 samples with data...
2021-06-16 12:14:47,181 5% Complete
2021-06-16 12:14:47,192 10% Complete
2021-06-16 12:14:47,204 15% Complete
2021-06-16 12:14:47,218 20% Complete
2021-06-16 12:14:47,234 25% Complete
2021-06-16 12:14:47,253 30% Complete
2021-06-16 12:14:47,275 35% Complete
2021-06-16 12:14:47,315 40% Complete
2021-06-16 12:14:47,360 45% Complete
2021-06-16 12:14:47,399 50% Complete
2021-06-16 12:14:47,439 55% Complete
2021-06-16 12:14:47,481 60% Complete
2021-06-16 12:14:47,511 65% Complete
2021-06-16 12:14:47,561 70% Complete
2021-06-16 12:14:47,616 75% Complete
2021-06-16 12:14:47,667 80% Complete
2021-06-16 12:14:47,735 85% Complete
2021-06-16 12:14:47,810 90% Complete
2021-06-16 12:14:47,884 95% Complete
2021-06-16 12:14:47,990 100% Complete
2021-06-16 12:14:47,990 Creating the filtered multiple alignment..
2021-06-16 12:14:48,020 Writing to the output fasta file: /2/scratch/keaton/plague-phylogeography/results/snippy_multi/all/chromosome/full/filter60/snippy-multi.snps.aln
2021-06-16 12:14:48,021 Constant sites: 0 (0%)
2021-06-16 12:14:48,021 Parsimony informative sites: 238 (49%)
2021-06-16 12:14:48,021 Biallelic singleton sites: 245 (50%)
2021-06-16 12:14:48,021 Multiallelic singleton sites: 0 (0%)
2021-06-16 12:14:48,021 Pseudo singleton sites: 0 (0%)
2021-06-16 12:14:48,021 Total singleton sites: 245 (50%)
2021-06-16 12:14:48,022 Singleton sites passing missing data filter: 224
2021-06-16 12:14:48,022 Parsimony informative sites passing missing data filter: 223
2021-06-16 12:14:48,022 Filtered nucleotides: 22350
2021-06-16 12:14:48,022 Ambiguous nucleotides: 3589 (16%)
2021-06-16 12:14:48,022 Total sites passing missing data filter: 447
2021-06-16 12:14:48,022 Total sites failing missing data filter: 36
2021-06-16 12:14:48,022 Total nucleotides passing missing data filter: 22350
2021-06-16 12:14:48,022 Ambiguous nucleotides passing missing data filter: 3589
2021-06-16 12:14:48,022 Wrote a multi-fasta alignment of length: 447
