2021-04-15 21:16:51,929 Reading the input fasta file: /mnt/c/Users/ktmea/Projects/plague-phylogeography/results/snippy_multi/all/chromosome/snippy-multi.snps.aln
2021-04-15 21:16:51,934 Reading alignment length...
2021-04-15 21:16:51,935 Alignment length: 2435
2021-04-15 21:16:51,935 Reading alignment sample names...
2021-04-15 21:16:51,936 Number of samples: 28
2021-04-15 21:16:51,936 Analyzing alignment for sites with >=1.0 samples with data...
2021-04-15 21:16:51,945 5% Complete
2021-04-15 21:16:51,953 10% Complete
2021-04-15 21:16:51,962 15% Complete
2021-04-15 21:16:51,970 20% Complete
2021-04-15 21:16:51,984 25% Complete
2021-04-15 21:16:51,995 30% Complete
2021-04-15 21:16:52,007 35% Complete
2021-04-15 21:16:52,016 40% Complete
2021-04-15 21:16:52,026 45% Complete
2021-04-15 21:16:52,034 50% Complete
2021-04-15 21:16:52,046 55% Complete
2021-04-15 21:16:52,059 60% Complete
2021-04-15 21:16:52,071 65% Complete
2021-04-15 21:16:52,084 70% Complete
2021-04-15 21:16:52,105 75% Complete
2021-04-15 21:16:52,120 80% Complete
2021-04-15 21:16:52,131 85% Complete
2021-04-15 21:16:52,188 90% Complete
2021-04-15 21:16:52,248 95% Complete
2021-04-15 21:16:52,281 100% Complete
2021-04-15 21:16:52,282 Creating the filtered multiple alignment..
2021-04-15 21:16:52,295 Writing to the output fasta file: /mnt/c/Users/ktmea/Projects/plague-phylogeography/results/snippy_multi/all/chromosome/filter0/snippy-multi.snps.aln
2021-04-15 21:16:52,295 Parsimony informative sites: 394 (16%)
2021-04-15 21:16:52,296 Biallelic singleton sites: 2038 (83%)
2021-04-15 21:16:52,296 Multiallelic singleton sites: 1 (0%)
2021-04-15 21:16:52,296 Pseudo singleton sites: 2 (0%)
2021-04-15 21:16:52,297 Total singleton sites: 2041 (83%)
2021-04-15 21:16:52,297 Singleton sites passing missing data filter: 0
2021-04-15 21:16:52,298 Parsimony informative sites passing missing data filter: 228
2021-04-15 21:16:52,298 Total sites passing missing data filter: 228
2021-04-15 21:16:52,298 Total sites failing missing data filter: 166
2021-04-15 21:16:52,298 Wrote a multi-fasta alignment of length: 228
