2021-05-20 11:48:44,453 Reading the input fasta file: /2/scratch/keaton/plague-phylogeography/results/snippy_multi/all/chromosome/full/snippy-multi.snps.aln
2021-05-20 11:48:44,573 Reading alignment length...
2021-05-20 11:48:44,575 Alignment length: 33703
2021-05-20 11:48:44,575 Reading alignment sample names...
2021-05-20 11:48:44,576 Number of samples: 603
2021-05-20 11:48:44,578 Analyzing alignment for sites with >=0.9299999999999999 samples with data...
2021-05-20 11:51:14,636 5% Complete
2021-05-20 11:56:29,436 10% Complete
2021-05-20 12:07:09,985 15% Complete
2021-05-20 12:13:51,010 20% Complete
2021-05-20 12:26:20,274 25% Complete
2021-05-20 12:37:16,531 30% Complete
2021-05-20 12:54:02,633 35% Complete
2021-05-20 13:17:15,978 40% Complete
2021-05-20 13:36:20,574 45% Complete
2021-05-20 13:56:08,468 50% Complete
2021-05-20 14:31:04,309 55% Complete
2021-05-20 15:12:23,393 60% Complete
2021-05-20 15:53:50,247 65% Complete
2021-05-20 16:42:00,017 70% Complete
2021-05-20 17:31:34,605 75% Complete
2021-05-20 18:23:24,161 80% Complete
2021-05-20 19:19:31,121 85% Complete
2021-05-20 20:21:01,188 90% Complete
2021-05-20 21:24:32,150 95% Complete
2021-05-20 22:26:30,164 100% Complete
2021-05-20 22:26:30,165 Creating the filtered multiple alignment..
2021-05-20 22:26:44,368 Writing to the output fasta file: /2/scratch/keaton/plague-phylogeography/results/snippy_multi/all/chromosome/full/filter7/snippy-multi.snps.aln
2021-05-20 22:26:44,541 Constant sites: 0 (0%)
2021-05-20 22:26:44,541 Parsimony informative sites: 17333 (51%)
2021-05-20 22:26:44,541 Biallelic singleton sites: 16246 (48%)
2021-05-20 22:26:44,541 Multiallelic singleton sites: 80 (0%)
2021-05-20 22:26:44,541 Pseudo singleton sites: 44 (0%)
2021-05-20 22:26:44,541 Total singleton sites: 16370 (48%)
2021-05-20 22:26:44,541 Singleton sites passing missing data filter: 13016
2021-05-20 22:26:44,541 Parsimony informative sites passing missing data filter: 14408
2021-05-20 22:26:44,541 Total sites passing missing data filter: 27424
2021-05-20 22:26:44,541 Total sites failing missing data filter: 6279
2021-05-20 22:26:44,542 Wrote a multi-fasta alignment of length: 27424
