
                   BEAST v2.6.3 Prerelease, 2002-2020
             Bayesian Evolutionary Analysis Sampling Trees
                       Designed and developed by
 Remco Bouckaert, Alexei J. Drummond, Andrew Rambaut & Marc A. Suchard
                                    
                   Centre for Computational Evolution
                         University of Auckland
                       r.bouckaert@auckland.ac.nz
                        alexei@cs.auckland.ac.nz
                                    
                   Institute of Evolutionary Biology
                        University of Edinburgh
                           a.rambaut@ed.ac.uk
                                    
                    David Geffen School of Medicine
                 University of California, Los Angeles
                           msuchard@ucla.edu
                                    
                      Downloads, Help & Resources:
                           http://beast2.org/
                                    
  Source code distributed under the GNU Lesser General Public License:
                   http://github.com/CompEvol/beast2
                                    
                           BEAST developers:
   Alex Alekseyenko, Trevor Bedford, Erik Bloomquist, Joseph Heled, 
 Sebastian Hoehna, Denise Kuehnert, Philippe Lemey, Wai Lok Sibon Li, 
Gerton Lunter, Sidney Markowitz, Vladimir Minin, Michael Defoin Platel, 
          Oliver Pybus, Tim Vaughan, Chieh-Hsi Wu, Walter Xie
                                    
                               Thanks to:
          Roald Forsberg, Beth Shapiro and Korbinian Strimmer

Random number seed: 1259807514

Alignment(original-dna)
  49 taxa
  356 sites
  355 patterns

Filter -
49 taxa
356 sites + 4289810 constant sites
359 patterns
D51 = 691.0 (437.5)
D62 = 691.0 (437.5)
D71 = 691.0 (437.5)
D72 = 691.0 (437.5)
D75 = 691.0 (437.5)
P187 = 691.0 (437.5)
P212 = 691.0 (437.5)
P387 = 691.0 (437.5)
R36 = 691.0 (437.5)
SAMEA3713711 = 300.0 (46.5)
SAMEA3713712 = 300.0 (46.5)
SAMEA3713713 = 300.0 (46.5)
SAMEA3713714 = 300.0 (46.5)
SAMEA3713715 = 300.0 (46.5)
SAMEA3937653 = 661.0 (407.5)
SAMEA3937654 = 640.0 (386.5)
SAMEA5054089 = 671.0 (417.5)
SAMEA5054090 = 671.0 (417.5)
SAMEA5054092 = 691.0 (437.5)
SAMEA5054093 = 687.0 (433.5)
SAMEA5818798 = 423.5 (170.0)
SAMEA5818799 = 423.5 (170.0)
SAMEA5818800 = 423.5 (170.0)
SAMEA5818801 = 423.5 (170.0)
SAMEA5818803 = 388.0 (134.5)
SAMEA5818805 = 465.0 (211.5)
SAMEA5818806 = 671.0 (417.5)
SAMEA5818808 = 477.5 (224.0)
SAMEA5818809 = 684.5 (431.0)
SAMEA5818811 = 679.0 (425.5)
SAMEA5818815 = 515.5 (262.0)
SAMEA5818817 = 496.0 (242.5)
SAMEA5818818 = 461.0 (207.5)
SAMEA5818821 = 461.0 (207.5)
SAMEA5818822 = 461.0 (207.5)
SAMEA5818825 = 461.0 (207.5)
SAMEA5818826 = 461.0 (207.5)
SAMEA5818828 = 461.0 (207.5)
SAMEA5818829 = 461.0 (207.5)
SAMEA5818830 = 461.0 (207.5)
SAMEA6637002 = 473.5 (220.0)
SAMEA6637004 = 494.5 (241.0)
SAMEA6651390 = 565.0 (311.5)
SAMEA7293135 = 371.0 (117.5)
SAMEA7293136 = 671.0 (417.5)
SAMEA7313236_38 = 253.5 (0.0)
SAMEA7313243_45 = 471.0 (217.5)
SAMEA7313246_49 = 471.0 (217.5)
SAMN00715800 = 672.0 (418.5)
  UCRelaxedClockModel: using 96 rate categories to approximate rate distribution across branches.
Filter 1-71
49 taxa
71 sites + 4289810 constant sites
75 patterns
  UCRelaxedClockModel: using 96 rate categories to approximate rate distribution across branches.
  Using BEAGLE version: 3.1.2 resource 0: CPU
    with instance flags:  PRECISION_DOUBLE COMPUTATION_SYNCH EIGEN_REAL SCALING_MANUAL SCALERS_RAW VECTOR_SSE THREADING_NONE PROCESSOR_CPU FRAMEWORK_CPU
Filter 72-142
49 taxa
71 sites
71 patterns
  UCRelaxedClockModel: using 96 rate categories to approximate rate distribution across branches.
  Using BEAGLE version: 3.1.2 resource 0: CPU
    with instance flags:  PRECISION_DOUBLE COMPUTATION_SYNCH EIGEN_REAL SCALING_MANUAL SCALERS_RAW VECTOR_SSE THREADING_NONE PROCESSOR_CPU FRAMEWORK_CPU
Filter 143-213
49 taxa
71 sites
71 patterns
  UCRelaxedClockModel: using 96 rate categories to approximate rate distribution across branches.
  Using BEAGLE version: 3.1.2 resource 0: CPU
    with instance flags:  PRECISION_DOUBLE COMPUTATION_SYNCH EIGEN_REAL SCALING_MANUAL SCALERS_RAW VECTOR_SSE THREADING_NONE PROCESSOR_CPU FRAMEWORK_CPU
Filter 214-284
49 taxa
71 sites
71 patterns
  UCRelaxedClockModel: using 96 rate categories to approximate rate distribution across branches.
  Using BEAGLE version: 3.1.2 resource 0: CPU
    with instance flags:  PRECISION_DOUBLE COMPUTATION_SYNCH EIGEN_REAL SCALING_MANUAL SCALERS_RAW VECTOR_SSE THREADING_NONE PROCESSOR_CPU FRAMEWORK_CPU
Filter 285-356
49 taxa
72 sites
71 patterns
  UCRelaxedClockModel: using 96 rate categories to approximate rate distribution across branches.
  Using BEAGLE version: 3.1.2 resource 0: CPU
    with instance flags:  PRECISION_DOUBLE COMPUTATION_SYNCH EIGEN_REAL SCALING_MANUAL SCALERS_RAW VECTOR_SSE THREADING_NONE PROCESSOR_CPU FRAMEWORK_CPU
===============================================================================
Citations for this model:

Bouckaert, Remco, Timothy G. Vaughan, Joëlle Barido-Sottani, Sebastián Duchêne, Mathieu Fourment, 
Alexandra Gavryushkina, Joseph Heled, Graham Jones, Denise Kühnert, Nicola De Maio, Michael Matschiner, 
Fábio K. Mendes, Nicola F. Müller, Huw A. Ogilvie, Louis du Plessis, Alex Popinga, Andrew Rambaut, 
David Rasmussen, Igor Siveroni, Marc A. Suchard, Chieh-Hsi Wu, Dong Xie, Chi Zhang, Tanja Stadler, 
Alexei J. Drummond 
  BEAST 2.5: An advanced software platform for Bayesian evolutionary analysis. 
  PLoS computational biology 15, no. 4 (2019): e1006650.

Drummond AJ, Ho SYW, Phillips MJ, Rambaut A (2006) Relaxed Phylogenetics and
  Dating with Confidence. PLoS Biol 4(5): e88

===============================================================================
Start likelihood: -1.9394068630075845E8 
Writing file beast.log
Writing file beast.trees
         Sample      posterior     likelihood          prior
              0 -1.939406863E8 -1.939403106E8      -375.6156 --
         100000  -5949355.0201  -5948872.8064      -482.2136 --
         200000  -5949103.8469  -5948600.5558      -503.2910 --
         300000  -5949017.8766  -5948496.3444      -521.5322 --
         400000  -5949009.7658  -5948511.0668      -498.6990 --
         500000  -5949024.5928  -5948479.9851      -544.6077 --
         600000  -5948828.4763  -5948297.3933      -531.0829 3m37s/Msamples
         700000  -5948837.8030  -5948282.3963      -555.4066 3m35s/Msamples
         800000  -5948787.9188  -5948274.3403      -513.5785 3m32s/Msamples
         900000  -5948795.7953  -5948283.4106      -512.3846 3m39s/Msamples
        1000000  -5948775.0466  -5948278.1328      -496.9137 3m44s/Msamples
        1100000  -5948768.5979  -5948285.1393      -483.4586 3m43s/Msamples
        1200000  -5948768.7054  -5948281.6422      -487.0632 3m43s/Msamples
        1300000  -5948794.3583  -5948288.3141      -506.0442 3m45s/Msamples
        1400000  -5948782.5936  -5948276.9307      -505.6628 3m47s/Msamples
        1500000  -5948788.8566  -5948285.6407      -503.2158 3m48s/Msamples
        1600000  -5948808.0113  -5948285.9073      -522.1039 3m48s/Msamples
        1700000  -5948793.1023  -5948282.0240      -511.0783 3m47s/Msamples
        1800000  -5948776.5656  -5948280.6247      -495.9408 3m47s/Msamples
        1900000  -5948801.1622  -5948275.0060      -526.1561 3m47s/Msamples
        2000000  -5948808.9234  -5948275.4962      -533.4272 3m45s/Msamples
        2100000  -5948790.2501  -5948280.2350      -510.0151 3m43s/Msamples
        2200000  -5948764.4772  -5948281.4096      -483.0676 3m42s/Msamples
        2300000  -5948781.0767  -5948276.0765      -505.0001 3m41s/Msamples
        2400000  -5948780.6670  -5948271.7958      -508.8712 3m40s/Msamples
        2500000  -5948756.6253  -5948286.7419      -469.8834 3m39s/Msamples
        2600000  -5948762.3904  -5948277.5734      -484.8170 3m39s/Msamples
        2700000  -5948769.9984  -5948280.2211      -489.7773 3m38s/Msamples
        2800000  -5948779.5394  -5948285.1866      -494.3528 3m37s/Msamples
        2900000  -5948789.5531  -5948282.6144      -506.9386 3m36s/Msamples
        3000000  -5948767.9593  -5948268.7285      -499.2308 3m36s/Msamples
        3100000  -5948790.5058  -5948288.3354      -502.1704 3m35s/Msamples
        3200000  -5948781.7969  -5948285.4442      -496.3527 3m35s/Msamples
        3300000  -5948779.5385  -5948276.6293      -502.9092 3m34s/Msamples
        3400000  -5948790.5794  -5948288.2205      -502.3588 3m34s/Msamples
        3500000  -5948755.2197  -5948266.5204      -488.6993 3m33s/Msamples
        3600000  -5948776.6292  -5948280.8766      -495.7526 3m33s/Msamples
        3700000  -5948783.1424  -5948278.1642      -504.9782 3m32s/Msamples
        3800000  -5948780.9903  -5948279.3482      -501.6420 3m32s/Msamples
        3900000  -5948802.5014  -5948290.5510      -511.9504 3m32s/Msamples
        4000000  -5948766.0973  -5948280.7498      -485.3474 3m32s/Msamples
        4100000  -5948742.3439  -5948266.6107      -475.7332 3m31s/Msamples
        4200000  -5948769.2209  -5948279.4248      -489.7961 3m31s/Msamples
        4300000  -5948774.2063  -5948277.3529      -496.8533 3m31s/Msamples
        4400000  -5948786.8716  -5948279.2323      -507.6393 3m31s/Msamples
        4500000  -5948780.3962  -5948275.2532      -505.1430 3m31s/Msamples
        4600000  -5948752.4943  -5948273.4678      -479.0264 3m30s/Msamples
        4700000  -5948804.8211  -5948295.3727      -509.4484 3m30s/Msamples
        4800000  -5948765.5181  -5948267.0727      -498.4454 3m30s/Msamples
        4900000  -5948764.6194  -5948289.5875      -475.0318 3m30s/Msamples
        5000000  -5948774.9391  -5948277.9481      -496.9910 3m30s/Msamples
        5100000  -5948782.0046  -5948285.3306      -496.6740 3m30s/Msamples
        5200000  -5948786.7058  -5948288.1985      -498.5073 3m30s/Msamples
        5300000  -5948777.3462  -5948293.6961      -483.6500 3m29s/Msamples
        5400000  -5948767.7899  -5948266.4408      -501.3490 3m29s/Msamples
        5500000  -5948772.6756  -5948281.4071      -491.2685 3m29s/Msamples
        5600000  -5948791.2257  -5948299.8529      -491.3727 3m29s/Msamples
        5700000  -5948775.6770  -5948276.1327      -499.5442 3m29s/Msamples
        5800000  -5948787.2825  -5948272.4787      -514.8038 3m29s/Msamples
        5900000  -5948779.6630  -5948284.5625      -495.1005 3m29s/Msamples
        6000000  -5948762.7812  -5948280.5942      -482.1870 3m28s/Msamples
        6100000  -5948761.1489  -5948283.0363      -478.1125 3m28s/Msamples
        6200000  -5948738.8745  -5948269.3757      -469.4988 3m28s/Msamples
        6300000  -5948775.5914  -5948283.8718      -491.7195 3m28s/Msamples
        6400000  -5948749.7871  -5948283.0977      -466.6894 3m28s/Msamples
        6500000  -5948771.4909  -5948284.7606      -486.7303 3m28s/Msamples
        6600000  -5948762.6188  -5948292.6763      -469.9425 3m28s/Msamples
        6700000  -5948770.0638  -5948299.4256      -470.6381 3m28s/Msamples
        6800000  -5948772.8388  -5948289.4428      -483.3959 3m28s/Msamples
        6900000  -5948765.5214  -5948281.4917      -484.0296 3m28s/Msamples
        7000000  -5948769.9692  -5948287.9219      -482.0472 3m27s/Msamples
        7100000  -5948768.1103  -5948290.9233      -477.1869 3m27s/Msamples
        7200000  -5948785.5114  -5948289.6609      -495.8505 3m27s/Msamples
        7300000  -5948758.0825  -5948296.5377      -461.5448 3m27s/Msamples
        7400000  -5948760.4565  -5948282.3939      -478.0626 3m27s/Msamples
        7500000  -5948770.5494  -5948289.2817      -481.2676 3m27s/Msamples
        7600000  -5948750.8760  -5948284.6534      -466.2226 3m27s/Msamples
        7700000  -5948744.2825  -5948290.0800      -454.2025 3m27s/Msamples
        7800000  -5948768.0804  -5948289.3709      -478.7094 3m27s/Msamples
        7900000  -5948775.9527  -5948288.9236      -487.0291 3m27s/Msamples
        8000000  -5948757.7702  -5948292.0383      -465.7319 3m27s/Msamples
        8100000  -5948758.9373  -5948293.7830      -465.1542 3m27s/Msamples
        8200000  -5948770.2940  -5948287.6088      -482.6851 3m27s/Msamples
        8300000  -5948801.7261  -5948302.2718      -499.4543 3m27s/Msamples
        8400000  -5948751.9269  -5948285.2895      -466.6373 3m26s/Msamples
        8500000  -5948783.9106  -5948286.9548      -496.9558 3m26s/Msamples
        8600000  -5948767.5609  -5948295.8594      -471.7014 3m26s/Msamples
        8700000  -5948760.2569  -5948281.6970      -478.5599 3m26s/Msamples
        8800000  -5948761.6541  -5948289.8715      -471.7826 3m26s/Msamples
        8900000  -5948746.4705  -5948281.0716      -465.3989 3m26s/Msamples
        9000000  -5948768.5305  -5948293.2563      -475.2742 3m26s/Msamples
        9100000  -5948784.4735  -5948294.4612      -490.0123 3m26s/Msamples
        9200000  -5948766.7213  -5948298.6427      -468.0785 3m26s/Msamples
        9300000  -5948753.6391  -5948280.2141      -473.4250 3m26s/Msamples
        9400000  -5948751.9414  -5948275.4510      -476.4903 3m26s/Msamples
        9500000  -5948782.3345  -5948292.3571      -489.9773 3m26s/Msamples
        9600000  -5948766.3157  -5948292.0136      -474.3021 3m26s/Msamples
        9700000  -5948750.4825  -5948281.3979      -469.0846 3m26s/Msamples
        9800000  -5948740.5555  -5948283.8015      -456.7540 3m26s/Msamples
        9900000  -5948744.1566  -5948285.8524      -458.3042 3m26s/Msamples
       10000000  -5948747.6346  -5948274.1185      -473.5160 3m26s/Msamples
       10100000  -5948782.2717  -5948290.8089      -491.4628 3m25s/Msamples
       10200000  -5948772.1486  -5948295.0037      -477.1449 3m25s/Msamples
       10300000  -5948782.5084  -5948300.7257      -481.7827 3m25s/Msamples
       10400000  -5948743.7480  -5948285.6657      -458.0822 3m25s/Msamples
       10500000  -5948759.7129  -5948290.6157      -469.0971 3m25s/Msamples
       10600000  -5948767.9713  -5948283.8189      -484.1524 3m25s/Msamples
       10700000  -5948783.6113  -5948294.3222      -489.2890 3m25s/Msamples
       10800000  -5948757.6078  -5948288.1757      -469.4321 3m25s/Msamples
       10900000  -5948774.0785  -5948276.9865      -497.0919 3m25s/Msamples
       11000000  -5948773.2294  -5948297.7476      -475.4818 3m25s/Msamples
       11100000  -5948777.3273  -5948303.3235      -474.0038 3m25s/Msamples
       11200000  -5948758.5550  -5948288.0474      -470.5076 3m25s/Msamples
       11300000  -5948756.4609  -5948279.0151      -477.4458 3m25s/Msamples
       11400000  -5948767.9623  -5948288.7295      -479.2328 3m25s/Msamples
       11500000  -5948764.7932  -5948288.1037      -476.6894 3m25s/Msamples
       11600000  -5948763.4035  -5948300.0266      -463.3769 3m25s/Msamples
       11700000  -5948789.9728  -5948301.3221      -488.6506 3m25s/Msamples
       11800000  -5948766.6163  -5948287.1770      -479.4392 3m25s/Msamples
       11900000  -5948756.6435  -5948292.1152      -464.5282 3m25s/Msamples
       12000000  -5948761.2365  -5948293.4435      -467.7930 3m25s/Msamples
       12100000  -5948749.9909  -5948276.1006      -473.8903 3m25s/Msamples
       12200000  -5948746.9869  -5948275.8504      -471.1365 3m25s/Msamples
       12300000  -5948777.0393  -5948295.4884      -481.5508 3m25s/Msamples
       12400000  -5948770.5642  -5948285.6405      -484.9236 3m25s/Msamples
       12500000  -5948756.8116  -5948291.7624      -465.0491 3m25s/Msamples
       12600000  -5948759.9750  -5948286.7495      -473.2255 3m25s/Msamples
       12700000  -5948758.2876  -5948289.1724      -469.1152 3m25s/Msamples
       12800000  -5948748.1186  -5948283.0413      -465.0772 3m25s/Msamples
       12900000  -5948757.6812  -5948279.6502      -478.0309 3m25s/Msamples
       13000000  -5948766.7730  -5948288.5056      -478.2673 3m25s/Msamples
       13100000  -5948792.2517  -5948296.7615      -495.4901 3m25s/Msamples
       13200000  -5948779.2932  -5948296.1510      -483.1421 3m25s/Msamples
       13300000  -5948768.6512  -5948289.6013      -479.0499 3m25s/Msamples
       13400000  -5948765.1529  -5948287.5836      -477.5692 3m25s/Msamples
       13500000  -5948749.7621  -5948285.2010      -464.5610 3m25s/Msamples
       13600000  -5948744.2764  -5948284.9397      -459.3367 3m25s/Msamples
       13700000  -5948751.3955  -5948285.8083      -465.5871 3m25s/Msamples
       13800000  -5948771.1492  -5948289.9431      -481.2060 3m25s/Msamples
       13900000  -5948765.5028  -5948281.6239      -483.8789 3m25s/Msamples
       14000000  -5948764.8857  -5948297.3705      -467.5152 3m25s/Msamples
       14100000  -5948760.4548  -5948289.0727      -471.3820 3m25s/Msamples
       14200000  -5948771.2306  -5948293.4037      -477.8268 3m25s/Msamples
       14300000  -5948754.1239  -5948279.0320      -475.0919 3m25s/Msamples
       14400000  -5948763.5775  -5948287.1678      -476.4097 3m25s/Msamples
       14500000  -5948797.1314  -5948303.7845      -493.3468 3m25s/Msamples
       14600000  -5948758.2991  -5948278.7502      -479.5489 3m24s/Msamples
       14700000  -5948758.8032  -5948281.9254      -476.8778 3m24s/Msamples
       14800000  -5948744.2760  -5948278.8935      -465.3825 3m24s/Msamples
       14900000  -5948744.8861  -5948282.5950      -462.2911 3m24s/Msamples
       15000000  -5948774.4827  -5948289.9003      -484.5823 3m24s/Msamples
       15100000  -5948750.9193  -5948285.3320      -465.5873 3m24s/Msamples
       15200000  -5948762.7172  -5948297.1278      -465.5894 3m24s/Msamples
       15300000  -5948743.7007  -5948289.5874      -454.1133 3m24s/Msamples
       15400000  -5948767.8577  -5948293.0748      -474.7828 3m24s/Msamples
       15500000  -5948746.3848  -5948278.3164      -468.0684 3m24s/Msamples
       15600000  -5948749.3570  -5948286.8736      -462.4834 3m24s/Msamples
       15700000  -5948725.9235  -5948286.4554      -439.4681 3m24s/Msamples
       15800000  -5948752.9515  -5948284.1964      -468.7550 3m24s/Msamples
       15900000  -5948772.9667  -5948297.4533      -475.5133 3m24s/Msamples
       16000000  -5948748.8207  -5948280.2654      -468.5553 3m24s/Msamples
       16100000  -5948773.9120  -5948286.8541      -487.0579 3m24s/Msamples
       16200000  -5948756.8993  -5948293.2424      -463.6569 3m24s/Msamples
       16300000  -5948765.5838  -5948279.2021      -486.3816 3m24s/Msamples
       16400000  -5948770.7660  -5948290.7248      -480.0411 3m24s/Msamples
       16500000  -5948758.2665  -5948285.0721      -473.1943 3m25s/Msamples
       16600000  -5948770.6595  -5948277.5381      -493.1214 3m25s/Msamples
       16700000  -5948771.8184  -5948281.8837      -489.9347 3m25s/Msamples
       16800000  -5948777.9449  -5948285.8443      -492.1006 3m25s/Msamples
       16900000  -5948787.4487  -5948290.5936      -496.8550 3m25s/Msamples
       17000000  -5948756.6114  -5948276.0130      -480.5983 3m25s/Msamples
       17100000  -5948772.4721  -5948284.7322      -487.7399 3m25s/Msamples
       17200000  -5948775.1318  -5948289.3600      -485.7718 3m25s/Msamples
       17300000  -5948760.8212  -5948284.2035      -476.6176 3m25s/Msamples
       17400000  -5948755.7698  -5948284.1301      -471.6396 3m25s/Msamples
       17500000  -5948750.9073  -5948289.7282      -461.1791 3m25s/Msamples
       17600000  -5948769.5102  -5948285.4290      -484.0811 3m25s/Msamples
       17700000  -5948774.4856  -5948289.8704      -484.6151 3m25s/Msamples
       17800000  -5948781.8867  -5948295.0441      -486.8426 3m25s/Msamples
       17900000  -5948769.3059  -5948286.3394      -482.9664 3m25s/Msamples
       18000000  -5948746.7517  -5948280.2294      -466.5222 3m26s/Msamples
       18100000  -5948760.1874  -5948297.1962      -462.9911 3m26s/Msamples
       18200000  -5948764.3106  -5948279.6592      -484.6513 3m26s/Msamples
       18300000  -5948769.1177  -5948292.2717      -476.8460 3m26s/Msamples
       18400000  -5948758.5406  -5948295.1208      -463.4198 3m26s/Msamples
       18500000  -5948773.7983  -5948285.1294      -488.6688 3m26s/Msamples
       18600000  -5948765.4292  -5948280.3478      -485.0813 3m26s/Msamples
       18700000  -5948760.2827  -5948288.2029      -472.0797 3m26s/Msamples
       18800000  -5948760.8160  -5948284.8861      -475.9298 3m26s/Msamples
       18900000  -5948758.8675  -5948281.6003      -477.2671 3m26s/Msamples
       19000000  -5948759.0812  -5948286.5819      -472.4992 3m26s/Msamples
       19100000  -5948764.5255  -5948298.5795      -465.9460 3m26s/Msamples
       19200000  -5948762.7771  -5948293.1539      -469.6231 3m26s/Msamples
       19300000  -5948768.9345  -5948279.5130      -489.4215 3m26s/Msamples
       19400000  -5948769.7076  -5948285.8022      -483.9054 3m26s/Msamples
       19500000  -5948771.3012  -5948292.7614      -478.5398 3m26s/Msamples
       19600000  -5948779.7777  -5948295.8245      -483.9532 3m26s/Msamples
       19700000  -5948767.7596  -5948285.4553      -482.3043 3m26s/Msamples
       19800000  -5948755.2582  -5948280.5949      -474.6633 3m26s/Msamples
       19900000  -5948764.5314  -5948283.9552      -480.5762 3m26s/Msamples
       20000000  -5948752.9094  -5948284.6884      -468.2209 3m26s/Msamples
       20100000  -5948764.7591  -5948293.2125      -471.5465 3m26s/Msamples
       20200000  -5948773.7387  -5948287.1244      -486.6143 3m26s/Msamples
       20300000  -5948761.7469  -5948292.4842      -469.2626 3m26s/Msamples
       20400000  -5948762.2763  -5948281.7527      -480.5235 3m26s/Msamples
       20500000  -5948758.1622  -5948286.3213      -471.8408 3m26s/Msamples
       20600000  -5948746.4118  -5948278.7949      -467.6168 3m26s/Msamples
       20700000  -5948751.6153  -5948291.8156      -459.7996 3m26s/Msamples
       20800000  -5948746.2650  -5948287.3095      -458.9555 3m26s/Msamples
       20900000  -5948750.8899  -5948276.9685      -473.9213 3m26s/Msamples
       21000000  -5948772.4727  -5948294.9752      -477.4974 3m26s/Msamples
       21100000  -5948772.9295  -5948287.1634      -485.7660 3m26s/Msamples
       21200000  -5948759.4424  -5948283.7535      -475.6889 3m26s/Msamples
       21300000  -5948788.7128  -5948296.5942      -492.1186 3m26s/Msamples
       21400000  -5948747.5209  -5948281.5836      -465.9372 3m26s/Msamples
       21500000  -5948770.4288  -5948290.6218      -479.8070 3m26s/Msamples
       21600000  -5948750.0014  -5948289.6034      -460.3980 3m26s/Msamples
       21700000  -5948736.2813  -5948281.8081      -454.4732 3m26s/Msamples
       21800000  -5948767.3722  -5948289.7032      -477.6689 3m26s/Msamples
       21900000  -5948757.7010  -5948282.5109      -475.1901 3m26s/Msamples
       22000000  -5948742.8722  -5948277.9655      -464.9067 3m26s/Msamples
       22100000  -5948769.0367  -5948295.3109      -473.7258 3m25s/Msamples
       22200000  -5948770.8266  -5948296.9017      -473.9249 3m25s/Msamples
       22300000  -5948779.0397  -5948283.8667      -495.1730 3m25s/Msamples
       22400000  -5948752.6870  -5948289.7784      -462.9086 3m25s/Msamples
       22500000  -5948744.0356  -5948282.7106      -461.3250 3m25s/Msamples
       22600000  -5948779.1404  -5948303.6840      -475.4564 3m25s/Msamples
       22700000  -5948762.7681  -5948291.1774      -471.5907 3m25s/Msamples
       22800000  -5948767.3039  -5948294.9129      -472.3910 3m25s/Msamples
       22900000  -5948761.4525  -5948287.2422      -474.2103 3m25s/Msamples
       23000000  -5948769.7622  -5948282.7511      -487.0110 3m25s/Msamples
       23100000  -5948770.5410  -5948290.8690      -479.6720 3m25s/Msamples
       23200000  -5948768.5009  -5948282.3471      -486.1537 3m25s/Msamples
       23300000  -5948763.7409  -5948295.1865      -468.5544 3m25s/Msamples
       23400000  -5948780.4289  -5948292.6806      -487.7482 3m25s/Msamples
       23500000  -5948765.1257  -5948280.7212      -484.4045 3m25s/Msamples
       23600000  -5948771.4013  -5948288.5642      -482.8371 3m25s/Msamples
       23700000  -5948764.8700  -5948279.0525      -485.8174 3m25s/Msamples
       23800000  -5948766.3938  -5948281.9901      -484.4037 3m25s/Msamples
       23900000  -5948756.0850  -5948282.0159      -474.0691 3m25s/Msamples
       24000000  -5948780.6602  -5948281.6028      -499.0573 3m25s/Msamples
       24100000  -5948772.1089  -5948296.0519      -476.0570 3m25s/Msamples
       24200000  -5948769.5566  -5948303.5251      -466.0315 3m25s/Msamples
       24300000  -5948769.5280  -5948288.8204      -480.7075 3m25s/Msamples
       24400000  -5948766.4703  -5948281.4420      -485.0282 3m25s/Msamples
       24500000  -5948784.9720  -5948278.7031      -506.2689 3m25s/Msamples
       24600000  -5948768.5899  -5948290.2508      -478.3391 3m25s/Msamples
       24700000  -5948784.3220  -5948299.9198      -484.4021 3m25s/Msamples
       24800000  -5948786.0279  -5948285.1532      -500.8746 3m25s/Msamples
       24900000  -5948753.8089  -5948274.8959      -478.9129 3m25s/Msamples
       25000000  -5948767.0818  -5948293.0610      -474.0208 3m25s/Msamples
       25100000  -5948763.9320  -5948289.2652      -474.6668 3m25s/Msamples
       25200000  -5948772.2247  -5948285.4231      -486.8015 3m25s/Msamples
       25300000  -5948759.7687  -5948286.6898      -473.0789 3m25s/Msamples
       25400000  -5948758.3526  -5948286.7535      -471.5990 3m25s/Msamples
       25500000  -5948789.4074  -5948284.6304      -504.7769 3m25s/Msamples
       25600000  -5948775.9314  -5948283.4199      -492.5115 3m25s/Msamples
       25700000  -5948783.9849  -5948289.1648      -494.8201 3m25s/Msamples
       25800000  -5948775.6329  -5948294.0622      -481.5706 3m25s/Msamples
       25900000  -5948771.1123  -5948298.6085      -472.5037 3m24s/Msamples
       26000000  -5948769.6938  -5948290.9811      -478.7126 3m24s/Msamples
       26100000  -5948781.0596  -5948299.4504      -481.6091 3m24s/Msamples
       26200000  -5948777.0086  -5948301.3437      -475.6648 3m24s/Msamples
       26300000  -5948755.0018  -5948285.4972      -469.5046 3m24s/Msamples
       26400000  -5948772.3196  -5948281.7248      -490.5947 3m24s/Msamples
       26500000  -5948758.9549  -5948284.9345      -474.0204 3m24s/Msamples
       26600000  -5948754.9243  -5948287.4326      -467.4916 3m24s/Msamples
       26700000  -5948776.2157  -5948290.8242      -485.3914 3m24s/Msamples
       26800000  -5948776.1064  -5948285.3741      -490.7322 3m24s/Msamples
       26900000  -5948785.1786  -5948293.8440      -491.3345 3m24s/Msamples
       27000000  -5948763.7573  -5948285.3780      -478.3792 3m24s/Msamples
       27100000  -5948767.7513  -5948285.6058      -482.1454 3m24s/Msamples
       27200000  -5948767.0877  -5948283.9481      -483.1396 3m24s/Msamples
       27300000  -5948773.7976  -5948289.2542      -484.5434 3m24s/Msamples
       27400000  -5948753.9400  -5948286.2814      -467.6585 3m24s/Msamples
       27500000  -5948764.3052  -5948278.5278      -485.7774 3m25s/Msamples
       27600000  -5948794.0338  -5948299.3522      -494.6815 3m25s/Msamples
       27700000  -5948755.4823  -5948277.3504      -478.1319 3m25s/Msamples
       27800000  -5948776.9739  -5948288.6098      -488.3641 3m25s/Msamples
       27900000  -5948754.8267  -5948280.7060      -474.1206 3m25s/Msamples
       28000000  -5948761.5595  -5948282.2059      -479.3536 3m25s/Msamples
       28100000  -5948753.5769  -5948285.2186      -468.3583 3m25s/Msamples
       28200000  -5948768.4279  -5948292.9225      -475.5054 3m25s/Msamples
       28300000  -5948779.3553  -5948287.6144      -491.7409 3m25s/Msamples
       28400000  -5948771.9610  -5948288.6459      -483.3150 3m25s/Msamples
       28500000  -5948764.1435  -5948294.7346      -469.4089 3m25s/Msamples
       28600000  -5948767.6818  -5948296.0747      -471.6070 3m25s/Msamples
       28700000  -5948774.8441  -5948285.2146      -489.6295 3m25s/Msamples
       28800000  -5948793.6137  -5948300.0806      -493.5330 3m25s/Msamples
       28900000  -5948757.5689  -5948278.9105      -478.6584 3m25s/Msamples
       29000000  -5948784.5014  -5948305.3254      -479.1759 3m25s/Msamples
       29100000  -5948786.0934  -5948286.4328      -499.6605 3m25s/Msamples
       29200000  -5948769.5118  -5948284.0330      -485.4788 3m25s/Msamples
       29300000  -5948782.9883  -5948299.2025      -483.7858 3m25s/Msamples
       29400000  -5948767.6780  -5948289.0235      -478.6545 3m25s/Msamples
       29500000  -5948746.2891  -5948289.0170      -457.2721 3m26s/Msamples
       29600000  -5948750.4134  -5948283.6187      -466.7947 3m26s/Msamples
       29700000  -5948769.9618  -5948296.0576      -473.9042 3m26s/Msamples
       29800000  -5948774.2671  -5948273.4717      -500.7953 3m26s/Msamples
       29900000  -5948782.2339  -5948298.6508      -483.5830 3m26s/Msamples
       30000000  -5948771.7180  -5948288.1227      -483.5952 3m26s/Msamples
       30100000  -5948753.4188  -5948279.7891      -473.6296 3m26s/Msamples
       30200000  -5948760.1853  -5948290.2125      -469.9727 3m26s/Msamples
       30300000  -5948761.3617  -5948288.7152      -472.6464 3m26s/Msamples
       30400000  -5948745.1303  -5948284.2568      -460.8735 3m26s/Msamples
       30500000  -5948737.5277  -5948286.4743      -451.0533 3m26s/Msamples
       30600000  -5948764.6931  -5948286.6774      -478.0156 3m26s/Msamples
       30700000  -5948765.0499  -5948285.1082      -479.9416 3m26s/Msamples
       30800000  -5948752.8916  -5948278.5092      -474.3824 3m26s/Msamples
       30900000  -5948778.1618  -5948300.3254      -477.8363 3m26s/Msamples
       31000000  -5948781.8178  -5948301.0813      -480.7365 3m26s/Msamples
       31100000  -5948749.3355  -5948285.2883      -464.0472 3m26s/Msamples
       31200000  -5948764.7508  -5948292.1411      -472.6097 3m26s/Msamples
       31300000  -5948745.3024  -5948277.1662      -468.1361 3m26s/Msamples
       31400000  -5948739.6499  -5948276.9614      -462.6885 3m26s/Msamples
       31500000  -5948764.7246  -5948301.2450      -463.4796 3m26s/Msamples
       31600000  -5948751.3187  -5948280.2421      -471.0766 3m26s/Msamples
       31700000  -5948751.9660  -5948286.3571      -465.6088 3m26s/Msamples
       31800000  -5948771.9691  -5948289.8983      -482.0708 3m26s/Msamples
       31900000  -5948787.9775  -5948297.2539      -490.7236 3m26s/Msamples
       32000000  -5948776.8897  -5948290.3210      -486.5687 3m26s/Msamples
       32100000  -5948761.2094  -5948289.7443      -471.4650 3m26s/Msamples
       32200000  -5948769.1666  -5948285.6468      -483.5197 3m26s/Msamples
       32300000  -5948758.6902  -5948288.1447      -470.5455 3m26s/Msamples
       32400000  -5948750.7405  -5948284.7848      -465.9556 3m26s/Msamples
       32500000  -5948754.8011  -5948290.6799      -464.1211 3m26s/Msamples
       32600000  -5948757.7647  -5948283.4532      -474.3115 3m26s/Msamples
       32700000  -5948772.5625  -5948282.4536      -490.1088 3m25s/Msamples
       32800000  -5948795.3098  -5948298.2765      -497.0332 3m25s/Msamples
       32900000  -5948759.3791  -5948281.1283      -478.2508 3m25s/Msamples
       33000000  -5948775.9638  -5948297.6995      -478.2642 3m25s/Msamples
       33100000  -5948763.6496  -5948288.9611      -474.6884 3m25s/Msamples
       33200000  -5948741.5719  -5948282.2920      -459.2798 3m25s/Msamples
       33300000  -5948770.8509  -5948290.1958      -480.6550 3m25s/Msamples
       33400000  -5948766.6503  -5948291.1300      -475.5202 3m26s/Msamples
       33500000  -5948770.5276  -5948283.7438      -486.7837 3m26s/Msamples
       33600000  -5948771.3098  -5948291.5935      -479.7163 3m26s/Msamples
       33700000  -5948775.0845  -5948298.0935      -476.9909 3m26s/Msamples
       33800000  -5948788.8185  -5948291.1160      -497.7024 3m26s/Msamples
       33900000  -5948786.5163  -5948307.5153      -479.0009 3m26s/Msamples
       34000000  -5948738.2424  -5948277.2682      -460.9742 3m26s/Msamples
       34100000  -5948795.4967  -5948306.3845      -489.1121 3m26s/Msamples
       34200000  -5948767.5696  -5948286.7774      -480.7921 3m26s/Msamples
       34300000  -5948749.7773  -5948294.9644      -454.8129 3m26s/Msamples
       34400000  -5948770.6451  -5948290.6657      -479.9794 3m26s/Msamples
       34500000  -5948769.4233  -5948284.6711      -484.7521 3m26s/Msamples
       34600000  -5948749.9204  -5948281.2647      -468.6557 3m26s/Msamples
       34700000  -5948766.4007  -5948304.2698      -462.1308 3m26s/Msamples
       34800000  -5948762.3585  -5948273.9400      -488.4185 3m26s/Msamples
       34900000  -5948733.4315  -5948271.2119      -462.2196 3m26s/Msamples
       35000000  -5948744.6680  -5948283.1755      -461.4924 3m26s/Msamples
       35100000  -5948736.6647  -5948280.6046      -456.0600 3m26s/Msamples
       35200000  -5948757.3942  -5948278.8101      -478.5840 3m26s/Msamples
       35300000  -5948777.4383  -5948278.5005      -498.9378 3m26s/Msamples
       35400000  -5948810.8772  -5948298.0336      -512.8436 3m26s/Msamples
       35500000  -5948770.6732  -5948292.0052      -478.6680 3m26s/Msamples
       35600000  -5948768.5742  -5948287.2429      -481.3312 3m26s/Msamples
       35700000  -5948761.1703  -5948284.7058      -476.4645 3m26s/Msamples
       35800000  -5948753.6990  -5948288.1506      -465.5484 3m26s/Msamples
       35900000  -5948770.5921  -5948277.5812      -493.0108 3m26s/Msamples
       36000000  -5948784.4666  -5948285.7012      -498.7653 3m26s/Msamples
       36100000  -5948757.6489  -5948275.0082      -482.6406 3m26s/Msamples
       36200000  -5948764.2255  -5948283.3452      -480.8802 3m26s/Msamples
       36300000  -5948762.9564  -5948293.2908      -469.6655 3m26s/Msamples
       36400000  -5948771.4555  -5948280.7192      -490.7363 3m26s/Msamples
       36500000  -5948766.0560  -5948283.7147      -482.3412 3m26s/Msamples
       36600000  -5948792.4151  -5948293.2093      -499.2058 3m26s/Msamples
       36700000  -5948760.1712  -5948276.1217      -484.0494 3m26s/Msamples
       36800000  -5948751.9149  -5948281.2980      -470.6169 3m26s/Msamples
       36900000  -5948763.9047  -5948292.1450      -471.7597 3m26s/Msamples
       37000000  -5948765.3013  -5948293.2430      -472.0582 3m26s/Msamples
       37100000  -5948776.7283  -5948287.3504      -489.3779 3m26s/Msamples
       37200000  -5948760.2789  -5948287.9173      -472.3615 3m26s/Msamples
       37300000  -5948780.1237  -5948287.6179      -492.5058 3m26s/Msamples
       37400000  -5948790.6459  -5948289.4901      -501.1557 3m26s/Msamples
       37500000  -5948765.3172  -5948278.2866      -487.0305 3m26s/Msamples
       37600000  -5948773.9568  -5948293.1949      -480.7619 3m26s/Msamples
       37700000  -5948768.1607  -5948291.6419      -476.5188 3m26s/Msamples
       37800000  -5948770.5429  -5948281.2599      -489.2830 3m26s/Msamples
       37900000  -5948773.0463  -5948290.5273      -482.5189 3m26s/Msamples
       38000000  -5948783.0890  -5948289.1202      -493.9688 3m26s/Msamples
       38100000  -5948782.3952  -5948292.6910      -489.7041 3m26s/Msamples
       38200000  -5948780.4738  -5948285.1214      -495.3523 3m25s/Msamples
       38300000  -5948747.7641  -5948286.0411      -461.7230 3m25s/Msamples
       38400000  -5948761.6834  -5948295.4284      -466.2549 3m25s/Msamples
       38500000  -5948772.2968  -5948293.2306      -479.0662 3m25s/Msamples
       38600000  -5948768.0113  -5948289.2244      -478.7869 3m25s/Msamples
       38700000  -5948784.0681  -5948294.9887      -489.0794 3m25s/Msamples
       38800000  -5948758.4507  -5948287.6976      -470.7530 3m25s/Msamples
       38900000  -5948754.2432  -5948283.8177      -470.4254 3m25s/Msamples
       39000000  -5948771.1620  -5948290.9009      -480.2610 3m25s/Msamples
       39100000  -5948780.8938  -5948293.8496      -487.0441 3m25s/Msamples
       39200000  -5948783.2960  -5948301.5635      -481.7325 3m25s/Msamples
       39300000  -5948761.9242  -5948287.2726      -474.6516 3m25s/Msamples
       39400000  -5948785.4617  -5948285.1172      -500.3444 3m25s/Msamples
       39500000  -5948774.1788  -5948296.7937      -477.3851 3m25s/Msamples
       39600000  -5948770.5539  -5948284.3669      -486.1869 3m25s/Msamples
       39700000  -5948774.2510  -5948291.4295      -482.8214 3m25s/Msamples
       39800000  -5948765.4625  -5948278.5479      -486.9146 3m25s/Msamples
       39900000  -5948763.6994  -5948289.4326      -474.2667 3m25s/Msamples
       40000000  -5948759.8475  -5948283.4643      -476.3831 3m25s/Msamples
       40100000  -5948754.6456  -5948279.3541      -475.2915 3m25s/Msamples
       40200000  -5948775.4126  -5948292.8651      -482.5474 3m25s/Msamples
       40300000  -5948770.0155  -5948300.0005      -470.0149 3m25s/Msamples
       40400000  -5948776.6614  -5948285.9831      -490.6783 3m25s/Msamples
       40500000  -5948760.9305  -5948281.8973      -479.0331 3m25s/Msamples
       40600000  -5948778.3607  -5948289.9804      -488.3803 3m25s/Msamples
       40700000  -5948766.0577  -5948298.3041      -467.7536 3m25s/Msamples
       40800000  -5948747.0492  -5948288.4919      -458.5573 3m25s/Msamples
       40900000  -5948752.1558  -5948293.3880      -458.7678 3m25s/Msamples
       41000000  -5948740.6404  -5948280.5072      -460.1332 3m25s/Msamples
       41100000  -5948769.8429  -5948291.3769      -478.4659 3m25s/Msamples
       41200000  -5948775.3867  -5948295.3824      -480.0043 3m25s/Msamples
       41300000  -5948780.6566  -5948284.8980      -495.7585 3m25s/Msamples
       41400000  -5948773.1817  -5948289.8665      -483.3152 3m25s/Msamples
       41500000  -5948760.2200  -5948279.3250      -480.8950 3m25s/Msamples
       41600000  -5948780.2681  -5948284.5982      -495.6698 3m25s/Msamples
       41700000  -5948759.3637  -5948291.0038      -468.3598 3m24s/Msamples
       41800000  -5948785.7136  -5948284.4423      -501.2713 3m24s/Msamples
       41900000  -5948785.2904  -5948289.4984      -495.7919 3m24s/Msamples
       42000000  -5948759.4938  -5948282.6220      -476.8718 3m24s/Msamples
       42100000  -5948781.8991  -5948285.2871      -496.6119 3m24s/Msamples
       42200000  -5948771.5620  -5948278.2270      -493.3349 3m24s/Msamples
       42300000  -5948759.2021  -5948284.9240      -474.2780 3m24s/Msamples
       42400000  -5948770.2731  -5948290.6185      -479.6545 3m24s/Msamples
       42500000  -5948788.5311  -5948297.1937      -491.3373 3m24s/Msamples
       42600000  -5948764.8755  -5948292.2190      -472.6564 3m24s/Msamples
       42700000  -5948777.5264  -5948301.4444      -476.0820 3m24s/Msamples
       42800000  -5948769.4131  -5948287.1397      -482.2734 3m24s/Msamples
       42900000  -5948743.0382  -5948285.9860      -457.0521 3m24s/Msamples
       43000000  -5948764.0529  -5948288.4541      -475.5988 3m24s/Msamples
       43100000  -5948753.1729  -5948276.1893      -476.9836 3m24s/Msamples
       43200000  -5948781.9719  -5948289.3191      -492.6528 3m24s/Msamples
       43300000  -5948767.1761  -5948294.6173      -472.5588 3m24s/Msamples
       43400000  -5948779.5617  -5948293.1613      -486.4003 3m24s/Msamples
       43500000  -5948763.5960  -5948285.1358      -478.4601 3m24s/Msamples
       43600000  -5948790.2367  -5948293.5906      -496.6460 3m24s/Msamples
       43700000  -5948772.0313  -5948285.6851      -486.3462 3m24s/Msamples
       43800000  -5948773.7202  -5948292.2419      -481.4783 3m24s/Msamples
       43900000  -5948779.4252  -5948289.2735      -490.1516 3m24s/Msamples
       44000000  -5948767.0892  -5948283.1216      -483.9675 3m24s/Msamples
       44100000  -5948766.7585  -5948285.0614      -481.6971 3m24s/Msamples
       44200000  -5948772.8051  -5948288.0468      -484.7583 3m24s/Msamples
       44300000  -5948764.3065  -5948286.1397      -478.1668 3m24s/Msamples
       44400000  -5948762.5237  -5948296.9886      -465.5351 3m24s/Msamples
       44500000  -5948754.4396  -5948286.7503      -467.6893 3m24s/Msamples
       44600000  -5948750.3227  -5948277.2610      -473.0616 3m24s/Msamples
       44700000  -5948768.8831  -5948294.3570      -474.5261 3m24s/Msamples
       44800000  -5948769.6867  -5948280.6913      -488.9954 3m24s/Msamples
       44900000  -5948765.9307  -5948285.2569      -480.6737 3m24s/Msamples
       45000000  -5948778.4321  -5948298.2245      -480.2076 3m24s/Msamples
       45100000  -5948763.4523  -5948290.6959      -472.7563 3m24s/Msamples
       45200000  -5948767.0783  -5948289.5989      -477.4793 3m24s/Msamples
       45300000  -5948763.6112  -5948287.5982      -476.0130 3m24s/Msamples
       45400000  -5948777.9628  -5948304.4679      -473.4949 3m23s/Msamples
       45500000  -5948761.7968  -5948282.0359      -479.7608 3m23s/Msamples
       45600000  -5948776.3938  -5948289.4473      -486.9464 3m23s/Msamples
       45700000  -5948761.1517  -5948289.4182      -471.7335 3m23s/Msamples
       45800000  -5948782.0019  -5948286.0686      -495.9333 3m23s/Msamples
       45900000  -5948779.4576  -5948289.4522      -490.0054 3m23s/Msamples
       46000000  -5948753.7605  -5948287.2031      -466.5573 3m23s/Msamples
       46100000  -5948771.7396  -5948295.0623      -476.6773 3m23s/Msamples
       46200000  -5948759.6342  -5948291.4500      -468.1841 3m23s/Msamples
       46300000  -5948781.0280  -5948298.1138      -482.9141 3m23s/Msamples
       46400000  -5948755.4862  -5948277.3556      -478.1305 3m23s/Msamples
       46500000  -5948757.9894  -5948277.0812      -480.9082 3m23s/Msamples
       46600000  -5948773.3007  -5948282.3523      -490.9483 3m23s/Msamples
       46700000  -5948747.2408  -5948290.1032      -457.1376 3m23s/Msamples
       46800000  -5948750.2663  -5948281.7195      -468.5467 3m23s/Msamples
       46900000  -5948749.8529  -5948291.1602      -458.6927 3m23s/Msamples
       47000000  -5948754.7714  -5948289.4861      -465.2853 3m23s/Msamples
       47100000  -5948770.9686  -5948298.0812      -472.8873 3m23s/Msamples
       47200000  -5948753.9846  -5948280.9604      -473.0241 3m23s/Msamples
       47300000  -5948747.6372  -5948275.3513      -472.2859 3m23s/Msamples
       47400000  -5948756.0203  -5948279.8194      -476.2009 3m23s/Msamples
       47500000  -5948775.3107  -5948286.8338      -488.4769 3m23s/Msamples
       47600000  -5948781.8804  -5948296.3168      -485.5636 3m23s/Msamples
       47700000  -5948758.1548  -5948289.5080      -468.6467 3m23s/Msamples
       47800000  -5948776.5330  -5948299.3342      -477.1988 3m23s/Msamples
       47900000  -5948761.6869  -5948287.5715      -474.1154 3m23s/Msamples
       48000000  -5948771.2184  -5948279.9895      -491.2289 3m23s/Msamples
       48100000  -5948767.1986  -5948284.1073      -483.0913 3m23s/Msamples
       48200000  -5948734.4298  -5948279.7042      -454.7255 3m23s/Msamples
       48300000  -5948766.5758  -5948296.0473      -470.5284 3m23s/Msamples
       48400000  -5948798.6570  -5948305.0221      -493.6348 3m23s/Msamples
       48500000  -5948767.5856  -5948291.8085      -475.7770 3m23s/Msamples
       48600000  -5948753.8479  -5948282.8322      -471.0157 3m23s/Msamples
       48700000  -5948763.2745  -5948296.2110      -467.0635 3m23s/Msamples
       48800000  -5948759.6035  -5948284.6664      -474.9371 3m23s/Msamples
       48900000  -5948749.6770  -5948281.2981      -468.3788 3m23s/Msamples
       49000000  -5948769.0537  -5948282.1146      -486.9391 3m23s/Msamples
       49100000  -5948774.3714  -5948288.8178      -485.5535 3m23s/Msamples
       49200000  -5948755.4978  -5948277.3715      -478.1262 3m23s/Msamples
       49300000  -5948738.1383  -5948277.8643      -460.2740 3m23s/Msamples
       49400000  -5948759.5209  -5948283.1170      -476.4038 3m23s/Msamples
       49500000  -5948771.3473  -5948287.2787      -484.0685 3m23s/Msamples
       49600000  -5948755.2056  -5948283.6888      -471.5167 3m23s/Msamples
       49700000  -5948761.1020  -5948290.3665      -470.7355 3m23s/Msamples
       49800000  -5948762.8196  -5948283.4516      -479.3680 3m23s/Msamples
       49900000  -5948768.7608  -5948287.1528      -481.6079 3m23s/Msamples
       50000000  -5948780.8075  -5948292.4834      -488.3240 3m25s/Msamples
       50100000  -5948772.4267  -5948295.6733      -476.7533 3m26s/Msamples
       50200000  -5948756.5218  -5948284.9470      -471.5747 3m27s/Msamples
       50300000  -5948766.6209  -5948283.8648      -482.7560 3m27s/Msamples
       50400000  -5948776.8082  -5948297.6477      -479.1605 3m27s/Msamples
       50500000  -5948772.4721  -5948298.5345      -473.9375 3m27s/Msamples
       50600000  -5948785.4445  -5948294.2725      -491.1719 3m27s/Msamples
       50700000  -5948785.3817  -5948296.3111      -489.0705 3m27s/Msamples
       50800000  -5948771.5143  -5948296.0747      -475.4396 3m27s/Msamples
       50900000  -5948765.1150  -5948284.6821      -480.4329 3m27s/Msamples
       51000000  -5948759.8463  -5948284.4337      -475.4125 3m27s/Msamples
       51100000  -5948767.9731  -5948288.5588      -479.4143 3m27s/Msamples
       51200000  -5948776.4574  -5948295.8368      -480.6205 3m27s/Msamples
       51300000  -5948780.7188  -5948286.4195      -494.2993 3m27s/Msamples
       51400000  -5948744.8787  -5948289.2098      -455.6689 3m26s/Msamples
       51500000  -5948758.3911  -5948292.7604      -465.6307 3m26s/Msamples
       51600000  -5948762.3561  -5948291.9145      -470.4415 3m26s/Msamples
       51700000  -5948751.6760  -5948284.0254      -467.6505 3m26s/Msamples
       51800000  -5948752.2174  -5948280.2931      -471.9242 3m26s/Msamples
       51900000  -5948754.4136  -5948279.3235      -475.0901 3m26s/Msamples
       52000000  -5948768.5364  -5948283.6622      -484.8742 3m26s/Msamples
       52100000  -5948781.0644  -5948291.8436      -489.2208 3m26s/Msamples
       52200000  -5948745.3454  -5948291.2305      -454.1148 3m26s/Msamples
       52300000  -5948786.2891  -5948286.0888      -500.2003 3m26s/Msamples
       52400000  -5948775.5708  -5948288.1147      -487.4560 3m26s/Msamples
       52500000  -5948776.2151  -5948293.2613      -482.9537 3m26s/Msamples
       52600000  -5948782.5193  -5948287.7939      -494.7253 3m26s/Msamples
       52700000  -5948787.2761  -5948295.5472      -491.7289 3m26s/Msamples
       52800000  -5948765.2476  -5948298.0473      -467.2002 3m26s/Msamples
       52900000  -5948752.3440  -5948276.4457      -475.8983 3m26s/Msamples
       53000000  -5948769.4040  -5948292.2956      -477.1084 3m26s/Msamples
       53100000  -5948750.6573  -5948288.4657      -462.1915 3m26s/Msamples
       53200000  -5948753.0630  -5948277.9172      -475.1457 3m26s/Msamples
       53300000  -5948766.4429  -5948296.3881      -470.0548 3m26s/Msamples
       53400000  -5948782.0076  -5948295.9304      -486.0771 3m26s/Msamples
       53500000  -5948778.2047  -5948283.0211      -495.1836 3m26s/Msamples
       53600000  -5948776.7397  -5948283.2968      -493.4428 3m26s/Msamples
       53700000  -5948756.8978  -5948285.1918      -471.7060 3m26s/Msamples
       53800000  -5948786.3555  -5948303.1537      -483.2017 3m26s/Msamples
       53900000  -5948768.2601  -5948281.7171      -486.5430 3m26s/Msamples
       54000000  -5948746.9433  -5948282.8011      -464.1422 3m26s/Msamples
       54100000  -5948782.9361  -5948305.5961      -477.3399 3m26s/Msamples
       54200000  -5948758.1445  -5948292.1560      -465.9884 3m26s/Msamples
       54300000  -5948763.9701  -5948282.5513      -481.4188 3m26s/Msamples
       54400000  -5948749.0503  -5948283.5470      -465.5033 3m26s/Msamples
       54500000  -5948762.8048  -5948284.0830      -478.7217 3m26s/Msamples
       54600000  -5948778.2672  -5948290.4357      -487.8314 3m26s/Msamples
       54700000  -5948783.3604  -5948296.2077      -487.1527 3m25s/Msamples
       54800000  -5948767.1282  -5948298.0201      -469.1080 3m25s/Msamples
       54900000  -5948752.4261  -5948290.4515      -461.9746 3m25s/Msamples
       55000000  -5948767.4653  -5948286.9449      -480.5204 3m25s/Msamples
       55100000  -5948754.6401  -5948288.5016      -466.1384 3m25s/Msamples
       55200000  -5948765.5808  -5948289.6998      -475.8809 3m25s/Msamples
       55300000  -5948782.1297  -5948301.4511      -480.6786 3m25s/Msamples
       55400000  -5948764.3319  -5948273.9869      -490.3449 3m25s/Msamples
       55500000  -5948767.7608  -5948286.7261      -481.0347 3m25s/Msamples
       55600000  -5948786.8531  -5948291.6273      -495.2257 3m25s/Msamples
       55700000  -5948763.1119  -5948283.0800      -480.0318 3m25s/Msamples
       55800000  -5948761.5511  -5948295.3225      -466.2285 3m25s/Msamples
       55900000  -5948749.7528  -5948290.3218      -459.4309 3m25s/Msamples
       56000000  -5948753.5972  -5948283.1114      -470.4857 3m25s/Msamples
       56100000  -5948770.1087  -5948283.9395      -486.1691 3m25s/Msamples
       56200000  -5948773.2909  -5948284.5399      -488.7509 3m25s/Msamples
       56300000  -5948761.2533  -5948285.1433      -476.1099 3m25s/Msamples
       56400000  -5948779.3270  -5948300.4151      -478.9118 3m25s/Msamples
       56500000  -5948764.4429  -5948285.0079      -479.4350 3m25s/Msamples
       56600000  -5948776.2662  -5948292.1707      -484.0954 3m25s/Msamples
       56700000  -5948782.0386  -5948291.2290      -490.8095 3m25s/Msamples
       56800000  -5948758.4962  -5948283.1800      -475.3162 3m25s/Msamples
       56900000  -5948742.4266  -5948285.6157      -456.8109 3m25s/Msamples
       57000000  -5948745.7864  -5948284.2305      -461.5558 3m25s/Msamples
       57100000  -5948764.6772  -5948282.9396      -481.7376 3m25s/Msamples
       57200000  -5948760.5653  -5948282.4263      -478.1389 3m25s/Msamples
       57300000  -5948781.9265  -5948306.1677      -475.7587 3m25s/Msamples
       57400000  -5948763.1260  -5948288.8812      -474.2447 3m25s/Msamples
       57500000  -5948782.8264  -5948291.7376      -491.0888 3m25s/Msamples
       57600000  -5948772.6959  -5948287.4175      -485.2784 3m25s/Msamples
       57700000  -5948768.7841  -5948292.4344      -476.3496 3m25s/Msamples
       57800000  -5948778.5935  -5948289.1549      -489.4385 3m25s/Msamples
       57900000  -5948772.3097  -5948282.7373      -489.5724 3m25s/Msamples
       58000000  -5948770.8894  -5948290.1261      -480.7632 3m25s/Msamples
       58100000  -5948793.8591  -5948293.9564      -499.9026 3m25s/Msamples
       58200000  -5948760.0950  -5948284.1758      -475.9192 3m25s/Msamples
       58300000  -5948768.2051  -5948286.0295      -482.1755 3m25s/Msamples
       58400000  -5948770.8380  -5948275.4393      -495.3986 3m25s/Msamples
       58500000  -5948774.5214  -5948286.3538      -488.1676 3m24s/Msamples
       58600000  -5948765.6137  -5948273.4379      -492.1757 3m24s/Msamples
       58700000  -5948759.7668  -5948287.1057      -472.6611 3m24s/Msamples
       58800000  -5948772.9127  -5948281.5628      -491.3498 3m24s/Msamples
       58900000  -5948764.2615  -5948288.7891      -475.4723 3m24s/Msamples
       59000000  -5948776.1756  -5948289.5453      -486.6303 3m24s/Msamples
       59100000  -5948761.1069  -5948283.0975      -478.0094 3m24s/Msamples
       59200000  -5948755.7452  -5948283.5516      -472.1936 3m24s/Msamples
       59300000  -5948776.9776  -5948282.9803      -493.9972 3m24s/Msamples
       59400000  -5948761.2302  -5948288.2753      -472.9548 3m24s/Msamples
       59500000  -5948755.8265  -5948284.4248      -471.4016 3m24s/Msamples
       59600000  -5948753.4180  -5948291.7280      -461.6900 3m24s/Msamples
       59700000  -5948747.3217  -5948294.6483      -452.6733 3m24s/Msamples
       59800000  -5948776.6959  -5948295.3008      -481.3951 3m24s/Msamples
       59900000  -5948755.6073  -5948284.9823      -470.6250 3m24s/Msamples
       60000000  -5948754.8154  -5948279.4282      -475.3871 3m24s/Msamples
       60100000  -5948776.9195  -5948286.6624      -490.2570 3m24s/Msamples
       60200000  -5948773.5013  -5948291.3073      -482.1939 3m24s/Msamples
       60300000  -5948772.6625  -5948308.3803      -464.2821 3m24s/Msamples
       60400000  -5948757.5566  -5948285.3853      -472.1712 3m24s/Msamples
       60500000  -5948760.8212  -5948285.9122      -474.9090 3m24s/Msamples
       60600000  -5948755.0775  -5948287.4418      -467.6357 3m24s/Msamples
       60700000  -5948737.0027  -5948285.7171      -451.2856 3m24s/Msamples
       60800000  -5948777.0823  -5948303.3581      -473.7242 3m24s/Msamples
       60900000  -5948780.6164  -5948288.9094      -491.7070 3m25s/Msamples
       61000000  -5948750.3593  -5948279.1362      -471.2231 3m25s/Msamples
       61100000  -5948792.4811  -5948290.7348      -501.7462 3m25s/Msamples
       61200000  -5948779.7774  -5948291.7045      -488.0729 3m25s/Msamples
       61300000  -5948765.0953  -5948283.9361      -481.1591 3m25s/Msamples
       61400000  -5948760.1319  -5948288.6718      -471.4601 3m25s/Msamples
       61500000  -5948758.3326  -5948282.6962      -475.6364 3m26s/Msamples
       61600000  -5948771.3216  -5948288.6595      -482.6620 3m26s/Msamples
       61700000  -5948764.0309  -5948291.4791      -472.5517 3m26s/Msamples
       61800000  -5948753.6678  -5948287.1072      -466.5606 3m26s/Msamples
       61900000  -5948746.3443  -5948274.5293      -471.8150 3m26s/Msamples
       62000000  -5948765.9725  -5948288.8946      -477.0779 3m26s/Msamples
       62100000  -5948756.6578  -5948276.0443      -480.6134 3m27s/Msamples
       62200000  -5948784.1475  -5948286.4257      -497.7217 3m27s/Msamples
       62300000  -5948771.4786  -5948276.5014      -494.9772 3m27s/Msamples
       62400000  -5948773.8588  -5948290.6929      -483.1658 3m27s/Msamples
       62500000  -5948782.4419  -5948292.5145      -489.9274 3m27s/Msamples
       62600000  -5948771.1376  -5948281.6291      -489.5084 3m27s/Msamples
       62700000  -5948805.1037  -5948314.7700      -490.3337 3m27s/Msamples
       62800000  -5948780.2859  -5948294.4383      -485.8475 3m27s/Msamples
       62900000  -5948784.2997  -5948300.9105      -483.3892 3m27s/Msamples
       63000000  -5948767.3234  -5948285.0243      -482.2990 3m28s/Msamples
       63100000  -5948758.2572  -5948284.5173      -473.7398 3m28s/Msamples
       63200000  -5948763.5100  -5948291.8058      -471.7041 3m28s/Msamples
       63300000  -5948778.2097  -5948290.1628      -488.0468 3m28s/Msamples
       63400000  -5948796.4451  -5948304.7075      -491.7375 3m28s/Msamples
       63500000  -5948773.5459  -5948281.2282      -492.3177 3m28s/Msamples
       63600000  -5948780.6257  -5948288.2422      -492.3835 3m28s/Msamples
       63700000  -5948742.2765  -5948287.1673      -455.1091 3m29s/Msamples
       63800000  -5948753.7165  -5948288.2262      -465.4902 3m29s/Msamples
       63900000  -5948758.8412  -5948288.9094      -469.9317 3m29s/Msamples
       64000000  -5948781.2362  -5948286.6270      -494.6092 3m29s/Msamples
       64100000  -5948768.8811  -5948297.4414      -471.4397 3m29s/Msamples
       64200000  -5948763.6313  -5948287.0632      -476.5681 3m29s/Msamples
       64300000  -5948781.2107  -5948297.9930      -483.2176 3m29s/Msamples
       64400000  -5948775.3502  -5948297.5324      -477.8178 3m29s/Msamples
       64500000  -5948782.9315  -5948295.3669      -487.5645 3m29s/Msamples
       64600000  -5948770.2514  -5948279.0359      -491.2155 3m29s/Msamples
       64700000  -5948790.0830  -5948298.4760      -491.6070 3m29s/Msamples
       64800000  -5948766.5014  -5948280.3646      -486.1368 3m29s/Msamples
       64900000  -5948744.1180  -5948278.7709      -465.3470 3m29s/Msamples
       65000000  -5948732.7194  -5948287.5108      -445.2085 3m29s/Msamples
       65100000  -5948757.3827  -5948284.9801      -472.4025 3m29s/Msamples
       65200000  -5948783.1294  -5948291.2665      -491.8629 3m29s/Msamples
       65300000  -5948742.1712  -5948281.1009      -461.0702 3m30s/Msamples
       65400000  -5948749.7832  -5948280.6097      -469.1735 3m30s/Msamples
       65500000  -5948746.1987  -5948278.3920      -467.8067 3m30s/Msamples
       65600000  -5948735.0916  -5948274.5604      -460.5312 3m31s/Msamples
       65700000  -5948755.5200  -5948295.3785      -460.1415 3m31s/Msamples
       65800000  -5948770.4372  -5948280.5104      -489.9268 3m31s/Msamples
       65900000  -5948769.2146  -5948290.6664      -478.5481 3m31s/Msamples
       66000000  -5948755.9490  -5948273.4701      -482.4788 3m31s/Msamples
       66100000  -5948777.1430  -5948296.1261      -481.0168 3m31s/Msamples
       66200000  -5948767.6656  -5948287.6649      -480.0006 3m31s/Msamples
       66300000  -5948775.9914  -5948292.5117      -483.4796 3m32s/Msamples
       66400000  -5948757.9850  -5948287.8837      -470.1013 3m32s/Msamples
       66500000  -5948751.2715  -5948284.4007      -466.8708 3m32s/Msamples
       66600000  -5948782.2688  -5948289.8798      -492.3889 3m32s/Msamples
       66700000  -5948766.7076  -5948296.2336      -470.4740 3m32s/Msamples
       66800000  -5948762.7979  -5948278.9217      -483.8762 3m33s/Msamples
       66900000  -5948803.0858  -5948300.3334      -502.7523 3m33s/Msamples
       67000000  -5948782.3537  -5948297.6826      -484.6710 3m33s/Msamples
       67100000  -5948771.2893  -5948287.8011      -483.4881 3m33s/Msamples
       67200000  -5948766.5506  -5948289.3951      -477.1555 3m33s/Msamples
       67300000  -5948761.3399  -5948282.6311      -478.7088 3m33s/Msamples
       67400000  -5948760.8831  -5948292.8223      -468.0608 3m34s/Msamples
       67500000  -5948754.6648  -5948274.2672      -480.3976 3m34s/Msamples
       67600000  -5948774.7060  -5948293.4035      -481.3025 3m34s/Msamples
       67700000  -5948767.2975  -5948286.1449      -481.1526 3m34s/Msamples
       67800000  -5948789.0949  -5948308.2863      -480.8086 3m34s/Msamples
       67900000  -5948763.5598  -5948281.3394      -482.2203 3m34s/Msamples
       68000000  -5948772.5063  -5948291.4387      -481.0675 3m34s/Msamples
       68100000  -5948761.7831  -5948277.5848      -484.1982 3m35s/Msamples
       68200000  -5948765.6639  -5948293.2256      -472.4383 3m35s/Msamples
       68300000  -5948761.5156  -5948283.7317      -477.7838 3m35s/Msamples
       68400000  -5948779.2835  -5948292.9991      -486.2843 3m35s/Msamples
       68500000  -5948773.8300  -5948295.2758      -478.5541 3m35s/Msamples
       68600000  -5948773.7639  -5948290.6343      -483.1295 3m35s/Msamples
       68700000  -5948785.6022  -5948298.5153      -487.0868 3m35s/Msamples
       68800000  -5948735.6601  -5948275.6300      -460.0301 3m36s/Msamples
       68900000  -5948774.4159  -5948296.2705      -478.1454 3m36s/Msamples
       69000000  -5948763.9072  -5948285.8317      -478.0755 3m36s/Msamples
       69100000  -5948766.8641  -5948282.7978      -484.0662 3m36s/Msamples
       69200000  -5948780.5258  -5948293.1949      -487.3308 3m37s/Msamples
       69300000  -5948774.2182  -5948292.3093      -481.9089 3m37s/Msamples
       69400000  -5948754.0876  -5948275.6629      -478.4247 3m37s/Msamples
       69500000  -5948773.2820  -5948292.6419      -480.6401 3m37s/Msamples
       69600000  -5948780.9358  -5948308.9678      -471.9679 3m37s/Msamples
       69700000  -5948755.2265  -5948291.1144      -464.1121 3m37s/Msamples
       69800000  -5948745.7323  -5948273.7845      -471.9478 3m37s/Msamples
       69900000  -5948766.0876  -5948292.9643      -473.1233 3m37s/Msamples
       70000000  -5948745.5894  -5948277.8521      -467.7372 3m37s/Msamples
       70100000  -5948768.9423  -5948286.7338      -482.2085 3m38s/Msamples
       70200000  -5948771.8424  -5948296.2087      -475.6336 3m38s/Msamples
       70300000  -5948766.9447  -5948295.9573      -470.9873 3m38s/Msamples
       70400000  -5948762.7126  -5948282.8297      -479.8829 3m38s/Msamples
       70500000  -5948775.0123  -5948287.4686      -487.5436 3m38s/Msamples
       70600000  -5948759.7688  -5948276.7548      -483.0139 3m38s/Msamples
       70700000  -5948773.7895  -5948292.2839      -481.5056 3m38s/Msamples
       70800000  -5948772.7147  -5948297.0026      -475.7120 3m38s/Msamples
       70900000  -5948766.6546  -5948292.9628      -473.6917 3m39s/Msamples
       71000000  -5948746.9549  -5948288.5120      -458.4428 3m39s/Msamples
       71100000  -5948781.5226  -5948296.0378      -485.4848 3m39s/Msamples
       71200000  -5948771.9995  -5948281.1871      -490.8123 3m39s/Msamples
       71300000  -5948759.3172  -5948286.0944      -473.2228 3m39s/Msamples
       71400000  -5948752.9630  -5948278.9604      -474.0026 3m39s/Msamples
       71500000  -5948753.9085  -5948284.4726      -469.4359 3m39s/Msamples
       71600000  -5948766.6487  -5948279.1683      -487.4804 3m39s/Msamples
       71700000  -5948756.1409  -5948279.8372      -476.3037 3m40s/Msamples
       71800000  -5948770.5504  -5948286.5734      -483.9770 3m40s/Msamples
       71900000  -5948758.4039  -5948282.5867      -475.8172 3m40s/Msamples
       72000000  -5948774.7020  -5948285.9566      -488.7453 3m40s/Msamples
       72100000  -5948763.3498  -5948284.7700      -478.5798 3m40s/Msamples
       72200000  -5948768.3865  -5948285.4335      -482.9529 3m40s/Msamples
       72300000  -5948757.8912  -5948289.1217      -468.7694 3m41s/Msamples
       72400000  -5948770.1963  -5948295.6016      -474.5947 3m41s/Msamples
       72500000  -5948753.3222  -5948286.6508      -466.6713 3m41s/Msamples
       72600000  -5948791.4097  -5948285.0690      -506.3407 3m41s/Msamples
       72700000  -5948772.1581  -5948287.2283      -484.9297 3m41s/Msamples
       72800000  -5948767.6545  -5948284.6971      -482.9574 3m41s/Msamples
       72900000  -5948762.6035  -5948280.6356      -481.9679 3m42s/Msamples
       73000000  -5948782.3547  -5948294.5545      -487.8001 3m42s/Msamples
       73100000  -5948790.7677  -5948302.1797      -488.5880 3m42s/Msamples
       73200000  -5948778.3943  -5948287.5636      -490.8307 3m42s/Msamples
       73300000  -5948785.1645  -5948295.4446      -489.7199 3m42s/Msamples
       73400000  -5948774.5279  -5948289.7434      -484.7845 3m42s/Msamples
       73500000  -5948767.1843  -5948291.5368      -475.6474 3m42s/Msamples
       73600000  -5948757.1126  -5948283.6810      -473.4316 3m43s/Msamples
       73700000  -5948763.8182  -5948287.5556      -476.2625 3m43s/Msamples
       73800000  -5948773.5129  -5948301.6685      -471.8444 3m43s/Msamples
       73900000  -5948753.2552  -5948286.9427      -466.3124 3m43s/Msamples
       74000000  -5948756.0725  -5948292.1355      -463.9369 3m43s/Msamples
       74100000  -5948791.8967  -5948309.1453      -482.7514 3m44s/Msamples
       74200000  -5948756.8809  -5948289.0113      -467.8696 3m44s/Msamples
       74300000  -5948763.0356  -5948284.6826      -478.3530 3m44s/Msamples
       74400000  -5948752.8700  -5948295.1869      -457.6830 3m44s/Msamples
       74500000  -5948760.9694  -5948294.0443      -466.9251 3m44s/Msamples
       74600000  -5948761.8633  -5948275.9567      -485.9066 3m44s/Msamples
       74700000  -5948748.3851  -5948279.4231      -468.9619 3m45s/Msamples
       74800000  -5948782.4992  -5948295.4980      -487.0012 3m45s/Msamples
       74900000  -5948765.7151  -5948300.0264      -465.6887 3m45s/Msamples
       75000000  -5948774.1073  -5948286.5101      -487.5972 3m45s/Msamples
       75100000  -5948767.7340  -5948290.9950      -476.7390 3m45s/Msamples
       75200000  -5948753.0276  -5948288.5704      -464.4571 3m45s/Msamples
       75300000  -5948764.9563  -5948277.2542      -487.7020 3m46s/Msamples
       75400000  -5948766.6897  -5948287.3495      -479.3402 3m46s/Msamples
       75500000  -5948753.4938  -5948280.5315      -472.9622 3m46s/Msamples
       75600000  -5948769.5731  -5948292.5823      -476.9908 3m46s/Msamples
       75700000  -5948777.4578  -5948293.9646      -483.4931 3m46s/Msamples
       75800000  -5948760.4424  -5948290.5210      -469.9213 3m46s/Msamples
       75900000  -5948754.5201  -5948281.2388      -473.2813 3m46s/Msamples
       76000000  -5948771.7955  -5948292.5521      -479.2433 3m46s/Msamples
       76100000  -5948780.4884  -5948295.5028      -484.9855 3m46s/Msamples
       76200000  -5948784.1868  -5948294.2781      -489.9086 3m46s/Msamples
       76300000  -5948758.9751  -5948283.2111      -475.7639 3m47s/Msamples
       76400000  -5948761.9333  -5948284.8903      -477.0430 3m47s/Msamples
       76500000  -5948775.7772  -5948290.0056      -485.7716 3m47s/Msamples
       76600000  -5948764.5355  -5948285.5783      -478.9572 3m47s/Msamples
       76700000  -5948763.1233  -5948296.0500      -467.0732 3m47s/Msamples
       76800000  -5948763.7333  -5948284.3639      -479.3693 3m47s/Msamples
       76900000  -5948757.9449  -5948293.2928      -464.6520 3m47s/Msamples
       77000000  -5948789.3472  -5948290.1497      -499.1974 3m47s/Msamples
       77100000  -5948773.7409  -5948287.1497      -486.5912 3m47s/Msamples
       77200000  -5948789.0635  -5948296.8580      -492.2055 3m47s/Msamples
       77300000  -5948751.7824  -5948276.1446      -475.6378 3m48s/Msamples
       77400000  -5948758.0799  -5948279.6971      -478.3828 3m48s/Msamples
       77500000  -5948775.2172  -5948288.1171      -487.1001 3m48s/Msamples
       77600000  -5948781.3275  -5948296.9756      -484.3518 3m48s/Msamples
       77700000  -5948764.3148  -5948289.5337      -474.7810 3m48s/Msamples
       77800000  -5948740.1192  -5948281.4247      -458.6945 3m48s/Msamples
       77900000  -5948766.1333  -5948287.2348      -478.8984 3m48s/Msamples
       78000000  -5948765.3905  -5948283.7370      -481.6534 3m48s/Msamples
       78100000  -5948774.4364  -5948280.5256      -493.9107 3m48s/Msamples
       78200000  -5948755.3876  -5948283.2886      -472.0990 3m48s/Msamples
       78300000  -5948771.4489  -5948285.6827      -485.7662 3m48s/Msamples
       78400000  -5948754.6376  -5948295.1394      -459.4981 3m48s/Msamples
       78500000  -5948764.2907  -5948283.3627      -480.9279 3m48s/Msamples
       78600000  -5948758.1400  -5948287.5899      -470.5501 3m48s/Msamples
       78700000  -5948781.8698  -5948296.8969      -484.9729 3m49s/Msamples
       78800000  -5948747.0974  -5948285.0973      -462.0001 3m49s/Msamples
       78900000  -5948742.0627  -5948281.0388      -461.0238 3m49s/Msamples
       79000000  -5948771.5234  -5948280.2808      -491.2425 3m49s/Msamples
       79100000  -5948775.2911  -5948294.0678      -481.2233 3m49s/Msamples
       79200000  -5948774.6869  -5948284.9251      -489.7617 3m49s/Msamples
       79300000  -5948761.1630  -5948285.6321      -475.5309 3m49s/Msamples
       79400000  -5948756.2576  -5948284.1827      -472.0749 3m49s/Msamples
       79500000  -5948768.2870  -5948290.1938      -478.0932 3m49s/Msamples
       79600000  -5948761.8316  -5948280.3434      -481.4882 3m49s/Msamples
       79700000  -5948781.9783  -5948296.1732      -485.8051 3m49s/Msamples
       79800000  -5948794.1014  -5948288.2463      -505.8551 3m49s/Msamples
       79900000  -5948775.9600  -5948283.7816      -492.1784 3m50s/Msamples
       80000000  -5948759.5869  -5948291.9090      -467.6779 3m50s/Msamples
       80100000  -5948787.0895  -5948289.4576      -497.6318 3m50s/Msamples
       80200000  -5948754.6178  -5948274.7571      -479.8606 3m50s/Msamples
       80300000  -5948757.9334  -5948284.0787      -473.8547 3m50s/Msamples
       80400000  -5948752.9766  -5948292.3601      -460.6165 3m50s/Msamples
       80500000  -5948772.6853  -5948290.3291      -482.3561 3m50s/Msamples
       80600000  -5948742.8441  -5948276.4928      -466.3512 3m50s/Msamples
       80700000  -5948795.5382  -5948294.7010      -500.8371 3m50s/Msamples
       80800000  -5948759.1124  -5948284.4929      -474.6194 3m50s/Msamples
       80900000  -5948761.0446  -5948290.1401      -470.9044 3m50s/Msamples
       81000000  -5948766.9217  -5948284.9430      -481.9786 3m51s/Msamples
       81100000  -5948765.6967  -5948280.9892      -484.7075 3m51s/Msamples
       81200000  -5948755.0954  -5948281.0103      -474.0851 3m51s/Msamples
       81300000  -5948759.3974  -5948279.1256      -480.2718 3m51s/Msamples
       81400000  -5948769.1523  -5948280.8446      -488.3076 3m51s/Msamples
       81500000  -5948759.9318  -5948292.3864      -467.5454 3m51s/Msamples
       81600000  -5948788.5940  -5948291.2316      -497.3623 3m52s/Msamples
       81700000  -5948763.0180  -5948282.4265      -480.5915 3m52s/Msamples
       81800000  -5948764.7033  -5948296.2270      -468.4763 3m52s/Msamples
       81900000  -5948752.2743  -5948275.8415      -476.4328 3m52s/Msamples
       82000000  -5948754.7854  -5948296.7411      -458.0442 3m52s/Msamples
       82100000  -5948773.5193  -5948285.7968      -487.7225 3m52s/Msamples
       82200000  -5948776.8262  -5948299.0248      -477.8013 3m53s/Msamples
       82300000  -5948759.4829  -5948281.4490      -478.0338 3m53s/Msamples
       82400000  -5948762.3722  -5948284.1365      -478.2357 3m53s/Msamples
       82500000  -5948771.8956  -5948290.9434      -480.9521 3m53s/Msamples
       82600000  -5948761.1300  -5948285.3261      -475.8039 3m53s/Msamples
       82700000  -5948780.5730  -5948300.4198      -480.1532 3m54s/Msamples
       82800000  -5948767.1782  -5948278.4118      -488.7664 3m54s/Msamples
       82900000  -5948793.0940  -5948296.7728      -496.3212 3m54s/Msamples
       83000000  -5948772.9875  -5948297.8523      -475.1352 3m54s/Msamples
       83100000  -5948737.3108  -5948278.0432      -459.2676 3m54s/Msamples
       83200000  -5948757.4492  -5948291.0498      -466.3993 3m54s/Msamples
       83300000  -5948752.8908  -5948278.6745      -474.2162 3m54s/Msamples
       83400000  -5948753.7792  -5948285.9711      -467.8081 3m54s/Msamples
       83500000  -5948751.6524  -5948283.9684      -467.6839 3m54s/Msamples
       83600000  -5948778.9989  -5948299.5201      -479.4788 3m54s/Msamples
       83700000  -5948768.8177  -5948287.1021      -481.7156 3m54s/Msamples
       83800000  -5948778.4725  -5948293.8079      -484.6646 3m54s/Msamples
       83900000  -5948770.6896  -5948285.3690      -485.3206 3m54s/Msamples
       84000000  -5948745.2123  -5948289.8547      -455.3575 3m54s/Msamples
       84100000  -5948755.1050  -5948287.4397      -467.6653 3m54s/Msamples
       84200000  -5948776.2766  -5948292.7155      -483.5611 3m54s/Msamples
       84300000  -5948770.4365  -5948291.9099      -478.5266 3m54s/Msamples
       84400000  -5948771.2407  -5948303.8853      -467.3554 3m54s/Msamples
       84500000  -5948758.0422  -5948286.5630      -471.4791 3m54s/Msamples
       84600000  -5948748.3922  -5948281.1998      -467.1923 3m54s/Msamples
       84700000  -5948762.3273  -5948289.6802      -472.6471 3m54s/Msamples
       84800000  -5948761.8957  -5948279.3181      -482.5775 3m54s/Msamples
       84900000  -5948775.1417  -5948289.2352      -485.9065 3m55s/Msamples
       85000000  -5948746.5644  -5948290.2685      -456.2959 3m55s/Msamples
       85100000  -5948756.0901  -5948287.6939      -468.3961 3m55s/Msamples
       85200000  -5948776.7771  -5948284.0736      -492.7034 3m55s/Msamples
       85300000  -5948777.5871  -5948283.9360      -493.6511 3m55s/Msamples
       85400000  -5948764.9497  -5948285.3124      -479.6373 3m55s/Msamples
       85500000  -5948778.3820  -5948288.8824      -489.4995 3m55s/Msamples
       85600000  -5948765.3954  -5948285.5025      -479.8929 3m55s/Msamples
       85700000  -5948757.6496  -5948296.2433      -461.4062 3m55s/Msamples
       85800000  -5948763.1925  -5948285.8190      -477.3734 3m55s/Msamples
       85900000  -5948749.2756  -5948272.5252      -476.7504 3m55s/Msamples
       86000000  -5948770.1395  -5948281.4910      -488.6485 3m55s/Msamples
       86100000  -5948755.9977  -5948289.6567      -466.3410 3m55s/Msamples
       86200000  -5948780.2353  -5948287.0463      -493.1890 3m55s/Msamples
       86300000  -5948758.1538  -5948281.3191      -476.8346 3m55s/Msamples
       86400000  -5948770.6776  -5948293.7373      -476.9402 3m55s/Msamples
       86500000  -5948733.6921  -5948280.5182      -453.1738 3m55s/Msamples
       86600000  -5948776.8015  -5948290.6250      -486.1765 3m55s/Msamples
       86700000  -5948766.8446  -5948280.6936      -486.1509 3m55s/Msamples
       86800000  -5948786.8668  -5948293.9596      -492.9071 3m55s/Msamples
       86900000  -5948763.0608  -5948283.8270      -479.2337 3m56s/Msamples
       87000000  -5948785.2785  -5948298.0817      -487.1967 3m56s/Msamples
       87100000  -5948790.3249  -5948302.7476      -487.5773 3m56s/Msamples
       87200000  -5948773.4140  -5948285.4202      -487.9937 3m56s/Msamples
       87300000  -5948754.6018  -5948295.7096      -458.8921 3m56s/Msamples
       87400000  -5948777.1358  -5948289.9925      -487.1432 3m56s/Msamples
       87500000  -5948775.5534  -5948296.6973      -478.8561 3m56s/Msamples
       87600000  -5948763.5928  -5948278.5437      -485.0491 3m56s/Msamples
       87700000  -5948770.4051  -5948284.3962      -486.0089 3m56s/Msamples
       87800000  -5948805.9496  -5948295.5661      -510.3835 3m56s/Msamples
       87900000  -5948766.1497  -5948288.4744      -477.6753 3m56s/Msamples
       88000000  -5948757.0602  -5948292.0665      -464.9937 3m56s/Msamples
       88100000  -5948767.8449  -5948294.5211      -473.3238 3m56s/Msamples
       88200000  -5948730.1961  -5948279.9331      -450.2630 3m56s/Msamples
       88300000  -5948780.5956  -5948294.4154      -486.1802 3m56s/Msamples
       88400000  -5948770.1012  -5948286.0659      -484.0353 3m56s/Msamples
       88500000  -5948759.9345  -5948295.8217      -464.1128 3m57s/Msamples
       88600000  -5948758.9097  -5948285.1203      -473.7893 3m57s/Msamples
       88700000  -5948780.5267  -5948288.3649      -492.1617 3m57s/Msamples
       88800000  -5948767.1835  -5948288.0664      -479.1170 3m57s/Msamples
       88900000  -5948764.2467  -5948284.9914      -479.2553 3m57s/Msamples
       89000000  -5948756.5587  -5948288.2574      -468.3013 3m57s/Msamples
       89100000  -5948754.0830  -5948283.5661      -470.5169 3m57s/Msamples
       89200000  -5948770.4414  -5948297.4240      -473.0173 3m57s/Msamples
       89300000  -5948767.7565  -5948291.3319      -476.4246 3m57s/Msamples
       89400000  -5948798.4045  -5948296.7995      -501.6049 3m57s/Msamples
       89500000  -5948783.9703  -5948290.3075      -493.6628 3m57s/Msamples
       89600000  -5948751.4312  -5948279.7277      -471.7035 3m57s/Msamples
       89700000  -5948756.5276  -5948287.0936      -469.4339 3m57s/Msamples
       89800000  -5948758.1221  -5948289.0140      -469.1080 3m57s/Msamples
       89900000  -5948754.4876  -5948286.2795      -468.2080 3m57s/Msamples
       90000000  -5948761.7504  -5948293.5388      -468.2115 3m57s/Msamples
       90100000  -5948729.6039  -5948276.0406      -453.5633 3m57s/Msamples
       90200000  -5948785.5420  -5948295.3849      -490.1570 3m57s/Msamples
       90300000  -5948782.6420  -5948306.3249      -476.3170 3m57s/Msamples
       90400000  -5948774.0770  -5948288.6542      -485.4227 3m57s/Msamples
       90500000  -5948758.7402  -5948292.9595      -465.7806 3m57s/Msamples
       90600000  -5948776.6293  -5948290.1557      -486.4735 3m57s/Msamples
       90700000  -5948745.0528  -5948278.6647      -466.3881 3m57s/Msamples
       90800000  -5948783.1894  -5948285.1048      -498.0846 3m57s/Msamples
       90900000  -5948785.8891  -5948287.4713      -498.4177 3m57s/Msamples
       91000000  -5948791.6971  -5948295.6312      -496.0659 3m57s/Msamples
       91100000  -5948768.6899  -5948295.7361      -472.9537 3m57s/Msamples
       91200000  -5948757.9044  -5948296.9466      -460.9577 3m57s/Msamples
       91300000  -5948763.9680  -5948288.6293      -475.3387 3m57s/Msamples
       91400000  -5948747.5958  -5948283.5021      -464.0937 3m57s/Msamples
       91500000  -5948770.0782  -5948282.5428      -487.5354 3m57s/Msamples
       91600000  -5948749.7830  -5948285.0459      -464.7370 3m57s/Msamples
       91700000  -5948770.9110  -5948288.1311      -482.7798 3m57s/Msamples
       91800000  -5948782.0587  -5948291.6586      -490.4000 3m56s/Msamples
       91900000  -5948768.5995  -5948285.4190      -483.1804 3m56s/Msamples
       92000000  -5948752.4139  -5948289.0960      -463.3178 3m56s/Msamples
       92100000  -5948769.0360  -5948286.8928      -482.1431 3m56s/Msamples
       92200000  -5948780.5535  -5948289.4330      -491.1205 3m56s/Msamples
       92300000  -5948776.1722  -5948285.9075      -490.2646 3m56s/Msamples
       92400000  -5948762.2762  -5948283.8172      -478.4590 3m56s/Msamples
       92500000  -5948771.0175  -5948302.2348      -468.7826 3m56s/Msamples
       92600000  -5948765.6388  -5948291.2088      -474.4300 3m56s/Msamples
       92700000  -5948759.5451  -5948286.5102      -473.0349 3m56s/Msamples
       92800000  -5948765.2966  -5948283.5522      -481.7443 3m56s/Msamples
       92900000  -5948781.3234  -5948287.7962      -493.5271 3m56s/Msamples
       93000000  -5948785.3591  -5948298.1271      -487.2319 3m56s/Msamples
       93100000  -5948781.4072  -5948292.4841      -488.9230 3m56s/Msamples
       93200000  -5948764.8534  -5948295.0043      -469.8490 3m56s/Msamples
       93300000  -5948769.4497  -5948287.5169      -481.9328 3m56s/Msamples
       93400000  -5948768.6377  -5948286.6889      -481.9488 3m56s/Msamples
       93500000  -5948772.8824  -5948284.4569      -488.4254 3m56s/Msamples
       93600000  -5948774.4650  -5948286.8092      -487.6557 3m56s/Msamples
       93700000  -5948756.5529  -5948285.0482      -471.5047 3m56s/Msamples
       93800000  -5948746.9058  -5948280.3864      -466.5193 3m56s/Msamples
       93900000  -5948756.3687  -5948284.6111      -471.7575 3m56s/Msamples
       94000000  -5948770.9771  -5948293.3619      -477.6151 3m56s/Msamples
       94100000  -5948764.0946  -5948286.0194      -478.0752 3m56s/Msamples
       94200000  -5948743.0233  -5948299.2678      -443.7554 3m56s/Msamples
       94300000  -5948755.7553  -5948283.0979      -472.6573 3m56s/Msamples
       94400000  -5948751.2012  -5948285.3153      -465.8858 3m56s/Msamples
       94500000  -5948763.5992  -5948292.4414      -471.1578 3m56s/Msamples
       94600000  -5948748.2005  -5948294.6734      -453.5271 3m56s/Msamples
       94700000  -5948747.1751  -5948278.1956      -468.9794 3m56s/Msamples
       94800000  -5948754.6567  -5948289.8181      -464.8386 3m56s/Msamples
       94900000  -5948768.3950  -5948282.0753      -486.3197 3m56s/Msamples
       95000000  -5948779.6054  -5948287.7273      -491.8780 3m56s/Msamples
       95100000  -5948758.4730  -5948301.0931      -457.3799 3m56s/Msamples
       95200000  -5948746.1833  -5948289.9471      -456.2361 3m56s/Msamples
       95300000  -5948768.2241  -5948298.8252      -469.3989 3m56s/Msamples
       95400000  -5948767.1454  -5948297.6004      -469.5450 3m56s/Msamples
       95500000  -5948753.3406  -5948276.5084      -476.8321 3m56s/Msamples
       95600000  -5948755.2659  -5948288.1890      -467.0768 3m56s/Msamples
       95700000  -5948754.5299  -5948283.5344      -470.9955 3m56s/Msamples
       95800000  -5948781.4361  -5948292.3320      -489.1040 3m56s/Msamples
       95900000  -5948765.0637  -5948284.0191      -481.0445 3m56s/Msamples
       96000000  -5948763.5364  -5948281.7173      -481.8190 3m56s/Msamples
       96100000  -5948745.9278  -5948285.8459      -460.0819 3m56s/Msamples
       96200000  -5948760.8443  -5948289.9020      -470.9422 3m56s/Msamples
       96300000  -5948764.6473  -5948285.9088      -478.7385 3m56s/Msamples
       96400000  -5948792.3386  -5948291.8419      -500.4966 3m56s/Msamples
       96500000  -5948767.4574  -5948291.9537      -475.5036 3m56s/Msamples
       96600000  -5948771.3583  -5948289.3785      -481.9797 3m56s/Msamples
       96700000  -5948763.7987  -5948284.5465      -479.2521 3m56s/Msamples
       96800000  -5948785.6342  -5948295.3418      -490.2924 3m56s/Msamples
       96900000  -5948748.0426  -5948285.5781      -462.4645 3m56s/Msamples
       97000000  -5948771.5897  -5948298.9229      -472.6668 3m56s/Msamples
       97100000  -5948753.0833  -5948283.9665      -469.1168 3m56s/Msamples
       97200000  -5948749.5661  -5948284.8208      -464.7453 3m55s/Msamples
       97300000  -5948754.9526  -5948287.3972      -467.5554 3m56s/Msamples
       97400000  -5948747.1732  -5948290.0558      -457.1173 3m56s/Msamples
       97500000  -5948750.6208  -5948279.2300      -471.3907 3m55s/Msamples
       97600000  -5948740.2172  -5948280.9379      -459.2792 3m55s/Msamples
       97700000  -5948763.4140  -5948290.5817      -472.8322 3m56s/Msamples
       97800000  -5948757.5471  -5948282.7388      -474.8082 3m56s/Msamples
       97900000  -5948772.6879  -5948298.5228      -474.1651 3m55s/Msamples
       98000000  -5948769.0811  -5948279.8867      -489.1944 3m56s/Msamples
       98100000  -5948764.3339  -5948279.1331      -485.2008 3m55s/Msamples
       98200000  -5948764.3038  -5948276.3622      -487.9416 3m55s/Msamples
       98300000  -5948756.2137  -5948283.4401      -472.7735 3m55s/Msamples
       98400000  -5948762.3729  -5948291.1962      -471.1766 3m55s/Msamples
       98500000  -5948760.3934  -5948290.1536      -470.2398 3m55s/Msamples
       98600000  -5948765.9443  -5948294.0155      -471.9287 3m55s/Msamples
       98700000  -5948741.7234  -5948271.7438      -469.9796 3m55s/Msamples
       98800000  -5948762.7968  -5948281.1456      -481.6511 3m55s/Msamples
       98900000  -5948733.7651  -5948282.0574      -451.7076 3m55s/Msamples
       99000000  -5948763.1363  -5948287.9749      -475.1613 3m55s/Msamples
       99100000  -5948748.6237  -5948284.9765      -463.6471 3m55s/Msamples
       99200000  -5948744.4141  -5948283.8615      -460.5526 3m55s/Msamples
       99300000  -5948781.4000  -5948285.1023      -496.2977 3m55s/Msamples
       99400000  -5948761.8246  -5948278.7738      -483.0507 3m55s/Msamples
       99500000  -5948750.2656  -5948291.0427      -459.2229 3m55s/Msamples
       99600000  -5948755.5104  -5948280.6625      -474.8478 3m55s/Msamples
       99700000  -5948781.1113  -5948292.3030      -488.8082 3m55s/Msamples
       99800000  -5948766.7394  -5948295.0402      -471.6991 3m55s/Msamples
       99900000  -5948776.3193  -5948290.2405      -486.0788 3m55s/Msamples
      100000000  -5948781.3479  -5948296.3170      -485.0308 3m55s/Msamples

Operator                                                            Tuning    #accept    #reject      Pr(m)  Pr(acc|m)
TipDatesRandomWalker(TipDatesRandomWalker.D51.leaf)               23.08978     377397     265542    0.00643    0.58699 Try setting window size to about 46.18
TipDatesRandomWalker(TipDatesRandomWalker.SAMEA5818803.leaf)      43.37476     175147     468413    0.00643    0.27215 
TipDatesRandomWalker(TipDatesRandomWalker.SAMEA5818818.leaf)      59.36020     143301     500354    0.00643    0.22264 
TipDatesRandomWalker(TipDatesRandomWalker.SAMEA5818828.leaf)      52.19925     113276     528791    0.00643    0.17642 
TipDatesRandomWalker(TipDatesRandomWalker.SAMEA5818821.leaf)      48.97391     214924     428631    0.00643    0.33396 
TipDatesRandomWalker(TipDatesRandomWalker.SAMEA5818825.leaf)      60.03535     176714     466434    0.00643    0.27476 
TipDatesRandomWalker(TipDatesRandomWalker.SAMEA5818830.leaf)      52.81899     114385     528166    0.00643    0.17802 
TipDatesRandomWalker(TipDatesRandomWalker.SAMEA5818829.leaf)      51.71247     115469     526561    0.00643    0.17985 
TipDatesRandomWalker(TipDatesRandomWalker.SAMEA5818826.leaf)      52.96657     112605     528796    0.00643    0.17556 
TipDatesRandomWalker(TipDatesRandomWalker.SAMEA5818822.leaf)      66.22022     220078     420850    0.00643    0.34337 
TipDatesRandomWalker(TipDatesRandomWalker.SAMEA5818808.leaf)      66.17590     208592     431996    0.00643    0.32563 
TipDatesRandomWalker(TipDatesRandomWalker.D72.leaf)               39.32806     249617     392773    0.00643    0.38858 
TipDatesRandomWalker(TipDatesRandomWalker.D75.leaf)               42.12032     236231     407706    0.00643    0.36685 
TipDatesRandomWalker(TipDatesRandomWalker.SAMEA6637004.leaf)      71.40308     117722     524866    0.00643    0.18320 
TipDatesRandomWalker(TipDatesRandomWalker.SAMEA5818805.leaf)     105.70716     172111     470234    0.00643    0.26794 
TipDatesRandomWalker(TipDatesRandomWalker.SAMEA7293135.leaf)      42.04381     343661     299320    0.00643    0.53448 Try setting window size to about 84.088
TipDatesRandomWalker(TipDatesRandomWalker.SAMEA7313236_38.leaf)   16.82801     166330     475808    0.00643    0.25903 
TipDatesRandomWalker(TipDatesRandomWalker.SAMEA7313243_45.leaf)   27.55346     383261     259892    0.00643    0.59591 Try setting window size to about 55.107
TipDatesRandomWalker(TipDatesRandomWalker.SAMEA5818798.leaf)      54.81192     213915     431443    0.00643    0.33147 
TipDatesRandomWalker(TipDatesRandomWalker.SAMEA5818799.leaf)      52.45576     190435     453441    0.00643    0.29576 
TipDatesRandomWalker(TipDatesRandomWalker.SAMEA5818801.leaf)      51.98420     116624     526545    0.00643    0.18133 
TipDatesRandomWalker(TipDatesRandomWalker.SAMEA5818800.leaf)      74.91282     115088     527465    0.00643    0.17911 
TipDatesRandomWalker(TipDatesRandomWalker.SAMEA7313246_49.leaf)   69.70513     158597     483455    0.00643    0.24702 
TipDatesRandomWalker(TipDatesRandomWalker.SAMEA6637002.leaf)      66.79698     112143     530914    0.00643    0.17439 
TipDatesRandomWalker(TipDatesRandomWalker.SAMEA6651390.leaf)      28.82204     100098     543446    0.00643    0.15554 
TipDatesRandomWalker(TipDatesRandomWalker.SAMEA5818815.leaf)      67.26589     172567     469638    0.00643    0.26871 
TipDatesRandomWalker(TipDatesRandomWalker.P212.leaf)              29.64854     308318     334096    0.00643    0.47994 Try setting window size to about 59.297
TipDatesRandomWalker(TipDatesRandomWalker.P187.leaf)              62.38972     240984     402195    0.00643    0.37468 
TipDatesRandomWalker(TipDatesRandomWalker.SAMEA5818817.leaf)      88.14297     219155     423679    0.00643    0.34092 
TipDatesRandomWalker(TipDatesRandomWalker.P387.leaf)              15.86931     477557     164663    0.00643    0.74360 Try setting window size to about 31.739
TipDatesRandomWalker(TipDatesRandomWalker.SAMEA5818809.leaf)      30.97686     258748     384270    0.00643    0.40240 Try setting window size to about 53.269
TipDatesRandomWalker(TipDatesRandomWalker.SAMEA7293136.leaf)      11.48593     476574     165935    0.00643    0.74174 Try setting window size to about 22.972
TipDatesRandomWalker(TipDatesRandomWalker.D71.leaf)               63.32541     224844     419773    0.00643    0.34880 
TipDatesRandomWalker(TipDatesRandomWalker.R36.leaf)               48.31158     253022     390250    0.00643    0.39334 
TipDatesRandomWalker(TipDatesRandomWalker.SAMEA5818811.leaf)      59.50204     109142     533813    0.00643    0.16975 
TipDatesRandomWalker(TipDatesRandomWalker.SAMEA3937653.leaf)      73.58931     147966     493871    0.00643    0.23054 
TipDatesRandomWalker(TipDatesRandomWalker.SAMEA5054093.leaf)      51.38266     223482     417950    0.00643    0.34841 
TipDatesRandomWalker(TipDatesRandomWalker.SAMEA3937654.leaf)      15.90607     435425     207692    0.00643    0.67705 Try setting window size to about 31.812
TipDatesRandomWalker(TipDatesRandomWalker.SAMEA5054089.leaf)      45.68834     244542     398947    0.00643    0.38003 
TipDatesRandomWalker(TipDatesRandomWalker.SAMEA5054090.leaf)      49.25515     237103     406254    0.00643    0.36854 
TipDatesRandomWalker(TipDatesRandomWalker.SAMEA5054092.leaf)      59.90407     209912     433424    0.00643    0.32629 
TipDatesRandomWalker(TipDatesRandomWalker.D62.leaf)               61.56609     221364     420428    0.00643    0.34492 
TipDatesRandomWalker(TipDatesRandomWalker.SAMEA5818806.leaf)     102.49558     165682     474433    0.00643    0.25883 
ScaleOperator(RateACScaler.s:dna)                                  0.40362      15409      48667    0.00064    0.24048 
ScaleOperator(RateAGScaler.s:dna)                                  0.51698      15350      48765    0.00064    0.23941 
ScaleOperator(RateATScaler.s:dna)                                  0.36255      16116      48088    0.00064    0.25101 
ScaleOperator(RateCGScaler.s:dna)                                  0.30063      15828      48543    0.00064    0.24589 
ScaleOperator(RateGTScaler.s:dna)                                  0.45482      15542      48828    0.00064    0.24145 
ScaleOperator(CoalescentConstantTreeScaler.t:dna)                  0.72197       6907    1923406    0.01928    0.00358 Try setting scaleFactor to about 0.85
ScaleOperator(CoalescentConstantTreeRootScaler.t:dna)              0.56865      53103    1875685    0.01928    0.02753 Try setting scaleFactor to about 0.754
Uniform(CoalescentConstantUniformOperator.t:dna)                         -   10473281    8807438    0.19280    0.54320 
SubtreeSlide(CoalescentConstantSubtreeSlide.t:dna)                22.00612    1992148    7648063    0.09640    0.20665 
Exchange(CoalescentConstantNarrow.t:dna)                                 -    2275669    7360447    0.09640    0.23616 
Exchange(CoalescentConstantWide.t:dna)                                   -      13596    1911284    0.01928    0.00706 
WilsonBalding(CoalescentConstantWilsonBalding.t:dna)                     -      50830    1876005    0.01928    0.02638 
ScaleOperator(PopSizeScaler.t:dna)                                 0.44293     483772    1443966    0.01928    0.25095 
ScaleOperator(ucldMeanScaler.c:dna)                                0.70057     135610     507065    0.00643    0.21101 
ScaleOperator(ucldStdevScaler.c:dna)                               0.80043    1050241     877739    0.01928    0.54474 Try setting scaleFactor to about 0.641
IntRandomWalkOperator(CategoriesRandomWalk.c:dna)                        -    4118945    2311104    0.06427    0.64058 
SwapOperator(CategoriesSwapOperator.c:dna)                               -    3159626    3266175    0.06427    0.49171 
UniformOperator(CategoriesUniform.c:dna)                                 -    3955249    2469438    0.06427    0.61563 
UpDownOperator(relaxedUpDownOperator.c:dna)                        0.74006       7875    1922362    0.01928    0.00408 Try setting scaleFactor to about 0.86
DeltaExchangeOperator(FrequenciesExchanger.s:dna)                  0.00270       5698      58877    0.00064    0.08824 Try setting delta to about 0.001

     Tuning: The value of the operator's tuning parameter, or '-' if the operator can't be optimized.
    #accept: The total number of times a proposal by this operator has been accepted.
    #reject: The total number of times a proposal by this operator has been rejected.
      Pr(m): The probability this operator is chosen in a step of the MCMC (i.e. the normalized weight).
  Pr(acc|m): The acceptance probability (#accept as a fraction of the total proposals for this operator).


Total calculation time: 23512.637 seconds
