
0.00	-TreeAnc: set-up
Assigned discrete traits to 598 out of 598 taxa.


0.37	-SequenceData: loaded alignment.

0.37	-SeqData: making compressed alignment...

0.37	-SequenceData: constructed compressed alignment...

0.42	-TreeAnc.infer_ancestral_sequences with method: ml, marginal
0.42	--TreeAnc._ml_anc_marginal: type of reconstruction: Marginal
0.42	---Attaching sequence profiles to leafs...
0.43	---Postorder: computing likelihoods...
0.53	---Computing root node sequence and total tree likelihood...
0.53	---Preorder: computing marginal profiles...
0.64	---TreeAnc._ml_anc_marginal: ...done
1.12	--TreeAnc.infer_gtr: counting mutations...
1.30	---TreeAnc.infer_gtr: counting mutations...done

1.30	-GTR: with alphabet: ['A', 'B', 'C', 'D', 'E']
1.30	--GTR: ambiguous character: F
1.30	----GTR: no gap symbol!
1.30	---GTR: init with dummy values!

1.30	-GTR: model inference
1.30	---GTR inference iteration 0 change: 0.447213595499958
1.31	---GTR inference iteration 1 change: 0.028365863575602154
1.31	---GTR inference iteration 2 change: 0.0007330660788384158
1.31	--TreeAnc._ml_anc_marginal: type of reconstruction: Marginal
1.31	---Attaching sequence profiles to leafs...
1.32	---Postorder: computing likelihoods...
1.41	---Computing root node sequence and total tree likelihood...
1.41	---Preorder: computing marginal profiles...
1.60	---TreeAnc._ml_anc_marginal: ...done
2.08	---Attaching sequence profiles to leafs...
2.09	---Postorder: computing likelihoods...
2.18	---Computing root node sequence and total tree likelihood...
2.18	---Attaching sequence profiles to leafs...
2.19	---Postorder: computing likelihoods...
2.28	---Computing root node sequence and total tree likelihood...
2.28	---Attaching sequence profiles to leafs...
2.29	---Postorder: computing likelihoods...
2.38	---Computing root node sequence and total tree likelihood...
2.38	---Attaching sequence profiles to leafs...
2.39	---Postorder: computing likelihoods...
2.48	---Computing root node sequence and total tree likelihood...
2.48	---Attaching sequence profiles to leafs...
2.49	---Postorder: computing likelihoods...
2.58	---Computing root node sequence and total tree likelihood...
2.58	---Attaching sequence profiles to leafs...
2.59	---Postorder: computing likelihoods...
2.68	---Computing root node sequence and total tree likelihood...
2.68	---Attaching sequence profiles to leafs...
2.69	---Postorder: computing likelihoods...
2.78	---Computing root node sequence and total tree likelihood...
2.78	---Attaching sequence profiles to leafs...
2.79	---Postorder: computing likelihoods...
2.88	---Computing root node sequence and total tree likelihood...
2.89	---Attaching sequence profiles to leafs...
2.89	---Postorder: computing likelihoods...
2.99	---Computing root node sequence and total tree likelihood...
2.99	---Attaching sequence profiles to leafs...
2.99	---Postorder: computing likelihoods...
3.09	---Computing root node sequence and total tree likelihood...
3.09	---Attaching sequence profiles to leafs...
3.10	---Postorder: computing likelihoods...
3.19	---Computing root node sequence and total tree likelihood...
3.19	---Attaching sequence profiles to leafs...
3.20	---Postorder: computing likelihoods...
3.29	---Computing root node sequence and total tree likelihood...
3.29	---Attaching sequence profiles to leafs...
3.30	---Postorder: computing likelihoods...
3.39	---Computing root node sequence and total tree likelihood...
3.39	---Attaching sequence profiles to leafs...
3.40	---Postorder: computing likelihoods...
3.49	---Computing root node sequence and total tree likelihood...
3.49	---Attaching sequence profiles to leafs...
3.50	---Postorder: computing likelihoods...
3.59	---Computing root node sequence and total tree likelihood...
3.59	---Attaching sequence profiles to leafs...
3.60	---Postorder: computing likelihoods...
3.69	---Computing root node sequence and total tree likelihood...
3.69	---Attaching sequence profiles to leafs...
3.70	---Postorder: computing likelihoods...
3.79	---Computing root node sequence and total tree likelihood...
3.79	---Attaching sequence profiles to leafs...
3.80	---Postorder: computing likelihoods...
3.89	---Computing root node sequence and total tree likelihood...
3.89	---Attaching sequence profiles to leafs...
3.90	---Postorder: computing likelihoods...
3.99	---Computing root node sequence and total tree likelihood...
3.99	---Attaching sequence profiles to leafs...
4.00	---Postorder: computing likelihoods...
4.09	---Computing root node sequence and total tree likelihood...
4.09	---Attaching sequence profiles to leafs...
4.10	---Postorder: computing likelihoods...
4.19	---Computing root node sequence and total tree likelihood...
4.19	---Attaching sequence profiles to leafs...
4.20	---Postorder: computing likelihoods...
4.29	---Computing root node sequence and total tree likelihood...
4.29	---Attaching sequence profiles to leafs...
4.30	---Postorder: computing likelihoods...
4.39	---Computing root node sequence and total tree likelihood...

4.40	-treeanc:optimize_gtr_rate: optimization successful. Overall rate estimated
    	 to be 3.880151
4.40	--TreeAnc.infer_gtr: counting mutations...
4.57	---TreeAnc.infer_gtr: counting mutations...done

4.57	-GTR: with alphabet: ['A', 'B', 'C', 'D', 'E']
4.57	--GTR: ambiguous character: F
4.57	----GTR: no gap symbol!
4.57	---GTR: init with dummy values!

4.57	-GTR: model inference
4.57	---GTR inference iteration 0 change: 0.447213595499958
4.57	---GTR inference iteration 1 change: 0.027732588808504308
4.57	---GTR inference iteration 2 change: 0.0007149593390401492
4.58	---Attaching sequence profiles to leafs...
4.59	---Postorder: computing likelihoods...
4.68	---Computing root node sequence and total tree likelihood...
4.68	---Attaching sequence profiles to leafs...
4.69	---Postorder: computing likelihoods...
4.78	---Computing root node sequence and total tree likelihood...
4.78	---Attaching sequence profiles to leafs...
4.79	---Postorder: computing likelihoods...
4.88	---Computing root node sequence and total tree likelihood...
4.88	---Attaching sequence profiles to leafs...
4.89	---Postorder: computing likelihoods...
4.98	---Computing root node sequence and total tree likelihood...
4.98	---Attaching sequence profiles to leafs...
4.99	---Postorder: computing likelihoods...
5.08	---Computing root node sequence and total tree likelihood...
5.08	---Attaching sequence profiles to leafs...
5.09	---Postorder: computing likelihoods...
5.18	---Computing root node sequence and total tree likelihood...
5.18	---Attaching sequence profiles to leafs...
5.19	---Postorder: computing likelihoods...
5.28	---Computing root node sequence and total tree likelihood...
5.28	---Attaching sequence profiles to leafs...
5.29	---Postorder: computing likelihoods...
5.38	---Computing root node sequence and total tree likelihood...
5.38	---Attaching sequence profiles to leafs...
5.39	---Postorder: computing likelihoods...
5.48	---Computing root node sequence and total tree likelihood...
5.48	---Attaching sequence profiles to leafs...
5.49	---Postorder: computing likelihoods...
5.58	---Computing root node sequence and total tree likelihood...
5.58	---Attaching sequence profiles to leafs...
5.59	---Postorder: computing likelihoods...
5.68	---Computing root node sequence and total tree likelihood...
5.68	---Attaching sequence profiles to leafs...
5.69	---Postorder: computing likelihoods...
5.78	---Computing root node sequence and total tree likelihood...
5.78	---Attaching sequence profiles to leafs...
5.79	---Postorder: computing likelihoods...
5.88	---Computing root node sequence and total tree likelihood...
5.88	---Attaching sequence profiles to leafs...
5.89	---Postorder: computing likelihoods...
5.98	---Computing root node sequence and total tree likelihood...
5.98	---Attaching sequence profiles to leafs...
5.99	---Postorder: computing likelihoods...
6.08	---Computing root node sequence and total tree likelihood...
6.08	---Attaching sequence profiles to leafs...
6.09	---Postorder: computing likelihoods...
6.18	---Computing root node sequence and total tree likelihood...
6.19	---Attaching sequence profiles to leafs...
6.19	---Postorder: computing likelihoods...
6.28	---Computing root node sequence and total tree likelihood...
6.29	---Attaching sequence profiles to leafs...
6.29	---Postorder: computing likelihoods...
6.38	---Computing root node sequence and total tree likelihood...
6.39	---Attaching sequence profiles to leafs...
6.39	---Postorder: computing likelihoods...
6.48	---Computing root node sequence and total tree likelihood...

6.49	-treeanc:optimize_gtr_rate: optimization successful. Overall rate estimated
    	 to be 3.879635
6.49	--TreeAnc.infer_gtr: counting mutations...
6.66	---TreeAnc.infer_gtr: counting mutations...done

6.66	-GTR: with alphabet: ['A', 'B', 'C', 'D', 'E']
6.66	--GTR: ambiguous character: F
6.66	----GTR: no gap symbol!
6.66	---GTR: init with dummy values!

6.66	-GTR: model inference
6.66	---GTR inference iteration 0 change: 0.447213595499958
6.66	---GTR inference iteration 1 change: 0.027617832346722743
6.66	---GTR inference iteration 2 change: 0.0007146173702304039
6.67	---Attaching sequence profiles to leafs...
6.67	---Postorder: computing likelihoods...
6.77	---Computing root node sequence and total tree likelihood...
6.77	---Attaching sequence profiles to leafs...
6.78	---Postorder: computing likelihoods...
6.87	---Computing root node sequence and total tree likelihood...
6.87	---Attaching sequence profiles to leafs...
6.88	---Postorder: computing likelihoods...
6.97	---Computing root node sequence and total tree likelihood...
6.97	---Attaching sequence profiles to leafs...
6.98	---Postorder: computing likelihoods...
7.07	---Computing root node sequence and total tree likelihood...
7.07	---Attaching sequence profiles to leafs...
7.08	---Postorder: computing likelihoods...
7.17	---Computing root node sequence and total tree likelihood...
7.17	---Attaching sequence profiles to leafs...
7.18	---Postorder: computing likelihoods...
7.27	---Computing root node sequence and total tree likelihood...
7.27	---Attaching sequence profiles to leafs...
7.28	---Postorder: computing likelihoods...
7.37	---Computing root node sequence and total tree likelihood...
7.37	---Attaching sequence profiles to leafs...
7.38	---Postorder: computing likelihoods...
7.47	---Computing root node sequence and total tree likelihood...
7.47	---Attaching sequence profiles to leafs...
7.48	---Postorder: computing likelihoods...
7.57	---Computing root node sequence and total tree likelihood...
7.57	---Attaching sequence profiles to leafs...
7.58	---Postorder: computing likelihoods...
7.67	---Computing root node sequence and total tree likelihood...
7.67	---Attaching sequence profiles to leafs...
7.68	---Postorder: computing likelihoods...
7.77	---Computing root node sequence and total tree likelihood...
7.77	---Attaching sequence profiles to leafs...
7.78	---Postorder: computing likelihoods...
7.87	---Computing root node sequence and total tree likelihood...
7.87	---Attaching sequence profiles to leafs...
7.88	---Postorder: computing likelihoods...
7.97	---Computing root node sequence and total tree likelihood...
7.97	---Attaching sequence profiles to leafs...
7.98	---Postorder: computing likelihoods...
8.07	---Computing root node sequence and total tree likelihood...
8.07	---Attaching sequence profiles to leafs...
8.08	---Postorder: computing likelihoods...
8.17	---Computing root node sequence and total tree likelihood...
8.17	---Attaching sequence profiles to leafs...
8.18	---Postorder: computing likelihoods...
8.27	---Computing root node sequence and total tree likelihood...
8.27	---Attaching sequence profiles to leafs...
8.28	---Postorder: computing likelihoods...
8.37	---Computing root node sequence and total tree likelihood...

8.37	-treeanc:optimize_gtr_rate: optimization successful. Overall rate estimated
    	 to be 3.879947
8.37	--TreeAnc.infer_gtr: counting mutations...
8.55	---TreeAnc.infer_gtr: counting mutations...done

8.55	-GTR: with alphabet: ['A', 'B', 'C', 'D', 'E']
8.55	--GTR: ambiguous character: F
8.55	----GTR: no gap symbol!
8.55	---GTR: init with dummy values!

8.55	-GTR: model inference
8.55	---GTR inference iteration 0 change: 0.447213595499958
8.55	---GTR inference iteration 1 change: 0.02759555339777441
8.55	---GTR inference iteration 2 change: 0.0007148058793711443
8.55	---Attaching sequence profiles to leafs...
8.56	---Postorder: computing likelihoods...
8.65	---Computing root node sequence and total tree likelihood...
8.65	---Attaching sequence profiles to leafs...
8.66	---Postorder: computing likelihoods...
8.75	---Computing root node sequence and total tree likelihood...
8.76	---Attaching sequence profiles to leafs...
8.76	---Postorder: computing likelihoods...
8.86	---Computing root node sequence and total tree likelihood...
8.86	---Attaching sequence profiles to leafs...
8.86	---Postorder: computing likelihoods...
8.96	---Computing root node sequence and total tree likelihood...
8.96	---Attaching sequence profiles to leafs...
8.97	---Postorder: computing likelihoods...
9.06	---Computing root node sequence and total tree likelihood...
9.06	---Attaching sequence profiles to leafs...
9.07	---Postorder: computing likelihoods...
9.16	---Computing root node sequence and total tree likelihood...
9.16	---Attaching sequence profiles to leafs...
9.17	---Postorder: computing likelihoods...
9.26	---Computing root node sequence and total tree likelihood...
9.26	---Attaching sequence profiles to leafs...
9.27	---Postorder: computing likelihoods...
9.36	---Computing root node sequence and total tree likelihood...
9.36	---Attaching sequence profiles to leafs...
9.37	---Postorder: computing likelihoods...
9.46	---Computing root node sequence and total tree likelihood...
9.46	---Attaching sequence profiles to leafs...
9.47	---Postorder: computing likelihoods...
9.56	---Computing root node sequence and total tree likelihood...
9.56	---Attaching sequence profiles to leafs...
9.57	---Postorder: computing likelihoods...
9.66	---Computing root node sequence and total tree likelihood...
9.66	---Attaching sequence profiles to leafs...
9.67	---Postorder: computing likelihoods...
9.76	---Computing root node sequence and total tree likelihood...
9.76	---Attaching sequence profiles to leafs...
9.77	---Postorder: computing likelihoods...
9.86	---Computing root node sequence and total tree likelihood...
9.86	---Attaching sequence profiles to leafs...
9.87	---Postorder: computing likelihoods...
9.96	---Computing root node sequence and total tree likelihood...
9.96	---Attaching sequence profiles to leafs...
9.97	---Postorder: computing likelihoods...
10.06	---Computing root node sequence and total tree likelihood...
10.06	---Attaching sequence profiles to leafs...
10.07	---Postorder: computing likelihoods...
10.16	---Computing root node sequence and total tree likelihood...
10.16	---Attaching sequence profiles to leafs...
10.17	---Postorder: computing likelihoods...
10.26	---Computing root node sequence and total tree likelihood...
10.26	---Attaching sequence profiles to leafs...
10.27	---Postorder: computing likelihoods...
10.36	---Computing root node sequence and total tree likelihood...
10.36	---Attaching sequence profiles to leafs...
10.37	---Postorder: computing likelihoods...
10.46	---Computing root node sequence and total tree likelihood...
10.46	---Attaching sequence profiles to leafs...
10.47	---Postorder: computing likelihoods...
10.56	---Computing root node sequence and total tree likelihood...
10.56	---Attaching sequence profiles to leafs...
10.57	---Postorder: computing likelihoods...
10.66	---Computing root node sequence and total tree likelihood...

10.66	-treeanc:optimize_gtr_rate: optimization successful. Overall rate
     	 estimated to be 3.880046
10.66	--TreeAnc.infer_gtr: counting mutations...
10.84	---TreeAnc.infer_gtr: counting mutations...done

10.84	-GTR: with alphabet: ['A', 'B', 'C', 'D', 'E']
10.84	--GTR: ambiguous character: F
10.84	----GTR: no gap symbol!
10.84	---GTR: init with dummy values!

10.84	-GTR: model inference
10.84	---GTR inference iteration 0 change: 0.447213595499958
10.84	---GTR inference iteration 1 change: 0.02759122700230111
10.84	---GTR inference iteration 2 change: 0.000714869842077671
10.84	---Attaching sequence profiles to leafs...
10.85	---Postorder: computing likelihoods...
10.94	---Computing root node sequence and total tree likelihood...
10.94	---Attaching sequence profiles to leafs...
10.95	---Postorder: computing likelihoods...
11.04	---Computing root node sequence and total tree likelihood...
11.04	---Attaching sequence profiles to leafs...
11.05	---Postorder: computing likelihoods...
11.14	---Computing root node sequence and total tree likelihood...
11.14	---Attaching sequence profiles to leafs...
11.15	---Postorder: computing likelihoods...
11.24	---Computing root node sequence and total tree likelihood...
11.24	---Attaching sequence profiles to leafs...
11.25	---Postorder: computing likelihoods...
11.34	---Computing root node sequence and total tree likelihood...
11.34	---Attaching sequence profiles to leafs...
11.35	---Postorder: computing likelihoods...
11.44	---Computing root node sequence and total tree likelihood...
11.45	---Attaching sequence profiles to leafs...
11.45	---Postorder: computing likelihoods...
11.54	---Computing root node sequence and total tree likelihood...
11.55	---Attaching sequence profiles to leafs...
11.55	---Postorder: computing likelihoods...
11.65	---Computing root node sequence and total tree likelihood...
11.65	---Attaching sequence profiles to leafs...
11.66	---Postorder: computing likelihoods...
11.75	---Computing root node sequence and total tree likelihood...
11.75	---Attaching sequence profiles to leafs...
11.76	---Postorder: computing likelihoods...
11.85	---Computing root node sequence and total tree likelihood...
11.85	---Attaching sequence profiles to leafs...
11.86	---Postorder: computing likelihoods...
11.95	---Computing root node sequence and total tree likelihood...
11.95	---Attaching sequence profiles to leafs...
11.96	---Postorder: computing likelihoods...
12.05	---Computing root node sequence and total tree likelihood...
12.05	---Attaching sequence profiles to leafs...
12.06	---Postorder: computing likelihoods...
12.15	---Computing root node sequence and total tree likelihood...
12.15	---Attaching sequence profiles to leafs...
12.16	---Postorder: computing likelihoods...
12.25	---Computing root node sequence and total tree likelihood...
12.25	---Attaching sequence profiles to leafs...
12.26	---Postorder: computing likelihoods...
12.35	---Computing root node sequence and total tree likelihood...
12.35	---Attaching sequence profiles to leafs...
12.36	---Postorder: computing likelihoods...
12.45	---Computing root node sequence and total tree likelihood...
12.45	---Attaching sequence profiles to leafs...
12.46	---Postorder: computing likelihoods...
12.55	---Computing root node sequence and total tree likelihood...
12.55	---Attaching sequence profiles to leafs...
12.56	---Postorder: computing likelihoods...
12.65	---Computing root node sequence and total tree likelihood...
12.65	---Attaching sequence profiles to leafs...
12.66	---Postorder: computing likelihoods...
12.75	---Computing root node sequence and total tree likelihood...
12.75	---Attaching sequence profiles to leafs...
12.76	---Postorder: computing likelihoods...
12.85	---Computing root node sequence and total tree likelihood...
12.85	---Attaching sequence profiles to leafs...
12.86	---Postorder: computing likelihoods...
12.95	---Computing root node sequence and total tree likelihood...
12.95	---Attaching sequence profiles to leafs...
12.96	---Postorder: computing likelihoods...
13.05	---Computing root node sequence and total tree likelihood...
13.05	---Attaching sequence profiles to leafs...
13.06	---Postorder: computing likelihoods...
13.15	---Computing root node sequence and total tree likelihood...
13.15	---Attaching sequence profiles to leafs...
13.16	---Postorder: computing likelihoods...
13.25	---Computing root node sequence and total tree likelihood...
13.25	---Attaching sequence profiles to leafs...
13.26	---Postorder: computing likelihoods...
13.35	---Computing root node sequence and total tree likelihood...

13.35	-treeanc:optimize_gtr_rate: optimization successful. Overall rate
     	 estimated to be 3.880070
13.35	--TreeAnc.infer_gtr: counting mutations...
13.53	---TreeAnc.infer_gtr: counting mutations...done

13.53	-GTR: with alphabet: ['A', 'B', 'C', 'D', 'E']
13.53	--GTR: ambiguous character: F
13.53	----GTR: no gap symbol!
13.53	---GTR: init with dummy values!

13.53	-GTR: model inference
13.53	---GTR inference iteration 0 change: 0.447213595499958
13.53	---GTR inference iteration 1 change: 0.02759039410803479
13.53	---GTR inference iteration 2 change: 0.0007148853696076767
13.54	---Attaching sequence profiles to leafs...
13.54	---Postorder: computing likelihoods...
13.64	---Computing root node sequence and total tree likelihood...
13.64	---Attaching sequence profiles to leafs...
13.65	---Postorder: computing likelihoods...
13.74	---Computing root node sequence and total tree likelihood...
13.74	---Attaching sequence profiles to leafs...
13.75	---Postorder: computing likelihoods...
13.84	---Computing root node sequence and total tree likelihood...
13.84	---Attaching sequence profiles to leafs...
13.85	---Postorder: computing likelihoods...
13.94	---Computing root node sequence and total tree likelihood...
13.94	---Attaching sequence profiles to leafs...
13.95	---Postorder: computing likelihoods...
14.04	---Computing root node sequence and total tree likelihood...
14.04	---Attaching sequence profiles to leafs...
14.05	---Postorder: computing likelihoods...
14.14	---Computing root node sequence and total tree likelihood...
14.14	---Attaching sequence profiles to leafs...
14.15	---Postorder: computing likelihoods...
14.24	---Computing root node sequence and total tree likelihood...
14.24	---Attaching sequence profiles to leafs...
14.25	---Postorder: computing likelihoods...
14.34	---Computing root node sequence and total tree likelihood...
14.34	---Attaching sequence profiles to leafs...
14.35	---Postorder: computing likelihoods...
14.44	---Computing root node sequence and total tree likelihood...
14.44	---Attaching sequence profiles to leafs...
14.45	---Postorder: computing likelihoods...
14.54	---Computing root node sequence and total tree likelihood...
14.54	---Attaching sequence profiles to leafs...
14.55	---Postorder: computing likelihoods...
14.64	---Computing root node sequence and total tree likelihood...
14.64	---Attaching sequence profiles to leafs...
14.65	---Postorder: computing likelihoods...
14.74	---Computing root node sequence and total tree likelihood...
14.74	---Attaching sequence profiles to leafs...
14.75	---Postorder: computing likelihoods...
14.84	---Computing root node sequence and total tree likelihood...
14.85	---Attaching sequence profiles to leafs...
14.85	---Postorder: computing likelihoods...
14.94	---Computing root node sequence and total tree likelihood...
14.95	---Attaching sequence profiles to leafs...
14.95	---Postorder: computing likelihoods...
15.05	---Computing root node sequence and total tree likelihood...
15.05	---Attaching sequence profiles to leafs...
15.05	---Postorder: computing likelihoods...
15.15	---Computing root node sequence and total tree likelihood...
15.15	---Attaching sequence profiles to leafs...
15.16	---Postorder: computing likelihoods...
15.25	---Computing root node sequence and total tree likelihood...
15.25	---Attaching sequence profiles to leafs...
15.26	---Postorder: computing likelihoods...
15.35	---Computing root node sequence and total tree likelihood...
15.35	---Attaching sequence profiles to leafs...
15.36	---Postorder: computing likelihoods...
15.45	---Computing root node sequence and total tree likelihood...

15.45	-treeanc:optimize_gtr_rate: optimization successful. Overall rate
     	 estimated to be 3.880074

15.45	-TreeAnc.infer_ancestral_sequences with method: probabilistic, marginal
15.45	--TreeAnc._ml_anc_marginal: type of reconstruction: Marginal
15.45	---Attaching sequence profiles to leafs...
15.46	---Postorder: computing likelihoods...
15.55	---Computing root node sequence and total tree likelihood...
15.55	---Preorder: computing marginal profiles...
15.74	---TreeAnc._ml_anc_marginal: ...done
NOTE: previous versions (<0.7.0) of this command made a 'short-branch
length assumption. TreeTime now optimizes the overall rate numerically
and thus allows for long branches along which multiple changes
accumulated. This is expected to affect estimates of the overall rate
while leaving the relative rates mostly unchanged.
