
0.00	-TreeAnc: set-up
Assigned discrete traits to 598 out of 598 taxa.


0.36	-SequenceData: loaded alignment.

0.37	-SeqData: making compressed alignment...

0.37	-SequenceData: constructed compressed alignment...

0.41	-TreeAnc.infer_ancestral_sequences with method: ml, marginal
0.41	--TreeAnc._ml_anc_marginal: type of reconstruction: Marginal
0.41	---Attaching sequence profiles to leafs...
0.43	---Postorder: computing likelihoods...
0.59	---Computing root node sequence and total tree likelihood...
0.59	---Preorder: computing marginal profiles...
0.74	---TreeAnc._ml_anc_marginal: ...done
1.23	--TreeAnc.infer_gtr: counting mutations...
1.51	---TreeAnc.infer_gtr: counting mutations...done

1.51	-GTR: with alphabet: ['A', 'B', 'C', 'D', 'E', 'F', 'G', 'H', 'I', 'J',
    	 'K', 'L', 'M', 'N', 'O', 'P', 'Q', 'R', 'S', 'T', 'U', 'V', 'W', 'X', 'Y',
    	 'Z', '[', '\\', ']', '^', '_', '`', 'a', 'b', 'c', 'd', 'e']
1.51	--GTR: ambiguous character: f
1.51	----GTR: no gap symbol!
1.51	---GTR: init with dummy values!

1.51	-GTR: model inference
1.51	---GTR inference iteration 0 change: 0.1643989873053573
1.51	---GTR inference iteration 1 change: 0.004009103465728624
1.51	--TreeAnc._ml_anc_marginal: type of reconstruction: Marginal
1.51	---Attaching sequence profiles to leafs...
1.53	---Postorder: computing likelihoods...
1.68	---Computing root node sequence and total tree likelihood...
1.68	---Preorder: computing marginal profiles...
1.94	---TreeAnc._ml_anc_marginal: ...done
2.43	---Attaching sequence profiles to leafs...
2.44	---Postorder: computing likelihoods...
2.60	---Computing root node sequence and total tree likelihood...
2.60	---Attaching sequence profiles to leafs...
2.61	---Postorder: computing likelihoods...
2.76	---Computing root node sequence and total tree likelihood...
2.76	---Attaching sequence profiles to leafs...
2.77	---Postorder: computing likelihoods...
2.93	---Computing root node sequence and total tree likelihood...
2.93	---Attaching sequence profiles to leafs...
2.94	---Postorder: computing likelihoods...
3.09	---Computing root node sequence and total tree likelihood...
3.09	---Attaching sequence profiles to leafs...
3.10	---Postorder: computing likelihoods...
3.25	---Computing root node sequence and total tree likelihood...
3.26	---Attaching sequence profiles to leafs...
3.26	---Postorder: computing likelihoods...
3.42	---Computing root node sequence and total tree likelihood...
3.42	---Attaching sequence profiles to leafs...
3.43	---Postorder: computing likelihoods...
3.58	---Computing root node sequence and total tree likelihood...
3.58	---Attaching sequence profiles to leafs...
3.59	---Postorder: computing likelihoods...
3.74	---Computing root node sequence and total tree likelihood...
3.74	---Attaching sequence profiles to leafs...
3.75	---Postorder: computing likelihoods...
3.91	---Computing root node sequence and total tree likelihood...
3.91	---Attaching sequence profiles to leafs...
3.92	---Postorder: computing likelihoods...
4.07	---Computing root node sequence and total tree likelihood...
4.07	---Attaching sequence profiles to leafs...
4.08	---Postorder: computing likelihoods...
4.23	---Computing root node sequence and total tree likelihood...
4.24	---Attaching sequence profiles to leafs...
4.24	---Postorder: computing likelihoods...
4.40	---Computing root node sequence and total tree likelihood...
4.40	---Attaching sequence profiles to leafs...
4.41	---Postorder: computing likelihoods...
4.56	---Computing root node sequence and total tree likelihood...
4.56	---Attaching sequence profiles to leafs...
4.57	---Postorder: computing likelihoods...
4.72	---Computing root node sequence and total tree likelihood...
4.72	---Attaching sequence profiles to leafs...
4.73	---Postorder: computing likelihoods...
4.88	---Computing root node sequence and total tree likelihood...
4.88	---Attaching sequence profiles to leafs...
4.89	---Postorder: computing likelihoods...
5.03	---Computing root node sequence and total tree likelihood...
5.03	---Attaching sequence profiles to leafs...
5.04	---Postorder: computing likelihoods...
5.19	---Computing root node sequence and total tree likelihood...
5.19	---Attaching sequence profiles to leafs...
5.20	---Postorder: computing likelihoods...
5.35	---Computing root node sequence and total tree likelihood...
5.35	---Attaching sequence profiles to leafs...
5.36	---Postorder: computing likelihoods...
5.51	---Computing root node sequence and total tree likelihood...

5.51	-treeanc:optimize_gtr_rate: optimization successful. Overall rate estimated
    	 to be 35.965795
5.51	--TreeAnc.infer_gtr: counting mutations...
5.78	---TreeAnc.infer_gtr: counting mutations...done

5.78	-GTR: with alphabet: ['A', 'B', 'C', 'D', 'E', 'F', 'G', 'H', 'I', 'J',
    	 'K', 'L', 'M', 'N', 'O', 'P', 'Q', 'R', 'S', 'T', 'U', 'V', 'W', 'X', 'Y',
    	 'Z', '[', '\\', ']', '^', '_', '`', 'a', 'b', 'c', 'd', 'e']
5.78	--GTR: ambiguous character: f
5.78	----GTR: no gap symbol!
5.78	---GTR: init with dummy values!

5.78	-GTR: model inference
5.78	---GTR inference iteration 0 change: 0.1643989873053573
5.78	---GTR inference iteration 1 change: 0.004044305037910687
5.79	---Attaching sequence profiles to leafs...
5.79	---Postorder: computing likelihoods...
5.94	---Computing root node sequence and total tree likelihood...
5.95	---Attaching sequence profiles to leafs...
5.95	---Postorder: computing likelihoods...
6.10	---Computing root node sequence and total tree likelihood...
6.10	---Attaching sequence profiles to leafs...
6.11	---Postorder: computing likelihoods...
6.26	---Computing root node sequence and total tree likelihood...
6.26	---Attaching sequence profiles to leafs...
6.27	---Postorder: computing likelihoods...
6.42	---Computing root node sequence and total tree likelihood...
6.42	---Attaching sequence profiles to leafs...
6.43	---Postorder: computing likelihoods...
6.58	---Computing root node sequence and total tree likelihood...
6.58	---Attaching sequence profiles to leafs...
6.59	---Postorder: computing likelihoods...
6.73	---Computing root node sequence and total tree likelihood...
6.74	---Attaching sequence profiles to leafs...
6.74	---Postorder: computing likelihoods...
6.89	---Computing root node sequence and total tree likelihood...
6.89	---Attaching sequence profiles to leafs...
6.90	---Postorder: computing likelihoods...
7.05	---Computing root node sequence and total tree likelihood...
7.05	---Attaching sequence profiles to leafs...
7.06	---Postorder: computing likelihoods...
7.20	---Computing root node sequence and total tree likelihood...
7.21	---Attaching sequence profiles to leafs...
7.21	---Postorder: computing likelihoods...
7.36	---Computing root node sequence and total tree likelihood...
7.36	---Attaching sequence profiles to leafs...
7.37	---Postorder: computing likelihoods...
7.52	---Computing root node sequence and total tree likelihood...
7.52	---Attaching sequence profiles to leafs...
7.53	---Postorder: computing likelihoods...
7.67	---Computing root node sequence and total tree likelihood...
7.67	---Attaching sequence profiles to leafs...
7.68	---Postorder: computing likelihoods...
7.83	---Computing root node sequence and total tree likelihood...
7.83	---Attaching sequence profiles to leafs...
7.84	---Postorder: computing likelihoods...
7.99	---Computing root node sequence and total tree likelihood...
7.99	---Attaching sequence profiles to leafs...
8.00	---Postorder: computing likelihoods...
8.14	---Computing root node sequence and total tree likelihood...
8.14	---Attaching sequence profiles to leafs...
8.15	---Postorder: computing likelihoods...
8.30	---Computing root node sequence and total tree likelihood...
8.31	---Attaching sequence profiles to leafs...
8.31	---Postorder: computing likelihoods...
8.46	---Computing root node sequence and total tree likelihood...
8.46	---Attaching sequence profiles to leafs...
8.47	---Postorder: computing likelihoods...
8.62	---Computing root node sequence and total tree likelihood...

8.62	-treeanc:optimize_gtr_rate: optimization successful. Overall rate estimated
    	 to be 35.965692
8.62	--TreeAnc.infer_gtr: counting mutations...
8.88	---TreeAnc.infer_gtr: counting mutations...done

8.89	-GTR: with alphabet: ['A', 'B', 'C', 'D', 'E', 'F', 'G', 'H', 'I', 'J',
    	 'K', 'L', 'M', 'N', 'O', 'P', 'Q', 'R', 'S', 'T', 'U', 'V', 'W', 'X', 'Y',
    	 'Z', '[', '\\', ']', '^', '_', '`', 'a', 'b', 'c', 'd', 'e']
8.89	--GTR: ambiguous character: f
8.89	----GTR: no gap symbol!
8.89	---GTR: init with dummy values!

8.89	-GTR: model inference
8.89	---GTR inference iteration 0 change: 0.1643989873053573
8.89	---GTR inference iteration 1 change: 0.004049644252637523
8.89	---Attaching sequence profiles to leafs...
8.90	---Postorder: computing likelihoods...
9.05	---Computing root node sequence and total tree likelihood...
9.05	---Attaching sequence profiles to leafs...
9.06	---Postorder: computing likelihoods...
9.20	---Computing root node sequence and total tree likelihood...
9.21	---Attaching sequence profiles to leafs...
9.21	---Postorder: computing likelihoods...
9.36	---Computing root node sequence and total tree likelihood...
9.36	---Attaching sequence profiles to leafs...
9.37	---Postorder: computing likelihoods...
9.52	---Computing root node sequence and total tree likelihood...
9.52	---Attaching sequence profiles to leafs...
9.53	---Postorder: computing likelihoods...
9.67	---Computing root node sequence and total tree likelihood...
9.67	---Attaching sequence profiles to leafs...
9.68	---Postorder: computing likelihoods...
9.83	---Computing root node sequence and total tree likelihood...
9.83	---Attaching sequence profiles to leafs...
9.84	---Postorder: computing likelihoods...
9.98	---Computing root node sequence and total tree likelihood...
9.99	---Attaching sequence profiles to leafs...
9.99	---Postorder: computing likelihoods...
10.14	---Computing root node sequence and total tree likelihood...
10.14	---Attaching sequence profiles to leafs...
10.15	---Postorder: computing likelihoods...
10.30	---Computing root node sequence and total tree likelihood...
10.30	---Attaching sequence profiles to leafs...
10.31	---Postorder: computing likelihoods...
10.45	---Computing root node sequence and total tree likelihood...
10.45	---Attaching sequence profiles to leafs...
10.46	---Postorder: computing likelihoods...
10.61	---Computing root node sequence and total tree likelihood...
10.61	---Attaching sequence profiles to leafs...
10.62	---Postorder: computing likelihoods...
10.77	---Computing root node sequence and total tree likelihood...
10.77	---Attaching sequence profiles to leafs...
10.78	---Postorder: computing likelihoods...
10.92	---Computing root node sequence and total tree likelihood...
10.92	---Attaching sequence profiles to leafs...
10.93	---Postorder: computing likelihoods...
11.08	---Computing root node sequence and total tree likelihood...
11.08	---Attaching sequence profiles to leafs...
11.09	---Postorder: computing likelihoods...
11.24	---Computing root node sequence and total tree likelihood...
11.24	---Attaching sequence profiles to leafs...
11.25	---Postorder: computing likelihoods...
11.39	---Computing root node sequence and total tree likelihood...
11.39	---Attaching sequence profiles to leafs...
11.40	---Postorder: computing likelihoods...
11.55	---Computing root node sequence and total tree likelihood...
11.55	---Attaching sequence profiles to leafs...
11.56	---Postorder: computing likelihoods...
11.70	---Computing root node sequence and total tree likelihood...
11.71	---Attaching sequence profiles to leafs...
11.71	---Postorder: computing likelihoods...
11.86	---Computing root node sequence and total tree likelihood...
11.86	---Attaching sequence profiles to leafs...
11.87	---Postorder: computing likelihoods...
12.02	---Computing root node sequence and total tree likelihood...

12.02	-treeanc:optimize_gtr_rate: optimization successful. Overall rate
     	 estimated to be 35.965570
12.02	--TreeAnc.infer_gtr: counting mutations...
12.28	---TreeAnc.infer_gtr: counting mutations...done

12.29	-GTR: with alphabet: ['A', 'B', 'C', 'D', 'E', 'F', 'G', 'H', 'I', 'J',
     	 'K', 'L', 'M', 'N', 'O', 'P', 'Q', 'R', 'S', 'T', 'U', 'V', 'W', 'X',
     	 'Y', 'Z', '[', '\\', ']', '^', '_', '`', 'a', 'b', 'c', 'd', 'e']
12.29	--GTR: ambiguous character: f
12.29	----GTR: no gap symbol!
12.29	---GTR: init with dummy values!

12.29	-GTR: model inference
12.29	---GTR inference iteration 0 change: 0.1643989873053573
12.29	---GTR inference iteration 1 change: 0.004050461549523679
12.29	---Attaching sequence profiles to leafs...
12.30	---Postorder: computing likelihoods...
12.45	---Computing root node sequence and total tree likelihood...
12.45	---Attaching sequence profiles to leafs...
12.46	---Postorder: computing likelihoods...
12.60	---Computing root node sequence and total tree likelihood...
12.61	---Attaching sequence profiles to leafs...
12.61	---Postorder: computing likelihoods...
12.76	---Computing root node sequence and total tree likelihood...
12.76	---Attaching sequence profiles to leafs...
12.77	---Postorder: computing likelihoods...
12.92	---Computing root node sequence and total tree likelihood...
12.92	---Attaching sequence profiles to leafs...
12.93	---Postorder: computing likelihoods...
13.07	---Computing root node sequence and total tree likelihood...
13.07	---Attaching sequence profiles to leafs...
13.08	---Postorder: computing likelihoods...
13.23	---Computing root node sequence and total tree likelihood...
13.23	---Attaching sequence profiles to leafs...
13.24	---Postorder: computing likelihoods...
13.39	---Computing root node sequence and total tree likelihood...
13.39	---Attaching sequence profiles to leafs...
13.40	---Postorder: computing likelihoods...
13.54	---Computing root node sequence and total tree likelihood...
13.54	---Attaching sequence profiles to leafs...
13.55	---Postorder: computing likelihoods...
13.70	---Computing root node sequence and total tree likelihood...
13.70	---Attaching sequence profiles to leafs...
13.71	---Postorder: computing likelihoods...
13.85	---Computing root node sequence and total tree likelihood...
13.85	---Attaching sequence profiles to leafs...
13.86	---Postorder: computing likelihoods...
14.01	---Computing root node sequence and total tree likelihood...
14.01	---Attaching sequence profiles to leafs...
14.02	---Postorder: computing likelihoods...
14.17	---Computing root node sequence and total tree likelihood...
14.17	---Attaching sequence profiles to leafs...
14.18	---Postorder: computing likelihoods...
14.32	---Computing root node sequence and total tree likelihood...
14.32	---Attaching sequence profiles to leafs...
14.33	---Postorder: computing likelihoods...
14.48	---Computing root node sequence and total tree likelihood...
14.48	---Attaching sequence profiles to leafs...
14.49	---Postorder: computing likelihoods...
14.63	---Computing root node sequence and total tree likelihood...
14.64	---Attaching sequence profiles to leafs...
14.64	---Postorder: computing likelihoods...
14.79	---Computing root node sequence and total tree likelihood...
14.79	---Attaching sequence profiles to leafs...
14.80	---Postorder: computing likelihoods...
14.95	---Computing root node sequence and total tree likelihood...
14.95	---Attaching sequence profiles to leafs...
14.96	---Postorder: computing likelihoods...
15.10	---Computing root node sequence and total tree likelihood...
15.10	---Attaching sequence profiles to leafs...
15.11	---Postorder: computing likelihoods...
15.26	---Computing root node sequence and total tree likelihood...

15.26	-treeanc:optimize_gtr_rate: optimization successful. Overall rate
     	 estimated to be 35.965542
15.26	--TreeAnc.infer_gtr: counting mutations...
15.53	---TreeAnc.infer_gtr: counting mutations...done

15.53	-GTR: with alphabet: ['A', 'B', 'C', 'D', 'E', 'F', 'G', 'H', 'I', 'J',
     	 'K', 'L', 'M', 'N', 'O', 'P', 'Q', 'R', 'S', 'T', 'U', 'V', 'W', 'X',
     	 'Y', 'Z', '[', '\\', ']', '^', '_', '`', 'a', 'b', 'c', 'd', 'e']
15.53	--GTR: ambiguous character: f
15.53	----GTR: no gap symbol!
15.53	---GTR: init with dummy values!

15.53	-GTR: model inference
15.53	---GTR inference iteration 0 change: 0.1643989873053573
15.53	---GTR inference iteration 1 change: 0.004050589288316147
15.53	---Attaching sequence profiles to leafs...
15.54	---Postorder: computing likelihoods...
15.69	---Computing root node sequence and total tree likelihood...
15.69	---Attaching sequence profiles to leafs...
15.70	---Postorder: computing likelihoods...
15.84	---Computing root node sequence and total tree likelihood...
15.84	---Attaching sequence profiles to leafs...
15.85	---Postorder: computing likelihoods...
16.00	---Computing root node sequence and total tree likelihood...
16.00	---Attaching sequence profiles to leafs...
16.01	---Postorder: computing likelihoods...
16.16	---Computing root node sequence and total tree likelihood...
16.16	---Attaching sequence profiles to leafs...
16.17	---Postorder: computing likelihoods...
16.31	---Computing root node sequence and total tree likelihood...
16.31	---Attaching sequence profiles to leafs...
16.32	---Postorder: computing likelihoods...
16.47	---Computing root node sequence and total tree likelihood...
16.47	---Attaching sequence profiles to leafs...
16.48	---Postorder: computing likelihoods...
16.62	---Computing root node sequence and total tree likelihood...
16.62	---Attaching sequence profiles to leafs...
16.63	---Postorder: computing likelihoods...
16.78	---Computing root node sequence and total tree likelihood...
16.78	---Attaching sequence profiles to leafs...
16.79	---Postorder: computing likelihoods...
16.93	---Computing root node sequence and total tree likelihood...
16.93	---Attaching sequence profiles to leafs...
16.94	---Postorder: computing likelihoods...
17.09	---Computing root node sequence and total tree likelihood...
17.09	---Attaching sequence profiles to leafs...
17.10	---Postorder: computing likelihoods...
17.25	---Computing root node sequence and total tree likelihood...
17.25	---Attaching sequence profiles to leafs...
17.26	---Postorder: computing likelihoods...
17.40	---Computing root node sequence and total tree likelihood...
17.40	---Attaching sequence profiles to leafs...
17.41	---Postorder: computing likelihoods...
17.56	---Computing root node sequence and total tree likelihood...
17.56	---Attaching sequence profiles to leafs...
17.57	---Postorder: computing likelihoods...
17.71	---Computing root node sequence and total tree likelihood...
17.71	---Attaching sequence profiles to leafs...
17.72	---Postorder: computing likelihoods...
17.87	---Computing root node sequence and total tree likelihood...
17.87	---Attaching sequence profiles to leafs...
17.88	---Postorder: computing likelihoods...
18.02	---Computing root node sequence and total tree likelihood...
18.03	---Attaching sequence profiles to leafs...
18.03	---Postorder: computing likelihoods...
18.18	---Computing root node sequence and total tree likelihood...

18.18	-treeanc:optimize_gtr_rate: optimization successful. Overall rate
     	 estimated to be 35.965537
18.18	--TreeAnc.infer_gtr: counting mutations...
18.45	---TreeAnc.infer_gtr: counting mutations...done

18.45	-GTR: with alphabet: ['A', 'B', 'C', 'D', 'E', 'F', 'G', 'H', 'I', 'J',
     	 'K', 'L', 'M', 'N', 'O', 'P', 'Q', 'R', 'S', 'T', 'U', 'V', 'W', 'X',
     	 'Y', 'Z', '[', '\\', ']', '^', '_', '`', 'a', 'b', 'c', 'd', 'e']
18.45	--GTR: ambiguous character: f
18.45	----GTR: no gap symbol!
18.45	---GTR: init with dummy values!

18.45	-GTR: model inference
18.45	---GTR inference iteration 0 change: 0.1643989873053573
18.45	---GTR inference iteration 1 change: 0.00405060994055515
18.45	---Attaching sequence profiles to leafs...
18.46	---Postorder: computing likelihoods...
18.61	---Computing root node sequence and total tree likelihood...
18.61	---Attaching sequence profiles to leafs...
18.62	---Postorder: computing likelihoods...
18.77	---Computing root node sequence and total tree likelihood...
18.77	---Attaching sequence profiles to leafs...
18.78	---Postorder: computing likelihoods...
18.92	---Computing root node sequence and total tree likelihood...
18.92	---Attaching sequence profiles to leafs...
18.93	---Postorder: computing likelihoods...
19.08	---Computing root node sequence and total tree likelihood...
19.08	---Attaching sequence profiles to leafs...
19.09	---Postorder: computing likelihoods...
19.23	---Computing root node sequence and total tree likelihood...
19.24	---Attaching sequence profiles to leafs...
19.24	---Postorder: computing likelihoods...
19.39	---Computing root node sequence and total tree likelihood...
19.39	---Attaching sequence profiles to leafs...
19.40	---Postorder: computing likelihoods...
19.55	---Computing root node sequence and total tree likelihood...
19.55	---Attaching sequence profiles to leafs...
19.56	---Postorder: computing likelihoods...
19.70	---Computing root node sequence and total tree likelihood...
19.70	---Attaching sequence profiles to leafs...
19.71	---Postorder: computing likelihoods...
19.86	---Computing root node sequence and total tree likelihood...
19.86	---Attaching sequence profiles to leafs...
19.87	---Postorder: computing likelihoods...
20.02	---Computing root node sequence and total tree likelihood...
20.02	---Attaching sequence profiles to leafs...
20.03	---Postorder: computing likelihoods...
20.17	---Computing root node sequence and total tree likelihood...
20.17	---Attaching sequence profiles to leafs...
20.18	---Postorder: computing likelihoods...
20.33	---Computing root node sequence and total tree likelihood...
20.33	---Attaching sequence profiles to leafs...
20.34	---Postorder: computing likelihoods...
20.48	---Computing root node sequence and total tree likelihood...
20.48	---Attaching sequence profiles to leafs...
20.49	---Postorder: computing likelihoods...
20.64	---Computing root node sequence and total tree likelihood...
20.64	---Attaching sequence profiles to leafs...
20.65	---Postorder: computing likelihoods...
20.79	---Computing root node sequence and total tree likelihood...
20.80	---Attaching sequence profiles to leafs...
20.80	---Postorder: computing likelihoods...
20.95	---Computing root node sequence and total tree likelihood...
20.95	---Attaching sequence profiles to leafs...
20.96	---Postorder: computing likelihoods...
21.11	---Computing root node sequence and total tree likelihood...
21.11	---Attaching sequence profiles to leafs...
21.12	---Postorder: computing likelihoods...
21.26	---Computing root node sequence and total tree likelihood...

21.26	-treeanc:optimize_gtr_rate: optimization successful. Overall rate
     	 estimated to be 35.965534

21.26	-TreeAnc.infer_ancestral_sequences with method: probabilistic, marginal
21.26	--TreeAnc._ml_anc_marginal: type of reconstruction: Marginal
21.26	---Attaching sequence profiles to leafs...
21.27	---Postorder: computing likelihoods...
21.42	---Computing root node sequence and total tree likelihood...
21.42	---Preorder: computing marginal profiles...
21.67	---TreeAnc._ml_anc_marginal: ...done
NOTE: previous versions (<0.7.0) of this command made a 'short-branch
length assumption. TreeTime now optimizes the overall rate numerically
and thus allows for long branches along which multiple changes
accumulated. This is expected to affect estimates of the overall rate
while leaving the relative rates mostly unchanged.
