
0.00	-TreeAnc: set-up
Assigned discrete traits to 598 out of 598 taxa.


0.36	-SequenceData: loaded alignment.

0.37	-SeqData: making compressed alignment...

0.37	-SequenceData: constructed compressed alignment...

0.41	-TreeAnc.infer_ancestral_sequences with method: ml, marginal
0.41	--TreeAnc._ml_anc_marginal: type of reconstruction: Marginal
0.41	---Attaching sequence profiles to leafs...
0.43	---Postorder: computing likelihoods...
0.53	---Computing root node sequence and total tree likelihood...
0.53	---Preorder: computing marginal profiles...
0.65	---TreeAnc._ml_anc_marginal: ...done
1.13	--TreeAnc.infer_gtr: counting mutations...
1.32	---TreeAnc.infer_gtr: counting mutations...done

1.32	-GTR: with alphabet: ['A', 'B', 'C', 'D', 'E', 'F', 'G', 'H', 'I', 'J',
    	 'K']
1.32	--GTR: ambiguous character: L
1.32	----GTR: no gap symbol!
1.32	---GTR: init with dummy values!

1.32	-GTR: model inference
1.32	---GTR inference iteration 0 change: 0.30151134457776363
1.32	---GTR inference iteration 1 change: 0.011535408654014909
1.32	---GTR inference iteration 2 change: 5.695435408329268e-05
1.32	--TreeAnc._ml_anc_marginal: type of reconstruction: Marginal
1.32	---Attaching sequence profiles to leafs...
1.33	---Postorder: computing likelihoods...
1.43	---Computing root node sequence and total tree likelihood...
1.43	---Preorder: computing marginal profiles...
1.62	---TreeAnc._ml_anc_marginal: ...done
2.10	---Attaching sequence profiles to leafs...
2.11	---Postorder: computing likelihoods...
2.21	---Computing root node sequence and total tree likelihood...
2.21	---Attaching sequence profiles to leafs...
2.22	---Postorder: computing likelihoods...
2.32	---Computing root node sequence and total tree likelihood...
2.32	---Attaching sequence profiles to leafs...
2.33	---Postorder: computing likelihoods...
2.42	---Computing root node sequence and total tree likelihood...
2.42	---Attaching sequence profiles to leafs...
2.43	---Postorder: computing likelihoods...
2.53	---Computing root node sequence and total tree likelihood...
2.53	---Attaching sequence profiles to leafs...
2.54	---Postorder: computing likelihoods...
2.63	---Computing root node sequence and total tree likelihood...
2.63	---Attaching sequence profiles to leafs...
2.64	---Postorder: computing likelihoods...
2.74	---Computing root node sequence and total tree likelihood...
2.74	---Attaching sequence profiles to leafs...
2.75	---Postorder: computing likelihoods...
2.84	---Computing root node sequence and total tree likelihood...
2.84	---Attaching sequence profiles to leafs...
2.85	---Postorder: computing likelihoods...
2.95	---Computing root node sequence and total tree likelihood...
2.95	---Attaching sequence profiles to leafs...
2.96	---Postorder: computing likelihoods...
3.05	---Computing root node sequence and total tree likelihood...
3.05	---Attaching sequence profiles to leafs...
3.06	---Postorder: computing likelihoods...
3.16	---Computing root node sequence and total tree likelihood...
3.16	---Attaching sequence profiles to leafs...
3.17	---Postorder: computing likelihoods...
3.26	---Computing root node sequence and total tree likelihood...
3.26	---Attaching sequence profiles to leafs...
3.27	---Postorder: computing likelihoods...
3.37	---Computing root node sequence and total tree likelihood...
3.37	---Attaching sequence profiles to leafs...
3.38	---Postorder: computing likelihoods...
3.47	---Computing root node sequence and total tree likelihood...
3.47	---Attaching sequence profiles to leafs...
3.48	---Postorder: computing likelihoods...
3.58	---Computing root node sequence and total tree likelihood...
3.58	---Attaching sequence profiles to leafs...
3.59	---Postorder: computing likelihoods...
3.68	---Computing root node sequence and total tree likelihood...
3.68	---Attaching sequence profiles to leafs...
3.69	---Postorder: computing likelihoods...
3.79	---Computing root node sequence and total tree likelihood...
3.79	---Attaching sequence profiles to leafs...
3.80	---Postorder: computing likelihoods...
3.89	---Computing root node sequence and total tree likelihood...
3.89	---Attaching sequence profiles to leafs...
3.90	---Postorder: computing likelihoods...
4.00	---Computing root node sequence and total tree likelihood...
4.00	---Attaching sequence profiles to leafs...
4.01	---Postorder: computing likelihoods...
4.10	---Computing root node sequence and total tree likelihood...

4.10	-treeanc:optimize_gtr_rate: optimization successful. Overall rate estimated
    	 to be 9.600937
4.10	--TreeAnc.infer_gtr: counting mutations...
4.29	---TreeAnc.infer_gtr: counting mutations...done

4.29	-GTR: with alphabet: ['A', 'B', 'C', 'D', 'E', 'F', 'G', 'H', 'I', 'J',
    	 'K']
4.29	--GTR: ambiguous character: L
4.29	----GTR: no gap symbol!
4.29	---GTR: init with dummy values!

4.29	-GTR: model inference
4.29	---GTR inference iteration 0 change: 0.30151134457776363
4.29	---GTR inference iteration 1 change: 0.011546588767046168
4.29	---GTR inference iteration 2 change: 5.6937958632940445e-05
4.29	---Attaching sequence profiles to leafs...
4.30	---Postorder: computing likelihoods...
4.40	---Computing root node sequence and total tree likelihood...
4.40	---Attaching sequence profiles to leafs...
4.41	---Postorder: computing likelihoods...
4.50	---Computing root node sequence and total tree likelihood...
4.50	---Attaching sequence profiles to leafs...
4.51	---Postorder: computing likelihoods...
4.61	---Computing root node sequence and total tree likelihood...
4.61	---Attaching sequence profiles to leafs...
4.62	---Postorder: computing likelihoods...
4.71	---Computing root node sequence and total tree likelihood...
4.71	---Attaching sequence profiles to leafs...
4.72	---Postorder: computing likelihoods...
4.82	---Computing root node sequence and total tree likelihood...
4.82	---Attaching sequence profiles to leafs...
4.83	---Postorder: computing likelihoods...
4.92	---Computing root node sequence and total tree likelihood...
4.92	---Attaching sequence profiles to leafs...
4.93	---Postorder: computing likelihoods...
5.03	---Computing root node sequence and total tree likelihood...
5.03	---Attaching sequence profiles to leafs...
5.04	---Postorder: computing likelihoods...
5.13	---Computing root node sequence and total tree likelihood...
5.13	---Attaching sequence profiles to leafs...
5.14	---Postorder: computing likelihoods...
5.24	---Computing root node sequence and total tree likelihood...
5.24	---Attaching sequence profiles to leafs...
5.25	---Postorder: computing likelihoods...
5.34	---Computing root node sequence and total tree likelihood...
5.34	---Attaching sequence profiles to leafs...
5.35	---Postorder: computing likelihoods...
5.45	---Computing root node sequence and total tree likelihood...
5.45	---Attaching sequence profiles to leafs...
5.46	---Postorder: computing likelihoods...
5.55	---Computing root node sequence and total tree likelihood...
5.55	---Attaching sequence profiles to leafs...
5.56	---Postorder: computing likelihoods...
5.66	---Computing root node sequence and total tree likelihood...
5.66	---Attaching sequence profiles to leafs...
5.67	---Postorder: computing likelihoods...
5.76	---Computing root node sequence and total tree likelihood...
5.76	---Attaching sequence profiles to leafs...
5.77	---Postorder: computing likelihoods...
5.87	---Computing root node sequence and total tree likelihood...
5.87	---Attaching sequence profiles to leafs...
5.88	---Postorder: computing likelihoods...
5.97	---Computing root node sequence and total tree likelihood...
5.97	---Attaching sequence profiles to leafs...
5.98	---Postorder: computing likelihoods...
6.08	---Computing root node sequence and total tree likelihood...
6.08	---Attaching sequence profiles to leafs...
6.09	---Postorder: computing likelihoods...
6.19	---Computing root node sequence and total tree likelihood...
6.19	---Attaching sequence profiles to leafs...
6.19	---Postorder: computing likelihoods...
6.29	---Computing root node sequence and total tree likelihood...
6.29	---Attaching sequence profiles to leafs...
6.30	---Postorder: computing likelihoods...
6.40	---Computing root node sequence and total tree likelihood...
6.40	---Attaching sequence profiles to leafs...
6.40	---Postorder: computing likelihoods...
6.50	---Computing root node sequence and total tree likelihood...
6.50	---Attaching sequence profiles to leafs...
6.51	---Postorder: computing likelihoods...
6.61	---Computing root node sequence and total tree likelihood...
6.61	---Attaching sequence profiles to leafs...
6.61	---Postorder: computing likelihoods...
6.71	---Computing root node sequence and total tree likelihood...

6.71	-treeanc:optimize_gtr_rate: optimization successful. Overall rate estimated
    	 to be 9.600340
6.71	--TreeAnc.infer_gtr: counting mutations...
6.89	---TreeAnc.infer_gtr: counting mutations...done

6.89	-GTR: with alphabet: ['A', 'B', 'C', 'D', 'E', 'F', 'G', 'H', 'I', 'J',
    	 'K']
6.89	--GTR: ambiguous character: L
6.89	----GTR: no gap symbol!
6.89	---GTR: init with dummy values!

6.90	-GTR: model inference
6.90	---GTR inference iteration 0 change: 0.30151134457776363
6.90	---GTR inference iteration 1 change: 0.011543279505075393
6.90	---GTR inference iteration 2 change: 5.704100831710676e-05
6.90	---Attaching sequence profiles to leafs...
6.91	---Postorder: computing likelihoods...
7.00	---Computing root node sequence and total tree likelihood...
7.00	---Attaching sequence profiles to leafs...
7.01	---Postorder: computing likelihoods...
7.11	---Computing root node sequence and total tree likelihood...
7.11	---Attaching sequence profiles to leafs...
7.12	---Postorder: computing likelihoods...
7.21	---Computing root node sequence and total tree likelihood...
7.21	---Attaching sequence profiles to leafs...
7.22	---Postorder: computing likelihoods...
7.32	---Computing root node sequence and total tree likelihood...
7.32	---Attaching sequence profiles to leafs...
7.33	---Postorder: computing likelihoods...
7.42	---Computing root node sequence and total tree likelihood...
7.43	---Attaching sequence profiles to leafs...
7.43	---Postorder: computing likelihoods...
7.53	---Computing root node sequence and total tree likelihood...
7.53	---Attaching sequence profiles to leafs...
7.54	---Postorder: computing likelihoods...
7.63	---Computing root node sequence and total tree likelihood...
7.64	---Attaching sequence profiles to leafs...
7.64	---Postorder: computing likelihoods...
7.74	---Computing root node sequence and total tree likelihood...
7.74	---Attaching sequence profiles to leafs...
7.75	---Postorder: computing likelihoods...
7.85	---Computing root node sequence and total tree likelihood...
7.85	---Attaching sequence profiles to leafs...
7.85	---Postorder: computing likelihoods...
7.95	---Computing root node sequence and total tree likelihood...
7.95	---Attaching sequence profiles to leafs...
7.96	---Postorder: computing likelihoods...
8.06	---Computing root node sequence and total tree likelihood...
8.06	---Attaching sequence profiles to leafs...
8.06	---Postorder: computing likelihoods...
8.16	---Computing root node sequence and total tree likelihood...
8.16	---Attaching sequence profiles to leafs...
8.17	---Postorder: computing likelihoods...
8.27	---Computing root node sequence and total tree likelihood...
8.27	---Attaching sequence profiles to leafs...
8.28	---Postorder: computing likelihoods...
8.37	---Computing root node sequence and total tree likelihood...
8.37	---Attaching sequence profiles to leafs...
8.38	---Postorder: computing likelihoods...
8.48	---Computing root node sequence and total tree likelihood...
8.48	---Attaching sequence profiles to leafs...
8.49	---Postorder: computing likelihoods...
8.58	---Computing root node sequence and total tree likelihood...
8.58	---Attaching sequence profiles to leafs...
8.59	---Postorder: computing likelihoods...
8.69	---Computing root node sequence and total tree likelihood...
8.69	---Attaching sequence profiles to leafs...
8.70	---Postorder: computing likelihoods...
8.79	---Computing root node sequence and total tree likelihood...
8.79	---Attaching sequence profiles to leafs...
8.80	---Postorder: computing likelihoods...
8.90	---Computing root node sequence and total tree likelihood...

8.90	-treeanc:optimize_gtr_rate: optimization successful. Overall rate estimated
    	 to be 9.600468
8.90	--TreeAnc.infer_gtr: counting mutations...
9.08	---TreeAnc.infer_gtr: counting mutations...done

9.08	-GTR: with alphabet: ['A', 'B', 'C', 'D', 'E', 'F', 'G', 'H', 'I', 'J',
    	 'K']
9.08	--GTR: ambiguous character: L
9.08	----GTR: no gap symbol!
9.08	---GTR: init with dummy values!

9.08	-GTR: model inference
9.08	---GTR inference iteration 0 change: 0.30151134457776363
9.08	---GTR inference iteration 1 change: 0.011543126481392395
9.08	---GTR inference iteration 2 change: 5.706297452855817e-05
9.08	---Attaching sequence profiles to leafs...
9.09	---Postorder: computing likelihoods...
9.19	---Computing root node sequence and total tree likelihood...
9.19	---Attaching sequence profiles to leafs...
9.20	---Postorder: computing likelihoods...
9.30	---Computing root node sequence and total tree likelihood...
9.30	---Attaching sequence profiles to leafs...
9.31	---Postorder: computing likelihoods...
9.40	---Computing root node sequence and total tree likelihood...
9.40	---Attaching sequence profiles to leafs...
9.41	---Postorder: computing likelihoods...
9.51	---Computing root node sequence and total tree likelihood...
9.51	---Attaching sequence profiles to leafs...
9.52	---Postorder: computing likelihoods...
9.61	---Computing root node sequence and total tree likelihood...
9.61	---Attaching sequence profiles to leafs...
9.62	---Postorder: computing likelihoods...
9.72	---Computing root node sequence and total tree likelihood...
9.72	---Attaching sequence profiles to leafs...
9.73	---Postorder: computing likelihoods...
9.82	---Computing root node sequence and total tree likelihood...
9.82	---Attaching sequence profiles to leafs...
9.83	---Postorder: computing likelihoods...
9.93	---Computing root node sequence and total tree likelihood...
9.93	---Attaching sequence profiles to leafs...
9.94	---Postorder: computing likelihoods...
10.03	---Computing root node sequence and total tree likelihood...
10.03	---Attaching sequence profiles to leafs...
10.04	---Postorder: computing likelihoods...
10.14	---Computing root node sequence and total tree likelihood...
10.14	---Attaching sequence profiles to leafs...
10.15	---Postorder: computing likelihoods...
10.24	---Computing root node sequence and total tree likelihood...
10.24	---Attaching sequence profiles to leafs...
10.25	---Postorder: computing likelihoods...
10.35	---Computing root node sequence and total tree likelihood...
10.35	---Attaching sequence profiles to leafs...
10.36	---Postorder: computing likelihoods...
10.45	---Computing root node sequence and total tree likelihood...
10.45	---Attaching sequence profiles to leafs...
10.46	---Postorder: computing likelihoods...
10.56	---Computing root node sequence and total tree likelihood...
10.56	---Attaching sequence profiles to leafs...
10.57	---Postorder: computing likelihoods...
10.66	---Computing root node sequence and total tree likelihood...
10.66	---Attaching sequence profiles to leafs...
10.67	---Postorder: computing likelihoods...
10.77	---Computing root node sequence and total tree likelihood...
10.77	---Attaching sequence profiles to leafs...
10.78	---Postorder: computing likelihoods...
10.87	---Computing root node sequence and total tree likelihood...
10.87	---Attaching sequence profiles to leafs...
10.88	---Postorder: computing likelihoods...
10.98	---Computing root node sequence and total tree likelihood...
10.98	---Attaching sequence profiles to leafs...
10.99	---Postorder: computing likelihoods...
11.08	---Computing root node sequence and total tree likelihood...

11.08	-treeanc:optimize_gtr_rate: optimization successful. Overall rate
     	 estimated to be 9.600493
11.08	--TreeAnc.infer_gtr: counting mutations...
11.27	---TreeAnc.infer_gtr: counting mutations...done

11.27	-GTR: with alphabet: ['A', 'B', 'C', 'D', 'E', 'F', 'G', 'H', 'I', 'J',
     	 'K']
11.27	--GTR: ambiguous character: L
11.27	----GTR: no gap symbol!
11.27	---GTR: init with dummy values!

11.27	-GTR: model inference
11.27	---GTR inference iteration 0 change: 0.30151134457776363
11.27	---GTR inference iteration 1 change: 0.011543144750968582
11.27	---GTR inference iteration 2 change: 5.706674963805301e-05
11.27	---Attaching sequence profiles to leafs...
11.28	---Postorder: computing likelihoods...
11.38	---Computing root node sequence and total tree likelihood...
11.38	---Attaching sequence profiles to leafs...
11.39	---Postorder: computing likelihoods...
11.48	---Computing root node sequence and total tree likelihood...
11.48	---Attaching sequence profiles to leafs...
11.49	---Postorder: computing likelihoods...
11.59	---Computing root node sequence and total tree likelihood...
11.59	---Attaching sequence profiles to leafs...
11.60	---Postorder: computing likelihoods...
11.69	---Computing root node sequence and total tree likelihood...
11.69	---Attaching sequence profiles to leafs...
11.70	---Postorder: computing likelihoods...
11.80	---Computing root node sequence and total tree likelihood...
11.80	---Attaching sequence profiles to leafs...
11.81	---Postorder: computing likelihoods...
11.90	---Computing root node sequence and total tree likelihood...
11.90	---Attaching sequence profiles to leafs...
11.91	---Postorder: computing likelihoods...
12.01	---Computing root node sequence and total tree likelihood...
12.01	---Attaching sequence profiles to leafs...
12.02	---Postorder: computing likelihoods...
12.11	---Computing root node sequence and total tree likelihood...
12.12	---Attaching sequence profiles to leafs...
12.12	---Postorder: computing likelihoods...
12.22	---Computing root node sequence and total tree likelihood...
12.22	---Attaching sequence profiles to leafs...
12.23	---Postorder: computing likelihoods...
12.32	---Computing root node sequence and total tree likelihood...
12.33	---Attaching sequence profiles to leafs...
12.33	---Postorder: computing likelihoods...
12.43	---Computing root node sequence and total tree likelihood...
12.43	---Attaching sequence profiles to leafs...
12.44	---Postorder: computing likelihoods...
12.54	---Computing root node sequence and total tree likelihood...
12.54	---Attaching sequence profiles to leafs...
12.55	---Postorder: computing likelihoods...
12.64	---Computing root node sequence and total tree likelihood...
12.64	---Attaching sequence profiles to leafs...
12.65	---Postorder: computing likelihoods...
12.75	---Computing root node sequence and total tree likelihood...
12.75	---Attaching sequence profiles to leafs...
12.76	---Postorder: computing likelihoods...
12.85	---Computing root node sequence and total tree likelihood...
12.85	---Attaching sequence profiles to leafs...
12.86	---Postorder: computing likelihoods...
12.96	---Computing root node sequence and total tree likelihood...
12.96	---Attaching sequence profiles to leafs...
12.97	---Postorder: computing likelihoods...
13.06	---Computing root node sequence and total tree likelihood...
13.06	---Attaching sequence profiles to leafs...
13.07	---Postorder: computing likelihoods...
13.17	---Computing root node sequence and total tree likelihood...
13.17	---Attaching sequence profiles to leafs...
13.18	---Postorder: computing likelihoods...
13.27	---Computing root node sequence and total tree likelihood...
13.27	---Attaching sequence profiles to leafs...
13.28	---Postorder: computing likelihoods...
13.38	---Computing root node sequence and total tree likelihood...
13.38	---Attaching sequence profiles to leafs...
13.39	---Postorder: computing likelihoods...
13.48	---Computing root node sequence and total tree likelihood...

13.49	-treeanc:optimize_gtr_rate: optimization successful. Overall rate
     	 estimated to be 9.600497
13.49	--TreeAnc.infer_gtr: counting mutations...
13.67	---TreeAnc.infer_gtr: counting mutations...done

13.67	-GTR: with alphabet: ['A', 'B', 'C', 'D', 'E', 'F', 'G', 'H', 'I', 'J',
     	 'K']
13.67	--GTR: ambiguous character: L
13.67	----GTR: no gap symbol!
13.67	---GTR: init with dummy values!

13.67	-GTR: model inference
13.67	---GTR inference iteration 0 change: 0.30151134457776363
13.67	---GTR inference iteration 1 change: 0.01154315290163181
13.67	---GTR inference iteration 2 change: 5.706739447025402e-05
13.67	---Attaching sequence profiles to leafs...
13.68	---Postorder: computing likelihoods...
13.78	---Computing root node sequence and total tree likelihood...
13.78	---Attaching sequence profiles to leafs...
13.79	---Postorder: computing likelihoods...
13.89	---Computing root node sequence and total tree likelihood...
13.89	---Attaching sequence profiles to leafs...
13.90	---Postorder: computing likelihoods...
13.99	---Computing root node sequence and total tree likelihood...
13.99	---Attaching sequence profiles to leafs...
14.00	---Postorder: computing likelihoods...
14.10	---Computing root node sequence and total tree likelihood...
14.10	---Attaching sequence profiles to leafs...
14.11	---Postorder: computing likelihoods...
14.20	---Computing root node sequence and total tree likelihood...
14.20	---Attaching sequence profiles to leafs...
14.21	---Postorder: computing likelihoods...
14.31	---Computing root node sequence and total tree likelihood...
14.31	---Attaching sequence profiles to leafs...
14.32	---Postorder: computing likelihoods...
14.41	---Computing root node sequence and total tree likelihood...
14.41	---Attaching sequence profiles to leafs...
14.42	---Postorder: computing likelihoods...
14.52	---Computing root node sequence and total tree likelihood...
14.52	---Attaching sequence profiles to leafs...
14.53	---Postorder: computing likelihoods...
14.62	---Computing root node sequence and total tree likelihood...
14.63	---Attaching sequence profiles to leafs...
14.63	---Postorder: computing likelihoods...
14.73	---Computing root node sequence and total tree likelihood...
14.73	---Attaching sequence profiles to leafs...
14.74	---Postorder: computing likelihoods...
14.84	---Computing root node sequence and total tree likelihood...
14.84	---Attaching sequence profiles to leafs...
14.85	---Postorder: computing likelihoods...
14.94	---Computing root node sequence and total tree likelihood...
14.94	---Attaching sequence profiles to leafs...
14.95	---Postorder: computing likelihoods...
15.05	---Computing root node sequence and total tree likelihood...
15.05	---Attaching sequence profiles to leafs...
15.06	---Postorder: computing likelihoods...
15.15	---Computing root node sequence and total tree likelihood...
15.15	---Attaching sequence profiles to leafs...
15.16	---Postorder: computing likelihoods...
15.26	---Computing root node sequence and total tree likelihood...
15.26	---Attaching sequence profiles to leafs...
15.27	---Postorder: computing likelihoods...
15.36	---Computing root node sequence and total tree likelihood...
15.36	---Attaching sequence profiles to leafs...
15.37	---Postorder: computing likelihoods...
15.47	---Computing root node sequence and total tree likelihood...
15.47	---Attaching sequence profiles to leafs...
15.48	---Postorder: computing likelihoods...
15.57	---Computing root node sequence and total tree likelihood...

15.58	-treeanc:optimize_gtr_rate: optimization successful. Overall rate
     	 estimated to be 9.600499

15.58	-TreeAnc.infer_ancestral_sequences with method: probabilistic, marginal
15.58	--TreeAnc._ml_anc_marginal: type of reconstruction: Marginal
15.58	---Attaching sequence profiles to leafs...
15.58	---Postorder: computing likelihoods...
15.68	---Computing root node sequence and total tree likelihood...
15.68	---Preorder: computing marginal profiles...
15.87	---TreeAnc._ml_anc_marginal: ...done
NOTE: previous versions (<0.7.0) of this command made a 'short-branch
length assumption. TreeTime now optimizes the overall rate numerically
and thus allows for long branches along which multiple changes
accumulated. This is expected to affect estimates of the overall rate
while leaving the relative rates mostly unchanged.
