
0.00	-TreeAnc: set-up
Assigned discrete traits to 598 out of 598 taxa.


0.36	-SequenceData: loaded alignment.

0.36	-SeqData: making compressed alignment...

0.37	-SequenceData: constructed compressed alignment...

0.41	-TreeAnc.infer_ancestral_sequences with method: ml, marginal
0.41	--TreeAnc._ml_anc_marginal: type of reconstruction: Marginal
0.41	---Attaching sequence profiles to leafs...
0.43	---Postorder: computing likelihoods...
0.59	---Computing root node sequence and total tree likelihood...
0.59	---Preorder: computing marginal profiles...
0.74	---TreeAnc._ml_anc_marginal: ...done
1.23	--TreeAnc.infer_gtr: counting mutations...
1.52	---TreeAnc.infer_gtr: counting mutations...done

1.52	-GTR: with alphabet: ['A', 'B', 'C', 'D', 'E', 'F', 'G', 'H', 'I', 'J',
    	 'K', 'L', 'M', 'N', 'O', 'P', 'Q', 'R', 'S', 'T', 'U', 'V', 'W', 'X', 'Y',
    	 'Z', '[', '\\', ']', '^', '_', '`', 'a', 'b', 'c', 'd', 'e', 'f']
1.53	--GTR: ambiguous character: g
1.53	----GTR: no gap symbol!
1.53	---GTR: init with dummy values!

1.53	-GTR: model inference
1.53	---GTR inference iteration 0 change: 0.16222142113076252
1.53	---GTR inference iteration 1 change: 0.022300721183551437
1.53	---GTR inference iteration 2 change: 0.0006989927106801544
1.53	---GTR inference iteration 3 change: 0.00010884113120871152
1.53	--TreeAnc._ml_anc_marginal: type of reconstruction: Marginal
1.53	---Attaching sequence profiles to leafs...
1.54	---Postorder: computing likelihoods...
1.70	---Computing root node sequence and total tree likelihood...
1.70	---Preorder: computing marginal profiles...
1.97	---TreeAnc._ml_anc_marginal: ...done
2.46	---Attaching sequence profiles to leafs...
2.47	---Postorder: computing likelihoods...
2.63	---Computing root node sequence and total tree likelihood...
2.63	---Attaching sequence profiles to leafs...
2.64	---Postorder: computing likelihoods...
2.80	---Computing root node sequence and total tree likelihood...
2.80	---Attaching sequence profiles to leafs...
2.81	---Postorder: computing likelihoods...
2.97	---Computing root node sequence and total tree likelihood...
2.97	---Attaching sequence profiles to leafs...
2.98	---Postorder: computing likelihoods...
3.14	---Computing root node sequence and total tree likelihood...
3.14	---Attaching sequence profiles to leafs...
3.15	---Postorder: computing likelihoods...
3.31	---Computing root node sequence and total tree likelihood...
3.31	---Attaching sequence profiles to leafs...
3.32	---Postorder: computing likelihoods...
3.47	---Computing root node sequence and total tree likelihood...
3.48	---Attaching sequence profiles to leafs...
3.49	---Postorder: computing likelihoods...
3.64	---Computing root node sequence and total tree likelihood...
3.64	---Attaching sequence profiles to leafs...
3.65	---Postorder: computing likelihoods...
3.81	---Computing root node sequence and total tree likelihood...
3.81	---Attaching sequence profiles to leafs...
3.82	---Postorder: computing likelihoods...
3.98	---Computing root node sequence and total tree likelihood...
3.98	---Attaching sequence profiles to leafs...
3.99	---Postorder: computing likelihoods...
4.15	---Computing root node sequence and total tree likelihood...
4.15	---Attaching sequence profiles to leafs...
4.16	---Postorder: computing likelihoods...
4.32	---Computing root node sequence and total tree likelihood...
4.32	---Attaching sequence profiles to leafs...
4.33	---Postorder: computing likelihoods...
4.49	---Computing root node sequence and total tree likelihood...
4.49	---Attaching sequence profiles to leafs...
4.50	---Postorder: computing likelihoods...
4.65	---Computing root node sequence and total tree likelihood...
4.66	---Attaching sequence profiles to leafs...
4.66	---Postorder: computing likelihoods...
4.82	---Computing root node sequence and total tree likelihood...
4.82	---Attaching sequence profiles to leafs...
4.83	---Postorder: computing likelihoods...
4.99	---Computing root node sequence and total tree likelihood...
4.99	---Attaching sequence profiles to leafs...
5.00	---Postorder: computing likelihoods...
5.16	---Computing root node sequence and total tree likelihood...
5.16	---Attaching sequence profiles to leafs...
5.17	---Postorder: computing likelihoods...
5.32	---Computing root node sequence and total tree likelihood...

5.33	-treeanc:optimize_gtr_rate: optimization successful. Overall rate estimated
    	 to be 93.406246
5.33	--TreeAnc.infer_gtr: counting mutations...
5.60	---TreeAnc.infer_gtr: counting mutations...done

5.60	-GTR: with alphabet: ['A', 'B', 'C', 'D', 'E', 'F', 'G', 'H', 'I', 'J',
    	 'K', 'L', 'M', 'N', 'O', 'P', 'Q', 'R', 'S', 'T', 'U', 'V', 'W', 'X', 'Y',
    	 'Z', '[', '\\', ']', '^', '_', '`', 'a', 'b', 'c', 'd', 'e', 'f']
5.60	--GTR: ambiguous character: g
5.60	----GTR: no gap symbol!
5.61	---GTR: init with dummy values!

5.61	-GTR: model inference
5.61	---GTR inference iteration 0 change: 0.16222142113076252
5.61	---GTR inference iteration 1 change: 0.023464517217074918
5.61	---GTR inference iteration 2 change: 0.000685720596027995
5.61	---GTR inference iteration 3 change: 0.00011940664975838978
5.61	---Attaching sequence profiles to leafs...
5.62	---Postorder: computing likelihoods...
5.77	---Computing root node sequence and total tree likelihood...
5.77	---Attaching sequence profiles to leafs...
5.78	---Postorder: computing likelihoods...
5.93	---Computing root node sequence and total tree likelihood...
5.93	---Attaching sequence profiles to leafs...
5.94	---Postorder: computing likelihoods...
6.09	---Computing root node sequence and total tree likelihood...
6.09	---Attaching sequence profiles to leafs...
6.10	---Postorder: computing likelihoods...
6.25	---Computing root node sequence and total tree likelihood...
6.26	---Attaching sequence profiles to leafs...
6.26	---Postorder: computing likelihoods...
6.41	---Computing root node sequence and total tree likelihood...
6.42	---Attaching sequence profiles to leafs...
6.42	---Postorder: computing likelihoods...
6.58	---Computing root node sequence and total tree likelihood...
6.58	---Attaching sequence profiles to leafs...
6.59	---Postorder: computing likelihoods...
6.74	---Computing root node sequence and total tree likelihood...
6.74	---Attaching sequence profiles to leafs...
6.75	---Postorder: computing likelihoods...
6.90	---Computing root node sequence and total tree likelihood...
6.90	---Attaching sequence profiles to leafs...
6.91	---Postorder: computing likelihoods...
7.06	---Computing root node sequence and total tree likelihood...
7.06	---Attaching sequence profiles to leafs...
7.07	---Postorder: computing likelihoods...
7.22	---Computing root node sequence and total tree likelihood...
7.22	---Attaching sequence profiles to leafs...
7.23	---Postorder: computing likelihoods...
7.38	---Computing root node sequence and total tree likelihood...
7.38	---Attaching sequence profiles to leafs...
7.39	---Postorder: computing likelihoods...
7.54	---Computing root node sequence and total tree likelihood...
7.55	---Attaching sequence profiles to leafs...
7.55	---Postorder: computing likelihoods...
7.70	---Computing root node sequence and total tree likelihood...
7.71	---Attaching sequence profiles to leafs...
7.71	---Postorder: computing likelihoods...
7.87	---Computing root node sequence and total tree likelihood...
7.87	---Attaching sequence profiles to leafs...
7.88	---Postorder: computing likelihoods...
8.03	---Computing root node sequence and total tree likelihood...
8.03	---Attaching sequence profiles to leafs...
8.04	---Postorder: computing likelihoods...
8.19	---Computing root node sequence and total tree likelihood...
8.19	---Attaching sequence profiles to leafs...
8.20	---Postorder: computing likelihoods...
8.35	---Computing root node sequence and total tree likelihood...

8.35	-treeanc:optimize_gtr_rate: optimization successful. Overall rate estimated
    	 to be 93.233818
8.35	--TreeAnc.infer_gtr: counting mutations...
8.63	---TreeAnc.infer_gtr: counting mutations...done

8.63	-GTR: with alphabet: ['A', 'B', 'C', 'D', 'E', 'F', 'G', 'H', 'I', 'J',
    	 'K', 'L', 'M', 'N', 'O', 'P', 'Q', 'R', 'S', 'T', 'U', 'V', 'W', 'X', 'Y',
    	 'Z', '[', '\\', ']', '^', '_', '`', 'a', 'b', 'c', 'd', 'e', 'f']
8.63	--GTR: ambiguous character: g
8.63	----GTR: no gap symbol!
8.63	---GTR: init with dummy values!

8.63	-GTR: model inference
8.63	---GTR inference iteration 0 change: 0.16222142113076252
8.63	---GTR inference iteration 1 change: 0.023555819001285474
8.63	---GTR inference iteration 2 change: 0.0006850882848512373
8.63	---GTR inference iteration 3 change: 0.00012045908327293474
8.63	---Attaching sequence profiles to leafs...
8.64	---Postorder: computing likelihoods...
8.80	---Computing root node sequence and total tree likelihood...
8.80	---Attaching sequence profiles to leafs...
8.81	---Postorder: computing likelihoods...
8.96	---Computing root node sequence and total tree likelihood...
8.96	---Attaching sequence profiles to leafs...
8.97	---Postorder: computing likelihoods...
9.12	---Computing root node sequence and total tree likelihood...
9.12	---Attaching sequence profiles to leafs...
9.13	---Postorder: computing likelihoods...
9.29	---Computing root node sequence and total tree likelihood...
9.29	---Attaching sequence profiles to leafs...
9.30	---Postorder: computing likelihoods...
9.45	---Computing root node sequence and total tree likelihood...
9.45	---Attaching sequence profiles to leafs...
9.46	---Postorder: computing likelihoods...
9.61	---Computing root node sequence and total tree likelihood...
9.61	---Attaching sequence profiles to leafs...
9.62	---Postorder: computing likelihoods...
9.77	---Computing root node sequence and total tree likelihood...
9.78	---Attaching sequence profiles to leafs...
9.78	---Postorder: computing likelihoods...
9.94	---Computing root node sequence and total tree likelihood...
9.94	---Attaching sequence profiles to leafs...
9.95	---Postorder: computing likelihoods...
10.10	---Computing root node sequence and total tree likelihood...
10.10	---Attaching sequence profiles to leafs...
10.11	---Postorder: computing likelihoods...
10.27	---Computing root node sequence and total tree likelihood...
10.27	---Attaching sequence profiles to leafs...
10.28	---Postorder: computing likelihoods...
10.43	---Computing root node sequence and total tree likelihood...
10.43	---Attaching sequence profiles to leafs...
10.44	---Postorder: computing likelihoods...
10.59	---Computing root node sequence and total tree likelihood...
10.59	---Attaching sequence profiles to leafs...
10.60	---Postorder: computing likelihoods...
10.76	---Computing root node sequence and total tree likelihood...
10.76	---Attaching sequence profiles to leafs...
10.77	---Postorder: computing likelihoods...
10.92	---Computing root node sequence and total tree likelihood...
10.92	---Attaching sequence profiles to leafs...
10.93	---Postorder: computing likelihoods...
11.08	---Computing root node sequence and total tree likelihood...
11.09	---Attaching sequence profiles to leafs...
11.09	---Postorder: computing likelihoods...
11.25	---Computing root node sequence and total tree likelihood...
11.25	---Attaching sequence profiles to leafs...
11.26	---Postorder: computing likelihoods...
11.41	---Computing root node sequence and total tree likelihood...
11.41	---Attaching sequence profiles to leafs...
11.42	---Postorder: computing likelihoods...
11.57	---Computing root node sequence and total tree likelihood...
11.58	---Attaching sequence profiles to leafs...
11.58	---Postorder: computing likelihoods...
11.74	---Computing root node sequence and total tree likelihood...

11.74	-treeanc:optimize_gtr_rate: optimization successful. Overall rate
     	 estimated to be 93.216782
11.74	--TreeAnc.infer_gtr: counting mutations...
12.01	---TreeAnc.infer_gtr: counting mutations...done

12.01	-GTR: with alphabet: ['A', 'B', 'C', 'D', 'E', 'F', 'G', 'H', 'I', 'J',
     	 'K', 'L', 'M', 'N', 'O', 'P', 'Q', 'R', 'S', 'T', 'U', 'V', 'W', 'X',
     	 'Y', 'Z', '[', '\\', ']', '^', '_', '`', 'a', 'b', 'c', 'd', 'e', 'f']
12.01	--GTR: ambiguous character: g
12.01	----GTR: no gap symbol!
12.01	---GTR: init with dummy values!

12.01	-GTR: model inference
12.01	---GTR inference iteration 0 change: 0.16222142113076252
12.01	---GTR inference iteration 1 change: 0.02356875966288476
12.01	---GTR inference iteration 2 change: 0.0006850171629752798
12.01	---GTR inference iteration 3 change: 0.00012063512367874537
12.02	---Attaching sequence profiles to leafs...
12.02	---Postorder: computing likelihoods...
12.18	---Computing root node sequence and total tree likelihood...
12.18	---Attaching sequence profiles to leafs...
12.19	---Postorder: computing likelihoods...
12.34	---Computing root node sequence and total tree likelihood...
12.34	---Attaching sequence profiles to leafs...
12.35	---Postorder: computing likelihoods...
12.50	---Computing root node sequence and total tree likelihood...
12.51	---Attaching sequence profiles to leafs...
12.51	---Postorder: computing likelihoods...
12.67	---Computing root node sequence and total tree likelihood...
12.67	---Attaching sequence profiles to leafs...
12.68	---Postorder: computing likelihoods...
12.83	---Computing root node sequence and total tree likelihood...
12.83	---Attaching sequence profiles to leafs...
12.84	---Postorder: computing likelihoods...
12.99	---Computing root node sequence and total tree likelihood...
12.99	---Attaching sequence profiles to leafs...
13.00	---Postorder: computing likelihoods...
13.16	---Computing root node sequence and total tree likelihood...
13.16	---Attaching sequence profiles to leafs...
13.17	---Postorder: computing likelihoods...
13.32	---Computing root node sequence and total tree likelihood...
13.32	---Attaching sequence profiles to leafs...
13.33	---Postorder: computing likelihoods...
13.48	---Computing root node sequence and total tree likelihood...
13.48	---Attaching sequence profiles to leafs...
13.49	---Postorder: computing likelihoods...
13.65	---Computing root node sequence and total tree likelihood...
13.65	---Attaching sequence profiles to leafs...
13.66	---Postorder: computing likelihoods...
13.81	---Computing root node sequence and total tree likelihood...
13.81	---Attaching sequence profiles to leafs...
13.82	---Postorder: computing likelihoods...
13.97	---Computing root node sequence and total tree likelihood...
13.97	---Attaching sequence profiles to leafs...
13.98	---Postorder: computing likelihoods...
14.14	---Computing root node sequence and total tree likelihood...
14.14	---Attaching sequence profiles to leafs...
14.15	---Postorder: computing likelihoods...
14.30	---Computing root node sequence and total tree likelihood...
14.30	---Attaching sequence profiles to leafs...
14.31	---Postorder: computing likelihoods...
14.46	---Computing root node sequence and total tree likelihood...
14.46	---Attaching sequence profiles to leafs...
14.47	---Postorder: computing likelihoods...
14.63	---Computing root node sequence and total tree likelihood...
14.63	---Attaching sequence profiles to leafs...
14.64	---Postorder: computing likelihoods...
14.79	---Computing root node sequence and total tree likelihood...
14.79	---Attaching sequence profiles to leafs...
14.80	---Postorder: computing likelihoods...
14.95	---Computing root node sequence and total tree likelihood...
14.95	---Attaching sequence profiles to leafs...
14.96	---Postorder: computing likelihoods...
15.12	---Computing root node sequence and total tree likelihood...

15.12	-treeanc:optimize_gtr_rate: optimization successful. Overall rate
     	 estimated to be 93.212738
15.12	--TreeAnc.infer_gtr: counting mutations...
15.39	---TreeAnc.infer_gtr: counting mutations...done

15.39	-GTR: with alphabet: ['A', 'B', 'C', 'D', 'E', 'F', 'G', 'H', 'I', 'J',
     	 'K', 'L', 'M', 'N', 'O', 'P', 'Q', 'R', 'S', 'T', 'U', 'V', 'W', 'X',
     	 'Y', 'Z', '[', '\\', ']', '^', '_', '`', 'a', 'b', 'c', 'd', 'e', 'f']
15.39	--GTR: ambiguous character: g
15.39	----GTR: no gap symbol!
15.39	---GTR: init with dummy values!

15.39	-GTR: model inference
15.39	---GTR inference iteration 0 change: 0.16222142113076252
15.39	---GTR inference iteration 1 change: 0.02357071784994801
15.39	---GTR inference iteration 2 change: 0.0006850130358067917
15.39	---GTR inference iteration 3 change: 0.00012066851818331207
15.39	---Attaching sequence profiles to leafs...
15.40	---Postorder: computing likelihoods...
15.56	---Computing root node sequence and total tree likelihood...
15.56	---Attaching sequence profiles to leafs...
15.57	---Postorder: computing likelihoods...
15.72	---Computing root node sequence and total tree likelihood...
15.72	---Attaching sequence profiles to leafs...
15.73	---Postorder: computing likelihoods...
15.88	---Computing root node sequence and total tree likelihood...
15.88	---Attaching sequence profiles to leafs...
15.89	---Postorder: computing likelihoods...
16.05	---Computing root node sequence and total tree likelihood...
16.05	---Attaching sequence profiles to leafs...
16.06	---Postorder: computing likelihoods...
16.21	---Computing root node sequence and total tree likelihood...
16.21	---Attaching sequence profiles to leafs...
16.22	---Postorder: computing likelihoods...
16.37	---Computing root node sequence and total tree likelihood...
16.37	---Attaching sequence profiles to leafs...
16.38	---Postorder: computing likelihoods...
16.53	---Computing root node sequence and total tree likelihood...
16.54	---Attaching sequence profiles to leafs...
16.55	---Postorder: computing likelihoods...
16.70	---Computing root node sequence and total tree likelihood...
16.70	---Attaching sequence profiles to leafs...
16.71	---Postorder: computing likelihoods...
16.86	---Computing root node sequence and total tree likelihood...
16.86	---Attaching sequence profiles to leafs...
16.87	---Postorder: computing likelihoods...
17.02	---Computing root node sequence and total tree likelihood...
17.03	---Attaching sequence profiles to leafs...
17.03	---Postorder: computing likelihoods...
17.19	---Computing root node sequence and total tree likelihood...
17.19	---Attaching sequence profiles to leafs...
17.20	---Postorder: computing likelihoods...
17.35	---Computing root node sequence and total tree likelihood...
17.35	---Attaching sequence profiles to leafs...
17.36	---Postorder: computing likelihoods...
17.51	---Computing root node sequence and total tree likelihood...
17.52	---Attaching sequence profiles to leafs...
17.52	---Postorder: computing likelihoods...
17.68	---Computing root node sequence and total tree likelihood...
17.68	---Attaching sequence profiles to leafs...
17.69	---Postorder: computing likelihoods...
17.84	---Computing root node sequence and total tree likelihood...
17.84	---Attaching sequence profiles to leafs...
17.85	---Postorder: computing likelihoods...
18.00	---Computing root node sequence and total tree likelihood...
18.00	---Attaching sequence profiles to leafs...
18.01	---Postorder: computing likelihoods...
18.17	---Computing root node sequence and total tree likelihood...

18.17	-treeanc:optimize_gtr_rate: optimization successful. Overall rate
     	 estimated to be 93.211837
18.17	--TreeAnc.infer_gtr: counting mutations...
18.44	---TreeAnc.infer_gtr: counting mutations...done

18.44	-GTR: with alphabet: ['A', 'B', 'C', 'D', 'E', 'F', 'G', 'H', 'I', 'J',
     	 'K', 'L', 'M', 'N', 'O', 'P', 'Q', 'R', 'S', 'T', 'U', 'V', 'W', 'X',
     	 'Y', 'Z', '[', '\\', ']', '^', '_', '`', 'a', 'b', 'c', 'd', 'e', 'f']
18.44	--GTR: ambiguous character: g
18.44	----GTR: no gap symbol!
18.44	---GTR: init with dummy values!

18.44	-GTR: model inference
18.44	---GTR inference iteration 0 change: 0.16222142113076252
18.44	---GTR inference iteration 1 change: 0.023571025389907903
18.44	---GTR inference iteration 2 change: 0.0006850143156058666
18.44	---GTR inference iteration 3 change: 0.00012067532683807061
18.45	---Attaching sequence profiles to leafs...
18.45	---Postorder: computing likelihoods...
18.61	---Computing root node sequence and total tree likelihood...
18.61	---Attaching sequence profiles to leafs...
18.62	---Postorder: computing likelihoods...
18.77	---Computing root node sequence and total tree likelihood...
18.77	---Attaching sequence profiles to leafs...
18.78	---Postorder: computing likelihoods...
18.93	---Computing root node sequence and total tree likelihood...
18.93	---Attaching sequence profiles to leafs...
18.94	---Postorder: computing likelihoods...
19.10	---Computing root node sequence and total tree likelihood...
19.10	---Attaching sequence profiles to leafs...
19.11	---Postorder: computing likelihoods...
19.26	---Computing root node sequence and total tree likelihood...
19.26	---Attaching sequence profiles to leafs...
19.27	---Postorder: computing likelihoods...
19.42	---Computing root node sequence and total tree likelihood...
19.42	---Attaching sequence profiles to leafs...
19.43	---Postorder: computing likelihoods...
19.58	---Computing root node sequence and total tree likelihood...
19.58	---Attaching sequence profiles to leafs...
19.59	---Postorder: computing likelihoods...
19.74	---Computing root node sequence and total tree likelihood...
19.75	---Attaching sequence profiles to leafs...
19.75	---Postorder: computing likelihoods...
19.91	---Computing root node sequence and total tree likelihood...
19.91	---Attaching sequence profiles to leafs...
19.92	---Postorder: computing likelihoods...
20.07	---Computing root node sequence and total tree likelihood...
20.07	---Attaching sequence profiles to leafs...
20.08	---Postorder: computing likelihoods...
20.23	---Computing root node sequence and total tree likelihood...
20.23	---Attaching sequence profiles to leafs...
20.24	---Postorder: computing likelihoods...
20.39	---Computing root node sequence and total tree likelihood...
20.40	---Attaching sequence profiles to leafs...
20.40	---Postorder: computing likelihoods...
20.56	---Computing root node sequence and total tree likelihood...
20.56	---Attaching sequence profiles to leafs...
20.57	---Postorder: computing likelihoods...
20.72	---Computing root node sequence and total tree likelihood...
20.72	---Attaching sequence profiles to leafs...
20.73	---Postorder: computing likelihoods...
20.88	---Computing root node sequence and total tree likelihood...
20.88	---Attaching sequence profiles to leafs...
20.89	---Postorder: computing likelihoods...
21.04	---Computing root node sequence and total tree likelihood...
21.04	---Attaching sequence profiles to leafs...
21.05	---Postorder: computing likelihoods...
21.21	---Computing root node sequence and total tree likelihood...

21.21	-treeanc:optimize_gtr_rate: optimization successful. Overall rate
     	 estimated to be 93.211633

21.21	-TreeAnc.infer_ancestral_sequences with method: probabilistic, marginal
21.21	--TreeAnc._ml_anc_marginal: type of reconstruction: Marginal
21.21	---Attaching sequence profiles to leafs...
21.22	---Postorder: computing likelihoods...
21.37	---Computing root node sequence and total tree likelihood...
21.37	---Preorder: computing marginal profiles...
21.63	---TreeAnc._ml_anc_marginal: ...done
NOTE: previous versions (<0.7.0) of this command made a 'short-branch
length assumption. TreeTime now optimizes the overall rate numerically
and thus allows for long branches along which multiple changes
accumulated. This is expected to affect estimates of the overall rate
while leaving the relative rates mostly unchanged.
