
0.00	-TreeAnc: set-up
Assigned discrete traits to 566 out of 598 taxa.


0.36	-SequenceData: loaded alignment.

0.36	-SeqData: making compressed alignment...

0.36	-SequenceData: constructed compressed alignment...

0.41	-TreeAnc.infer_ancestral_sequences with method: ml, marginal
0.41	--TreeAnc._ml_anc_marginal: type of reconstruction: Marginal
0.41	---Attaching sequence profiles to leafs...
0.43	---Postorder: computing likelihoods...
1.49	---Computing root node sequence and total tree likelihood...
1.49	---Preorder: computing marginal profiles...
2.04	---TreeAnc._ml_anc_marginal: ...done
2.53	--TreeAnc.infer_gtr: counting mutations...
3.88	---TreeAnc.infer_gtr: counting mutations...done

3.89	-GTR: with alphabet: ['A', 'B', 'C', 'D', 'E', 'F', 'G', 'H', 'I', 'J',
    	 'K', 'L', 'M', 'N', 'O', 'P', 'Q', 'R', 'S', 'T', 'U', 'V', 'W', 'X', 'Y',
    	 'Z', '[', '\\', ']', '^', '_', '`', 'a', 'b', 'c', 'd', 'e', 'f', 'g',
    	 'h', 'i', 'j', 'k', 'l', 'm', 'n', 'o', 'p', 'q', 'r', 's', 't', 'u', 'v',
    	 'w', 'x', 'y', 'z', '{', '|', '}', '~', '\x7f', '\x80', '\x81', '\x82',
    	 '\x83', '\x84', '\x85', '\x86', '\x87', '\x88', '\x89', '\x8a', '\x8b',
    	 '\x8c', '\x8d', '\x8e', '\x8f', '\x90', '\x91', '\x92', '\x93', '\x94',
    	 '\x95', '\x96', '\x97', '\x98', '\x99', '\x9a', '\x9b', '\x9c', '\x9d',
    	 '\x9e', '\x9f', '\xa0', '¡', '¢', '£', '¤', '¥', '¦', '§', '¨', '©', 'ª',
    	 '«', '¬', '\xad', '®', '¯', '°']
3.89	--GTR: ambiguous character: ±
3.89	----GTR: no gap symbol!
3.89	---GTR: init with dummy values!

3.89	-GTR: model inference
3.89	---GTR inference iteration 0 change: 0.0944911182523068
3.90	---GTR inference iteration 1 change: 0.0025541181992861624
3.90	---GTR inference iteration 2 change: 2.9202265707974878e-05
3.90	--TreeAnc._ml_anc_marginal: type of reconstruction: Marginal
3.90	---Attaching sequence profiles to leafs...
3.91	---Postorder: computing likelihoods...
4.99	---Computing root node sequence and total tree likelihood...
4.99	---Preorder: computing marginal profiles...
6.19	---TreeAnc._ml_anc_marginal: ...done
6.68	---Attaching sequence profiles to leafs...
6.69	---Postorder: computing likelihoods...
7.75	---Computing root node sequence and total tree likelihood...
7.76	---Attaching sequence profiles to leafs...
7.77	---Postorder: computing likelihoods...
8.83	---Computing root node sequence and total tree likelihood...
8.84	---Attaching sequence profiles to leafs...
8.85	---Postorder: computing likelihoods...
9.91	---Computing root node sequence and total tree likelihood...
9.91	---Attaching sequence profiles to leafs...
9.92	---Postorder: computing likelihoods...
10.98	---Computing root node sequence and total tree likelihood...
10.99	---Attaching sequence profiles to leafs...
11.00	---Postorder: computing likelihoods...
12.05	---Computing root node sequence and total tree likelihood...
12.06	---Attaching sequence profiles to leafs...
12.07	---Postorder: computing likelihoods...
13.13	---Computing root node sequence and total tree likelihood...
13.13	---Attaching sequence profiles to leafs...
13.14	---Postorder: computing likelihoods...
14.20	---Computing root node sequence and total tree likelihood...
14.20	---Attaching sequence profiles to leafs...
14.21	---Postorder: computing likelihoods...
15.28	---Computing root node sequence and total tree likelihood...
15.28	---Attaching sequence profiles to leafs...
15.29	---Postorder: computing likelihoods...
16.36	---Computing root node sequence and total tree likelihood...
16.36	---Attaching sequence profiles to leafs...
16.37	---Postorder: computing likelihoods...
17.44	---Computing root node sequence and total tree likelihood...
17.44	---Attaching sequence profiles to leafs...
17.45	---Postorder: computing likelihoods...
18.52	---Computing root node sequence and total tree likelihood...
18.53	---Attaching sequence profiles to leafs...
18.54	---Postorder: computing likelihoods...
19.60	---Computing root node sequence and total tree likelihood...
19.61	---Attaching sequence profiles to leafs...
19.62	---Postorder: computing likelihoods...
20.69	---Computing root node sequence and total tree likelihood...
20.70	---Attaching sequence profiles to leafs...
20.71	---Postorder: computing likelihoods...
21.78	---Computing root node sequence and total tree likelihood...
21.79	---Attaching sequence profiles to leafs...
21.80	---Postorder: computing likelihoods...
22.87	---Computing root node sequence and total tree likelihood...
22.88	---Attaching sequence profiles to leafs...
22.89	---Postorder: computing likelihoods...
23.95	---Computing root node sequence and total tree likelihood...
23.96	---Attaching sequence profiles to leafs...
23.97	---Postorder: computing likelihoods...
25.04	---Computing root node sequence and total tree likelihood...
25.04	---Attaching sequence profiles to leafs...
25.05	---Postorder: computing likelihoods...
26.12	---Computing root node sequence and total tree likelihood...

26.13	-treeanc:optimize_gtr_rate: optimization successful. Overall rate
     	 estimated to be 196.171856
26.13	--TreeAnc.infer_gtr: counting mutations...
27.48	---TreeAnc.infer_gtr: counting mutations...done

27.49	-GTR: with alphabet: ['A', 'B', 'C', 'D', 'E', 'F', 'G', 'H', 'I', 'J',
     	 'K', 'L', 'M', 'N', 'O', 'P', 'Q', 'R', 'S', 'T', 'U', 'V', 'W', 'X',
     	 'Y', 'Z', '[', '\\', ']', '^', '_', '`', 'a', 'b', 'c', 'd', 'e', 'f',
     	 'g', 'h', 'i', 'j', 'k', 'l', 'm', 'n', 'o', 'p', 'q', 'r', 's', 't',
     	 'u', 'v', 'w', 'x', 'y', 'z', '{', '|', '}', '~', '\x7f', '\x80', '\x81',
     	 '\x82', '\x83', '\x84', '\x85', '\x86', '\x87', '\x88', '\x89', '\x8a',
     	 '\x8b', '\x8c', '\x8d', '\x8e', '\x8f', '\x90', '\x91', '\x92', '\x93',
     	 '\x94', '\x95', '\x96', '\x97', '\x98', '\x99', '\x9a', '\x9b', '\x9c',
     	 '\x9d', '\x9e', '\x9f', '\xa0', '¡', '¢', '£', '¤', '¥', '¦', '§', '¨',
     	 '©', 'ª', '«', '¬', '\xad', '®', '¯', '°']
27.49	--GTR: ambiguous character: ±
27.49	----GTR: no gap symbol!
27.49	---GTR: init with dummy values!

27.49	-GTR: model inference
27.49	---GTR inference iteration 0 change: 0.0944911182523068
27.49	---GTR inference iteration 1 change: 0.002677056320792203
27.50	---GTR inference iteration 2 change: 2.9362037727829508e-05
27.51	---Attaching sequence profiles to leafs...
27.52	---Postorder: computing likelihoods...
28.57	---Computing root node sequence and total tree likelihood...
28.58	---Attaching sequence profiles to leafs...
28.59	---Postorder: computing likelihoods...
29.66	---Computing root node sequence and total tree likelihood...
29.67	---Attaching sequence profiles to leafs...
29.68	---Postorder: computing likelihoods...
30.73	---Computing root node sequence and total tree likelihood...
30.73	---Attaching sequence profiles to leafs...
30.74	---Postorder: computing likelihoods...
31.81	---Computing root node sequence and total tree likelihood...
31.81	---Attaching sequence profiles to leafs...
31.82	---Postorder: computing likelihoods...
32.88	---Computing root node sequence and total tree likelihood...
32.88	---Attaching sequence profiles to leafs...
32.89	---Postorder: computing likelihoods...
33.95	---Computing root node sequence and total tree likelihood...
33.95	---Attaching sequence profiles to leafs...
33.96	---Postorder: computing likelihoods...
35.02	---Computing root node sequence and total tree likelihood...
35.02	---Attaching sequence profiles to leafs...
35.03	---Postorder: computing likelihoods...
36.09	---Computing root node sequence and total tree likelihood...
36.10	---Attaching sequence profiles to leafs...
36.11	---Postorder: computing likelihoods...
37.17	---Computing root node sequence and total tree likelihood...
37.18	---Attaching sequence profiles to leafs...
37.19	---Postorder: computing likelihoods...
38.25	---Computing root node sequence and total tree likelihood...
38.26	---Attaching sequence profiles to leafs...
38.27	---Postorder: computing likelihoods...
39.34	---Computing root node sequence and total tree likelihood...
39.34	---Attaching sequence profiles to leafs...
39.35	---Postorder: computing likelihoods...
40.42	---Computing root node sequence and total tree likelihood...
40.43	---Attaching sequence profiles to leafs...
40.44	---Postorder: computing likelihoods...
41.51	---Computing root node sequence and total tree likelihood...
41.52	---Attaching sequence profiles to leafs...
41.53	---Postorder: computing likelihoods...
42.60	---Computing root node sequence and total tree likelihood...
42.60	---Attaching sequence profiles to leafs...
42.61	---Postorder: computing likelihoods...
43.68	---Computing root node sequence and total tree likelihood...
43.69	---Attaching sequence profiles to leafs...
43.70	---Postorder: computing likelihoods...
44.76	---Computing root node sequence and total tree likelihood...
44.77	---Attaching sequence profiles to leafs...
44.78	---Postorder: computing likelihoods...
45.84	---Computing root node sequence and total tree likelihood...

45.85	-treeanc:optimize_gtr_rate: optimization successful. Overall rate
     	 estimated to be 196.139594
45.85	--TreeAnc.infer_gtr: counting mutations...
47.20	---TreeAnc.infer_gtr: counting mutations...done

47.21	-GTR: with alphabet: ['A', 'B', 'C', 'D', 'E', 'F', 'G', 'H', 'I', 'J',
     	 'K', 'L', 'M', 'N', 'O', 'P', 'Q', 'R', 'S', 'T', 'U', 'V', 'W', 'X',
     	 'Y', 'Z', '[', '\\', ']', '^', '_', '`', 'a', 'b', 'c', 'd', 'e', 'f',
     	 'g', 'h', 'i', 'j', 'k', 'l', 'm', 'n', 'o', 'p', 'q', 'r', 's', 't',
     	 'u', 'v', 'w', 'x', 'y', 'z', '{', '|', '}', '~', '\x7f', '\x80', '\x81',
     	 '\x82', '\x83', '\x84', '\x85', '\x86', '\x87', '\x88', '\x89', '\x8a',
     	 '\x8b', '\x8c', '\x8d', '\x8e', '\x8f', '\x90', '\x91', '\x92', '\x93',
     	 '\x94', '\x95', '\x96', '\x97', '\x98', '\x99', '\x9a', '\x9b', '\x9c',
     	 '\x9d', '\x9e', '\x9f', '\xa0', '¡', '¢', '£', '¤', '¥', '¦', '§', '¨',
     	 '©', 'ª', '«', '¬', '\xad', '®', '¯', '°']
47.21	--GTR: ambiguous character: ±
47.21	----GTR: no gap symbol!
47.21	---GTR: init with dummy values!

47.21	-GTR: model inference
47.21	---GTR inference iteration 0 change: 0.0944911182523068
47.21	---GTR inference iteration 1 change: 0.002682771981975362
47.22	---GTR inference iteration 2 change: 2.9449048205127314e-05
47.23	---Attaching sequence profiles to leafs...
47.24	---Postorder: computing likelihoods...
48.30	---Computing root node sequence and total tree likelihood...
48.30	---Attaching sequence profiles to leafs...
48.31	---Postorder: computing likelihoods...
49.38	---Computing root node sequence and total tree likelihood...
49.39	---Attaching sequence profiles to leafs...
49.40	---Postorder: computing likelihoods...
50.45	---Computing root node sequence and total tree likelihood...
50.45	---Attaching sequence profiles to leafs...
50.46	---Postorder: computing likelihoods...
51.53	---Computing root node sequence and total tree likelihood...
51.54	---Attaching sequence profiles to leafs...
51.55	---Postorder: computing likelihoods...
52.60	---Computing root node sequence and total tree likelihood...
52.61	---Attaching sequence profiles to leafs...
52.62	---Postorder: computing likelihoods...
53.67	---Computing root node sequence and total tree likelihood...
53.68	---Attaching sequence profiles to leafs...
53.69	---Postorder: computing likelihoods...
54.76	---Computing root node sequence and total tree likelihood...
54.77	---Attaching sequence profiles to leafs...
54.78	---Postorder: computing likelihoods...
55.84	---Computing root node sequence and total tree likelihood...
55.84	---Attaching sequence profiles to leafs...
55.85	---Postorder: computing likelihoods...
56.92	---Computing root node sequence and total tree likelihood...
56.93	---Attaching sequence profiles to leafs...
56.94	---Postorder: computing likelihoods...
58.00	---Computing root node sequence and total tree likelihood...
58.01	---Attaching sequence profiles to leafs...
58.02	---Postorder: computing likelihoods...
59.09	---Computing root node sequence and total tree likelihood...
59.09	---Attaching sequence profiles to leafs...
59.10	---Postorder: computing likelihoods...
60.17	---Computing root node sequence and total tree likelihood...
60.17	---Attaching sequence profiles to leafs...
60.18	---Postorder: computing likelihoods...
61.25	---Computing root node sequence and total tree likelihood...
61.26	---Attaching sequence profiles to leafs...
61.27	---Postorder: computing likelihoods...
62.33	---Computing root node sequence and total tree likelihood...
62.34	---Attaching sequence profiles to leafs...
62.35	---Postorder: computing likelihoods...
63.42	---Computing root node sequence and total tree likelihood...
63.42	---Attaching sequence profiles to leafs...
63.43	---Postorder: computing likelihoods...
64.50	---Computing root node sequence and total tree likelihood...
64.50	---Attaching sequence profiles to leafs...
64.51	---Postorder: computing likelihoods...
65.58	---Computing root node sequence and total tree likelihood...
65.59	---Attaching sequence profiles to leafs...
65.60	---Postorder: computing likelihoods...
66.66	---Computing root node sequence and total tree likelihood...

66.67	-treeanc:optimize_gtr_rate: optimization successful. Overall rate
     	 estimated to be 196.142149
66.67	--TreeAnc.infer_gtr: counting mutations...
68.02	---TreeAnc.infer_gtr: counting mutations...done

68.03	-GTR: with alphabet: ['A', 'B', 'C', 'D', 'E', 'F', 'G', 'H', 'I', 'J',
     	 'K', 'L', 'M', 'N', 'O', 'P', 'Q', 'R', 'S', 'T', 'U', 'V', 'W', 'X',
     	 'Y', 'Z', '[', '\\', ']', '^', '_', '`', 'a', 'b', 'c', 'd', 'e', 'f',
     	 'g', 'h', 'i', 'j', 'k', 'l', 'm', 'n', 'o', 'p', 'q', 'r', 's', 't',
     	 'u', 'v', 'w', 'x', 'y', 'z', '{', '|', '}', '~', '\x7f', '\x80', '\x81',
     	 '\x82', '\x83', '\x84', '\x85', '\x86', '\x87', '\x88', '\x89', '\x8a',
     	 '\x8b', '\x8c', '\x8d', '\x8e', '\x8f', '\x90', '\x91', '\x92', '\x93',
     	 '\x94', '\x95', '\x96', '\x97', '\x98', '\x99', '\x9a', '\x9b', '\x9c',
     	 '\x9d', '\x9e', '\x9f', '\xa0', '¡', '¢', '£', '¤', '¥', '¦', '§', '¨',
     	 '©', 'ª', '«', '¬', '\xad', '®', '¯', '°']
68.03	--GTR: ambiguous character: ±
68.03	----GTR: no gap symbol!
68.03	---GTR: init with dummy values!

68.03	-GTR: model inference
68.03	---GTR inference iteration 0 change: 0.0944911182523068
68.03	---GTR inference iteration 1 change: 0.002683999194421334
68.04	---GTR inference iteration 2 change: 2.9472369520547497e-05
68.05	---Attaching sequence profiles to leafs...
68.06	---Postorder: computing likelihoods...
69.12	---Computing root node sequence and total tree likelihood...
69.13	---Attaching sequence profiles to leafs...
69.14	---Postorder: computing likelihoods...
70.20	---Computing root node sequence and total tree likelihood...
70.21	---Attaching sequence profiles to leafs...
70.22	---Postorder: computing likelihoods...
71.28	---Computing root node sequence and total tree likelihood...
71.28	---Attaching sequence profiles to leafs...
71.29	---Postorder: computing likelihoods...
72.35	---Computing root node sequence and total tree likelihood...
72.36	---Attaching sequence profiles to leafs...
72.37	---Postorder: computing likelihoods...
73.42	---Computing root node sequence and total tree likelihood...
73.43	---Attaching sequence profiles to leafs...
73.44	---Postorder: computing likelihoods...
74.49	---Computing root node sequence and total tree likelihood...
74.50	---Attaching sequence profiles to leafs...
74.51	---Postorder: computing likelihoods...
75.57	---Computing root node sequence and total tree likelihood...
75.57	---Attaching sequence profiles to leafs...
75.58	---Postorder: computing likelihoods...
76.64	---Computing root node sequence and total tree likelihood...
76.64	---Attaching sequence profiles to leafs...
76.65	---Postorder: computing likelihoods...
77.71	---Computing root node sequence and total tree likelihood...
77.72	---Attaching sequence profiles to leafs...
77.73	---Postorder: computing likelihoods...
78.79	---Computing root node sequence and total tree likelihood...
78.80	---Attaching sequence profiles to leafs...
78.81	---Postorder: computing likelihoods...
79.87	---Computing root node sequence and total tree likelihood...
79.88	---Attaching sequence profiles to leafs...
79.89	---Postorder: computing likelihoods...
80.95	---Computing root node sequence and total tree likelihood...
80.96	---Attaching sequence profiles to leafs...
80.96	---Postorder: computing likelihoods...
82.03	---Computing root node sequence and total tree likelihood...
82.03	---Attaching sequence profiles to leafs...
82.04	---Postorder: computing likelihoods...
83.10	---Computing root node sequence and total tree likelihood...
83.11	---Attaching sequence profiles to leafs...
83.12	---Postorder: computing likelihoods...
84.19	---Computing root node sequence and total tree likelihood...
84.20	---Attaching sequence profiles to leafs...
84.21	---Postorder: computing likelihoods...
85.27	---Computing root node sequence and total tree likelihood...
85.28	---Attaching sequence profiles to leafs...
85.29	---Postorder: computing likelihoods...
86.36	---Computing root node sequence and total tree likelihood...
86.37	---Attaching sequence profiles to leafs...
86.38	---Postorder: computing likelihoods...
87.44	---Computing root node sequence and total tree likelihood...
87.45	---Attaching sequence profiles to leafs...
87.46	---Postorder: computing likelihoods...
88.53	---Computing root node sequence and total tree likelihood...
88.53	---Attaching sequence profiles to leafs...
88.54	---Postorder: computing likelihoods...
89.60	---Computing root node sequence and total tree likelihood...
89.61	---Attaching sequence profiles to leafs...
89.62	---Postorder: computing likelihoods...
90.69	---Computing root node sequence and total tree likelihood...
90.69	---Attaching sequence profiles to leafs...
90.70	---Postorder: computing likelihoods...
91.76	---Computing root node sequence and total tree likelihood...
91.77	---Attaching sequence profiles to leafs...
91.78	---Postorder: computing likelihoods...
92.85	---Computing root node sequence and total tree likelihood...
92.85	---Attaching sequence profiles to leafs...
92.86	---Postorder: computing likelihoods...
93.92	---Computing root node sequence and total tree likelihood...
93.93	---Attaching sequence profiles to leafs...
93.94	---Postorder: computing likelihoods...
95.00	---Computing root node sequence and total tree likelihood...
95.01	---Attaching sequence profiles to leafs...
95.02	---Postorder: computing likelihoods...
96.08	---Computing root node sequence and total tree likelihood...
96.09	---Attaching sequence profiles to leafs...
96.10	---Postorder: computing likelihoods...
97.16	---Computing root node sequence and total tree likelihood...
97.17	---Attaching sequence profiles to leafs...
97.18	---Postorder: computing likelihoods...
98.25	---Computing root node sequence and total tree likelihood...
98.25	---Attaching sequence profiles to leafs...
98.26	---Postorder: computing likelihoods...
99.33	---Computing root node sequence and total tree likelihood...
99.33	---Attaching sequence profiles to leafs...
99.34	---Postorder: computing likelihoods...
100.40	---Computing root node sequence and total tree likelihood...
100.41	---Attaching sequence profiles to leafs...
100.42	---Postorder: computing likelihoods...
101.48	---Computing root node sequence and total tree likelihood...
101.49	---Attaching sequence profiles to leafs...
101.50	---Postorder: computing likelihoods...
102.56	---Computing root node sequence and total tree likelihood...
102.57	---Attaching sequence profiles to leafs...
102.58	---Postorder: computing likelihoods...
103.64	---Computing root node sequence and total tree likelihood...

103.65	-treeanc:optimize_gtr_rate: optimization successful. Overall rate
      	 estimated to be 196.140975
103.65	--TreeAnc.infer_gtr: counting mutations...
105.01	---TreeAnc.infer_gtr: counting mutations...done

105.02	-GTR: with alphabet: ['A', 'B', 'C', 'D', 'E', 'F', 'G', 'H', 'I', 'J',
      	 'K', 'L', 'M', 'N', 'O', 'P', 'Q', 'R', 'S', 'T', 'U', 'V', 'W', 'X',
      	 'Y', 'Z', '[', '\\', ']', '^', '_', '`', 'a', 'b', 'c', 'd', 'e', 'f',
      	 'g', 'h', 'i', 'j', 'k', 'l', 'm', 'n', 'o', 'p', 'q', 'r', 's', 't',
      	 'u', 'v', 'w', 'x', 'y', 'z', '{', '|', '}', '~', '\x7f', '\x80',
      	 '\x81', '\x82', '\x83', '\x84', '\x85', '\x86', '\x87', '\x88', '\x89',
      	 '\x8a', '\x8b', '\x8c', '\x8d', '\x8e', '\x8f', '\x90', '\x91', '\x92',
      	 '\x93', '\x94', '\x95', '\x96', '\x97', '\x98', '\x99', '\x9a', '\x9b',
      	 '\x9c', '\x9d', '\x9e', '\x9f', '\xa0', '¡', '¢', '£', '¤', '¥', '¦',
      	 '§', '¨', '©', 'ª', '«', '¬', '\xad', '®', '¯', '°']
105.02	--GTR: ambiguous character: ±
105.02	----GTR: no gap symbol!
105.02	---GTR: init with dummy values!

105.02	-GTR: model inference
105.02	---GTR inference iteration 0 change: 0.0944911182523068
105.02	---GTR inference iteration 1 change: 0.002684268663265406
105.02	---GTR inference iteration 2 change: 2.947773777137138e-05
105.04	---Attaching sequence profiles to leafs...
105.05	---Postorder: computing likelihoods...
106.11	---Computing root node sequence and total tree likelihood...
106.11	---Attaching sequence profiles to leafs...
106.12	---Postorder: computing likelihoods...
107.18	---Computing root node sequence and total tree likelihood...
107.19	---Attaching sequence profiles to leafs...
107.20	---Postorder: computing likelihoods...
108.26	---Computing root node sequence and total tree likelihood...
108.26	---Attaching sequence profiles to leafs...
108.27	---Postorder: computing likelihoods...
109.33	---Computing root node sequence and total tree likelihood...
109.34	---Attaching sequence profiles to leafs...
109.35	---Postorder: computing likelihoods...
110.40	---Computing root node sequence and total tree likelihood...
110.41	---Attaching sequence profiles to leafs...
110.42	---Postorder: computing likelihoods...
111.47	---Computing root node sequence and total tree likelihood...
111.48	---Attaching sequence profiles to leafs...
111.49	---Postorder: computing likelihoods...
112.55	---Computing root node sequence and total tree likelihood...
112.56	---Attaching sequence profiles to leafs...
112.57	---Postorder: computing likelihoods...
113.63	---Computing root node sequence and total tree likelihood...
113.63	---Attaching sequence profiles to leafs...
113.64	---Postorder: computing likelihoods...
114.71	---Computing root node sequence and total tree likelihood...
114.72	---Attaching sequence profiles to leafs...
114.72	---Postorder: computing likelihoods...
115.78	---Computing root node sequence and total tree likelihood...
115.79	---Attaching sequence profiles to leafs...
115.80	---Postorder: computing likelihoods...
116.86	---Computing root node sequence and total tree likelihood...
116.87	---Attaching sequence profiles to leafs...
116.88	---Postorder: computing likelihoods...
117.94	---Computing root node sequence and total tree likelihood...
117.94	---Attaching sequence profiles to leafs...
117.95	---Postorder: computing likelihoods...
119.02	---Computing root node sequence and total tree likelihood...
119.02	---Attaching sequence profiles to leafs...
119.03	---Postorder: computing likelihoods...
120.09	---Computing root node sequence and total tree likelihood...
120.10	---Attaching sequence profiles to leafs...
120.11	---Postorder: computing likelihoods...
121.16	---Computing root node sequence and total tree likelihood...
121.17	---Attaching sequence profiles to leafs...
121.18	---Postorder: computing likelihoods...
122.24	---Computing root node sequence and total tree likelihood...
122.24	---Attaching sequence profiles to leafs...
122.25	---Postorder: computing likelihoods...
123.31	---Computing root node sequence and total tree likelihood...

123.32	-treeanc:optimize_gtr_rate: optimization successful. Overall rate
      	 estimated to be 196.140510
123.32	--TreeAnc.infer_gtr: counting mutations...
124.68	---TreeAnc.infer_gtr: counting mutations...done

124.68	-GTR: with alphabet: ['A', 'B', 'C', 'D', 'E', 'F', 'G', 'H', 'I', 'J',
      	 'K', 'L', 'M', 'N', 'O', 'P', 'Q', 'R', 'S', 'T', 'U', 'V', 'W', 'X',
      	 'Y', 'Z', '[', '\\', ']', '^', '_', '`', 'a', 'b', 'c', 'd', 'e', 'f',
      	 'g', 'h', 'i', 'j', 'k', 'l', 'm', 'n', 'o', 'p', 'q', 'r', 's', 't',
      	 'u', 'v', 'w', 'x', 'y', 'z', '{', '|', '}', '~', '\x7f', '\x80',
      	 '\x81', '\x82', '\x83', '\x84', '\x85', '\x86', '\x87', '\x88', '\x89',
      	 '\x8a', '\x8b', '\x8c', '\x8d', '\x8e', '\x8f', '\x90', '\x91', '\x92',
      	 '\x93', '\x94', '\x95', '\x96', '\x97', '\x98', '\x99', '\x9a', '\x9b',
      	 '\x9c', '\x9d', '\x9e', '\x9f', '\xa0', '¡', '¢', '£', '¤', '¥', '¦',
      	 '§', '¨', '©', 'ª', '«', '¬', '\xad', '®', '¯', '°']
124.68	--GTR: ambiguous character: ±
124.68	----GTR: no gap symbol!
124.68	---GTR: init with dummy values!

124.69	-GTR: model inference
124.69	---GTR inference iteration 0 change: 0.0944911182523068
124.69	---GTR inference iteration 1 change: 0.0026843262955670187
124.69	---GTR inference iteration 2 change: 2.9478903730542944e-05
124.70	---Attaching sequence profiles to leafs...
124.71	---Postorder: computing likelihoods...
125.77	---Computing root node sequence and total tree likelihood...
125.78	---Attaching sequence profiles to leafs...
125.79	---Postorder: computing likelihoods...
126.85	---Computing root node sequence and total tree likelihood...
126.85	---Attaching sequence profiles to leafs...
126.86	---Postorder: computing likelihoods...
127.92	---Computing root node sequence and total tree likelihood...
127.92	---Attaching sequence profiles to leafs...
127.93	---Postorder: computing likelihoods...
128.99	---Computing root node sequence and total tree likelihood...
129.00	---Attaching sequence profiles to leafs...
129.01	---Postorder: computing likelihoods...
130.07	---Computing root node sequence and total tree likelihood...
130.07	---Attaching sequence profiles to leafs...
130.08	---Postorder: computing likelihoods...
131.14	---Computing root node sequence and total tree likelihood...
131.14	---Attaching sequence profiles to leafs...
131.15	---Postorder: computing likelihoods...
132.22	---Computing root node sequence and total tree likelihood...
132.23	---Attaching sequence profiles to leafs...
132.24	---Postorder: computing likelihoods...
133.30	---Computing root node sequence and total tree likelihood...
133.30	---Attaching sequence profiles to leafs...
133.31	---Postorder: computing likelihoods...
134.37	---Computing root node sequence and total tree likelihood...
134.38	---Attaching sequence profiles to leafs...
134.39	---Postorder: computing likelihoods...
135.45	---Computing root node sequence and total tree likelihood...
135.45	---Attaching sequence profiles to leafs...
135.46	---Postorder: computing likelihoods...
136.53	---Computing root node sequence and total tree likelihood...
136.54	---Attaching sequence profiles to leafs...
136.55	---Postorder: computing likelihoods...
137.61	---Computing root node sequence and total tree likelihood...
137.61	---Attaching sequence profiles to leafs...
137.62	---Postorder: computing likelihoods...
138.69	---Computing root node sequence and total tree likelihood...
138.69	---Attaching sequence profiles to leafs...
138.70	---Postorder: computing likelihoods...
139.76	---Computing root node sequence and total tree likelihood...
139.77	---Attaching sequence profiles to leafs...
139.78	---Postorder: computing likelihoods...
140.84	---Computing root node sequence and total tree likelihood...
140.85	---Attaching sequence profiles to leafs...
140.86	---Postorder: computing likelihoods...
141.92	---Computing root node sequence and total tree likelihood...
141.93	---Attaching sequence profiles to leafs...
141.93	---Postorder: computing likelihoods...
143.00	---Computing root node sequence and total tree likelihood...
143.00	---Attaching sequence profiles to leafs...
143.01	---Postorder: computing likelihoods...
144.07	---Computing root node sequence and total tree likelihood...
144.08	---Attaching sequence profiles to leafs...
144.09	---Postorder: computing likelihoods...
145.16	---Computing root node sequence and total tree likelihood...
145.16	---Attaching sequence profiles to leafs...
145.17	---Postorder: computing likelihoods...
146.23	---Computing root node sequence and total tree likelihood...
146.24	---Attaching sequence profiles to leafs...
146.25	---Postorder: computing likelihoods...
147.32	---Computing root node sequence and total tree likelihood...

147.33	-treeanc:optimize_gtr_rate: optimization successful. Overall rate
      	 estimated to be 196.140360

147.33	-TreeAnc.infer_ancestral_sequences with method: probabilistic, marginal
147.33	--TreeAnc._ml_anc_marginal: type of reconstruction: Marginal
147.33	---Attaching sequence profiles to leafs...
147.34	---Postorder: computing likelihoods...
148.40	---Computing root node sequence and total tree likelihood...
148.40	---Preorder: computing marginal profiles...
149.58	---TreeAnc._ml_anc_marginal: ...done
NOTE: previous versions (<0.7.0) of this command made a 'short-branch
length assumption. TreeTime now optimizes the overall rate numerically
and thus allows for long branches along which multiple changes
accumulated. This is expected to affect estimates of the overall rate
while leaving the relative rates mostly unchanged.
