2021-06-16 11:20:57,218 Reading the input fasta file: /2/scratch/keaton/plague-phylogeography/results/snippy_multi/all/chromosome/full/snippy-multi.snps.aln
2021-06-16 11:20:57,220 Reading alignment length...
2021-06-16 11:20:57,220 Alignment length: 483
2021-06-16 11:20:57,220 Reading alignment sample names...
2021-06-16 11:20:57,220 Number of samples: 50
2021-06-16 11:20:57,220 Analyzing alignment for sites with >=0.9299999999999999 samples with data...
2021-06-16 11:20:57,226 5% Complete
2021-06-16 11:20:57,230 10% Complete
2021-06-16 11:20:57,233 15% Complete
2021-06-16 11:20:57,238 20% Complete
2021-06-16 11:20:57,241 25% Complete
2021-06-16 11:20:57,247 30% Complete
2021-06-16 11:20:57,254 35% Complete
2021-06-16 11:20:57,259 40% Complete
2021-06-16 11:20:57,265 45% Complete
2021-06-16 11:20:57,267 50% Complete
2021-06-16 11:20:57,274 55% Complete
2021-06-16 11:20:57,279 60% Complete
2021-06-16 11:20:57,284 65% Complete
2021-06-16 11:20:57,293 70% Complete
2021-06-16 11:20:57,301 75% Complete
2021-06-16 11:20:57,308 80% Complete
2021-06-16 11:20:57,315 85% Complete
2021-06-16 11:20:57,322 90% Complete
2021-06-16 11:20:57,330 95% Complete
2021-06-16 11:20:57,339 100% Complete
2021-06-16 11:20:57,339 Creating the filtered multiple alignment..
2021-06-16 11:20:57,346 Writing to the output fasta file: /2/scratch/keaton/plague-phylogeography/results/snippy_multi/all/chromosome/full/filter7/snippy-multi.snps.aln
2021-06-16 11:20:57,347 Constant sites: 0 (0%)
2021-06-16 11:20:57,347 Parsimony informative sites: 238 (49%)
2021-06-16 11:20:57,347 Biallelic singleton sites: 245 (50%)
2021-06-16 11:20:57,347 Multiallelic singleton sites: 0 (0%)
2021-06-16 11:20:57,347 Pseudo singleton sites: 0 (0%)
2021-06-16 11:20:57,347 Total singleton sites: 245 (50%)
2021-06-16 11:20:57,347 Singleton sites passing missing data filter: 53
2021-06-16 11:20:57,347 Parsimony informative sites passing missing data filter: 82
2021-06-16 11:20:57,347 Total sites passing missing data filter: 135
2021-06-16 11:20:57,348 Total sites failing missing data filter: 348
2021-06-16 11:20:57,348 Wrote a multi-fasta alignment of length: 135
