2021-05-20 11:48:44,452 Reading the input fasta file: /2/scratch/keaton/plague-phylogeography/results/snippy_multi/all/chromosome/full/snippy-multi.snps.aln
2021-05-20 11:48:44,570 Reading alignment length...
2021-05-20 11:48:44,572 Alignment length: 33703
2021-05-20 11:48:44,572 Reading alignment sample names...
2021-05-20 11:48:44,573 Number of samples: 603
2021-05-20 11:48:44,575 Analyzing alignment for sites with >=0.94 samples with data...
2021-05-20 11:50:30,894 5% Complete
2021-05-20 11:55:16,452 10% Complete
2021-05-20 12:03:10,532 15% Complete
2021-05-20 12:07:33,962 20% Complete
2021-05-20 12:17:03,671 25% Complete
2021-05-20 12:27:35,408 30% Complete
2021-05-20 12:46:22,023 35% Complete
2021-05-20 13:08:35,826 40% Complete
2021-05-20 13:29:54,131 45% Complete
2021-05-20 13:52:50,552 50% Complete
2021-05-20 14:21:46,933 55% Complete
2021-05-20 15:01:50,273 60% Complete
2021-05-20 15:51:42,778 65% Complete
2021-05-20 16:34:03,466 70% Complete
2021-05-20 17:18:18,381 75% Complete
2021-05-20 18:14:36,931 80% Complete
2021-05-20 19:26:42,520 85% Complete
2021-05-20 20:37:29,784 90% Complete
2021-05-20 21:38:26,665 95% Complete
2021-05-20 22:44:28,029 100% Complete
2021-05-20 22:44:28,029 Creating the filtered multiple alignment..
2021-05-20 22:44:41,954 Writing to the output fasta file: /2/scratch/keaton/plague-phylogeography/results/snippy_multi/all/chromosome/full/filter6/snippy-multi.snps.aln
2021-05-20 22:44:42,119 Constant sites: 0 (0%)
2021-05-20 22:44:42,119 Parsimony informative sites: 17333 (51%)
2021-05-20 22:44:42,119 Biallelic singleton sites: 16246 (48%)
2021-05-20 22:44:42,119 Multiallelic singleton sites: 80 (0%)
2021-05-20 22:44:42,119 Pseudo singleton sites: 44 (0%)
2021-05-20 22:44:42,119 Total singleton sites: 16370 (48%)
2021-05-20 22:44:42,119 Singleton sites passing missing data filter: 12804
2021-05-20 22:44:42,119 Parsimony informative sites passing missing data filter: 14145
2021-05-20 22:44:42,119 Total sites passing missing data filter: 26949
2021-05-20 22:44:42,119 Total sites failing missing data filter: 6754
2021-05-20 22:44:42,120 Wrote a multi-fasta alignment of length: 26949
