2021-04-15 17:48:39,478 Reading the input fasta file: /2/scratch/keaton/plague-phylogeography/results/snippy_multi/all/chromosome/snippy-multi.snps.aln
2021-04-15 17:48:39,480 Reading alignment length...
2021-04-15 17:48:39,481 Alignment length: 2683
2021-04-15 17:48:39,481 Reading alignment sample names...
2021-04-15 17:48:39,481 Number of samples: 28
2021-04-15 17:48:39,481 Analyzing alignment for sites with >=0.99 samples with data...
2021-04-15 17:48:39,511 5% Complete
2021-04-15 17:48:39,549 10% Complete
2021-04-15 17:48:39,592 15% Complete
2021-04-15 17:48:39,627 20% Complete
2021-04-15 17:48:39,723 25% Complete
2021-04-15 17:48:39,888 30% Complete
2021-04-15 17:48:40,077 35% Complete
2021-04-15 17:48:40,296 40% Complete
2021-04-15 17:48:40,542 45% Complete
2021-04-15 17:48:40,719 50% Complete
2021-04-15 17:48:40,977 55% Complete
2021-04-15 17:48:41,260 60% Complete
2021-04-15 17:48:41,614 65% Complete
2021-04-15 17:48:42,007 70% Complete
2021-04-15 17:48:42,405 75% Complete
2021-04-15 17:48:42,872 80% Complete
2021-04-15 17:48:43,348 85% Complete
2021-04-15 17:48:43,912 90% Complete
2021-04-15 17:48:44,549 95% Complete
2021-04-15 17:48:45,158 100% Complete
2021-04-15 17:48:45,158 Creating the filtered multiple alignment..
2021-04-15 17:48:45,192 Writing to the output fasta file: /2/scratch/keaton/plague-phylogeography/results/snippy_multi/all/chromosome/filter1/snippy-multi.snps.aln
2021-04-15 17:48:45,193 Parsimony informative sites: 398 (14%)
2021-04-15 17:48:45,193 Biallelic singleton sites: 2280 (84%)
2021-04-15 17:48:45,194 Multiallelic singleton sites: 3 (0%)
2021-04-15 17:48:45,194 Pseudo singleton sites: 2 (0%)
2021-04-15 17:48:45,194 Total singleton sites: 2285 (85%)
2021-04-15 17:48:45,194 Singleton sites passing missing data filter: 1359
2021-04-15 17:48:45,194 Parsimony informative sites passing missing data filter: 226
2021-04-15 17:48:45,194 Total sites passing missing data filter: 1585
2021-04-15 17:48:45,194 Total sites failing missing data filter: 1098
2021-04-15 17:48:45,194 Wrote a multi-fasta alignment of length: 1585
