2021-04-15 21:16:54,842 Reading the input fasta file: /mnt/c/Users/ktmea/Projects/plague-phylogeography/results/snippy_multi/all/chromosome/snippy-multi.snps.aln
2021-04-15 21:16:54,850 Reading alignment length...
2021-04-15 21:16:54,850 Alignment length: 2435
2021-04-15 21:16:54,851 Reading alignment sample names...
2021-04-15 21:16:54,851 Number of samples: 28
2021-04-15 21:16:54,852 Analyzing alignment for sites with >=0.9 samples with data...
2021-04-15 21:16:54,863 5% Complete
2021-04-15 21:16:54,872 10% Complete
2021-04-15 21:16:54,883 15% Complete
2021-04-15 21:16:54,892 20% Complete
2021-04-15 21:16:54,907 25% Complete
2021-04-15 21:16:54,929 30% Complete
2021-04-15 21:16:54,948 35% Complete
2021-04-15 21:16:54,966 40% Complete
2021-04-15 21:16:54,978 45% Complete
2021-04-15 21:16:54,988 50% Complete
2021-04-15 21:16:55,017 55% Complete
2021-04-15 21:16:55,035 60% Complete
2021-04-15 21:16:55,056 65% Complete
2021-04-15 21:16:55,074 70% Complete
2021-04-15 21:16:55,105 75% Complete
2021-04-15 21:16:55,185 80% Complete
2021-04-15 21:16:55,233 85% Complete
2021-04-15 21:16:55,299 90% Complete
2021-04-15 21:16:55,350 95% Complete
2021-04-15 21:16:55,419 100% Complete
2021-04-15 21:16:55,446 Creating the filtered multiple alignment..
2021-04-15 21:16:55,457 Writing to the output fasta file: /mnt/c/Users/ktmea/Projects/plague-phylogeography/results/snippy_multi/all/chromosome/filter10/snippy-multi.snps.aln
2021-04-15 21:16:55,480 Parsimony informative sites: 394 (16%)
2021-04-15 21:16:55,481 Biallelic singleton sites: 2038 (83%)
2021-04-15 21:16:55,481 Multiallelic singleton sites: 1 (0%)
2021-04-15 21:16:55,482 Pseudo singleton sites: 2 (0%)
2021-04-15 21:16:55,485 Total singleton sites: 2041 (83%)
2021-04-15 21:16:55,486 Singleton sites passing missing data filter: 0
2021-04-15 21:16:55,487 Parsimony informative sites passing missing data filter: 341
2021-04-15 21:16:55,487 Total sites passing missing data filter: 341
2021-04-15 21:16:55,488 Total sites failing missing data filter: 53
2021-04-15 21:16:55,499 Wrote a multi-fasta alignment of length: 341
