
                   BEAST v2.6.3 Prerelease, 2002-2020
             Bayesian Evolutionary Analysis Sampling Trees
                       Designed and developed by
 Remco Bouckaert, Alexei J. Drummond, Andrew Rambaut & Marc A. Suchard
                                    
                   Centre for Computational Evolution
                         University of Auckland
                       r.bouckaert@auckland.ac.nz
                        alexei@cs.auckland.ac.nz
                                    
                   Institute of Evolutionary Biology
                        University of Edinburgh
                           a.rambaut@ed.ac.uk
                                    
                    David Geffen School of Medicine
                 University of California, Los Angeles
                           msuchard@ucla.edu
                                    
                      Downloads, Help & Resources:
                           http://beast2.org/
                                    
  Source code distributed under the GNU Lesser General Public License:
                   http://github.com/CompEvol/beast2
                                    
                           BEAST developers:
   Alex Alekseyenko, Trevor Bedford, Erik Bloomquist, Joseph Heled, 
 Sebastian Hoehna, Denise Kuehnert, Philippe Lemey, Wai Lok Sibon Li, 
Gerton Lunter, Sidney Markowitz, Vladimir Minin, Michael Defoin Platel, 
          Oliver Pybus, Tim Vaughan, Chieh-Hsi Wu, Walter Xie
                                    
                               Thanks to:
          Roald Forsberg, Beth Shapiro and Korbinian Strimmer

Random number seed: 5435425542

Alignment(original-dna)
  49 taxa
  356 sites
  355 patterns

Filter -
49 taxa
356 sites + 4289810 constant sites
359 patterns
  UCRelaxedClockModel: using 96 rate categories to approximate rate distribution across branches.
Filter 1-71
49 taxa
71 sites + 4289810 constant sites
75 patterns
  UCRelaxedClockModel: using 96 rate categories to approximate rate distribution across branches.
  Using BEAGLE version: 3.1.2 resource 0: CPU
    with instance flags:  PRECISION_DOUBLE COMPUTATION_SYNCH EIGEN_REAL SCALING_MANUAL SCALERS_RAW VECTOR_SSE THREADING_NONE PROCESSOR_CPU FRAMEWORK_CPU
Filter 72-142
49 taxa
71 sites
71 patterns
  UCRelaxedClockModel: using 96 rate categories to approximate rate distribution across branches.
  Using BEAGLE version: 3.1.2 resource 0: CPU
    with instance flags:  PRECISION_DOUBLE COMPUTATION_SYNCH EIGEN_REAL SCALING_MANUAL SCALERS_RAW VECTOR_SSE THREADING_NONE PROCESSOR_CPU FRAMEWORK_CPU
Filter 143-213
49 taxa
71 sites
71 patterns
  UCRelaxedClockModel: using 96 rate categories to approximate rate distribution across branches.
  Using BEAGLE version: 3.1.2 resource 0: CPU
    with instance flags:  PRECISION_DOUBLE COMPUTATION_SYNCH EIGEN_REAL SCALING_MANUAL SCALERS_RAW VECTOR_SSE THREADING_NONE PROCESSOR_CPU FRAMEWORK_CPU
Filter 214-284
49 taxa
71 sites
71 patterns
  UCRelaxedClockModel: using 96 rate categories to approximate rate distribution across branches.
  Using BEAGLE version: 3.1.2 resource 0: CPU
    with instance flags:  PRECISION_DOUBLE COMPUTATION_SYNCH EIGEN_REAL SCALING_MANUAL SCALERS_RAW VECTOR_SSE THREADING_NONE PROCESSOR_CPU FRAMEWORK_CPU
Filter 285-356
49 taxa
72 sites
71 patterns
  UCRelaxedClockModel: using 96 rate categories to approximate rate distribution across branches.
  Using BEAGLE version: 3.1.2 resource 0: CPU
    with instance flags:  PRECISION_DOUBLE COMPUTATION_SYNCH EIGEN_REAL SCALING_MANUAL SCALERS_RAW VECTOR_SSE THREADING_NONE PROCESSOR_CPU FRAMEWORK_CPU
===============================================================================
Citations for this model:

Bouckaert, Remco, Timothy G. Vaughan, Joëlle Barido-Sottani, Sebastián Duchêne, Mathieu Fourment, 
Alexandra Gavryushkina, Joseph Heled, Graham Jones, Denise Kühnert, Nicola De Maio, Michael Matschiner, 
Fábio K. Mendes, Nicola F. Müller, Huw A. Ogilvie, Louis du Plessis, Alex Popinga, Andrew Rambaut, 
David Rasmussen, Igor Siveroni, Marc A. Suchard, Chieh-Hsi Wu, Dong Xie, Chi Zhang, Tanja Stadler, 
Alexei J. Drummond 
  BEAST 2.5: An advanced software platform for Bayesian evolutionary analysis. 
  PLoS computational biology 15, no. 4 (2019): e1006650.

Drummond AJ, Ho SYW, Phillips MJ, Rambaut A (2006) Relaxed Phylogenetics and
  Dating with Confidence. PLoS Biol 4(5): e88

===============================================================================
Start likelihood: -3.976077004693645E7 
Writing file beast.log
Writing file beast.trees
         Sample      posterior     likelihood          prior
              0 -3.971133722E7 -3.971117782E7      -159.4053 --
         100000  -5948925.3453  -5948588.0156      -337.3296 --
         200000  -5948878.8537  -5948531.3615      -347.4922 --
         300000  -5948800.5923  -5948498.3110      -302.2813 --
         400000  -5948806.5685  -5948498.2727      -308.2958 --
         500000  -5948838.3731  -5948493.2670      -345.1061 --
         600000  -5948827.7863  -5948493.9937      -333.7925 3m10s/Msamples
         700000  -5948807.1087  -5948496.6968      -310.4118 3m8s/Msamples
         800000  -5948634.0559  -5948337.0494      -297.0065 3m12s/Msamples
         900000  -5948611.0108  -5948350.2006      -260.8102 3m15s/Msamples
        1000000  -5948453.0390  -5948269.0640      -183.9750 3m19s/Msamples
        1100000  -5948416.7390  -5948287.2453      -129.4937 3m23s/Msamples
        1200000  -5948308.8433  -5948278.4189       -30.4243 3m22s/Msamples
        1300000  -5948226.8657  -5948285.4191        58.5533 3m22s/Msamples
        1400000  -5948135.8486  -5948270.6073       134.7586 3m21s/Msamples
        1500000  -5948081.7809  -5948274.2992       192.5182 3m21s/Msamples
        1600000  -5947870.0655  -5948289.1371       419.0715 3m18s/Msamples
        1700000  -5947880.0693  -5948279.4798       399.4105 3m20s/Msamples
        1800000  -5947875.6636  -5948275.4834       399.8198 3m19s/Msamples
        1900000  -5947885.3039  -5948294.2082       408.9043 3m18s/Msamples
        2000000  -5947854.5700  -5948281.5792       427.0092 3m17s/Msamples
        2100000  -5947865.0516  -5948283.3858       418.3342 3m17s/Msamples
        2200000  -5947882.2742  -5948287.2486       404.9744 3m16s/Msamples
        2300000  -5947864.6454  -5948287.8338       423.1883 3m15s/Msamples
        2400000  -5947860.7297  -5948274.9568       414.2271 3m16s/Msamples
        2500000  -5947853.7513  -5948283.1181       429.3668 3m15s/Msamples
        2600000  -5947863.5566  -5948292.8113       429.2546 3m13s/Msamples
        2700000  -5947857.5081  -5948293.0724       435.5642 3m12s/Msamples
        2800000  -5947876.8342  -5948284.4249       407.5906 3m11s/Msamples
        2900000  -5947883.5851  -5948279.2676       395.6824 3m10s/Msamples
        3000000  -5947875.3466  -5948295.6552       420.3085 3m9s/Msamples
        3100000  -5947862.2736  -5948275.6008       413.3272 3m9s/Msamples
        3200000  -5947860.0850  -5948278.3955       418.3105 3m9s/Msamples
        3300000  -5947876.6618  -5948296.8350       420.1731 3m8s/Msamples
        3400000  -5947855.7007  -5948290.2793       434.5785 3m8s/Msamples
        3500000  -5947855.0804  -5948278.4861       423.4056 3m8s/Msamples
        3600000  -5947866.0132  -5948294.1340       428.1208 3m8s/Msamples
        3700000  -5947861.8177  -5948276.1257       414.3080 3m7s/Msamples
        3800000  -5947863.0912  -5948276.9885       413.8972 3m7s/Msamples
        3900000  -5947868.2322  -5948287.0148       418.7825 3m6s/Msamples
        4000000  -5947876.2498  -5948285.3692       409.1194 3m6s/Msamples
        4100000  -5947876.2885  -5948293.8514       417.5628 3m5s/Msamples
        4200000  -5947921.5789  -5948295.7125       374.1335 3m5s/Msamples
        4300000  -5947867.8057  -5948285.9761       418.1704 3m5s/Msamples
        4400000  -5947879.1855  -5948287.5214       408.3358 3m5s/Msamples
        4500000  -5947855.7773  -5948286.4707       430.6933 3m5s/Msamples
        4600000  -5947852.0673  -5948281.3431       429.2758 3m6s/Msamples
        4700000  -5947852.9510  -5948280.0548       427.1037 3m6s/Msamples
        4800000  -5947892.5967  -5948277.5970       385.0002 3m5s/Msamples
        4900000  -5947866.9284  -5948278.9953       412.0668 3m5s/Msamples
        5000000  -5947860.4544  -5948287.0412       426.5867 3m6s/Msamples
        5100000  -5947874.0481  -5948290.4226       416.3745 3m6s/Msamples
        5200000  -5947878.1665  -5948285.4583       407.2918 3m6s/Msamples
        5300000  -5947852.1079  -5948288.6130       436.5050 3m6s/Msamples
        5400000  -5947837.1480  -5948285.7357       448.5876 3m6s/Msamples
        5500000  -5947872.1215  -5948291.4664       419.3449 3m6s/Msamples
        5600000  -5947851.9850  -5948292.7939       440.8089 3m7s/Msamples
        5700000  -5947846.1790  -5948288.0639       441.8849 3m7s/Msamples
        5800000  -5947863.8057  -5948287.7292       423.9235 3m7s/Msamples
        5900000  -5947855.6519  -5948288.8162       433.1643 3m7s/Msamples
        6000000  -5947836.6535  -5948287.9442       451.2906 3m7s/Msamples
        6100000  -5947866.3793  -5948299.8204       433.4411 3m7s/Msamples
        6200000  -5947838.2458  -5948284.5750       446.3292 3m7s/Msamples
        6300000  -5947833.9482  -5948281.7397       447.7914 3m7s/Msamples
        6400000  -5947858.1245  -5948294.4558       436.3313 3m7s/Msamples
        6500000  -5947873.5019  -5948292.7129       419.2110 3m7s/Msamples
        6600000  -5947853.9221  -5948284.6080       430.6858 3m7s/Msamples
        6700000  -5947865.6607  -5948293.7671       428.1064 3m7s/Msamples
        6800000  -5947834.0207  -5948275.0481       441.0273 3m7s/Msamples
        6900000  -5947849.3035  -5948288.7214       439.4179 3m7s/Msamples
        7000000  -5947844.5414  -5948285.4582       440.9168 3m8s/Msamples
        7100000  -5947854.0492  -5948290.2352       436.1859 3m8s/Msamples
        7200000  -5947842.4960  -5948286.4551       443.9590 3m8s/Msamples
        7300000  -5947850.5008  -5948290.3415       439.8407 3m8s/Msamples
        7400000  -5947855.9673  -5948305.6157       449.6484 3m8s/Msamples
        7500000  -5947841.2009  -5948287.6812       446.4803 3m8s/Msamples
        7600000  -5947847.6018  -5948285.3725       437.7706 3m7s/Msamples
        7700000  -5947856.9722  -5948290.2874       433.3152 3m7s/Msamples
        7800000  -5947863.4061  -5948291.6052       428.1991 3m7s/Msamples
        7900000  -5947850.7041  -5948282.9237       432.2196 3m7s/Msamples
        8000000  -5947879.0060  -5948284.2749       405.2689 3m7s/Msamples
        8100000  -5947864.2865  -5948284.4011       420.1145 3m8s/Msamples
        8200000  -5947866.1415  -5948303.0134       436.8718 3m8s/Msamples
        8300000  -5947857.6684  -5948297.2764       439.6079 3m8s/Msamples
        8400000  -5947853.9272  -5948283.7861       429.8589 3m8s/Msamples
        8500000  -5947848.8723  -5948286.5650       437.6926 3m8s/Msamples
        8600000  -5947858.6712  -5948285.1676       426.4963 3m8s/Msamples
        8700000  -5947859.2086  -5948285.5216       426.3129 3m8s/Msamples
        8800000  -5947821.9210  -5948277.4732       455.5522 3m8s/Msamples
        8900000  -5947874.8695  -5948280.2845       405.4149 3m8s/Msamples
        9000000  -5947867.1240  -5948297.5198       430.3958 3m8s/Msamples
        9100000  -5947875.2454  -5948290.6409       415.3955 3m8s/Msamples
        9200000  -5947856.1391  -5948284.1829       428.0437 3m8s/Msamples
        9300000  -5947840.3309  -5948276.4690       436.1381 3m8s/Msamples
        9400000  -5947844.5920  -5948283.2336       438.6416 3m8s/Msamples
        9500000  -5947842.5726  -5948287.0055       444.4329 3m8s/Msamples
        9600000  -5947854.8069  -5948285.0446       430.2376 3m7s/Msamples
        9700000  -5947853.9560  -5948280.5582       426.6022 3m8s/Msamples
        9800000  -5947849.4007  -5948302.0509       452.6502 3m7s/Msamples
        9900000  -5947876.2109  -5948286.6543       410.4433 3m7s/Msamples
       10000000  -5947885.9938  -5948287.5947       401.6009 3m7s/Msamples
       10100000  -5947861.9208  -5948283.3853       421.4644 3m7s/Msamples
       10200000  -5947857.6483  -5948286.2643       428.6159 3m7s/Msamples
       10300000  -5947850.6971  -5948284.8486       434.1515 3m6s/Msamples
       10400000  -5947885.7286  -5948273.4302       387.7015 3m6s/Msamples
       10500000  -5947836.0305  -5948279.8912       443.8607 3m6s/Msamples
       10600000  -5947839.2233  -5948283.1405       443.9172 3m6s/Msamples
       10700000  -5947854.3038  -5948297.3075       443.0037 3m6s/Msamples
       10800000  -5947844.8399  -5948280.6126       435.7727 3m6s/Msamples
       10900000  -5947843.1405  -5948286.8192       443.6786 3m6s/Msamples
       11000000  -5947875.5062  -5948287.6392       412.1329 3m6s/Msamples
       11100000  -5947835.4298  -5948281.6286       446.1987 3m6s/Msamples
       11200000  -5947854.7397  -5948292.5073       437.7675 3m6s/Msamples
       11300000  -5947868.6110  -5948289.1240       420.5129 3m6s/Msamples
       11400000  -5947867.6982  -5948289.8263       422.1281 3m6s/Msamples
       11500000  -5947850.6932  -5948277.4036       426.7104 3m6s/Msamples
       11600000  -5947859.7817  -5948282.4050       422.6233 3m6s/Msamples
       11700000  -5947848.2572  -5948278.5772       430.3200 3m7s/Msamples
       11800000  -5947854.3886  -5948275.0679       420.6793 3m6s/Msamples
       11900000  -5947861.0751  -5948284.5222       423.4470 3m6s/Msamples
       12000000  -5947862.5748  -5948274.4964       411.9216 3m6s/Msamples
       12100000  -5947851.5337  -5948282.1334       430.5996 3m6s/Msamples
       12200000  -5947833.6294  -5948273.8883       440.2589 3m6s/Msamples
       12300000  -5947818.6313  -5948273.7123       455.0809 3m7s/Msamples
       12400000  -5947865.0032  -5948288.8069       423.8036 3m7s/Msamples
       12500000  -5947855.8448  -5948300.2519       444.4070 3m6s/Msamples
       12600000  -5947848.7880  -5948283.1838       434.3958 3m6s/Msamples
       12700000  -5947838.4762  -5948282.4887       444.0124 3m7s/Msamples
       12800000  -5947915.6792  -5948296.4914       380.8122 3m7s/Msamples
       12900000  -5947849.9217  -5948276.1201       426.1983 3m7s/Msamples
       13000000  -5947867.8982  -5948288.0944       420.1961 3m7s/Msamples
       13100000  -5947876.0716  -5948296.8597       420.7880 3m7s/Msamples
       13200000  -5947855.7317  -5948278.5513       422.8195 3m7s/Msamples
       13300000  -5947840.5740  -5948287.1522       446.5781 3m7s/Msamples
       13400000  -5947840.8579  -5948279.8502       438.9923 3m7s/Msamples
       13500000  -5947857.6315  -5948285.3480       427.7165 3m7s/Msamples
       13600000  -5947840.4941  -5948281.2509       440.7567 3m7s/Msamples
       13700000  -5947868.9829  -5948282.2728       413.2898 3m8s/Msamples
       13800000  -5947859.4153  -5948285.5928       426.1775 3m8s/Msamples
       13900000  -5947859.1967  -5948282.6143       423.4175 3m8s/Msamples
       14000000  -5947896.2807  -5948286.4390       390.1583 3m8s/Msamples
       14100000  -5947908.2971  -5948282.7991       374.5020 3m8s/Msamples
       14200000  -5947900.9471  -5948287.1956       386.2485 3m8s/Msamples
       14300000  -5947870.7386  -5948287.9114       417.1728 3m8s/Msamples
       14400000  -5947862.0724  -5948293.3785       431.3060 3m8s/Msamples
       14500000  -5947864.0530  -5948283.4505       419.3975 3m7s/Msamples
       14600000  -5947859.5828  -5948285.0536       425.4708 3m8s/Msamples
       14700000  -5947868.8207  -5948293.2416       424.4208 3m8s/Msamples
       14800000  -5947865.1929  -5948287.3747       422.1818 3m8s/Msamples
       14900000  -5947868.8217  -5948291.1081       422.2863 3m8s/Msamples
       15000000  -5947845.4447  -5948293.9411       448.4963 3m8s/Msamples
       15100000  -5947879.9539  -5948289.8524       409.8985 3m8s/Msamples
       15200000  -5947867.8569  -5948299.5208       431.6639 3m8s/Msamples
       15300000  -5947840.2853  -5948284.8368       444.5514 3m8s/Msamples
       15400000  -5947856.4860  -5948277.9030       421.4169 3m8s/Msamples
       15500000  -5947860.3331  -5948295.7921       435.4589 3m8s/Msamples
       15600000  -5947865.5522  -5948285.8429       420.2906 3m8s/Msamples
       15700000  -5947864.1791  -5948285.0640       420.8848 3m8s/Msamples
       15800000  -5947859.4554  -5948279.3722       419.9168 3m8s/Msamples
       15900000  -5947878.5664  -5948293.3591       414.7926 3m8s/Msamples
       16000000  -5947885.5813  -5948300.8104       415.2291 3m8s/Msamples
       16100000  -5947859.0581  -5948288.0663       429.0082 3m8s/Msamples
       16200000  -5947886.9825  -5948286.1210       399.1384 3m8s/Msamples
       16300000  -5947857.4408  -5948269.5043       412.0634 3m8s/Msamples
       16400000  -5947867.5199  -5948282.2523       414.7323 3m8s/Msamples
       16500000  -5947863.5301  -5948292.2154       428.6853 3m8s/Msamples
       16600000  -5947875.3206  -5948283.5554       408.2348 3m8s/Msamples
       16700000  -5947861.4943  -5948283.0595       421.5652 3m8s/Msamples
       16800000  -5947865.7047  -5948290.7798       425.0751 3m8s/Msamples
       16900000  -5947866.3504  -5948285.2103       418.8598 3m8s/Msamples
       17000000  -5947875.0160  -5948285.7584       410.7423 3m8s/Msamples
       17100000  -5947884.4589  -5948290.5890       406.1300 3m8s/Msamples
       17200000  -5947875.7102  -5948289.5393       413.8290 3m8s/Msamples
       17300000  -5947867.4557  -5948284.1197       416.6640 3m8s/Msamples
       17400000  -5947862.2875  -5948287.8132       425.5256 3m8s/Msamples
       17500000  -5947862.6107  -5948298.8991       436.2883 3m8s/Msamples
       17600000  -5947855.0301  -5948287.5886       432.5585 3m8s/Msamples
       17700000  -5947845.6396  -5948290.2420       444.6023 3m8s/Msamples
       17800000  -5947852.1714  -5948283.0661       430.8947 3m8s/Msamples
       17900000  -5947864.7909  -5948295.6277       430.8367 3m8s/Msamples
       18000000  -5947866.1674  -5948282.8961       416.7287 3m8s/Msamples
       18100000  -5947842.1426  -5948286.1234       443.9808 3m8s/Msamples
       18200000  -5947864.7845  -5948287.6116       422.8270 3m8s/Msamples
       18300000  -5947857.2997  -5948293.6347       436.3350 3m8s/Msamples
       18400000  -5947853.2051  -5948286.7315       433.5263 3m8s/Msamples
       18500000  -5947885.4520  -5948277.1127       391.6607 3m8s/Msamples
       18600000  -5947867.1167  -5948281.5086       414.3919 3m8s/Msamples
       18700000  -5947849.9475  -5948280.9055       430.9580 3m8s/Msamples
       18800000  -5947848.3460  -5948287.1967       438.8507 3m8s/Msamples
       18900000  -5947863.6452  -5948284.8288       421.1836 3m8s/Msamples
       19000000  -5947852.5012  -5948288.4917       435.9904 3m8s/Msamples
       19100000  -5947829.2784  -5948278.6687       449.3903 3m8s/Msamples
       19200000  -5947885.2231  -5948292.8353       407.6121 3m8s/Msamples
       19300000  -5947855.5058  -5948280.2569       424.7510 3m8s/Msamples
       19400000  -5947859.9452  -5948283.2577       423.3124 3m8s/Msamples
       19500000  -5947852.1185  -5948296.9284       444.8098 3m8s/Msamples
       19600000  -5947843.0019  -5948277.1830       434.1810 3m8s/Msamples
       19700000  -5947848.4722  -5948281.6173       433.1451 3m8s/Msamples
       19800000  -5947840.3699  -5948283.7815       443.4116 3m8s/Msamples
       19900000  -5947875.8160  -5948292.1550       416.3390 3m8s/Msamples
       20000000  -5947881.2220  -5948300.4946       419.2726 3m8s/Msamples
       20100000  -5947872.1437  -5948286.9842       414.8404 3m8s/Msamples
       20200000  -5947849.2813  -5948279.1790       429.8976 3m8s/Msamples
       20300000  -5947873.4503  -5948284.6098       411.1595 3m8s/Msamples
       20400000  -5947851.9091  -5948285.6905       433.7814 3m8s/Msamples
       20500000  -5947833.2896  -5948281.1682       447.8786 3m8s/Msamples
       20600000  -5947854.8046  -5948283.7522       428.9475 3m8s/Msamples
       20700000  -5947851.1670  -5948286.1513       434.9842 3m8s/Msamples
       20800000  -5947851.3423  -5948284.9378       433.5955 3m8s/Msamples
       20900000  -5947854.3149  -5948285.9528       431.6378 3m8s/Msamples
       21000000  -5947867.9812  -5948291.9270       423.9457 3m8s/Msamples
       21100000  -5947869.9382  -5948282.0703       412.1321 3m8s/Msamples
       21200000  -5947855.0587  -5948283.3289       428.2701 3m8s/Msamples
       21300000  -5947859.2578  -5948276.9165       417.6586 3m8s/Msamples
       21400000  -5947853.3733  -5948279.1841       425.8107 3m8s/Msamples
       21500000  -5947886.0893  -5948302.4378       416.3484 3m8s/Msamples
       21600000  -5947901.1927  -5948282.7839       381.5912 3m8s/Msamples
       21700000  -5947870.5568  -5948293.7346       423.1777 3m8s/Msamples
       21800000  -5947837.0929  -5948276.1203       439.0273 3m8s/Msamples
       21900000  -5947847.4643  -5948294.1973       446.7330 3m8s/Msamples
       22000000  -5947828.0253  -5948276.4789       448.4536 3m8s/Msamples
       22100000  -5947848.6363  -5948284.3575       435.7211 3m7s/Msamples
       22200000  -5947885.6493  -5948283.6613       398.0119 3m7s/Msamples
       22300000  -5947836.4326  -5948282.5893       446.1566 3m7s/Msamples
       22400000  -5947853.3020  -5948288.8815       435.5795 3m7s/Msamples
       22500000  -5947861.9136  -5948281.2855       419.3718 3m7s/Msamples
       22600000  -5947858.9299  -5948287.0358       428.1059 3m7s/Msamples
       22700000  -5947879.1437  -5948280.9447       401.8010 3m7s/Msamples
       22800000  -5947856.1760  -5948282.2731       426.0970 3m7s/Msamples
       22900000  -5947874.6289  -5948281.1168       406.4878 3m7s/Msamples
       23000000  -5947867.9656  -5948281.6567       413.6911 3m7s/Msamples
       23100000  -5947845.7077  -5948287.5756       441.8678 3m7s/Msamples
       23200000  -5947852.2712  -5948280.2899       428.0187 3m7s/Msamples
       23300000  -5947851.8846  -5948279.9020       428.0174 3m7s/Msamples
       23400000  -5947852.1610  -5948280.2499       428.0889 3m7s/Msamples
       23500000  -5947880.2250  -5948296.8462       416.6211 3m7s/Msamples
       23600000  -5947862.5816  -5948281.1345       418.5528 3m7s/Msamples
       23700000  -5947879.3581  -5948283.3079       403.9497 3m7s/Msamples
       23800000  -5947879.8148  -5948296.1400       416.3251 3m7s/Msamples
       23900000  -5947914.6122  -5948279.4322       364.8200 3m7s/Msamples
       24000000  -5947897.0331  -5948280.1375       383.1043 3m7s/Msamples
       24100000  -5947880.5814  -5948299.5964       419.0150 3m7s/Msamples
       24200000  -5947856.1148  -5948282.9627       426.8479 3m7s/Msamples
       24300000  -5947853.7175  -5948284.2031       430.4855 3m7s/Msamples
       24400000  -5947858.9507  -5948288.7207       429.7699 3m7s/Msamples
       24500000  -5947882.5609  -5948291.5978       409.0369 3m7s/Msamples
       24600000  -5947845.2828  -5948290.1904       444.9076 3m7s/Msamples
       24700000  -5947876.4094  -5948280.0133       403.6039 3m7s/Msamples
       24800000  -5947850.9061  -5948287.0041       436.0980 3m7s/Msamples
       24900000  -5947848.2584  -5948282.2048       433.9464 3m6s/Msamples
       25000000  -5947878.5573  -5948287.5708       409.0134 3m6s/Msamples
       25100000  -5947859.7280  -5948293.1293       433.4013 3m6s/Msamples
       25200000  -5947865.2462  -5948287.2133       421.9670 3m6s/Msamples
       25300000  -5947852.2185  -5948283.0292       430.8106 3m6s/Msamples
       25400000  -5947844.2801  -5948289.5410       445.2609 3m6s/Msamples
       25500000  -5947866.1082  -5948291.3929       425.2846 3m6s/Msamples
       25600000  -5947853.5449  -5948291.9988       438.4538 3m6s/Msamples
       25700000  -5947858.6221  -5948282.0172       423.3950 3m6s/Msamples
       25800000  -5947864.2456  -5948277.8470       413.6014 3m6s/Msamples
       25900000  -5947867.9951  -5948292.0681       424.0729 3m6s/Msamples
       26000000  -5947893.1836  -5948283.5868       390.4032 3m6s/Msamples
       26100000  -5947861.5890  -5948299.7048       438.1158 3m6s/Msamples
       26200000  -5947922.0578  -5948292.3191       370.2612 3m6s/Msamples
       26300000  -5947843.9516  -5948291.8719       447.9203 3m6s/Msamples
       26400000  -5947842.1456  -5948278.9176       436.7720 3m6s/Msamples
       26500000  -5947861.2714  -5948292.1262       430.8547 3m6s/Msamples
       26600000  -5947886.3640  -5948296.0996       409.7356 3m6s/Msamples
       26700000  -5947866.1788  -5948285.5761       419.3973 3m6s/Msamples
       26800000  -5947858.2232  -5948286.6206       428.3974 3m6s/Msamples
       26900000  -5947894.0517  -5948284.1939       390.1421 3m6s/Msamples
       27000000  -5947852.6560  -5948275.1074       422.4514 3m6s/Msamples
       27100000  -5947856.2329  -5948285.5185       429.2856 3m6s/Msamples
       27200000  -5947851.9634  -5948295.0482       443.0848 3m6s/Msamples
       27300000  -5947869.6912  -5948286.9704       417.2792 3m6s/Msamples
       27400000  -5947865.2181  -5948281.1435       415.9254 3m6s/Msamples
       27500000  -5947904.7385  -5948292.9831       388.2445 3m6s/Msamples
       27600000  -5947882.4835  -5948285.9935       403.5099 3m6s/Msamples
       27700000  -5947838.2380  -5948278.8364       440.5983 3m6s/Msamples
       27800000  -5947879.3766  -5948288.9639       409.5872 3m5s/Msamples
       27900000  -5947843.7478  -5948275.1182       431.3704 3m5s/Msamples
       28000000  -5947852.7282  -5948288.0101       435.2819 3m5s/Msamples
       28100000  -5947853.3616  -5948286.4555       433.0939 3m5s/Msamples
       28200000  -5947823.5368  -5948278.2054       454.6685 3m5s/Msamples
       28300000  -5947860.9114  -5948288.4667       427.5552 3m5s/Msamples
       28400000  -5947854.9255  -5948286.3400       431.4145 3m5s/Msamples
       28500000  -5947855.4253  -5948281.7805       426.3552 3m5s/Msamples
       28600000  -5947846.0592  -5948284.1613       438.1020 3m5s/Msamples
       28700000  -5947855.5625  -5948284.9289       429.3664 3m5s/Msamples
       28800000  -5947871.9626  -5948292.2747       420.3120 3m5s/Msamples
       28900000  -5947841.7273  -5948280.6815       438.9541 3m5s/Msamples
       29000000  -5947865.3201  -5948279.4553       414.1352 3m5s/Msamples
       29100000  -5947853.0566  -5948295.1915       442.1349 3m5s/Msamples
       29200000  -5947864.1750  -5948275.4510       411.2759 3m5s/Msamples
       29300000  -5947857.2088  -5948281.6973       424.4885 3m5s/Msamples
       29400000  -5947856.1966  -5948278.3548       422.1581 3m5s/Msamples
       29500000  -5947826.9781  -5948271.9641       444.9859 3m5s/Msamples
       29600000  -5947838.1645  -5948287.5655       449.4010 3m5s/Msamples
       29700000  -5947852.2111  -5948277.9410       425.7298 3m5s/Msamples
       29800000  -5947859.1615  -5948286.6461       427.4845 3m5s/Msamples
       29900000  -5947863.2430  -5948292.6041       429.3610 3m5s/Msamples
       30000000  -5947889.4089  -5948275.1508       385.7419 3m5s/Msamples
       30100000  -5947879.4301  -5948284.9075       405.4773 3m5s/Msamples
       30200000  -5947869.6654  -5948280.8529       411.1874 3m5s/Msamples
       30300000  -5947879.5794  -5948286.6934       407.1139 3m5s/Msamples
       30400000  -5947870.9388  -5948280.2865       409.3476 3m5s/Msamples
       30500000  -5947914.9027  -5948289.6169       374.7142 3m5s/Msamples
       30600000  -5947866.8039  -5948296.9284       430.1245 3m5s/Msamples
       30700000  -5947836.4235  -5948279.2394       442.8158 3m5s/Msamples
       30800000  -5947847.1632  -5948289.5071       442.3439 3m5s/Msamples
       30900000  -5947869.7552  -5948280.2056       410.4504 3m5s/Msamples
       31000000  -5947857.4839  -5948286.2658       428.7819 3m5s/Msamples
       31100000  -5947834.6678  -5948285.7180       451.0501 3m5s/Msamples
       31200000  -5947847.7546  -5948294.4928       446.7382 3m5s/Msamples
       31300000  -5947852.9357  -5948282.5681       429.6324 3m5s/Msamples
       31400000  -5947853.0108  -5948272.4051       419.3943 3m5s/Msamples
       31500000  -5947859.8192  -5948290.7285       430.9092 3m5s/Msamples
       31600000  -5947853.6427  -5948283.7949       430.1522 3m5s/Msamples
       31700000  -5947840.8412  -5948281.3430       440.5017 3m5s/Msamples
       31800000  -5947862.0161  -5948282.0212       420.0051 3m5s/Msamples
       31900000  -5947870.2838  -5948297.4437       427.1598 3m5s/Msamples
       32000000  -5947858.4896  -5948294.7414       436.2517 3m5s/Msamples
       32100000  -5947839.3793  -5948288.7427       449.3633 3m5s/Msamples
       32200000  -5947861.9428  -5948289.8058       427.8630 3m5s/Msamples
       32300000  -5947881.6855  -5948289.0561       407.3706 3m5s/Msamples
       32400000  -5947847.2712  -5948281.9770       434.7058 3m5s/Msamples
       32500000  -5947834.3604  -5948279.0532       444.6928 3m5s/Msamples
       32600000  -5947874.4739  -5948287.0895       412.6156 3m5s/Msamples
       32700000  -5947859.8605  -5948283.6912       423.8306 3m5s/Msamples
       32800000  -5947846.6440  -5948283.2645       436.6204 3m5s/Msamples
       32900000  -5947851.1683  -5948280.5460       429.3777 3m5s/Msamples
       33000000  -5947862.3642  -5948289.0233       426.6591 3m5s/Msamples
       33100000  -5947862.4099  -5948288.0889       425.6789 3m5s/Msamples
       33200000  -5947919.7443  -5948292.7249       372.9806 3m5s/Msamples
       33300000  -5947854.0258  -5948288.4015       434.3757 3m5s/Msamples
       33400000  -5947894.6802  -5948286.8498       392.1695 3m5s/Msamples
       33500000  -5947862.1341  -5948284.7534       422.6193 3m5s/Msamples
       33600000  -5947840.9495  -5948279.7037       438.7541 3m4s/Msamples
       33700000  -5947872.0563  -5948288.2004       416.1440 3m4s/Msamples
       33800000  -5947851.2813  -5948278.0121       426.7308 3m4s/Msamples
       33900000  -5947843.6075  -5948275.8808       432.2732 3m4s/Msamples
       34000000  -5947867.7624  -5948299.2730       431.5105 3m4s/Msamples
       34100000  -5947866.4949  -5948294.6760       428.1810 3m4s/Msamples
       34200000  -5947880.6701  -5948296.3874       415.7173 3m4s/Msamples
       34300000  -5947859.9328  -5948279.9758       420.0430 3m4s/Msamples
       34400000  -5947872.1651  -5948289.3684       417.2032 3m4s/Msamples
       34500000  -5947835.1976  -5948281.8986       446.7010 3m4s/Msamples
       34600000  -5947851.1838  -5948284.7291       433.5453 3m4s/Msamples
       34700000  -5947889.4407  -5948284.7269       395.2861 3m4s/Msamples
       34800000  -5947883.2429  -5948289.4625       406.2195 3m4s/Msamples
       34900000  -5947885.3673  -5948284.0030       398.6357 3m4s/Msamples
       35000000  -5947836.2254  -5948278.5034       442.2780 3m4s/Msamples
       35100000  -5947837.0639  -5948280.1204       443.0565 3m4s/Msamples
       35200000  -5947873.9814  -5948300.5380       426.5565 3m4s/Msamples
       35300000  -5947867.4100  -5948297.0366       429.6266 3m4s/Msamples
       35400000  -5947855.8676  -5948281.4546       425.5869 3m4s/Msamples
       35500000  -5947862.9371  -5948288.7676       425.8304 3m4s/Msamples
       35600000  -5947858.7677  -5948281.8957       423.1280 3m4s/Msamples
       35700000  -5947872.0639  -5948290.0101       417.9461 3m3s/Msamples
       35800000  -5947851.9811  -5948288.5439       436.5628 3m3s/Msamples
       35900000  -5947897.9753  -5948287.0071       389.0317 3m3s/Msamples
       36000000  -5947878.1083  -5948272.0480       393.9397 3m3s/Msamples
       36100000  -5947873.0077  -5948282.2584       409.2506 3m3s/Msamples
       36200000  -5947889.7219  -5948290.9766       401.2546 3m3s/Msamples
       36300000  -5947876.0833  -5948295.7482       419.6649 3m3s/Msamples
       36400000  -5947879.8056  -5948288.8174       409.0117 3m3s/Msamples
       36500000  -5947914.5723  -5948280.4077       365.8353 3m3s/Msamples
       36600000  -5947863.5805  -5948278.4540       414.8734 3m3s/Msamples
       36700000  -5947855.6250  -5948293.7090       438.0839 3m3s/Msamples
       36800000  -5947858.4190  -5948299.9325       441.5135 3m3s/Msamples
       36900000  -5947891.5253  -5948286.9863       395.4610 3m3s/Msamples
       37000000  -5947850.2027  -5948284.2579       434.0552 3m3s/Msamples
       37100000  -5947899.4777  -5948285.2577       385.7800 3m3s/Msamples
       37200000  -5947851.8122  -5948284.5648       432.7525 3m3s/Msamples
       37300000  -5947885.4634  -5948294.7725       409.3090 3m3s/Msamples
       37400000  -5947877.8829  -5948296.2627       418.3797 3m3s/Msamples
       37500000  -5947871.9468  -5948286.4495       414.5026 3m3s/Msamples
       37600000  -5947884.0168  -5948286.2882       402.2714 3m4s/Msamples
       37700000  -5947888.5752  -5948277.4490       388.8737 3m4s/Msamples
       37800000  -5947898.6595  -5948276.9425       378.2830 3m4s/Msamples
       37900000  -5947861.4421  -5948292.9848       431.5427 3m4s/Msamples
       38000000  -5947889.6916  -5948299.7266       410.0350 3m4s/Msamples
       38100000  -5947841.4129  -5948278.0955       436.6825 3m4s/Msamples
       38200000  -5947866.2718  -5948293.2582       426.9864 3m4s/Msamples
       38300000  -5947864.9158  -5948282.0480       417.1321 3m4s/Msamples
       38400000  -5947906.8633  -5948294.8549       387.9916 3m4s/Msamples
       38500000  -5947845.6152  -5948283.9598       438.3445 3m4s/Msamples
       38600000  -5947886.3813  -5948293.5305       407.1492 3m4s/Msamples
       38700000  -5947881.0128  -5948283.4566       402.4437 3m4s/Msamples
       38800000  -5947860.2052  -5948274.5892       414.3840 3m4s/Msamples
       38900000  -5947909.7260  -5948284.1169       374.3909 3m4s/Msamples
       39000000  -5947885.2990  -5948290.3960       405.0970 3m4s/Msamples
       39100000  -5947875.3028  -5948285.0242       409.7214 3m3s/Msamples
       39200000  -5947867.7597  -5948279.2913       411.5316 3m3s/Msamples
       39300000  -5947863.2678  -5948292.9690       429.7012 3m3s/Msamples
       39400000  -5947835.2628  -5948279.9453       444.6824 3m3s/Msamples
       39500000  -5947857.2677  -5948283.7584       426.4906 3m3s/Msamples
       39600000  -5947851.3256  -5948287.7697       436.4440 3m3s/Msamples
       39700000  -5947852.4166  -5948275.7961       423.3795 3m3s/Msamples
       39800000  -5947865.7592  -5948287.9099       422.1506 3m3s/Msamples
       39900000  -5947853.8463  -5948280.2275       426.3811 3m3s/Msamples
       40000000  -5947868.5539  -5948289.8134       421.2594 3m3s/Msamples
       40100000  -5947846.1433  -5948294.0418       447.8984 3m3s/Msamples
       40200000  -5947885.5744  -5948289.2308       403.6563 3m3s/Msamples
       40300000  -5947868.0215  -5948285.1528       417.1312 3m3s/Msamples
       40400000  -5947873.1532  -5948295.6657       422.5125 3m3s/Msamples
       40500000  -5947857.9051  -5948282.3334       424.4283 3m3s/Msamples
       40600000  -5947858.2244  -5948285.6951       427.4706 3m3s/Msamples
       40700000  -5947852.4246  -5948278.3163       425.8916 3m3s/Msamples
       40800000  -5947840.9368  -5948282.9037       441.9668 3m3s/Msamples
       40900000  -5947857.3698  -5948293.2931       435.9232 3m3s/Msamples
       41000000  -5947843.3926  -5948284.1064       440.7137 3m3s/Msamples
       41100000  -5947845.5796  -5948284.8799       439.3003 3m3s/Msamples
       41200000  -5947864.0923  -5948279.5766       415.4842 3m3s/Msamples
       41300000  -5947853.2483  -5948285.5330       432.2847 3m3s/Msamples
       41400000  -5947885.7771  -5948290.3784       404.6013 3m3s/Msamples
       41500000  -5947874.5952  -5948291.3402       416.7450 3m3s/Msamples
       41600000  -5947887.1555  -5948291.7859       404.6304 3m3s/Msamples
       41700000  -5947892.0927  -5948286.8285       394.7358 3m3s/Msamples
       41800000  -5947879.0901  -5948278.9995       399.9093 3m3s/Msamples
       41900000  -5947863.9463  -5948294.4704       430.5240 3m3s/Msamples
       42000000  -5947841.4468  -5948276.8587       435.4119 3m3s/Msamples
       42100000  -5947878.1766  -5948280.9217       402.7450 3m3s/Msamples
       42200000  -5947867.2836  -5948285.1868       417.9031 3m3s/Msamples
       42300000  -5947874.8286  -5948281.1473       406.3186 3m3s/Msamples
       42400000  -5947853.7820  -5948290.4704       436.6883 3m3s/Msamples
       42500000  -5947826.7568  -5948283.0194       456.2626 3m3s/Msamples
       42600000  -5947898.3927  -5948298.0153       399.6225 3m3s/Msamples
       42700000  -5947842.6722  -5948281.9153       439.2431 3m3s/Msamples
       42800000  -5947860.7609  -5948291.6163       430.8553 3m3s/Msamples
       42900000  -5947846.3726  -5948286.6134       440.2407 3m3s/Msamples
       43000000  -5947868.3307  -5948287.5639       419.2332 3m3s/Msamples
       43100000  -5947833.8233  -5948279.9868       446.1635 3m3s/Msamples
       43200000  -5947845.8082  -5948288.5011       442.6929 3m3s/Msamples
       43300000  -5947863.6840  -5948283.7935       420.1094 3m3s/Msamples
       43400000  -5947851.6133  -5948287.8579       436.2445 3m3s/Msamples
       43500000  -5947856.4458  -5948289.2226       432.7768 3m3s/Msamples
       43600000  -5947865.7745  -5948281.2723       415.4978 3m3s/Msamples
       43700000  -5947857.2491  -5948274.8316       417.5824 3m3s/Msamples
       43800000  -5947852.7067  -5948280.0058       427.2991 3m3s/Msamples
       43900000  -5947858.2374  -5948286.9770       428.7396 3m2s/Msamples
       44000000  -5947859.1137  -5948287.1996       428.0859 3m2s/Msamples
       44100000  -5947868.1877  -5948284.7766       416.5888 3m2s/Msamples
       44200000  -5947862.2355  -5948274.2981       412.0625 3m2s/Msamples
       44300000  -5947900.5128  -5948280.0120       379.4991 3m2s/Msamples
       44400000  -5947872.3382  -5948281.8805       409.5422 3m2s/Msamples
       44500000  -5947881.4332  -5948295.5365       414.1033 3m2s/Msamples
       44600000  -5947873.4348  -5948284.1372       410.7024 3m2s/Msamples
       44700000  -5947839.9087  -5948278.3176       438.4088 3m2s/Msamples
       44800000  -5947859.3253  -5948286.5814       427.2561 3m2s/Msamples
       44900000  -5947859.6494  -5948293.2381       433.5886 3m2s/Msamples
       45000000  -5947874.0992  -5948294.4998       420.4005 3m2s/Msamples
       45100000  -5947870.1463  -5948276.7137       406.5674 3m2s/Msamples
       45200000  -5947859.3067  -5948288.1745       428.8677 3m2s/Msamples
       45300000  -5947856.3595  -5948284.9007       428.5412 3m2s/Msamples
       45400000  -5947874.9084  -5948291.1703       416.2618 3m2s/Msamples
       45500000  -5947846.5710  -5948284.5526       437.9815 3m2s/Msamples
       45600000  -5947845.3781  -5948296.4038       451.0256 3m2s/Msamples
       45700000  -5947847.5905  -5948278.9446       431.3540 3m2s/Msamples
       45800000  -5947854.3831  -5948295.9361       441.5530 3m2s/Msamples
       45900000  -5947866.4076  -5948281.9803       415.5727 3m2s/Msamples
       46000000  -5947858.7451  -5948289.0835       430.3383 3m2s/Msamples
       46100000  -5947861.1933  -5948285.6441       424.4507 3m2s/Msamples
       46200000  -5947851.0810  -5948279.0546       427.9736 3m2s/Msamples
       46300000  -5947865.8590  -5948283.1712       417.3121 3m2s/Msamples
       46400000  -5947894.5057  -5948286.7150       392.2093 3m2s/Msamples
       46500000  -5947887.6352  -5948266.2235       378.5883 3m2s/Msamples
       46600000  -5947875.0428  -5948288.4111       413.3682 3m2s/Msamples
       46700000  -5947836.1550  -5948268.7616       432.6066 3m2s/Msamples
       46800000  -5947877.9929  -5948279.6582       401.6652 3m2s/Msamples
       46900000  -5947858.9453  -5948281.3467       422.4013 3m2s/Msamples
       47000000  -5947846.0828  -5948269.1381       423.0552 3m2s/Msamples
       47100000  -5947854.7358  -5948287.6420       432.9061 3m2s/Msamples
       47200000  -5947868.8315  -5948289.7961       420.9645 3m2s/Msamples
       47300000  -5947871.7209  -5948286.1188       414.3979 3m2s/Msamples
       47400000  -5947873.4515  -5948294.1583       420.7067 3m2s/Msamples
       47500000  -5947844.5309  -5948288.7305       444.1995 3m2s/Msamples
       47600000  -5947871.2737  -5948296.2048       424.9310 3m2s/Msamples
       47700000  -5947864.1099  -5948281.2875       417.1775 3m2s/Msamples
       47800000  -5947860.3169  -5948278.7083       418.3913 3m2s/Msamples
       47900000  -5947903.6435  -5948297.6396       393.9961 3m2s/Msamples
       48000000  -5947864.8443  -5948285.5901       420.7458 3m2s/Msamples
       48100000  -5947857.8889  -5948282.3402       424.4513 3m2s/Msamples
       48200000  -5947854.1673  -5948291.1014       436.9341 3m1s/Msamples
       48300000  -5947884.1175  -5948294.6475       410.5300 3m1s/Msamples
       48400000  -5947863.5356  -5948290.8911       427.3555 3m1s/Msamples
       48500000  -5947876.2757  -5948285.7352       409.4595 3m1s/Msamples
       48600000  -5947861.2674  -5948301.9132       440.6458 3m1s/Msamples
       48700000  -5947845.2912  -5948292.6466       447.3554 3m1s/Msamples
       48800000  -5947864.9862  -5948291.5567       426.5705 3m1s/Msamples
       48900000  -5947841.9240  -5948278.3366       436.4125 3m1s/Msamples
       49000000  -5947848.4508  -5948292.3518       443.9009 3m1s/Msamples
       49100000  -5947842.0160  -5948296.7774       454.7613 3m1s/Msamples
       49200000  -5947860.9282  -5948282.7103       421.7820 3m1s/Msamples
       49300000  -5947879.8221  -5948292.4831       412.6609 3m1s/Msamples
       49400000  -5947912.4971  -5948292.7893       380.2921 3m1s/Msamples
       49500000  -5947930.9820  -5948299.1060       368.1239 3m1s/Msamples
       49600000  -5947901.5611  -5948284.3895       382.8283 3m1s/Msamples
       49700000  -5947858.9181  -5948286.4592       427.5411 3m1s/Msamples
       49800000  -5947903.7353  -5948278.5582       374.8228 3m1s/Msamples
       49900000  -5947855.7279  -5948273.7000       417.9721 3m1s/Msamples
       50000000  -5947851.3023  -5948282.5135       431.2111 3m1s/Msamples
       50100000  -5947836.4044  -5948284.1264       447.7220 3m1s/Msamples
       50200000  -5947846.7934  -5948282.7930       435.9995 3m1s/Msamples
       50300000  -5947854.1658  -5948279.5532       425.3874 3m1s/Msamples
       50400000  -5947830.7175  -5948273.7149       442.9974 3m1s/Msamples
       50500000  -5947864.3488  -5948289.5215       425.1726 3m1s/Msamples
       50600000  -5947864.6267  -5948273.1832       408.5564 3m1s/Msamples
       50700000  -5947858.1492  -5948279.8491       421.6999 3m1s/Msamples
       50800000  -5947863.6985  -5948286.8209       423.1224 3m1s/Msamples
       50900000  -5947841.4056  -5948278.1824       436.7767 3m1s/Msamples
       51000000  -5947865.6536  -5948287.2286       421.5749 3m1s/Msamples
       51100000  -5947865.3815  -5948289.4534       424.0719 3m1s/Msamples
       51200000  -5947880.0476  -5948290.7673       410.7196 3m1s/Msamples
       51300000  -5947858.0632  -5948273.8361       415.7728 3m1s/Msamples
       51400000  -5947863.6925  -5948281.4651       417.7725 3m1s/Msamples
       51500000  -5947870.0572  -5948285.3641       415.3069 3m1s/Msamples
       51600000  -5947854.3682  -5948286.3542       431.9860 3m1s/Msamples
       51700000  -5947867.9751  -5948281.0190       413.0439 3m1s/Msamples
       51800000  -5947900.5924  -5948305.5987       405.0062 3m1s/Msamples
       51900000  -5947867.8669  -5948280.0445       412.1775 3m1s/Msamples
       52000000  -5947843.3256  -5948281.6833       438.3577 3m1s/Msamples
       52100000  -5947856.7685  -5948290.1097       433.3412 3m1s/Msamples
       52200000  -5947858.4786  -5948288.1353       429.6567 3m1s/Msamples
       52300000  -5947883.8055  -5948290.8000       406.9944 3m1s/Msamples
       52400000  -5947851.5234  -5948286.0548       434.5314 3m1s/Msamples
       52500000  -5947861.0504  -5948291.7265       430.6761 3m1s/Msamples
       52600000  -5947859.4511  -5948286.6235       427.1723 3m1s/Msamples
       52700000  -5947882.4621  -5948281.9058       399.4437 3m1s/Msamples
       52800000  -5947876.6003  -5948287.9742       411.3738 3m1s/Msamples
       52900000  -5947875.0386  -5948278.7186       403.6800 3m1s/Msamples
       53000000  -5947880.8189  -5948288.2557       407.4367 3m1s/Msamples
       53100000  -5947894.3260  -5948278.9889       384.6629 3m1s/Msamples
       53200000  -5947867.8367  -5948291.7634       423.9267 3m0s/Msamples
       53300000  -5947842.4534  -5948289.3371       446.8836 3m0s/Msamples
       53400000  -5947855.1977  -5948287.9636       432.7659 3m0s/Msamples
       53500000  -5947852.8896  -5948287.9507       435.0611 3m0s/Msamples
       53600000  -5947850.4573  -5948283.6819       433.2245 3m0s/Msamples
       53700000  -5947876.4913  -5948294.7424       418.2511 3m0s/Msamples
       53800000  -5947862.8780  -5948284.2588       421.3808 3m0s/Msamples
       53900000  -5947871.5177  -5948301.4399       429.9221 3m0s/Msamples
       54000000  -5947853.6881  -5948274.8408       421.1526 3m0s/Msamples
       54100000  -5947871.5996  -5948293.0489       421.4493 3m0s/Msamples
       54200000  -5947857.3696  -5948303.0401       445.6705 3m0s/Msamples
       54300000  -5947890.5785  -5948282.4051       391.8265 3m0s/Msamples
       54400000  -5947841.3289  -5948284.1353       442.8063 3m0s/Msamples
       54500000  -5947898.1269  -5948281.9730       383.8461 3m0s/Msamples
       54600000  -5947875.2947  -5948297.5980       422.3032 3m0s/Msamples
       54700000  -5947873.4025  -5948286.8979       413.4953 3m0s/Msamples
       54800000  -5947853.8375  -5948290.5349       436.6973 3m0s/Msamples
       54900000  -5947875.7718  -5948280.9405       405.1687 3m0s/Msamples
       55000000  -5947880.3853  -5948286.1244       405.7391 3m0s/Msamples
       55100000  -5947861.0490  -5948286.6828       425.6338 3m0s/Msamples
       55200000  -5947893.7527  -5948281.2476       387.4948 3m0s/Msamples
       55300000  -5947885.9866  -5948282.4103       396.4236 3m0s/Msamples
       55400000  -5947883.1161  -5948297.3492       414.2331 3m0s/Msamples
       55500000  -5947815.4916  -5948270.3917       454.9000 3m0s/Msamples
       55600000  -5947844.1165  -5948280.4636       436.3471 3m0s/Msamples
       55700000  -5947863.3356  -5948284.5311       421.1955 3m0s/Msamples
       55800000  -5947867.7076  -5948274.5047       406.7971 3m0s/Msamples
       55900000  -5947867.9852  -5948284.1632       416.1779 3m0s/Msamples
       56000000  -5947874.3142  -5948294.0609       419.7466 3m0s/Msamples
       56100000  -5947868.4133  -5948284.2453       415.8320 3m2s/Msamples
       56200000  -5947866.0119  -5948274.0033       407.9913 3m3s/Msamples
       56300000  -5947869.7374  -5948288.5272       418.7897 3m3s/Msamples
       56400000  -5947882.3133  -5948278.4105       396.0972 3m4s/Msamples
       56500000  -5947877.9768  -5948276.5193       398.5424 3m4s/Msamples
       56600000  -5947869.7470  -5948295.7886       426.0415 3m4s/Msamples
       56700000  -5947864.7337  -5948289.9085       425.1748 3m4s/Msamples
       56800000  -5947875.2474  -5948284.6743       409.4268 3m4s/Msamples
       56900000  -5947830.8075  -5948278.2939       447.4863 3m4s/Msamples
       57000000  -5947853.3335  -5948282.9678       429.6343 3m4s/Msamples
       57100000  -5947866.2583  -5948291.7556       425.4972 3m4s/Msamples
       57200000  -5947840.8902  -5948283.4317       442.5415 3m4s/Msamples
       57300000  -5947859.2967  -5948275.9500       416.6533 3m4s/Msamples
       57400000  -5947874.3496  -5948298.9232       424.5736 3m4s/Msamples
       57500000  -5947845.7491  -5948293.3255       447.5763 3m4s/Msamples
       57600000  -5947842.7732  -5948278.6481       435.8748 3m4s/Msamples
       57700000  -5947861.2027  -5948286.5647       425.3620 3m4s/Msamples
       57800000  -5947882.8158  -5948290.7198       407.9040 3m4s/Msamples
       57900000  -5947879.6327  -5948295.9441       416.3113 3m4s/Msamples
       58000000  -5947872.5857  -5948288.3037       415.7180 3m4s/Msamples
       58100000  -5947885.7600  -5948292.0256       406.2656 3m3s/Msamples
       58200000  -5947854.3944  -5948280.7491       426.3546 3m3s/Msamples
       58300000  -5947860.8731  -5948283.1281       422.2549 3m3s/Msamples
       58400000  -5947872.4545  -5948285.1035       412.6490 3m3s/Msamples
       58500000  -5947853.1232  -5948273.0488       419.9256 3m3s/Msamples
       58600000  -5947851.7893  -5948284.0317       432.2423 3m3s/Msamples
       58700000  -5947851.4835  -5948289.2021       437.7185 3m3s/Msamples
       58800000  -5947869.9287  -5948281.0690       411.1402 3m3s/Msamples
       58900000  -5947868.7167  -5948285.8423       417.1255 3m3s/Msamples
       59000000  -5947871.8010  -5948293.0372       421.2361 3m3s/Msamples
       59100000  -5947846.2180  -5948287.8894       441.6714 3m3s/Msamples
       59200000  -5947843.8633  -5948278.9807       435.1174 3m3s/Msamples
       59300000  -5947892.2228  -5948282.9164       390.6935 3m3s/Msamples
       59400000  -5947879.5918  -5948276.6313       397.0395 3m3s/Msamples
       59500000  -5947844.8372  -5948276.5988       431.7615 3m3s/Msamples
       59600000  -5947854.5862  -5948288.4667       433.8805 3m3s/Msamples
       59700000  -5947854.6858  -5948280.1925       425.5067 3m3s/Msamples
       59800000  -5947845.2769  -5948279.3903       434.1134 3m3s/Msamples
       59900000  -5947863.2677  -5948289.9304       426.6627 3m3s/Msamples
       60000000  -5947872.2008  -5948297.9701       425.7693 3m3s/Msamples
       60100000  -5947852.9391  -5948283.3605       430.4213 3m3s/Msamples
       60200000  -5947867.5184  -5948289.3877       421.8693 3m3s/Msamples
       60300000  -5947868.5851  -5948280.6080       412.0228 3m3s/Msamples
       60400000  -5947855.8965  -5948286.8179       430.9213 3m3s/Msamples
       60500000  -5947847.1589  -5948282.6533       435.4944 3m3s/Msamples
       60600000  -5947837.6086  -5948281.6148       444.0061 3m3s/Msamples
       60700000  -5947861.7162  -5948296.3812       434.6650 3m3s/Msamples
       60800000  -5947870.0846  -5948287.7497       417.6651 3m3s/Msamples
       60900000  -5947869.8316  -5948284.3109       414.4792 3m3s/Msamples
       61000000  -5947862.1929  -5948283.4730       421.2801 3m3s/Msamples
       61100000  -5947860.6069  -5948292.9143       432.3074 3m3s/Msamples
       61200000  -5947859.4583  -5948284.8602       425.4018 3m3s/Msamples
       61300000  -5947871.8568  -5948309.1388       437.2820 3m3s/Msamples
       61400000  -5947832.9980  -5948274.8565       441.8585 3m3s/Msamples
       61500000  -5947865.0696  -5948292.3505       427.2809 3m3s/Msamples
       61600000  -5947877.8480  -5948278.2643       400.4162 3m3s/Msamples
       61700000  -5947895.9864  -5948288.2751       392.2887 3m3s/Msamples
       61800000  -5947874.4612  -5948282.9398       408.4785 3m3s/Msamples
       61900000  -5947868.4009  -5948284.1521       415.7511 3m3s/Msamples
       62000000  -5947852.7186  -5948287.4187       434.7000 3m3s/Msamples
       62100000  -5947845.1083  -5948291.5526       446.4442 3m3s/Msamples
       62200000  -5947865.2058  -5948289.4075       424.2016 3m3s/Msamples
       62300000  -5947833.7346  -5948279.3582       445.6235 3m3s/Msamples
       62400000  -5947849.2007  -5948292.5544       443.3537 3m3s/Msamples
       62500000  -5947865.7587  -5948289.0308       423.2720 3m3s/Msamples
       62600000  -5947860.6852  -5948292.6291       431.9438 3m3s/Msamples
       62700000  -5947859.3568  -5948289.8626       430.5058 3m3s/Msamples
       62800000  -5947860.0632  -5948306.1824       446.1192 3m3s/Msamples
       62900000  -5947864.9967  -5948290.0587       425.0620 3m3s/Msamples
       63000000  -5947855.9579  -5948281.9222       425.9642 3m3s/Msamples
       63100000  -5947863.9736  -5948288.9301       424.9564 3m2s/Msamples
       63200000  -5947880.5632  -5948298.4162       417.8530 3m2s/Msamples
       63300000  -5947883.3537  -5948294.1207       410.7669 3m2s/Msamples
       63400000  -5947869.3475  -5948293.1046       423.7570 3m2s/Msamples
       63500000  -5947850.0825  -5948290.2293       440.1468 3m2s/Msamples
       63600000  -5947840.7204  -5948276.4315       435.7110 3m2s/Msamples
       63700000  -5947877.1173  -5948299.4860       422.3687 3m2s/Msamples
       63800000  -5947834.4719  -5948282.5593       448.0873 3m2s/Msamples
       63900000  -5947870.3191  -5948295.1629       424.8437 3m2s/Msamples
       64000000  -5947856.4053  -5948285.2626       428.8573 3m2s/Msamples
       64100000  -5947842.6325  -5948286.3757       443.7432 3m2s/Msamples
       64200000  -5947871.7106  -5948293.9570       422.2463 3m2s/Msamples
       64300000  -5947890.1217  -5948284.7130       394.5912 3m2s/Msamples
       64400000  -5947859.8764  -5948282.0585       422.1821 3m2s/Msamples
       64500000  -5947880.7023  -5948289.4762       408.7738 3m2s/Msamples
       64600000  -5947894.5278  -5948283.2594       388.7315 3m2s/Msamples
       64700000  -5947881.7964  -5948280.1590       398.3626 3m2s/Msamples
       64800000  -5947889.8237  -5948289.6056       399.7818 3m2s/Msamples
       64900000  -5947876.7054  -5948292.1388       415.4334 3m2s/Msamples
       65000000  -5947882.2582  -5948281.3858       399.1276 3m2s/Msamples
       65100000  -5947889.9503  -5948296.7843       406.8339 3m2s/Msamples
       65200000  -5947873.2218  -5948290.6323       417.4104 3m2s/Msamples
       65300000  -5947902.7136  -5948291.2205       388.5069 3m2s/Msamples
       65400000  -5947874.1755  -5948275.2534       401.0778 3m2s/Msamples
       65500000  -5947878.6131  -5948276.6768       398.0637 3m2s/Msamples
       65600000  -5947869.3329  -5948283.8941       414.5612 3m2s/Msamples
       65700000  -5947861.5554  -5948290.2304       428.6749 3m2s/Msamples
       65800000  -5947879.6295  -5948291.3837       411.7542 3m2s/Msamples
       65900000  -5947873.1687  -5948287.9718       414.8031 3m2s/Msamples
       66000000  -5947899.7075  -5948274.7279       375.0203 3m2s/Msamples
       66100000  -5947892.5051  -5948277.0488       384.5437 3m2s/Msamples
       66200000  -5947866.1133  -5948296.7947       430.6814 3m2s/Msamples
       66300000  -5947836.0016  -5948276.5251       440.5235 3m2s/Msamples
       66400000  -5947847.7441  -5948283.5804       435.8363 3m2s/Msamples
       66500000  -5947833.1237  -5948276.1211       442.9973 3m2s/Msamples
       66600000  -5947831.3444  -5948283.7000       452.3555 3m2s/Msamples
       66700000  -5947828.9584  -5948283.7629       454.8044 3m2s/Msamples
       66800000  -5947867.1840  -5948292.2289       425.0449 3m2s/Msamples
       66900000  -5947861.4450  -5948307.1847       445.7397 3m2s/Msamples
       67000000  -5947859.9904  -5948284.1384       424.1479 3m2s/Msamples
       67100000  -5947855.7909  -5948287.3996       431.6087 3m2s/Msamples
       67200000  -5947830.3618  -5948280.6719       450.3101 3m2s/Msamples
       67300000  -5947850.3501  -5948281.5652       431.2150 3m2s/Msamples
       67400000  -5947839.3980  -5948286.2631       446.8650 3m2s/Msamples
       67500000  -5947867.9740  -5948287.9236       419.9496 3m2s/Msamples
       67600000  -5947876.8104  -5948285.4937       408.6833 3m2s/Msamples
       67700000  -5947871.4847  -5948277.4952       406.0104 3m2s/Msamples
       67800000  -5947881.4311  -5948286.7501       405.3189 3m2s/Msamples
       67900000  -5947879.6315  -5948272.2072       392.5757 3m2s/Msamples
       68000000  -5947898.6630  -5948300.4471       401.7841 3m2s/Msamples
       68100000  -5947859.9603  -5948277.7130       417.7527 3m2s/Msamples
       68200000  -5947854.5834  -5948286.1708       431.5874 3m2s/Msamples
       68300000  -5947856.5437  -5948291.7109       435.1671 3m2s/Msamples
       68400000  -5947859.3999  -5948294.3906       434.9906 3m2s/Msamples
       68500000  -5947842.7862  -5948283.8009       441.0146 3m2s/Msamples
       68600000  -5947844.2080  -5948281.2591       437.0510 3m2s/Msamples
       68700000  -5947854.0216  -5948285.1859       431.1642 3m2s/Msamples
       68800000  -5947861.8162  -5948281.1833       419.3670 3m2s/Msamples
       68900000  -5947844.9335  -5948277.5054       432.5719 3m2s/Msamples
       69000000  -5947924.5942  -5948297.1778       372.5836 3m2s/Msamples
       69100000  -5947855.4126  -5948285.7617       430.3490 3m3s/Msamples
       69200000  -5947858.4313  -5948285.0486       426.6173 3m3s/Msamples
       69300000  -5947853.5688  -5948286.8903       433.3215 3m3s/Msamples
       69400000  -5947847.8608  -5948293.7564       445.8955 3m3s/Msamples
       69500000  -5947857.0838  -5948286.8435       429.7597 3m3s/Msamples
       69600000  -5947865.4345  -5948287.0585       421.6239 3m3s/Msamples
       69700000  -5947854.9855  -5948281.5772       426.5917 3m3s/Msamples
       69800000  -5947878.8128  -5948279.1524       400.3395 3m3s/Msamples
       69900000  -5947869.0767  -5948279.9993       410.9226 3m4s/Msamples
       70000000  -5947873.4018  -5948282.6373       409.2354 3m4s/Msamples
       70100000  -5947868.4558  -5948281.2890       412.8331 3m4s/Msamples
       70200000  -5947850.1026  -5948287.5536       437.4510 3m4s/Msamples
       70300000  -5947855.5067  -5948287.0250       431.5182 3m4s/Msamples
       70400000  -5947861.3200  -5948277.5578       416.2378 3m4s/Msamples
       70500000  -5947864.2130  -5948287.5737       423.3607 3m4s/Msamples
       70600000  -5947850.6182  -5948283.0975       432.4792 3m4s/Msamples
       70700000  -5947848.9336  -5948282.0585       433.1248 3m5s/Msamples
       70800000  -5947846.2692  -5948277.1261       430.8569 3m5s/Msamples
       70900000  -5947866.4236  -5948295.6806       429.2570 3m5s/Msamples
       71000000  -5947870.1740  -5948291.2511       421.0771 3m5s/Msamples
       71100000  -5947845.5993  -5948277.4405       431.8411 3m5s/Msamples
       71200000  -5947859.5081  -5948281.5220       422.0138 3m5s/Msamples
       71300000  -5947842.1168  -5948278.4392       436.3224 3m5s/Msamples
       71400000  -5947854.7188  -5948282.0884       427.3695 3m5s/Msamples
       71500000  -5947850.5088  -5948287.0849       436.5760 3m5s/Msamples
       71600000  -5947835.2538  -5948280.4911       445.2373 3m6s/Msamples
       71700000  -5947859.7806  -5948286.0415       426.2609 3m6s/Msamples
       71800000  -5947871.1542  -5948285.9268       414.7725 3m6s/Msamples
       71900000  -5947839.3260  -5948284.0859       444.7599 3m6s/Msamples
       72000000  -5947875.3906  -5948281.6245       406.2339 3m6s/Msamples
       72100000  -5947874.1507  -5948290.2877       416.1369 3m6s/Msamples
       72200000  -5947871.1193  -5948289.5295       418.4102 3m6s/Msamples
       72300000  -5947864.3338  -5948285.3265       420.9927 3m6s/Msamples
       72400000  -5947862.3666  -5948281.4591       419.0925 3m6s/Msamples
       72500000  -5947868.9066  -5948295.6767       426.7700 3m6s/Msamples
       72600000  -5947834.9699  -5948280.2008       445.2309 3m6s/Msamples
       72700000  -5947866.4202  -5948298.3132       431.8929 3m6s/Msamples
       72800000  -5947848.1210  -5948284.5184       436.3974 3m6s/Msamples
       72900000  -5947851.0167  -5948277.7157       426.6990 3m6s/Msamples
       73000000  -5947852.7789  -5948278.8468       426.0679 3m6s/Msamples
       73100000  -5947868.9979  -5948291.6566       422.6586 3m6s/Msamples
       73200000  -5947860.1122  -5948270.7166       410.6044 3m6s/Msamples
       73300000  -5947888.2328  -5948287.1654       398.9326 3m6s/Msamples
       73400000  -5947885.9794  -5948282.6538       396.6743 3m6s/Msamples
       73500000  -5947867.6194  -5948280.3968       412.7773 3m6s/Msamples
       73600000  -5947884.5412  -5948289.1997       404.6584 3m6s/Msamples
       73700000  -5947863.9294  -5948278.8315       414.9020 3m7s/Msamples
       73800000  -5947871.7011  -5948283.8872       412.1861 3m7s/Msamples
       73900000  -5947864.6388  -5948284.0577       419.4189 3m7s/Msamples
       74000000  -5947866.7422  -5948281.4399       414.6977 3m7s/Msamples
       74100000  -5947857.3735  -5948278.0299       420.6563 3m7s/Msamples
       74200000  -5947895.8132  -5948287.1952       391.3820 3m7s/Msamples
       74300000  -5947881.5450  -5948293.6803       412.1353 3m7s/Msamples
       74400000  -5947850.5726  -5948293.1625       442.5898 3m7s/Msamples
       74500000  -5947851.7055  -5948283.6320       431.9265 3m7s/Msamples
       74600000  -5947889.2426  -5948304.2720       415.0294 3m8s/Msamples
       74700000  -5947859.2999  -5948284.4341       425.1342 3m8s/Msamples
       74800000  -5947840.5239  -5948291.6595       451.1356 3m8s/Msamples
       74900000  -5947878.6583  -5948284.5200       405.8617 3m8s/Msamples
       75000000  -5947827.0929  -5948283.8441       456.7511 3m8s/Msamples
       75100000  -5947856.7851  -5948296.4376       439.6524 3m8s/Msamples
       75200000  -5947892.6345  -5948281.1276       388.4930 3m9s/Msamples
       75300000  -5947873.1231  -5948286.9844       413.8612 3m9s/Msamples
       75400000  -5947858.3257  -5948283.5698       425.2440 3m9s/Msamples
       75500000  -5947844.6823  -5948282.5720       437.8896 3m9s/Msamples
       75600000  -5947842.9835  -5948291.6688       448.6852 3m9s/Msamples
       75700000  -5947859.0447  -5948281.0165       421.9718 3m9s/Msamples
       75800000  -5947880.1569  -5948285.9849       405.8279 3m10s/Msamples
       75900000  -5947851.3025  -5948284.7577       433.4551 3m10s/Msamples
       76000000  -5947864.4037  -5948285.2886       420.8848 3m10s/Msamples
       76100000  -5947865.9693  -5948295.3001       429.3307 3m10s/Msamples
       76200000  -5947870.7175  -5948277.6820       406.9645 3m10s/Msamples
       76300000  -5947869.8122  -5948276.3751       406.5628 3m10s/Msamples
       76400000  -5947857.8326  -5948276.9408       419.1082 3m10s/Msamples
       76500000  -5947855.9090  -5948284.0813       428.1722 3m10s/Msamples
       76600000  -5947835.9880  -5948282.5126       446.5245 3m10s/Msamples
       76700000  -5947860.7256  -5948281.9620       421.2364 3m10s/Msamples
       76800000  -5947855.3991  -5948290.4290       435.0298 3m10s/Msamples
       76900000  -5947884.6852  -5948291.3943       406.7091 3m11s/Msamples
       77000000  -5947862.1565  -5948277.5535       415.3969 3m11s/Msamples
       77100000  -5947844.9061  -5948287.4220       442.5159 3m11s/Msamples
       77200000  -5947859.3321  -5948284.6756       425.3434 3m11s/Msamples
       77300000  -5947855.6134  -5948288.3880       432.7745 3m11s/Msamples
       77400000  -5947864.7812  -5948288.5864       423.8051 3m11s/Msamples
       77500000  -5947882.5357  -5948288.5282       405.9925 3m11s/Msamples
       77600000  -5947850.9311  -5948283.3645       432.4334 3m11s/Msamples
       77700000  -5947874.8417  -5948282.3977       407.5560 3m12s/Msamples
       77800000  -5947869.2104  -5948296.7072       427.4967 3m12s/Msamples
       77900000  -5947834.2621  -5948284.5385       450.2764 3m12s/Msamples
       78000000  -5947860.1711  -5948292.1868       432.0156 3m12s/Msamples
       78100000  -5947911.8013  -5948289.0370       377.2357 3m12s/Msamples
       78200000  -5947864.0979  -5948286.5139       422.4160 3m12s/Msamples
       78300000  -5947901.6627  -5948287.9703       386.3075 3m12s/Msamples
       78400000  -5947855.3716  -5948288.8623       433.4907 3m12s/Msamples
       78500000  -5947863.9286  -5948274.2759       410.3473 3m12s/Msamples
       78600000  -5947881.1055  -5948298.5269       417.4214 3m13s/Msamples
       78700000  -5947863.1129  -5948296.3048       433.1919 3m13s/Msamples
       78800000  -5947857.4996  -5948291.7039       434.2043 3m13s/Msamples
       78900000  -5947858.6946  -5948284.6064       425.9117 3m13s/Msamples
       79000000  -5947826.2619  -5948282.4283       456.1664 3m13s/Msamples
       79100000  -5947864.7179  -5948284.4110       419.6930 3m13s/Msamples
       79200000  -5947857.4951  -5948279.5629       422.0678 3m13s/Msamples
       79300000  -5947848.9503  -5948281.4334       432.4830 3m13s/Msamples
       79400000  -5947834.2502  -5948272.8650       438.6148 3m13s/Msamples
       79500000  -5947869.1445  -5948291.0407       421.8962 3m14s/Msamples
       79600000  -5947878.3342  -5948278.5803       400.2461 3m14s/Msamples
       79700000  -5947852.4796  -5948281.3582       428.8785 3m14s/Msamples
       79800000  -5947859.6277  -5948285.3780       425.7502 3m14s/Msamples
       79900000  -5947844.4239  -5948284.2279       439.8039 3m14s/Msamples
       80000000  -5947861.8208  -5948291.9289       430.1081 3m14s/Msamples
       80100000  -5947837.3706  -5948276.9850       439.6144 3m14s/Msamples
       80200000  -5947857.9837  -5948274.1372       416.1534 3m14s/Msamples
       80300000  -5947841.1811  -5948278.5418       437.3607 3m14s/Msamples
       80400000  -5947865.5775  -5948291.2435       425.6659 3m15s/Msamples
       80500000  -5947849.7148  -5948275.6259       425.9111 3m15s/Msamples
       80600000  -5947855.8026  -5948289.0373       433.2347 3m15s/Msamples
       80700000  -5947850.1628  -5948275.0843       424.9214 3m15s/Msamples
       80800000  -5947870.4182  -5948297.1949       426.7767 3m15s/Msamples
       80900000  -5947858.0212  -5948290.7518       432.7305 3m15s/Msamples
       81000000  -5947873.0865  -5948281.6497       408.5632 3m15s/Msamples
       81100000  -5947852.5934  -5948275.1725       422.5790 3m15s/Msamples
       81200000  -5947881.0492  -5948290.5330       409.4837 3m16s/Msamples
       81300000  -5947912.7470  -5948275.1373       362.3903 3m16s/Msamples
       81400000  -5947867.5111  -5948275.9161       408.4049 3m16s/Msamples
       81500000  -5947831.8032  -5948274.1245       442.3212 3m16s/Msamples
       81600000  -5947870.0221  -5948296.5350       426.5128 3m16s/Msamples
       81700000  -5947846.0950  -5948291.2744       445.1793 3m16s/Msamples
       81800000  -5947863.2839  -5948296.3025       433.0185 3m17s/Msamples
       81900000  -5947899.0315  -5948293.6054       394.5739 3m17s/Msamples
       82000000  -5947871.2792  -5948288.4345       417.1552 3m17s/Msamples
       82100000  -5947857.8695  -5948287.8464       429.9769 3m17s/Msamples
       82200000  -5947894.2000  -5948286.9865       392.7865 3m17s/Msamples
       82300000  -5947875.3610  -5948279.1599       403.7988 3m17s/Msamples
       82400000  -5947867.0647  -5948287.9248       420.8600 3m17s/Msamples
       82500000  -5947867.2917  -5948297.7457       430.4539 3m17s/Msamples
       82600000  -5947878.5295  -5948285.0468       406.5172 3m17s/Msamples
       82700000  -5947855.3567  -5948291.9789       436.6221 3m17s/Msamples
       82800000  -5947875.6212  -5948288.6983       413.0770 3m18s/Msamples
       82900000  -5947897.9662  -5948289.8026       391.8364 3m18s/Msamples
       83000000  -5947861.3016  -5948279.1249       417.8232 3m18s/Msamples
       83100000  -5947859.1508  -5948277.8967       418.7458 3m18s/Msamples
       83200000  -5947889.4824  -5948293.9028       404.4203 3m18s/Msamples
       83300000  -5947862.0557  -5948284.1644       422.1086 3m18s/Msamples
       83400000  -5947867.5230  -5948284.2561       416.7330 3m19s/Msamples
       83500000  -5947876.1782  -5948285.1844       409.0061 3m19s/Msamples
       83600000  -5947868.5305  -5948287.3983       418.8677 3m19s/Msamples
       83700000  -5947901.2533  -5948301.0937       399.8404 3m19s/Msamples
       83800000  -5947858.6442  -5948285.1206       426.4763 3m19s/Msamples
       83900000  -5947849.1564  -5948286.8133       437.6569 3m19s/Msamples
       84000000  -5947857.0328  -5948286.1436       429.1107 3m19s/Msamples
       84100000  -5947856.1226  -5948284.9632       428.8406 3m19s/Msamples
       84200000  -5947864.2019  -5948284.7676       420.5656 3m20s/Msamples
       84300000  -5947883.3269  -5948286.2977       402.9707 3m20s/Msamples
       84400000  -5947861.7148  -5948284.7476       423.0328 3m20s/Msamples
       84500000  -5947868.8226  -5948296.8292       428.0066 3m20s/Msamples
       84600000  -5947880.7605  -5948282.0681       401.3076 3m20s/Msamples
       84700000  -5947882.2403  -5948285.8941       403.6537 3m20s/Msamples
       84800000  -5947874.2559  -5948287.8099       413.5539 3m20s/Msamples
       84900000  -5947872.5882  -5948301.6811       429.0928 3m20s/Msamples
       85000000  -5947853.9246  -5948282.3566       428.4319 3m21s/Msamples
       85100000  -5947883.5129  -5948286.6400       403.1271 3m21s/Msamples
       85200000  -5947872.0693  -5948286.7305       414.6611 3m21s/Msamples
       85300000  -5947855.7669  -5948278.3981       422.6312 3m21s/Msamples
       85400000  -5947892.0697  -5948290.4169       398.3471 3m21s/Msamples
       85500000  -5947864.5834  -5948287.2319       422.6484 3m21s/Msamples
       85600000  -5947860.1402  -5948286.2857       426.1454 3m21s/Msamples
       85700000  -5947885.6141  -5948285.5870       399.9729 3m21s/Msamples
       85800000  -5947845.6712  -5948285.6892       440.0180 3m21s/Msamples
       85900000  -5947870.2521  -5948284.1656       413.9135 3m21s/Msamples
       86000000  -5947870.4936  -5948295.8304       425.3367 3m21s/Msamples
       86100000  -5947858.3337  -5948288.7380       430.4043 3m21s/Msamples
       86200000  -5947839.2626  -5948278.1425       438.8798 3m21s/Msamples
       86300000  -5947851.0642  -5948281.9001       430.8359 3m21s/Msamples
       86400000  -5947866.9833  -5948279.8934       412.9100 3m21s/Msamples
       86500000  -5947847.3367  -5948294.7918       447.4551 3m21s/Msamples
       86600000  -5947856.7965  -5948287.7198       430.9232 3m21s/Msamples
       86700000  -5947858.2521  -5948286.4739       428.2217 3m22s/Msamples
       86800000  -5947874.2035  -5948289.3084       415.1049 3m22s/Msamples
       86900000  -5947860.2059  -5948283.5763       423.3704 3m22s/Msamples
       87000000  -5947867.7642  -5948281.7327       413.9684 3m22s/Msamples
       87100000  -5947880.7296  -5948287.4623       406.7327 3m22s/Msamples
       87200000  -5947914.7125  -5948273.4511       358.7385 3m22s/Msamples
       87300000  -5947860.0064  -5948289.6301       429.6236 3m22s/Msamples
       87400000  -5947894.8931  -5948291.7660       396.8729 3m22s/Msamples
       87500000  -5947827.8657  -5948282.5951       454.7293 3m22s/Msamples
       87600000  -5947877.1679  -5948286.4758       409.3078 3m22s/Msamples
       87700000  -5947863.5723  -5948281.8270       418.2547 3m22s/Msamples
       87800000  -5947863.1653  -5948282.6915       419.5261 3m22s/Msamples
       87900000  -5947866.7135  -5948280.6312       413.9177 3m22s/Msamples
       88000000  -5947878.7789  -5948286.3887       407.6097 3m22s/Msamples
       88100000  -5947856.9956  -5948287.0016       430.0060 3m22s/Msamples
       88200000  -5947849.4192  -5948284.0507       434.6315 3m22s/Msamples
       88300000  -5947885.4687  -5948279.5902       394.1214 3m22s/Msamples
       88400000  -5947869.8278  -5948292.8318       423.0040 3m22s/Msamples
       88500000  -5947907.1577  -5948284.7718       377.6140 3m23s/Msamples
       88600000  -5947857.4703  -5948274.9214       417.4510 3m23s/Msamples
       88700000  -5947848.7183  -5948287.9823       439.2639 3m23s/Msamples
       88800000  -5947835.2928  -5948287.5306       452.2377 3m23s/Msamples
       88900000  -5947846.2215  -5948287.6560       441.4344 3m23s/Msamples
       89000000  -5947864.0369  -5948286.2599       422.2230 3m23s/Msamples
       89100000  -5947845.6037  -5948287.4704       441.8667 3m23s/Msamples
       89200000  -5947867.8234  -5948292.4647       424.6412 3m23s/Msamples
       89300000  -5947865.3482  -5948290.6741       425.3259 3m23s/Msamples
       89400000  -5947846.4774  -5948283.9288       437.4514 3m23s/Msamples
       89500000  -5947883.1813  -5948285.6000       402.4187 3m23s/Msamples
       89600000  -5947854.8223  -5948284.5850       429.7626 3m23s/Msamples
       89700000  -5947870.2007  -5948286.6685       416.4678 3m23s/Msamples
       89800000  -5947853.1165  -5948277.1238       424.0072 3m23s/Msamples
       89900000  -5947870.2126  -5948294.3707       424.1581 3m23s/Msamples
       90000000  -5947874.0125  -5948285.4294       411.4168 3m24s/Msamples
       90100000  -5947864.6173  -5948302.1272       437.5098 3m24s/Msamples
       90200000  -5947837.4119  -5948281.3988       443.9868 3m24s/Msamples
       90300000  -5947856.2692  -5948294.7315       438.4622 3m24s/Msamples
       90400000  -5947848.0559  -5948291.7115       443.6556 3m24s/Msamples
       90500000  -5947867.8235  -5948296.6047       428.7812 3m24s/Msamples
       90600000  -5947852.8470  -5948279.8504       427.0034 3m24s/Msamples
       90700000  -5947883.1215  -5948284.9385       401.8169 3m24s/Msamples
       90800000  -5947839.8931  -5948287.3749       447.4818 3m24s/Msamples
       90900000  -5947854.1377  -5948279.8755       425.7377 3m24s/Msamples
       91000000  -5947898.6119  -5948292.6887       394.0767 3m24s/Msamples
       91100000  -5947872.3618  -5948285.6616       413.2998 3m24s/Msamples
       91200000  -5947882.9087  -5948297.9379       415.0291 3m24s/Msamples
       91300000  -5947870.1187  -5948278.7744       408.6556 3m25s/Msamples
       91400000  -5947896.4367  -5948292.2023       395.7655 3m25s/Msamples
       91500000  -5947852.0990  -5948279.9697       427.8706 3m25s/Msamples
       91600000  -5947898.2794  -5948286.9823       388.7029 3m25s/Msamples
       91700000  -5947840.8538  -5948281.2544       440.4005 3m25s/Msamples
       91800000  -5947840.9327  -5948276.8248       435.8921 3m25s/Msamples
       91900000  -5947868.7827  -5948294.9367       426.1540 3m25s/Msamples
       92000000  -5947856.0853  -5948291.6918       435.6065 3m26s/Msamples
       92100000  -5947855.8336  -5948273.9592       418.1256 3m26s/Msamples
       92200000  -5947854.0868  -5948282.1923       428.1055 3m26s/Msamples
       92300000  -5947852.0025  -5948278.2714       426.2688 3m26s/Msamples
       92400000  -5947889.2296  -5948282.0916       392.8619 3m26s/Msamples
       92500000  -5947865.5004  -5948288.5472       423.0467 3m26s/Msamples
       92600000  -5947876.1253  -5948279.1771       403.0517 3m26s/Msamples
       92700000  -5947871.1018  -5948287.6288       416.5269 3m27s/Msamples
       92800000  -5947858.8277  -5948290.0963       431.2685 3m27s/Msamples
       92900000  -5947851.6458  -5948289.0678       437.4220 3m27s/Msamples
       93000000  -5947849.7601  -5948286.8415       437.0814 3m27s/Msamples
       93100000  -5947856.3867  -5948285.5231       429.1364 3m27s/Msamples
       93200000  -5947864.3786  -5948292.1032       427.7245 3m27s/Msamples
       93300000  -5947850.6210  -5948280.2559       429.6349 3m27s/Msamples
       93400000  -5947856.5697  -5948293.8251       437.2554 3m27s/Msamples
       93500000  -5947851.9065  -5948280.9056       428.9991 3m28s/Msamples
       93600000  -5947850.6807  -5948280.3928       429.7120 3m28s/Msamples
       93700000  -5947860.7065  -5948302.4692       441.7626 3m28s/Msamples
       93800000  -5947873.9846  -5948289.6426       415.6579 3m28s/Msamples
       93900000  -5947848.7981  -5948279.8085       431.0104 3m28s/Msamples
       94000000  -5947880.0729  -5948276.1066       396.0336 3m28s/Msamples
       94100000  -5947866.2797  -5948287.2977       421.0179 3m28s/Msamples
       94200000  -5947834.5651  -5948280.3494       445.7843 3m28s/Msamples
       94300000  -5947870.7845  -5948288.2157       417.4311 3m28s/Msamples
       94400000  -5947850.0345  -5948292.1045       442.0700 3m28s/Msamples
       94500000  -5947843.8222  -5948276.1475       432.3252 3m28s/Msamples
       94600000  -5947851.9084  -5948277.2904       425.3819 3m28s/Msamples
       94700000  -5947861.7329  -5948286.7396       425.0067 3m28s/Msamples
       94800000  -5947862.6351  -5948290.1692       427.5340 3m28s/Msamples
       94900000  -5947838.8460  -5948288.3161       449.4701 3m28s/Msamples
       95000000  -5947855.2876  -5948285.0434       429.7558 3m28s/Msamples
       95100000  -5947877.2929  -5948284.6740       407.3811 3m28s/Msamples
       95200000  -5947855.4921  -5948291.1847       435.6926 3m28s/Msamples
       95300000  -5947856.4745  -5948284.4047       427.9301 3m28s/Msamples
       95400000  -5947858.1695  -5948291.6011       433.4315 3m28s/Msamples
       95500000  -5947822.3754  -5948283.6989       461.3234 3m28s/Msamples
       95600000  -5947880.7117  -5948290.9557       410.2439 3m28s/Msamples
       95700000  -5947854.1707  -5948275.7926       421.6218 3m28s/Msamples
       95800000  -5947878.9838  -5948293.2287       414.2448 3m28s/Msamples
       95900000  -5947838.2165  -5948284.2300       446.0135 3m28s/Msamples
       96000000  -5947837.5473  -5948276.2351       438.6877 3m28s/Msamples
       96100000  -5947856.5837  -5948285.6076       429.0238 3m28s/Msamples
       96200000  -5947852.7679  -5948281.9621       429.1942 3m28s/Msamples
       96300000  -5947863.4533  -5948290.1549       426.7016 3m28s/Msamples
       96400000  -5947840.6403  -5948272.2276       431.5873 3m28s/Msamples
       96500000  -5947846.3933  -5948282.6547       436.2614 3m28s/Msamples
       96600000  -5947843.2732  -5948291.5246       448.2514 3m28s/Msamples
       96700000  -5947858.1091  -5948285.3036       427.1944 3m28s/Msamples
       96800000  -5947873.1798  -5948293.5017       420.3218 3m28s/Msamples
       96900000  -5947844.1668  -5948291.7264       447.5595 3m28s/Msamples
       97000000  -5947855.6679  -5948277.0569       421.3889 3m28s/Msamples
       97100000  -5947859.7784  -5948279.3021       419.5237 3m28s/Msamples
       97200000  -5947851.1443  -5948286.3488       435.2044 3m28s/Msamples
       97300000  -5947860.1730  -5948280.0677       419.8946 3m28s/Msamples
       97400000  -5947875.3594  -5948287.5648       412.2053 3m28s/Msamples
       97500000  -5947871.0665  -5948293.4661       422.3996 3m28s/Msamples
       97600000  -5947864.9838  -5948275.0321       410.0482 3m29s/Msamples
       97700000  -5947860.8389  -5948279.4524       418.6135 3m29s/Msamples
       97800000  -5947898.2457  -5948290.1839       391.9381 3m29s/Msamples
       97900000  -5947909.5871  -5948296.9477       387.3605 3m29s/Msamples
       98000000  -5947912.3500  -5948284.8026       372.4526 3m29s/Msamples
       98100000  -5947870.4878  -5948285.0872       414.5994 3m29s/Msamples
       98200000  -5947880.2730  -5948290.9158       410.6428 3m29s/Msamples
       98300000  -5947891.7277  -5948298.1543       406.4265 3m29s/Msamples
       98400000  -5947874.3736  -5948303.2089       428.8353 3m29s/Msamples
       98500000  -5947838.2535  -5948282.6541       444.4005 3m29s/Msamples
       98600000  -5947865.5759  -5948295.0093       429.4334 3m29s/Msamples
       98700000  -5947866.6446  -5948290.9506       424.3059 3m29s/Msamples
       98800000  -5947855.2440  -5948288.9237       433.6797 3m29s/Msamples
       98900000  -5947870.4275  -5948270.8559       400.4283 3m29s/Msamples
       99000000  -5947874.9713  -5948287.2981       412.3268 3m29s/Msamples
       99100000  -5947870.0085  -5948283.6916       413.6831 3m29s/Msamples
       99200000  -5947854.7353  -5948282.5765       427.8412 3m29s/Msamples
       99300000  -5947868.4427  -5948282.9833       414.5405 3m29s/Msamples
       99400000  -5947882.4817  -5948293.0344       410.5527 3m29s/Msamples
       99500000  -5947909.2048  -5948299.7603       390.5554 3m30s/Msamples
       99600000  -5947899.1967  -5948284.9805       385.7838 3m29s/Msamples
       99700000  -5947891.1562  -5948294.9647       403.8084 3m29s/Msamples
       99800000  -5947894.9625  -5948285.8303       390.8677 3m30s/Msamples
       99900000  -5947861.1356  -5948282.5755       421.4398 3m30s/Msamples
      100000000  -5947888.1510  -5948287.4069       399.2558 3m30s/Msamples

Operator                                                  Tuning    #accept    #reject      Pr(m)  Pr(acc|m)
DeltaExchangeOperator(FrequenciesExchanger.s:dna)        0.00310       7046      84963    0.00092    0.07658 Try setting delta to about 0.002
ScaleOperator(RateACScaler.s:dna)                        0.40654      22133      70080    0.00092    0.24002 
ScaleOperator(RateAGScaler.s:dna)                        0.50456      21405      70941    0.00092    0.23179 
ScaleOperator(RateATScaler.s:dna)                        0.35677      22554      69644    0.00092    0.24463 
ScaleOperator(RateCGScaler.s:dna)                        0.31448      23929      68242    0.00092    0.25962 
ScaleOperator(RateGTScaler.s:dna)                        0.46511      23428      68543    0.00092    0.25473 
ScaleOperator(CoalescentConstantTreeScaler.t:dna)        0.72393     618522    2146271    0.02762    0.22371 
ScaleOperator(CoalescentConstantTreeRootScaler.t:dna)    0.34233     338956    2424321    0.02762    0.12266 
Uniform(CoalescentConstantUniformOperator.t:dna)               -   13734383   13887988    0.27624    0.49722 
SubtreeSlide(CoalescentConstantSubtreeSlide.t:dna)       8.53029      29197   13789115    0.13812    0.00211 Try decreasing size to about 4.265
Exchange(CoalescentConstantNarrow.t:dna)                       -    3068528   10738500    0.13812    0.22224 
Exchange(CoalescentConstantWide.t:dna)                         -      19198    2743910    0.02762    0.00695 
WilsonBalding(CoalescentConstantWilsonBalding.t:dna)           -      20631    2738832    0.02762    0.00748 
ScaleOperator(PopSizeScaler.t:dna)                       0.43445     670650    2091684    0.02762    0.24278 
ScaleOperator(ucldStdevScaler.c:dna)                     0.86692     832324    1929550    0.02762    0.30136 
IntRandomWalkOperator(CategoriesRandomWalk.c:dna)              -    5703036    3500701    0.09208    0.61964 
SwapOperator(CategoriesSwapOperator.c:dna)                     -    2839291    6372392    0.09208    0.30823 
UniformOperator(CategoriesUniform.c:dna)                       -    4096866    5112247    0.09208    0.44487 

     Tuning: The value of the operator's tuning parameter, or '-' if the operator can't be optimized.
    #accept: The total number of times a proposal by this operator has been accepted.
    #reject: The total number of times a proposal by this operator has been rejected.
      Pr(m): The probability this operator is chosen in a step of the MCMC (i.e. the normalized weight).
  Pr(acc|m): The acceptance probability (#accept as a fraction of the total proposals for this operator).


Total calculation time: 21002.17 seconds
