2021-06-16 12:14:45,292 Reading the input fasta file: /2/scratch/keaton/plague-phylogeography/results/snippy_multi/all/chromosome/full/snippy-multi.snps.aln
2021-06-16 12:14:45,294 Reading alignment length...
2021-06-16 12:14:45,294 Alignment length: 483
2021-06-16 12:14:45,294 Reading alignment sample names...
2021-06-16 12:14:45,294 Number of samples: 50
2021-06-16 12:14:45,295 Analyzing alignment for sites with >=0.19999999999999996 samples with data...
2021-06-16 12:14:45,304 5% Complete
2021-06-16 12:14:45,316 10% Complete
2021-06-16 12:14:45,329 15% Complete
2021-06-16 12:14:45,343 20% Complete
2021-06-16 12:14:45,359 25% Complete
2021-06-16 12:14:45,377 30% Complete
2021-06-16 12:14:45,402 35% Complete
2021-06-16 12:14:45,444 40% Complete
2021-06-16 12:14:45,491 45% Complete
2021-06-16 12:14:45,534 50% Complete
2021-06-16 12:14:45,582 55% Complete
2021-06-16 12:14:45,638 60% Complete
2021-06-16 12:14:45,687 65% Complete
2021-06-16 12:14:45,752 70% Complete
2021-06-16 12:14:45,825 75% Complete
2021-06-16 12:14:45,919 80% Complete
2021-06-16 12:14:46,028 85% Complete
2021-06-16 12:14:46,119 90% Complete
2021-06-16 12:14:46,223 95% Complete
2021-06-16 12:14:46,337 100% Complete
2021-06-16 12:14:46,338 Creating the filtered multiple alignment..
2021-06-16 12:14:46,357 Writing to the output fasta file: /2/scratch/keaton/plague-phylogeography/results/snippy_multi/all/chromosome/full/filter80/snippy-multi.snps.aln
2021-06-16 12:14:46,358 Constant sites: 0 (0%)
2021-06-16 12:14:46,358 Parsimony informative sites: 238 (49%)
2021-06-16 12:14:46,358 Biallelic singleton sites: 245 (50%)
2021-06-16 12:14:46,358 Multiallelic singleton sites: 0 (0%)
2021-06-16 12:14:46,358 Pseudo singleton sites: 0 (0%)
2021-06-16 12:14:46,358 Total singleton sites: 245 (50%)
2021-06-16 12:14:46,358 Singleton sites passing missing data filter: 239
2021-06-16 12:14:46,358 Parsimony informative sites passing missing data filter: 235
2021-06-16 12:14:46,358 Filtered nucleotides: 23700
2021-06-16 12:14:46,358 Ambiguous nucleotides: 4536 (19%)
2021-06-16 12:14:46,358 Total sites passing missing data filter: 474
2021-06-16 12:14:46,358 Total sites failing missing data filter: 9
2021-06-16 12:14:46,358 Total nucleotides passing missing data filter: 23700
2021-06-16 12:14:46,358 Ambiguous nucleotides passing missing data filter: 4536
2021-06-16 12:14:46,358 Wrote a multi-fasta alignment of length: 474
