2021-04-18 11:31:09,294 Reading the input fasta file: /2/scratch/keaton/plague-phylogeography/results/snippy_multi/all/chromosome/prune/snippy-multi.snps.aln
2021-04-18 11:31:09,315 Reading alignment length...
2021-04-18 11:31:09,315 Alignment length: 26847
2021-04-18 11:31:09,315 Reading alignment sample names...
2021-04-18 11:31:09,315 Number of samples: 196
2021-04-18 11:31:09,316 Analyzing alignment for sites with >=0.95 samples with data...
2021-04-18 11:31:18,010 5% Complete
2021-04-18 11:31:42,988 10% Complete
2021-04-18 11:32:24,741 15% Complete
2021-04-18 11:32:53,399 20% Complete
2021-04-18 11:33:49,748 25% Complete
2021-04-18 11:34:45,935 30% Complete
2021-04-18 11:36:35,312 35% Complete
2021-04-18 11:38:30,271 40% Complete
2021-04-18 11:40:18,499 45% Complete
2021-04-18 11:42:32,313 50% Complete
2021-04-18 11:45:36,600 55% Complete
2021-04-18 11:49:03,077 60% Complete
2021-04-18 11:52:56,659 65% Complete
2021-04-18 11:56:38,903 70% Complete
2021-04-18 12:00:41,953 75% Complete
2021-04-18 12:05:46,214 80% Complete
2021-04-18 12:11:41,117 85% Complete
2021-04-18 12:17:51,911 90% Complete
2021-04-18 12:24:06,816 95% Complete
2021-04-18 12:30:50,889 100% Complete
2021-04-18 12:30:50,889 Creating the filtered multiple alignment..
2021-04-18 12:30:51,922 Writing to the output fasta file: /2/scratch/keaton/plague-phylogeography/results/snippy_multi/all/chromosome/prune/filter5/snippy-multi.snps.aln
2021-04-18 12:30:51,937 Parsimony informative sites: 15261 (56%)
2021-04-18 12:30:51,938 Biallelic singleton sites: 11538 (42%)
2021-04-18 12:30:51,938 Multiallelic singleton sites: 35 (0%)
2021-04-18 12:30:51,938 Pseudo singleton sites: 13 (0%)
2021-04-18 12:30:51,938 Total singleton sites: 11586 (43%)
2021-04-18 12:30:51,938 Singleton sites passing missing data filter: 8359
2021-04-18 12:30:51,938 Parsimony informative sites passing missing data filter: 11620
2021-04-18 12:30:51,938 Total sites passing missing data filter: 19979
2021-04-18 12:30:51,938 Total sites failing missing data filter: 6868
2021-04-18 12:30:51,938 Wrote a multi-fasta alignment of length: 19979
