2021-04-15 17:48:39,472 Reading the input fasta file: /2/scratch/keaton/plague-phylogeography/results/snippy_multi/all/chromosome/snippy-multi.snps.aln
2021-04-15 17:48:39,474 Reading alignment length...
2021-04-15 17:48:39,474 Alignment length: 2683
2021-04-15 17:48:39,474 Reading alignment sample names...
2021-04-15 17:48:39,474 Number of samples: 28
2021-04-15 17:48:39,474 Analyzing alignment for sites with >=0.95 samples with data...
2021-04-15 17:48:39,517 5% Complete
2021-04-15 17:48:39,583 10% Complete
2021-04-15 17:48:39,729 15% Complete
2021-04-15 17:48:39,934 20% Complete
2021-04-15 17:48:40,218 25% Complete
2021-04-15 17:48:40,667 30% Complete
2021-04-15 17:48:41,191 35% Complete
2021-04-15 17:48:41,870 40% Complete
2021-04-15 17:48:42,492 45% Complete
2021-04-15 17:48:42,959 50% Complete
2021-04-15 17:48:43,734 55% Complete
2021-04-15 17:48:44,588 60% Complete
2021-04-15 17:48:45,558 65% Complete
2021-04-15 17:48:46,205 70% Complete
2021-04-15 17:48:46,874 75% Complete
2021-04-15 17:48:47,598 80% Complete
2021-04-15 17:48:48,463 85% Complete
2021-04-15 17:48:49,347 90% Complete
2021-04-15 17:48:50,294 95% Complete
2021-04-15 17:48:51,320 100% Complete
2021-04-15 17:48:51,320 Creating the filtered multiple alignment..
2021-04-15 17:48:51,365 Writing to the output fasta file: /2/scratch/keaton/plague-phylogeography/results/snippy_multi/all/chromosome/filter5/snippy-multi.snps.aln
2021-04-15 17:48:51,366 Parsimony informative sites: 398 (14%)
2021-04-15 17:48:51,366 Biallelic singleton sites: 2280 (84%)
2021-04-15 17:48:51,367 Multiallelic singleton sites: 3 (0%)
2021-04-15 17:48:51,367 Pseudo singleton sites: 2 (0%)
2021-04-15 17:48:51,367 Total singleton sites: 2285 (85%)
2021-04-15 17:48:51,367 Singleton sites passing missing data filter: 1798
2021-04-15 17:48:51,367 Parsimony informative sites passing missing data filter: 315
2021-04-15 17:48:51,367 Total sites passing missing data filter: 2113
2021-04-15 17:48:51,367 Total sites failing missing data filter: 570
2021-04-15 17:48:51,367 Wrote a multi-fasta alignment of length: 2113
