2021-04-15 17:48:39,477 Reading the input fasta file: /2/scratch/keaton/plague-phylogeography/results/snippy_multi/all/chromosome/snippy-multi.snps.aln
2021-04-15 17:48:39,480 Reading alignment length...
2021-04-15 17:48:39,480 Alignment length: 2683
2021-04-15 17:48:39,480 Reading alignment sample names...
2021-04-15 17:48:39,480 Number of samples: 28
2021-04-15 17:48:39,480 Analyzing alignment for sites with >=0.98 samples with data...
2021-04-15 17:48:39,510 5% Complete
2021-04-15 17:48:39,549 10% Complete
2021-04-15 17:48:39,593 15% Complete
2021-04-15 17:48:39,627 20% Complete
2021-04-15 17:48:39,725 25% Complete
2021-04-15 17:48:39,890 30% Complete
2021-04-15 17:48:40,079 35% Complete
2021-04-15 17:48:40,300 40% Complete
2021-04-15 17:48:40,546 45% Complete
2021-04-15 17:48:40,725 50% Complete
2021-04-15 17:48:40,984 55% Complete
2021-04-15 17:48:41,268 60% Complete
2021-04-15 17:48:41,623 65% Complete
2021-04-15 17:48:42,017 70% Complete
2021-04-15 17:48:42,416 75% Complete
2021-04-15 17:48:42,884 80% Complete
2021-04-15 17:48:43,360 85% Complete
2021-04-15 17:48:43,925 90% Complete
2021-04-15 17:48:44,563 95% Complete
2021-04-15 17:48:45,171 100% Complete
2021-04-15 17:48:45,172 Creating the filtered multiple alignment..
2021-04-15 17:48:45,205 Writing to the output fasta file: /2/scratch/keaton/plague-phylogeography/results/snippy_multi/all/chromosome/filter2/snippy-multi.snps.aln
2021-04-15 17:48:45,206 Parsimony informative sites: 398 (14%)
2021-04-15 17:48:45,206 Biallelic singleton sites: 2280 (84%)
2021-04-15 17:48:45,206 Multiallelic singleton sites: 3 (0%)
2021-04-15 17:48:45,206 Pseudo singleton sites: 2 (0%)
2021-04-15 17:48:45,206 Total singleton sites: 2285 (85%)
2021-04-15 17:48:45,206 Singleton sites passing missing data filter: 1359
2021-04-15 17:48:45,206 Parsimony informative sites passing missing data filter: 226
2021-04-15 17:48:45,206 Total sites passing missing data filter: 1585
2021-04-15 17:48:45,206 Total sites failing missing data filter: 1098
2021-04-15 17:48:45,207 Wrote a multi-fasta alignment of length: 1585
