2021-04-15 17:48:39,474 Reading the input fasta file: /2/scratch/keaton/plague-phylogeography/results/snippy_multi/all/chromosome/snippy-multi.snps.aln
2021-04-15 17:48:39,476 Reading alignment length...
2021-04-15 17:48:39,476 Alignment length: 2683
2021-04-15 17:48:39,476 Reading alignment sample names...
2021-04-15 17:48:39,476 Number of samples: 28
2021-04-15 17:48:39,476 Analyzing alignment for sites with >=0.9299999999999999 samples with data...
2021-04-15 17:48:39,519 5% Complete
2021-04-15 17:48:39,586 10% Complete
2021-04-15 17:48:39,735 15% Complete
2021-04-15 17:48:39,943 20% Complete
2021-04-15 17:48:40,228 25% Complete
2021-04-15 17:48:40,680 30% Complete
2021-04-15 17:48:41,208 35% Complete
2021-04-15 17:48:41,890 40% Complete
2021-04-15 17:48:42,515 45% Complete
2021-04-15 17:48:42,986 50% Complete
2021-04-15 17:48:43,764 55% Complete
2021-04-15 17:48:44,622 60% Complete
2021-04-15 17:48:45,684 65% Complete
2021-04-15 17:48:46,638 70% Complete
2021-04-15 17:48:47,558 75% Complete
2021-04-15 17:48:48,491 80% Complete
2021-04-15 17:48:49,646 85% Complete
2021-04-15 17:48:50,836 90% Complete
2021-04-15 17:48:52,048 95% Complete
2021-04-15 17:48:53,225 100% Complete
2021-04-15 17:48:53,225 Creating the filtered multiple alignment..
2021-04-15 17:48:53,283 Writing to the output fasta file: /2/scratch/keaton/plague-phylogeography/results/snippy_multi/all/chromosome/filter7/snippy-multi.snps.aln
2021-04-15 17:48:53,284 Parsimony informative sites: 398 (14%)
2021-04-15 17:48:53,284 Biallelic singleton sites: 2280 (84%)
2021-04-15 17:48:53,284 Multiallelic singleton sites: 3 (0%)
2021-04-15 17:48:53,284 Pseudo singleton sites: 2 (0%)
2021-04-15 17:48:53,284 Total singleton sites: 2285 (85%)
2021-04-15 17:48:53,284 Singleton sites passing missing data filter: 1798
2021-04-15 17:48:53,284 Parsimony informative sites passing missing data filter: 315
2021-04-15 17:48:53,285 Total sites passing missing data filter: 2113
2021-04-15 17:48:53,285 Total sites failing missing data filter: 570
2021-04-15 17:48:53,285 Wrote a multi-fasta alignment of length: 2113
