2021-05-20 11:48:44,453 Reading the input fasta file: /2/scratch/keaton/plague-phylogeography/results/snippy_multi/all/chromosome/full/snippy-multi.snps.aln
2021-05-20 11:48:44,576 Reading alignment length...
2021-05-20 11:48:44,578 Alignment length: 33703
2021-05-20 11:48:44,578 Reading alignment sample names...
2021-05-20 11:48:44,580 Number of samples: 603
2021-05-20 11:48:44,581 Analyzing alignment for sites with >=0.97 samples with data...
2021-05-20 11:51:27,766 5% Complete
2021-05-20 11:57:36,120 10% Complete
2021-05-20 12:05:08,192 15% Complete
2021-05-20 12:09:21,679 20% Complete
2021-05-20 12:21:30,412 25% Complete
2021-05-20 12:30:21,540 30% Complete
2021-05-20 12:45:46,158 35% Complete
2021-05-20 13:03:18,557 40% Complete
2021-05-20 13:23:01,963 45% Complete
2021-05-20 13:42:20,587 50% Complete
2021-05-20 14:10:42,366 55% Complete
2021-05-20 14:36:09,633 60% Complete
2021-05-20 15:10:43,377 65% Complete
2021-05-20 15:44:18,665 70% Complete
2021-05-20 16:10:31,722 75% Complete
2021-05-20 16:54:06,512 80% Complete
2021-05-20 17:34:41,244 85% Complete
2021-05-20 18:23:14,439 90% Complete
2021-05-20 19:14:17,334 95% Complete
2021-05-20 20:05:54,314 100% Complete
2021-05-20 20:05:54,314 Creating the filtered multiple alignment..
2021-05-20 20:06:07,386 Writing to the output fasta file: /2/scratch/keaton/plague-phylogeography/results/snippy_multi/all/chromosome/full/filter3/snippy-multi.snps.aln
2021-05-20 20:06:07,540 Constant sites: 0 (0%)
2021-05-20 20:06:07,540 Parsimony informative sites: 17333 (51%)
2021-05-20 20:06:07,540 Biallelic singleton sites: 16246 (48%)
2021-05-20 20:06:07,540 Multiallelic singleton sites: 80 (0%)
2021-05-20 20:06:07,540 Pseudo singleton sites: 44 (0%)
2021-05-20 20:06:07,540 Total singleton sites: 16370 (48%)
2021-05-20 20:06:07,541 Singleton sites passing missing data filter: 11295
2021-05-20 20:06:07,541 Parsimony informative sites passing missing data filter: 12622
2021-05-20 20:06:07,541 Total sites passing missing data filter: 23917
2021-05-20 20:06:07,541 Total sites failing missing data filter: 9786
2021-05-20 20:06:07,541 Wrote a multi-fasta alignment of length: 23917
